Log file open, 01/27/18 19:31:41
LogInit:Display: Running engine for game: PGK
LogPlatformFile: Not using cached read wrapper
LogInit:Display: RandInit(-545871154) SRandInit(-545871154).
LogTaskGraph: Started task graph with 5 named threads and 8 total threads with 1 sets of task threads.
LogStats: Stats thread started at 0.109118
LogInit: Using libcurl 7.47.1
LogInit:  - built for x86_64-pc-win32
LogInit:  - supports SSL with OpenSSL/1.0.2g
LogInit:  - supports HTTP deflate (compression) using libz 1.2.8
LogInit:  - other features:
LogInit:      CURL_VERSION_SSL
LogInit:      CURL_VERSION_LIBZ
LogInit:      CURL_VERSION_IPV6
LogInit:      CURL_VERSION_ASYNCHDNS
LogInit:      CURL_VERSION_LARGEFILE
LogInit:      CURL_VERSION_IDN
LogInit:  CurlRequestOptions (configurable via config and command line):
LogInit:  - bVerifyPeer = false  - Libcurl will NOT verify peer certificate
LogInit:  - bUseHttpProxy = false  - Libcurl will NOT use HTTP proxy
LogInit:  - bDontReuseConnections = false  - Libcurl will reuse connections
LogInit:  - CertBundlePath = nullptr  - Libcurl will use whatever was configured at build time.
LogInit: Build: ++UE4+Release-4.16-CL-3561208
LogInit: Engine Version: 4.16.3-3561208+++UE4+Release-4.16
LogInit: Compatible Engine Version: 4.16.0-3452394+++UE4+Release-4.16
LogInit: Net CL: 3452394
LogDevObjectVersion: Number of dev versions registered: 16
LogDevObjectVersion:   Dev-Blueprints (B0D832E4-1F89-4F0D-ACCF-7EB736FD4AA2): 9
LogDevObjectVersion:   Dev-Build (E1C64328-A22C-4D53-A36C-8E866417BD8C): 0
LogDevObjectVersion:   Dev-Core (375EC13C-06E4-48FB-B500-84F0262A717E): 2
LogDevObjectVersion:   Dev-Editor (E4B068ED-F494-42E9-A231-DA0B2E46BB41): 17
LogDevObjectVersion:   Dev-Framework (CFFC743F-43B0-4480-9391-14DF171D2073): 23
LogDevObjectVersion:   Dev-Mobile (B02B49B5-BB20-44E9-A304-32B752E40360): 0
LogDevObjectVersion:   Dev-Networking (A4E4105C-59A1-49B5-A7C5-40C4547EDFEE): 0
LogDevObjectVersion:   Dev-Online (39C831C9-5AE6-47DC-9A44-9C173E1C8E7C): 0
LogDevObjectVersion:   Dev-Physics (78F01B33-EBEA-4F98-B9B4-84EACCB95AA2): 0
LogDevObjectVersion:   Dev-Platform (6631380F-2D4D-43E0-8009-CF276956A95A): 0
LogDevObjectVersion:   Dev-Rendering (12F88B9F-8875-4AFC-A67C-D90C383ABD29): 15
LogDevObjectVersion:   Dev-Sequencer (7B5AE74C-D270-4C10-A958-57980B212A5A): 4
LogDevObjectVersion:   Dev-VR (D7296918-1DD6-4BDD-9DE2-64A83CC13884): 0
LogDevObjectVersion:   Dev-LoadTimes (C2A15278-BFE7-4AFE-6C17-90FF531DF755): 1
LogDevObjectVersion:   Private-Geometry (6EACA3D4-40EC-4CC1-B786-8BED09428FC5): 1
LogDevObjectVersion:   Dev-AnimPhys (29E575DD-E0A3-4627-9D10-D276232CDCEA): 3
LogInit: Compiled (64-bit): Jul 28 2017 11:49:47
LogInit: Compiled with Visual C++: 19.00.24215.01
LogInit: Build Configuration: Development
LogInit: Branch Name: ++UE4+Release-4.16
LogInit: Command line:  
LogInit: Base directory: P:/silnik/UE_4.16/Engine/Binaries/Win64/
LogInit: Installed Engine Build: 1
LogInit: Presizing for max 8388607 objects, including 0 objects not considered by GC, pre-allocating 0 bytes for permanent pool.
LogInit: Object subsystem initialized
[2018.01.27-18.31.41:977][  0]LogInit: Selected Device Profile: [Windows]
[2018.01.27-18.31.41:977][  0]LogInit: Applying CVar settings loaded from the selected device profile: [Windows]
[2018.01.27-18.31.41:987][  0]LogInit: Computer: GROBKOMP
[2018.01.27-18.31.41:987][  0]LogInit: User: Robert
[2018.01.27-18.31.41:987][  0]LogInit: CPU Page size=4096, Cores=4
[2018.01.27-18.31.41:987][  0]LogInit: High frequency timer resolution =2.250000 MHz
[2018.01.27-18.31.41:988][  0]LogMemory: Memory total: Physical=7.9GB (8GB approx)
[2018.01.27-18.31.41:988][  0]LogMemory: Platform Memory Stats for Windows
[2018.01.27-18.31.41:988][  0]LogMemory: Process Physical Memory: 275.67 MB used, 275.67 MB peak
[2018.01.27-18.31.41:988][  0]LogMemory: Process Virtual Memory: 266.76 MB used, 266.76 MB peak
[2018.01.27-18.31.41:988][  0]LogMemory: Physical Memory: 4083.04 MB used,  4027.16 MB free, 8110.20 MB total
[2018.01.27-18.31.41:988][  0]LogMemory: Virtual Memory: 663.04 MB used,  4027.16 MB free, 134217728.00 MB total
[2018.01.27-18.31.42:054][  0]LogInit: Using OS detected language (pl-PL).
[2018.01.27-18.31.42:054][  0]LogInit: Using OS detected locale (pl-PL).
[2018.01.27-18.31.42:057][  0]LogTextLocalizationManager: No localization for 'pl-PL' exists, so 'en' will be used for the language.
[2018.01.27-18.31.42:058][  0]LogTextLocalizationManager: No localization for 'pl-PL' exists, so 'en' will be used for the locale.
[2018.01.27-18.31.43:129][  0]LogD3D11RHI: D3D11 adapters:
[2018.01.27-18.31.43:797][  0]LogD3D11RHI:    0. 'NVIDIA GeForce GTX 960M' (Feature Level 11_0)
[2018.01.27-18.31.43:797][  0]LogD3D11RHI:       2017/0/4055 MB DedicatedVideo/DedicatedSystem/SharedSystem, Outputs:1, VendorId:0x10de
[2018.01.27-18.31.43:808][  0]LogD3D11RHI:    1. 'Intel(R) HD Graphics 530' (Feature Level 11_0)
[2018.01.27-18.31.43:808][  0]LogD3D11RHI:       128/0/4055 MB DedicatedVideo/DedicatedSystem/SharedSystem, Outputs:0, VendorId:0x8086
[2018.01.27-18.31.43:811][  0]LogD3D11RHI:    2. 'Microsoft Basic Render Driver' (Feature Level 11_0)
[2018.01.27-18.31.43:811][  0]LogD3D11RHI:       0/0/4055 MB DedicatedVideo/DedicatedSystem/SharedSystem, Outputs:0, VendorId:0x1414
[2018.01.27-18.31.43:811][  0]LogD3D11RHI: Chosen D3D11 Adapter: 0
[2018.01.27-18.31.43:818][  0]LogD3D11RHI: Creating new Direct3DDevice
[2018.01.27-18.31.43:818][  0]LogD3D11RHI:     GPU DeviceId: 0x139b (for the marketing name, search the web for "GPU Device Id")
[2018.01.27-18.31.43:818][  0]LogWindows: EnumDisplayDevices:
[2018.01.27-18.31.43:819][  0]LogWindows:    0. 'Intel(R) HD Graphics 530' (P:1 D:1)
[2018.01.27-18.31.43:819][  0]LogWindows:    1. 'Intel(R) HD Graphics 530' (P:0 D:0)
[2018.01.27-18.31.43:819][  0]LogWindows:    2. 'Intel(R) HD Graphics 530' (P:0 D:0)
[2018.01.27-18.31.43:820][  0]LogWindows:    3. 'NVIDIA GeForce GTX 960M' (P:0 D:0)
[2018.01.27-18.31.43:820][  0]LogWindows:    4. 'NVIDIA GeForce GTX 960M' (P:0 D:0)
[2018.01.27-18.31.43:820][  0]LogWindows:    5. 'NVIDIA GeForce GTX 960M' (P:0 D:0)
[2018.01.27-18.31.43:820][  0]LogWindows:    6. 'NVIDIA GeForce GTX 960M' (P:0 D:0)
[2018.01.27-18.31.43:820][  0]LogWindows: DebugString: GetVideoDriverDetailsInvalid PrimaryIsNotTheChoosenAdapter GetVideoDriverDetailsInvalid PrimaryIsNotTheChoosenAdapter GetVideoDriverDetailsInvalid PrimaryIsNotTheChoosenAdapter GetVideoDriverDetailsInvalid PrimaryIsNotTheChoosenAdapter GetVideoDriverDetailsInvalid PrimaryIsNotTheChoosenAdapter GetVideoDriverDetailsInvalid PrimaryIsNotTheChoosenAdapter GetVideoDriverDetailsInvalid PrimaryIsNotTheChoosenAdapter FoundDriverCount:0 
[2018.01.27-18.31.43:820][  0]LogD3D11RHI:     Adapter Name: NVIDIA GeForce GTX 960M
[2018.01.27-18.31.43:820][  0]LogD3D11RHI:   Driver Version: Unknown (internal:Unknown, unified:Unknown)
[2018.01.27-18.31.43:820][  0]LogD3D11RHI:      Driver Date: Unknown
[2018.01.27-18.31.43:820][  0]LogRHI: Texture pool is 1361 MB (70% of 1945 MB)
[2018.01.27-18.31.44:461][  0]LogD3D11RHI: Async texture creation enabled
[2018.01.27-18.31.44:689][  0]LogD3D11RHI: GPU Timing Frequency: 1000.000000 (Debug: 2 1)
[2018.01.27-18.31.44:690][  0]LogShaderCompilers: Guid format shader working directory is 33 characters bigger than the processId version (I:/Projekt/PGK/Intermediate/Shaders/WorkingDirectory/8868/).
[2018.01.27-18.31.44:691][  0]LogShaderCompilers: Cleaned the shader compiler working directory 'C:/Users/Robert/AppData/Local/Temp/UnrealShaderWorkingDir/166909D041404DCE8BF77A86D0A5D2D5/'.
[2018.01.27-18.31.44:691][  0]LogShaderCompilers:Display: Using Local Shader Compiler.
[2018.01.27-18.31.46:040][  0]LogTemp:Display: Loaded TP AllDesktopTargetPlatform
[2018.01.27-18.31.46:091][  0]LogTemp:Display: Loaded TP MacClientTargetPlatform
[2018.01.27-18.31.46:138][  0]LogTemp:Display: Loaded TP MacNoEditorTargetPlatform
[2018.01.27-18.31.46:186][  0]LogTemp:Display: Loaded TP MacServerTargetPlatform
[2018.01.27-18.31.46:237][  0]LogTemp:Display: Loaded TP MacTargetPlatform
[2018.01.27-18.31.46:286][  0]LogTemp:Display: Loaded TP WindowsClientTargetPlatform
[2018.01.27-18.31.46:333][  0]LogTemp:Display: Loaded TP WindowsNoEditorTargetPlatform
[2018.01.27-18.31.46:382][  0]LogTemp:Display: Loaded TP WindowsServerTargetPlatform
[2018.01.27-18.31.46:426][  0]LogTemp:Display: Loaded TP WindowsTargetPlatform
[2018.01.27-18.31.46:476][  0]LogTemp:Display: Loaded TP AndroidTargetPlatform
[2018.01.27-18.31.46:523][  0]LogTemp:Display: Loaded TP Android_ASTCTargetPlatform
[2018.01.27-18.31.46:575][  0]LogTemp:Display: Loaded TP Android_ATCTargetPlatform
[2018.01.27-18.31.46:622][  0]LogTemp:Display: Loaded TP Android_DXTTargetPlatform
[2018.01.27-18.31.46:669][  0]LogTemp:Display: Loaded TP Android_ETC1TargetPlatform
[2018.01.27-18.31.46:717][  0]LogTemp:Display: Loaded TP Android_ETC2TargetPlatform
[2018.01.27-18.31.46:811][  0]LogTemp:Display: Loaded TP Android_MultiTargetPlatform
[2018.01.27-18.31.46:811][  0]LogTemp:Display: Loaded TP Android_PVRTCTargetPlatform
[2018.01.27-18.31.46:846][  0]LogTemp:Display: Loaded TP HTML5TargetPlatform
[2018.01.27-18.31.46:936][  0]LogTemp:Display: Loaded TP IOSTargetPlatform
[2018.01.27-18.31.46:967][  0]LogTemp:Display: Loaded TP TVOSTargetPlatform
[2018.01.27-18.31.47:014][  0]LogTemp:Display: Loaded TP LinuxClientTargetPlatform
[2018.01.27-18.31.47:060][  0]LogTemp:Display: Loaded TP LinuxNoEditorTargetPlatform
[2018.01.27-18.31.47:106][  0]LogTemp:Display: Loaded TP LinuxServerTargetPlatform
[2018.01.27-18.31.47:155][  0]LogTemp:Display: Loaded TP LinuxTargetPlatform
[2018.01.27-18.31.47:155][  0]LogTargetPlatformManager:Display: Building Assets For Windows
[2018.01.27-18.31.47:612][  0]LogDerivedDataCache:Display: Max Cache Size: 512 MB
[2018.01.27-18.31.47:733][  0]LogDerivedDataCache: Loaded boot cache 0.12s 88MB C:/Users/Robert/AppData/Local/UnrealEngine/4.16/DerivedDataCache/Boot.ddc.
[2018.01.27-18.31.47:733][  0]LogDerivedDataCache:Display: Loaded Boot cache: C:/Users/Robert/AppData/Local/UnrealEngine/4.16/DerivedDataCache/Boot.ddc
[2018.01.27-18.31.47:734][  0]LogDerivedDataCache: FDerivedDataBackendGraph:  Pak pak cache file I:/Projekt/PGK/DerivedDataCache/DDC.ddp not found, will not use a pak cache.
[2018.01.27-18.31.47:734][  0]LogDerivedDataCache: Unable to find inner node Pak for hierarchical cache Hierarchy.
[2018.01.27-18.31.47:734][  0]LogDerivedDataCache: FDerivedDataBackendGraph:  CompressedPak pak cache file I:/Projekt/PGK/DerivedDataCache/Compressed.ddp not found, will not use a pak cache.
[2018.01.27-18.31.47:734][  0]LogDerivedDataCache: Unable to find inner node CompressedPak for hierarchical cache Hierarchy.
[2018.01.27-18.31.47:754][  0]LogDerivedDataCache:Display: Pak cache opened for reading ../../../Engine/DerivedDataCache/Compressed.ddp.
[2018.01.27-18.31.47:767][  0]LogDerivedDataCache: Using Local data cache path C:/Users/Robert/AppData/Local/UnrealEngine/Common/DerivedDataCache: Writable
[2018.01.27-18.31.47:782][  0]LogMaterial: Verifying Global Shaders for PCD3D_SM5
[2018.01.27-18.31.47:782][  0]LogSlate: Using Freetype 2.6.0
[2018.01.27-18.31.47:783][  0]LogSlate: SlateFontCache - WITH_FREETYPE: 1, WITH_HARFBUZZ: 1
[2018.01.27-18.31.47:783][  0]LogSlate: SlateFontCache - WITH_FREETYPE: 1, WITH_HARFBUZZ: 1
[2018.01.27-18.31.48:154][  0]LogInit: Selected Device Profile: [Windows]
[2018.01.27-18.31.48:256][  0]LogContentStreaming: Texture pool size is 0.00 MB
[2018.01.27-18.31.48:419][  0]LogMeshUtilities: Using QuadricMeshReduction for automatic static mesh reduction
[2018.01.27-18.31.48:459][  0]LogSimplygon: Simplygon DLL not present - disabling.
[2018.01.27-18.31.48:505][  0]LogMeshUtilities: Using SimplygonSwarm for distributed automatic mesh merging
[2018.01.27-18.31.48:505][  0]LogMeshUtilities: No automatic skeletal mesh reduction module available
[2018.01.27-18.31.48:505][  0]LogMeshUtilities: No automatic mesh merging module available
[2018.01.27-18.31.49:146][  0]LogNetVersion: PGK , NetCL: 3452394, EngineNetVer: 2, GameNetVer: 0 (Checksum: 3392332418)
[2018.01.27-18.31.49:209][  0]LogAssetRegistry: FAssetRegistry took 0.0264 seconds to start up
[2018.01.27-18.31.49:245][  0]LogPackageLocalizationCache: Processed 4 localized package path(s) for 1 prioritized culture(s) in 0.017107 seconds
[2018.01.27-18.31.49:253][  0]LogUObjectArray: 34194 objects as part of root set at end of initial load.
[2018.01.27-18.31.49:253][  0]LogUObjectAllocator: 7260424 out of 0 bytes used by permanent object pool.
[2018.01.27-18.31.49:253][  0]LogUObjectArray: CloseDisregardForGC: 0/0 objects in disregard for GC pool
[2018.01.27-18.31.49:308][  0]LogInit: WinSock: version 1.1 (2.2), MaxSocks=32767, MaxUdp=65467
[2018.01.27-18.31.51:870][  0]LogTcpMessaging: Initializing TcpMessaging bridge
[2018.01.27-18.31.51:913][  0]LogUdpMessaging: Initializing bridge on interface 0.0.0.0:0 to multicast group 230.0.0.1:6666.
[2018.01.27-18.31.52:441][  0]LogMaterial: Uniform references updated for custom material expression Custom.
[2018.01.27-18.31.52:855][  0]SourceControl: Info Source control is disabled
[2018.01.27-18.31.52:857][  0]SourceControl: Info Source control is disabled
[2018.01.27-18.31.52:905][  0]SourceControl: Info Source control is disabled
[2018.01.27-18.31.52:952][  0]SourceControl: Info Source control is disabled
[2018.01.27-18.31.53:623][  0]LogAndroidPermission: UAndroidPermissionCallbackProxy::GetInstance
[2018.01.27-18.31.54:222][  0]LogEngine: Initializing Engine...
[2018.01.27-18.31.54:223][  0]LogHMD: Failed to initialize OpenVR with code 110
[2018.01.27-18.31.54:504][  0]LogStats: UGameplayTagsManager::ConstructGameplayTagTree: Construct from data asset -  0.000 s
[2018.01.27-18.31.54:504][  0]LogStats: UGameplayTagsManager::ConstructGameplayTagTree: GameplayTagTreeChangedEvent.Broadcast -  0.000 s
[2018.01.27-18.31.54:617][  0]LogAIModule: Creating AISystem for world Untitled
[2018.01.27-18.31.54:628][  0]LogInit: XAudio2 using 'Głośniki (Realtek High Definition Audio)' : 2 channels at 48 kHz using 32 bits per sample (channel mask 0x3)
[2018.01.27-18.31.54:705][  0]LogInit: FAudioDevice initialized.
[2018.01.27-18.31.54:774][  0]LogDerivedDataCache: Saved boot cache 0.07s 88MB C:/Users/Robert/AppData/Local/UnrealEngine/4.16/DerivedDataCache/Boot.ddc.
[2018.01.27-18.31.54:795][  0]LogInit: Texture streaming: Enabled
[2018.01.27-18.31.54:886][  0]LogEngineSessionManager: EngineSessionManager initialized
[2018.01.27-18.31.54:886][  0]LogEngineSessionManager: EngineSessionManager sent abnormal shutdown report. Type=AbnormalShutdown, SessionId={C3EE868B-46FF-4482-6611-679F933B4DF0}
[2018.01.27-18.31.55:099][  0]LogInit: Transaction tracking system initialized
[2018.01.27-18.31.55:388][  0]BlueprintLog: New page: Editor Load
[2018.01.27-18.31.56:251][  0]LocalizationService: Info Localization service is disabled
[2018.01.27-18.31.56:883][  0]LogConsoleResponse:Display: 
[2018.01.27-18.31.57:042][  0]LogCook:Display: Max memory allowance for cook 16384mb min free memory 0mb
[2018.01.27-18.31.57:042][  0]LogCook:Display: Mobile HDR setting 1
[2018.01.27-18.31.58:002][  0]LogFileCache: Scanning file cache for directory 'I:/Projekt/PGK/Content/' took 0.02s
[2018.01.27-18.31.58:049][  0]SourceControl: Info Source control is disabled
[2018.01.27-18.31.58:049][  0]Cmd: MAP LOAD FILE="I:/Projekt/PGK/Content/FirstPersonBP/Maps/FirstPersonExampleMap.umap" TEMPLATE=0 SHOWPROGRESS=1 FEATURELEVEL=3
[2018.01.27-18.31.58:050][  0]LightingResults: New page: Lighting Build
[2018.01.27-18.31.58:089][  0]MapCheck: New page: Map Check
[2018.01.27-18.31.58:089][  0]LightingResults: New page: Lighting Build
[2018.01.27-18.31.58:608][  0]LogLinker:Warning: Can't find file '/Game/import/bed/Bed'
[2018.01.27-18.31.58:608][  0]LogLinker:Warning: Can't find file for asset '/Game/import/bed/Bed' while loading I:/Projekt/PGK/Content/import/bed/BunkFBX.uasset.
[2018.01.27-18.31.58:608][  0]LoadErrors:Error: Error /Game/import/bed/BunkFBX : Can't find file for asset. /Game/import/bed/Bed
[2018.01.27-18.31.58:608][  0]LogLinker:Warning: Can't find file '/Game/import/bed/Drawer'
[2018.01.27-18.31.58:608][  0]LogLinker:Warning: Can't find file for asset '/Game/import/bed/Drawer' while loading I:/Projekt/PGK/Content/import/bed/BunkFBX.uasset.
[2018.01.27-18.31.58:608][  0]LoadErrors:Error: Error /Game/import/bed/BunkFBX : Can't find file for asset. /Game/import/bed/Drawer
[2018.01.27-18.31.58:608][  0]LogLinker:Warning: Can't find file '/Game/import/bed/Main'
[2018.01.27-18.31.58:608][  0]LogLinker:Warning: Can't find file for asset '/Game/import/bed/Main' while loading I:/Projekt/PGK/Content/import/bed/BunkFBX.uasset.
[2018.01.27-18.31.58:608][  0]LoadErrors:Error: Error /Game/import/bed/BunkFBX : Can't find file for asset. /Game/import/bed/Main
[2018.01.27-18.31.58:608][  0]LogLinker:Warning: Can't find file '/Game/import/bed/Metal'
[2018.01.27-18.31.58:609][  0]LogLinker:Warning: Can't find file for asset '/Game/import/bed/Metal' while loading I:/Projekt/PGK/Content/import/bed/BunkFBX.uasset.
[2018.01.27-18.31.58:609][  0]LoadErrors:Error: Error /Game/import/bed/BunkFBX : Can't find file for asset. /Game/import/bed/Metal
[2018.01.27-18.31.58:609][  0]LogLinker:Warning: Can't find file '/Game/import/bed/Bed'
[2018.01.27-18.31.58:609][  0]LogLinker:Warning: Can't find file for asset '/Game/import/bed/Bed' while loading I:/Projekt/PGK/Content/import/bed/BunkFBX.uasset.
[2018.01.27-18.31.58:609][  0]LoadErrors:Error: Error /Game/import/bed/BunkFBX : Can't find file for asset. /Game/import/bed/Bed
[2018.01.27-18.31.58:609][  0]LogLinker:Warning: Can't find file '/Game/import/bed/Drawer'
[2018.01.27-18.31.58:609][  0]LogLinker:Warning: Can't find file for asset '/Game/import/bed/Drawer' while loading I:/Projekt/PGK/Content/import/bed/BunkFBX.uasset.
[2018.01.27-18.31.58:609][  0]LoadErrors:Error: Error /Game/import/bed/BunkFBX : Can't find file for asset. /Game/import/bed/Drawer
[2018.01.27-18.31.58:609][  0]LogLinker:Warning: Can't find file '/Game/import/bed/Main'
[2018.01.27-18.31.58:609][  0]LogLinker:Warning: Can't find file for asset '/Game/import/bed/Main' while loading I:/Projekt/PGK/Content/import/bed/BunkFBX.uasset.
[2018.01.27-18.31.58:609][  0]LoadErrors:Error: Error /Game/import/bed/BunkFBX : Can't find file for asset. /Game/import/bed/Main
[2018.01.27-18.31.58:609][  0]LogLinker:Warning: Can't find file '/Game/import/bed/Metal'
[2018.01.27-18.31.58:609][  0]LogLinker:Warning: Can't find file for asset '/Game/import/bed/Metal' while loading I:/Projekt/PGK/Content/import/bed/BunkFBX.uasset.
[2018.01.27-18.31.58:609][  0]LoadErrors:Error: Error /Game/import/bed/BunkFBX : Can't find file for asset. /Game/import/bed/Metal
[2018.01.27-18.31.58:646][  0]LogLinker:Warning: Can't find file '/Game/import/wardrobe/lambert2'
[2018.01.27-18.31.58:647][  0]LogLinker:Warning: Can't find file for asset '/Game/import/wardrobe/lambert2' while loading I:/Projekt/PGK/Content/import/wardrobe/wardrobe.uasset.
[2018.01.27-18.31.58:647][  0]LoadErrors:Error: Error /Game/import/wardrobe/wardrobe : Can't find file for asset. /Game/import/wardrobe/lambert2
[2018.01.27-18.31.58:647][  0]LogLinker:Warning: Can't find file '/Game/import/wardrobe/lambert2'
[2018.01.27-18.31.58:647][  0]LogLinker:Warning: Can't find file for asset '/Game/import/wardrobe/lambert2' while loading I:/Projekt/PGK/Content/import/wardrobe/wardrobe.uasset.
[2018.01.27-18.31.58:647][  0]LoadErrors:Error: Error /Game/import/wardrobe/wardrobe : Can't find file for asset. /Game/import/wardrobe/lambert2
[2018.01.27-18.31.58:647][  0]LogLinker:Warning: Can't find file '/Game/import/wardrobe/box'
[2018.01.27-18.31.58:648][  0]LogLinker:Warning: Can't find file for asset '/Game/import/wardrobe/box' while loading I:/Projekt/PGK/Content/import/wardrobe/wardrobe3.uasset.
[2018.01.27-18.31.58:648][  0]LoadErrors:Error: Error /Game/import/wardrobe/wardrobe3 : Can't find file for asset. /Game/import/wardrobe/box
[2018.01.27-18.31.58:648][  0]LogLinker:Warning: Can't find file '/Game/import/wardrobe/st_gold'
[2018.01.27-18.31.58:648][  0]LogLinker:Warning: Can't find file for asset '/Game/import/wardrobe/st_gold' while loading I:/Projekt/PGK/Content/import/wardrobe/wardrobe3.uasset.
[2018.01.27-18.31.58:648][  0]LoadErrors:Error: Error /Game/import/wardrobe/wardrobe3 : Can't find file for asset. /Game/import/wardrobe/st_gold
[2018.01.27-18.31.58:648][  0]LogLinker:Warning: Can't find file '/Game/import/wardrobe/box'
[2018.01.27-18.31.58:648][  0]LogLinker:Warning: Can't find file for asset '/Game/import/wardrobe/box' while loading I:/Projekt/PGK/Content/import/wardrobe/wardrobe3.uasset.
[2018.01.27-18.31.58:648][  0]LoadErrors:Error: Error /Game/import/wardrobe/wardrobe3 : Can't find file for asset. /Game/import/wardrobe/box
[2018.01.27-18.31.58:648][  0]LogLinker:Warning: Can't find file '/Game/import/wardrobe/st_gold'
[2018.01.27-18.31.58:648][  0]LogLinker:Warning: Can't find file for asset '/Game/import/wardrobe/st_gold' while loading I:/Projekt/PGK/Content/import/wardrobe/wardrobe3.uasset.
[2018.01.27-18.31.58:649][  0]LoadErrors:Error: Error /Game/import/wardrobe/wardrobe3 : Can't find file for asset. /Game/import/wardrobe/st_gold
[2018.01.27-18.31.58:649][  0]LogLinker:Warning: Can't find file '/Game/import/wardrobe/wardrobe3_PhysicsAsset'
[2018.01.27-18.31.58:649][  0]LogLinker:Warning: Can't find file for asset '/Game/import/wardrobe/wardrobe3_PhysicsAsset' while loading I:/Projekt/PGK/Content/import/wardrobe/wardrobe3.uasset.
[2018.01.27-18.31.58:649][  0]LoadErrors:Error: Error /Game/import/wardrobe/wardrobe3 : Can't find file for asset. /Game/import/wardrobe/wardrobe3_PhysicsAsset
[2018.01.27-18.31.58:649][  0]LogLinker:Warning: Can't find file '/Game/import/wardrobe/wardrobe3_Skeleton'
[2018.01.27-18.31.58:649][  0]LogLinker:Warning: Can't find file for asset '/Game/import/wardrobe/wardrobe3_Skeleton' while loading I:/Projekt/PGK/Content/import/wardrobe/wardrobe3.uasset.
[2018.01.27-18.31.58:649][  0]LoadErrors:Error: Error /Game/import/wardrobe/wardrobe3 : Can't find file for asset. /Game/import/wardrobe/wardrobe3_Skeleton
[2018.01.27-18.31.58:649][  0]LogLinker:Warning: Can't find file '/Game/import/wardrobe/wardrobe3_PhysicsAsset'
[2018.01.27-18.31.58:649][  0]LogLinker:Warning: Can't find file for asset '/Game/import/wardrobe/wardrobe3_PhysicsAsset' while loading I:/Projekt/PGK/Content/import/wardrobe/wardrobe3.uasset.
[2018.01.27-18.31.58:649][  0]LoadErrors:Error: Error /Game/import/wardrobe/wardrobe3 : Can't find file for asset. /Game/import/wardrobe/wardrobe3_PhysicsAsset
[2018.01.27-18.31.58:649][  0]LogLinker:Warning: Can't find file '/Game/import/wardrobe/wardrobe3_Skeleton'
[2018.01.27-18.31.58:649][  0]LogLinker:Warning: Can't find file for asset '/Game/import/wardrobe/wardrobe3_Skeleton' while loading I:/Projekt/PGK/Content/import/wardrobe/wardrobe3.uasset.
[2018.01.27-18.31.58:649][  0]LoadErrors:Error: Error /Game/import/wardrobe/wardrobe3 : Can't find file for asset. /Game/import/wardrobe/wardrobe3_Skeleton
[2018.01.27-18.31.58:650][  0]LogLinker:Warning: Can't find file '/Game/import/wardrobe/None'
[2018.01.27-18.31.58:650][  0]LogLinker:Warning: Can't find file for asset '/Game/import/wardrobe/None' while loading I:/Projekt/PGK/Content/import/wardrobe/wardrobe4.uasset.
[2018.01.27-18.31.58:650][  0]LoadErrors:Error: Error /Game/import/wardrobe/wardrobe4 : Can't find file for asset. /Game/import/wardrobe/None
[2018.01.27-18.31.58:650][  0]LogLinker:Warning: Can't find file '/Game/import/wardrobe/None'
[2018.01.27-18.31.58:650][  0]LogLinker:Warning: Can't find file for asset '/Game/import/wardrobe/None' while loading I:/Projekt/PGK/Content/import/wardrobe/wardrobe4.uasset.
[2018.01.27-18.31.58:650][  0]LoadErrors:Error: Error /Game/import/wardrobe/wardrobe4 : Can't find file for asset. /Game/import/wardrobe/None
[2018.01.27-18.31.58:972][  0]LogLinker:Warning: Can't find file '/Game/import/bed/Main'
[2018.01.27-18.31.58:972][  0]LoadErrors: Info Failed to load /Game/import/bed/Main.Main Referenced by BunkFBX
[2018.01.27-18.31.58:972][  0]LogLinker:Warning: Can't find file for asset '/Game/import/bed/Main' while loading NULL.
[2018.01.27-18.31.58:972][  0]LoadErrors: Info Failed to load /Game/import/bed/Main.Main Referenced by BunkFBX
[2018.01.27-18.31.58:972][  0]LogLinker:Warning: Can't find file '/Game/import/bed/Bed'
[2018.01.27-18.31.58:972][  0]LoadErrors: Info Failed to load /Game/import/bed/Bed.Bed Referenced by BunkFBX
[2018.01.27-18.31.58:972][  0]LogLinker:Warning: Can't find file for asset '/Game/import/bed/Bed' while loading NULL.
[2018.01.27-18.31.58:972][  0]LoadErrors: Info Failed to load /Game/import/bed/Bed.Bed Referenced by BunkFBX
[2018.01.27-18.31.58:972][  0]LogLinker:Warning: Can't find file '/Game/import/bed/Drawer'
[2018.01.27-18.31.58:972][  0]LoadErrors: Info Failed to load /Game/import/bed/Drawer.Drawer Referenced by BunkFBX
[2018.01.27-18.31.58:972][  0]LogLinker:Warning: Can't find file for asset '/Game/import/bed/Drawer' while loading NULL.
[2018.01.27-18.31.58:972][  0]LoadErrors: Info Failed to load /Game/import/bed/Drawer.Drawer Referenced by BunkFBX
[2018.01.27-18.31.58:972][  0]LogLinker:Warning: Can't find file '/Game/import/bed/Metal'
[2018.01.27-18.31.58:972][  0]LoadErrors: Info Failed to load /Game/import/bed/Metal.Metal Referenced by BunkFBX
[2018.01.27-18.31.58:972][  0]LogLinker:Warning: Can't find file for asset '/Game/import/bed/Metal' while loading NULL.
[2018.01.27-18.31.58:972][  0]LoadErrors: Info Failed to load /Game/import/bed/Metal.Metal Referenced by BunkFBX
[2018.01.27-18.31.59:037][  0]LogLinker:Warning: Can't find file '/Game/import/wardrobe/None'
[2018.01.27-18.31.59:037][  0]LoadErrors: Info Failed to load /Game/import/wardrobe/None.Material_0 Referenced by wardrobe4
[2018.01.27-18.31.59:037][  0]LogLinker:Warning: Can't find file for asset '/Game/import/wardrobe/None' while loading NULL.
[2018.01.27-18.31.59:037][  0]LoadErrors: Info Failed to load /Game/import/wardrobe/None.Material_0 Referenced by wardrobe4
[2018.01.27-18.31.59:039][  0]LogLinker:Warning: Can't find file '/Game/import/wardrobe/wardrobe3_Skeleton'
[2018.01.27-18.31.59:039][  0]LoadErrors: Info Failed to load /Game/import/wardrobe/wardrobe3_Skeleton.wardrobe3_Skeleton Referenced by wardrobe3
[2018.01.27-18.31.59:039][  0]LogLinker:Warning: Can't find file for asset '/Game/import/wardrobe/wardrobe3_Skeleton' while loading NULL.
[2018.01.27-18.31.59:039][  0]LoadErrors: Info Failed to load /Game/import/wardrobe/wardrobe3_Skeleton.wardrobe3_Skeleton Referenced by wardrobe3
[2018.01.27-18.31.59:039][  0]LogLinker:Warning: Can't find file '/Game/import/wardrobe/wardrobe3_PhysicsAsset'
[2018.01.27-18.31.59:039][  0]LoadErrors: Info Failed to load /Game/import/wardrobe/wardrobe3_PhysicsAsset.wardrobe3_PhysicsAsset Referenced by wardrobe3
[2018.01.27-18.31.59:039][  0]LogLinker:Warning: Can't find file for asset '/Game/import/wardrobe/wardrobe3_PhysicsAsset' while loading NULL.
[2018.01.27-18.31.59:039][  0]LoadErrors: Info Failed to load /Game/import/wardrobe/wardrobe3_PhysicsAsset.wardrobe3_PhysicsAsset Referenced by wardrobe3
[2018.01.27-18.31.59:039][  0]LogLinker:Warning: Can't find file '/Game/import/wardrobe/st_gold'
[2018.01.27-18.31.59:039][  0]LoadErrors: Info Failed to load /Game/import/wardrobe/st_gold.st_gold Referenced by wardrobe3
[2018.01.27-18.31.59:039][  0]LogLinker:Warning: Can't find file for asset '/Game/import/wardrobe/st_gold' while loading NULL.
[2018.01.27-18.31.59:039][  0]LoadErrors: Info Failed to load /Game/import/wardrobe/st_gold.st_gold Referenced by wardrobe3
[2018.01.27-18.31.59:039][  0]LogLinker:Warning: Can't find file '/Game/import/wardrobe/box'
[2018.01.27-18.31.59:039][  0]LoadErrors: Info Failed to load /Game/import/wardrobe/box.box Referenced by wardrobe3
[2018.01.27-18.31.59:039][  0]LogLinker:Warning: Can't find file for asset '/Game/import/wardrobe/box' while loading NULL.
[2018.01.27-18.31.59:040][  0]LoadErrors: Info Failed to load /Game/import/wardrobe/box.box Referenced by wardrobe3
[2018.01.27-18.31.59:049][  0]LogLinker:Warning: Can't find file '/Game/import/wardrobe/lambert2'
[2018.01.27-18.31.59:049][  0]LoadErrors: Info Failed to load /Game/import/wardrobe/lambert2.lambert2 Referenced by wardrobe
[2018.01.27-18.31.59:049][  0]LogLinker:Warning: Can't find file for asset '/Game/import/wardrobe/lambert2' while loading NULL.
[2018.01.27-18.31.59:049][  0]LoadErrors: Info Failed to load /Game/import/wardrobe/lambert2.lambert2 Referenced by wardrobe
[2018.01.27-18.32.00:569][  0]LogMaterial: Missing cached shader map for material st_tile, compiling. 
[2018.01.27-18.32.00:569][  0]LogMaterial:Warning: Failed to compile Material /Game/import/kibel/st_tile.st_tile for platform PCD3D_SM5, Default Material will be used in game.
[2018.01.27-18.32.00:569][  0]LogMaterial:Warning: 	(Node TextureSample) TextureSample> Sampler type is Normal, should be Color for /Game/import/kibel/Dirt_map.Dirt_map
[2018.01.27-18.32.00:788][  0]LogAIModule: Creating AISystem for world FirstPersonExampleMap
[2018.01.27-18.32.00:869][  0]LogEditorServer: Finished looking for orphan Actors (0.000 secs)
[2018.01.27-18.32.00:893][  0]Cmd: MAP CHECKDEP NOCLEARLOG
[2018.01.27-18.32.00:986][  0]MapCheck: Info Map check complete: 0 Error(s), 0 Warning(s), took 93.292ms to complete.
[2018.01.27-18.32.00:987][  0]LogFileHelpers: Loading map 'FirstPersonExampleMap' took 2.937
[2018.01.27-18.32.01:200][  0]LogCollectionManager: Loaded 0 collections in 0.002151 seconds
[2018.01.27-18.32.01:282][  0]LogFileCache: Scanning file cache for directory 'I:/Projekt/PGK/Saved/Collections/' took 0.01s
[2018.01.27-18.32.01:282][  0]LogFileCache: Scanning file cache for directory 'I:/Projekt/PGK/Content/Developers/Robert/Collections/' took 0.01s
[2018.01.27-18.32.01:282][  0]LogFileCache: Scanning file cache for directory 'I:/Projekt/PGK/Content/Collections/' took 0.01s
[2018.01.27-18.32.01:282][  0]LogCollectionManager: Rebuilt the GUID cache for 0 collections in 0.000002 seconds
[2018.01.27-18.32.01:292][  0]LogContentBrowser: Native class hierarchy populated in 0.0098 seconds. Added 2329 classes and 491 folders.
[2018.01.27-18.32.01:355][  0]LogContentBrowser: Native class hierarchy updated for 'WidgetCarousel' in 0.0007 seconds. Added 0 classes and 0 folders.
[2018.01.27-18.32.01:414][  0]LogContentBrowser: Native class hierarchy updated for 'AddContentDialog' in 0.0007 seconds. Added 0 classes and 0 folders.
[2018.01.27-18.32.01:456][  0]LogContentBrowser: Native class hierarchy updated for 'SceneOutliner' in 0.0006 seconds. Added 1 classes and 2 folders.
[2018.01.27-18.32.01:499][  0]LogCrashTracker: Crashtracker disabled due to settings.
[2018.01.27-18.32.01:506][  0]LogSlate: Took 0.000704 seconds to synchronously load lazily loaded font '../../../Engine/Content/Slate/Fonts/Roboto-Regular.ttf' (155K)
[2018.01.27-18.32.01:509][  0]LogSlate: Took 0.000354 seconds to synchronously load lazily loaded font '../../../Engine/Content/Slate/Fonts/Roboto-Bold.ttf' (160K)
[2018.01.27-18.32.01:518][  0]LogSlate: Took 0.000978 seconds to synchronously load lazily loaded font '../../../Engine/Content/Editor/Slate/Fonts/FontAwesome.ttf' (139K)
[2018.01.27-18.32.01:635][  0]LogRenderer: Reallocating scene render targets to support 1180x600 NumSamples 1 (Frame:1).
[2018.01.27-18.32.01:976][  0]LogUObjectGlobals:Warning: Failed to find object 'Class None.'
[2018.01.27-18.32.02:037][  0]LogContentBrowser: Native class hierarchy updated for 'HierarchicalLODOutliner' in 0.0006 seconds. Added 1 classes and 2 folders.
[2018.01.27-18.32.02:038][  0]LogLoad: (Engine Initialization) Total time: 21.78 seconds
[2018.01.27-18.32.02:038][  0]LogLoad: (Engine Initialization) Total Blueprint compile time: 0.24 seconds
[2018.01.27-18.32.02:038][  0]LogExternalProfiler: No external profilers were discovered.  External profiling features will not be available.
[2018.01.27-18.32.02:072][  0]LogWindowsTextInputMethodSystem:Display: IME system now deactivated.
[2018.01.27-18.32.02:073][  0]LogOcInput: OculusInput pre-init called
[2018.01.27-18.32.02:073][  0]LogHMD: Starting GearVRController plugin
[2018.01.27-18.32.02:105][  0]LogContentStreaming: Texture pool size now 1000 MB
[2018.01.27-18.32.02:209][  1]LogFileCache: Retrieving MD5 hashes for directory 'I:/Projekt/PGK/Content/' took 0.12s
[2018.01.27-18.32.02:221][  1]LogAssetRegistry: Asset discovery search completed in 13.0345 seconds
[2018.01.27-18.32.02:225][  1]LogCollectionManager: Rebuilt the object cache for 0 collections in 0.000001 seconds (found 0 objects)
[2018.01.27-18.32.02:225][  1]LogCollectionManager: Fixed up redirectors for 0 collections in 0.000373 seconds (updated 0 objects)
[2018.01.27-18.32.06:189][123]LogSlate: Took 0.000361 seconds to synchronously load lazily loaded font '../../../Engine/Content/Slate/Fonts/Roboto-Light.ttf' (159K)
[2018.01.27-18.32.10:445][251]LogEditorViewport: Clicking on Actor (LMB): AmbientSound (przepasc_Cue)
[2018.01.27-18.32.19:432][461]LogTemp: Repeting last play command: Selected Viewport
[2018.01.27-18.32.19:520][461]LogBlueprintUserMessages: Early PlayInEditor Detection: Level '/Game/FirstPersonBP/Maps/FirstPersonExampleMap.FirstPersonExampleMap:PersistentLevel' has LevelScriptBlueprint '/Game/FirstPersonBP/Maps/FirstPersonExampleMap.FirstPersonExampleMap:PersistentLevel.FirstPersonExampleMap' with GeneratedClass '/Game/FirstPersonBP/Maps/FirstPersonExampleMap.FirstPersonExampleMap_C' with ClassGeneratedBy '/Game/FirstPersonBP/Maps/FirstPersonExampleMap.FirstPersonExampleMap:PersistentLevel.FirstPersonExampleMap'
[2018.01.27-18.32.19:520][461]LogPlayLevel: PlayLevel: No blueprints needed recompiling
[2018.01.27-18.32.19:520][461]PIE: New page: PIE session: FirstPersonExampleMap (Jan 27, 2018, 8:32:19 PM)
[2018.01.27-18.32.19:521][461]LogPlayLevel: Creating play world package: /Game/FirstPersonBP/Maps/UEDPIE_0_FirstPersonExampleMap
[2018.01.27-18.32.19:641][461]LogPlayLevel: PIE: StaticDuplicateObject took: (0.119871s)
[2018.01.27-18.32.19:642][461]LogAIModule: Creating AISystem for world FirstPersonExampleMap
[2018.01.27-18.32.19:642][461]LogPlayLevel: PIE: World Init took: (0.001396s)
[2018.01.27-18.32.19:643][461]LogPlayLevel: PIE: Created PIE world by copying editor world from /Game/FirstPersonBP/Maps/FirstPersonExampleMap.FirstPersonExampleMap to /Game/FirstPersonBP/Maps/UEDPIE_0_FirstPersonExampleMap.FirstPersonExampleMap (0.122072s)
[2018.01.27-18.32.19:674][461]LogInit: XAudio2 using 'Głośniki (Realtek High Definition Audio)' : 2 channels at 48 kHz using 32 bits per sample (channel mask 0x3)
[2018.01.27-18.32.19:710][461]LogInit: FAudioDevice initialized.
[2018.01.27-18.32.19:758][461]LogLoad: Game class is 'FirstPersonGameMode_C'
[2018.01.27-18.32.19:790][461]LogWorld: Bringing World /Game/FirstPersonBP/Maps/UEDPIE_0_FirstPersonExampleMap.FirstPersonExampleMap up for play (max tick rate 60) at 2018.01.27-19.32.19
[2018.01.27-18.32.19:793][461]LogWorld: Bringing up level for play took: 0.030661
[2018.01.27-18.32.19:856][461]LogContentBrowser: Native class hierarchy updated for 'MovieSceneCapture' in 0.0010 seconds. Added 11 classes and 0 folders.
[2018.01.27-18.32.19:858][461]PIE: Info Play in editor start time for /Game/FirstPersonBP/Maps/UEDPIE_0_FirstPersonExampleMap -0.205
[2018.01.27-18.32.19:859][461]LogBlueprintUserMessages: Late PlayInEditor Detection: Level '/Game/FirstPersonBP/Maps/FirstPersonExampleMap.FirstPersonExampleMap:PersistentLevel' has LevelScriptBlueprint '/Game/FirstPersonBP/Maps/FirstPersonExampleMap.FirstPersonExampleMap:PersistentLevel.FirstPersonExampleMap' with GeneratedClass '/Game/FirstPersonBP/Maps/FirstPersonExampleMap.FirstPersonExampleMap_C' with ClassGeneratedBy '/Game/FirstPersonBP/Maps/FirstPersonExampleMap.FirstPersonExampleMap:PersistentLevel.FirstPersonExampleMap'
[2018.01.27-18.33.18:112][405]LogBlueprintUserMessages: Early EndPlayMap Detection: Level '/Game/FirstPersonBP/Maps/FirstPersonExampleMap.FirstPersonExampleMap:PersistentLevel' has LevelScriptBlueprint '/Game/FirstPersonBP/Maps/FirstPersonExampleMap.FirstPersonExampleMap:PersistentLevel.FirstPersonExampleMap' with GeneratedClass '/Game/FirstPersonBP/Maps/FirstPersonExampleMap.FirstPersonExampleMap_C' with ClassGeneratedBy '/Game/FirstPersonBP/Maps/FirstPersonExampleMap.FirstPersonExampleMap:PersistentLevel.FirstPersonExampleMap'
[2018.01.27-18.33.18:255][405]LogBlueprintUserMessages: Late EndPlayMap Detection: Level '/Game/FirstPersonBP/Maps/FirstPersonExampleMap.FirstPersonExampleMap:PersistentLevel' has LevelScriptBlueprint '/Game/FirstPersonBP/Maps/FirstPersonExampleMap.FirstPersonExampleMap:PersistentLevel.FirstPersonExampleMap' with GeneratedClass '/Game/FirstPersonBP/Maps/FirstPersonExampleMap.FirstPersonExampleMap_C' with ClassGeneratedBy '/Game/FirstPersonBP/Maps/FirstPersonExampleMap.FirstPersonExampleMap:PersistentLevel.FirstPersonExampleMap'
[2018.01.27-18.33.19:364][458]LogEditorViewport: Clicking on Actor (LMB): AmbientSound (rondo_Cue)
[2018.01.27-18.33.45:247][ 95]LogEditorViewport: Clicking on Actor (LMB): AmbientSound (rondo_Cue)
[2018.01.27-18.33.46:148][122]Cmd: DELETE
[2018.01.27-18.33.46:148][122]Cmd: ACTOR DELETE
[2018.01.27-18.33.46:160][122]LogEditorActor: Deleted Actor: AmbientSound
[2018.01.27-18.33.46:181][122]LogEditorActor: Deleted 1 Actors (0.032 secs)
[2018.01.27-18.34.01:849][593]LogTemp: Repeting last play command: Selected Viewport
[2018.01.27-18.34.01:866][593]LogBlueprintUserMessages: Early PlayInEditor Detection: Level '/Game/FirstPersonBP/Maps/FirstPersonExampleMap.FirstPersonExampleMap:PersistentLevel' has LevelScriptBlueprint '/Game/FirstPersonBP/Maps/FirstPersonExampleMap.FirstPersonExampleMap:PersistentLevel.FirstPersonExampleMap' with GeneratedClass '/Game/FirstPersonBP/Maps/FirstPersonExampleMap.FirstPersonExampleMap_C' with ClassGeneratedBy '/Game/FirstPersonBP/Maps/FirstPersonExampleMap.FirstPersonExampleMap:PersistentLevel.FirstPersonExampleMap'
[2018.01.27-18.34.01:866][593]LogPlayLevel: PlayLevel: No blueprints needed recompiling
[2018.01.27-18.34.01:867][593]PIE: New page: PIE session: FirstPersonExampleMap (Jan 27, 2018, 8:34:01 PM)
[2018.01.27-18.34.01:867][593]LogPlayLevel: Creating play world package: /Game/FirstPersonBP/Maps/UEDPIE_0_FirstPersonExampleMap
[2018.01.27-18.34.01:941][593]LogPlayLevel: PIE: StaticDuplicateObject took: (0.074450s)
[2018.01.27-18.34.01:943][593]LogAIModule: Creating AISystem for world FirstPersonExampleMap
[2018.01.27-18.34.01:943][593]LogPlayLevel: PIE: World Init took: (0.002088s)
[2018.01.27-18.34.01:944][593]LogPlayLevel: PIE: Created PIE world by copying editor world from /Game/FirstPersonBP/Maps/FirstPersonExampleMap.FirstPersonExampleMap to /Game/FirstPersonBP/Maps/UEDPIE_0_FirstPersonExampleMap.FirstPersonExampleMap (0.077354s)
[2018.01.27-18.34.01:966][593]LogInit: XAudio2 using 'Głośniki (Realtek High Definition Audio)' : 2 channels at 48 kHz using 32 bits per sample (channel mask 0x3)
[2018.01.27-18.34.01:991][593]LogInit: FAudioDevice initialized.
[2018.01.27-18.34.02:023][593]LogLoad: Game class is 'FirstPersonGameMode_C'
[2018.01.27-18.34.02:042][593]LogWorld: Bringing World /Game/FirstPersonBP/Maps/UEDPIE_0_FirstPersonExampleMap.FirstPersonExampleMap up for play (max tick rate 60) at 2018.01.27-19.34.02
[2018.01.27-18.34.02:044][593]LogWorld: Bringing up level for play took: 0.019427
[2018.01.27-18.34.02:046][593]PIE: Info Play in editor start time for /Game/FirstPersonBP/Maps/UEDPIE_0_FirstPersonExampleMap -0.017
[2018.01.27-18.34.02:046][593]LogBlueprintUserMessages: Late PlayInEditor Detection: Level '/Game/FirstPersonBP/Maps/FirstPersonExampleMap.FirstPersonExampleMap:PersistentLevel' has LevelScriptBlueprint '/Game/FirstPersonBP/Maps/FirstPersonExampleMap.FirstPersonExampleMap:PersistentLevel.FirstPersonExampleMap' with GeneratedClass '/Game/FirstPersonBP/Maps/FirstPersonExampleMap.FirstPersonExampleMap_C' with ClassGeneratedBy '/Game/FirstPersonBP/Maps/FirstPersonExampleMap.FirstPersonExampleMap:PersistentLevel.FirstPersonExampleMap'
[2018.01.27-18.34.51:671][406]LogBlueprintUserMessages: Early EndPlayMap Detection: Level '/Game/FirstPersonBP/Maps/FirstPersonExampleMap.FirstPersonExampleMap:PersistentLevel' has LevelScriptBlueprint '/Game/FirstPersonBP/Maps/FirstPersonExampleMap.FirstPersonExampleMap:PersistentLevel.FirstPersonExampleMap' with GeneratedClass '/Game/FirstPersonBP/Maps/FirstPersonExampleMap.FirstPersonExampleMap_C' with ClassGeneratedBy '/Game/FirstPersonBP/Maps/FirstPersonExampleMap.FirstPersonExampleMap:PersistentLevel.FirstPersonExampleMap'
[2018.01.27-18.34.51:829][406]LogBlueprintUserMessages: Late EndPlayMap Detection: Level '/Game/FirstPersonBP/Maps/FirstPersonExampleMap.FirstPersonExampleMap:PersistentLevel' has LevelScriptBlueprint '/Game/FirstPersonBP/Maps/FirstPersonExampleMap.FirstPersonExampleMap:PersistentLevel.FirstPersonExampleMap' with GeneratedClass '/Game/FirstPersonBP/Maps/FirstPersonExampleMap.FirstPersonExampleMap_C' with ClassGeneratedBy '/Game/FirstPersonBP/Maps/FirstPersonExampleMap.FirstPersonExampleMap:PersistentLevel.FirstPersonExampleMap'
[2018.01.27-18.34.51:895][406]LogActorComponent: ReregisterComponent: (/Game/FirstPersonBP/Maps/FirstPersonExampleMap.FirstPersonExampleMap:PersistentLevel.rondo_Cue_2.AudioComponent0) Not currently registered. Aborting.
[2018.01.27-18.35.24:451][ 71]LogTemp: Repeting last play command: Selected Viewport
[2018.01.27-18.35.24:467][ 71]LogBlueprintUserMessages: Early PlayInEditor Detection: Level '/Game/FirstPersonBP/Maps/FirstPersonExampleMap.FirstPersonExampleMap:PersistentLevel' has LevelScriptBlueprint '/Game/FirstPersonBP/Maps/FirstPersonExampleMap.FirstPersonExampleMap:PersistentLevel.FirstPersonExampleMap' with GeneratedClass '/Game/FirstPersonBP/Maps/FirstPersonExampleMap.FirstPersonExampleMap_C' with ClassGeneratedBy '/Game/FirstPersonBP/Maps/FirstPersonExampleMap.FirstPersonExampleMap:PersistentLevel.FirstPersonExampleMap'
[2018.01.27-18.35.24:467][ 71]LogPlayLevel: PlayLevel: No blueprints needed recompiling
[2018.01.27-18.35.24:467][ 71]PIE: New page: PIE session: FirstPersonExampleMap (Jan 27, 2018, 8:35:24 PM)
[2018.01.27-18.35.24:467][ 71]LogPlayLevel: Creating play world package: /Game/FirstPersonBP/Maps/UEDPIE_0_FirstPersonExampleMap
[2018.01.27-18.35.24:544][ 71]LogPlayLevel: PIE: StaticDuplicateObject took: (0.076630s)
[2018.01.27-18.35.24:546][ 71]LogAIModule: Creating AISystem for world FirstPersonExampleMap
[2018.01.27-18.35.24:546][ 71]LogPlayLevel: PIE: World Init took: (0.002237s)
[2018.01.27-18.35.24:547][ 71]LogPlayLevel: PIE: Created PIE world by copying editor world from /Game/FirstPersonBP/Maps/FirstPersonExampleMap.FirstPersonExampleMap to /Game/FirstPersonBP/Maps/UEDPIE_0_FirstPersonExampleMap.FirstPersonExampleMap (0.079530s)
[2018.01.27-18.35.24:570][ 71]LogInit: XAudio2 using 'Głośniki (Realtek High Definition Audio)' : 2 channels at 48 kHz using 32 bits per sample (channel mask 0x3)
[2018.01.27-18.35.24:595][ 71]LogInit: FAudioDevice initialized.
[2018.01.27-18.35.24:632][ 71]LogLoad: Game class is 'FirstPersonGameMode_C'
[2018.01.27-18.35.24:651][ 71]LogWorld: Bringing World /Game/FirstPersonBP/Maps/UEDPIE_0_FirstPersonExampleMap.FirstPersonExampleMap up for play (max tick rate 60) at 2018.01.27-19.35.24
[2018.01.27-18.35.24:652][ 71]LogWorld: Bringing up level for play took: 0.018176
[2018.01.27-18.35.24:654][ 71]PIE: Info Play in editor start time for /Game/FirstPersonBP/Maps/UEDPIE_0_FirstPersonExampleMap 0.591
[2018.01.27-18.35.24:655][ 71]LogBlueprintUserMessages: Late PlayInEditor Detection: Level '/Game/FirstPersonBP/Maps/FirstPersonExampleMap.FirstPersonExampleMap:PersistentLevel' has LevelScriptBlueprint '/Game/FirstPersonBP/Maps/FirstPersonExampleMap.FirstPersonExampleMap:PersistentLevel.FirstPersonExampleMap' with GeneratedClass '/Game/FirstPersonBP/Maps/FirstPersonExampleMap.FirstPersonExampleMap_C' with ClassGeneratedBy '/Game/FirstPersonBP/Maps/FirstPersonExampleMap.FirstPersonExampleMap:PersistentLevel.FirstPersonExampleMap'
[2018.01.27-18.36.10:768][796]LogBlueprintUserMessages: Early EndPlayMap Detection: Level '/Game/FirstPersonBP/Maps/FirstPersonExampleMap.FirstPersonExampleMap:PersistentLevel' has LevelScriptBlueprint '/Game/FirstPersonBP/Maps/FirstPersonExampleMap.FirstPersonExampleMap:PersistentLevel.FirstPersonExampleMap' with GeneratedClass '/Game/FirstPersonBP/Maps/FirstPersonExampleMap.FirstPersonExampleMap_C' with ClassGeneratedBy '/Game/FirstPersonBP/Maps/FirstPersonExampleMap.FirstPersonExampleMap:PersistentLevel.FirstPersonExampleMap'
[2018.01.27-18.36.10:929][796]LogBlueprintUserMessages: Late EndPlayMap Detection: Level '/Game/FirstPersonBP/Maps/FirstPersonExampleMap.FirstPersonExampleMap:PersistentLevel' has LevelScriptBlueprint '/Game/FirstPersonBP/Maps/FirstPersonExampleMap.FirstPersonExampleMap:PersistentLevel.FirstPersonExampleMap' with GeneratedClass '/Game/FirstPersonBP/Maps/FirstPersonExampleMap.FirstPersonExampleMap_C' with ClassGeneratedBy '/Game/FirstPersonBP/Maps/FirstPersonExampleMap.FirstPersonExampleMap:PersistentLevel.FirstPersonExampleMap'
[2018.01.27-18.36.10:981][796]LogActorComponent: ReregisterComponent: (/Game/FirstPersonBP/Maps/FirstPersonExampleMap.FirstPersonExampleMap:PersistentLevel.rondo_Cue_2.AudioComponent0) Not currently registered. Aborting.
[2018.01.27-18.36.15:318][597]LogEditorViewport: Clicking on Actor (LMB): AmbientSound (rondo_Cue2)
[2018.01.27-18.42.29:586][818]LogTemp: Repeting last play command: Selected Viewport
[2018.01.27-18.42.29:603][818]LogBlueprintUserMessages: Early PlayInEditor Detection: Level '/Game/FirstPersonBP/Maps/FirstPersonExampleMap.FirstPersonExampleMap:PersistentLevel' has LevelScriptBlueprint '/Game/FirstPersonBP/Maps/FirstPersonExampleMap.FirstPersonExampleMap:PersistentLevel.FirstPersonExampleMap' with GeneratedClass '/Game/FirstPersonBP/Maps/FirstPersonExampleMap.FirstPersonExampleMap_C' with ClassGeneratedBy '/Game/FirstPersonBP/Maps/FirstPersonExampleMap.FirstPersonExampleMap:PersistentLevel.FirstPersonExampleMap'
[2018.01.27-18.42.29:604][818]LogPlayLevel: PlayLevel: No blueprints needed recompiling
[2018.01.27-18.42.29:604][818]PIE: New page: PIE session: FirstPersonExampleMap (Jan 27, 2018, 8:42:29 PM)
[2018.01.27-18.42.29:604][818]LogPlayLevel: Creating play world package: /Game/FirstPersonBP/Maps/UEDPIE_0_FirstPersonExampleMap
[2018.01.27-18.42.29:676][818]LogPlayLevel: PIE: StaticDuplicateObject took: (0.072175s)
[2018.01.27-18.42.29:678][818]LogAIModule: Creating AISystem for world FirstPersonExampleMap
[2018.01.27-18.42.29:679][818]LogPlayLevel: PIE: World Init took: (0.002500s)
[2018.01.27-18.42.29:680][818]LogPlayLevel: PIE: Created PIE world by copying editor world from /Game/FirstPersonBP/Maps/FirstPersonExampleMap.FirstPersonExampleMap to /Game/FirstPersonBP/Maps/UEDPIE_0_FirstPersonExampleMap.FirstPersonExampleMap (0.075622s)
[2018.01.27-18.42.29:704][818]LogInit: XAudio2 using 'Głośniki (Realtek High Definition Audio)' : 2 channels at 48 kHz using 32 bits per sample (channel mask 0x3)
[2018.01.27-18.42.29:731][818]LogInit: FAudioDevice initialized.
[2018.01.27-18.42.29:763][818]LogLoad: Game class is 'FirstPersonGameMode_C'
[2018.01.27-18.42.29:782][818]LogWorld: Bringing World /Game/FirstPersonBP/Maps/UEDPIE_0_FirstPersonExampleMap.FirstPersonExampleMap up for play (max tick rate 60) at 2018.01.27-19.42.29
[2018.01.27-18.42.29:784][818]LogWorld: Bringing up level for play took: 0.019331
[2018.01.27-18.42.29:786][818]PIE: Info Play in editor start time for /Game/FirstPersonBP/Maps/UEDPIE_0_FirstPersonExampleMap -0.277
[2018.01.27-18.42.29:786][818]LogBlueprintUserMessages: Late PlayInEditor Detection: Level '/Game/FirstPersonBP/Maps/FirstPersonExampleMap.FirstPersonExampleMap:PersistentLevel' has LevelScriptBlueprint '/Game/FirstPersonBP/Maps/FirstPersonExampleMap.FirstPersonExampleMap:PersistentLevel.FirstPersonExampleMap' with GeneratedClass '/Game/FirstPersonBP/Maps/FirstPersonExampleMap.FirstPersonExampleMap_C' with ClassGeneratedBy '/Game/FirstPersonBP/Maps/FirstPersonExampleMap.FirstPersonExampleMap:PersistentLevel.FirstPersonExampleMap'
[2018.01.27-18.42.32:633][865]LogBlueprintUserMessages: Early EndPlayMap Detection: Level '/Game/FirstPersonBP/Maps/FirstPersonExampleMap.FirstPersonExampleMap:PersistentLevel' has LevelScriptBlueprint '/Game/FirstPersonBP/Maps/FirstPersonExampleMap.FirstPersonExampleMap:PersistentLevel.FirstPersonExampleMap' with GeneratedClass '/Game/FirstPersonBP/Maps/FirstPersonExampleMap.FirstPersonExampleMap_C' with ClassGeneratedBy '/Game/FirstPersonBP/Maps/FirstPersonExampleMap.FirstPersonExampleMap:PersistentLevel.FirstPersonExampleMap'
[2018.01.27-18.42.32:768][865]LogBlueprintUserMessages: Late EndPlayMap Detection: Level '/Game/FirstPersonBP/Maps/FirstPersonExampleMap.FirstPersonExampleMap:PersistentLevel' has LevelScriptBlueprint '/Game/FirstPersonBP/Maps/FirstPersonExampleMap.FirstPersonExampleMap:PersistentLevel.FirstPersonExampleMap' with GeneratedClass '/Game/FirstPersonBP/Maps/FirstPersonExampleMap.FirstPersonExampleMap_C' with ClassGeneratedBy '/Game/FirstPersonBP/Maps/FirstPersonExampleMap.FirstPersonExampleMap:PersistentLevel.FirstPersonExampleMap'
[2018.01.27-18.42.32:804][865]LogActorComponent: ReregisterComponent: (/Game/FirstPersonBP/Maps/FirstPersonExampleMap.FirstPersonExampleMap:PersistentLevel.rondo_Cue_2.AudioComponent0) Not currently registered. Aborting.
[2018.01.27-18.42.34:253][958]LogEditorViewport: Clicking on Actor (LMB): AmbientSound (rondo_Cue2)
[2018.01.27-18.42.37:719][ 62]LogTemp: Repeting last play command: Selected Viewport
[2018.01.27-18.42.37:743][ 62]LogBlueprintUserMessages: Early PlayInEditor Detection: Level '/Game/FirstPersonBP/Maps/FirstPersonExampleMap.FirstPersonExampleMap:PersistentLevel' has LevelScriptBlueprint '/Game/FirstPersonBP/Maps/FirstPersonExampleMap.FirstPersonExampleMap:PersistentLevel.FirstPersonExampleMap' with GeneratedClass '/Game/FirstPersonBP/Maps/FirstPersonExampleMap.FirstPersonExampleMap_C' with ClassGeneratedBy '/Game/FirstPersonBP/Maps/FirstPersonExampleMap.FirstPersonExampleMap:PersistentLevel.FirstPersonExampleMap'
[2018.01.27-18.42.37:743][ 62]LogPlayLevel: PlayLevel: No blueprints needed recompiling
[2018.01.27-18.42.37:744][ 62]PIE: New page: PIE session: FirstPersonExampleMap (Jan 27, 2018, 8:42:37 PM)
[2018.01.27-18.42.37:744][ 62]LogPlayLevel: Creating play world package: /Game/FirstPersonBP/Maps/UEDPIE_0_FirstPersonExampleMap
[2018.01.27-18.42.37:848][ 62]LogPlayLevel: PIE: StaticDuplicateObject took: (0.103823s)
[2018.01.27-18.42.37:849][ 62]LogAIModule: Creating AISystem for world FirstPersonExampleMap
[2018.01.27-18.42.37:849][ 62]LogPlayLevel: PIE: World Init took: (0.001294s)
[2018.01.27-18.42.37:850][ 62]LogPlayLevel: PIE: Created PIE world by copying editor world from /Game/FirstPersonBP/Maps/FirstPersonExampleMap.FirstPersonExampleMap to /Game/FirstPersonBP/Maps/UEDPIE_0_FirstPersonExampleMap.FirstPersonExampleMap (0.105783s)
[2018.01.27-18.42.37:880][ 62]LogInit: XAudio2 using 'Głośniki (Realtek High Definition Audio)' : 2 channels at 48 kHz using 32 bits per sample (channel mask 0x3)
[2018.01.27-18.42.37:915][ 62]LogInit: FAudioDevice initialized.
[2018.01.27-18.42.37:955][ 62]LogLoad: Game class is 'FirstPersonGameMode_C'
[2018.01.27-18.42.37:985][ 62]LogWorld: Bringing World /Game/FirstPersonBP/Maps/UEDPIE_0_FirstPersonExampleMap.FirstPersonExampleMap up for play (max tick rate 60) at 2018.01.27-19.42.37
[2018.01.27-18.42.37:987][ 62]LogWorld: Bringing up level for play took: 0.029380
[2018.01.27-18.42.37:990][ 62]PIE: Info Play in editor start time for /Game/FirstPersonBP/Maps/UEDPIE_0_FirstPersonExampleMap -0.074
[2018.01.27-18.42.37:990][ 62]LogBlueprintUserMessages: Late PlayInEditor Detection: Level '/Game/FirstPersonBP/Maps/FirstPersonExampleMap.FirstPersonExampleMap:PersistentLevel' has LevelScriptBlueprint '/Game/FirstPersonBP/Maps/FirstPersonExampleMap.FirstPersonExampleMap:PersistentLevel.FirstPersonExampleMap' with GeneratedClass '/Game/FirstPersonBP/Maps/FirstPersonExampleMap.FirstPersonExampleMap_C' with ClassGeneratedBy '/Game/FirstPersonBP/Maps/FirstPersonExampleMap.FirstPersonExampleMap:PersistentLevel.FirstPersonExampleMap'
[2018.01.27-18.43.25:120][975]LogBlueprintUserMessages: Early EndPlayMap Detection: Level '/Game/FirstPersonBP/Maps/FirstPersonExampleMap.FirstPersonExampleMap:PersistentLevel' has LevelScriptBlueprint '/Game/FirstPersonBP/Maps/FirstPersonExampleMap.FirstPersonExampleMap:PersistentLevel.FirstPersonExampleMap' with GeneratedClass '/Game/FirstPersonBP/Maps/FirstPersonExampleMap.FirstPersonExampleMap_C' with ClassGeneratedBy '/Game/FirstPersonBP/Maps/FirstPersonExampleMap.FirstPersonExampleMap:PersistentLevel.FirstPersonExampleMap'
[2018.01.27-18.43.25:270][975]LogBlueprintUserMessages: Late EndPlayMap Detection: Level '/Game/FirstPersonBP/Maps/FirstPersonExampleMap.FirstPersonExampleMap:PersistentLevel' has LevelScriptBlueprint '/Game/FirstPersonBP/Maps/FirstPersonExampleMap.FirstPersonExampleMap:PersistentLevel.FirstPersonExampleMap' with GeneratedClass '/Game/FirstPersonBP/Maps/FirstPersonExampleMap.FirstPersonExampleMap_C' with ClassGeneratedBy '/Game/FirstPersonBP/Maps/FirstPersonExampleMap.FirstPersonExampleMap:PersistentLevel.FirstPersonExampleMap'
[2018.01.27-18.43.25:329][975]LogActorComponent: ReregisterComponent: (/Game/FirstPersonBP/Maps/FirstPersonExampleMap.FirstPersonExampleMap:PersistentLevel.rondo_Cue_2.AudioComponent0) Not currently registered. Aborting.
[2018.01.27-18.43.29:820][625]LogEditorViewport: Clicking on Actor (LMB): AmbientSound (rondo_Cue2)
[2018.01.27-18.43.31:935][687]Cmd: DELETE
[2018.01.27-18.43.31:936][687]Cmd: ACTOR DELETE
[2018.01.27-18.43.31:941][687]LogEditorActor: Deleted Actor: AmbientSound
[2018.01.27-18.43.31:960][687]LogEditorActor: Deleted 1 Actors (0.025 secs)
[2018.01.27-18.43.40:357][871]LogEditorViewport: Clicking on Actor (LMB): AmbientSound (przepasc_Cue)
[2018.01.27-18.44.00:255][538]LogEditorViewport: Clicking on Actor (LMB): AmbientSound (rondo_Cue)
[2018.01.27-18.44.10:588][848]LogTemp: Repeting last play command: Selected Viewport
[2018.01.27-18.44.10:605][848]LogBlueprintUserMessages: Early PlayInEditor Detection: Level '/Game/FirstPersonBP/Maps/FirstPersonExampleMap.FirstPersonExampleMap:PersistentLevel' has LevelScriptBlueprint '/Game/FirstPersonBP/Maps/FirstPersonExampleMap.FirstPersonExampleMap:PersistentLevel.FirstPersonExampleMap' with GeneratedClass '/Game/FirstPersonBP/Maps/FirstPersonExampleMap.FirstPersonExampleMap_C' with ClassGeneratedBy '/Game/FirstPersonBP/Maps/FirstPersonExampleMap.FirstPersonExampleMap:PersistentLevel.FirstPersonExampleMap'
[2018.01.27-18.44.10:605][848]LogPlayLevel: PlayLevel: No blueprints needed recompiling
[2018.01.27-18.44.10:605][848]PIE: New page: PIE session: FirstPersonExampleMap (Jan 27, 2018, 8:44:10 PM)
[2018.01.27-18.44.10:605][848]LogPlayLevel: Creating play world package: /Game/FirstPersonBP/Maps/UEDPIE_0_FirstPersonExampleMap
[2018.01.27-18.44.10:678][848]LogPlayLevel: PIE: StaticDuplicateObject took: (0.072075s)
[2018.01.27-18.44.10:679][848]LogAIModule: Creating AISystem for world FirstPersonExampleMap
[2018.01.27-18.44.10:680][848]LogPlayLevel: PIE: World Init took: (0.001945s)
[2018.01.27-18.44.10:681][848]LogPlayLevel: PIE: Created PIE world by copying editor world from /Game/FirstPersonBP/Maps/FirstPersonExampleMap.FirstPersonExampleMap to /Game/FirstPersonBP/Maps/UEDPIE_0_FirstPersonExampleMap.FirstPersonExampleMap (0.074982s)
[2018.01.27-18.44.10:701][848]LogInit: XAudio2 using 'Głośniki (Realtek High Definition Audio)' : 2 channels at 48 kHz using 32 bits per sample (channel mask 0x3)
[2018.01.27-18.44.10:728][848]LogInit: FAudioDevice initialized.
[2018.01.27-18.44.10:760][848]LogLoad: Game class is 'FirstPersonGameMode_C'
[2018.01.27-18.44.10:779][848]LogWorld: Bringing World /Game/FirstPersonBP/Maps/UEDPIE_0_FirstPersonExampleMap.FirstPersonExampleMap up for play (max tick rate 60) at 2018.01.27-19.44.10
[2018.01.27-18.44.10:781][848]LogWorld: Bringing up level for play took: 0.018374
[2018.01.27-18.44.10:784][848]PIE: Info Play in editor start time for /Game/FirstPersonBP/Maps/UEDPIE_0_FirstPersonExampleMap 0.72
[2018.01.27-18.44.10:784][848]LogBlueprintUserMessages: Late PlayInEditor Detection: Level '/Game/FirstPersonBP/Maps/FirstPersonExampleMap.FirstPersonExampleMap:PersistentLevel' has LevelScriptBlueprint '/Game/FirstPersonBP/Maps/FirstPersonExampleMap.FirstPersonExampleMap:PersistentLevel.FirstPersonExampleMap' with GeneratedClass '/Game/FirstPersonBP/Maps/FirstPersonExampleMap.FirstPersonExampleMap_C' with ClassGeneratedBy '/Game/FirstPersonBP/Maps/FirstPersonExampleMap.FirstPersonExampleMap:PersistentLevel.FirstPersonExampleMap'
[2018.01.27-18.44.14:697][919]LogNet: Browse: /Game/Maps/MenuLevel
[2018.01.27-18.44.14:748][919]LogLoad: LoadMap: /Game/Maps/MenuLevel
[2018.01.27-18.44.14:784][919]Cmd: MEM
[2018.01.27-18.44.14:801][919]LogMemory: Platform Memory Stats for Windows
[2018.01.27-18.44.14:801][919]LogMemory: Process Physical Memory: 1742.47 MB used, 2106.02 MB peak
[2018.01.27-18.44.14:801][919]LogMemory: Process Virtual Memory: 3388.24 MB used, 3581.48 MB peak
[2018.01.27-18.44.14:801][919]LogMemory: Physical Memory: 5920.40 MB used,  2189.80 MB free, 8110.20 MB total
[2018.01.27-18.44.14:801][919]LogMemory: Virtual Memory: 4528.30 MB used,  2189.80 MB free, 134217728.00 MB total
[2018.01.27-18.44.14:801][919]LogMemory: 
[2018.01.27-18.44.14:801][919]Allocator Stats for TBB: (not implemented)
[2018.01.27-18.44.15:905][919]LogMemory:Warning: Freeing 33554432 bytes from backup pool to handle out of memory.
[2018.01.27-18.44.15:905][919]LogMemory:Warning: MemoryStats:
	AvailablePhysical 1968877568
	 AvailableVirtual 140732251848704
	     UsedPhysical 2201747456
	 PeakUsedPhysical 2213691392
	      UsedVirtual 4024426496
	  PeakUsedVirtual 4073414656
[2018.01.27-18.44.15:905][919]Allocator Stats for TBB: (not implemented)
[2018.01.27-18.44.15:994][919]LogWindows: Windows GetLastError: Operacja ukończona pomyślnie. (0)
[2018.01.27-18.44.16:790][919]LogCrashTracker: 


[2018.01.27-18.44.16:792][919]LogWindows: Windows GetLastError: Operacja ukończona pomyślnie. (0)
[2018.01.27-18.44.16:853][919]LogCrashTracker: 


[2018.01.27-18.44.16:853][919]LogWindows:Error: === Critical error: ===
[2018.01.27-18.44.16:853][919]LogWindows:Error: 
[2018.01.27-18.44.16:853][919]LogWindows:Error: Fatal error: [File:D:\Build\++UE4+Release-4.16+Compile\Sync\Engine\Source\Runtime\RenderCore\Private\RenderingThread.cpp] [Line: 798] 
[2018.01.27-18.44.16:853][919]LogWindows:Error: Rendering thread exception:
[2018.01.27-18.44.16:853][919]LogWindows:Error: Fatal error: [File:D:\Build\++UE4+Release-4.16+Compile\Sync\Engine\Source\Runtime\Core\Private\GenericPlatform\GenericPlatformMemory.cpp] [Line: 174] 
[2018.01.27-18.44.16:853][919]LogWindows:Error: Ran out of memory allocating 47352624 bytes with alignment 16
[2018.01.27-18.44.16:853][919]LogWindows:Error: 
[2018.01.27-18.44.16:853][919]LogWindows:Error: 
[2018.01.27-18.44.16:853][919]LogWindows:Error: KERNELBASE.dll!0x00000000D82D3FB8
[2018.01.27-18.44.16:853][919]LogWindows:Error: UE4Editor-Core.dll!0x00000000A6B1AFFE
[2018.01.27-18.44.16:853][919]LogWindows:Error: UE4Editor-Core.dll!0x00000000A693249B
[2018.01.27-18.44.16:853][919]LogWindows:Error: UE4Editor-Core.dll!0x00000000A68C0849
[2018.01.27-18.44.16:853][919]LogWindows:Error: UE4Editor-Core.dll!0x00000000A6790004
[2018.01.27-18.44.16:853][919]LogWindows:Error: UE4Editor-Core.dll!0x00000000A6806222
[2018.01.27-18.44.16:853][919]LogWindows:Error: UE4Editor-D3D11RHI.dll!0x0000000091A4798F
[2018.01.27-18.44.16:853][919]LogWindows:Error: UE4Editor-RHI.dll!0x00000000C3EBD5F2
[2018.01.27-18.44.16:853][919]LogWindows:Error: UE4Editor-Engine.dll!0x0000000096ABA6AB
[2018.01.27-18.44.16:853][919]LogWindows:Error: UE4Editor-RenderCore.dll!0x00000000C3F529FC
[2018.01.27-18.44.16:853][919]LogWindows:Error: UE4Editor-RenderCore.dll!0x00000000C3F663BA
[2018.01.27-18.44.16:853][919]LogWindows:Error: UE4Editor-Core.dll!0x00000000A6794D8C
[2018.01.27-18.44.16:853][919]LogWindows:Error: UE4Editor-Core.dll!0x00000000A67951AD
[2018.01.27-18.44.16:853][919]LogWindows:Error: UE4Editor-RenderCore.dll!0x00000000C3F71607
[2018.01.27-18.44.16:853][919]LogWindows:Error: UE4Editor-RenderCore.dll!0x00000000C3F726F6
[2018.01.27-18.44.16:853][919]LogWindows:Error: UE4Editor-Core.dll!0x00000000A6B2E6A8
[2018.01.27-18.44.16:853][919]LogWindows:Error: UE4Editor-Core.dll!0x00000000A6B28ED9
[2018.01.27-18.44.16:853][919]LogWindows:Error: KERNEL32.DLL!0x00000000D94A1FE4
[2018.01.27-18.44.16:853][919]LogWindows:Error: ntdll.dll!0x00000000DBCEEFB1
[2018.01.27-18.44.16:853][919]LogWindows:Error: ntdll.dll!0x00000000DBCEEFB1
[2018.01.27-18.44.16:853][919]LogWindows:Error: 
[2018.01.27-18.44.16:853][919]LogWindows:Error: 
[2018.01.27-18.44.16:853][919]LogWindows:Error: 
[2018.01.27-18.44.16:853][919]LogWindows:Error: 
[2018.01.27-18.44.16:862][919]LogExit: Executing StaticShutdownAfterError
[2018.01.27-18.44.16:868][919]LogWindows: FPlatformMisc::RequestExit(1)
[2018.01.27-18.44.16:868][919]Log file closed, 01/27/18 19:44:16
