Log file open, 01/11/18 22:11:20
LogInit:Display: Running engine for game: PGK
LogPlatformFile: Not using cached read wrapper
LogInit:Display: RandInit(-65698277) SRandInit(-65698277).
LogTaskGraph: Started task graph with 5 named threads and 8 total threads with 1 sets of task threads.
LogStats: Stats thread started at 0.121084
LogInit: Using libcurl 7.47.1
LogInit:  - built for x86_64-pc-win32
LogInit:  - supports SSL with OpenSSL/1.0.2g
LogInit:  - supports HTTP deflate (compression) using libz 1.2.8
LogInit:  - other features:
LogInit:      CURL_VERSION_SSL
LogInit:      CURL_VERSION_LIBZ
LogInit:      CURL_VERSION_IPV6
LogInit:      CURL_VERSION_ASYNCHDNS
LogInit:      CURL_VERSION_LARGEFILE
LogInit:      CURL_VERSION_IDN
LogInit:  CurlRequestOptions (configurable via config and command line):
LogInit:  - bVerifyPeer = false  - Libcurl will NOT verify peer certificate
LogInit:  - bUseHttpProxy = false  - Libcurl will NOT use HTTP proxy
LogInit:  - bDontReuseConnections = false  - Libcurl will reuse connections
LogInit:  - CertBundlePath = nullptr  - Libcurl will use whatever was configured at build time.
LogInit: Build: ++UE4+Release-4.16-CL-3561208
LogInit: Engine Version: 4.16.3-3561208+++UE4+Release-4.16
LogInit: Compatible Engine Version: 4.16.0-3452394+++UE4+Release-4.16
LogInit: Net CL: 3452394
LogDevObjectVersion: Number of dev versions registered: 16
LogDevObjectVersion:   Dev-Blueprints (B0D832E4-1F89-4F0D-ACCF-7EB736FD4AA2): 9
LogDevObjectVersion:   Dev-Build (E1C64328-A22C-4D53-A36C-8E866417BD8C): 0
LogDevObjectVersion:   Dev-Core (375EC13C-06E4-48FB-B500-84F0262A717E): 2
LogDevObjectVersion:   Dev-Editor (E4B068ED-F494-42E9-A231-DA0B2E46BB41): 17
LogDevObjectVersion:   Dev-Framework (CFFC743F-43B0-4480-9391-14DF171D2073): 23
LogDevObjectVersion:   Dev-Mobile (B02B49B5-BB20-44E9-A304-32B752E40360): 0
LogDevObjectVersion:   Dev-Networking (A4E4105C-59A1-49B5-A7C5-40C4547EDFEE): 0
LogDevObjectVersion:   Dev-Online (39C831C9-5AE6-47DC-9A44-9C173E1C8E7C): 0
LogDevObjectVersion:   Dev-Physics (78F01B33-EBEA-4F98-B9B4-84EACCB95AA2): 0
LogDevObjectVersion:   Dev-Platform (6631380F-2D4D-43E0-8009-CF276956A95A): 0
LogDevObjectVersion:   Dev-Rendering (12F88B9F-8875-4AFC-A67C-D90C383ABD29): 15
LogDevObjectVersion:   Dev-Sequencer (7B5AE74C-D270-4C10-A958-57980B212A5A): 4
LogDevObjectVersion:   Dev-VR (D7296918-1DD6-4BDD-9DE2-64A83CC13884): 0
LogDevObjectVersion:   Dev-LoadTimes (C2A15278-BFE7-4AFE-6C17-90FF531DF755): 1
LogDevObjectVersion:   Private-Geometry (6EACA3D4-40EC-4CC1-B786-8BED09428FC5): 1
LogDevObjectVersion:   Dev-AnimPhys (29E575DD-E0A3-4627-9D10-D276232CDCEA): 3
LogInit: Compiled (64-bit): Jul 28 2017 11:49:47
LogInit: Compiled with Visual C++: 19.00.24215.01
LogInit: Build Configuration: Development
LogInit: Branch Name: ++UE4+Release-4.16
LogInit: Command line: -EpicPortal 
LogInit: Base directory: P:/silnik/UE_4.16/Engine/Binaries/Win64/
LogInit: Installed Engine Build: 1
LogInit: Presizing for max 8388607 objects, including 0 objects not considered by GC, pre-allocating 0 bytes for permanent pool.
LogInit: Object subsystem initialized
[2018.01.11-21.11.21:130][  0]LogInit: Selected Device Profile: [Windows]
[2018.01.11-21.11.21:130][  0]LogInit: Applying CVar settings loaded from the selected device profile: [Windows]
[2018.01.11-21.11.21:189][  0]LogInit: Computer: GROBKOMP
[2018.01.11-21.11.21:189][  0]LogInit: User: Robert
[2018.01.11-21.11.21:189][  0]LogInit: CPU Page size=4096, Cores=4
[2018.01.11-21.11.21:189][  0]LogInit: High frequency timer resolution =2.249998 MHz
[2018.01.11-21.11.21:189][  0]LogMemory: Memory total: Physical=7.9GB (8GB approx)
[2018.01.11-21.11.21:189][  0]LogMemory: Platform Memory Stats for Windows
[2018.01.11-21.11.21:189][  0]LogMemory: Process Physical Memory: 275.95 MB used, 275.95 MB peak
[2018.01.11-21.11.21:189][  0]LogMemory: Process Virtual Memory: 266.81 MB used, 266.81 MB peak
[2018.01.11-21.11.21:189][  0]LogMemory: Physical Memory: 6098.68 MB used,  2011.52 MB free, 8110.20 MB total
[2018.01.11-21.11.21:190][  0]LogMemory: Virtual Memory: 663.04 MB used,  2011.52 MB free, 134217728.00 MB total
[2018.01.11-21.11.21:258][  0]LogInit: Using OS detected language (pl-PL).
[2018.01.11-21.11.21:258][  0]LogInit: Using OS detected locale (pl-PL).
[2018.01.11-21.11.21:308][  0]LogTextLocalizationManager: No localization for 'pl-PL' exists, so 'en' will be used for the language.
[2018.01.11-21.11.21:309][  0]LogTextLocalizationManager: No localization for 'pl-PL' exists, so 'en' will be used for the locale.
[2018.01.11-21.11.22:805][  0]LogD3D11RHI: D3D11 adapters:
[2018.01.11-21.11.23:493][  0]LogD3D11RHI:    0. 'NVIDIA GeForce GTX 960M' (Feature Level 11_0)
[2018.01.11-21.11.23:493][  0]LogD3D11RHI:       2017/0/4055 MB DedicatedVideo/DedicatedSystem/SharedSystem, Outputs:1, VendorId:0x10de
[2018.01.11-21.11.23:504][  0]LogD3D11RHI:    1. 'Intel(R) HD Graphics 530' (Feature Level 11_0)
[2018.01.11-21.11.23:504][  0]LogD3D11RHI:       128/0/4055 MB DedicatedVideo/DedicatedSystem/SharedSystem, Outputs:0, VendorId:0x8086
[2018.01.11-21.11.23:506][  0]LogD3D11RHI:    2. 'Microsoft Basic Render Driver' (Feature Level 11_0)
[2018.01.11-21.11.23:506][  0]LogD3D11RHI:       0/0/4055 MB DedicatedVideo/DedicatedSystem/SharedSystem, Outputs:0, VendorId:0x1414
[2018.01.11-21.11.23:506][  0]LogD3D11RHI: Chosen D3D11 Adapter: 0
[2018.01.11-21.11.23:512][  0]LogD3D11RHI: Creating new Direct3DDevice
[2018.01.11-21.11.23:512][  0]LogD3D11RHI:     GPU DeviceId: 0x139b (for the marketing name, search the web for "GPU Device Id")
[2018.01.11-21.11.23:512][  0]LogWindows: EnumDisplayDevices:
[2018.01.11-21.11.23:512][  0]LogWindows:    0. 'Intel(R) HD Graphics 530' (P:1 D:1)
[2018.01.11-21.11.23:513][  0]LogWindows:    1. 'Intel(R) HD Graphics 530' (P:0 D:0)
[2018.01.11-21.11.23:513][  0]LogWindows:    2. 'Intel(R) HD Graphics 530' (P:0 D:0)
[2018.01.11-21.11.23:513][  0]LogWindows:    3. 'NVIDIA GeForce GTX 960M' (P:0 D:0)
[2018.01.11-21.11.23:513][  0]LogWindows:    4. 'NVIDIA GeForce GTX 960M' (P:0 D:0)
[2018.01.11-21.11.23:513][  0]LogWindows:    5. 'NVIDIA GeForce GTX 960M' (P:0 D:0)
[2018.01.11-21.11.23:513][  0]LogWindows:    6. 'NVIDIA GeForce GTX 960M' (P:0 D:0)
[2018.01.11-21.11.23:513][  0]LogWindows: DebugString: GetVideoDriverDetailsInvalid PrimaryIsNotTheChoosenAdapter GetVideoDriverDetailsInvalid PrimaryIsNotTheChoosenAdapter GetVideoDriverDetailsInvalid PrimaryIsNotTheChoosenAdapter GetVideoDriverDetailsInvalid PrimaryIsNotTheChoosenAdapter GetVideoDriverDetailsInvalid PrimaryIsNotTheChoosenAdapter GetVideoDriverDetailsInvalid PrimaryIsNotTheChoosenAdapter GetVideoDriverDetailsInvalid PrimaryIsNotTheChoosenAdapter FoundDriverCount:0 
[2018.01.11-21.11.23:513][  0]LogD3D11RHI:     Adapter Name: NVIDIA GeForce GTX 960M
[2018.01.11-21.11.23:513][  0]LogD3D11RHI:   Driver Version: Unknown (internal:Unknown, unified:Unknown)
[2018.01.11-21.11.23:513][  0]LogD3D11RHI:      Driver Date: Unknown
[2018.01.11-21.11.23:513][  0]LogRHI: Texture pool is 1361 MB (70% of 1945 MB)
[2018.01.11-21.11.24:139][  0]LogD3D11RHI: Async texture creation enabled
[2018.01.11-21.11.24:476][  0]LogD3D11RHI: GPU Timing Frequency: 1000.000000 (Debug: 2 1)
[2018.01.11-21.11.24:478][  0]LogShaderCompilers: Guid format shader working directory is 33 characters bigger than the processId version (I:/Projekt/PGK/Intermediate/Shaders/WorkingDirectory/6520/).
[2018.01.11-21.11.24:478][  0]LogShaderCompilers: Cleaned the shader compiler working directory 'C:/Users/Robert/AppData/Local/Temp/UnrealShaderWorkingDir/5DD5B4984499E7CB94490AA0458AD351/'.
[2018.01.11-21.11.24:478][  0]LogShaderCompilers:Display: Using Local Shader Compiler.
[2018.01.11-21.11.27:062][  0]LogTemp:Display: Loaded TP AllDesktopTargetPlatform
[2018.01.11-21.11.27:136][  0]LogTemp:Display: Loaded TP MacClientTargetPlatform
[2018.01.11-21.11.27:188][  0]LogTemp:Display: Loaded TP MacNoEditorTargetPlatform
[2018.01.11-21.11.27:239][  0]LogTemp:Display: Loaded TP MacServerTargetPlatform
[2018.01.11-21.11.27:291][  0]LogTemp:Display: Loaded TP MacTargetPlatform
[2018.01.11-21.11.27:344][  0]LogTemp:Display: Loaded TP WindowsClientTargetPlatform
[2018.01.11-21.11.27:396][  0]LogTemp:Display: Loaded TP WindowsNoEditorTargetPlatform
[2018.01.11-21.11.27:447][  0]LogTemp:Display: Loaded TP WindowsServerTargetPlatform
[2018.01.11-21.11.27:492][  0]LogTemp:Display: Loaded TP WindowsTargetPlatform
[2018.01.11-21.11.27:574][  0]LogTemp:Display: Loaded TP AndroidTargetPlatform
[2018.01.11-21.11.27:646][  0]LogTemp:Display: Loaded TP Android_ASTCTargetPlatform
[2018.01.11-21.11.27:707][  0]LogTemp:Display: Loaded TP Android_ATCTargetPlatform
[2018.01.11-21.11.27:758][  0]LogTemp:Display: Loaded TP Android_DXTTargetPlatform
[2018.01.11-21.11.27:806][  0]LogTemp:Display: Loaded TP Android_ETC1TargetPlatform
[2018.01.11-21.11.27:855][  0]LogTemp:Display: Loaded TP Android_ETC2TargetPlatform
[2018.01.11-21.11.27:953][  0]LogTemp:Display: Loaded TP Android_MultiTargetPlatform
[2018.01.11-21.11.27:953][  0]LogTemp:Display: Loaded TP Android_PVRTCTargetPlatform
[2018.01.11-21.11.27:992][  0]LogTemp:Display: Loaded TP HTML5TargetPlatform
[2018.01.11-21.11.28:191][  0]LogTemp:Display: Loaded TP IOSTargetPlatform
[2018.01.11-21.11.28:222][  0]LogTemp:Display: Loaded TP TVOSTargetPlatform
[2018.01.11-21.11.28:270][  0]LogTemp:Display: Loaded TP LinuxClientTargetPlatform
[2018.01.11-21.11.28:319][  0]LogTemp:Display: Loaded TP LinuxNoEditorTargetPlatform
[2018.01.11-21.11.28:366][  0]LogTemp:Display: Loaded TP LinuxServerTargetPlatform
[2018.01.11-21.11.28:424][  0]LogTemp:Display: Loaded TP LinuxTargetPlatform
[2018.01.11-21.11.28:424][  0]LogTargetPlatformManager:Display: Building Assets For Windows
[2018.01.11-21.11.28:964][  0]LogDerivedDataCache:Display: Max Cache Size: 512 MB
[2018.01.11-21.11.29:944][  0]LogDerivedDataCache: Loaded boot cache 0.98s 100MB C:/Users/Robert/AppData/Local/UnrealEngine/4.16/DerivedDataCache/Boot.ddc.
[2018.01.11-21.11.29:944][  0]LogDerivedDataCache:Display: Loaded Boot cache: C:/Users/Robert/AppData/Local/UnrealEngine/4.16/DerivedDataCache/Boot.ddc
[2018.01.11-21.11.29:945][  0]LogDerivedDataCache: FDerivedDataBackendGraph:  Pak pak cache file I:/Projekt/PGK/DerivedDataCache/DDC.ddp not found, will not use a pak cache.
[2018.01.11-21.11.29:945][  0]LogDerivedDataCache: Unable to find inner node Pak for hierarchical cache Hierarchy.
[2018.01.11-21.11.29:945][  0]LogDerivedDataCache: FDerivedDataBackendGraph:  CompressedPak pak cache file I:/Projekt/PGK/DerivedDataCache/Compressed.ddp not found, will not use a pak cache.
[2018.01.11-21.11.29:945][  0]LogDerivedDataCache: Unable to find inner node CompressedPak for hierarchical cache Hierarchy.
[2018.01.11-21.11.29:965][  0]LogDerivedDataCache:Display: Pak cache opened for reading ../../../Engine/DerivedDataCache/Compressed.ddp.
[2018.01.11-21.11.29:979][  0]LogDerivedDataCache: Using Local data cache path C:/Users/Robert/AppData/Local/UnrealEngine/Common/DerivedDataCache: Writable
[2018.01.11-21.11.29:991][  0]LogMaterial: Verifying Global Shaders for PCD3D_SM5
[2018.01.11-21.11.29:992][  0]LogSlate: Using Freetype 2.6.0
[2018.01.11-21.11.30:011][  0]LogSlate: SlateFontCache - WITH_FREETYPE: 1, WITH_HARFBUZZ: 1
[2018.01.11-21.11.30:011][  0]LogSlate: SlateFontCache - WITH_FREETYPE: 1, WITH_HARFBUZZ: 1
[2018.01.11-21.11.32:028][  0]LogInit: Selected Device Profile: [Windows]
[2018.01.11-21.11.32:143][  0]LogContentStreaming: Texture pool size is 0.00 MB
[2018.01.11-21.11.32:379][  0]LogMeshUtilities: Using QuadricMeshReduction for automatic static mesh reduction
[2018.01.11-21.11.32:424][  0]LogSimplygon: Simplygon DLL not present - disabling.
[2018.01.11-21.11.32:475][  0]LogMeshUtilities: Using SimplygonSwarm for distributed automatic mesh merging
[2018.01.11-21.11.32:475][  0]LogMeshUtilities: No automatic skeletal mesh reduction module available
[2018.01.11-21.11.32:475][  0]LogMeshUtilities: No automatic mesh merging module available
[2018.01.11-21.11.33:436][  0]LogNetVersion: PGK , NetCL: 3452394, EngineNetVer: 2, GameNetVer: 0 (Checksum: 3392332418)
[2018.01.11-21.11.33:510][  0]LogAssetRegistry: FAssetRegistry took 0.0261 seconds to start up
[2018.01.11-21.11.33:567][  0]LogPackageLocalizationCache: Processed 4 localized package path(s) for 1 prioritized culture(s) in 0.034568 seconds
[2018.01.11-21.11.33:573][  0]LogUObjectArray: 34194 objects as part of root set at end of initial load.
[2018.01.11-21.11.33:573][  0]LogUObjectAllocator: 7260416 out of 0 bytes used by permanent object pool.
[2018.01.11-21.11.33:573][  0]LogUObjectArray: CloseDisregardForGC: 0/0 objects in disregard for GC pool
[2018.01.11-21.11.33:639][  0]LogInit: WinSock: version 1.1 (2.2), MaxSocks=32767, MaxUdp=65467
[2018.01.11-21.11.52:225][  0]LogTcpMessaging: Initializing TcpMessaging bridge
[2018.01.11-21.11.52:269][  0]LogUdpMessaging: Initializing bridge on interface 0.0.0.0:0 to multicast group 230.0.0.1:6666.
[2018.01.11-21.11.53:154][  0]LogMaterial: Uniform references updated for custom material expression Custom.
[2018.01.11-21.11.53:672][  0]SourceControl: Info Source control is disabled
[2018.01.11-21.11.53:673][  0]SourceControl: Info Source control is disabled
[2018.01.11-21.11.53:723][  0]SourceControl: Info Source control is disabled
[2018.01.11-21.11.53:773][  0]SourceControl: Info Source control is disabled
[2018.01.11-21.11.54:786][  0]LogAndroidPermission: UAndroidPermissionCallbackProxy::GetInstance
[2018.01.11-21.11.55:569][  0]LogEngine: Initializing Engine...
[2018.01.11-21.11.55:571][  0]LogHMD: Failed to initialize OpenVR with code 110
[2018.01.11-21.11.55:870][  0]LogStats: UGameplayTagsManager::ConstructGameplayTagTree: Construct from data asset -  0.000 s
[2018.01.11-21.11.55:870][  0]LogStats: UGameplayTagsManager::ConstructGameplayTagTree: GameplayTagTreeChangedEvent.Broadcast -  0.000 s
[2018.01.11-21.11.56:000][  0]LogAIModule: Creating AISystem for world Untitled
[2018.01.11-21.11.56:011][  0]LogInit: XAudio2 using 'Głośniki (Realtek High Definition Audio)' : 2 channels at 48 kHz using 32 bits per sample (channel mask 0x3)
[2018.01.11-21.11.56:070][  0]LogInit: FAudioDevice initialized.
[2018.01.11-21.11.56:142][  0]LogDerivedDataCache: Saved boot cache 0.07s 100MB C:/Users/Robert/AppData/Local/UnrealEngine/4.16/DerivedDataCache/Boot.ddc.
[2018.01.11-21.11.56:174][  0]LogInit: Texture streaming: Enabled
[2018.01.11-21.11.56:270][  0]LogEngineSessionManager: EngineSessionManager initialized
[2018.01.11-21.11.56:643][  0]LogInit: Transaction tracking system initialized
[2018.01.11-21.11.56:965][  0]BlueprintLog: New page: Editor Load
[2018.01.11-21.11.58:053][  0]LocalizationService: Info Localization service is disabled
[2018.01.11-21.11.59:126][  0]LogConsoleResponse:Display: 
[2018.01.11-21.11.59:636][  0]LogCook:Display: Max memory allowance for cook 16384mb min free memory 0mb
[2018.01.11-21.11.59:636][  0]LogCook:Display: Mobile HDR setting 1
[2018.01.11-21.12.00:544][  0]LogFileCache: Scanning file cache for directory 'I:/Projekt/PGK/Content/' took 0.05s
[2018.01.11-21.12.01:345][  0]SourceControl: Info Source control is disabled
[2018.01.11-21.12.01:345][  0]Cmd: MAP LOAD FILE="I:/Projekt/PGK/Content/FirstPersonBP/Maps/FirstPersonExampleMap.umap" TEMPLATE=0 SHOWPROGRESS=1 FEATURELEVEL=3
[2018.01.11-21.12.01:346][  0]LightingResults: New page: Lighting Build
[2018.01.11-21.12.01:388][  0]MapCheck: New page: Map Check
[2018.01.11-21.12.01:388][  0]LightingResults: New page: Lighting Build
[2018.01.11-21.12.12:301][  0]LogMaterial: Missing cached shader map for material st_tile, compiling. 
[2018.01.11-21.12.12:302][  0]LogMaterial:Warning: Failed to compile Material /Game/import/kibel/st_tile.st_tile for platform PCD3D_SM5, Default Material will be used in game.
[2018.01.11-21.12.12:302][  0]LogMaterial:Warning: 	(Node TextureSample) TextureSample> Sampler type is Normal, should be Color for /Game/import/kibel/Dirt_map.Dirt_map
[2018.01.11-21.12.12:898][  0]LogAIModule: Creating AISystem for world FirstPersonExampleMap
[2018.01.11-21.12.13:163][  0]LogEditorServer: Finished looking for orphan Actors (0.000 secs)
[2018.01.11-21.12.13:188][  0]Cmd: MAP CHECKDEP NOCLEARLOG
[2018.01.11-21.12.13:265][  0]MapCheck: Info Map check complete: 0 Error(s), 0 Warning(s), took 77.393ms to complete.
[2018.01.11-21.12.13:265][  0]LogFileHelpers: Loading map 'FirstPersonExampleMap' took 11.920
[2018.01.11-21.12.13:701][  0]LogCollectionManager: Loaded 0 collections in 0.004742 seconds
[2018.01.11-21.12.13:788][  0]LogFileCache: Scanning file cache for directory 'I:/Projekt/PGK/Saved/Collections/' took 0.01s
[2018.01.11-21.12.13:788][  0]LogFileCache: Scanning file cache for directory 'I:/Projekt/PGK/Content/Developers/Robert/Collections/' took 0.01s
[2018.01.11-21.12.13:788][  0]LogFileCache: Scanning file cache for directory 'I:/Projekt/PGK/Content/Collections/' took 0.01s
[2018.01.11-21.12.13:788][  0]LogCollectionManager: Rebuilt the GUID cache for 0 collections in 0.000002 seconds
[2018.01.11-21.12.13:799][  0]LogContentBrowser: Native class hierarchy populated in 0.0106 seconds. Added 2329 classes and 491 folders.
[2018.01.11-21.12.13:869][  0]LogContentBrowser: Native class hierarchy updated for 'WidgetCarousel' in 0.0007 seconds. Added 0 classes and 0 folders.
[2018.01.11-21.12.15:101][  0]LogContentBrowser: Native class hierarchy updated for 'AddContentDialog' in 0.0012 seconds. Added 0 classes and 0 folders.
[2018.01.11-21.12.15:238][  0]LogContentBrowser: Native class hierarchy updated for 'SceneOutliner' in 0.0012 seconds. Added 1 classes and 2 folders.
[2018.01.11-21.12.15:386][  0]LogCrashTracker: Crashtracker disabled due to settings.
[2018.01.11-21.12.15:429][  0]LogSlate: Took 0.026768 seconds to synchronously load lazily loaded font '../../../Engine/Content/Slate/Fonts/Roboto-Regular.ttf' (155K)
[2018.01.11-21.12.15:443][  0]LogSlate: Took 0.011009 seconds to synchronously load lazily loaded font '../../../Engine/Content/Slate/Fonts/Roboto-Bold.ttf' (160K)
[2018.01.11-21.12.15:474][  0]LogSlate: Took 0.010821 seconds to synchronously load lazily loaded font '../../../Engine/Content/Editor/Slate/Fonts/FontAwesome.ttf' (139K)
[2018.01.11-21.12.15:722][  0]LogRenderer: Reallocating scene render targets to support 1180x600 NumSamples 1 (Frame:1).
[2018.01.11-21.12.16:058][  0]LogUObjectGlobals:Warning: Failed to find object 'Class None.'
[2018.01.11-21.12.16:126][  0]LogContentBrowser: Native class hierarchy updated for 'HierarchicalLODOutliner' in 0.0008 seconds. Added 1 classes and 2 folders.
[2018.01.11-21.12.16:127][  0]LogLoad: (Engine Initialization) Total time: 57.35 seconds
[2018.01.11-21.12.16:127][  0]LogLoad: (Engine Initialization) Total Blueprint compile time: 0.31 seconds
[2018.01.11-21.12.16:127][  0]LogExternalProfiler: No external profilers were discovered.  External profiling features will not be available.
[2018.01.11-21.12.16:167][  0]LogOcInput: OculusInput pre-init called
[2018.01.11-21.12.16:167][  0]LogHMD: Starting GearVRController plugin
[2018.01.11-21.12.16:211][  0]LogContentStreaming: Texture pool size now 1000 MB
[2018.01.11-21.12.16:584][  0]LogSlate: Took 0.129569 seconds to synchronously load lazily loaded font '../../../Engine/Content/Slate/Fonts/Roboto-Light.ttf' (159K)
[2018.01.11-21.12.16:683][  1]LogFileCache: Retrieving MD5 hashes for directory 'I:/Projekt/PGK/Content/' took 0.50s
[2018.01.11-21.12.16:706][  1]LogAssetRegistry: Asset discovery search completed in 43.2183 seconds
[2018.01.11-21.12.16:710][  1]LogCollectionManager: Rebuilt the object cache for 0 collections in 0.000001 seconds (found 0 objects)
[2018.01.11-21.12.16:710][  1]LogCollectionManager: Fixed up redirectors for 0 collections in 0.000086 seconds (updated 0 objects)
[2018.01.11-21.12.19:324][ 61]LogSlate: Took 0.000340 seconds to synchronously load lazily loaded font '../../../Engine/Content/Slate/Fonts/Roboto-Light.ttf' (159K)
[2018.01.11-21.15.37:097][967]AssetReimport: New page: Outstanding source content changes 11:15:37 PM
[2018.01.11-21.15.37:177][968]LogFactory: FactoryCreateFile: Texture with ReimportTextureFactory (0 0 I:/Projekt/PGK/Content/import/plane/exit.jpg)
[2018.01.11-21.15.37:245][968]LogFactory: FactoryCreateFile: Texture with TextureFactory (0 0 I:/Projekt/PGK/Content/import/plane/exit.jpg)
[2018.01.11-21.15.37:570][969]LogFactory: FactoryCreateFile: Texture with ReimportTextureFactory (0 0 I:/Projekt/PGK/Content/import/plane/exitg.jpg)
[2018.01.11-21.15.37:571][969]LogFactory: FactoryCreateFile: Texture with TextureFactory (0 0 I:/Projekt/PGK/Content/import/plane/exitg.jpg)
[2018.01.11-21.15.37:628][970]LogFactory: FactoryCreateFile: Texture with ReimportTextureFactory (0 0 I:/Projekt/PGK/Content/import/plane/exitkier.jpg)
[2018.01.11-21.15.38:011][971]LogFactory: FactoryCreateFile: Texture with ReimportTextureFactory (0 0 I:/Projekt/PGK/Content/import/plane/winda.jpg)
[2018.01.11-21.15.38:247][972]LogSlate: Took 0.000531 seconds to synchronously load lazily loaded font '../../../Engine/Content/Slate/Fonts/Roboto-Light.ttf' (159K)
[2018.01.11-21.15.38:394][972]Cmd: OBJ SAVEPACKAGE PACKAGE="/Game/import/plane/exitkier" FILE="I:/Projekt/PGK/Content/import/plane/exitkier.uasset" SILENT=true
[2018.01.11-21.15.38:550][972]LogSavePackage: Save=146.50ms
[2018.01.11-21.15.38:550][972]LogSavePackage: Moving 'I:/Projekt/PGK/Saved/exitkierC55FE5C5469A6C5293FA958058B75F4D.tmp' to 'I:/Projekt/PGK/Content/import/plane/exitkier.uasset'
[2018.01.11-21.15.38:577][972]LogSavePackage:Display: Finished SavePackage I:/Projekt/PGK/Content/import/plane/exitkier.uasset
[2018.01.11-21.15.38:606][972]Cmd: OBJ SAVEPACKAGE PACKAGE="/Game/import/plane/winda" FILE="I:/Projekt/PGK/Content/import/plane/winda.uasset" SILENT=true
[2018.01.11-21.15.38:635][972]LogSavePackage: Save=27.83ms
[2018.01.11-21.15.38:635][972]LogSavePackage: Moving 'I:/Projekt/PGK/Saved/windaCC1A609040954E92848346913783C020.tmp' to 'I:/Projekt/PGK/Content/import/plane/winda.uasset'
[2018.01.11-21.15.38:637][972]LogSavePackage:Display: Finished SavePackage I:/Projekt/PGK/Content/import/plane/winda.uasset
[2018.01.11-21.15.41:653][ 32]AssetReimport: Info Importing new asset /Game/import/plane/exit.
[2018.01.11-21.15.41:653][ 32]AssetReimport: Info Failed to import file I:/Projekt/PGK/Content/import/plane/exit.jpg.
[2018.01.11-21.15.41:653][ 32]AssetReimport: Info Importing new asset /Game/import/plane/exitg.
[2018.01.11-21.15.41:653][ 32]AssetReimport: Info Failed to import file I:/Projekt/PGK/Content/import/plane/exitg.jpg.
[2018.01.11-21.15.41:653][ 32]AssetReimport: Info Importing new asset /Game/import/plane/exitkier.
[2018.01.11-21.15.41:653][ 32]AssetReimport: Info Importing new asset /Game/import/plane/winda.
[2018.01.11-21.17.07:401][ 85]LogFactory: FactoryCreateFile: Texture with ReimportTextureFactory (0 0 I:/Projekt/PGK/Content/import/plane/exit.jpg)
[2018.01.11-21.17.07:401][ 85]Error: Texture import failed
[2018.01.11-21.17.14:149][ 85]LogAssetTools:Warning: Failed to import 'I:/Projekt/PGK/Content/import/plane/exit.jpg'. Failed to create asset '/Game/import/plane/exit'.
Please see Output Log for details.
[2018.01.11-21.17.14:207][ 85]LogFactory: FactoryCreateFile: Texture with ReimportTextureFactory (0 0 I:/Projekt/PGK/Content/import/plane/exitg.jpg)
[2018.01.11-21.17.14:208][ 85]Error: Texture import failed
[2018.01.11-21.17.15:089][ 85]LogAssetTools:Warning: Failed to import 'I:/Projekt/PGK/Content/import/plane/exitg.jpg'. Failed to create asset '/Game/import/plane/exitg'.
Please see Output Log for details.
[2018.01.11-21.18.23:018][979]AssetReimport: New page: Outstanding source content changes 11:18:23 PM
[2018.01.11-21.18.40:080][329]LogFactory: FactoryCreateFile: Texture with ReimportTextureFactory (0 0 I:/Projekt/PGK/Content/import/plane/exit.jpg)
[2018.01.11-21.18.40:095][329]LogTexture:Display: Building textures: exit (AutoDXT, 380X200)
[2018.01.11-21.18.40:259][329]LogFactory: FactoryCreateFile: Texture with ReimportTextureFactory (0 0 I:/Projekt/PGK/Content/import/plane/exitg.jpg)
[2018.01.11-21.18.40:283][329]LogTexture:Display: Building textures: exitg (BGRA8, 380X127)
[2018.01.11-21.22.57:744][ 30]LogActorFactory: Actor Factory created Plane
[2018.01.11-21.22.58:699][ 46]LogActorFactory: Actor Factory created Plane
[2018.01.11-21.23.02:516][105]LogMaterial: Missing cached shader map for material winda_Mat, compiling. 
[2018.01.11-21.24.09:964][705]LogActorFactory: Actor Factory created Plane
[2018.01.11-21.24.11:034][720]LogActorFactory: Actor Factory created Plane
[2018.01.11-21.24.18:541][866]LogMaterial: Missing cached shader map for material exitkier_Mat, compiling. 
[2018.01.11-21.25.23:634][ 62]LogActorFactory: Actor Factory created Plane
[2018.01.11-21.25.24:340][ 73]LogActorFactory: Actor Factory created Plane
[2018.01.11-21.25.29:772][207]LogMaterial: Missing cached shader map for material exit_Mat, compiling. 
[2018.01.11-21.27.05:466][381]LogEditorViewport: Clicking on Actor (LMB): StaticMeshActor (SM_Door)
[2018.01.11-21.27.06:917][413]LogEditorViewport: Clicking on Actor (LMB): StaticMeshActor (Plane6)
[2018.01.11-21.27.17:816][635]LogEditorViewport: Clicking on Actor (LMB): StaticMeshActor (SM_Door)
[2018.01.11-21.27.19:393][669]LogEditorViewport: Clicking on Actor (LMB): StaticMeshActor (Plane6)
[2018.01.11-21.27.26:890][841]LogEditorViewport: Clicking on Actor (LMB): StaticMeshActor (Cube6)
[2018.01.11-21.27.29:488][899]LogTemp: Repeting last play command: Selected Viewport
[2018.01.11-21.27.29:840][899]LogBlueprintUserMessages: Early PlayInEditor Detection: Level '/Game/FirstPersonBP/Maps/FirstPersonExampleMap.FirstPersonExampleMap:PersistentLevel' has LevelScriptBlueprint '/Game/FirstPersonBP/Maps/FirstPersonExampleMap.FirstPersonExampleMap:PersistentLevel.FirstPersonExampleMap' with GeneratedClass '/Game/FirstPersonBP/Maps/FirstPersonExampleMap.FirstPersonExampleMap_C' with ClassGeneratedBy '/Game/FirstPersonBP/Maps/FirstPersonExampleMap.FirstPersonExampleMap:PersistentLevel.FirstPersonExampleMap'
[2018.01.11-21.27.29:854][899]LogPlayLevel: PlayLevel: No blueprints needed recompiling
[2018.01.11-21.27.29:929][899]PIE: New page: PIE session: FirstPersonExampleMap (Jan 11, 2018, 11:27:29 PM)
[2018.01.11-21.27.29:934][899]LogPlayLevel: Creating play world package: /Game/FirstPersonBP/Maps/UEDPIE_0_FirstPersonExampleMap
[2018.01.11-21.27.30:083][899]LogPlayLevel: PIE: StaticDuplicateObject took: (0.149557s)
[2018.01.11-21.27.30:085][899]LogAIModule: Creating AISystem for world FirstPersonExampleMap
[2018.01.11-21.27.30:085][899]LogPlayLevel: PIE: World Init took: (0.001764s)
[2018.01.11-21.27.30:120][899]LogPlayLevel: PIE: Created PIE world by copying editor world from /Game/FirstPersonBP/Maps/FirstPersonExampleMap.FirstPersonExampleMap to /Game/FirstPersonBP/Maps/UEDPIE_0_FirstPersonExampleMap.FirstPersonExampleMap (0.186211s)
[2018.01.11-21.27.30:231][899]LogInit: XAudio2 using 'Głośniki (Realtek High Definition Audio)' : 2 channels at 48 kHz using 32 bits per sample (channel mask 0x3)
[2018.01.11-21.27.30:256][899]LogInit: FAudioDevice initialized.
[2018.01.11-21.27.30:402][899]LogLoad: Game class is 'FirstPersonGameMode_C'
[2018.01.11-21.27.30:566][899]LogWorld: Bringing World /Game/FirstPersonBP/Maps/UEDPIE_0_FirstPersonExampleMap.FirstPersonExampleMap up for play (max tick rate 60) at 2018.01.11-22.27.30
[2018.01.11-21.27.30:683][899]LogWorld: Bringing up level for play took: 0.136377
[2018.01.11-21.27.30:808][899]LogGameMode: FindPlayerStart: PATHS NOT DEFINED or NO PLAYERSTART with positive rating
[2018.01.11-21.27.31:035][899]LogContentBrowser: Native class hierarchy updated for 'MovieSceneCapture' in 0.0009 seconds. Added 11 classes and 0 folders.
[2018.01.11-21.27.31:082][899]PIE: Info Play in editor start time for /Game/FirstPersonBP/Maps/UEDPIE_0_FirstPersonExampleMap 0.744
[2018.01.11-21.27.31:083][899]LogBlueprintUserMessages: Late PlayInEditor Detection: Level '/Game/FirstPersonBP/Maps/FirstPersonExampleMap.FirstPersonExampleMap:PersistentLevel' has LevelScriptBlueprint '/Game/FirstPersonBP/Maps/FirstPersonExampleMap.FirstPersonExampleMap:PersistentLevel.FirstPersonExampleMap' with GeneratedClass '/Game/FirstPersonBP/Maps/FirstPersonExampleMap.FirstPersonExampleMap_C' with ClassGeneratedBy '/Game/FirstPersonBP/Maps/FirstPersonExampleMap.FirstPersonExampleMap:PersistentLevel.FirstPersonExampleMap'
[2018.01.11-21.28.03:195][709]LogBlueprintUserMessages: Early EndPlayMap Detection: Level '/Game/FirstPersonBP/Maps/FirstPersonExampleMap.FirstPersonExampleMap:PersistentLevel' has LevelScriptBlueprint '/Game/FirstPersonBP/Maps/FirstPersonExampleMap.FirstPersonExampleMap:PersistentLevel.FirstPersonExampleMap' with GeneratedClass '/Game/FirstPersonBP/Maps/FirstPersonExampleMap.FirstPersonExampleMap_C' with ClassGeneratedBy '/Game/FirstPersonBP/Maps/FirstPersonExampleMap.FirstPersonExampleMap:PersistentLevel.FirstPersonExampleMap'
[2018.01.11-21.28.03:406][709]LogBlueprintUserMessages: Late EndPlayMap Detection: Level '/Game/FirstPersonBP/Maps/FirstPersonExampleMap.FirstPersonExampleMap:PersistentLevel' has LevelScriptBlueprint '/Game/FirstPersonBP/Maps/FirstPersonExampleMap.FirstPersonExampleMap:PersistentLevel.FirstPersonExampleMap' with GeneratedClass '/Game/FirstPersonBP/Maps/FirstPersonExampleMap.FirstPersonExampleMap_C' with ClassGeneratedBy '/Game/FirstPersonBP/Maps/FirstPersonExampleMap.FirstPersonExampleMap:PersistentLevel.FirstPersonExampleMap'
[2018.01.11-21.29.02:202][ 94]LogEditorViewport: Clicking on Actor (LMB): StaticMeshActor (Plane6)
[2018.01.11-21.29.56:974][330]LogEditorViewport: Clicking on Actor (LMB): StaticMeshActor (Plane5)
[2018.01.11-21.30.18:418][768]LogEditorViewport: Clicking on Actor (LMB): StaticMeshActor (Plane6)
[2018.01.11-21.33.08:219][809]LogEditorViewport: Clicking on Actor (LMB): StaticMeshActor (SM_Door)
[2018.01.11-21.33.09:544][837]LogEditorViewport: Clicking on Actor (LMB): StaticMeshActor (Plane6)
[2018.01.11-21.33.12:493][903]LogEditorViewport: Clicking on Actor (LMB): StaticMeshActor (SM_Door)
[2018.01.11-21.33.20:862][101]LogEditorViewport: Clicking on Actor (LMB): StaticMeshActor (SM_Door)
[2018.01.11-21.33.36:364][451]LogEditorViewport: Clicking on Actor (LMB): StaticMeshActor (SM_DoorFrame)
[2018.01.11-21.34.42:583][964]LogEditorViewport: Clicking on Actor (context menu): StaticMeshActor (sciana_kor9)
[2018.01.11-21.34.44:722][  1]LogEditorViewport: Clicking on Actor (LMB): StaticMeshActor (sciana_kor6)
[2018.01.11-21.34.58:826][320]LogEditorViewport: Clicking on Actor (LMB): StaticMeshActor (sciana_kor6)
[2018.01.11-21.35.00:572][360]LogEditorViewport: Clicking on Actor (LMB): StaticMeshActor (Cube14)
[2018.01.11-21.35.12:036][625]LogEditorViewport: Clicking on Actor (LMB): StaticMeshActor (Plane6)
[2018.01.11-21.39.41:378][ 47]LogEditorViewport: Clicking on Actor (context menu): StaticMeshActor (SM_Door)
[2018.01.11-21.39.42:577][ 62]LogTemp: Repeting last play command: Selected Viewport
[2018.01.11-21.39.42:600][ 62]LogBlueprintUserMessages: Early PlayInEditor Detection: Level '/Game/FirstPersonBP/Maps/FirstPersonExampleMap.FirstPersonExampleMap:PersistentLevel' has LevelScriptBlueprint '/Game/FirstPersonBP/Maps/FirstPersonExampleMap.FirstPersonExampleMap:PersistentLevel.FirstPersonExampleMap' with GeneratedClass '/Game/FirstPersonBP/Maps/FirstPersonExampleMap.FirstPersonExampleMap_C' with ClassGeneratedBy '/Game/FirstPersonBP/Maps/FirstPersonExampleMap.FirstPersonExampleMap:PersistentLevel.FirstPersonExampleMap'
[2018.01.11-21.39.42:600][ 62]LogPlayLevel: PlayLevel: No blueprints needed recompiling
[2018.01.11-21.39.42:600][ 62]PIE: New page: PIE session: FirstPersonExampleMap (Jan 11, 2018, 11:39:42 PM)
[2018.01.11-21.39.42:600][ 62]LogPlayLevel: Creating play world package: /Game/FirstPersonBP/Maps/UEDPIE_0_FirstPersonExampleMap
[2018.01.11-21.39.42:708][ 62]LogPlayLevel: PIE: StaticDuplicateObject took: (0.107415s)
[2018.01.11-21.39.42:710][ 62]LogAIModule: Creating AISystem for world FirstPersonExampleMap
[2018.01.11-21.39.42:710][ 62]LogPlayLevel: PIE: World Init took: (0.002245s)
[2018.01.11-21.39.42:711][ 62]LogPlayLevel: PIE: Created PIE world by copying editor world from /Game/FirstPersonBP/Maps/FirstPersonExampleMap.FirstPersonExampleMap to /Game/FirstPersonBP/Maps/UEDPIE_0_FirstPersonExampleMap.FirstPersonExampleMap (0.110421s)
[2018.01.11-21.39.42:742][ 62]LogInit: XAudio2 using 'Głośniki (Realtek High Definition Audio)' : 2 channels at 48 kHz using 32 bits per sample (channel mask 0x3)
[2018.01.11-21.39.42:775][ 62]LogInit: FAudioDevice initialized.
[2018.01.11-21.39.42:905][ 62]LogLoad: Game class is 'FirstPersonGameMode_C'
[2018.01.11-21.39.42:925][ 62]LogWorld: Bringing World /Game/FirstPersonBP/Maps/UEDPIE_0_FirstPersonExampleMap.FirstPersonExampleMap up for play (max tick rate 60) at 2018.01.11-22.39.42
[2018.01.11-21.39.42:926][ 62]LogWorld: Bringing up level for play took: 0.019554
[2018.01.11-21.39.42:927][ 62]LogGameMode: FindPlayerStart: PATHS NOT DEFINED or NO PLAYERSTART with positive rating
[2018.01.11-21.39.42:929][ 62]PIE: Info Play in editor start time for /Game/FirstPersonBP/Maps/UEDPIE_0_FirstPersonExampleMap 0.591
[2018.01.11-21.39.42:929][ 62]LogBlueprintUserMessages: Late PlayInEditor Detection: Level '/Game/FirstPersonBP/Maps/FirstPersonExampleMap.FirstPersonExampleMap:PersistentLevel' has LevelScriptBlueprint '/Game/FirstPersonBP/Maps/FirstPersonExampleMap.FirstPersonExampleMap:PersistentLevel.FirstPersonExampleMap' with GeneratedClass '/Game/FirstPersonBP/Maps/FirstPersonExampleMap.FirstPersonExampleMap_C' with ClassGeneratedBy '/Game/FirstPersonBP/Maps/FirstPersonExampleMap.FirstPersonExampleMap:PersistentLevel.FirstPersonExampleMap'
[2018.01.11-21.40.07:853][671]LogBlueprintUserMessages: Early EndPlayMap Detection: Level '/Game/FirstPersonBP/Maps/FirstPersonExampleMap.FirstPersonExampleMap:PersistentLevel' has LevelScriptBlueprint '/Game/FirstPersonBP/Maps/FirstPersonExampleMap.FirstPersonExampleMap:PersistentLevel.FirstPersonExampleMap' with GeneratedClass '/Game/FirstPersonBP/Maps/FirstPersonExampleMap.FirstPersonExampleMap_C' with ClassGeneratedBy '/Game/FirstPersonBP/Maps/FirstPersonExampleMap.FirstPersonExampleMap:PersistentLevel.FirstPersonExampleMap'
[2018.01.11-21.40.08:004][671]LogBlueprintUserMessages: Late EndPlayMap Detection: Level '/Game/FirstPersonBP/Maps/FirstPersonExampleMap.FirstPersonExampleMap:PersistentLevel' has LevelScriptBlueprint '/Game/FirstPersonBP/Maps/FirstPersonExampleMap.FirstPersonExampleMap:PersistentLevel.FirstPersonExampleMap' with GeneratedClass '/Game/FirstPersonBP/Maps/FirstPersonExampleMap.FirstPersonExampleMap_C' with ClassGeneratedBy '/Game/FirstPersonBP/Maps/FirstPersonExampleMap.FirstPersonExampleMap:PersistentLevel.FirstPersonExampleMap'
[2018.01.11-21.40.11:019][713]Cmd: OBJ SAVEPACKAGE PACKAGE="/Game/FirstPersonBP/Maps/FirstPersonExampleMap" FILE="I:/Projekt/PGK/Content/FirstPersonBP/Maps/FirstPersonExampleMap.umap" SILENT=true AUTOSAVING=false KEEPDIRTY=false
[2018.01.11-21.40.13:264][713]LogSavePackage: Save=2123.68ms
[2018.01.11-21.40.13:264][713]LogSavePackage: Moving 'I:/Projekt/PGK/Saved/FirstPersonExampleMap48BFCA3B4A91099CC9390AB86979C6BB.tmp' to 'I:/Projekt/PGK/Content/FirstPersonBP/Maps/FirstPersonExampleMap.umap'
[2018.01.11-21.40.13:287][713]LogSavePackage:Display: Finished SavePackage I:/Projekt/PGK/Content/FirstPersonBP/Maps/FirstPersonExampleMap.umap
[2018.01.11-21.40.13:347][713]LogSlate: Took 0.000180 seconds to synchronously load lazily loaded font '../../../Engine/Content/Slate/Fonts/Roboto-Regular.ttf' (155K)
[2018.01.11-21.40.13:411][713]Cmd: OBJ SAVEPACKAGE PACKAGE="/Game/FirstPersonBP/Maps/FirstPersonExampleMap_BuiltData" FILE="I:/Projekt/PGK/Content/FirstPersonBP/Maps/FirstPersonExampleMap_BuiltData.uasset" SILENT=true
[2018.01.11-21.40.13:461][713]LogSavePackage: Save=36.20ms
[2018.01.11-21.40.13:461][713]LogSavePackage: Moving 'I:/Projekt/PGK/Saved/FirstPersonExampleMap_BuiltDataE794A8B94F1F5893AD728CB56D1C3AC8.tmp' to 'I:/Projekt/PGK/Content/FirstPersonBP/Maps/FirstPersonExampleMap_BuiltData.uasset'
[2018.01.11-21.40.13:463][713]LogSavePackage:Display: Finished SavePackage I:/Projekt/PGK/Content/FirstPersonBP/Maps/FirstPersonExampleMap_BuiltData.uasset
[2018.01.11-21.55.42:105][ 11]Cmd: OBJ SAVEPACKAGE PACKAGE="/Game/FirstPersonBP/Maps/FirstPersonExampleMap" FILE="I:/Projekt/PGK/Content/FirstPersonBP/Maps/FirstPersonExampleMap.umap" SILENT=true AUTOSAVING=false KEEPDIRTY=false
[2018.01.11-21.55.43:939][ 11]LogSavePackage: Save=1726.94ms
[2018.01.11-21.55.43:939][ 11]LogSavePackage: Moving 'I:/Projekt/PGK/Saved/FirstPersonExampleMap08A05DC645803A1C777E5EBADD23E1E5.tmp' to 'I:/Projekt/PGK/Content/FirstPersonBP/Maps/FirstPersonExampleMap.umap'
[2018.01.11-21.55.43:942][ 11]LogSavePackage:Display: Finished SavePackage I:/Projekt/PGK/Content/FirstPersonBP/Maps/FirstPersonExampleMap.umap
[2018.01.11-21.55.43:965][ 11]Cmd: OBJ SAVEPACKAGE PACKAGE="/Game/FirstPersonBP/Maps/FirstPersonExampleMap_BuiltData" FILE="I:/Projekt/PGK/Content/FirstPersonBP/Maps/FirstPersonExampleMap_BuiltData.uasset" SILENT=true
[2018.01.11-21.55.43:971][ 11]LogSavePackage: Save=0.84ms
[2018.01.11-21.55.43:971][ 11]LogSavePackage: Moving 'I:/Projekt/PGK/Saved/FirstPersonExampleMap_BuiltData15EAC9EE4200A3437EA7E2AD2274C4E9.tmp' to 'I:/Projekt/PGK/Content/FirstPersonBP/Maps/FirstPersonExampleMap_BuiltData.uasset'
[2018.01.11-21.55.43:972][ 11]LogSavePackage:Display: Finished SavePackage I:/Projekt/PGK/Content/FirstPersonBP/Maps/FirstPersonExampleMap_BuiltData.uasset
[2018.01.11-21.55.46:291][ 28]Cmd: OBJ SAVEPACKAGE PACKAGE="/Game/import/plane/exit" FILE="I:/Projekt/PGK/Content/import/plane/exit.uasset" SILENT=true
[2018.01.11-21.55.46:311][ 28]LogSavePackage: Save=18.96ms
[2018.01.11-21.55.46:311][ 28]LogSavePackage: Moving 'I:/Projekt/PGK/Saved/exitB0444927401DB2CD6094E99401EA1442.tmp' to 'I:/Projekt/PGK/Content/import/plane/exit.uasset'
[2018.01.11-21.55.46:313][ 28]LogSavePackage:Display: Finished SavePackage I:/Projekt/PGK/Content/import/plane/exit.uasset
[2018.01.11-21.55.46:435][ 28]Cmd: OBJ SAVEPACKAGE PACKAGE="/Game/import/plane/exit_Mat" FILE="I:/Projekt/PGK/Content/import/plane/exit_Mat.uasset" SILENT=true
[2018.01.11-21.55.46:549][ 28]LogSavePackage: Save=112.60ms
[2018.01.11-21.55.46:549][ 28]LogSavePackage: Moving 'I:/Projekt/PGK/Saved/exit_Mat2C2C88DC4DC4C3B97F31F8A48612F460.tmp' to 'I:/Projekt/PGK/Content/import/plane/exit_Mat.uasset'
[2018.01.11-21.55.46:553][ 28]LogSavePackage:Display: Finished SavePackage I:/Projekt/PGK/Content/import/plane/exit_Mat.uasset
[2018.01.11-21.55.46:562][ 28]Cmd: OBJ SAVEPACKAGE PACKAGE="/Game/import/plane/exitg" FILE="I:/Projekt/PGK/Content/import/plane/exitg.uasset" SILENT=true
[2018.01.11-21.55.46:576][ 28]LogSavePackage: Save=13.12ms
[2018.01.11-21.55.46:576][ 28]LogSavePackage: Moving 'I:/Projekt/PGK/Saved/exitgBB0A8CE744E77F605260BCBA51B4EFF4.tmp' to 'I:/Projekt/PGK/Content/import/plane/exitg.uasset'
[2018.01.11-21.55.46:578][ 28]LogSavePackage:Display: Finished SavePackage I:/Projekt/PGK/Content/import/plane/exitg.uasset
[2018.01.11-21.55.46:624][ 28]Cmd: OBJ SAVEPACKAGE PACKAGE="/Game/import/plane/exitkier_Mat" FILE="I:/Projekt/PGK/Content/import/plane/exitkier_Mat.uasset" SILENT=true
[2018.01.11-21.55.46:638][ 28]LogSavePackage: Save=13.27ms
[2018.01.11-21.55.46:638][ 28]LogSavePackage: Moving 'I:/Projekt/PGK/Saved/exitkier_MatD083E85B44895C425EE73DAC4A51F487.tmp' to 'I:/Projekt/PGK/Content/import/plane/exitkier_Mat.uasset'
[2018.01.11-21.55.46:640][ 28]LogSavePackage:Display: Finished SavePackage I:/Projekt/PGK/Content/import/plane/exitkier_Mat.uasset
[2018.01.11-21.55.46:689][ 28]Cmd: OBJ SAVEPACKAGE PACKAGE="/Game/import/plane/winda_Mat" FILE="I:/Projekt/PGK/Content/import/plane/winda_Mat.uasset" SILENT=true
[2018.01.11-21.55.46:702][ 28]LogSavePackage: Save=12.50ms
[2018.01.11-21.55.46:702][ 28]LogSavePackage: Moving 'I:/Projekt/PGK/Saved/winda_Mat9C5B1E61483AA0834AE05BAA2D0CD8F0.tmp' to 'I:/Projekt/PGK/Content/import/plane/winda_Mat.uasset'
[2018.01.11-21.55.46:704][ 28]LogSavePackage:Display: Finished SavePackage I:/Projekt/PGK/Content/import/plane/winda_Mat.uasset
[2018.01.11-21.55.46:766][ 28]LogWindowsTextInputMethodSystem:Display: IME system now deactivated.
[2018.01.11-21.55.47:028][ 29]Cmd: QUIT_EDITOR
[2018.01.11-21.55.47:391][ 29]LogExit: Preparing to exit.
[2018.01.11-21.55.48:589][ 29]LogExit: Editor shut down
[2018.01.11-21.55.48:604][ 29]LogExit: Transaction tracking system shut down
[2018.01.11-21.55.48:736][ 29]LogObj: Freed 0b from 0 cluster array pools.
[2018.01.11-21.55.48:737][ 29]LogExit: Object subsystem successfully closed.
[2018.01.11-21.55.48:771][ 29]LogD3D11RHI: Shutdown
[2018.01.11-21.55.48:771][ 29]LogD3D11RHI: CleanupD3DDevice
[2018.01.11-21.55.48:927][ 29]LogD3D11RHI: ~FD3D11DynamicRHI
[2018.01.11-21.55.48:938][ 29]LogModuleManager: Shutting down and abandoning module MovieSceneCapture (526)
[2018.01.11-21.55.48:938][ 29]LogModuleManager: Shutting down and abandoning module HierarchicalLODOutliner (524)
[2018.01.11-21.55.48:938][ 29]LogModuleManager: Shutting down and abandoning module CrashTracker (522)
[2018.01.11-21.55.48:938][ 29]LogModuleManager: Shutting down and abandoning module SceneOutliner (520)
[2018.01.11-21.55.48:938][ 29]LogModuleManager: Shutting down and abandoning module AddContentDialog (518)
[2018.01.11-21.55.48:938][ 29]LogDirectoryWatcher: A directory notification for 'P:/silnik/UE_4.16/FeaturePacks/' was aborted.
[2018.01.11-21.55.48:940][ 29]LogModuleManager: Shutting down and abandoning module WidgetCarousel (517)
[2018.01.11-21.55.48:940][ 29]LogModuleManager: Shutting down and abandoning module EditorWidgets (514)
[2018.01.11-21.55.48:940][ 29]LogModuleManager: Shutting down and abandoning module CollectionManager (512)
[2018.01.11-21.55.48:940][ 29]LogDirectoryWatcher: A directory notification for 'I:/Projekt/PGK/Content/Collections/' was aborted.
[2018.01.11-21.55.48:941][ 29]LogDirectoryWatcher: A directory notification for 'I:/Projekt/PGK/Content/Developers/Robert/Collections/' was aborted.
[2018.01.11-21.55.48:941][ 29]LogDirectoryWatcher: A directory notification for 'I:/Projekt/PGK/Saved/Collections/' was aborted.
[2018.01.11-21.55.48:941][ 29]LogModuleManager: Shutting down and abandoning module StatsViewer (510)
[2018.01.11-21.55.48:941][ 29]LogModuleManager: Shutting down and abandoning module FoliageEdit (508)
[2018.01.11-21.55.48:941][ 29]LogModuleManager: Shutting down and abandoning module LandscapeEditor (506)
[2018.01.11-21.55.48:941][ 29]LogModuleManager: Shutting down and abandoning module MeshPaintMode (504)
[2018.01.11-21.55.48:941][ 29]LogModuleManager: Shutting down and abandoning module SceneDepthPickerMode (502)
[2018.01.11-21.55.48:941][ 29]LogModuleManager: Shutting down and abandoning module ActorPickerMode (500)
[2018.01.11-21.55.48:941][ 29]LogModuleManager: Shutting down and abandoning module GeometryMode (498)
[2018.01.11-21.55.48:941][ 29]LogModuleManager: Shutting down and abandoning module TextureAlignMode (496)
[2018.01.11-21.55.48:941][ 29]LogModuleManager: Shutting down and abandoning module BspMode (494)
[2018.01.11-21.55.48:941][ 29]LogModuleManager: Shutting down and abandoning module HardwareSurvey (492)
[2018.01.11-21.55.48:941][ 29]LogModuleManager: Shutting down and abandoning module SequenceRecorderSections (490)
[2018.01.11-21.55.48:941][ 29]LogModuleManager: Shutting down and abandoning module AutomationWorker (488)
[2018.01.11-21.55.48:941][ 29]LogModuleManager: Shutting down and abandoning module MatineeToLevelSequence (486)
[2018.01.11-21.55.48:941][ 29]LogModuleManager: Shutting down and abandoning module LevelSequenceEditor (484)
[2018.01.11-21.55.48:941][ 29]LogModuleManager: Shutting down and abandoning module PlacementMode (483)
[2018.01.11-21.55.48:941][ 29]LogModuleManager: Shutting down and abandoning module WmfMediaFactory (480)
[2018.01.11-21.55.48:941][ 29]LogModuleManager: Shutting down and abandoning module WmfMediaEditor (478)
[2018.01.11-21.55.48:941][ 29]LogModuleManager: Shutting down and abandoning module AvfMediaFactory (476)
[2018.01.11-21.55.48:941][ 29]LogModuleManager: Shutting down and abandoning module AvfMediaEditor (474)
[2018.01.11-21.55.48:941][ 29]LogModuleManager: Shutting down and abandoning module AndroidMediaFactory (472)
[2018.01.11-21.55.48:941][ 29]LogModuleManager: Shutting down and abandoning module Media (471)
[2018.01.11-21.55.48:941][ 29]LogModuleManager: Shutting down and abandoning module AndroidMediaEditor (468)
[2018.01.11-21.55.48:941][ 29]LogModuleManager: Shutting down and abandoning module CharacterAI (466)
[2018.01.11-21.55.48:941][ 29]LogModuleManager: Shutting down and abandoning module AudioCapture (464)
[2018.01.11-21.55.48:941][ 29]LogModuleManager: Shutting down and abandoning module SequenceRecorder (463)
[2018.01.11-21.55.48:941][ 29]LogModuleManager: Shutting down and abandoning module SmartSnapping (460)
[2018.01.11-21.55.48:941][ 29]LogModuleManager: Shutting down and abandoning module SessionServices (458)
[2018.01.11-21.55.48:941][ 29]LogModuleManager: Shutting down and abandoning module ViewportSnapping (456)
[2018.01.11-21.55.48:941][ 29]LogModuleManager: Shutting down and abandoning module ViewportInteraction (454)
[2018.01.11-21.55.48:941][ 29]LogModuleManager: Shutting down and abandoning module ClothPainter (452)
[2018.01.11-21.55.48:941][ 29]LogModuleManager: Shutting down and abandoning module LogVisualizer (450)
[2018.01.11-21.55.48:941][ 29]LogModuleManager: Shutting down and abandoning module IntroTutorials (448)
[2018.01.11-21.55.48:941][ 29]LogModuleManager: Shutting down and abandoning module GameProjectGeneration (447)
[2018.01.11-21.55.48:941][ 29]LogModuleManager: Shutting down and abandoning module EditorLiveStreaming (444)
[2018.01.11-21.55.48:941][ 29]LogModuleManager: Shutting down and abandoning module IOSPlatformEditor (442)
[2018.01.11-21.55.48:941][ 29]LogModuleManager: Shutting down and abandoning module HTML5PlatformEditor (440)
[2018.01.11-21.55.48:941][ 29]LogModuleManager: Shutting down and abandoning module AndroidPlatformEditor (438)
[2018.01.11-21.55.48:941][ 29]LogModuleManager: Shutting down and abandoning module AndroidDeviceDetection (437)
[2018.01.11-21.55.49:587][ 29]LogModuleManager: Shutting down and abandoning module IOSRuntimeSettings (434)
[2018.01.11-21.55.49:587][ 29]LogModuleManager: Shutting down and abandoning module AndroidRuntimeSettings (432)
[2018.01.11-21.55.49:587][ 29]LogModuleManager: Shutting down and abandoning module InputBindingEditor (430)
[2018.01.11-21.55.49:587][ 29]LogModuleManager: Shutting down and abandoning module MergeActors (428)
[2018.01.11-21.55.49:587][ 29]LogModuleManager: Shutting down and abandoning module SizeMap (426)
[2018.01.11-21.55.49:587][ 29]LogModuleManager: Shutting down and abandoning module TreeMap (424)
[2018.01.11-21.55.49:587][ 29]LogModuleManager: Shutting down and abandoning module ReferenceViewer (422)
[2018.01.11-21.55.49:587][ 29]LogModuleManager: Shutting down and abandoning module LocalizationDashboard (420)
[2018.01.11-21.55.49:588][ 29]LogModuleManager: Shutting down and abandoning module LocalizationService (419)
[2018.01.11-21.55.49:588][ 29]LogModuleManager: Shutting down and abandoning module HardwareTargeting (416)
[2018.01.11-21.55.49:588][ 29]LogModuleManager: Shutting down and abandoning module DeviceProfileEditor (414)
[2018.01.11-21.55.49:588][ 29]LogModuleManager: Shutting down and abandoning module UndoHistory (412)
[2018.01.11-21.55.49:588][ 29]LogModuleManager: Shutting down and abandoning module UserFeedback (410)
[2018.01.11-21.55.49:588][ 29]LogModuleManager: Shutting down and abandoning module XmlParser (408)
[2018.01.11-21.55.49:588][ 29]LogModuleManager: Shutting down and abandoning module Blutility (406)
[2018.01.11-21.55.49:588][ 29]LogModuleManager: Shutting down and abandoning module ProjectSettingsViewer (404)
[2018.01.11-21.55.49:588][ 29]LogModuleManager: Shutting down and abandoning module ProjectTargetPlatformEditor (403)
[2018.01.11-21.55.49:588][ 29]LogModuleManager: Shutting down and abandoning module EditorSettingsViewer (400)
[2018.01.11-21.55.49:589][ 29]LogModuleManager: Shutting down and abandoning module SettingsEditor (398)
[2018.01.11-21.55.49:589][ 29]LogModuleManager: Shutting down and abandoning module ProjectLauncher (396)
[2018.01.11-21.55.49:589][ 29]LogModuleManager: Shutting down and abandoning module SessionFrontend (394)
[2018.01.11-21.55.49:589][ 29]LogModuleManager: Shutting down and abandoning module ProfilerClient (392)
[2018.01.11-21.55.49:589][ 29]LogModuleManager: Shutting down and abandoning module DeviceManager (390)
[2018.01.11-21.55.49:589][ 29]LogModuleManager: Shutting down and abandoning module TargetDeviceServices (389)
[2018.01.11-21.55.49:644][ 29]LogModuleManager: Shutting down and abandoning module AutomationController (386)
[2018.01.11-21.55.49:644][ 29]LogModuleManager: Shutting down and abandoning module AutomationWindow (384)
[2018.01.11-21.55.49:644][ 29]LogModuleManager: Shutting down and abandoning module Layers (382)
[2018.01.11-21.55.49:644][ 29]LogModuleManager: Shutting down and abandoning module ComponentVisualizers (380)
[2018.01.11-21.55.49:644][ 29]LogModuleManager: Shutting down and abandoning module DetailCustomizations (378)
[2018.01.11-21.55.49:644][ 29]LogModuleManager: Shutting down and abandoning module PackagesDialog (376)
[2018.01.11-21.55.49:644][ 29]LogModuleManager: Shutting down and abandoning module Persona (374)
[2018.01.11-21.55.49:645][ 29]LogModuleManager: Shutting down and abandoning module AdvancedPreviewScene (373)
[2018.01.11-21.55.49:645][ 29]LogModuleManager: Shutting down and abandoning module AnimGraph (371)
[2018.01.11-21.55.49:645][ 29]LogModuleManager: Shutting down and abandoning module Kismet (368)
[2018.01.11-21.55.49:650][ 29]LogModuleManager: Shutting down and abandoning module ClassViewer (366)
[2018.01.11-21.55.49:650][ 29]LogModuleManager: Shutting down and abandoning module Toolbox (364)
[2018.01.11-21.55.49:650][ 29]LogModuleManager: Shutting down and abandoning module ModuleUI (362)
[2018.01.11-21.55.49:650][ 29]LogModuleManager: Shutting down and abandoning module MovieSceneTools (360)
[2018.01.11-21.55.49:650][ 29]LogModuleManager: Shutting down and abandoning module OutputLog (358)
[2018.01.11-21.55.49:650][ 29]LogModuleManager: Shutting down and abandoning module GammaUI (356)
[2018.01.11-21.55.49:650][ 29]LogModuleManager: Shutting down and abandoning module Documentation (354)
[2018.01.11-21.55.49:650][ 29]LogModuleManager: Shutting down and abandoning module MovieSceneTracks (352)
[2018.01.11-21.55.49:650][ 29]LogModuleManager: Shutting down and abandoning module MovieScene (350)
[2018.01.11-21.55.49:650][ 29]LogModuleManager: Shutting down and abandoning module Niagara (348)
[2018.01.11-21.55.49:650][ 29]LogModuleManager: Shutting down and abandoning module NiagaraEditor (347)
[2018.01.11-21.55.49:650][ 29]LogModuleManager: Shutting down and abandoning module StreamingPauseRendering (344)
[2018.01.11-21.55.49:650][ 29]LogModuleManager: Shutting down and abandoning module AnalyticsET (342)
[2018.01.11-21.55.49:650][ 29]LogModuleManager: Shutting down and abandoning module PortalServices (340)
[2018.01.11-21.55.49:650][ 29]LogModuleManager: Shutting down and abandoning module PortalRpc (338)
[2018.01.11-21.55.49:650][ 29]LogModuleManager: Shutting down and abandoning module MessagingRpc (336)
[2018.01.11-21.55.49:650][ 29]LogModuleManager: Shutting down and abandoning module AIModule (334)
[2018.01.11-21.55.49:650][ 29]LogModuleManager: Shutting down and abandoning module GameplayDebugger (333)
[2018.01.11-21.55.49:650][ 29]LogModuleManager: Shutting down and abandoning module AITestSuite (331)
[2018.01.11-21.55.49:650][ 29]LogModuleManager: Shutting down and abandoning module ProfilerService (328)
[2018.01.11-21.55.49:845][ 29]LogModuleManager: Shutting down and abandoning module TaskGraph (326)
[2018.01.11-21.55.49:846][ 29]LogModuleManager: Shutting down and abandoning module SteamVRController (324)
[2018.01.11-21.55.49:846][ 29]LogModuleManager: Shutting down and abandoning module SteamVR (322)
[2018.01.11-21.55.49:846][ 29]LogModuleManager: Shutting down and abandoning module ProceduralMeshComponentEditor (320)
[2018.01.11-21.55.49:846][ 29]LogModuleManager: Shutting down and abandoning module ProceduralMeshComponent (318)
[2018.01.11-21.55.49:846][ 29]LogModuleManager: Shutting down and abandoning module OculusLibrary (316)
[2018.01.11-21.55.49:846][ 29]LogModuleManager: Shutting down and abandoning module OculusInput (314)
[2018.01.11-21.55.49:846][ 29]LogModuleManager: Shutting down and abandoning module MobilePatchingUtils (312)
[2018.01.11-21.55.49:846][ 29]LogModuleManager: Shutting down and abandoning module CustomMeshComponent (310)
[2018.01.11-21.55.49:846][ 29]LogModuleManager: Shutting down and abandoning module CableComponent (308)
[2018.01.11-21.55.49:846][ 29]LogModuleManager: Shutting down and abandoning module ArchVisCharacter (306)
[2018.01.11-21.55.49:846][ 29]LogModuleManager: Shutting down and abandoning module AndroidPermission (304)
[2018.01.11-21.55.49:846][ 29]LogModuleManager: Shutting down and abandoning module MediaPlayerEditor (300)
[2018.01.11-21.55.49:846][ 29]LogModuleManager: Shutting down and abandoning module HTML5Networking (298)
[2018.01.11-21.55.49:846][ 29]LogModuleManager: Shutting down and abandoning module AlembicImporter (296)
[2018.01.11-21.55.49:846][ 29]LogModuleManager: Shutting down and abandoning module AlembicLibrary (295)
[2018.01.11-21.55.49:847][ 29]LogModuleManager: Shutting down and abandoning module GeometryCache (294)
[2018.01.11-21.55.49:848][ 29]LogModuleManager: Shutting down and abandoning module GeometryCacheEd (293)
[2018.01.11-21.55.49:848][ 29]LogModuleManager: Shutting down and abandoning module SuperSearchEditor (288)
[2018.01.11-21.55.49:848][ 29]LogModuleManager: Shutting down and abandoning module SuperSearch (287)
[2018.01.11-21.55.49:848][ 29]LogModuleManager: Shutting down and abandoning module SpeedTreeImporter (284)
[2018.01.11-21.55.49:848][ 29]LogModuleManager: Shutting down and abandoning module PluginBrowser (282)
[2018.01.11-21.55.49:848][ 29]LogModuleManager: Shutting down and abandoning module MobileLauncherProfileWizard (280)
[2018.01.11-21.55.49:848][ 29]LogModuleManager: Shutting down and abandoning module VisualStudioSourceCodeAccess (278)
[2018.01.11-21.55.49:848][ 29]LogModuleManager: Shutting down and abandoning module DesktopPlatform (277)
[2018.01.11-21.55.49:848][ 29]LogModuleManager: Shutting down and abandoning module UObjectPlugin (274)
[2018.01.11-21.55.49:848][ 29]LogModuleManager: Shutting down and abandoning module SubversionSourceControl (272)
[2018.01.11-21.55.49:848][ 29]LogModuleManager: Shutting down and abandoning module PerforceSourceControl (270)
[2018.01.11-21.55.49:848][ 29]LogModuleManager: Shutting down and abandoning module GitSourceControl (268)
[2018.01.11-21.55.49:848][ 29]LogModuleManager: Shutting down and abandoning module SourceControl (267)
[2018.01.11-21.55.49:848][ 29]LogModuleManager: Shutting down and abandoning module LightPropagationVolumeEditor (264)
[2018.01.11-21.55.49:848][ 29]LogModuleManager: Shutting down and abandoning module PaperTiledImporter (262)
[2018.01.11-21.55.49:848][ 29]LogModuleManager: Shutting down and abandoning module PaperSpriteSheetImporter (260)
[2018.01.11-21.55.49:848][ 29]LogModuleManager: Shutting down and abandoning module Paper2DEditor (258)
[2018.01.11-21.55.49:849][ 29]LogModuleManager: Shutting down and abandoning module MeshPaint (257)
[2018.01.11-21.55.49:849][ 29]LogModuleManager: Shutting down and abandoning module LevelEditor (255)
[2018.01.11-21.55.49:850][ 29]LogModuleManager: Shutting down and abandoning module PixelInspectorModule (254)
[2018.01.11-21.55.49:850][ 29]LogModuleManager: Shutting down and abandoning module MainFrame (252)
[2018.01.11-21.55.49:850][ 29]LogModuleManager: Shutting down and abandoning module HotReload (251)
[2018.01.11-21.55.49:851][ 29]LogModuleManager: Shutting down and abandoning module PhysXVehiclesEditor (246)
[2018.01.11-21.55.49:851][ 29]LogModuleManager: Shutting down and abandoning module PhysXVehicles (244)
[2018.01.11-21.55.49:851][ 29]LogModuleManager: Shutting down and abandoning module LocationServicesBPLibrary (242)
[2018.01.11-21.55.49:851][ 29]LogModuleManager: Shutting down and abandoning module ImmediatePhysicsEditor (240)
[2018.01.11-21.55.49:851][ 29]LogModuleManager: Shutting down and abandoning module ImmediatePhysics (238)
[2018.01.11-21.55.49:851][ 29]LogModuleManager: Shutting down and abandoning module UdpMessaging (236)
[2018.01.11-21.55.49:952][ 29]LogModuleManager: Shutting down and abandoning module TcpMessaging (234)
[2018.01.11-21.55.50:052][ 29]LogModuleManager: Shutting down and abandoning module GameplayTagsEditor (232)
[2018.01.11-21.55.50:052][ 29]LogModuleManager: Shutting down and abandoning module FacialAnimationEditor (230)
[2018.01.11-21.55.50:052][ 29]LogModuleManager: Shutting down and abandoning module FacialAnimation (228)
[2018.01.11-21.55.50:052][ 29]LogModuleManager: Shutting down and abandoning module AssetManagerEditor (226)
[2018.01.11-21.55.50:052][ 29]LogModuleManager: Shutting down and abandoning module GraphEditor (225)
[2018.01.11-21.55.50:052][ 29]LogModuleManager: Shutting down and abandoning module ContentBrowser (223)
[2018.01.11-21.55.50:053][ 29]LogModuleManager: Shutting down and abandoning module LightPropagationVolumeRuntime (220)
[2018.01.11-21.55.50:053][ 29]LogModuleManager: Shutting down and abandoning module Paper2D (218)
[2018.01.11-21.55.50:053][ 29]LogModuleManager: Shutting down and abandoning module WindowsMoviePlayer (216)
[2018.01.11-21.55.50:053][ 29]LogModuleManager: Shutting down and abandoning module WmfMedia (214)
[2018.01.11-21.55.50:056][ 29]LogModuleManager: Shutting down and abandoning module ClothingSystemEditor (212)
[2018.01.11-21.55.50:056][ 29]LogModuleManager: Shutting down and abandoning module ClothingSystemRuntime (210)
[2018.01.11-21.55.50:056][ 29]LogModuleManager: Shutting down and abandoning module MediaAssets (208)
[2018.01.11-21.55.50:056][ 29]LogModuleManager: Shutting down and abandoning module GameLiveStreaming (206)
[2018.01.11-21.55.50:056][ 29]LogModuleManager: Shutting down and abandoning module VREditor (204)
[2018.01.11-21.55.50:056][ 29]LogModuleManager: Shutting down and abandoning module StringTableEditor (202)
[2018.01.11-21.55.50:056][ 29]LogModuleManager: Shutting down and abandoning module GameplayTasksEditor (200)
[2018.01.11-21.55.50:056][ 29]LogModuleManager: Shutting down and abandoning module BehaviorTreeEditor (198)
[2018.01.11-21.55.50:056][ 29]LogModuleManager: Shutting down and abandoning module FunctionalTesting (196)
[2018.01.11-21.55.50:056][ 29]LogModuleManager: Shutting down and abandoning module CollisionAnalyzer (194)
[2018.01.11-21.55.50:056][ 29]LogModuleManager: Shutting down and abandoning module UMG (192)
[2018.01.11-21.55.50:056][ 29]LogModuleManager: Shutting down and abandoning module UMGEditor (191)
[2018.01.11-21.55.50:056][ 29]LogModuleManager: Shutting down and abandoning module Sequencer (190)
[2018.01.11-21.55.50:056][ 29]LogModuleManager: Shutting down and abandoning module AssetTools (188)
[2018.01.11-21.55.50:056][ 29]LogModuleManager: Shutting down and abandoning module MessageLog (187)
[2018.01.11-21.55.50:056][ 29]LogModuleManager: Shutting down and abandoning module WorkspaceMenuStructure (186)
[2018.01.11-21.55.50:056][ 29]LogModuleManager: Shutting down and abandoning module SlateReflector (180)
[2018.01.11-21.55.50:056][ 29]LogModuleManager: Shutting down and abandoning module Slate (178)
[2018.01.11-21.55.50:056][ 29]LogModuleManager: Shutting down and abandoning module EditorStyle (176)
[2018.01.11-21.55.50:059][ 29]LogModuleManager: Shutting down and abandoning module SourceCodeAccess (174)
[2018.01.11-21.55.50:059][ 29]LogModuleManager: Shutting down and abandoning module HeadMountedDisplay (172)
[2018.01.11-21.55.50:059][ 29]LogModuleManager: Shutting down and abandoning module XAudio2 (170)
[2018.01.11-21.55.50:059][ 29]LogModuleManager: Shutting down and abandoning module Networking (168)
[2018.01.11-21.55.50:059][ 29]LogModuleManager: Shutting down and abandoning module Core (164)
[2018.01.11-21.55.50:059][ 29]LogModuleManager: Shutting down and abandoning module AssetRegistry (162)
[2018.01.11-21.55.50:253][ 29]LogDirectoryWatcher: A directory notification for '../../../Engine/Content/' was aborted.
[2018.01.11-21.55.50:254][ 29]LogDirectoryWatcher: A directory notification for 'I:/Projekt/PGK/Content/' was aborted.
[2018.01.11-21.55.50:254][ 29]LogDirectoryWatcher: A directory notification for '../../../Engine/Plugins/2D/Paper2D/Content/' was aborted.
[2018.01.11-21.55.50:254][ 29]LogDirectoryWatcher: A directory notification for '../../../Engine/Plugins/Runtime/GearVR/Content/' was aborted.
[2018.01.11-21.55.50:262][ 29]LogModuleManager: Shutting down and abandoning module DirectoryWatcher (161)
[2018.01.11-21.55.50:265][ 29]LogModuleManager: Shutting down and abandoning module KismetCompiler (158)
[2018.01.11-21.55.50:265][ 29]LogModuleManager: Shutting down and abandoning module LevelSequence (156)
[2018.01.11-21.55.50:265][ 29]LogModuleManager: Shutting down and abandoning module PhysXFormats (154)
[2018.01.11-21.55.50:265][ 29]LogModuleManager: Shutting down and abandoning module MeshUtilities (152)
[2018.01.11-21.55.50:265][ 29]LogModuleManager: Shutting down and abandoning module SimplygonSwarm (151)
[2018.01.11-21.55.50:265][ 29]LogModuleManager: Shutting down and abandoning module SimplygonMeshReduction (149)
[2018.01.11-21.55.50:265][ 29]LogModuleManager: Shutting down and abandoning module QuadricMeshReduction (147)
[2018.01.11-21.55.50:265][ 29]LogModuleManager: Shutting down and abandoning module DerivedDataCache (144)
[2018.01.11-21.55.50:339][ 29]LogDerivedDataCache: Shutdown
[2018.01.11-21.55.50:339][ 29]LogModuleManager: Shutting down and abandoning module TargetPlatform (142)
[2018.01.11-21.55.50:339][ 29]LogModuleManager: Shutting down and abandoning module VulkanShaderFormat (141)
[2018.01.11-21.55.50:339][ 29]LogModuleManager: Shutting down and abandoning module ShaderFormatVectorVM (139)
[2018.01.11-21.55.50:339][ 29]LogModuleManager: Shutting down and abandoning module ShaderFormatOpenGL (137)
[2018.01.11-21.55.50:339][ 29]LogModuleManager: Shutting down and abandoning module ShaderFormatD3D (135)
[2018.01.11-21.55.50:339][ 29]LogModuleManager: Shutting down and abandoning module MetalShaderFormat (133)
[2018.01.11-21.55.50:339][ 29]LogModuleManager: Shutting down and abandoning module TextureFormatUncompressed (131)
[2018.01.11-21.55.50:339][ 29]LogModuleManager: Shutting down and abandoning module TextureFormatPVR (129)
[2018.01.11-21.55.50:339][ 29]LogModuleManager: Shutting down and abandoning module TextureFormatDXT (127)
[2018.01.11-21.55.50:339][ 29]LogModuleManager: Shutting down and abandoning module TextureFormatIntelISPCTexComp (125)
[2018.01.11-21.55.50:339][ 29]LogModuleManager: Shutting down and abandoning module TextureFormatASTC (123)
[2018.01.11-21.55.50:339][ 29]LogModuleManager: Shutting down and abandoning module ImageWrapper (122)
[2018.01.11-21.55.50:339][ 29]LogModuleManager: Shutting down and abandoning module TextureFormatAndroid (119)
[2018.01.11-21.55.50:339][ 29]LogModuleManager: Shutting down and abandoning module AudioFormatOpus (117)
[2018.01.11-21.55.50:339][ 29]LogModuleManager: Shutting down and abandoning module AudioFormatOgg (115)
[2018.01.11-21.55.50:339][ 29]LogModuleManager: Shutting down and abandoning module AudioFormatADPCM (113)
[2018.01.11-21.55.50:339][ 29]LogModuleManager: Shutting down and abandoning module LinuxTargetPlatform (111)
[2018.01.11-21.55.50:339][ 29]LogModuleManager: Shutting down and abandoning module LinuxServerTargetPlatform (109)
[2018.01.11-21.55.50:339][ 29]LogModuleManager: Shutting down and abandoning module LinuxNoEditorTargetPlatform (107)
[2018.01.11-21.55.50:339][ 29]LogModuleManager: Shutting down and abandoning module LinuxClientTargetPlatform (105)
[2018.01.11-21.55.50:340][ 29]LogModuleManager: Shutting down and abandoning module TVOSTargetPlatform (103)
[2018.01.11-21.55.50:340][ 29]LogModuleManager: Shutting down and abandoning module Messaging (101)
[2018.01.11-21.55.50:340][ 29]LogModuleManager: Shutting down and abandoning module IOSTargetPlatform (99)
[2018.01.11-21.55.50:340][ 29]LogModuleManager: Shutting down and abandoning module HTML5TargetPlatform (97)
[2018.01.11-21.55.50:340][ 29]LogModuleManager: Shutting down and abandoning module Android_PVRTCTargetPlatform (95)
[2018.01.11-21.55.50:340][ 29]LogModuleManager: Shutting down and abandoning module Android_MultiTargetPlatform (93)
[2018.01.11-21.55.50:340][ 29]LogModuleManager: Shutting down and abandoning module Android_ETC2TargetPlatform (91)
[2018.01.11-21.55.50:340][ 29]LogModuleManager: Shutting down and abandoning module Android_ETC1TargetPlatform (89)
[2018.01.11-21.55.50:340][ 29]LogModuleManager: Shutting down and abandoning module Android_DXTTargetPlatform (87)
[2018.01.11-21.55.50:340][ 29]LogModuleManager: Shutting down and abandoning module Android_ATCTargetPlatform (85)
[2018.01.11-21.55.50:340][ 29]LogModuleManager: Shutting down and abandoning module Android_ASTCTargetPlatform (83)
[2018.01.11-21.55.50:340][ 29]LogModuleManager: Shutting down and abandoning module AndroidTargetPlatform (81)
[2018.01.11-21.55.50:340][ 29]LogModuleManager: Shutting down and abandoning module WindowsTargetPlatform (79)
[2018.01.11-21.55.50:340][ 29]LogModuleManager: Shutting down and abandoning module WindowsServerTargetPlatform (77)
[2018.01.11-21.55.50:340][ 29]LogModuleManager: Shutting down and abandoning module WindowsNoEditorTargetPlatform (75)
[2018.01.11-21.55.50:340][ 29]LogModuleManager: Shutting down and abandoning module WindowsClientTargetPlatform (73)
[2018.01.11-21.55.50:340][ 29]LogModuleManager: Shutting down and abandoning module MacTargetPlatform (71)
[2018.01.11-21.55.50:340][ 29]LogModuleManager: Shutting down and abandoning module MacServerTargetPlatform (69)
[2018.01.11-21.55.50:340][ 29]LogModuleManager: Shutting down and abandoning module MacNoEditorTargetPlatform (67)
[2018.01.11-21.55.50:340][ 29]LogModuleManager: Shutting down and abandoning module MacClientTargetPlatform (65)
[2018.01.11-21.55.50:340][ 29]LogModuleManager: Shutting down and abandoning module AllDesktopTargetPlatform (63)
[2018.01.11-21.55.50:340][ 29]LogModuleManager: Shutting down and abandoning module InputCore (60)
[2018.01.11-21.55.50:340][ 29]LogModuleManager: Shutting down and abandoning module Settings (58)
[2018.01.11-21.55.50:340][ 29]LogModuleManager: Shutting down and abandoning module OculusRift (56)
[2018.01.11-21.55.50:340][ 29]LogModuleManager: Shutting down and abandoning module GearVRController (54)
[2018.01.11-21.55.50:340][ 29]LogModuleManager: Shutting down and abandoning module GearVR (52)
[2018.01.11-21.55.50:340][ 29]LogModuleManager: Shutting down and abandoning module ExampleDeviceProfileSelector (50)
[2018.01.11-21.55.50:340][ 29]LogModuleManager: Shutting down and abandoning module OnlineBlueprintSupport (48)
[2018.01.11-21.55.50:340][ 29]LogModuleManager: Shutting down and abandoning module OnlineSubsystem (44)
[2018.01.11-21.55.50:340][ 29]LogOnline:Display: Unloading online subsystem: NULL
[2018.01.11-21.55.50:340][ 29]LogModuleManager: Shutting down and abandoning module XMPP (43)
[2018.01.11-21.55.50:340][ 29]LogModuleManager: Shutting down and abandoning module HTTP (41)
[2018.01.11-21.55.50:340][ 29]LogHttp:Display: Http module shutting down, but needs to wait on 1 outstanding Http requests:
[2018.01.11-21.55.50:340][ 29]LogHttp:Display: 	verb=[POST] url=[https://datarouter.ol.epicgames.com/datarouter/api/v1/public/data?SessionID=%7B3EF10E8E-4E96-40F8-D53C-2F9BD1D7EAC8%7D&AppID=UEEditor.Rocket.Release&AppVersion=4.16.3-3561208%2B%2B%2BUE4%2BRelease-4.16&UserID=29637ffe4c58a1c3c8e01ea6909a8eb4%7C4b55de0784454aa7bd2b02757aa35777%7C0a577216-477d-4061-b982-e092ed939e1e&AppEnvironment=datacollector-binary&UploadType=eteventstream] status=Processing
[2018.01.11-21.55.50:371][ 29]LogModuleManager: Shutting down and abandoning module SSL (40)
[2018.01.11-21.55.50:374][ 29]LogModuleManager: Shutting down and abandoning module HTTPChunkInstaller (36)
[2018.01.11-21.55.50:374][ 29]LogModuleManager: Shutting down and abandoning module AnimationModifiers (34)
[2018.01.11-21.55.50:374][ 29]LogModuleManager: Shutting down and abandoning module PropertyEditor (33)
[2018.01.11-21.55.50:374][ 29]LogModuleManager: Shutting down and abandoning module AudioEditor (30)
[2018.01.11-21.55.50:374][ 29]LogModuleManager: Shutting down and abandoning module TextureCompressor (28)
[2018.01.11-21.55.50:374][ 29]LogModuleManager: Shutting down and abandoning module ShaderCore (26)
[2018.01.11-21.55.50:374][ 29]LogModuleManager: Shutting down and abandoning module Landscape (24)
[2018.01.11-21.55.50:374][ 29]LogModuleManager: Shutting down and abandoning module SlateRHIRenderer (22)
[2018.01.11-21.55.50:376][ 29]LogModuleManager: Shutting down and abandoning module OpenGLDrv (20)
[2018.01.11-21.55.50:376][ 29]LogModuleManager: Shutting down and abandoning module D3D11RHI (18)
[2018.01.11-21.55.50:376][ 29]LogModuleManager: Shutting down and abandoning module AnimGraphRuntime (16)
[2018.01.11-21.55.50:376][ 29]LogModuleManager: Shutting down and abandoning module Renderer (14)
[2018.01.11-21.55.50:376][ 29]LogModuleManager: Shutting down and abandoning module Engine (12)
[2018.01.11-21.55.50:376][ 29]LogModuleManager: Shutting down and abandoning module CoreUObject (10)
[2018.01.11-21.55.50:376][ 29]LogModuleManager: Shutting down and abandoning module NetworkFile (8)
[2018.01.11-21.55.50:376][ 29]LogModuleManager: Shutting down and abandoning module StreamingFile (6)
[2018.01.11-21.55.50:376][ 29]LogModuleManager: Shutting down and abandoning module SandboxFile (4)
[2018.01.11-21.55.50:376][ 29]LogModuleManager: Shutting down and abandoning module PakFile (2)
[2018.01.11-21.55.50:380][ 29]LogExit: Exiting.
[2018.01.11-21.55.50:403][ 29]Log file closed, 01/11/18 22:55:50
