Log file open, 01/27/18 19:05:44
LogInit:Display: Running engine for game: PGK
LogPlatformFile: Not using cached read wrapper
LogInit:Display: RandInit(239407718) SRandInit(239407718).
LogTaskGraph: Started task graph with 5 named threads and 8 total threads with 1 sets of task threads.
LogStats: Stats thread started at 0.121783
LogInit: Using libcurl 7.47.1
LogInit:  - built for x86_64-pc-win32
LogInit:  - supports SSL with OpenSSL/1.0.2g
LogInit:  - supports HTTP deflate (compression) using libz 1.2.8
LogInit:  - other features:
LogInit:      CURL_VERSION_SSL
LogInit:      CURL_VERSION_LIBZ
LogInit:      CURL_VERSION_IPV6
LogInit:      CURL_VERSION_ASYNCHDNS
LogInit:      CURL_VERSION_LARGEFILE
LogInit:      CURL_VERSION_IDN
LogInit:  CurlRequestOptions (configurable via config and command line):
LogInit:  - bVerifyPeer = false  - Libcurl will NOT verify peer certificate
LogInit:  - bUseHttpProxy = false  - Libcurl will NOT use HTTP proxy
LogInit:  - bDontReuseConnections = false  - Libcurl will reuse connections
LogInit:  - CertBundlePath = nullptr  - Libcurl will use whatever was configured at build time.
LogInit: Build: ++UE4+Release-4.16-CL-3561208
LogInit: Engine Version: 4.16.3-3561208+++UE4+Release-4.16
LogInit: Compatible Engine Version: 4.16.0-3452394+++UE4+Release-4.16
LogInit: Net CL: 3452394
LogDevObjectVersion: Number of dev versions registered: 16
LogDevObjectVersion:   Dev-Blueprints (B0D832E4-1F89-4F0D-ACCF-7EB736FD4AA2): 9
LogDevObjectVersion:   Dev-Build (E1C64328-A22C-4D53-A36C-8E866417BD8C): 0
LogDevObjectVersion:   Dev-Core (375EC13C-06E4-48FB-B500-84F0262A717E): 2
LogDevObjectVersion:   Dev-Editor (E4B068ED-F494-42E9-A231-DA0B2E46BB41): 17
LogDevObjectVersion:   Dev-Framework (CFFC743F-43B0-4480-9391-14DF171D2073): 23
LogDevObjectVersion:   Dev-Mobile (B02B49B5-BB20-44E9-A304-32B752E40360): 0
LogDevObjectVersion:   Dev-Networking (A4E4105C-59A1-49B5-A7C5-40C4547EDFEE): 0
LogDevObjectVersion:   Dev-Online (39C831C9-5AE6-47DC-9A44-9C173E1C8E7C): 0
LogDevObjectVersion:   Dev-Physics (78F01B33-EBEA-4F98-B9B4-84EACCB95AA2): 0
LogDevObjectVersion:   Dev-Platform (6631380F-2D4D-43E0-8009-CF276956A95A): 0
LogDevObjectVersion:   Dev-Rendering (12F88B9F-8875-4AFC-A67C-D90C383ABD29): 15
LogDevObjectVersion:   Dev-Sequencer (7B5AE74C-D270-4C10-A958-57980B212A5A): 4
LogDevObjectVersion:   Dev-VR (D7296918-1DD6-4BDD-9DE2-64A83CC13884): 0
LogDevObjectVersion:   Dev-LoadTimes (C2A15278-BFE7-4AFE-6C17-90FF531DF755): 1
LogDevObjectVersion:   Private-Geometry (6EACA3D4-40EC-4CC1-B786-8BED09428FC5): 1
LogDevObjectVersion:   Dev-AnimPhys (29E575DD-E0A3-4627-9D10-D276232CDCEA): 3
LogInit: Compiled (64-bit): Jul 28 2017 11:49:47
LogInit: Compiled with Visual C++: 19.00.24215.01
LogInit: Build Configuration: Development
LogInit: Branch Name: ++UE4+Release-4.16
LogInit: Command line:  
LogInit: Base directory: P:/silnik/UE_4.16/Engine/Binaries/Win64/
LogInit: Installed Engine Build: 1
LogInit: Presizing for max 8388607 objects, including 0 objects not considered by GC, pre-allocating 0 bytes for permanent pool.
LogInit: Object subsystem initialized
[2018.01.27-18.05.45:322][  0]LogInit: Selected Device Profile: [Windows]
[2018.01.27-18.05.45:322][  0]LogInit: Applying CVar settings loaded from the selected device profile: [Windows]
[2018.01.27-18.05.45:387][  0]LogInit: Computer: GROBKOMP
[2018.01.27-18.05.45:387][  0]LogInit: User: Robert
[2018.01.27-18.05.45:387][  0]LogInit: CPU Page size=4096, Cores=4
[2018.01.27-18.05.45:387][  0]LogInit: High frequency timer resolution =2.250000 MHz
[2018.01.27-18.05.45:388][  0]LogMemory: Memory total: Physical=7.9GB (8GB approx)
[2018.01.27-18.05.45:388][  0]LogMemory: Platform Memory Stats for Windows
[2018.01.27-18.05.45:388][  0]LogMemory: Process Physical Memory: 275.66 MB used, 275.66 MB peak
[2018.01.27-18.05.45:388][  0]LogMemory: Process Virtual Memory: 266.76 MB used, 266.76 MB peak
[2018.01.27-18.05.45:388][  0]LogMemory: Physical Memory: 4405.98 MB used,  3704.23 MB free, 8110.20 MB total
[2018.01.27-18.05.45:388][  0]LogMemory: Virtual Memory: 663.04 MB used,  3704.23 MB free, 134217728.00 MB total
[2018.01.27-18.05.45:736][  0]LogInit: Using OS detected language (pl-PL).
[2018.01.27-18.05.45:736][  0]LogInit: Using OS detected locale (pl-PL).
[2018.01.27-18.05.45:741][  0]LogTextLocalizationManager: No localization for 'pl-PL' exists, so 'en' will be used for the language.
[2018.01.27-18.05.45:742][  0]LogTextLocalizationManager: No localization for 'pl-PL' exists, so 'en' will be used for the locale.
[2018.01.27-18.05.48:222][  0]LogD3D11RHI: D3D11 adapters:
[2018.01.27-18.05.48:885][  0]LogD3D11RHI:    0. 'NVIDIA GeForce GTX 960M' (Feature Level 11_0)
[2018.01.27-18.05.48:885][  0]LogD3D11RHI:       2017/0/4055 MB DedicatedVideo/DedicatedSystem/SharedSystem, Outputs:1, VendorId:0x10de
[2018.01.27-18.05.48:896][  0]LogD3D11RHI:    1. 'Intel(R) HD Graphics 530' (Feature Level 11_0)
[2018.01.27-18.05.48:896][  0]LogD3D11RHI:       128/0/4055 MB DedicatedVideo/DedicatedSystem/SharedSystem, Outputs:0, VendorId:0x8086
[2018.01.27-18.05.48:898][  0]LogD3D11RHI:    2. 'Microsoft Basic Render Driver' (Feature Level 11_0)
[2018.01.27-18.05.48:898][  0]LogD3D11RHI:       0/0/4055 MB DedicatedVideo/DedicatedSystem/SharedSystem, Outputs:0, VendorId:0x1414
[2018.01.27-18.05.48:898][  0]LogD3D11RHI: Chosen D3D11 Adapter: 0
[2018.01.27-18.05.48:906][  0]LogD3D11RHI: Creating new Direct3DDevice
[2018.01.27-18.05.48:906][  0]LogD3D11RHI:     GPU DeviceId: 0x139b (for the marketing name, search the web for "GPU Device Id")
[2018.01.27-18.05.48:906][  0]LogWindows: EnumDisplayDevices:
[2018.01.27-18.05.48:906][  0]LogWindows:    0. 'Intel(R) HD Graphics 530' (P:1 D:1)
[2018.01.27-18.05.48:907][  0]LogWindows:    1. 'Intel(R) HD Graphics 530' (P:0 D:0)
[2018.01.27-18.05.48:907][  0]LogWindows:    2. 'Intel(R) HD Graphics 530' (P:0 D:0)
[2018.01.27-18.05.48:907][  0]LogWindows:    3. 'NVIDIA GeForce GTX 960M' (P:0 D:0)
[2018.01.27-18.05.48:907][  0]LogWindows:    4. 'NVIDIA GeForce GTX 960M' (P:0 D:0)
[2018.01.27-18.05.48:908][  0]LogWindows:    5. 'NVIDIA GeForce GTX 960M' (P:0 D:0)
[2018.01.27-18.05.48:908][  0]LogWindows:    6. 'NVIDIA GeForce GTX 960M' (P:0 D:0)
[2018.01.27-18.05.48:908][  0]LogWindows: DebugString: GetVideoDriverDetailsInvalid PrimaryIsNotTheChoosenAdapter GetVideoDriverDetailsInvalid PrimaryIsNotTheChoosenAdapter GetVideoDriverDetailsInvalid PrimaryIsNotTheChoosenAdapter GetVideoDriverDetailsInvalid PrimaryIsNotTheChoosenAdapter GetVideoDriverDetailsInvalid PrimaryIsNotTheChoosenAdapter GetVideoDriverDetailsInvalid PrimaryIsNotTheChoosenAdapter GetVideoDriverDetailsInvalid PrimaryIsNotTheChoosenAdapter FoundDriverCount:0 
[2018.01.27-18.05.48:908][  0]LogD3D11RHI:     Adapter Name: NVIDIA GeForce GTX 960M
[2018.01.27-18.05.48:908][  0]LogD3D11RHI:   Driver Version: Unknown (internal:Unknown, unified:Unknown)
[2018.01.27-18.05.48:908][  0]LogD3D11RHI:      Driver Date: Unknown
[2018.01.27-18.05.48:908][  0]LogRHI: Texture pool is 1361 MB (70% of 1945 MB)
[2018.01.27-18.05.49:518][  0]LogD3D11RHI: Async texture creation enabled
[2018.01.27-18.05.49:735][  0]LogD3D11RHI: GPU Timing Frequency: 1000.000000 (Debug: 2 1)
[2018.01.27-18.05.49:736][  0]LogShaderCompilers: Guid format shader working directory is 32 characters bigger than the processId version (I:/Projekt/PGK/Intermediate/Shaders/WorkingDirectory/11824/).
[2018.01.27-18.05.49:736][  0]LogShaderCompilers: Cleaned the shader compiler working directory 'C:/Users/Robert/AppData/Local/Temp/UnrealShaderWorkingDir/5418D8174C834B5DD96AD7987DB1DF2C/'.
[2018.01.27-18.05.49:736][  0]LogShaderCompilers:Display: Using Local Shader Compiler.
[2018.01.27-18.05.53:527][  0]LogTemp:Display: Loaded TP AllDesktopTargetPlatform
[2018.01.27-18.05.53:579][  0]LogTemp:Display: Loaded TP MacClientTargetPlatform
[2018.01.27-18.05.53:638][  0]LogTemp:Display: Loaded TP MacNoEditorTargetPlatform
[2018.01.27-18.05.53:697][  0]LogTemp:Display: Loaded TP MacServerTargetPlatform
[2018.01.27-18.05.53:767][  0]LogTemp:Display: Loaded TP MacTargetPlatform
[2018.01.27-18.05.53:900][  0]LogTemp:Display: Loaded TP WindowsClientTargetPlatform
[2018.01.27-18.05.54:032][  0]LogTemp:Display: Loaded TP WindowsNoEditorTargetPlatform
[2018.01.27-18.05.54:111][  0]LogTemp:Display: Loaded TP WindowsServerTargetPlatform
[2018.01.27-18.05.54:179][  0]LogTemp:Display: Loaded TP WindowsTargetPlatform
[2018.01.27-18.05.54:246][  0]LogTemp:Display: Loaded TP AndroidTargetPlatform
[2018.01.27-18.05.54:315][  0]LogTemp:Display: Loaded TP Android_ASTCTargetPlatform
[2018.01.27-18.05.54:386][  0]LogTemp:Display: Loaded TP Android_ATCTargetPlatform
[2018.01.27-18.05.54:445][  0]LogTemp:Display: Loaded TP Android_DXTTargetPlatform
[2018.01.27-18.05.54:515][  0]LogTemp:Display: Loaded TP Android_ETC1TargetPlatform
[2018.01.27-18.05.54:581][  0]LogTemp:Display: Loaded TP Android_ETC2TargetPlatform
[2018.01.27-18.05.54:710][  0]LogTemp:Display: Loaded TP Android_MultiTargetPlatform
[2018.01.27-18.05.54:710][  0]LogTemp:Display: Loaded TP Android_PVRTCTargetPlatform
[2018.01.27-18.05.54:772][  0]LogTemp:Display: Loaded TP HTML5TargetPlatform
[2018.01.27-18.05.54:951][  0]LogTemp:Display: Loaded TP IOSTargetPlatform
[2018.01.27-18.05.55:012][  0]LogTemp:Display: Loaded TP TVOSTargetPlatform
[2018.01.27-18.05.55:114][  0]LogTemp:Display: Loaded TP LinuxClientTargetPlatform
[2018.01.27-18.05.55:186][  0]LogTemp:Display: Loaded TP LinuxNoEditorTargetPlatform
[2018.01.27-18.05.55:499][  0]LogTemp:Display: Loaded TP LinuxServerTargetPlatform
[2018.01.27-18.05.55:660][  0]LogTemp:Display: Loaded TP LinuxTargetPlatform
[2018.01.27-18.05.55:660][  0]LogTargetPlatformManager:Display: Building Assets For Windows
[2018.01.27-18.05.56:889][  0]LogDerivedDataCache:Display: Max Cache Size: 512 MB
[2018.01.27-18.05.57:364][  0]LogDerivedDataCache: Loaded boot cache 0.47s 88MB C:/Users/Robert/AppData/Local/UnrealEngine/4.16/DerivedDataCache/Boot.ddc.
[2018.01.27-18.05.57:364][  0]LogDerivedDataCache:Display: Loaded Boot cache: C:/Users/Robert/AppData/Local/UnrealEngine/4.16/DerivedDataCache/Boot.ddc
[2018.01.27-18.05.57:364][  0]LogDerivedDataCache: FDerivedDataBackendGraph:  Pak pak cache file I:/Projekt/PGK/DerivedDataCache/DDC.ddp not found, will not use a pak cache.
[2018.01.27-18.05.57:364][  0]LogDerivedDataCache: Unable to find inner node Pak for hierarchical cache Hierarchy.
[2018.01.27-18.05.57:364][  0]LogDerivedDataCache: FDerivedDataBackendGraph:  CompressedPak pak cache file I:/Projekt/PGK/DerivedDataCache/Compressed.ddp not found, will not use a pak cache.
[2018.01.27-18.05.57:364][  0]LogDerivedDataCache: Unable to find inner node CompressedPak for hierarchical cache Hierarchy.
[2018.01.27-18.05.57:403][  0]LogDerivedDataCache:Display: Pak cache opened for reading ../../../Engine/DerivedDataCache/Compressed.ddp.
[2018.01.27-18.05.57:417][  0]LogDerivedDataCache: Using Local data cache path C:/Users/Robert/AppData/Local/UnrealEngine/Common/DerivedDataCache: Writable
[2018.01.27-18.05.57:429][  0]LogMaterial: Verifying Global Shaders for PCD3D_SM5
[2018.01.27-18.05.57:430][  0]LogSlate: Using Freetype 2.6.0
[2018.01.27-18.05.57:430][  0]LogSlate: SlateFontCache - WITH_FREETYPE: 1, WITH_HARFBUZZ: 1
[2018.01.27-18.05.57:430][  0]LogSlate: SlateFontCache - WITH_FREETYPE: 1, WITH_HARFBUZZ: 1
[2018.01.27-18.05.59:835][  0]LogInit: Selected Device Profile: [Windows]
[2018.01.27-18.05.59:929][  0]LogContentStreaming: Texture pool size is 0.00 MB
[2018.01.27-18.06.00:261][  0]LogMeshUtilities: Using QuadricMeshReduction for automatic static mesh reduction
[2018.01.27-18.06.00:327][  0]LogSimplygon: Simplygon DLL not present - disabling.
[2018.01.27-18.06.00:385][  0]LogMeshUtilities: Using SimplygonSwarm for distributed automatic mesh merging
[2018.01.27-18.06.00:385][  0]LogMeshUtilities: No automatic skeletal mesh reduction module available
[2018.01.27-18.06.00:385][  0]LogMeshUtilities: No automatic mesh merging module available
[2018.01.27-18.06.01:173][  0]LogNetVersion: PGK , NetCL: 3452394, EngineNetVer: 2, GameNetVer: 0 (Checksum: 3392332418)
[2018.01.27-18.06.01:237][  0]LogAssetRegistry: FAssetRegistry took 0.0256 seconds to start up
[2018.01.27-18.06.01:271][  0]LogPackageLocalizationCache: Processed 4 localized package path(s) for 1 prioritized culture(s) in 0.016245 seconds
[2018.01.27-18.06.01:279][  0]LogUObjectArray: 34194 objects as part of root set at end of initial load.
[2018.01.27-18.06.01:279][  0]LogUObjectAllocator: 7260424 out of 0 bytes used by permanent object pool.
[2018.01.27-18.06.01:279][  0]LogUObjectArray: CloseDisregardForGC: 0/0 objects in disregard for GC pool
[2018.01.27-18.06.01:369][  0]LogInit: WinSock: version 1.1 (2.2), MaxSocks=32767, MaxUdp=65467
[2018.01.27-18.06.25:027][  0]LogTcpMessaging: Initializing TcpMessaging bridge
[2018.01.27-18.06.25:074][  0]LogUdpMessaging: Initializing bridge on interface 0.0.0.0:0 to multicast group 230.0.0.1:6666.
[2018.01.27-18.06.26:011][  0]LogMaterial: Uniform references updated for custom material expression Custom.
[2018.01.27-18.06.26:538][  0]SourceControl: Info Source control is disabled
[2018.01.27-18.06.26:540][  0]SourceControl: Info Source control is disabled
[2018.01.27-18.06.26:614][  0]SourceControl: Info Source control is disabled
[2018.01.27-18.06.26:683][  0]SourceControl: Info Source control is disabled
[2018.01.27-18.06.27:743][  0]LogAndroidPermission: UAndroidPermissionCallbackProxy::GetInstance
[2018.01.27-18.06.28:642][  0]LogEngine: Initializing Engine...
[2018.01.27-18.06.28:643][  0]LogHMD: Failed to initialize OpenVR with code 110
[2018.01.27-18.06.28:926][  0]LogStats: UGameplayTagsManager::ConstructGameplayTagTree: Construct from data asset -  0.000 s
[2018.01.27-18.06.28:926][  0]LogStats: UGameplayTagsManager::ConstructGameplayTagTree: GameplayTagTreeChangedEvent.Broadcast -  0.000 s
[2018.01.27-18.06.29:099][  0]LogAIModule: Creating AISystem for world Untitled
[2018.01.27-18.06.29:110][  0]LogInit: XAudio2 using 'Głośniki (Realtek High Definition Audio)' : 2 channels at 48 kHz using 32 bits per sample (channel mask 0x3)
[2018.01.27-18.06.29:185][  0]LogInit: FAudioDevice initialized.
[2018.01.27-18.06.29:253][  0]LogDerivedDataCache: Saved boot cache 0.07s 88MB C:/Users/Robert/AppData/Local/UnrealEngine/4.16/DerivedDataCache/Boot.ddc.
[2018.01.27-18.06.29:279][  0]LogInit: Texture streaming: Enabled
[2018.01.27-18.06.29:411][  0]LogEngineSessionManager: EngineSessionManager initialized
[2018.01.27-18.06.29:411][  0]LogEngineSessionManager: EngineSessionManager sent abnormal shutdown report. Type=Crashed, SessionId={3AD8036D-4A38-1372-159D-7DA1DD5225BA}
[2018.01.27-18.06.29:701][  0]LogInit: Transaction tracking system initialized
[2018.01.27-18.06.30:400][  0]BlueprintLog: New page: Editor Load
[2018.01.27-18.06.31:731][  0]LocalizationService: Info Localization service is disabled
[2018.01.27-18.06.32:832][  0]LogConsoleResponse:Display: 
[2018.01.27-18.06.33:471][  0]LogCook:Display: Max memory allowance for cook 16384mb min free memory 0mb
[2018.01.27-18.06.33:471][  0]LogCook:Display: Mobile HDR setting 1
[2018.01.27-18.06.34:592][  0]LogFileCache: Scanning file cache for directory 'I:/Projekt/PGK/Content/' took 0.02s
[2018.01.27-18.06.35:791][  0]SourceControl: Info Source control is disabled
[2018.01.27-18.06.35:904][  0]LogSlate: Took 0.000370 seconds to synchronously load lazily loaded font '../../../Engine/Content/Slate/Fonts/Roboto-Regular.ttf' (155K)
[2018.01.27-18.06.42:334][  0]LogWindowsTextInputMethodSystem:Display: IME system now deactivated.
[2018.01.27-18.06.42:440][  0]LogWindowsTextInputMethodSystem:Display: IME system now deactivated.
[2018.01.27-18.06.46:344][  0]LogWindowsTextInputMethodSystem:Display: IME system now deactivated.
[2018.01.27-18.06.46:417][  0]LogWindowsTextInputMethodSystem:Display: IME system now deactivated.
[2018.01.27-18.06.46:419][  0]Cmd: MAP LOAD FILE="I:/Projekt/PGK/Content/FirstPersonBP/Maps/FirstPersonExampleMap.umap" TEMPLATE=0 SHOWPROGRESS=1 FEATURELEVEL=3
[2018.01.27-18.06.46:420][  0]LightingResults: New page: Lighting Build
[2018.01.27-18.06.46:474][  0]MapCheck: New page: Map Check
[2018.01.27-18.06.46:475][  0]LightingResults: New page: Lighting Build
[2018.01.27-18.06.47:119][  0]LogLinker:Warning: Can't find file '/Game/import/bed/Bed'
[2018.01.27-18.06.47:119][  0]LogLinker:Warning: Can't find file for asset '/Game/import/bed/Bed' while loading I:/Projekt/PGK/Content/import/bed/BunkFBX.uasset.
[2018.01.27-18.06.47:119][  0]LoadErrors:Error: Error /Game/import/bed/BunkFBX : Can't find file for asset. /Game/import/bed/Bed
[2018.01.27-18.06.47:119][  0]LogLinker:Warning: Can't find file '/Game/import/bed/Drawer'
[2018.01.27-18.06.47:119][  0]LogLinker:Warning: Can't find file for asset '/Game/import/bed/Drawer' while loading I:/Projekt/PGK/Content/import/bed/BunkFBX.uasset.
[2018.01.27-18.06.47:119][  0]LoadErrors:Error: Error /Game/import/bed/BunkFBX : Can't find file for asset. /Game/import/bed/Drawer
[2018.01.27-18.06.47:119][  0]LogLinker:Warning: Can't find file '/Game/import/bed/Main'
[2018.01.27-18.06.47:119][  0]LogLinker:Warning: Can't find file for asset '/Game/import/bed/Main' while loading I:/Projekt/PGK/Content/import/bed/BunkFBX.uasset.
[2018.01.27-18.06.47:119][  0]LoadErrors:Error: Error /Game/import/bed/BunkFBX : Can't find file for asset. /Game/import/bed/Main
[2018.01.27-18.06.47:119][  0]LogLinker:Warning: Can't find file '/Game/import/bed/Metal'
[2018.01.27-18.06.47:119][  0]LogLinker:Warning: Can't find file for asset '/Game/import/bed/Metal' while loading I:/Projekt/PGK/Content/import/bed/BunkFBX.uasset.
[2018.01.27-18.06.47:119][  0]LoadErrors:Error: Error /Game/import/bed/BunkFBX : Can't find file for asset. /Game/import/bed/Metal
[2018.01.27-18.06.47:120][  0]LogLinker:Warning: Can't find file '/Game/import/bed/Bed'
[2018.01.27-18.06.47:120][  0]LogLinker:Warning: Can't find file for asset '/Game/import/bed/Bed' while loading I:/Projekt/PGK/Content/import/bed/BunkFBX.uasset.
[2018.01.27-18.06.47:120][  0]LoadErrors:Error: Error /Game/import/bed/BunkFBX : Can't find file for asset. /Game/import/bed/Bed
[2018.01.27-18.06.47:120][  0]LogLinker:Warning: Can't find file '/Game/import/bed/Drawer'
[2018.01.27-18.06.47:120][  0]LogLinker:Warning: Can't find file for asset '/Game/import/bed/Drawer' while loading I:/Projekt/PGK/Content/import/bed/BunkFBX.uasset.
[2018.01.27-18.06.47:120][  0]LoadErrors:Error: Error /Game/import/bed/BunkFBX : Can't find file for asset. /Game/import/bed/Drawer
[2018.01.27-18.06.47:120][  0]LogLinker:Warning: Can't find file '/Game/import/bed/Main'
[2018.01.27-18.06.47:120][  0]LogLinker:Warning: Can't find file for asset '/Game/import/bed/Main' while loading I:/Projekt/PGK/Content/import/bed/BunkFBX.uasset.
[2018.01.27-18.06.47:120][  0]LoadErrors:Error: Error /Game/import/bed/BunkFBX : Can't find file for asset. /Game/import/bed/Main
[2018.01.27-18.06.47:120][  0]LogLinker:Warning: Can't find file '/Game/import/bed/Metal'
[2018.01.27-18.06.47:120][  0]LogLinker:Warning: Can't find file for asset '/Game/import/bed/Metal' while loading I:/Projekt/PGK/Content/import/bed/BunkFBX.uasset.
[2018.01.27-18.06.47:120][  0]LoadErrors:Error: Error /Game/import/bed/BunkFBX : Can't find file for asset. /Game/import/bed/Metal
[2018.01.27-18.06.47:171][  0]LogLinker:Warning: Can't find file '/Game/import/wardrobe/lambert2'
[2018.01.27-18.06.47:171][  0]LogLinker:Warning: Can't find file for asset '/Game/import/wardrobe/lambert2' while loading I:/Projekt/PGK/Content/import/wardrobe/wardrobe.uasset.
[2018.01.27-18.06.47:171][  0]LoadErrors:Error: Error /Game/import/wardrobe/wardrobe : Can't find file for asset. /Game/import/wardrobe/lambert2
[2018.01.27-18.06.47:171][  0]LogLinker:Warning: Can't find file '/Game/import/wardrobe/lambert2'
[2018.01.27-18.06.47:171][  0]LogLinker:Warning: Can't find file for asset '/Game/import/wardrobe/lambert2' while loading I:/Projekt/PGK/Content/import/wardrobe/wardrobe.uasset.
[2018.01.27-18.06.47:171][  0]LoadErrors:Error: Error /Game/import/wardrobe/wardrobe : Can't find file for asset. /Game/import/wardrobe/lambert2
[2018.01.27-18.06.47:173][  0]LogLinker:Warning: Can't find file '/Game/import/wardrobe/box'
[2018.01.27-18.06.47:173][  0]LogLinker:Warning: Can't find file for asset '/Game/import/wardrobe/box' while loading I:/Projekt/PGK/Content/import/wardrobe/wardrobe3.uasset.
[2018.01.27-18.06.47:173][  0]LoadErrors:Error: Error /Game/import/wardrobe/wardrobe3 : Can't find file for asset. /Game/import/wardrobe/box
[2018.01.27-18.06.47:173][  0]LogLinker:Warning: Can't find file '/Game/import/wardrobe/st_gold'
[2018.01.27-18.06.47:173][  0]LogLinker:Warning: Can't find file for asset '/Game/import/wardrobe/st_gold' while loading I:/Projekt/PGK/Content/import/wardrobe/wardrobe3.uasset.
[2018.01.27-18.06.47:173][  0]LoadErrors:Error: Error /Game/import/wardrobe/wardrobe3 : Can't find file for asset. /Game/import/wardrobe/st_gold
[2018.01.27-18.06.47:173][  0]LogLinker:Warning: Can't find file '/Game/import/wardrobe/box'
[2018.01.27-18.06.47:173][  0]LogLinker:Warning: Can't find file for asset '/Game/import/wardrobe/box' while loading I:/Projekt/PGK/Content/import/wardrobe/wardrobe3.uasset.
[2018.01.27-18.06.47:173][  0]LoadErrors:Error: Error /Game/import/wardrobe/wardrobe3 : Can't find file for asset. /Game/import/wardrobe/box
[2018.01.27-18.06.47:173][  0]LogLinker:Warning: Can't find file '/Game/import/wardrobe/st_gold'
[2018.01.27-18.06.47:173][  0]LogLinker:Warning: Can't find file for asset '/Game/import/wardrobe/st_gold' while loading I:/Projekt/PGK/Content/import/wardrobe/wardrobe3.uasset.
[2018.01.27-18.06.47:173][  0]LoadErrors:Error: Error /Game/import/wardrobe/wardrobe3 : Can't find file for asset. /Game/import/wardrobe/st_gold
[2018.01.27-18.06.47:173][  0]LogLinker:Warning: Can't find file '/Game/import/wardrobe/wardrobe3_PhysicsAsset'
[2018.01.27-18.06.47:173][  0]LogLinker:Warning: Can't find file for asset '/Game/import/wardrobe/wardrobe3_PhysicsAsset' while loading I:/Projekt/PGK/Content/import/wardrobe/wardrobe3.uasset.
[2018.01.27-18.06.47:173][  0]LoadErrors:Error: Error /Game/import/wardrobe/wardrobe3 : Can't find file for asset. /Game/import/wardrobe/wardrobe3_PhysicsAsset
[2018.01.27-18.06.47:174][  0]LogLinker:Warning: Can't find file '/Game/import/wardrobe/wardrobe3_Skeleton'
[2018.01.27-18.06.47:174][  0]LogLinker:Warning: Can't find file for asset '/Game/import/wardrobe/wardrobe3_Skeleton' while loading I:/Projekt/PGK/Content/import/wardrobe/wardrobe3.uasset.
[2018.01.27-18.06.47:174][  0]LoadErrors:Error: Error /Game/import/wardrobe/wardrobe3 : Can't find file for asset. /Game/import/wardrobe/wardrobe3_Skeleton
[2018.01.27-18.06.47:174][  0]LogLinker:Warning: Can't find file '/Game/import/wardrobe/wardrobe3_PhysicsAsset'
[2018.01.27-18.06.47:174][  0]LogLinker:Warning: Can't find file for asset '/Game/import/wardrobe/wardrobe3_PhysicsAsset' while loading I:/Projekt/PGK/Content/import/wardrobe/wardrobe3.uasset.
[2018.01.27-18.06.47:174][  0]LoadErrors:Error: Error /Game/import/wardrobe/wardrobe3 : Can't find file for asset. /Game/import/wardrobe/wardrobe3_PhysicsAsset
[2018.01.27-18.06.47:174][  0]LogLinker:Warning: Can't find file '/Game/import/wardrobe/wardrobe3_Skeleton'
[2018.01.27-18.06.47:174][  0]LogLinker:Warning: Can't find file for asset '/Game/import/wardrobe/wardrobe3_Skeleton' while loading I:/Projekt/PGK/Content/import/wardrobe/wardrobe3.uasset.
[2018.01.27-18.06.47:174][  0]LoadErrors:Error: Error /Game/import/wardrobe/wardrobe3 : Can't find file for asset. /Game/import/wardrobe/wardrobe3_Skeleton
[2018.01.27-18.06.47:175][  0]LogLinker:Warning: Can't find file '/Game/import/wardrobe/None'
[2018.01.27-18.06.47:175][  0]LogLinker:Warning: Can't find file for asset '/Game/import/wardrobe/None' while loading I:/Projekt/PGK/Content/import/wardrobe/wardrobe4.uasset.
[2018.01.27-18.06.47:175][  0]LoadErrors:Error: Error /Game/import/wardrobe/wardrobe4 : Can't find file for asset. /Game/import/wardrobe/None
[2018.01.27-18.06.47:175][  0]LogLinker:Warning: Can't find file '/Game/import/wardrobe/None'
[2018.01.27-18.06.47:175][  0]LogLinker:Warning: Can't find file for asset '/Game/import/wardrobe/None' while loading I:/Projekt/PGK/Content/import/wardrobe/wardrobe4.uasset.
[2018.01.27-18.06.47:175][  0]LoadErrors:Error: Error /Game/import/wardrobe/wardrobe4 : Can't find file for asset. /Game/import/wardrobe/None
[2018.01.27-18.06.47:516][  0]LogLinker:Warning: Can't find file '/Game/import/wardrobe/None'
[2018.01.27-18.06.47:516][  0]LoadErrors: Info Failed to load /Game/import/wardrobe/None.Material_0 Referenced by wardrobe4
[2018.01.27-18.06.47:516][  0]LogLinker:Warning: Can't find file for asset '/Game/import/wardrobe/None' while loading NULL.
[2018.01.27-18.06.47:516][  0]LoadErrors: Info Failed to load /Game/import/wardrobe/None.Material_0 Referenced by wardrobe4
[2018.01.27-18.06.47:517][  0]LogLinker:Warning: Can't find file '/Game/import/wardrobe/wardrobe3_Skeleton'
[2018.01.27-18.06.47:517][  0]LoadErrors: Info Failed to load /Game/import/wardrobe/wardrobe3_Skeleton.wardrobe3_Skeleton Referenced by wardrobe3
[2018.01.27-18.06.47:517][  0]LogLinker:Warning: Can't find file for asset '/Game/import/wardrobe/wardrobe3_Skeleton' while loading NULL.
[2018.01.27-18.06.47:517][  0]LoadErrors: Info Failed to load /Game/import/wardrobe/wardrobe3_Skeleton.wardrobe3_Skeleton Referenced by wardrobe3
[2018.01.27-18.06.47:518][  0]LogLinker:Warning: Can't find file '/Game/import/wardrobe/wardrobe3_PhysicsAsset'
[2018.01.27-18.06.47:518][  0]LoadErrors: Info Failed to load /Game/import/wardrobe/wardrobe3_PhysicsAsset.wardrobe3_PhysicsAsset Referenced by wardrobe3
[2018.01.27-18.06.47:518][  0]LogLinker:Warning: Can't find file for asset '/Game/import/wardrobe/wardrobe3_PhysicsAsset' while loading NULL.
[2018.01.27-18.06.47:518][  0]LoadErrors: Info Failed to load /Game/import/wardrobe/wardrobe3_PhysicsAsset.wardrobe3_PhysicsAsset Referenced by wardrobe3
[2018.01.27-18.06.47:518][  0]LogLinker:Warning: Can't find file '/Game/import/wardrobe/st_gold'
[2018.01.27-18.06.47:518][  0]LoadErrors: Info Failed to load /Game/import/wardrobe/st_gold.st_gold Referenced by wardrobe3
[2018.01.27-18.06.47:518][  0]LogLinker:Warning: Can't find file for asset '/Game/import/wardrobe/st_gold' while loading NULL.
[2018.01.27-18.06.47:518][  0]LoadErrors: Info Failed to load /Game/import/wardrobe/st_gold.st_gold Referenced by wardrobe3
[2018.01.27-18.06.47:518][  0]LogLinker:Warning: Can't find file '/Game/import/wardrobe/box'
[2018.01.27-18.06.47:518][  0]LoadErrors: Info Failed to load /Game/import/wardrobe/box.box Referenced by wardrobe3
[2018.01.27-18.06.47:518][  0]LogLinker:Warning: Can't find file for asset '/Game/import/wardrobe/box' while loading NULL.
[2018.01.27-18.06.47:518][  0]LoadErrors: Info Failed to load /Game/import/wardrobe/box.box Referenced by wardrobe3
[2018.01.27-18.06.47:528][  0]LogLinker:Warning: Can't find file '/Game/import/wardrobe/lambert2'
[2018.01.27-18.06.47:528][  0]LoadErrors: Info Failed to load /Game/import/wardrobe/lambert2.lambert2 Referenced by wardrobe
[2018.01.27-18.06.47:528][  0]LogLinker:Warning: Can't find file for asset '/Game/import/wardrobe/lambert2' while loading NULL.
[2018.01.27-18.06.47:528][  0]LoadErrors: Info Failed to load /Game/import/wardrobe/lambert2.lambert2 Referenced by wardrobe
[2018.01.27-18.06.47:557][  0]LogLinker:Warning: Can't find file '/Game/import/bed/Main'
[2018.01.27-18.06.47:557][  0]LoadErrors: Info Failed to load /Game/import/bed/Main.Main Referenced by BunkFBX
[2018.01.27-18.06.47:557][  0]LogLinker:Warning: Can't find file for asset '/Game/import/bed/Main' while loading NULL.
[2018.01.27-18.06.47:557][  0]LoadErrors: Info Failed to load /Game/import/bed/Main.Main Referenced by BunkFBX
[2018.01.27-18.06.47:557][  0]LogLinker:Warning: Can't find file '/Game/import/bed/Bed'
[2018.01.27-18.06.47:557][  0]LoadErrors: Info Failed to load /Game/import/bed/Bed.Bed Referenced by BunkFBX
[2018.01.27-18.06.47:557][  0]LogLinker:Warning: Can't find file for asset '/Game/import/bed/Bed' while loading NULL.
[2018.01.27-18.06.47:557][  0]LoadErrors: Info Failed to load /Game/import/bed/Bed.Bed Referenced by BunkFBX
[2018.01.27-18.06.47:557][  0]LogLinker:Warning: Can't find file '/Game/import/bed/Drawer'
[2018.01.27-18.06.47:557][  0]LoadErrors: Info Failed to load /Game/import/bed/Drawer.Drawer Referenced by BunkFBX
[2018.01.27-18.06.47:557][  0]LogLinker:Warning: Can't find file for asset '/Game/import/bed/Drawer' while loading NULL.
[2018.01.27-18.06.47:557][  0]LoadErrors: Info Failed to load /Game/import/bed/Drawer.Drawer Referenced by BunkFBX
[2018.01.27-18.06.47:557][  0]LogLinker:Warning: Can't find file '/Game/import/bed/Metal'
[2018.01.27-18.06.47:557][  0]LoadErrors: Info Failed to load /Game/import/bed/Metal.Metal Referenced by BunkFBX
[2018.01.27-18.06.47:557][  0]LogLinker:Warning: Can't find file for asset '/Game/import/bed/Metal' while loading NULL.
[2018.01.27-18.06.47:557][  0]LoadErrors: Info Failed to load /Game/import/bed/Metal.Metal Referenced by BunkFBX
[2018.01.27-18.06.49:991][  0]LogMaterial: Missing cached shader map for material st_tile, compiling. 
[2018.01.27-18.06.49:992][  0]LogMaterial:Warning: Failed to compile Material /Game/import/kibel/st_tile.st_tile for platform PCD3D_SM5, Default Material will be used in game.
[2018.01.27-18.06.49:992][  0]LogMaterial:Warning: 	(Node TextureSample) TextureSample> Sampler type is Normal, should be Color for /Game/import/kibel/Dirt_map.Dirt_map
[2018.01.27-18.06.50:271][  0]LogAIModule: Creating AISystem for world FirstPersonExampleMap
[2018.01.27-18.06.50:346][  0]LogEditorServer: Finished looking for orphan Actors (0.000 secs)
[2018.01.27-18.06.50:370][  0]Cmd: MAP CHECKDEP NOCLEARLOG
[2018.01.27-18.06.50:472][  0]MapCheck: Info Map check complete: 0 Error(s), 0 Warning(s), took 101.995ms to complete.
[2018.01.27-18.06.50:473][  0]LogFileHelpers: Loading map 'FirstPersonExampleMap' took 4.054
[2018.01.27-18.06.50:593][  0]LogStats:Warning: MetaData mismatch. Did you assign a stat to two groups? New //STATGROUP_Threads//SplashScreenThread///Thread_2648_0///####STATCAT_Advanced#### old //STATGROUP_Threads//SplashScreenThread///Thread_1884_0///####STATCAT_Advanced####
[2018.01.27-18.06.50:593][  0]LogCollectionManager: Loaded 0 collections in 0.002177 seconds
[2018.01.27-18.06.50:685][  0]LogFileCache: Scanning file cache for directory 'I:/Projekt/PGK/Saved/Collections/' took 0.01s
[2018.01.27-18.06.50:685][  0]LogFileCache: Scanning file cache for directory 'I:/Projekt/PGK/Content/Developers/Robert/Collections/' took 0.01s
[2018.01.27-18.06.50:685][  0]LogFileCache: Scanning file cache for directory 'I:/Projekt/PGK/Content/Collections/' took 0.01s
[2018.01.27-18.06.50:685][  0]LogCollectionManager: Rebuilt the GUID cache for 0 collections in 0.000002 seconds
[2018.01.27-18.06.50:696][  0]LogContentBrowser: Native class hierarchy populated in 0.0112 seconds. Added 2329 classes and 491 folders.
[2018.01.27-18.06.50:770][  0]LogContentBrowser: Native class hierarchy updated for 'WidgetCarousel' in 0.0028 seconds. Added 0 classes and 0 folders.
[2018.01.27-18.06.50:834][  0]LogContentBrowser: Native class hierarchy updated for 'AddContentDialog' in 0.0007 seconds. Added 0 classes and 0 folders.
[2018.01.27-18.06.50:882][  0]LogContentBrowser: Native class hierarchy updated for 'SceneOutliner' in 0.0007 seconds. Added 1 classes and 2 folders.
[2018.01.27-18.06.50:928][  0]LogCrashTracker: Crashtracker disabled due to settings.
[2018.01.27-18.06.50:937][  0]LogSlate: Took 0.000348 seconds to synchronously load lazily loaded font '../../../Engine/Content/Slate/Fonts/Roboto-Bold.ttf' (160K)
[2018.01.27-18.06.50:943][  0]LogSlate: Took 0.000430 seconds to synchronously load lazily loaded font '../../../Engine/Content/Editor/Slate/Fonts/FontAwesome.ttf' (139K)
[2018.01.27-18.06.51:096][  0]LogRenderer: Reallocating scene render targets to support 1180x600 NumSamples 1 (Frame:1).
[2018.01.27-18.06.51:456][  0]LogUObjectGlobals:Warning: Failed to find object 'Class None.'
[2018.01.27-18.06.51:523][  0]LogContentBrowser: Native class hierarchy updated for 'HierarchicalLODOutliner' in 0.0007 seconds. Added 1 classes and 2 folders.
[2018.01.27-18.06.51:523][  0]LogLoad: (Engine Initialization) Total time: 71.14 seconds
[2018.01.27-18.06.51:524][  0]LogLoad: (Engine Initialization) Total Blueprint compile time: 0.39 seconds
[2018.01.27-18.06.51:524][  0]LogExternalProfiler: No external profilers were discovered.  External profiling features will not be available.
[2018.01.27-18.06.51:560][  0]LogOcInput: OculusInput pre-init called
[2018.01.27-18.06.51:560][  0]LogHMD: Starting GearVRController plugin
[2018.01.27-18.06.51:592][  0]LogContentStreaming: Texture pool size now 1000 MB
[2018.01.27-18.06.51:691][  1]LogAssetRegistry: Asset discovery search completed in 50.4758 seconds
[2018.01.27-18.06.51:694][  1]LogCollectionManager: Rebuilt the object cache for 0 collections in 0.000001 seconds (found 0 objects)
[2018.01.27-18.06.51:694][  1]LogCollectionManager: Fixed up redirectors for 0 collections in 0.000046 seconds (updated 0 objects)
[2018.01.27-18.06.54:600][ 91]LogSlate: Took 0.000250 seconds to synchronously load lazily loaded font '../../../Engine/Content/Slate/Fonts/Roboto-Light.ttf' (159K)
[2018.01.27-18.06.55:664][123]LogSlate: Took 0.000203 seconds to synchronously load lazily loaded font '../../../Engine/Content/Slate/Fonts/Roboto-Light.ttf' (159K)
[2018.01.27-18.06.56:690][154]LogFileCache: Retrieving MD5 hashes for directory 'I:/Projekt/PGK/Content/' took 5.12s
[2018.01.27-18.06.57:339][173]AssetReimport: New page: Outstanding source content changes 8:06:57 PM
[2018.01.27-18.07.00:464][267]AssetReimport:Error: Error Failed to reimport asset przepasc.
[2018.01.27-18.07.00:464][267]AssetReimport:Error: Error Failed to reimport asset rondo.
[2018.01.27-18.08.09:729][141]LogSlate: Took 0.000304 seconds to synchronously load lazily loaded font '../../../Engine/Content/Slate/Fonts/Roboto-Light.ttf' (159K)
[2018.01.27-18.08.11:311][141]LogFactory: FactoryCreateFile: SoundWave with ReimportSoundFactory (0 0 I:/Projekt/PGK/Content/import/muzyka/przepasc.wav)
[2018.01.27-18.08.11:359][141]LogAudioDerivedData:Display: Building compressed audio format OGG wave przepasc...
[2018.01.27-18.08.12:255][141]LogAudioDerivedData:Warning: Updated SoundWave->RawPCMDataSize during cooking SoundWave /Game/import/muzyka/przepasc.przepasc.
[2018.01.27-18.08.13:190][141]LogFactory: FactoryCreateFile: SoundWave with ReimportSoundFactory (0 0 I:/Projekt/PGK/Content/import/muzyka/rondo.wav)
[2018.01.27-18.08.13:293][141]LogAudioDerivedData:Display: Building compressed audio format OGG wave rondo...
[2018.01.27-18.08.14:073][141]LogAudioDerivedData:Warning: Updated SoundWave->RawPCMDataSize during cooking SoundWave /Game/import/muzyka/rondo.rondo.
[2018.01.27-18.09.55:349][510]LogEditorViewport: Clicking on Actor (LMB): AmbientSound (rondo_Cue)
[2018.01.27-18.09.59:043][621]LogSlate: Took 0.000241 seconds to synchronously load lazily loaded font '../../../Engine/Content/Editor/Slate/Fonts/Roboto-Italic.ttf' (157K)
[2018.01.27-18.13.19:855][645]Cmd: TRANSACTION UNDO
[2018.01.27-18.13.19:855][645]LogEditorTransaction: Undo Edit LPFRadius Min
[2018.01.27-18.13.35:023][100]Cmd: TRANSACTION UNDO
[2018.01.27-18.13.35:023][100]LogEditorTransaction: Undo Set Vector Property
[2018.01.27-18.13.35:388][111]Cmd: TRANSACTION UNDO
[2018.01.27-18.13.35:388][111]LogEditorTransaction: Undo Set Vector Property
[2018.01.27-18.13.39:022][220]Cmd: TRANSACTION UNDO
[2018.01.27-18.13.39:023][220]LogEditorTransaction: Undo Set Vector Property
[2018.01.27-18.17.45:327][608]LogTemp: Repeting last play command: Selected Viewport
[2018.01.27-18.17.45:384][608]LogBlueprintUserMessages: Early PlayInEditor Detection: Level '/Game/FirstPersonBP/Maps/FirstPersonExampleMap.FirstPersonExampleMap:PersistentLevel' has LevelScriptBlueprint '/Game/FirstPersonBP/Maps/FirstPersonExampleMap.FirstPersonExampleMap:PersistentLevel.FirstPersonExampleMap' with GeneratedClass '/Game/FirstPersonBP/Maps/FirstPersonExampleMap.FirstPersonExampleMap_C' with ClassGeneratedBy '/Game/FirstPersonBP/Maps/FirstPersonExampleMap.FirstPersonExampleMap:PersistentLevel.FirstPersonExampleMap'
[2018.01.27-18.17.45:384][608]LogPlayLevel: PlayLevel: No blueprints needed recompiling
[2018.01.27-18.17.45:385][608]PIE: New page: PIE session: FirstPersonExampleMap (Jan 27, 2018, 8:17:45 PM)
[2018.01.27-18.17.45:385][608]LogPlayLevel: Creating play world package: /Game/FirstPersonBP/Maps/UEDPIE_0_FirstPersonExampleMap
[2018.01.27-18.17.45:461][608]LogPlayLevel: PIE: StaticDuplicateObject took: (0.075532s)
[2018.01.27-18.17.45:463][608]LogAIModule: Creating AISystem for world FirstPersonExampleMap
[2018.01.27-18.17.45:464][608]LogPlayLevel: PIE: World Init took: (0.003436s)
[2018.01.27-18.17.45:465][608]LogPlayLevel: PIE: Created PIE world by copying editor world from /Game/FirstPersonBP/Maps/FirstPersonExampleMap.FirstPersonExampleMap to /Game/FirstPersonBP/Maps/UEDPIE_0_FirstPersonExampleMap.FirstPersonExampleMap (0.079686s)
[2018.01.27-18.17.45:520][608]LogInit: XAudio2 using 'Głośniki (Realtek High Definition Audio)' : 2 channels at 48 kHz using 32 bits per sample (channel mask 0x3)
[2018.01.27-18.17.45:548][608]LogInit: FAudioDevice initialized.
[2018.01.27-18.17.45:594][608]LogLoad: Game class is 'FirstPersonGameMode_C'
[2018.01.27-18.17.45:615][608]LogWorld: Bringing World /Game/FirstPersonBP/Maps/UEDPIE_0_FirstPersonExampleMap.FirstPersonExampleMap up for play (max tick rate 60) at 2018.01.27-19.17.45
[2018.01.27-18.17.45:617][608]LogWorld: Bringing up level for play took: 0.019620
[2018.01.27-18.17.45:657][608]LogContentBrowser: Native class hierarchy updated for 'MovieSceneCapture' in 0.0008 seconds. Added 11 classes and 0 folders.
[2018.01.27-18.17.45:658][608]PIE: Info Play in editor start time for /Game/FirstPersonBP/Maps/UEDPIE_0_FirstPersonExampleMap -0.405
[2018.01.27-18.17.45:659][608]LogBlueprintUserMessages: Late PlayInEditor Detection: Level '/Game/FirstPersonBP/Maps/FirstPersonExampleMap.FirstPersonExampleMap:PersistentLevel' has LevelScriptBlueprint '/Game/FirstPersonBP/Maps/FirstPersonExampleMap.FirstPersonExampleMap:PersistentLevel.FirstPersonExampleMap' with GeneratedClass '/Game/FirstPersonBP/Maps/FirstPersonExampleMap.FirstPersonExampleMap_C' with ClassGeneratedBy '/Game/FirstPersonBP/Maps/FirstPersonExampleMap.FirstPersonExampleMap:PersistentLevel.FirstPersonExampleMap'
[2018.01.27-18.18.27:400][269]LogBlueprintUserMessages: Early EndPlayMap Detection: Level '/Game/FirstPersonBP/Maps/FirstPersonExampleMap.FirstPersonExampleMap:PersistentLevel' has LevelScriptBlueprint '/Game/FirstPersonBP/Maps/FirstPersonExampleMap.FirstPersonExampleMap:PersistentLevel.FirstPersonExampleMap' with GeneratedClass '/Game/FirstPersonBP/Maps/FirstPersonExampleMap.FirstPersonExampleMap_C' with ClassGeneratedBy '/Game/FirstPersonBP/Maps/FirstPersonExampleMap.FirstPersonExampleMap:PersistentLevel.FirstPersonExampleMap'
[2018.01.27-18.18.27:550][269]LogBlueprintUserMessages: Late EndPlayMap Detection: Level '/Game/FirstPersonBP/Maps/FirstPersonExampleMap.FirstPersonExampleMap:PersistentLevel' has LevelScriptBlueprint '/Game/FirstPersonBP/Maps/FirstPersonExampleMap.FirstPersonExampleMap:PersistentLevel.FirstPersonExampleMap' with GeneratedClass '/Game/FirstPersonBP/Maps/FirstPersonExampleMap.FirstPersonExampleMap_C' with ClassGeneratedBy '/Game/FirstPersonBP/Maps/FirstPersonExampleMap.FirstPersonExampleMap:PersistentLevel.FirstPersonExampleMap'
[2018.01.27-18.18.36:395][140]LogEditorViewport: Clicking on Actor (LMB): AmbientSound (rondo_Cue)
[2018.01.27-18.19.10:273][156]LogEditorViewport: Clicking on Actor (LMB): AmbientSound (przepasc_Cue)
[2018.01.27-18.19.28:709][709]LogEditorViewport: Clicking on Actor (LMB): Emitter (Fire)
[2018.01.27-18.19.54:244][475]LogEditorViewport: Clicking on Actor (LMB): Landscape (Landscape1)
[2018.01.27-18.19.58:544][604]LogEditorViewport: Clicking on Actor (LMB): StaticMeshActor (Cube70)
[2018.01.27-18.20.05:279][806]LogEditorViewport: Clicking on Actor (LMB): Landscape (Landscape1)
[2018.01.27-18.20.06:379][839]LogEditorViewport: Clicking on Actor (LMB): AmbientSound (przepasc_Cue)
[2018.01.27-18.20.14:680][ 88]LogTemp: Repeting last play command: Selected Viewport
[2018.01.27-18.20.14:696][ 88]LogBlueprintUserMessages: Early PlayInEditor Detection: Level '/Game/FirstPersonBP/Maps/FirstPersonExampleMap.FirstPersonExampleMap:PersistentLevel' has LevelScriptBlueprint '/Game/FirstPersonBP/Maps/FirstPersonExampleMap.FirstPersonExampleMap:PersistentLevel.FirstPersonExampleMap' with GeneratedClass '/Game/FirstPersonBP/Maps/FirstPersonExampleMap.FirstPersonExampleMap_C' with ClassGeneratedBy '/Game/FirstPersonBP/Maps/FirstPersonExampleMap.FirstPersonExampleMap:PersistentLevel.FirstPersonExampleMap'
[2018.01.27-18.20.14:696][ 88]LogPlayLevel: PlayLevel: No blueprints needed recompiling
[2018.01.27-18.20.14:696][ 88]PIE: New page: PIE session: FirstPersonExampleMap (Jan 27, 2018, 8:20:14 PM)
[2018.01.27-18.20.14:696][ 88]LogPlayLevel: Creating play world package: /Game/FirstPersonBP/Maps/UEDPIE_0_FirstPersonExampleMap
[2018.01.27-18.20.14:773][ 88]LogPlayLevel: PIE: StaticDuplicateObject took: (0.077012s)
[2018.01.27-18.20.14:774][ 88]LogAIModule: Creating AISystem for world FirstPersonExampleMap
[2018.01.27-18.20.14:774][ 88]LogPlayLevel: PIE: World Init took: (0.001393s)
[2018.01.27-18.20.14:775][ 88]LogPlayLevel: PIE: Created PIE world by copying editor world from /Game/FirstPersonBP/Maps/FirstPersonExampleMap.FirstPersonExampleMap to /Game/FirstPersonBP/Maps/UEDPIE_0_FirstPersonExampleMap.FirstPersonExampleMap (0.079012s)
[2018.01.27-18.20.14:794][ 88]LogInit: XAudio2 using 'Głośniki (Realtek High Definition Audio)' : 2 channels at 48 kHz using 32 bits per sample (channel mask 0x3)
[2018.01.27-18.20.14:824][ 88]LogInit: FAudioDevice initialized.
[2018.01.27-18.20.14:856][ 88]LogLoad: Game class is 'FirstPersonGameMode_C'
[2018.01.27-18.20.14:874][ 88]LogWorld: Bringing World /Game/FirstPersonBP/Maps/UEDPIE_0_FirstPersonExampleMap.FirstPersonExampleMap up for play (max tick rate 60) at 2018.01.27-19.20.14
[2018.01.27-18.20.14:876][ 88]LogWorld: Bringing up level for play took: 0.018307
[2018.01.27-18.20.14:878][ 88]PIE: Info Play in editor start time for /Game/FirstPersonBP/Maps/UEDPIE_0_FirstPersonExampleMap 0.815
[2018.01.27-18.20.14:878][ 88]LogBlueprintUserMessages: Late PlayInEditor Detection: Level '/Game/FirstPersonBP/Maps/FirstPersonExampleMap.FirstPersonExampleMap:PersistentLevel' has LevelScriptBlueprint '/Game/FirstPersonBP/Maps/FirstPersonExampleMap.FirstPersonExampleMap:PersistentLevel.FirstPersonExampleMap' with GeneratedClass '/Game/FirstPersonBP/Maps/FirstPersonExampleMap.FirstPersonExampleMap_C' with ClassGeneratedBy '/Game/FirstPersonBP/Maps/FirstPersonExampleMap.FirstPersonExampleMap:PersistentLevel.FirstPersonExampleMap'
[2018.01.27-18.20.50:976][605]LogBlueprintUserMessages: Early EndPlayMap Detection: Level '/Game/FirstPersonBP/Maps/FirstPersonExampleMap.FirstPersonExampleMap:PersistentLevel' has LevelScriptBlueprint '/Game/FirstPersonBP/Maps/FirstPersonExampleMap.FirstPersonExampleMap:PersistentLevel.FirstPersonExampleMap' with GeneratedClass '/Game/FirstPersonBP/Maps/FirstPersonExampleMap.FirstPersonExampleMap_C' with ClassGeneratedBy '/Game/FirstPersonBP/Maps/FirstPersonExampleMap.FirstPersonExampleMap:PersistentLevel.FirstPersonExampleMap'
[2018.01.27-18.20.51:114][605]LogBlueprintUserMessages: Late EndPlayMap Detection: Level '/Game/FirstPersonBP/Maps/FirstPersonExampleMap.FirstPersonExampleMap:PersistentLevel' has LevelScriptBlueprint '/Game/FirstPersonBP/Maps/FirstPersonExampleMap.FirstPersonExampleMap:PersistentLevel.FirstPersonExampleMap' with GeneratedClass '/Game/FirstPersonBP/Maps/FirstPersonExampleMap.FirstPersonExampleMap_C' with ClassGeneratedBy '/Game/FirstPersonBP/Maps/FirstPersonExampleMap.FirstPersonExampleMap:PersistentLevel.FirstPersonExampleMap'
[2018.01.27-18.21.01:647][497]LogTemp: Repeting last play command: Selected Viewport
[2018.01.27-18.21.01:662][497]LogBlueprintUserMessages: Early PlayInEditor Detection: Level '/Game/FirstPersonBP/Maps/FirstPersonExampleMap.FirstPersonExampleMap:PersistentLevel' has LevelScriptBlueprint '/Game/FirstPersonBP/Maps/FirstPersonExampleMap.FirstPersonExampleMap:PersistentLevel.FirstPersonExampleMap' with GeneratedClass '/Game/FirstPersonBP/Maps/FirstPersonExampleMap.FirstPersonExampleMap_C' with ClassGeneratedBy '/Game/FirstPersonBP/Maps/FirstPersonExampleMap.FirstPersonExampleMap:PersistentLevel.FirstPersonExampleMap'
[2018.01.27-18.21.01:662][497]LogPlayLevel: PlayLevel: No blueprints needed recompiling
[2018.01.27-18.21.01:663][497]PIE: New page: PIE session: FirstPersonExampleMap (Jan 27, 2018, 8:21:01 PM)
[2018.01.27-18.21.01:663][497]LogPlayLevel: Creating play world package: /Game/FirstPersonBP/Maps/UEDPIE_0_FirstPersonExampleMap
[2018.01.27-18.21.01:738][497]LogPlayLevel: PIE: StaticDuplicateObject took: (0.075164s)
[2018.01.27-18.21.01:739][497]LogAIModule: Creating AISystem for world FirstPersonExampleMap
[2018.01.27-18.21.01:739][497]LogPlayLevel: PIE: World Init took: (0.001581s)
[2018.01.27-18.21.01:740][497]LogPlayLevel: PIE: Created PIE world by copying editor world from /Game/FirstPersonBP/Maps/FirstPersonExampleMap.FirstPersonExampleMap to /Game/FirstPersonBP/Maps/UEDPIE_0_FirstPersonExampleMap.FirstPersonExampleMap (0.077299s)
[2018.01.27-18.21.01:761][497]LogInit: XAudio2 using 'Głośniki (Realtek High Definition Audio)' : 2 channels at 48 kHz using 32 bits per sample (channel mask 0x3)
[2018.01.27-18.21.01:786][497]LogInit: FAudioDevice initialized.
[2018.01.27-18.21.01:823][497]LogLoad: Game class is 'FirstPersonGameMode_C'
[2018.01.27-18.21.01:840][497]LogWorld: Bringing World /Game/FirstPersonBP/Maps/UEDPIE_0_FirstPersonExampleMap.FirstPersonExampleMap up for play (max tick rate 60) at 2018.01.27-19.21.01
[2018.01.27-18.21.01:843][497]LogWorld: Bringing up level for play took: 0.018208
[2018.01.27-18.21.01:845][497]PIE: Info Play in editor start time for /Game/FirstPersonBP/Maps/UEDPIE_0_FirstPersonExampleMap -0.219
[2018.01.27-18.21.01:845][497]LogBlueprintUserMessages: Late PlayInEditor Detection: Level '/Game/FirstPersonBP/Maps/FirstPersonExampleMap.FirstPersonExampleMap:PersistentLevel' has LevelScriptBlueprint '/Game/FirstPersonBP/Maps/FirstPersonExampleMap.FirstPersonExampleMap:PersistentLevel.FirstPersonExampleMap' with GeneratedClass '/Game/FirstPersonBP/Maps/FirstPersonExampleMap.FirstPersonExampleMap_C' with ClassGeneratedBy '/Game/FirstPersonBP/Maps/FirstPersonExampleMap.FirstPersonExampleMap:PersistentLevel.FirstPersonExampleMap'
[2018.01.27-18.21.27:406][860]LogBlueprintUserMessages: Early EndPlayMap Detection: Level '/Game/FirstPersonBP/Maps/FirstPersonExampleMap.FirstPersonExampleMap:PersistentLevel' has LevelScriptBlueprint '/Game/FirstPersonBP/Maps/FirstPersonExampleMap.FirstPersonExampleMap:PersistentLevel.FirstPersonExampleMap' with GeneratedClass '/Game/FirstPersonBP/Maps/FirstPersonExampleMap.FirstPersonExampleMap_C' with ClassGeneratedBy '/Game/FirstPersonBP/Maps/FirstPersonExampleMap.FirstPersonExampleMap:PersistentLevel.FirstPersonExampleMap'
[2018.01.27-18.21.27:580][860]LogBlueprintUserMessages: Late EndPlayMap Detection: Level '/Game/FirstPersonBP/Maps/FirstPersonExampleMap.FirstPersonExampleMap:PersistentLevel' has LevelScriptBlueprint '/Game/FirstPersonBP/Maps/FirstPersonExampleMap.FirstPersonExampleMap:PersistentLevel.FirstPersonExampleMap' with GeneratedClass '/Game/FirstPersonBP/Maps/FirstPersonExampleMap.FirstPersonExampleMap_C' with ClassGeneratedBy '/Game/FirstPersonBP/Maps/FirstPersonExampleMap.FirstPersonExampleMap:PersistentLevel.FirstPersonExampleMap'
[2018.01.27-18.21.30:914][375]LogEditorViewport: Clicking on Actor (LMB): Landscape (Landscape1)
[2018.01.27-18.21.35:147][502]LogEditorViewport: Clicking on Actor (LMB): AmbientSound (przepasc_Cue)
[2018.01.27-18.21.49:881][944]LogEditorViewport: Clicking on Actor (LMB): Landscape (Landscape1)
[2018.01.27-18.21.50:848][973]LogEditorViewport: Clicking on Actor (LMB): AmbientSound (przepasc_Cue)
[2018.01.27-18.22.32:644][164]LogSlate: Took 0.000268 seconds to synchronously load lazily loaded font '../../../Engine/Content/Slate/Fonts/Roboto-Regular.ttf' (155K)
[2018.01.27-18.22.32:708][164]LogSavePackage: Save=2009.86ms
[2018.01.27-18.22.32:708][164]LogSavePackage: Moving 'I:/Projekt/PGK/Saved/FirstPersonExampleMap_Auto1FA32E585415A5F8D5470968C2AD91943.tmp' to 'I:/Projekt/PGK/Saved/Autosaves/Game/FirstPersonBP/Maps/FirstPersonExampleMap_Auto1.umap'
[2018.01.27-18.22.32:711][164]LogSavePackage:Display: Finished SavePackage I:/Projekt/PGK/Saved/Autosaves/Game/FirstPersonBP/Maps/FirstPersonExampleMap_Auto1.umap
[2018.01.27-18.22.32:714][164]LogFileHelpers: Editor autosave (incl. sublevels) for '/Game/FirstPersonBP/Maps/FirstPersonExampleMap' took 2.067
[2018.01.27-18.22.32:714][164]LogFileHelpers: Editor autosave (incl. sublevels) for all levels took 2.067
[2018.01.27-18.22.32:727][164]OBJ SavePackage: Generating thumbnails for [0] asset(s) in package [/Game/import/muzyka/rondo_Cue] ([1] browsable assets)...
[2018.01.27-18.22.32:727][164]OBJ SavePackage: Finished generating thumbnails for package [/Game/import/muzyka/rondo_Cue]
[2018.01.27-18.22.32:727][164]Cmd: OBJ SAVEPACKAGE PACKAGE="/Game/import/muzyka/rondo_Cue" FILE="I:/Projekt/PGK/Saved/Autosaves/Game/import/muzyka/rondo_Cue_Auto1.uasset" SILENT=false AUTOSAVING=true
[2018.01.27-18.22.32:732][164]LogSavePackage: Save=3.31ms
[2018.01.27-18.22.32:732][164]LogSavePackage: Moving 'I:/Projekt/PGK/Saved/rondo_Cue_Auto172840D3F4B91E1D5CC140F82D9D0F3E2.tmp' to 'I:/Projekt/PGK/Saved/Autosaves/Game/import/muzyka/rondo_Cue_Auto1.uasset'
[2018.01.27-18.22.32:737][164]LogSavePackage:Display: Finished SavePackage I:/Projekt/PGK/Saved/Autosaves/Game/import/muzyka/rondo_Cue_Auto1.uasset
[2018.01.27-18.22.32:738][164]OBJ SavePackage: Generating thumbnails for [1] asset(s) in package [/Game/import/muzyka/rondo] ([1] browsable assets)...
[2018.01.27-18.22.32:771][164]OBJ SavePackage:     Rendered thumbnail for [SoundWave /Game/import/muzyka/rondo.rondo]
[2018.01.27-18.22.32:771][164]OBJ SavePackage: Finished generating thumbnails for package [/Game/import/muzyka/rondo]
[2018.01.27-18.22.32:771][164]Cmd: OBJ SAVEPACKAGE PACKAGE="/Game/import/muzyka/rondo" FILE="I:/Projekt/PGK/Saved/Autosaves/Game/import/muzyka/rondo_Auto1.uasset" SILENT=false AUTOSAVING=true
[2018.01.27-18.22.32:780][164]LogSavePackage: Save=7.87ms
[2018.01.27-18.22.32:780][164]LogSavePackage: Moving 'I:/Projekt/PGK/Saved/rondo_Auto15316A7EA4ABB032D3FF86E9E900BDA7D.tmp' to 'I:/Projekt/PGK/Saved/Autosaves/Game/import/muzyka/rondo_Auto1.uasset'
[2018.01.27-18.22.32:781][164]LogSavePackage:Display: Finished SavePackage I:/Projekt/PGK/Saved/Autosaves/Game/import/muzyka/rondo_Auto1.uasset
[2018.01.27-18.22.32:782][164]OBJ SavePackage: Generating thumbnails for [1] asset(s) in package [/Game/import/muzyka/przepasc] ([1] browsable assets)...
[2018.01.27-18.22.32:820][164]OBJ SavePackage:     Rendered thumbnail for [SoundWave /Game/import/muzyka/przepasc.przepasc]
[2018.01.27-18.22.32:820][164]OBJ SavePackage: Finished generating thumbnails for package [/Game/import/muzyka/przepasc]
[2018.01.27-18.22.32:821][164]Cmd: OBJ SAVEPACKAGE PACKAGE="/Game/import/muzyka/przepasc" FILE="I:/Projekt/PGK/Saved/Autosaves/Game/import/muzyka/przepasc_Auto1.uasset" SILENT=false AUTOSAVING=true
[2018.01.27-18.22.32:838][164]LogSavePackage: Save=14.64ms
[2018.01.27-18.22.32:838][164]LogSavePackage: Moving 'I:/Projekt/PGK/Saved/przepasc_Auto1455733D54007F7F74357BE9DF8805BF1.tmp' to 'I:/Projekt/PGK/Saved/Autosaves/Game/import/muzyka/przepasc_Auto1.uasset'
[2018.01.27-18.22.32:839][164]LogSavePackage:Display: Finished SavePackage I:/Projekt/PGK/Saved/Autosaves/Game/import/muzyka/przepasc_Auto1.uasset
[2018.01.27-18.22.32:840][164]OBJ SavePackage: Generating thumbnails for [0] asset(s) in package [/Game/import/muzyka/przepasc_Cue] ([1] browsable assets)...
[2018.01.27-18.22.32:840][164]OBJ SavePackage: Finished generating thumbnails for package [/Game/import/muzyka/przepasc_Cue]
[2018.01.27-18.22.32:840][164]Cmd: OBJ SAVEPACKAGE PACKAGE="/Game/import/muzyka/przepasc_Cue" FILE="I:/Projekt/PGK/Saved/Autosaves/Game/import/muzyka/przepasc_Cue_Auto1.uasset" SILENT=false AUTOSAVING=true
[2018.01.27-18.22.32:846][164]LogSavePackage: Save=4.89ms
[2018.01.27-18.22.32:846][164]LogSavePackage: Moving 'I:/Projekt/PGK/Saved/przepasc_Cue_Auto155884E0A4C354C43B9FEB68985020A92.tmp' to 'I:/Projekt/PGK/Saved/Autosaves/Game/import/muzyka/przepasc_Cue_Auto1.uasset'
[2018.01.27-18.22.32:847][164]LogSavePackage:Display: Finished SavePackage I:/Projekt/PGK/Saved/Autosaves/Game/import/muzyka/przepasc_Cue_Auto1.uasset
[2018.01.27-18.22.32:847][164]LogFileHelpers: Auto-saving content packages took 0.125
[2018.01.27-18.24.02:210][911]LogTemp: Repeting last play command: Selected Viewport
[2018.01.27-18.24.02:226][911]LogBlueprintUserMessages: Early PlayInEditor Detection: Level '/Game/FirstPersonBP/Maps/FirstPersonExampleMap.FirstPersonExampleMap:PersistentLevel' has LevelScriptBlueprint '/Game/FirstPersonBP/Maps/FirstPersonExampleMap.FirstPersonExampleMap:PersistentLevel.FirstPersonExampleMap' with GeneratedClass '/Game/FirstPersonBP/Maps/FirstPersonExampleMap.FirstPersonExampleMap_C' with ClassGeneratedBy '/Game/FirstPersonBP/Maps/FirstPersonExampleMap.FirstPersonExampleMap:PersistentLevel.FirstPersonExampleMap'
[2018.01.27-18.24.02:226][911]LogPlayLevel: PlayLevel: No blueprints needed recompiling
[2018.01.27-18.24.02:227][911]PIE: New page: PIE session: FirstPersonExampleMap (Jan 27, 2018, 8:24:02 PM)
[2018.01.27-18.24.02:227][911]LogPlayLevel: Creating play world package: /Game/FirstPersonBP/Maps/UEDPIE_0_FirstPersonExampleMap
[2018.01.27-18.24.02:306][911]LogPlayLevel: PIE: StaticDuplicateObject took: (0.078705s)
[2018.01.27-18.24.02:308][911]LogAIModule: Creating AISystem for world FirstPersonExampleMap
[2018.01.27-18.24.02:309][911]LogPlayLevel: PIE: World Init took: (0.002917s)
[2018.01.27-18.24.02:310][911]LogPlayLevel: PIE: Created PIE world by copying editor world from /Game/FirstPersonBP/Maps/FirstPersonExampleMap.FirstPersonExampleMap to /Game/FirstPersonBP/Maps/UEDPIE_0_FirstPersonExampleMap.FirstPersonExampleMap (0.082785s)
[2018.01.27-18.24.02:334][911]LogInit: XAudio2 using 'Głośniki (Realtek High Definition Audio)' : 2 channels at 48 kHz using 32 bits per sample (channel mask 0x3)
[2018.01.27-18.24.02:360][911]LogInit: FAudioDevice initialized.
[2018.01.27-18.24.02:396][911]LogLoad: Game class is 'FirstPersonGameMode_C'
[2018.01.27-18.24.02:418][911]LogWorld: Bringing World /Game/FirstPersonBP/Maps/UEDPIE_0_FirstPersonExampleMap.FirstPersonExampleMap up for play (max tick rate 60) at 2018.01.27-19.24.02
[2018.01.27-18.24.02:419][911]LogWorld: Bringing up level for play took: 0.020806
[2018.01.27-18.24.02:421][911]PIE: Info Play in editor start time for /Game/FirstPersonBP/Maps/UEDPIE_0_FirstPersonExampleMap 0.358
[2018.01.27-18.24.02:421][911]LogBlueprintUserMessages: Late PlayInEditor Detection: Level '/Game/FirstPersonBP/Maps/FirstPersonExampleMap.FirstPersonExampleMap:PersistentLevel' has LevelScriptBlueprint '/Game/FirstPersonBP/Maps/FirstPersonExampleMap.FirstPersonExampleMap:PersistentLevel.FirstPersonExampleMap' with GeneratedClass '/Game/FirstPersonBP/Maps/FirstPersonExampleMap.FirstPersonExampleMap_C' with ClassGeneratedBy '/Game/FirstPersonBP/Maps/FirstPersonExampleMap.FirstPersonExampleMap:PersistentLevel.FirstPersonExampleMap'
[2018.01.27-18.24.30:281][303]LogBlueprintUserMessages: Early EndPlayMap Detection: Level '/Game/FirstPersonBP/Maps/FirstPersonExampleMap.FirstPersonExampleMap:PersistentLevel' has LevelScriptBlueprint '/Game/FirstPersonBP/Maps/FirstPersonExampleMap.FirstPersonExampleMap:PersistentLevel.FirstPersonExampleMap' with GeneratedClass '/Game/FirstPersonBP/Maps/FirstPersonExampleMap.FirstPersonExampleMap_C' with ClassGeneratedBy '/Game/FirstPersonBP/Maps/FirstPersonExampleMap.FirstPersonExampleMap:PersistentLevel.FirstPersonExampleMap'
[2018.01.27-18.24.30:469][303]LogBlueprintUserMessages: Late EndPlayMap Detection: Level '/Game/FirstPersonBP/Maps/FirstPersonExampleMap.FirstPersonExampleMap:PersistentLevel' has LevelScriptBlueprint '/Game/FirstPersonBP/Maps/FirstPersonExampleMap.FirstPersonExampleMap:PersistentLevel.FirstPersonExampleMap' with GeneratedClass '/Game/FirstPersonBP/Maps/FirstPersonExampleMap.FirstPersonExampleMap_C' with ClassGeneratedBy '/Game/FirstPersonBP/Maps/FirstPersonExampleMap.FirstPersonExampleMap:PersistentLevel.FirstPersonExampleMap'
[2018.01.27-18.24.35:277][903]LogEditorViewport: Clicking on Actor (LMB): Landscape (Landscape1)
[2018.01.27-18.24.36:244][932]LogEditorViewport: Clicking on Actor (LMB): AmbientSound (przepasc_Cue)
[2018.01.27-18.24.38:044][986]LogEditorViewport: Clicking on Actor (LMB): StaticMeshActor (Fire)
[2018.01.27-18.24.42:344][115]LogEditorViewport: Clicking on Actor (LMB): Emitter (Fire)
[2018.01.27-18.25.13:746][ 57]LogEditorViewport: Clicking on Actor (LMB): Emitter (Fire)
[2018.01.27-18.25.39:213][821]LogEditorViewport: Clicking on Actor (LMB): Landscape (Landscape1)
[2018.01.27-18.25.44:280][973]LogEditorViewport: Clicking on Actor (LMB): AmbientSound (przepasc_Cue)
[2018.01.27-18.25.57:881][381]LogEditorViewport: Clicking on Actor (LMB): Landscape (Landscape1)
[2018.01.27-18.25.58:782][408]LogEditorViewport: Clicking on Actor (LMB): Landscape (Landscape1)
[2018.01.27-18.25.59:715][436]LogEditorViewport: Clicking on Actor (LMB): AmbientSound (przepasc_Cue)
[2018.01.27-18.26.52:917][ 32]LogTemp: Repeting last play command: Selected Viewport
[2018.01.27-18.26.52:935][ 32]LogBlueprintUserMessages: Early PlayInEditor Detection: Level '/Game/FirstPersonBP/Maps/FirstPersonExampleMap.FirstPersonExampleMap:PersistentLevel' has LevelScriptBlueprint '/Game/FirstPersonBP/Maps/FirstPersonExampleMap.FirstPersonExampleMap:PersistentLevel.FirstPersonExampleMap' with GeneratedClass '/Game/FirstPersonBP/Maps/FirstPersonExampleMap.FirstPersonExampleMap_C' with ClassGeneratedBy '/Game/FirstPersonBP/Maps/FirstPersonExampleMap.FirstPersonExampleMap:PersistentLevel.FirstPersonExampleMap'
[2018.01.27-18.26.52:935][ 32]LogPlayLevel: PlayLevel: No blueprints needed recompiling
[2018.01.27-18.26.52:935][ 32]PIE: New page: PIE session: FirstPersonExampleMap (Jan 27, 2018, 8:26:52 PM)
[2018.01.27-18.26.52:935][ 32]LogPlayLevel: Creating play world package: /Game/FirstPersonBP/Maps/UEDPIE_0_FirstPersonExampleMap
[2018.01.27-18.26.53:011][ 32]LogPlayLevel: PIE: StaticDuplicateObject took: (0.075707s)
[2018.01.27-18.26.53:012][ 32]LogAIModule: Creating AISystem for world FirstPersonExampleMap
[2018.01.27-18.26.53:013][ 32]LogPlayLevel: PIE: World Init took: (0.001846s)
[2018.01.27-18.26.53:013][ 32]LogPlayLevel: PIE: Created PIE world by copying editor world from /Game/FirstPersonBP/Maps/FirstPersonExampleMap.FirstPersonExampleMap to /Game/FirstPersonBP/Maps/UEDPIE_0_FirstPersonExampleMap.FirstPersonExampleMap (0.078330s)
[2018.01.27-18.26.53:039][ 32]LogInit: XAudio2 using 'Głośniki (Realtek High Definition Audio)' : 2 channels at 48 kHz using 32 bits per sample (channel mask 0x3)
[2018.01.27-18.26.53:064][ 32]LogInit: FAudioDevice initialized.
[2018.01.27-18.26.53:097][ 32]LogLoad: Game class is 'FirstPersonGameMode_C'
[2018.01.27-18.26.53:117][ 32]LogWorld: Bringing World /Game/FirstPersonBP/Maps/UEDPIE_0_FirstPersonExampleMap.FirstPersonExampleMap up for play (max tick rate 60) at 2018.01.27-19.26.53
[2018.01.27-18.26.53:118][ 32]LogWorld: Bringing up level for play took: 0.018867
[2018.01.27-18.26.53:120][ 32]PIE: Info Play in editor start time for /Game/FirstPersonBP/Maps/UEDPIE_0_FirstPersonExampleMap 1.057
[2018.01.27-18.26.53:120][ 32]LogBlueprintUserMessages: Late PlayInEditor Detection: Level '/Game/FirstPersonBP/Maps/FirstPersonExampleMap.FirstPersonExampleMap:PersistentLevel' has LevelScriptBlueprint '/Game/FirstPersonBP/Maps/FirstPersonExampleMap.FirstPersonExampleMap:PersistentLevel.FirstPersonExampleMap' with GeneratedClass '/Game/FirstPersonBP/Maps/FirstPersonExampleMap.FirstPersonExampleMap_C' with ClassGeneratedBy '/Game/FirstPersonBP/Maps/FirstPersonExampleMap.FirstPersonExampleMap:PersistentLevel.FirstPersonExampleMap'
[2018.01.27-18.27.09:203][303]LogBlueprintUserMessages: Early EndPlayMap Detection: Level '/Game/FirstPersonBP/Maps/FirstPersonExampleMap.FirstPersonExampleMap:PersistentLevel' has LevelScriptBlueprint '/Game/FirstPersonBP/Maps/FirstPersonExampleMap.FirstPersonExampleMap:PersistentLevel.FirstPersonExampleMap' with GeneratedClass '/Game/FirstPersonBP/Maps/FirstPersonExampleMap.FirstPersonExampleMap_C' with ClassGeneratedBy '/Game/FirstPersonBP/Maps/FirstPersonExampleMap.FirstPersonExampleMap:PersistentLevel.FirstPersonExampleMap'
[2018.01.27-18.27.09:353][303]LogBlueprintUserMessages: Late EndPlayMap Detection: Level '/Game/FirstPersonBP/Maps/FirstPersonExampleMap.FirstPersonExampleMap:PersistentLevel' has LevelScriptBlueprint '/Game/FirstPersonBP/Maps/FirstPersonExampleMap.FirstPersonExampleMap:PersistentLevel.FirstPersonExampleMap' with GeneratedClass '/Game/FirstPersonBP/Maps/FirstPersonExampleMap.FirstPersonExampleMap_C' with ClassGeneratedBy '/Game/FirstPersonBP/Maps/FirstPersonExampleMap.FirstPersonExampleMap:PersistentLevel.FirstPersonExampleMap'
[2018.01.27-18.27.09:737][304]LogD3D11RHI:Error: Direct3DDevice->CreateTexture2D(TextureDesc,SubResourceData,OutTexture2D) failed 
 at D:\Build\++UE4+Release-4.16+Compile\Sync\Engine\Source\Runtime\Windows\D3D11RHI\Private\D3D11Texture.cpp:441 
 with error E_OUTOFMEMORY, 
 Size=1180x600x1 Format=DXGI_FORMAT_R16G16B16A16_FLOAT(0x0000000A), NumMips=1, Flags=D3D11_BIND_RENDER_TARGET D3D11_BIND_SHADER_RESOURCE 
[2018.01.27-18.27.12:342][304]LogConsoleResponse:     74 = 12288 KB (Cube 1024 PF_ShadowDepth) CubeShadowDepthZ
[2018.01.27-18.27.12:342][304]LogConsoleResponse:    151 = 12288 KB (Cube 1024 PF_ShadowDepth) CubeShadowDepthZ
[2018.01.27-18.27.12:342][304]LogConsoleResponse:     45 = 12288 KB (Cube 1024 PF_ShadowDepth) CubeShadowDepthZ
[2018.01.27-18.27.12:342][304]LogConsoleResponse:    139 = 12288 KB (Cube 1024 PF_ShadowDepth) CubeShadowDepthZ
[2018.01.27-18.27.12:342][304]LogConsoleResponse:     41 = 12288 KB (Cube 1024 PF_ShadowDepth) CubeShadowDepthZ
[2018.01.27-18.27.12:342][304]LogConsoleResponse:     61 = 12288 KB (Cube 1024 PF_ShadowDepth) CubeShadowDepthZ
[2018.01.27-18.27.12:342][304]LogConsoleResponse:    145 = 12288 KB (Cube 1024 PF_ShadowDepth) CubeShadowDepthZ
[2018.01.27-18.27.12:342][304]LogConsoleResponse:    146 = 12288 KB (Cube 1024 PF_ShadowDepth) CubeShadowDepthZ
[2018.01.27-18.27.12:342][304]LogConsoleResponse:    147 = 12288 KB (Cube 1024 PF_ShadowDepth) CubeShadowDepthZ
[2018.01.27-18.27.12:342][304]LogConsoleResponse:     87 = 12288 KB (Cube 1024 PF_ShadowDepth) CubeShadowDepthZ
[2018.01.27-18.27.12:342][304]LogConsoleResponse:    148 = 12288 KB (Cube 1024 PF_ShadowDepth) CubeShadowDepthZ
[2018.01.27-18.27.12:342][304]LogConsoleResponse:     49 = 12288 KB (Cube 1024 PF_ShadowDepth) CubeShadowDepthZ
[2018.01.27-18.27.12:342][304]LogConsoleResponse:    144 = 12288 KB (Cube 1024 PF_ShadowDepth) CubeShadowDepthZ
[2018.01.27-18.27.12:342][304]LogConsoleResponse:     72 = 12288 KB (Cube 1024 PF_ShadowDepth) CubeShadowDepthZ
[2018.01.27-18.27.12:342][304]LogConsoleResponse:     70 = 12288 KB (Cube 1024 PF_ShadowDepth) CubeShadowDepthZ
[2018.01.27-18.27.12:342][304]LogConsoleResponse:    149 = 12288 KB (Cube 1024 PF_ShadowDepth) CubeShadowDepthZ
[2018.01.27-18.27.12:342][304]LogConsoleResponse:     33 = 12288 KB (Cube 1024 PF_ShadowDepth) CubeShadowDepthZ
[2018.01.27-18.27.12:342][304]LogConsoleResponse:    143 = 12288 KB (Cube 1024 PF_ShadowDepth) CubeShadowDepthZ
[2018.01.27-18.27.12:342][304]LogConsoleResponse:     51 = 12288 KB (Cube 1024 PF_ShadowDepth) CubeShadowDepthZ
[2018.01.27-18.27.12:342][304]LogConsoleResponse:     47 = 12288 KB (Cube 1024 PF_ShadowDepth) CubeShadowDepthZ
[2018.01.27-18.27.12:342][304]LogConsoleResponse:    150 = 12288 KB (Cube 1024 PF_ShadowDepth) CubeShadowDepthZ
[2018.01.27-18.27.12:342][304]LogConsoleResponse:    134 = 12288 KB (Cube 1024 PF_ShadowDepth) CubeShadowDepthZ
[2018.01.27-18.27.12:342][304]LogConsoleResponse:     43 = 12288 KB (Cube 1024 PF_ShadowDepth) CubeShadowDepthZ
[2018.01.27-18.27.12:342][304]LogConsoleResponse:    124 = 12288 KB (Cube 1024 PF_ShadowDepth) CubeShadowDepthZ
[2018.01.27-18.27.12:342][304]LogConsoleResponse:     40 = 12288 KB (Cube 1024 PF_ShadowDepth) CubeShadowDepthZ
[2018.01.27-18.27.12:342][304]LogConsoleResponse:     37 = 12288 KB (Cube 1024 PF_ShadowDepth) CubeShadowDepthZ
[2018.01.27-18.27.12:342][304]LogConsoleResponse:     75 = 8192 KB (2D 2048x2048 PF_ShadowDepth) CachedShadowDepthMap
[2018.01.27-18.27.12:342][304]LogConsoleResponse:    152 = 8192 KB (2D 2048x2048 PF_ShadowDepth) ShadowDepthAtlas
[2018.01.27-18.27.12:342][304]LogConsoleResponse:    154 = 8192 KB (2D 2048x2048 PF_ShadowDepth) ShadowDepthAtlas
[2018.01.27-18.27.12:342][304]LogConsoleResponse:    115 = 8192 KB (2D 2048x2048 PF_ShadowDepth) ShadowDepthAtlas
[2018.01.27-18.27.12:342][304]LogConsoleResponse:    153 = 8192 KB (2D 2048x2048 PF_ShadowDepth) ShadowDepthAtlas
[2018.01.27-18.27.12:342][304]LogConsoleResponse:    159 = 5532 KB (2D 1180x600 PF_FloatRGBA RT UAV VRam) SceneColor VRamInKB(Start/Size):<NONE>
[2018.01.27-18.27.12:342][304]LogConsoleResponse:     32 = 5532 KB (2D 1180x600 PF_FloatRGBA RT UAV VRam) SceneColor VRamInKB(Start/Size):<NONE>
[2018.01.27-18.27.12:342][304]LogConsoleResponse:     25 = 5532 KB (2D 1180x600 PF_FloatRGBA RT UAV) LightAccumulation
[2018.01.27-18.27.12:342][304]LogConsoleResponse:    110 = 5532 KB (2D 1180x600 PF_FloatRGBA RT VRam) TemporalAA VRamInKB(Start/Size):<NONE>
[2018.01.27-18.27.12:342][304]LogConsoleResponse:     95 = 5532 KB (2D 1180x600 PF_FloatRGBA RT VRam) TemporalAA VRamInKB(Start/Size):<NONE>
[2018.01.27-18.27.12:342][304]LogConsoleResponse:    165 = 5532 KB (2D 1180x600 PF_FloatRGBA RT) ScreenSpaceReflections
[2018.01.27-18.27.12:342][304]LogConsoleResponse:     92 = 5532 KB (2D 1180x600 PF_FloatRGBA RT) SSRTemporalAA
[2018.01.27-18.27.12:342][304]LogConsoleResponse:     30 = 3072 KB (Cube 512 PF_ShadowDepth) CubeShadowDepthZ
[2018.01.27-18.27.12:342][304]LogConsoleResponse:     64 = 3072 KB (Cube 512 PF_ShadowDepth) CubeShadowDepthZ
[2018.01.27-18.27.12:342][304]LogConsoleResponse:    120 = 3072 KB (Cube 512 PF_ShadowDepth) CubeShadowDepthZ
[2018.01.27-18.27.12:342][304]LogConsoleResponse:     66 = 3072 KB (Cube 512 PF_ShadowDepth) CubeShadowDepthZ
[2018.01.27-18.27.12:342][304]LogConsoleResponse:    155 = 2766 KB (2D 1180x600 PF_A2B10G10R10 RT) GBufferA
[2018.01.27-18.27.12:342][304]LogConsoleResponse:    157 = 2766 KB (2D 1180x600 PF_B8G8R8A8 RT sRGB VRam) GBufferC VRamInKB(Start/Size):<NONE>
[2018.01.27-18.27.12:342][304]LogConsoleResponse:    156 = 2766 KB (2D 1180x600 PF_B8G8R8A8 RT VRam) GBufferB VRamInKB(Start/Size):<NONE>
[2018.01.27-18.27.12:342][304]LogConsoleResponse:    158 = 2766 KB (2D 1180x600 PF_B8G8R8A8 RT VRam) GBufferD VRamInKB(Start/Size):<NONE>
[2018.01.27-18.27.12:342][304]LogConsoleResponse:    142 = 2766 KB (2D 1180x600 PF_B8G8R8A8 RT VRam) HitProxy VRamInKB(Start/Size):<NONE>
[2018.01.27-18.27.12:342][304]LogConsoleResponse:    164 = 2766 KB (2D 1180x600 PF_B8G8R8A8 RT VRam) LightAttenuation VRamInKB(Start/Size):<NONE>
[2018.01.27-18.27.12:342][304]LogConsoleResponse:     16 = 2766 KB (2D 1180x600 PF_DepthStencil VRam) SceneDepthZ VRamInKB(Start/Size):<NONE>
[2018.01.27-18.27.12:342][304]LogConsoleResponse:    161 = 2766 KB (2D 1180x600 PF_G16R16 RT) Velocity
[2018.01.27-18.27.12:342][304]LogConsoleResponse:     19 = 2048 KB (3D 64x64x64 PF_FloatRGBA RT UAV) TranslucentVolume0
[2018.01.27-18.27.12:342][304]LogConsoleResponse:     21 = 2048 KB (3D 64x64x64 PF_FloatRGBA RT UAV) TranslucentVolume1
[2018.01.27-18.27.12:342][304]LogConsoleResponse:     23 = 2048 KB (3D 64x64x64 PF_FloatRGBA RT UAV) TranslucentVolume2
[2018.01.27-18.27.12:342][304]LogConsoleResponse:     20 = 2048 KB (3D 64x64x64 PF_FloatRGBA RT UAV) TranslucentVolumeDir0
[2018.01.27-18.27.12:342][304]LogConsoleResponse:     22 = 2048 KB (3D 64x64x64 PF_FloatRGBA RT UAV) TranslucentVolumeDir1
[2018.01.27-18.27.12:342][304]LogConsoleResponse:     24 = 2048 KB (3D 64x64x64 PF_FloatRGBA RT UAV) TranslucentVolumeDir2
[2018.01.27-18.27.12:342][304]LogConsoleResponse:     36 = 2048 KB (Cube[2] 128 PF_FloatRGBA) ReflectionEnvs
[2018.01.27-18.27.12:342][304]LogConsoleResponse:     26 = 1383 KB (2D 1180x300 PF_R32_UINT RT UAV) QuadOverdrawBuffer
[2018.01.27-18.27.12:342][304]LogConsoleResponse:     17 = 1383 KB (2D 590x300 PF_DepthStencil) SmallDepthZ
[2018.01.27-18.27.12:342][304]LogConsoleResponse:    162 = 1383 KB (2D 590x300 PF_FloatRGBA RT VRam) AmbientOcclusionSetup VRamInKB(Start/Size):<NONE>
[2018.01.27-18.27.12:342][304]LogConsoleResponse:    160 = 1366 KB (2D 1024x512 PF_R16F RT) HZB
[2018.01.27-18.27.12:342][304]LogConsoleResponse:     50 = 1024 KB (Cube 128 PF_FloatRGBA RT) ReflectionColorScratchCubemap0
[2018.01.27-18.27.12:342][304]LogConsoleResponse:     48 = 1024 KB (Cube 128 PF_FloatRGBA RT) ReflectionColorScratchCubemap1
[2018.01.27-18.27.12:342][304]LogConsoleResponse:    114 = 768 KB (Cube 256 PF_ShadowDepth) CubeShadowDepthZ
[2018.01.27-18.27.12:342][304]LogConsoleResponse:    123 = 768 KB (Cube 256 PF_ShadowDepth) CubeShadowDepthZ
[2018.01.27-18.27.12:342][304]LogConsoleResponse:    136 = 768 KB (Cube 256 PF_ShadowDepth) CubeShadowDepthZ
[2018.01.27-18.27.12:342][304]LogConsoleResponse:    140 = 768 KB (Cube 256 PF_ShadowDepth) CubeShadowDepthZ
[2018.01.27-18.27.12:342][304]LogConsoleResponse:    131 = 768 KB (Cube 256 PF_ShadowDepth) CubeShadowDepthZ
[2018.01.27-18.27.12:342][304]LogConsoleResponse:     18 = 692 KB (2D 1180x600 PF_G8 RT UAV) ScreenSpaceAO
[2018.01.27-18.27.12:342][304]LogConsoleResponse:    163 = 692 KB (2D 590x300 PF_B8G8R8A8 RT VRam) AmbientOcclusion VRamInKB(Start/Size):<NONE>
[2018.01.27-18.27.12:342][304]LogConsoleResponse:    126 = 512 KB (2D 512x512 PF_ShadowDepth) CachedShadowDepthMap
[2018.01.27-18.27.12:342][304]LogConsoleResponse:      2 = 256 KB (2D 256x256 PF_B8G8R8A8) HZBResultsCPU
[2018.01.27-18.27.12:342][304]LogConsoleResponse:      4 = 256 KB (2D 256x256 PF_B8G8R8A8) HZBResultsCPU
[2018.01.27-18.27.12:342][304]LogConsoleResponse:      3 = 256 KB (2D 256x256 PF_B8G8R8A8) HZBResultsCPU
[2018.01.27-18.27.12:342][304]LogConsoleResponse:      1 = 256 KB (2D 256x256 PF_B8G8R8A8) HZBResultsCPU
[2018.01.27-18.27.12:342][304]LogConsoleResponse:    117 = 192 KB (Cube 128 PF_ShadowDepth) CubeShadowDepthZ
[2018.01.27-18.27.12:342][304]LogConsoleResponse:    141 = 192 KB (Cube 128 PF_ShadowDepth) CubeShadowDepthZ
[2018.01.27-18.27.12:342][304]LogConsoleResponse:    132 = 192 KB (Cube 128 PF_ShadowDepth) CubeShadowDepthZ
[2018.01.27-18.27.12:342][304]LogConsoleResponse:    128 = 192 KB (Cube 128 PF_ShadowDepth) CubeShadowDepthZ
[2018.01.27-18.27.12:342][304]LogConsoleResponse:    127 = 192 KB (Cube 128 PF_ShadowDepth) CubeShadowDepthZ
[2018.01.27-18.27.12:342][304]LogConsoleResponse:    113 = 192 KB (Cube 128 PF_ShadowDepth) CubeShadowDepthZ
[2018.01.27-18.27.12:342][304]LogConsoleResponse:    133 = 192 KB (Cube 128 PF_ShadowDepth) CubeShadowDepthZ
[2018.01.27-18.27.12:342][304]LogConsoleResponse:     34 = 128 KB (3D 32x32x32 PF_A2B10G10R10 RT) CombineLUTs
[2018.01.27-18.27.12:342][304]LogConsoleResponse:     67 = 128 KB (3D 32x32x32 PF_A2B10G10R10 RT) CombineLUTs
[2018.01.27-18.27.12:342][304]LogConsoleResponse:     10 = 64 KB (2D 128x128 PF_B8G8R8A8) PerlinNoiseGradient
[2018.01.27-18.27.12:342][304]LogConsoleResponse:     46 = 64 KB (Cube 32 PF_FloatRGBA RT) DiffuseIrradianceScratchCubemap0
[2018.01.27-18.27.12:342][304]LogConsoleResponse:     44 = 64 KB (Cube 32 PF_FloatRGBA RT) DiffuseIrradianceScratchCubemap1
[2018.01.27-18.27.12:342][304]LogConsoleResponse:     15 = 16 KB (2D 128x32 PF_G16R16 VRam) PreintegratedGF VRamInKB(Start/Size):<NONE>
[2018.01.27-18.27.12:342][304]LogConsoleResponse:     13 = 16 KB (3D 16x16x16 PF_B8G8R8A8) PerlinNoise3D
[2018.01.27-18.27.12:342][304]LogConsoleResponse:    112 = 12 KB (Cube 32 PF_ShadowDepth) CubeShadowDepthZ
[2018.01.27-18.27.12:342][304]LogConsoleResponse:     14 = 8 KB (2D 64x64 PF_R8G8) SSAORandomization
[2018.01.27-18.27.12:342][304]LogConsoleResponse:      7 = 1 KB (2D 1x1 PF_B8G8R8A8 RT) BlackAlphaOneDummy
[2018.01.27-18.27.12:342][304]LogConsoleResponse:      6 = 1 KB (2D 1x1 PF_B8G8R8A8 RT) BlackDummy
[2018.01.27-18.27.12:342][304]LogConsoleResponse:      9 = 1 KB (2D 1x1 PF_B8G8R8A8 RT) DefaultNormal8Bit
[2018.01.27-18.27.12:342][304]LogConsoleResponse:      8 = 1 KB (2D 1x1 PF_B8G8R8A8 RT) GreenDummy
[2018.01.27-18.27.12:342][304]LogConsoleResponse:      5 = 1 KB (2D 1x1 PF_B8G8R8A8 RT) WhiteDummy
[2018.01.27-18.27.12:342][304]LogConsoleResponse:     12 = 1 KB (2D 1x1 PF_DepthStencil) DepthDummy
[2018.01.27-18.27.12:342][304]LogConsoleResponse:     11 = 1 KB (2D 1x1 PF_FloatRGBA RT) MaxFP16Depth
[2018.01.27-18.27.12:342][304]LogConsoleResponse:     82 = 1 KB (2D 1x1 PF_G32R32F RT UAV) EyeAdaptation
[2018.01.27-18.27.12:342][304]LogConsoleResponse:     38 = 1 KB (2D 1x1 PF_G32R32F RT UAV) EyeAdaptation
[2018.01.27-18.27.12:342][304]LogConsoleResponse:     42 = 1 KB (2D 9x1 PF_FloatRGBA RT) SkySHIrradianceMap
[2018.01.27-18.27.12:342][304]LogConsoleResponse:    166 = 0 KB (2D 1180x600 PF_FloatRGBA RT) SSRTemporalAA
[2018.01.27-18.27.12:342][304]LogConsoleResponse: 
[2018.01.27-18.27.12:342][304]LogConsoleResponse: Pool: 410/454 MB (referenced/allocated)
[2018.01.27-18.27.12:342][304]LogWindows: FPlatformMisc::RequestExit(1)
[2018.01.27-18.27.12:342][304]Log file closed, 01/27/18 19:27:12
