Log file open, 12/30/17 12:41:06
LogInit:Display: Running engine for game: PGK
LogPlatformFile: Not using cached read wrapper
LogInit:Display: RandInit(625563386) SRandInit(625563386).
LogTaskGraph: Started task graph with 5 named threads and 7 total threads with 1 sets of task threads.
LogStats: Stats thread started at 0.259972
LogInit: Using libcurl 7.47.1
LogInit:  - built for x86_64-pc-win32
LogInit:  - supports SSL with OpenSSL/1.0.2g
LogInit:  - supports HTTP deflate (compression) using libz 1.2.8
LogInit:  - other features:
LogInit:      CURL_VERSION_SSL
LogInit:      CURL_VERSION_LIBZ
LogInit:      CURL_VERSION_IPV6
LogInit:      CURL_VERSION_ASYNCHDNS
LogInit:      CURL_VERSION_LARGEFILE
LogInit:      CURL_VERSION_IDN
LogInit:  CurlRequestOptions (configurable via config and command line):
LogInit:  - bVerifyPeer = false  - Libcurl will NOT verify peer certificate
LogInit:  - bUseHttpProxy = false  - Libcurl will NOT use HTTP proxy
LogInit:  - bDontReuseConnections = false  - Libcurl will reuse connections
LogInit:  - CertBundlePath = nullptr  - Libcurl will use whatever was configured at build time.
LogInit: Build: ++UE4+Release-4.16-CL-3561208
LogInit: Engine Version: 4.16.3-3561208+++UE4+Release-4.16
LogInit: Compatible Engine Version: 4.16.0-3452394+++UE4+Release-4.16
LogInit: Net CL: 3452394
LogDevObjectVersion: Number of dev versions registered: 16
LogDevObjectVersion:   Dev-Blueprints (B0D832E4-1F89-4F0D-ACCF-7EB736FD4AA2): 9
LogDevObjectVersion:   Dev-Build (E1C64328-A22C-4D53-A36C-8E866417BD8C): 0
LogDevObjectVersion:   Dev-Core (375EC13C-06E4-48FB-B500-84F0262A717E): 2
LogDevObjectVersion:   Dev-Editor (E4B068ED-F494-42E9-A231-DA0B2E46BB41): 17
LogDevObjectVersion:   Dev-Framework (CFFC743F-43B0-4480-9391-14DF171D2073): 23
LogDevObjectVersion:   Dev-Mobile (B02B49B5-BB20-44E9-A304-32B752E40360): 0
LogDevObjectVersion:   Dev-Networking (A4E4105C-59A1-49B5-A7C5-40C4547EDFEE): 0
LogDevObjectVersion:   Dev-Online (39C831C9-5AE6-47DC-9A44-9C173E1C8E7C): 0
LogDevObjectVersion:   Dev-Physics (78F01B33-EBEA-4F98-B9B4-84EACCB95AA2): 0
LogDevObjectVersion:   Dev-Platform (6631380F-2D4D-43E0-8009-CF276956A95A): 0
LogDevObjectVersion:   Dev-Rendering (12F88B9F-8875-4AFC-A67C-D90C383ABD29): 15
LogDevObjectVersion:   Dev-Sequencer (7B5AE74C-D270-4C10-A958-57980B212A5A): 4
LogDevObjectVersion:   Dev-VR (D7296918-1DD6-4BDD-9DE2-64A83CC13884): 0
LogDevObjectVersion:   Dev-LoadTimes (C2A15278-BFE7-4AFE-6C17-90FF531DF755): 1
LogDevObjectVersion:   Private-Geometry (6EACA3D4-40EC-4CC1-B786-8BED09428FC5): 1
LogDevObjectVersion:   Dev-AnimPhys (29E575DD-E0A3-4627-9D10-D276232CDCEA): 3
LogInit: Compiled (64-bit): Jul 28 2017 11:49:47
LogInit: Compiled with Visual C++: 19.00.24215.01
LogInit: Build Configuration: Development
LogInit: Branch Name: ++UE4+Release-4.16
LogInit: Command line:  
LogInit: Base directory: C:/Program Files/Epic Games/UE_4.16/Engine/Binaries/Win64/
LogInit: Installed Engine Build: 1
LogInit: Presizing for max 8388607 objects, including 0 objects not considered by GC, pre-allocating 0 bytes for permanent pool.
LogInit: Object subsystem initialized
[2017.12.30-11.41.08:594][  0]LogInit: Selected Device Profile: [Windows]
[2017.12.30-11.41.08:594][  0]LogInit: Applying CVar settings loaded from the selected device profile: [Windows]
[2017.12.30-11.41.08:846][  0]LogInit: Computer: DESKTOP-A2RNJUS
[2017.12.30-11.41.08:846][  0]LogInit: User: Admin
[2017.12.30-11.41.08:846][  0]LogInit: CPU Page size=4096, Cores=3
[2017.12.30-11.41.08:846][  0]LogInit: High frequency timer resolution =3.429402 MHz
[2017.12.30-11.41.08:864][  0]LogMemory: Memory total: Physical=3.9GB (4GB approx)
[2017.12.30-11.41.08:864][  0]LogMemory: Platform Memory Stats for Windows
[2017.12.30-11.41.08:864][  0]LogMemory: Process Physical Memory: 273.60 MB used, 273.60 MB peak
[2017.12.30-11.41.08:864][  0]LogMemory: Process Virtual Memory: 266.64 MB used, 266.64 MB peak
[2017.12.30-11.41.08:864][  0]LogMemory: Physical Memory: 3419.26 MB used,  577.08 MB free, 3996.34 MB total
[2017.12.30-11.41.08:864][  0]LogMemory: Virtual Memory: 662.79 MB used,  577.08 MB free, 134217728.00 MB total
[2017.12.30-11.41.11:594][  0]LogInit: Using OS detected language (pl-PL).
[2017.12.30-11.41.11:594][  0]LogInit: Using OS detected locale (pl-PL).
[2017.12.30-11.41.11:731][  0]LogTextLocalizationManager: No localization for 'pl-PL' exists, so 'en' will be used for the language.
[2017.12.30-11.41.11:732][  0]LogTextLocalizationManager: No localization for 'pl-PL' exists, so 'en' will be used for the locale.
[2017.12.30-11.41.15:354][  0]LogD3D11RHI: D3D11 adapters:
[2017.12.30-11.41.15:396][  0]LogD3D11RHI:    0. 'AMD Radeon HD 6670' (Feature Level 11_0)
[2017.12.30-11.41.15:396][  0]LogD3D11RHI:       1012/0/1792 MB DedicatedVideo/DedicatedSystem/SharedSystem, Outputs:2, VendorId:0x1002
[2017.12.30-11.41.15:437][  0]LogD3D11RHI:    1. 'Microsoft Basic Render Driver' (Feature Level 11_0)
[2017.12.30-11.41.15:437][  0]LogD3D11RHI:       0/0/1998 MB DedicatedVideo/DedicatedSystem/SharedSystem, Outputs:0, VendorId:0x1414
[2017.12.30-11.41.15:437][  0]LogD3D11RHI: Chosen D3D11 Adapter: 0
[2017.12.30-11.41.15:462][  0]LogD3D11RHI: Creating new Direct3DDevice
[2017.12.30-11.41.15:462][  0]LogD3D11RHI:     GPU DeviceId: 0x6758 (for the marketing name, search the web for "GPU Device Id")
[2017.12.30-11.41.15:462][  0]LogWindows: EnumDisplayDevices:
[2017.12.30-11.41.15:463][  0]LogWindows:    0. 'AMD Radeon HD 6670' (P:1 D:1)
[2017.12.30-11.41.15:463][  0]LogWindows:    1. 'AMD Radeon HD 6670' (P:0 D:1)
[2017.12.30-11.41.15:463][  0]LogWindows:    2. 'AMD Radeon HD 6670' (P:0 D:0)
[2017.12.30-11.41.15:463][  0]LogWindows: DebugString: GetVideoDriverDetailsInvalid PrimaryIsNotTheChoosenAdapter GetVideoDriverDetailsInvalid PrimaryIsNotTheChoosenAdapter GetVideoDriverDetailsInvalid PrimaryIsNotTheChoosenAdapter FoundDriverCount:0 
[2017.12.30-11.41.15:463][  0]LogD3D11RHI:     Adapter Name: AMD Radeon HD 6670
[2017.12.30-11.41.15:463][  0]LogD3D11RHI:   Driver Version: Unknown (internal:Unknown, unified:Unknown)
[2017.12.30-11.41.15:463][  0]LogD3D11RHI:      Driver Date: Unknown
[2017.12.30-11.41.15:463][  0]LogRHI: Texture pool is 708 MB (70% of 1012 MB)
[2017.12.30-11.41.15:843][  0]LogD3D11RHI: AMD Pre GCN architecture detected, some driver workarounds will be in place
[2017.12.30-11.41.15:929][  0]LogD3D11RHI: Async texture creation enabled
[2017.12.30-11.41.16:348][  0]LogD3D11RHI: GPU Timing Frequency: 27.000000 (Debug: 2 1)
[2017.12.30-11.41.16:407][  0]LogShaderCompilers: Guid format shader working directory is -14 characters bigger than the processId version (../../../../../../Users/Admin/Documents/Unreal Projects/PGK/Intermediate/Shaders/WorkingDirectory/22684/).
[2017.12.30-11.41.16:407][  0]LogShaderCompilers: Cleaned the shader compiler working directory 'C:/Users/Admin/AppData/Local/Temp/UnrealShaderWorkingDir/266B8CC7433990D7681514A6ACD8CB5B/'.
[2017.12.30-11.41.16:430][  0]LogShaderCompilers:Display: Using Local Shader Compiler.
[2017.12.30-11.41.21:583][  0]LogTemp:Display: Loaded TP AllDesktopTargetPlatform
[2017.12.30-11.41.21:695][  0]LogTemp:Display: Loaded TP MacClientTargetPlatform
[2017.12.30-11.41.21:818][  0]LogTemp:Display: Loaded TP MacNoEditorTargetPlatform
[2017.12.30-11.41.21:933][  0]LogTemp:Display: Loaded TP MacServerTargetPlatform
[2017.12.30-11.41.22:072][  0]LogTemp:Display: Loaded TP MacTargetPlatform
[2017.12.30-11.41.22:189][  0]LogTemp:Display: Loaded TP WindowsClientTargetPlatform
[2017.12.30-11.41.22:306][  0]LogTemp:Display: Loaded TP WindowsNoEditorTargetPlatform
[2017.12.30-11.41.22:423][  0]LogTemp:Display: Loaded TP WindowsServerTargetPlatform
[2017.12.30-11.41.22:592][  0]LogTemp:Display: Loaded TP WindowsTargetPlatform
[2017.12.30-11.41.22:756][  0]LogTemp:Display: Loaded TP AndroidTargetPlatform
[2017.12.30-11.41.22:906][  0]LogTemp:Display: Loaded TP Android_ASTCTargetPlatform
[2017.12.30-11.41.23:018][  0]LogTemp:Display: Loaded TP Android_ATCTargetPlatform
[2017.12.30-11.41.23:129][  0]LogTemp:Display: Loaded TP Android_DXTTargetPlatform
[2017.12.30-11.41.23:241][  0]LogTemp:Display: Loaded TP Android_ETC1TargetPlatform
[2017.12.30-11.41.23:363][  0]LogTemp:Display: Loaded TP Android_ETC2TargetPlatform
[2017.12.30-11.41.23:614][  0]LogTemp:Display: Loaded TP Android_MultiTargetPlatform
[2017.12.30-11.41.23:614][  0]LogTemp:Display: Loaded TP Android_PVRTCTargetPlatform
[2017.12.30-11.41.23:749][  0]LogTemp:Display: Loaded TP HTML5TargetPlatform
[2017.12.30-11.41.24:032][  0]LogTemp:Display: Loaded TP IOSTargetPlatform
[2017.12.30-11.41.24:093][  0]LogTemp:Display: Loaded TP TVOSTargetPlatform
[2017.12.30-11.41.24:229][  0]LogTemp:Display: Loaded TP LinuxClientTargetPlatform
[2017.12.30-11.41.24:360][  0]LogTemp:Display: Loaded TP LinuxNoEditorTargetPlatform
[2017.12.30-11.41.24:480][  0]LogTemp:Display: Loaded TP LinuxServerTargetPlatform
[2017.12.30-11.41.24:622][  0]LogTemp:Display: Loaded TP LinuxTargetPlatform
[2017.12.30-11.41.24:635][  0]LogTargetPlatformManager:Display: Building Assets For Windows
[2017.12.30-11.41.26:848][  0]LogDerivedDataCache:Display: Max Cache Size: 512 MB
[2017.12.30-11.41.27:925][  0]LogDerivedDataCache: Loaded boot cache 1.08s 90MB C:/Users/Admin/AppData/Local/UnrealEngine/4.16/DerivedDataCache/Boot.ddc.
[2017.12.30-11.41.27:925][  0]LogDerivedDataCache:Display: Loaded Boot cache: C:/Users/Admin/AppData/Local/UnrealEngine/4.16/DerivedDataCache/Boot.ddc
[2017.12.30-11.41.27:925][  0]LogDerivedDataCache: FDerivedDataBackendGraph:  Pak pak cache file ../../../../../../Users/Admin/Documents/Unreal Projects/PGK/DerivedDataCache/DDC.ddp not found, will not use a pak cache.
[2017.12.30-11.41.27:925][  0]LogDerivedDataCache: Unable to find inner node Pak for hierarchical cache Hierarchy.
[2017.12.30-11.41.27:925][  0]LogDerivedDataCache: FDerivedDataBackendGraph:  CompressedPak pak cache file ../../../../../../Users/Admin/Documents/Unreal Projects/PGK/DerivedDataCache/Compressed.ddp not found, will not use a pak cache.
[2017.12.30-11.41.27:925][  0]LogDerivedDataCache: Unable to find inner node CompressedPak for hierarchical cache Hierarchy.
[2017.12.30-11.41.27:991][  0]LogDerivedDataCache:Display: Pak cache opened for reading ../../../Engine/DerivedDataCache/Compressed.ddp.
[2017.12.30-11.41.28:044][  0]LogDerivedDataCache: Using Local data cache path C:/Users/Admin/AppData/Local/UnrealEngine/Common/DerivedDataCache: Writable
[2017.12.30-11.41.28:224][  0]LogMaterial: Verifying Global Shaders for PCD3D_SM5
[2017.12.30-11.41.28:330][  0]LogSlate: Using Freetype 2.6.0
[2017.12.30-11.41.28:409][  0]LogSlate: SlateFontCache - WITH_FREETYPE: 1, WITH_HARFBUZZ: 1
[2017.12.30-11.41.28:409][  0]LogSlate: SlateFontCache - WITH_FREETYPE: 1, WITH_HARFBUZZ: 1
[2017.12.30-11.41.38:898][  0]LogInit: Selected Device Profile: [Windows]
[2017.12.30-11.41.40:027][  0]LogContentStreaming: Texture pool size is 0.00 MB
[2017.12.30-11.41.42:812][  0]LogMeshUtilities: Using QuadricMeshReduction for automatic static mesh reduction
[2017.12.30-11.41.43:205][  0]LogSimplygon: Simplygon DLL not present - disabling.
[2017.12.30-11.41.43:416][  0]LogMeshUtilities: Using SimplygonSwarm for distributed automatic mesh merging
[2017.12.30-11.41.43:416][  0]LogMeshUtilities: No automatic skeletal mesh reduction module available
[2017.12.30-11.41.43:416][  0]LogMeshUtilities: No automatic mesh merging module available
[2017.12.30-11.41.49:158][  0]LogNetVersion: PGK , NetCL: 3452394, EngineNetVer: 2, GameNetVer: 0 (Checksum: 3392332418)
[2017.12.30-11.41.49:499][  0]LogAssetRegistry: FAssetRegistry took 0.0403 seconds to start up
[2017.12.30-11.41.50:423][  0]LogPackageLocalizationCache: Processed 4 localized package path(s) for 1 prioritized culture(s) in 0.758187 seconds
[2017.12.30-11.41.50:454][  0]LogUObjectArray: 34194 objects as part of root set at end of initial load.
[2017.12.30-11.41.50:454][  0]LogUObjectAllocator: 7260416 out of 0 bytes used by permanent object pool.
[2017.12.30-11.41.50:454][  0]LogUObjectArray: CloseDisregardForGC: 0/0 objects in disregard for GC pool
[2017.12.30-11.41.50:778][  0]LogInit: WinSock: version 1.1 (2.2), MaxSocks=32767, MaxUdp=65467
[2017.12.30-11.42.43:550][  0]LogTcpMessaging: Initializing TcpMessaging bridge
[2017.12.30-11.42.43:691][  0]LogUdpMessaging: Initializing bridge on interface 0.0.0.0:0 to multicast group 230.0.0.1:6666.
[2017.12.30-11.42.46:039][  0]LogMaterial: Uniform references updated for custom material expression Custom.
[2017.12.30-11.42.47:582][  0]SourceControl: Info Source control is disabled
[2017.12.30-11.42.47:607][  0]SourceControl: Info Source control is disabled
[2017.12.30-11.42.47:823][  0]SourceControl: Info Source control is disabled
[2017.12.30-11.42.47:981][  0]SourceControl: Info Source control is disabled
[2017.12.30-11.42.50:879][  0]LogAndroidPermission: UAndroidPermissionCallbackProxy::GetInstance
[2017.12.30-11.42.54:056][  0]LogEngine: Initializing Engine...
[2017.12.30-11.42.54:112][  0]LogHMD: Failed to initialize OpenVR with code 110
[2017.12.30-11.42.55:146][  0]LogStats: UGameplayTagsManager::ConstructGameplayTagTree: Construct from data asset -  0.000 s
[2017.12.30-11.42.55:162][  0]LogStats: UGameplayTagsManager::ConstructGameplayTagTree: GameplayTagTreeChangedEvent.Broadcast -  0.016 s
[2017.12.30-11.42.56:113][  0]LogAIModule: Creating AISystem for world Untitled
[2017.12.30-11.42.56:357][  0]LogInit: XAudio2 using 'Speaker (Sound Blaster X-Fi Surround 5.1 Pro)' : 2 channels at 48 kHz using 24 bits per sample (channel mask 0x3)
[2017.12.30-11.42.56:473][  0]LogInit: FAudioDevice initialized.
[2017.12.30-11.42.56:701][  0]LogDerivedDataCache: Saved boot cache 0.20s 90MB C:/Users/Admin/AppData/Local/UnrealEngine/4.16/DerivedDataCache/Boot.ddc.
[2017.12.30-11.42.56:854][  0]LogInit: Texture streaming: Enabled
[2017.12.30-11.42.57:923][  0]LogEngineSessionManager: EngineSessionManager initialized
[2017.12.30-11.42.58:998][  0]LogInit: Transaction tracking system initialized
[2017.12.30-11.43.00:337][  0]BlueprintLog: New page: Editor Load
[2017.12.30-11.43.04:544][  0]LocalizationService: Info Localization service is disabled
[2017.12.30-11.43.07:071][  0]LogConsoleResponse:Display: 
[2017.12.30-11.43.09:006][  0]LogFileCache: Scanning file cache for directory 'C:/Users/Admin/Documents/Unreal Projects/PGK/Content/' took 0.08s
[2017.12.30-11.43.09:006][  0]LogCook:Display: Max memory allowance for cook 16384mb min free memory 0mb
[2017.12.30-11.43.09:033][  0]LogCook:Display: Mobile HDR setting 1
[2017.12.30-11.43.13:476][  0]SourceControl: Info Source control is disabled
[2017.12.30-11.43.13:524][  0]Cmd: MAP LOAD FILE="../../../../../../Users/Admin/Documents/Unreal Projects/PGK/Content/FirstPersonBP/Maps/FirstPersonExampleMap.umap" TEMPLATE=0 SHOWPROGRESS=1 FEATURELEVEL=3
[2017.12.30-11.43.13:526][  0]LightingResults: New page: Lighting Build
[2017.12.30-11.43.13:836][  0]MapCheck: New page: Map Check
[2017.12.30-11.43.13:836][  0]LightingResults: New page: Lighting Build
[2017.12.30-11.43.15:870][  0]LogBlueprint:Warning: [Compiler PersistentLevel.FirstPersonExampleMap] Warning Node  Unknown  is not referencing a valid level actor
[2017.12.30-11.43.15:871][  0]LogBlueprint:Warning: [Compiler PersistentLevel.FirstPersonExampleMap] Warning [0140.25] Compile of PersistentLevel.FirstPersonExampleMap successful, but with 1 Warning(s) [in 13 ms] (/Game/FirstPersonBP/Maps/FirstPersonExampleMap.FirstPersonExampleMap:PersistentLevel.FirstPersonExampleMap)
[2017.12.30-11.43.15:883][  0]LogBlueprint:Warning: [Compiler PersistentLevel.FirstPersonExampleMap] Warning [0140.26] Compile of PersistentLevel.FirstPersonExampleMap successful, but with 2 Warning(s) [in 0 ms] (/Game/FirstPersonBP/Maps/FirstPersonExampleMap.FirstPersonExampleMap:PersistentLevel.FirstPersonExampleMap)
[2017.12.30-11.43.15:883][  0]LogBlueprint:Warning: [Compiler PersistentLevel.FirstPersonExampleMap] Warning [0140.26] Compile of PersistentLevel.FirstPersonExampleMap successful, but with 3 Warning(s) [in 0 ms] (/Game/FirstPersonBP/Maps/FirstPersonExampleMap.FirstPersonExampleMap:PersistentLevel.FirstPersonExampleMap)
[2017.12.30-11.43.15:889][  0]LogBlueprint:Warning: [Compiler PersistentLevel.FirstPersonExampleMap] Warning Node  Unknown  is not referencing a valid level actor
[2017.12.30-11.43.15:890][  0]LogBlueprint:Warning: [Compiler PersistentLevel.FirstPersonExampleMap] Warning [0140.27] Compile of PersistentLevel.FirstPersonExampleMap successful, but with 1 Warning(s) [in 2 ms] (/Game/FirstPersonBP/Maps/FirstPersonExampleMap.FirstPersonExampleMap:PersistentLevel.FirstPersonExampleMap)
[2017.12.30-11.43.15:890][  0]LogBlueprint:Warning: [Compiler PersistentLevel.FirstPersonExampleMap] Warning [0140.27] Compile of PersistentLevel.FirstPersonExampleMap successful, but with 2 Warning(s) [in 0 ms] (/Game/FirstPersonBP/Maps/FirstPersonExampleMap.FirstPersonExampleMap:PersistentLevel.FirstPersonExampleMap)
[2017.12.30-11.43.15:890][  0]LogBlueprint:Warning: [Compiler PersistentLevel.FirstPersonExampleMap] Warning [0140.27] Compile of PersistentLevel.FirstPersonExampleMap successful, but with 3 Warning(s) [in 0 ms] (/Game/FirstPersonBP/Maps/FirstPersonExampleMap.FirstPersonExampleMap:PersistentLevel.FirstPersonExampleMap)
[2017.12.30-11.43.17:726][  0]LogMaterial: Missing cached shader map for material st_tile, compiling. 
[2017.12.30-11.43.17:930][  0]LogMaterial:Warning: Failed to compile Material /Game/import/kibel/st_tile.st_tile for platform PCD3D_SM5, Default Material will be used in game.
[2017.12.30-11.43.17:930][  0]LogMaterial:Warning: 	(Node TextureSample) TextureSample> Sampler type is Normal, should be Color for /Game/import/kibel/Dirt_map.Dirt_map
[2017.12.30-11.43.20:220][  0]LogAIModule: Creating AISystem for world FirstPersonExampleMap
[2017.12.30-11.43.21:312][  0]LogEditorServer: Finished looking for orphan Actors (0.000 secs)
[2017.12.30-11.43.21:600][  0]Cmd: MAP CHECKDEP NOCLEARLOG
[2017.12.30-11.43.21:800][  0]MapCheck: Info Map check complete: 0 Error(s), 0 Warning(s), took 192.165ms to complete.
[2017.12.30-11.43.21:800][  0]LogFileHelpers: Loading map 'FirstPersonExampleMap' took 8.294
[2017.12.30-11.43.24:519][  0]LogCollectionManager: Loaded 0 collections in 0.015160 seconds
[2017.12.30-11.43.24:758][  0]LogFileCache: Scanning file cache for directory 'C:/Users/Admin/Documents/Unreal Projects/PGK/Saved/Collections/' took 0.01s
[2017.12.30-11.43.24:758][  0]LogFileCache: Scanning file cache for directory 'C:/Users/Admin/Documents/Unreal Projects/PGK/Content/Developers/Admin/Collections/' took 0.01s
[2017.12.30-11.43.24:758][  0]LogFileCache: Scanning file cache for directory 'C:/Users/Admin/Documents/Unreal Projects/PGK/Content/Collections/' took 0.01s
[2017.12.30-11.43.24:758][  0]LogCollectionManager: Rebuilt the GUID cache for 0 collections in 0.000002 seconds
[2017.12.30-11.43.24:776][  0]LogContentBrowser: Native class hierarchy populated in 0.0161 seconds. Added 2329 classes and 491 folders.
[2017.12.30-11.43.25:118][  0]LogContentBrowser: Native class hierarchy updated for 'WidgetCarousel' in 0.0008 seconds. Added 0 classes and 0 folders.
[2017.12.30-11.43.25:857][  0]LogContentBrowser: Native class hierarchy updated for 'AddContentDialog' in 0.0010 seconds. Added 0 classes and 0 folders.
[2017.12.30-11.43.26:052][  0]LogContentBrowser: Native class hierarchy updated for 'SceneOutliner' in 0.0008 seconds. Added 1 classes and 2 folders.
[2017.12.30-11.43.26:942][  0]LogCrashTracker: Crashtracker disabled due to settings.
[2017.12.30-11.43.27:188][  0]LogSlate: Took 0.008830 seconds to synchronously load lazily loaded font '../../../Engine/Content/Slate/Fonts/Roboto-Regular.ttf' (155K)
[2017.12.30-11.43.27:209][  0]LogSlate: Took 0.012687 seconds to synchronously load lazily loaded font '../../../Engine/Content/Slate/Fonts/Roboto-Bold.ttf' (160K)
[2017.12.30-11.43.27:318][  0]LogSlate: Took 0.024767 seconds to synchronously load lazily loaded font '../../../Engine/Content/Editor/Slate/Fonts/FontAwesome.ttf' (139K)
[2017.12.30-11.43.27:864][  0]LogRenderer: Reallocating scene render targets to support 1208x600 NumSamples 1 (Frame:1).
[2017.12.30-11.43.29:151][  0]LogUObjectGlobals:Warning: Failed to find object 'Class None.'
[2017.12.30-11.43.29:379][  0]LogContentBrowser: Native class hierarchy updated for 'HierarchicalLODOutliner' in 0.0008 seconds. Added 1 classes and 2 folders.
[2017.12.30-11.43.29:380][  0]LogLoad: (Engine Initialization) Total time: 153.76 seconds
[2017.12.30-11.43.29:380][  0]LogLoad: (Engine Initialization) Total Blueprint compile time: 0.94 seconds
[2017.12.30-11.43.29:380][  0]LogExternalProfiler: Found external profiler: VSPerf
[2017.12.30-11.43.29:380][  0]LogExternalProfiler: Using external profiler: VSPerf
[2017.12.30-11.43.29:458][  0]LogOcInput: OculusInput pre-init called
[2017.12.30-11.43.29:463][  0]LogHMD: Starting GearVRController plugin
[2017.12.30-11.43.30:063][  0]LogContentStreaming: Texture pool size now 1000 MB
[2017.12.30-11.43.30:425][  1]LogFileCache: Retrieving MD5 hashes for directory 'C:/Users/Admin/Documents/Unreal Projects/PGK/Content/' took 0.85s
[2017.12.30-11.43.30:651][  1]LogSlate: Took 0.011202 seconds to synchronously load lazily loaded font '../../../Engine/Content/Slate/Fonts/Roboto-Light.ttf' (159K)
[2017.12.30-11.43.30:805][  2]LogCollectionManager: Rebuilt the object cache for 0 collections in 0.000001 seconds (found 0 objects)
[2017.12.30-11.43.30:917][  4]LogAssetRegistry: Asset discovery search completed in 101.4413 seconds
[2017.12.30-11.43.30:932][  4]LogCollectionManager: Fixed up redirectors for 0 collections in 0.000003 seconds (updated 0 objects)
[2017.12.30-11.44.14:601][340]LogSlate: Took 0.047046 seconds to synchronously load lazily loaded font '../../../Engine/Content/Editor/Slate/Fonts/Roboto-Italic.ttf' (157K)
[2017.12.30-11.45.20:546][326]MapCheck: New page: Map Check
[2017.12.30-11.45.21:044][326]LightingResults: New page: Lighting Build - Dec 30, 2017, 1:45:20 PM
[2017.12.30-11.45.24:968][326]LogSwarmInterface: [OpenConnection] Registering TCP channel ...
[2017.12.30-11.45.25:817][326]LogSwarmInterface: [OpenConnection] Connecting to agent ...
[2017.12.30-11.45.27:483][326]LogSwarmInterface: [TryOpenConnection] Testing the Agent
[2017.12.30-11.45.32:553][326]LogSwarmInterface:Error: [TryOpenConnection] Waiting for the agent to start up ...
[2017.12.30-11.45.32:634][326]LogSwarmInterface:Error: System.Net.Sockets.SocketException (0x80004005): Nie można nawiązać połączenia, ponieważ komputer docelowy aktywnie go odmawia 127.0.0.1:8008

Server stack trace: 
   w System.Net.Sockets.Socket.DoConnect(EndPoint endPointSnapshot, SocketAddress socketAddress)
   w System.Net.Sockets.Socket.Connect(EndPoint remoteEP)
   w System.Runtime.Remoting.Channels.RemoteConnection.CreateNewSocket(EndPoint ipEndPoint)
   w System.Runtime.Remoting.Channels.SocketCache.GetSocket(String machinePortAndSid, Boolean openNew)
   w System.Runtime.Remoting.Channels.Tcp.TcpClientTransportSink.SendRequestWithRetry(IMessage msg, ITransportHeaders requestHeaders, Stream requestStream)
   w System.Runtime.Remoting.Channels.Tcp.TcpClientTransportSink.AsyncProcessRequest(IClientChannelSinkStack sinkStack, IMessage msg, ITransportHeaders headers, Stream stream)
   w System.Runtime.Remoting.Channels.BinaryClientFormatterSink.AsyncProcessMessage(IMessage msg, IMessageSink replySink)

Exception rethrown at [0]: 
   w System.Runtime.Remoting.Proxies.RealProxy.HandleReturnMessage(IMessage reqMsg, IMessage retMsg)
   w System.Runtime.Remoting.Proxies.RealProxy.PrivateInvoke(MessageData& msgData, Int32 type)
   w NSwarm.IAgentInterfaceWrapper.MethodDelegate.EndInvoke(Hashtable& OutParameters, IAsyncResult result)
   w NSwarm.FSwarmInterface.TryOpenConnection(FConnectionCallback CallbackFunc, IntPtr CallbackData, ELogFlags LoggingFlags)
[2017.12.30-11.45.39:366][326]LogSwarmInterface: [TryOpenConnection] Opening Connection to Agent
[2017.12.30-11.45.39:366][326]LogSwarmInterface: [TryOpenConnection] Local Process ID is 22684
[2017.12.30-11.45.48:806][326]LogStaticLightingSystem:Warning: No importance volume found, so the scene bounding box was used.  You can optimize your scene's quality and lighting build times by adding importance volumes.
[2017.12.30-11.45.48:818][326]LogStaticLightingSystem: Running Lightmass w/ ImmediateImport mode ENABLED
[2017.12.30-11.45.48:818][326]LogStaticLightingSystem: Running Lightmass w/ ImmediateProcess mode ENABLED
[2017.12.30-11.45.48:818][326]LogStaticLightingSystem: Running Lightmass w/ Sorting mode ENABLED
[2017.12.30-11.45.48:818][326]LogStaticLightingSystem: Running Lightmass w/ Mapping paddings ENABLED
[2017.12.30-11.45.48:818][326]LogStaticLightingSystem: Running Lightmass w/ Mapping debug paddings DISABLED
[2017.12.30-11.45.50:019][326]LogEditorBuildUtils: Build time 0:29
[2017.12.30-11.46.09:820][892]Job is a success!
[2017.12.30-11.46.10:089][893]LogSlate: Took 0.036428 seconds to synchronously load lazily loaded font '../../../Engine/Content/Slate/Fonts/Roboto-Light.ttf' (159K)
[2017.12.30-11.46.13:458][893]LogTexture:Display: Building textures: HQ_Lightmap1_1 (AutoDXT, 1024X1024)
[2017.12.30-11.46.13:458][893]LogTexture:Display: Building textures: SkyOcclusion1_2 (AutoDXT, 1024X512)
[2017.12.30-11.46.13:458][893]LogTexture:Display: Building textures: SkyOcclusion1_1 (AutoDXT, 1024X512)
[2017.12.30-11.46.13:458][893]LogTexture:Display: Building textures: LQ_Lightmap_1_1 (DXT1, 1024X1024)
[2017.12.30-11.46.13:458][893]LogTexture:Display: Building textures: HQ_Lightmap1_2 (AutoDXT, 1024X1024)
[2017.12.30-11.46.13:458][893]LogTexture:Display: Building textures: LQ_Lightmap_1_2 (DXT1, 1024X1024)
[2017.12.30-11.46.13:458][893]LogTexture:Display: Building textures: SkyOcclusion0_3 (AutoDXT, 64X32)
[2017.12.30-11.46.13:458][893]LogTexture:Display: Building textures: HQ_Lightmap0_3 (AutoDXT, 64X64)
[2017.12.30-11.46.13:458][893]LogTexture:Display: Building textures: LQ_Lightmap_0_3 (DXT1, 64X64)
[2017.12.30-11.46.13:659][893]LogTexture:Display: Building textures: ShadowMapTexture2D_1 (G8, 32X32)
[2017.12.30-11.46.14:061][893]LogTexture:Display: Building textures: ShadowMapTexture2D_0 (BGRA8, 1024X1024)
[2017.12.30-11.46.14:700][893]Lightmass on DESKTOP-A2RNJUS: 19.7 sec total, 574 ms importing, 202 ms setup, 2.44 sec photons, 16.1 sec processing, 0 ms extra exporting [82/82 mappings]. Threads: 1:20 min total, 45.7 sec processing.
[2017.12.30-11.46.14:886][893]LogStaticLightingSystem: Illumination: 53.8 sec (1.94 sec encoding lightmaps, 586 ms encoding shadowmaps)
[2017.12.30-11.46.14:886][893]LogStaticLightingSystem: Lightmap texture memory:  5.3 MB (5.3 MB streaming, 0.0 MB non-streaming), 6 textures
[2017.12.30-11.46.14:887][893]LogStaticLightingSystem: Shadowmap texture memory: 5.3 MB (5.3 MB streaming, 0.0 MB non-streaming), 2 textures
[2017.12.30-11.46.15:889][893]DumpUnbuiltLightIteractions
[2017.12.30-11.46.15:889][893]Lights with unbuilt interactions: 0
[2017.12.30-11.46.15:889][893]
[2017.12.30-11.46.15:889][893]Primitives with unbuilt interactions: 0
[2017.12.30-11.46.15:915][894]Cmd: MAP CHECK NOTIFYRESULTS
[2017.12.30-11.46.15:915][894]MapCheck: New page: FirstPersonExampleMap - Dec 30, 2017, 1:46:15 PM
[2017.12.30-11.46.16:863][894]MapCheck: Info Map check complete: 0 Error(s), 0 Warning(s), took 948.366ms to complete.
[2017.12.30-11.46.26:005][243]LogTemp: Repeting last play command: Selected Viewport
[2017.12.30-11.46.30:212][243]LogBlueprintUserMessages: Early PlayInEditor Detection: Level '/Game/FirstPersonBP/Maps/FirstPersonExampleMap.FirstPersonExampleMap:PersistentLevel' has LevelScriptBlueprint '/Game/FirstPersonBP/Maps/FirstPersonExampleMap.FirstPersonExampleMap:PersistentLevel.FirstPersonExampleMap' with GeneratedClass '/Game/FirstPersonBP/Maps/FirstPersonExampleMap.FirstPersonExampleMap_C' with ClassGeneratedBy '/Game/FirstPersonBP/Maps/FirstPersonExampleMap.FirstPersonExampleMap:PersistentLevel.FirstPersonExampleMap'
[2017.12.30-11.46.30:226][243]LogPlayLevel: PlayLevel: No blueprints needed recompiling
[2017.12.30-11.46.30:276][243]PIE: New page: PIE session: FirstPersonExampleMap (Dec 30, 2017, 1:46:30 PM)
[2017.12.30-11.46.30:288][243]LogPlayLevel: Creating play world package: /Game/FirstPersonBP/Maps/UEDPIE_0_FirstPersonExampleMap
[2017.12.30-11.46.30:449][243]LogPlayLevel: PIE: StaticDuplicateObject took: (0.160831s)
[2017.12.30-11.46.30:450][243]LogAIModule: Creating AISystem for world FirstPersonExampleMap
[2017.12.30-11.46.30:450][243]LogPlayLevel: PIE: World Init took: (0.001038s)
[2017.12.30-11.46.30:467][243]LogPlayLevel: PIE: Created PIE world by copying editor world from /Game/FirstPersonBP/Maps/FirstPersonExampleMap.FirstPersonExampleMap to /Game/FirstPersonBP/Maps/UEDPIE_0_FirstPersonExampleMap.FirstPersonExampleMap (0.179351s)
[2017.12.30-11.46.30:576][243]LogInit: XAudio2 using 'Speaker (Sound Blaster X-Fi Surround 5.1 Pro)' : 2 channels at 48 kHz using 24 bits per sample (channel mask 0x3)
[2017.12.30-11.46.30:638][243]LogInit: FAudioDevice initialized.
[2017.12.30-11.46.30:803][243]LogLoad: Game class is 'FirstPersonGameMode_C'
[2017.12.30-11.46.31:075][243]LogWorld: Bringing World /Game/FirstPersonBP/Maps/UEDPIE_0_FirstPersonExampleMap.FirstPersonExampleMap up for play (max tick rate 0) at 2017.12.30-12.46.31
[2017.12.30-11.46.31:136][243]LogWorld: Bringing up level for play took: 0.065072
[2017.12.30-11.46.33:665][243]LogContentBrowser: Native class hierarchy updated for 'MovieSceneCapture' in 0.0009 seconds. Added 11 classes and 0 folders.
[2017.12.30-11.46.33:735][243]PIE: Info Play in editor start time for /Game/FirstPersonBP/Maps/UEDPIE_0_FirstPersonExampleMap 3.826
[2017.12.30-11.46.33:735][243]LogBlueprintUserMessages: Late PlayInEditor Detection: Level '/Game/FirstPersonBP/Maps/FirstPersonExampleMap.FirstPersonExampleMap:PersistentLevel' has LevelScriptBlueprint '/Game/FirstPersonBP/Maps/FirstPersonExampleMap.FirstPersonExampleMap:PersistentLevel.FirstPersonExampleMap' with GeneratedClass '/Game/FirstPersonBP/Maps/FirstPersonExampleMap.FirstPersonExampleMap_C' with ClassGeneratedBy '/Game/FirstPersonBP/Maps/FirstPersonExampleMap.FirstPersonExampleMap:PersistentLevel.FirstPersonExampleMap'
[2017.12.30-11.46.37:069][320]LogScript:Warning: Accessed None trying to read property None_EdGraph_2_RefProperty
	FirstPersonExampleMap_C /Game/FirstPersonBP/Maps/UEDPIE_0_FirstPersonExampleMap.FirstPersonExampleMap:PersistentLevel.FirstPersonExampleMap_C_2
	Function /Game/FirstPersonBP/Maps/FirstPersonExampleMap.FirstPersonExampleMap_C:light_off:0047
[2017.12.30-11.46.37:082][320]PIE:Error: Error Blueprint Runtime Error: Accessed None trying to read property None_EdGraph_2_RefProperty from function: 'light_off' from node: Toggle Visibility in graph: light_off in object: FirstPersonExampleMap with description: Accessed None trying to read property None_EdGraph_2_RefProperty
[2017.12.30-11.46.37:082][320]LogScript:Warning: Accessed None
	FirstPersonExampleMap_C /Game/FirstPersonBP/Maps/UEDPIE_0_FirstPersonExampleMap.FirstPersonExampleMap:PersistentLevel.FirstPersonExampleMap_C_2
	Function /Game/FirstPersonBP/Maps/FirstPersonExampleMap.FirstPersonExampleMap_C:light_off:005C
[2017.12.30-11.46.37:082][320]PIE:Error: Error Blueprint Runtime Error: Accessed None from function: 'light_off' from node: Toggle Visibility in graph: light_off in object: FirstPersonExampleMap with description: Accessed None
[2017.12.30-11.46.42:540][508]LogBlueprintUserMessages: Early EndPlayMap Detection: Level '/Game/FirstPersonBP/Maps/FirstPersonExampleMap.FirstPersonExampleMap:PersistentLevel' has LevelScriptBlueprint '/Game/FirstPersonBP/Maps/FirstPersonExampleMap.FirstPersonExampleMap:PersistentLevel.FirstPersonExampleMap' with GeneratedClass '/Game/FirstPersonBP/Maps/FirstPersonExampleMap.FirstPersonExampleMap_C' with ClassGeneratedBy '/Game/FirstPersonBP/Maps/FirstPersonExampleMap.FirstPersonExampleMap:PersistentLevel.FirstPersonExampleMap'
[2017.12.30-11.46.42:752][508]LogBlueprintUserMessages: Late EndPlayMap Detection: Level '/Game/FirstPersonBP/Maps/FirstPersonExampleMap.FirstPersonExampleMap:PersistentLevel' has LevelScriptBlueprint '/Game/FirstPersonBP/Maps/FirstPersonExampleMap.FirstPersonExampleMap:PersistentLevel.FirstPersonExampleMap' with GeneratedClass '/Game/FirstPersonBP/Maps/FirstPersonExampleMap.FirstPersonExampleMap_C' with ClassGeneratedBy '/Game/FirstPersonBP/Maps/FirstPersonExampleMap.FirstPersonExampleMap:PersistentLevel.FirstPersonExampleMap'
[2017.12.30-11.48.02:369][ 52]LogBlueprint:Warning: [Compiler PersistentLevel.FirstPersonExampleMap] Warning Node  Unknown  is not referencing a valid level actor
[2017.12.30-11.48.02:370][ 52]LogBlueprint:Warning: [Compiler PersistentLevel.FirstPersonExampleMap] Warning [0426.75] Compile of PersistentLevel.FirstPersonExampleMap successful, but with 1 Warning(s) [in 60 ms] (/Game/FirstPersonBP/Maps/FirstPersonExampleMap.FirstPersonExampleMap:PersistentLevel.FirstPersonExampleMap)
[2017.12.30-11.48.02:370][ 52]LogBlueprint:Warning: [Compiler PersistentLevel.FirstPersonExampleMap] Warning [0426.75] Compile of PersistentLevel.FirstPersonExampleMap successful, but with 2 Warning(s) [in 0 ms] (/Game/FirstPersonBP/Maps/FirstPersonExampleMap.FirstPersonExampleMap:PersistentLevel.FirstPersonExampleMap)
[2017.12.30-11.48.02:370][ 52]LogBlueprint:Warning: [Compiler PersistentLevel.FirstPersonExampleMap] Warning [0426.75] Compile of PersistentLevel.FirstPersonExampleMap successful, but with 3 Warning(s) [in 0 ms] (/Game/FirstPersonBP/Maps/FirstPersonExampleMap.FirstPersonExampleMap:PersistentLevel.FirstPersonExampleMap)
[2017.12.30-11.48.02:705][ 52]LogBlueprint:Warning: [Compiler PersistentLevel.FirstPersonExampleMap] Warning [0427.08] Compile of PersistentLevel.FirstPersonExampleMap successful, but with 4 Warning(s) [in 334 ms] (/Game/FirstPersonBP/Maps/FirstPersonExampleMap.FirstPersonExampleMap:PersistentLevel.FirstPersonExampleMap)
[2017.12.30-11.48.02:705][ 52]LogBlueprint:Warning: [Compiler PersistentLevel.FirstPersonExampleMap] Warning [0427.08] Compile of PersistentLevel.FirstPersonExampleMap successful, but with 5 Warning(s) [in 0 ms] (/Game/FirstPersonBP/Maps/FirstPersonExampleMap.FirstPersonExampleMap:PersistentLevel.FirstPersonExampleMap)
[2017.12.30-11.48.02:705][ 52]LogBlueprint:Warning: [Compiler PersistentLevel.FirstPersonExampleMap] Warning [0427.08] Compile of PersistentLevel.FirstPersonExampleMap successful, but with 6 Warning(s) [in 0 ms] (/Game/FirstPersonBP/Maps/FirstPersonExampleMap.FirstPersonExampleMap:PersistentLevel.FirstPersonExampleMap)
[2017.12.30-11.48.03:059][ 52]LogSavePackage: Save=791.22ms
[2017.12.30-11.48.03:059][ 52]LogSavePackage: Moving '../../../../../../Users/Admin/Documents/Unreal Projects/PGK/Saved/FirstPersonExampleMap1B104D5344A9E359D686109A15A259E8.tmp' to '../../../../../../Users/Admin/Documents/Unreal Projects/PGK/Content/FirstPersonBP/Maps/FirstPersonExampleMap.umap'
[2017.12.30-11.48.03:132][ 52]LogSavePackage:Display: Finished SavePackage ../../../../../../Users/Admin/Documents/Unreal Projects/PGK/Content/FirstPersonBP/Maps/FirstPersonExampleMap.umap
[2017.12.30-11.48.03:803][ 52]LogSavePackage: Save=496.07ms
[2017.12.30-11.48.03:803][ 52]LogSavePackage: Moving '../../../../../../Users/Admin/Documents/Unreal Projects/PGK/Saved/FirstPersonExampleMap_BuiltDataCDEAA2D54A3BB2E428AC49832B78846A.tmp' to '../../../../../../Users/Admin/Documents/Unreal Projects/PGK/Content/FirstPersonBP/Maps/FirstPersonExampleMap_BuiltData.uasset'
[2017.12.30-11.48.03:817][ 52]LogSavePackage:Display: Finished SavePackage ../../../../../../Users/Admin/Documents/Unreal Projects/PGK/Content/FirstPersonBP/Maps/FirstPersonExampleMap_BuiltData.uasset
[2017.12.30-11.48.56:758][210]LogTemp: Repeting last play command: Selected Viewport
[2017.12.30-11.48.56:780][210]LogBlueprintUserMessages: Early PlayInEditor Detection: Level '/Game/FirstPersonBP/Maps/FirstPersonExampleMap.FirstPersonExampleMap:PersistentLevel' has LevelScriptBlueprint '/Game/FirstPersonBP/Maps/FirstPersonExampleMap.FirstPersonExampleMap:PersistentLevel.FirstPersonExampleMap' with GeneratedClass '/Game/FirstPersonBP/Maps/FirstPersonExampleMap.FirstPersonExampleMap_C' with ClassGeneratedBy '/Game/FirstPersonBP/Maps/FirstPersonExampleMap.FirstPersonExampleMap:PersistentLevel.FirstPersonExampleMap'
[2017.12.30-11.48.56:780][210]LogPlayLevel: PlayLevel: No blueprints needed recompiling
[2017.12.30-11.48.56:781][210]PIE: New page: PIE session: FirstPersonExampleMap (Dec 30, 2017, 1:48:56 PM)
[2017.12.30-11.48.56:781][210]LogPlayLevel: Creating play world package: /Game/FirstPersonBP/Maps/UEDPIE_0_FirstPersonExampleMap
[2017.12.30-11.48.56:849][210]LogPlayLevel: PIE: StaticDuplicateObject took: (0.068431s)
[2017.12.30-11.48.56:851][210]LogAIModule: Creating AISystem for world FirstPersonExampleMap
[2017.12.30-11.48.56:852][210]LogPlayLevel: PIE: World Init took: (0.002582s)
[2017.12.30-11.48.56:852][210]LogPlayLevel: PIE: Created PIE world by copying editor world from /Game/FirstPersonBP/Maps/FirstPersonExampleMap.FirstPersonExampleMap to /Game/FirstPersonBP/Maps/UEDPIE_0_FirstPersonExampleMap.FirstPersonExampleMap (0.071666s)
[2017.12.30-11.48.57:011][210]LogInit: XAudio2 using 'Speaker (Sound Blaster X-Fi Surround 5.1 Pro)' : 2 channels at 48 kHz using 24 bits per sample (channel mask 0x3)
[2017.12.30-11.48.57:025][210]LogInit: FAudioDevice initialized.
[2017.12.30-11.48.57:065][210]LogLoad: Game class is 'FirstPersonGameMode_C'
[2017.12.30-11.48.57:071][210]LogWorld: Bringing World /Game/FirstPersonBP/Maps/UEDPIE_0_FirstPersonExampleMap.FirstPersonExampleMap up for play (max tick rate 0) at 2017.12.30-12.48.57
[2017.12.30-11.48.57:071][210]LogWorld: Bringing up level for play took: 0.004671
[2017.12.30-11.48.57:073][210]PIE: Info Play in editor start time for /Game/FirstPersonBP/Maps/UEDPIE_0_FirstPersonExampleMap 1.164
[2017.12.30-11.48.57:073][210]LogBlueprintUserMessages: Late PlayInEditor Detection: Level '/Game/FirstPersonBP/Maps/FirstPersonExampleMap.FirstPersonExampleMap:PersistentLevel' has LevelScriptBlueprint '/Game/FirstPersonBP/Maps/FirstPersonExampleMap.FirstPersonExampleMap:PersistentLevel.FirstPersonExampleMap' with GeneratedClass '/Game/FirstPersonBP/Maps/FirstPersonExampleMap.FirstPersonExampleMap_C' with ClassGeneratedBy '/Game/FirstPersonBP/Maps/FirstPersonExampleMap.FirstPersonExampleMap:PersistentLevel.FirstPersonExampleMap'
[2017.12.30-11.48.59:379][271]LogScript:Warning: Accessed None trying to read property None_EdGraph_4_RefProperty
	FirstPersonExampleMap_C /Game/FirstPersonBP/Maps/UEDPIE_0_FirstPersonExampleMap.FirstPersonExampleMap:PersistentLevel.FirstPersonExampleMap_C_0
	Function /Game/FirstPersonBP/Maps/FirstPersonExampleMap.FirstPersonExampleMap_C:light_off:0047
[2017.12.30-11.48.59:379][271]PIE:Error: Error Blueprint Runtime Error: Accessed None trying to read property None_EdGraph_4_RefProperty from function: 'light_off' from node: Toggle Visibility in graph: light_off in object: FirstPersonExampleMap with description: Accessed None trying to read property None_EdGraph_4_RefProperty
[2017.12.30-11.48.59:379][271]LogScript:Warning: Accessed None
	FirstPersonExampleMap_C /Game/FirstPersonBP/Maps/UEDPIE_0_FirstPersonExampleMap.FirstPersonExampleMap:PersistentLevel.FirstPersonExampleMap_C_0
	Function /Game/FirstPersonBP/Maps/FirstPersonExampleMap.FirstPersonExampleMap_C:light_off:005C
[2017.12.30-11.48.59:379][271]PIE:Error: Error Blueprint Runtime Error: Accessed None from function: 'light_off' from node: Toggle Visibility in graph: light_off in object: FirstPersonExampleMap with description: Accessed None
[2017.12.30-11.49.17:009][874]LogBlueprintUserMessages: Early EndPlayMap Detection: Level '/Game/FirstPersonBP/Maps/FirstPersonExampleMap.FirstPersonExampleMap:PersistentLevel' has LevelScriptBlueprint '/Game/FirstPersonBP/Maps/FirstPersonExampleMap.FirstPersonExampleMap:PersistentLevel.FirstPersonExampleMap' with GeneratedClass '/Game/FirstPersonBP/Maps/FirstPersonExampleMap.FirstPersonExampleMap_C' with ClassGeneratedBy '/Game/FirstPersonBP/Maps/FirstPersonExampleMap.FirstPersonExampleMap:PersistentLevel.FirstPersonExampleMap'
[2017.12.30-11.49.17:135][874]LogBlueprintUserMessages: Late EndPlayMap Detection: Level '/Game/FirstPersonBP/Maps/FirstPersonExampleMap.FirstPersonExampleMap:PersistentLevel' has LevelScriptBlueprint '/Game/FirstPersonBP/Maps/FirstPersonExampleMap.FirstPersonExampleMap:PersistentLevel.FirstPersonExampleMap' with GeneratedClass '/Game/FirstPersonBP/Maps/FirstPersonExampleMap.FirstPersonExampleMap_C' with ClassGeneratedBy '/Game/FirstPersonBP/Maps/FirstPersonExampleMap.FirstPersonExampleMap:PersistentLevel.FirstPersonExampleMap'
[2017.12.30-11.49.30:610][ 79]LogBlueprint:Warning: [Compiler PersistentLevel.FirstPersonExampleMap] Warning Node  Unknown  is not referencing a valid level actor
[2017.12.30-11.49.30:611][ 79]LogBlueprint:Warning: [Compiler PersistentLevel.FirstPersonExampleMap] Warning [0514.99] Compile of PersistentLevel.FirstPersonExampleMap successful, but with 1 Warning(s) [in 4 ms] (/Game/FirstPersonBP/Maps/FirstPersonExampleMap.FirstPersonExampleMap:PersistentLevel.FirstPersonExampleMap)
[2017.12.30-11.49.30:611][ 79]LogBlueprint:Warning: [Compiler PersistentLevel.FirstPersonExampleMap] Warning [0514.99] Compile of PersistentLevel.FirstPersonExampleMap successful, but with 2 Warning(s) [in 0 ms] (/Game/FirstPersonBP/Maps/FirstPersonExampleMap.FirstPersonExampleMap:PersistentLevel.FirstPersonExampleMap)
[2017.12.30-11.49.30:611][ 79]LogBlueprint:Warning: [Compiler PersistentLevel.FirstPersonExampleMap] Warning [0514.99] Compile of PersistentLevel.FirstPersonExampleMap successful, but with 3 Warning(s) [in 0 ms] (/Game/FirstPersonBP/Maps/FirstPersonExampleMap.FirstPersonExampleMap:PersistentLevel.FirstPersonExampleMap)
[2017.12.30-11.49.30:666][ 79]LogBlueprint:Warning: [Compiler PersistentLevel.FirstPersonExampleMap] Warning [0515.04] Compile of PersistentLevel.FirstPersonExampleMap successful, but with 4 Warning(s) [in 54 ms] (/Game/FirstPersonBP/Maps/FirstPersonExampleMap.FirstPersonExampleMap:PersistentLevel.FirstPersonExampleMap)
[2017.12.30-11.49.30:666][ 79]LogBlueprint:Warning: [Compiler PersistentLevel.FirstPersonExampleMap] Warning [0515.04] Compile of PersistentLevel.FirstPersonExampleMap successful, but with 5 Warning(s) [in 0 ms] (/Game/FirstPersonBP/Maps/FirstPersonExampleMap.FirstPersonExampleMap:PersistentLevel.FirstPersonExampleMap)
[2017.12.30-11.49.30:666][ 79]LogBlueprint:Warning: [Compiler PersistentLevel.FirstPersonExampleMap] Warning [0515.04] Compile of PersistentLevel.FirstPersonExampleMap successful, but with 6 Warning(s) [in 0 ms] (/Game/FirstPersonBP/Maps/FirstPersonExampleMap.FirstPersonExampleMap:PersistentLevel.FirstPersonExampleMap)
[2017.12.30-11.49.31:019][ 79]LogSavePackage: Save=420.36ms
[2017.12.30-11.49.31:019][ 79]LogSavePackage: Moving '../../../../../../Users/Admin/Documents/Unreal Projects/PGK/Saved/FirstPersonExampleMap83C9094E4F719423F966D78F7CE90CD1.tmp' to '../../../../../../Users/Admin/Documents/Unreal Projects/PGK/Content/FirstPersonBP/Maps/FirstPersonExampleMap.umap'
[2017.12.30-11.49.31:032][ 79]LogSavePackage:Display: Finished SavePackage ../../../../../../Users/Admin/Documents/Unreal Projects/PGK/Content/FirstPersonBP/Maps/FirstPersonExampleMap.umap
[2017.12.30-11.49.31:067][ 79]LogFileHelpers: Saving map 'FirstPersonExampleMap' took 0.741
[2017.12.30-11.49.31:431][ 79]LogWindowsTextInputMethodSystem:Display: IME system now deactivated.
[2017.12.30-11.49.31:431][ 79]LogWindowsTextInputMethodSystem:Display: IME system now deactivated.
[2017.12.30-11.49.32:128][ 80]Cmd: QUIT_EDITOR
[2017.12.30-11.49.32:876][ 80]LogExit: Preparing to exit.
[2017.12.30-11.49.34:610][ 80]LogDirectoryWatcher: A directory notification for 'C:/Users/Admin/Documents/Unreal Projects/PGK/Content/' was aborted.
[2017.12.30-11.49.34:865][ 80]LogExit: Editor shut down
[2017.12.30-11.49.34:907][ 80]LogExit: Transaction tracking system shut down
[2017.12.30-11.49.39:970][ 80]LogObj: Freed 0b from 0 cluster array pools.
[2017.12.30-11.49.39:971][ 80]LogExit: Object subsystem successfully closed.
[2017.12.30-11.49.40:649][ 80]LogD3D11RHI: Shutdown
[2017.12.30-11.49.40:649][ 80]LogD3D11RHI: CleanupD3DDevice
[2017.12.30-11.49.40:929][ 80]LogD3D11RHI: ~FD3D11DynamicRHI
[2017.12.30-11.49.42:829][ 80]LogModuleManager: Shutting down and abandoning module MovieSceneCapture (526)
[2017.12.30-11.49.42:835][ 80]LogModuleManager: Shutting down and abandoning module HierarchicalLODOutliner (524)
[2017.12.30-11.49.42:836][ 80]LogModuleManager: Shutting down and abandoning module CrashTracker (522)
[2017.12.30-11.49.42:836][ 80]LogModuleManager: Shutting down and abandoning module SceneOutliner (520)
[2017.12.30-11.49.42:836][ 80]LogModuleManager: Shutting down and abandoning module AddContentDialog (518)
[2017.12.30-11.49.42:886][ 80]LogDirectoryWatcher: A directory notification for 'C:/Program Files/Epic Games/UE_4.16/FeaturePacks/' was aborted.
[2017.12.30-11.49.42:940][ 80]LogModuleManager: Shutting down and abandoning module WidgetCarousel (517)
[2017.12.30-11.49.42:940][ 80]LogModuleManager: Shutting down and abandoning module EditorWidgets (514)
[2017.12.30-11.49.42:940][ 80]LogModuleManager: Shutting down and abandoning module CollectionManager (512)
[2017.12.30-11.49.42:940][ 80]LogDirectoryWatcher: A directory notification for 'C:/Users/Admin/Documents/Unreal Projects/PGK/Content/Collections/' was aborted.
[2017.12.30-11.49.42:941][ 80]LogDirectoryWatcher: A directory notification for 'C:/Users/Admin/Documents/Unreal Projects/PGK/Content/Developers/Admin/Collections/' was aborted.
[2017.12.30-11.49.42:941][ 80]LogDirectoryWatcher: A directory notification for 'C:/Users/Admin/Documents/Unreal Projects/PGK/Saved/Collections/' was aborted.
[2017.12.30-11.49.42:941][ 80]LogModuleManager: Shutting down and abandoning module StatsViewer (510)
[2017.12.30-11.49.42:941][ 80]LogModuleManager: Shutting down and abandoning module FoliageEdit (508)
[2017.12.30-11.49.42:941][ 80]LogModuleManager: Shutting down and abandoning module LandscapeEditor (506)
[2017.12.30-11.49.43:045][ 80]LogModuleManager: Shutting down and abandoning module MeshPaintMode (504)
[2017.12.30-11.49.43:045][ 80]LogModuleManager: Shutting down and abandoning module SceneDepthPickerMode (502)
[2017.12.30-11.49.43:045][ 80]LogModuleManager: Shutting down and abandoning module ActorPickerMode (500)
[2017.12.30-11.49.43:045][ 80]LogModuleManager: Shutting down and abandoning module GeometryMode (498)
[2017.12.30-11.49.43:045][ 80]LogModuleManager: Shutting down and abandoning module TextureAlignMode (496)
[2017.12.30-11.49.43:045][ 80]LogModuleManager: Shutting down and abandoning module BspMode (494)
[2017.12.30-11.49.43:081][ 80]LogModuleManager: Shutting down and abandoning module HardwareSurvey (492)
[2017.12.30-11.49.43:107][ 80]LogModuleManager: Shutting down and abandoning module SequenceRecorderSections (490)
[2017.12.30-11.49.43:123][ 80]LogModuleManager: Shutting down and abandoning module AutomationWorker (488)
[2017.12.30-11.49.43:131][ 80]LogModuleManager: Shutting down and abandoning module MatineeToLevelSequence (486)
[2017.12.30-11.49.43:156][ 80]LogModuleManager: Shutting down and abandoning module LevelSequenceEditor (484)
[2017.12.30-11.49.43:219][ 80]LogModuleManager: Shutting down and abandoning module PlacementMode (483)
[2017.12.30-11.49.43:219][ 80]LogModuleManager: Shutting down and abandoning module WmfMediaFactory (480)
[2017.12.30-11.49.43:219][ 80]LogModuleManager: Shutting down and abandoning module WmfMediaEditor (478)
[2017.12.30-11.49.43:219][ 80]LogModuleManager: Shutting down and abandoning module AvfMediaFactory (476)
[2017.12.30-11.49.43:219][ 80]LogModuleManager: Shutting down and abandoning module AvfMediaEditor (474)
[2017.12.30-11.49.43:219][ 80]LogModuleManager: Shutting down and abandoning module AndroidMediaFactory (472)
[2017.12.30-11.49.43:219][ 80]LogModuleManager: Shutting down and abandoning module Media (471)
[2017.12.30-11.49.43:219][ 80]LogModuleManager: Shutting down and abandoning module AndroidMediaEditor (468)
[2017.12.30-11.49.43:219][ 80]LogModuleManager: Shutting down and abandoning module CharacterAI (466)
[2017.12.30-11.49.43:219][ 80]LogModuleManager: Shutting down and abandoning module AudioCapture (464)
[2017.12.30-11.49.43:228][ 80]LogModuleManager: Shutting down and abandoning module SequenceRecorder (463)
[2017.12.30-11.49.43:237][ 80]LogModuleManager: Shutting down and abandoning module SmartSnapping (460)
[2017.12.30-11.49.43:237][ 80]LogModuleManager: Shutting down and abandoning module SessionServices (458)
[2017.12.30-11.49.43:237][ 80]LogModuleManager: Shutting down and abandoning module ViewportSnapping (456)
[2017.12.30-11.49.43:237][ 80]LogModuleManager: Shutting down and abandoning module ViewportInteraction (454)
[2017.12.30-11.49.43:237][ 80]LogModuleManager: Shutting down and abandoning module ClothPainter (452)
[2017.12.30-11.49.43:306][ 80]LogModuleManager: Shutting down and abandoning module LogVisualizer (450)
[2017.12.30-11.49.43:327][ 80]LogModuleManager: Shutting down and abandoning module IntroTutorials (448)
[2017.12.30-11.49.43:363][ 80]LogModuleManager: Shutting down and abandoning module GameProjectGeneration (447)
[2017.12.30-11.49.43:375][ 80]LogModuleManager: Shutting down and abandoning module EditorLiveStreaming (444)
[2017.12.30-11.49.43:375][ 80]LogModuleManager: Shutting down and abandoning module IOSPlatformEditor (442)
[2017.12.30-11.49.43:386][ 80]LogModuleManager: Shutting down and abandoning module HTML5PlatformEditor (440)
[2017.12.30-11.49.43:386][ 80]LogModuleManager: Shutting down and abandoning module AndroidPlatformEditor (438)
[2017.12.30-11.49.43:386][ 80]LogModuleManager: Shutting down and abandoning module AndroidDeviceDetection (437)
[2017.12.30-11.49.43:955][ 80]LogModuleManager: Shutting down and abandoning module IOSRuntimeSettings (434)
[2017.12.30-11.49.43:956][ 80]LogModuleManager: Shutting down and abandoning module AndroidRuntimeSettings (432)
[2017.12.30-11.49.43:956][ 80]LogModuleManager: Shutting down and abandoning module InputBindingEditor (430)
[2017.12.30-11.49.44:132][ 80]LogModuleManager: Shutting down and abandoning module MergeActors (428)
[2017.12.30-11.49.44:142][ 80]LogModuleManager: Shutting down and abandoning module SizeMap (426)
[2017.12.30-11.49.44:142][ 80]LogModuleManager: Shutting down and abandoning module TreeMap (424)
[2017.12.30-11.49.44:157][ 80]LogModuleManager: Shutting down and abandoning module ReferenceViewer (422)
[2017.12.30-11.49.44:164][ 80]LogModuleManager: Shutting down and abandoning module LocalizationDashboard (420)
[2017.12.30-11.49.44:207][ 80]LogModuleManager: Shutting down and abandoning module LocalizationService (419)
[2017.12.30-11.49.44:236][ 80]LogModuleManager: Shutting down and abandoning module HardwareTargeting (416)
[2017.12.30-11.49.44:236][ 80]LogModuleManager: Shutting down and abandoning module DeviceProfileEditor (414)
[2017.12.30-11.49.44:267][ 80]LogModuleManager: Shutting down and abandoning module UndoHistory (412)
[2017.12.30-11.49.44:288][ 80]LogModuleManager: Shutting down and abandoning module UserFeedback (410)
[2017.12.30-11.49.44:288][ 80]LogModuleManager: Shutting down and abandoning module XmlParser (408)
[2017.12.30-11.49.44:304][ 80]LogModuleManager: Shutting down and abandoning module Blutility (406)
[2017.12.30-11.49.44:315][ 80]LogModuleManager: Shutting down and abandoning module ProjectSettingsViewer (404)
[2017.12.30-11.49.44:315][ 80]LogModuleManager: Shutting down and abandoning module ProjectTargetPlatformEditor (403)
[2017.12.30-11.49.44:315][ 80]LogModuleManager: Shutting down and abandoning module EditorSettingsViewer (400)
[2017.12.30-11.49.44:315][ 80]LogModuleManager: Shutting down and abandoning module SettingsEditor (398)
[2017.12.30-11.49.44:344][ 80]LogModuleManager: Shutting down and abandoning module ProjectLauncher (396)
[2017.12.30-11.49.44:351][ 80]LogModuleManager: Shutting down and abandoning module SessionFrontend (394)
[2017.12.30-11.49.44:359][ 80]LogModuleManager: Shutting down and abandoning module ProfilerClient (392)
[2017.12.30-11.49.44:402][ 80]LogModuleManager: Shutting down and abandoning module DeviceManager (390)
[2017.12.30-11.49.44:426][ 80]LogModuleManager: Shutting down and abandoning module TargetDeviceServices (389)
[2017.12.30-11.49.44:490][ 80]LogModuleManager: Shutting down and abandoning module AutomationController (386)
[2017.12.30-11.49.44:514][ 80]LogModuleManager: Shutting down and abandoning module AutomationWindow (384)
[2017.12.30-11.49.44:533][ 80]LogModuleManager: Shutting down and abandoning module Layers (382)
[2017.12.30-11.49.44:549][ 80]LogModuleManager: Shutting down and abandoning module ComponentVisualizers (380)
[2017.12.30-11.49.44:549][ 80]LogModuleManager: Shutting down and abandoning module DetailCustomizations (378)
[2017.12.30-11.49.44:561][ 80]LogModuleManager: Shutting down and abandoning module PackagesDialog (376)
[2017.12.30-11.49.44:561][ 80]LogModuleManager: Shutting down and abandoning module Persona (374)
[2017.12.30-11.49.44:637][ 80]LogModuleManager: Shutting down and abandoning module AdvancedPreviewScene (373)
[2017.12.30-11.49.44:637][ 80]LogModuleManager: Shutting down and abandoning module AnimGraph (371)
[2017.12.30-11.49.44:637][ 80]LogModuleManager: Shutting down and abandoning module Kismet (368)
[2017.12.30-11.49.44:665][ 80]LogModuleManager: Shutting down and abandoning module ClassViewer (366)
[2017.12.30-11.49.44:665][ 80]LogModuleManager: Shutting down and abandoning module Toolbox (364)
[2017.12.30-11.49.44:704][ 80]LogModuleManager: Shutting down and abandoning module ModuleUI (362)
[2017.12.30-11.49.44:734][ 80]LogModuleManager: Shutting down and abandoning module MovieSceneTools (360)
[2017.12.30-11.49.44:776][ 80]LogModuleManager: Shutting down and abandoning module OutputLog (358)
[2017.12.30-11.49.44:797][ 80]LogModuleManager: Shutting down and abandoning module GammaUI (356)
[2017.12.30-11.49.44:837][ 80]LogModuleManager: Shutting down and abandoning module Documentation (354)
[2017.12.30-11.49.44:837][ 80]LogModuleManager: Shutting down and abandoning module MovieSceneTracks (352)
[2017.12.30-11.49.44:837][ 80]LogModuleManager: Shutting down and abandoning module MovieScene (350)
[2017.12.30-11.49.44:837][ 80]LogModuleManager: Shutting down and abandoning module Niagara (348)
[2017.12.30-11.49.44:837][ 80]LogModuleManager: Shutting down and abandoning module NiagaraEditor (347)
[2017.12.30-11.49.45:277][ 80]LogModuleManager: Shutting down and abandoning module StreamingPauseRendering (344)
[2017.12.30-11.49.45:277][ 80]LogModuleManager: Shutting down and abandoning module AnalyticsET (342)
[2017.12.30-11.49.45:277][ 80]LogModuleManager: Shutting down and abandoning module PortalServices (340)
[2017.12.30-11.49.45:277][ 80]LogModuleManager: Shutting down and abandoning module PortalRpc (338)
[2017.12.30-11.49.45:277][ 80]LogModuleManager: Shutting down and abandoning module MessagingRpc (336)
[2017.12.30-11.49.45:277][ 80]LogModuleManager: Shutting down and abandoning module AIModule (334)
[2017.12.30-11.49.45:277][ 80]LogModuleManager: Shutting down and abandoning module GameplayDebugger (333)
[2017.12.30-11.49.45:277][ 80]LogModuleManager: Shutting down and abandoning module AITestSuite (331)
[2017.12.30-11.49.45:291][ 80]LogModuleManager: Shutting down and abandoning module ProfilerService (328)
[2017.12.30-11.49.45:384][ 80]LogModuleManager: Shutting down and abandoning module TaskGraph (326)
[2017.12.30-11.49.45:417][ 80]LogModuleManager: Shutting down and abandoning module SteamVRController (324)
[2017.12.30-11.49.45:417][ 80]LogModuleManager: Shutting down and abandoning module SteamVR (322)
[2017.12.30-11.49.45:417][ 80]LogModuleManager: Shutting down and abandoning module ProceduralMeshComponentEditor (320)
[2017.12.30-11.49.45:426][ 80]LogModuleManager: Shutting down and abandoning module ProceduralMeshComponent (318)
[2017.12.30-11.49.45:433][ 80]LogModuleManager: Shutting down and abandoning module OculusLibrary (316)
[2017.12.30-11.49.45:433][ 80]LogModuleManager: Shutting down and abandoning module OculusInput (314)
[2017.12.30-11.49.45:433][ 80]LogModuleManager: Shutting down and abandoning module MobilePatchingUtils (312)
[2017.12.30-11.49.45:433][ 80]LogModuleManager: Shutting down and abandoning module CustomMeshComponent (310)
[2017.12.30-11.49.45:433][ 80]LogModuleManager: Shutting down and abandoning module CableComponent (308)
[2017.12.30-11.49.45:440][ 80]LogModuleManager: Shutting down and abandoning module ArchVisCharacter (306)
[2017.12.30-11.49.45:440][ 80]LogModuleManager: Shutting down and abandoning module AndroidPermission (304)
[2017.12.30-11.49.45:440][ 80]LogModuleManager: Shutting down and abandoning module MediaPlayerEditor (300)
[2017.12.30-11.49.45:465][ 80]LogModuleManager: Shutting down and abandoning module HTML5Networking (298)
[2017.12.30-11.49.45:465][ 80]LogModuleManager: Shutting down and abandoning module AlembicImporter (296)
[2017.12.30-11.49.45:472][ 80]LogModuleManager: Shutting down and abandoning module AlembicLibrary (295)
[2017.12.30-11.49.45:472][ 80]LogModuleManager: Shutting down and abandoning module GeometryCache (294)
[2017.12.30-11.49.45:472][ 80]LogModuleManager: Shutting down and abandoning module GeometryCacheEd (293)
[2017.12.30-11.49.45:472][ 80]LogModuleManager: Shutting down and abandoning module SuperSearchEditor (288)
[2017.12.30-11.49.45:472][ 80]LogModuleManager: Shutting down and abandoning module SuperSearch (287)
[2017.12.30-11.49.45:472][ 80]LogModuleManager: Shutting down and abandoning module SpeedTreeImporter (284)
[2017.12.30-11.49.45:472][ 80]LogModuleManager: Shutting down and abandoning module PluginBrowser (282)
[2017.12.30-11.49.45:483][ 80]LogModuleManager: Shutting down and abandoning module MobileLauncherProfileWizard (280)
[2017.12.30-11.49.45:714][ 80]LogModuleManager: Shutting down and abandoning module VisualStudioSourceCodeAccess (278)
[2017.12.30-11.49.45:714][ 80]LogModuleManager: Shutting down and abandoning module DesktopPlatform (277)
[2017.12.30-11.49.45:714][ 80]LogModuleManager: Shutting down and abandoning module UObjectPlugin (274)
[2017.12.30-11.49.45:714][ 80]LogModuleManager: Shutting down and abandoning module SubversionSourceControl (272)
[2017.12.30-11.49.45:735][ 80]LogModuleManager: Shutting down and abandoning module PerforceSourceControl (270)
[2017.12.30-11.49.45:742][ 80]LogModuleManager: Shutting down and abandoning module GitSourceControl (268)
[2017.12.30-11.49.45:760][ 80]LogModuleManager: Shutting down and abandoning module SourceControl (267)
[2017.12.30-11.49.45:760][ 80]LogModuleManager: Shutting down and abandoning module LightPropagationVolumeEditor (264)
[2017.12.30-11.49.45:760][ 80]LogModuleManager: Shutting down and abandoning module PaperTiledImporter (262)
[2017.12.30-11.49.45:760][ 80]LogModuleManager: Shutting down and abandoning module PaperSpriteSheetImporter (260)
[2017.12.30-11.49.45:760][ 80]LogModuleManager: Shutting down and abandoning module Paper2DEditor (258)
[2017.12.30-11.49.45:825][ 80]LogModuleManager: Shutting down and abandoning module MeshPaint (257)
[2017.12.30-11.49.45:835][ 80]LogModuleManager: Shutting down and abandoning module LevelEditor (255)
[2017.12.30-11.49.45:847][ 80]LogModuleManager: Shutting down and abandoning module PixelInspectorModule (254)
[2017.12.30-11.49.45:873][ 80]LogModuleManager: Shutting down and abandoning module MainFrame (252)
[2017.12.30-11.49.45:883][ 80]LogModuleManager: Shutting down and abandoning module HotReload (251)
[2017.12.30-11.49.45:904][ 80]LogModuleManager: Shutting down and abandoning module PhysXVehiclesEditor (246)
[2017.12.30-11.49.45:927][ 80]LogModuleManager: Shutting down and abandoning module PhysXVehicles (244)
[2017.12.30-11.49.45:927][ 80]LogModuleManager: Shutting down and abandoning module LocationServicesBPLibrary (242)
[2017.12.30-11.49.45:927][ 80]LogModuleManager: Shutting down and abandoning module ImmediatePhysicsEditor (240)
[2017.12.30-11.49.45:927][ 80]LogModuleManager: Shutting down and abandoning module ImmediatePhysics (238)
[2017.12.30-11.49.45:956][ 80]LogModuleManager: Shutting down and abandoning module UdpMessaging (236)
