Log file open, 01/27/18 19:44:21
LogInit:Display: Running engine for game: PGK
LogPlatformFile: Not using cached read wrapper
LogInit:Display: RandInit(1165098515) SRandInit(1165098515).
LogTaskGraph: Started task graph with 5 named threads and 8 total threads with 1 sets of task threads.
LogStats: Stats thread started at 0.107624
LogInit: Using libcurl 7.47.1
LogInit:  - built for x86_64-pc-win32
LogInit:  - supports SSL with OpenSSL/1.0.2g
LogInit:  - supports HTTP deflate (compression) using libz 1.2.8
LogInit:  - other features:
LogInit:      CURL_VERSION_SSL
LogInit:      CURL_VERSION_LIBZ
LogInit:      CURL_VERSION_IPV6
LogInit:      CURL_VERSION_ASYNCHDNS
LogInit:      CURL_VERSION_LARGEFILE
LogInit:      CURL_VERSION_IDN
LogInit:  CurlRequestOptions (configurable via config and command line):
LogInit:  - bVerifyPeer = false  - Libcurl will NOT verify peer certificate
LogInit:  - bUseHttpProxy = false  - Libcurl will NOT use HTTP proxy
LogInit:  - bDontReuseConnections = false  - Libcurl will reuse connections
LogInit:  - CertBundlePath = nullptr  - Libcurl will use whatever was configured at build time.
LogInit: Build: ++UE4+Release-4.16-CL-3561208
LogInit: Engine Version: 4.16.3-3561208+++UE4+Release-4.16
LogInit: Compatible Engine Version: 4.16.0-3452394+++UE4+Release-4.16
LogInit: Net CL: 3452394
LogDevObjectVersion: Number of dev versions registered: 16
LogDevObjectVersion:   Dev-Blueprints (B0D832E4-1F89-4F0D-ACCF-7EB736FD4AA2): 9
LogDevObjectVersion:   Dev-Build (E1C64328-A22C-4D53-A36C-8E866417BD8C): 0
LogDevObjectVersion:   Dev-Core (375EC13C-06E4-48FB-B500-84F0262A717E): 2
LogDevObjectVersion:   Dev-Editor (E4B068ED-F494-42E9-A231-DA0B2E46BB41): 17
LogDevObjectVersion:   Dev-Framework (CFFC743F-43B0-4480-9391-14DF171D2073): 23
LogDevObjectVersion:   Dev-Mobile (B02B49B5-BB20-44E9-A304-32B752E40360): 0
LogDevObjectVersion:   Dev-Networking (A4E4105C-59A1-49B5-A7C5-40C4547EDFEE): 0
LogDevObjectVersion:   Dev-Online (39C831C9-5AE6-47DC-9A44-9C173E1C8E7C): 0
LogDevObjectVersion:   Dev-Physics (78F01B33-EBEA-4F98-B9B4-84EACCB95AA2): 0
LogDevObjectVersion:   Dev-Platform (6631380F-2D4D-43E0-8009-CF276956A95A): 0
LogDevObjectVersion:   Dev-Rendering (12F88B9F-8875-4AFC-A67C-D90C383ABD29): 15
LogDevObjectVersion:   Dev-Sequencer (7B5AE74C-D270-4C10-A958-57980B212A5A): 4
LogDevObjectVersion:   Dev-VR (D7296918-1DD6-4BDD-9DE2-64A83CC13884): 0
LogDevObjectVersion:   Dev-LoadTimes (C2A15278-BFE7-4AFE-6C17-90FF531DF755): 1
LogDevObjectVersion:   Private-Geometry (6EACA3D4-40EC-4CC1-B786-8BED09428FC5): 1
LogDevObjectVersion:   Dev-AnimPhys (29E575DD-E0A3-4627-9D10-D276232CDCEA): 3
LogInit: Compiled (64-bit): Jul 28 2017 11:49:47
LogInit: Compiled with Visual C++: 19.00.24215.01
LogInit: Build Configuration: Development
LogInit: Branch Name: ++UE4+Release-4.16
LogInit: Command line:  
LogInit: Base directory: P:/silnik/UE_4.16/Engine/Binaries/Win64/
LogInit: Installed Engine Build: 1
LogInit: Presizing for max 8388607 objects, including 0 objects not considered by GC, pre-allocating 0 bytes for permanent pool.
LogInit: Object subsystem initialized
[2018.01.27-18.44.22:343][  0]LogInit: Selected Device Profile: [Windows]
[2018.01.27-18.44.22:343][  0]LogInit: Applying CVar settings loaded from the selected device profile: [Windows]
[2018.01.27-18.44.22:357][  0]LogInit: Computer: GROBKOMP
[2018.01.27-18.44.22:357][  0]LogInit: User: Robert
[2018.01.27-18.44.22:357][  0]LogInit: CPU Page size=4096, Cores=4
[2018.01.27-18.44.22:357][  0]LogInit: High frequency timer resolution =2.250000 MHz
[2018.01.27-18.44.22:358][  0]LogMemory: Memory total: Physical=7.9GB (8GB approx)
[2018.01.27-18.44.22:358][  0]LogMemory: Platform Memory Stats for Windows
[2018.01.27-18.44.22:358][  0]LogMemory: Process Physical Memory: 275.68 MB used, 275.68 MB peak
[2018.01.27-18.44.22:358][  0]LogMemory: Process Virtual Memory: 266.77 MB used, 266.77 MB peak
[2018.01.27-18.44.22:358][  0]LogMemory: Physical Memory: 4296.47 MB used,  3813.73 MB free, 8110.20 MB total
[2018.01.27-18.44.22:358][  0]LogMemory: Virtual Memory: 663.04 MB used,  3813.73 MB free, 134217728.00 MB total
[2018.01.27-18.44.22:446][  0]LogInit: Using OS detected language (pl-PL).
[2018.01.27-18.44.22:446][  0]LogInit: Using OS detected locale (pl-PL).
[2018.01.27-18.44.22:449][  0]LogTextLocalizationManager: No localization for 'pl-PL' exists, so 'en' will be used for the language.
[2018.01.27-18.44.22:449][  0]LogTextLocalizationManager: No localization for 'pl-PL' exists, so 'en' will be used for the locale.
[2018.01.27-18.44.23:511][  0]LogD3D11RHI: D3D11 adapters:
[2018.01.27-18.44.24:162][  0]LogD3D11RHI:    0. 'NVIDIA GeForce GTX 960M' (Feature Level 11_0)
[2018.01.27-18.44.24:162][  0]LogD3D11RHI:       2017/0/4055 MB DedicatedVideo/DedicatedSystem/SharedSystem, Outputs:1, VendorId:0x10de
[2018.01.27-18.44.24:172][  0]LogD3D11RHI:    1. 'Intel(R) HD Graphics 530' (Feature Level 11_0)
[2018.01.27-18.44.24:172][  0]LogD3D11RHI:       128/0/4055 MB DedicatedVideo/DedicatedSystem/SharedSystem, Outputs:0, VendorId:0x8086
[2018.01.27-18.44.24:175][  0]LogD3D11RHI:    2. 'Microsoft Basic Render Driver' (Feature Level 11_0)
[2018.01.27-18.44.24:175][  0]LogD3D11RHI:       0/0/4055 MB DedicatedVideo/DedicatedSystem/SharedSystem, Outputs:0, VendorId:0x1414
[2018.01.27-18.44.24:175][  0]LogD3D11RHI: Chosen D3D11 Adapter: 0
[2018.01.27-18.44.24:182][  0]LogD3D11RHI: Creating new Direct3DDevice
[2018.01.27-18.44.24:182][  0]LogD3D11RHI:     GPU DeviceId: 0x139b (for the marketing name, search the web for "GPU Device Id")
[2018.01.27-18.44.24:182][  0]LogWindows: EnumDisplayDevices:
[2018.01.27-18.44.24:182][  0]LogWindows:    0. 'Intel(R) HD Graphics 530' (P:1 D:1)
[2018.01.27-18.44.24:182][  0]LogWindows:    1. 'Intel(R) HD Graphics 530' (P:0 D:0)
[2018.01.27-18.44.24:183][  0]LogWindows:    2. 'Intel(R) HD Graphics 530' (P:0 D:0)
[2018.01.27-18.44.24:183][  0]LogWindows:    3. 'NVIDIA GeForce GTX 960M' (P:0 D:0)
[2018.01.27-18.44.24:183][  0]LogWindows:    4. 'NVIDIA GeForce GTX 960M' (P:0 D:0)
[2018.01.27-18.44.24:183][  0]LogWindows:    5. 'NVIDIA GeForce GTX 960M' (P:0 D:0)
[2018.01.27-18.44.24:183][  0]LogWindows:    6. 'NVIDIA GeForce GTX 960M' (P:0 D:0)
[2018.01.27-18.44.24:183][  0]LogWindows: DebugString: GetVideoDriverDetailsInvalid PrimaryIsNotTheChoosenAdapter GetVideoDriverDetailsInvalid PrimaryIsNotTheChoosenAdapter GetVideoDriverDetailsInvalid PrimaryIsNotTheChoosenAdapter GetVideoDriverDetailsInvalid PrimaryIsNotTheChoosenAdapter GetVideoDriverDetailsInvalid PrimaryIsNotTheChoosenAdapter GetVideoDriverDetailsInvalid PrimaryIsNotTheChoosenAdapter GetVideoDriverDetailsInvalid PrimaryIsNotTheChoosenAdapter FoundDriverCount:0 
[2018.01.27-18.44.24:183][  0]LogD3D11RHI:     Adapter Name: NVIDIA GeForce GTX 960M
[2018.01.27-18.44.24:183][  0]LogD3D11RHI:   Driver Version: Unknown (internal:Unknown, unified:Unknown)
[2018.01.27-18.44.24:183][  0]LogD3D11RHI:      Driver Date: Unknown
[2018.01.27-18.44.24:183][  0]LogRHI: Texture pool is 1361 MB (70% of 1945 MB)
[2018.01.27-18.44.24:795][  0]LogD3D11RHI: Async texture creation enabled
[2018.01.27-18.44.25:005][  0]LogD3D11RHI: GPU Timing Frequency: 1000.000000 (Debug: 2 1)
[2018.01.27-18.44.25:006][  0]LogShaderCompilers: Guid format shader working directory is 32 characters bigger than the processId version (I:/Projekt/PGK/Intermediate/Shaders/WorkingDirectory/11860/).
[2018.01.27-18.44.25:006][  0]LogShaderCompilers: Cleaned the shader compiler working directory 'C:/Users/Robert/AppData/Local/Temp/UnrealShaderWorkingDir/BE0D874C4A1A03259BC91B81A61003F4/'.
[2018.01.27-18.44.25:006][  0]LogShaderCompilers:Display: Using Local Shader Compiler.
[2018.01.27-18.44.26:079][  0]LogTemp:Display: Loaded TP AllDesktopTargetPlatform
[2018.01.27-18.44.26:127][  0]LogTemp:Display: Loaded TP MacClientTargetPlatform
[2018.01.27-18.44.26:177][  0]LogTemp:Display: Loaded TP MacNoEditorTargetPlatform
[2018.01.27-18.44.26:224][  0]LogTemp:Display: Loaded TP MacServerTargetPlatform
[2018.01.27-18.44.26:272][  0]LogTemp:Display: Loaded TP MacTargetPlatform
[2018.01.27-18.44.26:319][  0]LogTemp:Display: Loaded TP WindowsClientTargetPlatform
[2018.01.27-18.44.26:368][  0]LogTemp:Display: Loaded TP WindowsNoEditorTargetPlatform
[2018.01.27-18.44.26:415][  0]LogTemp:Display: Loaded TP WindowsServerTargetPlatform
[2018.01.27-18.44.26:457][  0]LogTemp:Display: Loaded TP WindowsTargetPlatform
[2018.01.27-18.44.26:501][  0]LogTemp:Display: Loaded TP AndroidTargetPlatform
[2018.01.27-18.44.26:548][  0]LogTemp:Display: Loaded TP Android_ASTCTargetPlatform
[2018.01.27-18.44.26:594][  0]LogTemp:Display: Loaded TP Android_ATCTargetPlatform
[2018.01.27-18.44.26:637][  0]LogTemp:Display: Loaded TP Android_DXTTargetPlatform
[2018.01.27-18.44.26:682][  0]LogTemp:Display: Loaded TP Android_ETC1TargetPlatform
[2018.01.27-18.44.26:727][  0]LogTemp:Display: Loaded TP Android_ETC2TargetPlatform
[2018.01.27-18.44.26:819][  0]LogTemp:Display: Loaded TP Android_MultiTargetPlatform
[2018.01.27-18.44.26:819][  0]LogTemp:Display: Loaded TP Android_PVRTCTargetPlatform
[2018.01.27-18.44.26:854][  0]LogTemp:Display: Loaded TP HTML5TargetPlatform
[2018.01.27-18.44.26:939][  0]LogTemp:Display: Loaded TP IOSTargetPlatform
[2018.01.27-18.44.26:967][  0]LogTemp:Display: Loaded TP TVOSTargetPlatform
[2018.01.27-18.44.27:013][  0]LogTemp:Display: Loaded TP LinuxClientTargetPlatform
[2018.01.27-18.44.27:060][  0]LogTemp:Display: Loaded TP LinuxNoEditorTargetPlatform
[2018.01.27-18.44.27:105][  0]LogTemp:Display: Loaded TP LinuxServerTargetPlatform
[2018.01.27-18.44.27:150][  0]LogTemp:Display: Loaded TP LinuxTargetPlatform
[2018.01.27-18.44.27:150][  0]LogTargetPlatformManager:Display: Building Assets For Windows
[2018.01.27-18.44.27:593][  0]LogDerivedDataCache:Display: Max Cache Size: 512 MB
[2018.01.27-18.44.27:710][  0]LogDerivedDataCache: Loaded boot cache 0.12s 88MB C:/Users/Robert/AppData/Local/UnrealEngine/4.16/DerivedDataCache/Boot.ddc.
[2018.01.27-18.44.27:710][  0]LogDerivedDataCache:Display: Loaded Boot cache: C:/Users/Robert/AppData/Local/UnrealEngine/4.16/DerivedDataCache/Boot.ddc
[2018.01.27-18.44.27:711][  0]LogDerivedDataCache: FDerivedDataBackendGraph:  Pak pak cache file I:/Projekt/PGK/DerivedDataCache/DDC.ddp not found, will not use a pak cache.
[2018.01.27-18.44.27:711][  0]LogDerivedDataCache: Unable to find inner node Pak for hierarchical cache Hierarchy.
[2018.01.27-18.44.27:711][  0]LogDerivedDataCache: FDerivedDataBackendGraph:  CompressedPak pak cache file I:/Projekt/PGK/DerivedDataCache/Compressed.ddp not found, will not use a pak cache.
[2018.01.27-18.44.27:711][  0]LogDerivedDataCache: Unable to find inner node CompressedPak for hierarchical cache Hierarchy.
[2018.01.27-18.44.27:729][  0]LogDerivedDataCache:Display: Pak cache opened for reading ../../../Engine/DerivedDataCache/Compressed.ddp.
[2018.01.27-18.44.27:742][  0]LogDerivedDataCache: Using Local data cache path C:/Users/Robert/AppData/Local/UnrealEngine/Common/DerivedDataCache: Writable
[2018.01.27-18.44.27:753][  0]LogMaterial: Verifying Global Shaders for PCD3D_SM5
[2018.01.27-18.44.27:754][  0]LogSlate: Using Freetype 2.6.0
[2018.01.27-18.44.27:755][  0]LogSlate: SlateFontCache - WITH_FREETYPE: 1, WITH_HARFBUZZ: 1
[2018.01.27-18.44.27:755][  0]LogSlate: SlateFontCache - WITH_FREETYPE: 1, WITH_HARFBUZZ: 1
[2018.01.27-18.44.28:124][  0]LogInit: Selected Device Profile: [Windows]
[2018.01.27-18.44.28:224][  0]LogContentStreaming: Texture pool size is 0.00 MB
[2018.01.27-18.44.28:382][  0]LogMeshUtilities: Using QuadricMeshReduction for automatic static mesh reduction
[2018.01.27-18.44.28:423][  0]LogSimplygon: Simplygon DLL not present - disabling.
[2018.01.27-18.44.28:470][  0]LogMeshUtilities: Using SimplygonSwarm for distributed automatic mesh merging
[2018.01.27-18.44.28:470][  0]LogMeshUtilities: No automatic skeletal mesh reduction module available
[2018.01.27-18.44.28:470][  0]LogMeshUtilities: No automatic mesh merging module available
[2018.01.27-18.44.29:094][  0]LogNetVersion: PGK , NetCL: 3452394, EngineNetVer: 2, GameNetVer: 0 (Checksum: 3392332418)
[2018.01.27-18.44.29:157][  0]LogAssetRegistry: FAssetRegistry took 0.0259 seconds to start up
[2018.01.27-18.44.29:192][  0]LogPackageLocalizationCache: Processed 4 localized package path(s) for 1 prioritized culture(s) in 0.016074 seconds
[2018.01.27-18.44.29:198][  0]LogUObjectArray: 34194 objects as part of root set at end of initial load.
[2018.01.27-18.44.29:198][  0]LogUObjectAllocator: 7260424 out of 0 bytes used by permanent object pool.
[2018.01.27-18.44.29:198][  0]LogUObjectArray: CloseDisregardForGC: 0/0 objects in disregard for GC pool
[2018.01.27-18.44.29:255][  0]LogInit: WinSock: version 1.1 (2.2), MaxSocks=32767, MaxUdp=65467
[2018.01.27-18.44.31:790][  0]LogTcpMessaging: Initializing TcpMessaging bridge
[2018.01.27-18.44.31:833][  0]LogUdpMessaging: Initializing bridge on interface 0.0.0.0:0 to multicast group 230.0.0.1:6666.
[2018.01.27-18.44.32:358][  0]LogMaterial: Uniform references updated for custom material expression Custom.
[2018.01.27-18.44.32:767][  0]SourceControl: Info Source control is disabled
[2018.01.27-18.44.32:769][  0]SourceControl: Info Source control is disabled
[2018.01.27-18.44.32:818][  0]SourceControl: Info Source control is disabled
[2018.01.27-18.44.32:865][  0]SourceControl: Info Source control is disabled
[2018.01.27-18.44.33:533][  0]LogAndroidPermission: UAndroidPermissionCallbackProxy::GetInstance
[2018.01.27-18.44.34:121][  0]LogEngine: Initializing Engine...
[2018.01.27-18.44.34:122][  0]LogHMD: Failed to initialize OpenVR with code 110
[2018.01.27-18.44.34:401][  0]LogStats: UGameplayTagsManager::ConstructGameplayTagTree: Construct from data asset -  0.000 s
[2018.01.27-18.44.34:401][  0]LogStats: UGameplayTagsManager::ConstructGameplayTagTree: GameplayTagTreeChangedEvent.Broadcast -  0.000 s
[2018.01.27-18.44.34:517][  0]LogAIModule: Creating AISystem for world Untitled
[2018.01.27-18.44.34:529][  0]LogInit: XAudio2 using 'Głośniki (Realtek High Definition Audio)' : 2 channels at 48 kHz using 32 bits per sample (channel mask 0x3)
[2018.01.27-18.44.34:598][  0]LogInit: FAudioDevice initialized.
[2018.01.27-18.44.34:668][  0]LogDerivedDataCache: Saved boot cache 0.07s 88MB C:/Users/Robert/AppData/Local/UnrealEngine/4.16/DerivedDataCache/Boot.ddc.
[2018.01.27-18.44.34:690][  0]LogInit: Texture streaming: Enabled
[2018.01.27-18.44.34:776][  0]LogEngineSessionManager: EngineSessionManager initialized
[2018.01.27-18.44.34:776][  0]LogEngineSessionManager: EngineSessionManager sent abnormal shutdown report. Type=AbnormalShutdown, SessionId={93AF5DC1-4000-4FFA-FC47-BA80B6B97E9F}
[2018.01.27-18.44.34:776][  0]LogEngineSessionManager: EngineSessionManager sent abnormal shutdown report. Type=Crashed, SessionId={2D9B7C83-422B-6E23-7D1A-C2974FC05A99}
[2018.01.27-18.44.34:979][  0]LogInit: Transaction tracking system initialized
[2018.01.27-18.44.35:265][  0]BlueprintLog: New page: Editor Load
[2018.01.27-18.44.36:223][  0]LocalizationService: Info Localization service is disabled
[2018.01.27-18.44.36:858][  0]LogConsoleResponse:Display: 
[2018.01.27-18.44.37:019][  0]LogCook:Display: Max memory allowance for cook 16384mb min free memory 0mb
[2018.01.27-18.44.37:019][  0]LogCook:Display: Mobile HDR setting 1
[2018.01.27-18.44.37:972][  0]LogFileCache: Scanning file cache for directory 'I:/Projekt/PGK/Content/' took 0.02s
[2018.01.27-18.44.38:015][  0]SourceControl: Info Source control is disabled
[2018.01.27-18.44.38:015][  0]Cmd: MAP LOAD FILE="I:/Projekt/PGK/Content/FirstPersonBP/Maps/FirstPersonExampleMap.umap" TEMPLATE=0 SHOWPROGRESS=1 FEATURELEVEL=3
[2018.01.27-18.44.38:016][  0]LightingResults: New page: Lighting Build
[2018.01.27-18.44.38:055][  0]MapCheck: New page: Map Check
[2018.01.27-18.44.38:055][  0]LightingResults: New page: Lighting Build
[2018.01.27-18.44.38:558][  0]LogLinker:Warning: Can't find file '/Game/import/bed/Bed'
[2018.01.27-18.44.38:558][  0]LogLinker:Warning: Can't find file for asset '/Game/import/bed/Bed' while loading I:/Projekt/PGK/Content/import/bed/BunkFBX.uasset.
[2018.01.27-18.44.38:558][  0]LoadErrors:Error: Error /Game/import/bed/BunkFBX : Can't find file for asset. /Game/import/bed/Bed
[2018.01.27-18.44.38:558][  0]LogLinker:Warning: Can't find file '/Game/import/bed/Drawer'
[2018.01.27-18.44.38:558][  0]LogLinker:Warning: Can't find file for asset '/Game/import/bed/Drawer' while loading I:/Projekt/PGK/Content/import/bed/BunkFBX.uasset.
[2018.01.27-18.44.38:558][  0]LoadErrors:Error: Error /Game/import/bed/BunkFBX : Can't find file for asset. /Game/import/bed/Drawer
[2018.01.27-18.44.38:558][  0]LogLinker:Warning: Can't find file '/Game/import/bed/Main'
[2018.01.27-18.44.38:558][  0]LogLinker:Warning: Can't find file for asset '/Game/import/bed/Main' while loading I:/Projekt/PGK/Content/import/bed/BunkFBX.uasset.
[2018.01.27-18.44.38:558][  0]LoadErrors:Error: Error /Game/import/bed/BunkFBX : Can't find file for asset. /Game/import/bed/Main
[2018.01.27-18.44.38:558][  0]LogLinker:Warning: Can't find file '/Game/import/bed/Metal'
[2018.01.27-18.44.38:558][  0]LogLinker:Warning: Can't find file for asset '/Game/import/bed/Metal' while loading I:/Projekt/PGK/Content/import/bed/BunkFBX.uasset.
[2018.01.27-18.44.38:558][  0]LoadErrors:Error: Error /Game/import/bed/BunkFBX : Can't find file for asset. /Game/import/bed/Metal
[2018.01.27-18.44.38:559][  0]LogLinker:Warning: Can't find file '/Game/import/bed/Bed'
[2018.01.27-18.44.38:559][  0]LogLinker:Warning: Can't find file for asset '/Game/import/bed/Bed' while loading I:/Projekt/PGK/Content/import/bed/BunkFBX.uasset.
[2018.01.27-18.44.38:559][  0]LoadErrors:Error: Error /Game/import/bed/BunkFBX : Can't find file for asset. /Game/import/bed/Bed
[2018.01.27-18.44.38:559][  0]LogLinker:Warning: Can't find file '/Game/import/bed/Drawer'
[2018.01.27-18.44.38:559][  0]LogLinker:Warning: Can't find file for asset '/Game/import/bed/Drawer' while loading I:/Projekt/PGK/Content/import/bed/BunkFBX.uasset.
[2018.01.27-18.44.38:559][  0]LoadErrors:Error: Error /Game/import/bed/BunkFBX : Can't find file for asset. /Game/import/bed/Drawer
[2018.01.27-18.44.38:559][  0]LogLinker:Warning: Can't find file '/Game/import/bed/Main'
[2018.01.27-18.44.38:559][  0]LogLinker:Warning: Can't find file for asset '/Game/import/bed/Main' while loading I:/Projekt/PGK/Content/import/bed/BunkFBX.uasset.
[2018.01.27-18.44.38:559][  0]LoadErrors:Error: Error /Game/import/bed/BunkFBX : Can't find file for asset. /Game/import/bed/Main
[2018.01.27-18.44.38:559][  0]LogLinker:Warning: Can't find file '/Game/import/bed/Metal'
[2018.01.27-18.44.38:559][  0]LogLinker:Warning: Can't find file for asset '/Game/import/bed/Metal' while loading I:/Projekt/PGK/Content/import/bed/BunkFBX.uasset.
[2018.01.27-18.44.38:559][  0]LoadErrors:Error: Error /Game/import/bed/BunkFBX : Can't find file for asset. /Game/import/bed/Metal
[2018.01.27-18.44.38:593][  0]LogLinker:Warning: Can't find file '/Game/import/wardrobe/lambert2'
[2018.01.27-18.44.38:593][  0]LogLinker:Warning: Can't find file for asset '/Game/import/wardrobe/lambert2' while loading I:/Projekt/PGK/Content/import/wardrobe/wardrobe.uasset.
[2018.01.27-18.44.38:593][  0]LoadErrors:Error: Error /Game/import/wardrobe/wardrobe : Can't find file for asset. /Game/import/wardrobe/lambert2
[2018.01.27-18.44.38:593][  0]LogLinker:Warning: Can't find file '/Game/import/wardrobe/lambert2'
[2018.01.27-18.44.38:593][  0]LogLinker:Warning: Can't find file for asset '/Game/import/wardrobe/lambert2' while loading I:/Projekt/PGK/Content/import/wardrobe/wardrobe.uasset.
[2018.01.27-18.44.38:593][  0]LoadErrors:Error: Error /Game/import/wardrobe/wardrobe : Can't find file for asset. /Game/import/wardrobe/lambert2
[2018.01.27-18.44.38:595][  0]LogLinker:Warning: Can't find file '/Game/import/wardrobe/box'
[2018.01.27-18.44.38:595][  0]LogLinker:Warning: Can't find file for asset '/Game/import/wardrobe/box' while loading I:/Projekt/PGK/Content/import/wardrobe/wardrobe3.uasset.
[2018.01.27-18.44.38:595][  0]LoadErrors:Error: Error /Game/import/wardrobe/wardrobe3 : Can't find file for asset. /Game/import/wardrobe/box
[2018.01.27-18.44.38:595][  0]LogLinker:Warning: Can't find file '/Game/import/wardrobe/st_gold'
[2018.01.27-18.44.38:595][  0]LogLinker:Warning: Can't find file for asset '/Game/import/wardrobe/st_gold' while loading I:/Projekt/PGK/Content/import/wardrobe/wardrobe3.uasset.
[2018.01.27-18.44.38:595][  0]LoadErrors:Error: Error /Game/import/wardrobe/wardrobe3 : Can't find file for asset. /Game/import/wardrobe/st_gold
[2018.01.27-18.44.38:595][  0]LogLinker:Warning: Can't find file '/Game/import/wardrobe/box'
[2018.01.27-18.44.38:595][  0]LogLinker:Warning: Can't find file for asset '/Game/import/wardrobe/box' while loading I:/Projekt/PGK/Content/import/wardrobe/wardrobe3.uasset.
[2018.01.27-18.44.38:595][  0]LoadErrors:Error: Error /Game/import/wardrobe/wardrobe3 : Can't find file for asset. /Game/import/wardrobe/box
[2018.01.27-18.44.38:595][  0]LogLinker:Warning: Can't find file '/Game/import/wardrobe/st_gold'
[2018.01.27-18.44.38:595][  0]LogLinker:Warning: Can't find file for asset '/Game/import/wardrobe/st_gold' while loading I:/Projekt/PGK/Content/import/wardrobe/wardrobe3.uasset.
[2018.01.27-18.44.38:596][  0]LoadErrors:Error: Error /Game/import/wardrobe/wardrobe3 : Can't find file for asset. /Game/import/wardrobe/st_gold
[2018.01.27-18.44.38:596][  0]LogLinker:Warning: Can't find file '/Game/import/wardrobe/wardrobe3_PhysicsAsset'
[2018.01.27-18.44.38:596][  0]LogLinker:Warning: Can't find file for asset '/Game/import/wardrobe/wardrobe3_PhysicsAsset' while loading I:/Projekt/PGK/Content/import/wardrobe/wardrobe3.uasset.
[2018.01.27-18.44.38:596][  0]LoadErrors:Error: Error /Game/import/wardrobe/wardrobe3 : Can't find file for asset. /Game/import/wardrobe/wardrobe3_PhysicsAsset
[2018.01.27-18.44.38:596][  0]LogLinker:Warning: Can't find file '/Game/import/wardrobe/wardrobe3_Skeleton'
[2018.01.27-18.44.38:596][  0]LogLinker:Warning: Can't find file for asset '/Game/import/wardrobe/wardrobe3_Skeleton' while loading I:/Projekt/PGK/Content/import/wardrobe/wardrobe3.uasset.
[2018.01.27-18.44.38:596][  0]LoadErrors:Error: Error /Game/import/wardrobe/wardrobe3 : Can't find file for asset. /Game/import/wardrobe/wardrobe3_Skeleton
[2018.01.27-18.44.38:596][  0]LogLinker:Warning: Can't find file '/Game/import/wardrobe/wardrobe3_PhysicsAsset'
[2018.01.27-18.44.38:596][  0]LogLinker:Warning: Can't find file for asset '/Game/import/wardrobe/wardrobe3_PhysicsAsset' while loading I:/Projekt/PGK/Content/import/wardrobe/wardrobe3.uasset.
[2018.01.27-18.44.38:596][  0]LoadErrors:Error: Error /Game/import/wardrobe/wardrobe3 : Can't find file for asset. /Game/import/wardrobe/wardrobe3_PhysicsAsset
[2018.01.27-18.44.38:596][  0]LogLinker:Warning: Can't find file '/Game/import/wardrobe/wardrobe3_Skeleton'
[2018.01.27-18.44.38:596][  0]LogLinker:Warning: Can't find file for asset '/Game/import/wardrobe/wardrobe3_Skeleton' while loading I:/Projekt/PGK/Content/import/wardrobe/wardrobe3.uasset.
[2018.01.27-18.44.38:596][  0]LoadErrors:Error: Error /Game/import/wardrobe/wardrobe3 : Can't find file for asset. /Game/import/wardrobe/wardrobe3_Skeleton
[2018.01.27-18.44.38:597][  0]LogLinker:Warning: Can't find file '/Game/import/wardrobe/None'
[2018.01.27-18.44.38:598][  0]LogLinker:Warning: Can't find file for asset '/Game/import/wardrobe/None' while loading I:/Projekt/PGK/Content/import/wardrobe/wardrobe4.uasset.
[2018.01.27-18.44.38:598][  0]LoadErrors:Error: Error /Game/import/wardrobe/wardrobe4 : Can't find file for asset. /Game/import/wardrobe/None
[2018.01.27-18.44.38:598][  0]LogLinker:Warning: Can't find file '/Game/import/wardrobe/None'
[2018.01.27-18.44.38:598][  0]LogLinker:Warning: Can't find file for asset '/Game/import/wardrobe/None' while loading I:/Projekt/PGK/Content/import/wardrobe/wardrobe4.uasset.
[2018.01.27-18.44.38:598][  0]LoadErrors:Error: Error /Game/import/wardrobe/wardrobe4 : Can't find file for asset. /Game/import/wardrobe/None
[2018.01.27-18.44.38:982][  0]LogLinker:Warning: Can't find file '/Game/import/wardrobe/lambert2'
[2018.01.27-18.44.38:982][  0]LoadErrors: Info Failed to load /Game/import/wardrobe/lambert2.lambert2 Referenced by wardrobe
[2018.01.27-18.44.38:982][  0]LogLinker:Warning: Can't find file for asset '/Game/import/wardrobe/lambert2' while loading NULL.
[2018.01.27-18.44.38:982][  0]LoadErrors: Info Failed to load /Game/import/wardrobe/lambert2.lambert2 Referenced by wardrobe
[2018.01.27-18.44.39:016][  0]LogLinker:Warning: Can't find file '/Game/import/bed/Main'
[2018.01.27-18.44.39:016][  0]LoadErrors: Info Failed to load /Game/import/bed/Main.Main Referenced by BunkFBX
[2018.01.27-18.44.39:016][  0]LogLinker:Warning: Can't find file for asset '/Game/import/bed/Main' while loading NULL.
[2018.01.27-18.44.39:016][  0]LoadErrors: Info Failed to load /Game/import/bed/Main.Main Referenced by BunkFBX
[2018.01.27-18.44.39:016][  0]LogLinker:Warning: Can't find file '/Game/import/bed/Bed'
[2018.01.27-18.44.39:016][  0]LoadErrors: Info Failed to load /Game/import/bed/Bed.Bed Referenced by BunkFBX
[2018.01.27-18.44.39:016][  0]LogLinker:Warning: Can't find file for asset '/Game/import/bed/Bed' while loading NULL.
[2018.01.27-18.44.39:016][  0]LoadErrors: Info Failed to load /Game/import/bed/Bed.Bed Referenced by BunkFBX
[2018.01.27-18.44.39:016][  0]LogLinker:Warning: Can't find file '/Game/import/bed/Drawer'
[2018.01.27-18.44.39:016][  0]LoadErrors: Info Failed to load /Game/import/bed/Drawer.Drawer Referenced by BunkFBX
[2018.01.27-18.44.39:016][  0]LogLinker:Warning: Can't find file for asset '/Game/import/bed/Drawer' while loading NULL.
[2018.01.27-18.44.39:016][  0]LoadErrors: Info Failed to load /Game/import/bed/Drawer.Drawer Referenced by BunkFBX
[2018.01.27-18.44.39:017][  0]LogLinker:Warning: Can't find file '/Game/import/bed/Metal'
[2018.01.27-18.44.39:017][  0]LoadErrors: Info Failed to load /Game/import/bed/Metal.Metal Referenced by BunkFBX
[2018.01.27-18.44.39:017][  0]LogLinker:Warning: Can't find file for asset '/Game/import/bed/Metal' while loading NULL.
[2018.01.27-18.44.39:017][  0]LoadErrors: Info Failed to load /Game/import/bed/Metal.Metal Referenced by BunkFBX
[2018.01.27-18.44.39:026][  0]LogLinker:Warning: Can't find file '/Game/import/wardrobe/None'
[2018.01.27-18.44.39:026][  0]LoadErrors: Info Failed to load /Game/import/wardrobe/None.Material_0 Referenced by wardrobe4
[2018.01.27-18.44.39:026][  0]LogLinker:Warning: Can't find file for asset '/Game/import/wardrobe/None' while loading NULL.
[2018.01.27-18.44.39:026][  0]LoadErrors: Info Failed to load /Game/import/wardrobe/None.Material_0 Referenced by wardrobe4
[2018.01.27-18.44.39:027][  0]LogLinker:Warning: Can't find file '/Game/import/wardrobe/wardrobe3_Skeleton'
[2018.01.27-18.44.39:027][  0]LoadErrors: Info Failed to load /Game/import/wardrobe/wardrobe3_Skeleton.wardrobe3_Skeleton Referenced by wardrobe3
[2018.01.27-18.44.39:027][  0]LogLinker:Warning: Can't find file for asset '/Game/import/wardrobe/wardrobe3_Skeleton' while loading NULL.
[2018.01.27-18.44.39:027][  0]LoadErrors: Info Failed to load /Game/import/wardrobe/wardrobe3_Skeleton.wardrobe3_Skeleton Referenced by wardrobe3
[2018.01.27-18.44.39:027][  0]LogLinker:Warning: Can't find file '/Game/import/wardrobe/wardrobe3_PhysicsAsset'
[2018.01.27-18.44.39:027][  0]LoadErrors: Info Failed to load /Game/import/wardrobe/wardrobe3_PhysicsAsset.wardrobe3_PhysicsAsset Referenced by wardrobe3
[2018.01.27-18.44.39:027][  0]LogLinker:Warning: Can't find file for asset '/Game/import/wardrobe/wardrobe3_PhysicsAsset' while loading NULL.
[2018.01.27-18.44.39:027][  0]LoadErrors: Info Failed to load /Game/import/wardrobe/wardrobe3_PhysicsAsset.wardrobe3_PhysicsAsset Referenced by wardrobe3
[2018.01.27-18.44.39:028][  0]LogLinker:Warning: Can't find file '/Game/import/wardrobe/st_gold'
[2018.01.27-18.44.39:028][  0]LoadErrors: Info Failed to load /Game/import/wardrobe/st_gold.st_gold Referenced by wardrobe3
[2018.01.27-18.44.39:028][  0]LogLinker:Warning: Can't find file for asset '/Game/import/wardrobe/st_gold' while loading NULL.
[2018.01.27-18.44.39:028][  0]LoadErrors: Info Failed to load /Game/import/wardrobe/st_gold.st_gold Referenced by wardrobe3
[2018.01.27-18.44.39:028][  0]LogLinker:Warning: Can't find file '/Game/import/wardrobe/box'
[2018.01.27-18.44.39:028][  0]LoadErrors: Info Failed to load /Game/import/wardrobe/box.box Referenced by wardrobe3
[2018.01.27-18.44.39:028][  0]LogLinker:Warning: Can't find file for asset '/Game/import/wardrobe/box' while loading NULL.
[2018.01.27-18.44.39:028][  0]LoadErrors: Info Failed to load /Game/import/wardrobe/box.box Referenced by wardrobe3
[2018.01.27-18.44.40:455][  0]LogMaterial: Missing cached shader map for material st_tile, compiling. 
[2018.01.27-18.44.40:455][  0]LogMaterial:Warning: Failed to compile Material /Game/import/kibel/st_tile.st_tile for platform PCD3D_SM5, Default Material will be used in game.
[2018.01.27-18.44.40:455][  0]LogMaterial:Warning: 	(Node TextureSample) TextureSample> Sampler type is Normal, should be Color for /Game/import/kibel/Dirt_map.Dirt_map
[2018.01.27-18.44.40:564][  0]LogAIModule: Creating AISystem for world FirstPersonExampleMap
[2018.01.27-18.44.40:652][  0]LogEditorServer: Finished looking for orphan Actors (0.000 secs)
[2018.01.27-18.44.40:748][  0]Cmd: MAP CHECKDEP NOCLEARLOG
[2018.01.27-18.44.40:834][  0]MapCheck: Info Map check complete: 0 Error(s), 0 Warning(s), took 86.232ms to complete.
[2018.01.27-18.44.40:834][  0]LogFileHelpers: Loading map 'FirstPersonExampleMap' took 2.819
[2018.01.27-18.44.40:990][  0]LogCollectionManager: Loaded 0 collections in 0.002334 seconds
[2018.01.27-18.44.41:071][  0]LogFileCache: Scanning file cache for directory 'I:/Projekt/PGK/Saved/Collections/' took 0.01s
[2018.01.27-18.44.41:071][  0]LogFileCache: Scanning file cache for directory 'I:/Projekt/PGK/Content/Developers/Robert/Collections/' took 0.01s
[2018.01.27-18.44.41:071][  0]LogFileCache: Scanning file cache for directory 'I:/Projekt/PGK/Content/Collections/' took 0.01s
[2018.01.27-18.44.41:071][  0]LogCollectionManager: Rebuilt the GUID cache for 0 collections in 0.000002 seconds
[2018.01.27-18.44.41:082][  0]LogContentBrowser: Native class hierarchy populated in 0.0109 seconds. Added 2329 classes and 491 folders.
[2018.01.27-18.44.41:144][  0]LogContentBrowser: Native class hierarchy updated for 'WidgetCarousel' in 0.0007 seconds. Added 0 classes and 0 folders.
[2018.01.27-18.44.41:202][  0]LogContentBrowser: Native class hierarchy updated for 'AddContentDialog' in 0.0007 seconds. Added 0 classes and 0 folders.
[2018.01.27-18.44.41:246][  0]LogContentBrowser: Native class hierarchy updated for 'SceneOutliner' in 0.0008 seconds. Added 1 classes and 2 folders.
[2018.01.27-18.44.41:288][  0]LogCrashTracker: Crashtracker disabled due to settings.
[2018.01.27-18.44.41:294][  0]LogSlate: Took 0.000261 seconds to synchronously load lazily loaded font '../../../Engine/Content/Slate/Fonts/Roboto-Regular.ttf' (155K)
[2018.01.27-18.44.41:296][  0]LogSlate: Took 0.000215 seconds to synchronously load lazily loaded font '../../../Engine/Content/Slate/Fonts/Roboto-Bold.ttf' (160K)
[2018.01.27-18.44.41:302][  0]LogSlate: Took 0.000520 seconds to synchronously load lazily loaded font '../../../Engine/Content/Editor/Slate/Fonts/FontAwesome.ttf' (139K)
[2018.01.27-18.44.41:417][  0]LogRenderer: Reallocating scene render targets to support 1180x600 NumSamples 1 (Frame:1).
[2018.01.27-18.44.41:734][  0]LogUObjectGlobals:Warning: Failed to find object 'Class None.'
[2018.01.27-18.44.41:799][  0]LogContentBrowser: Native class hierarchy updated for 'HierarchicalLODOutliner' in 0.0007 seconds. Added 1 classes and 2 folders.
[2018.01.27-18.44.41:799][  0]LogLoad: (Engine Initialization) Total time: 21.11 seconds
[2018.01.27-18.44.41:799][  0]LogLoad: (Engine Initialization) Total Blueprint compile time: 0.24 seconds
[2018.01.27-18.44.41:799][  0]LogExternalProfiler: No external profilers were discovered.  External profiling features will not be available.
[2018.01.27-18.44.41:833][  0]LogWindowsTextInputMethodSystem:Display: IME system now deactivated.
[2018.01.27-18.44.41:834][  0]LogOcInput: OculusInput pre-init called
[2018.01.27-18.44.41:834][  0]LogHMD: Starting GearVRController plugin
[2018.01.27-18.44.41:865][  0]LogContentStreaming: Texture pool size now 1000 MB
[2018.01.27-18.44.41:962][  1]LogFileCache: Retrieving MD5 hashes for directory 'I:/Projekt/PGK/Content/' took 0.11s
[2018.01.27-18.44.41:979][  1]LogAssetRegistry: Asset discovery search completed in 12.8431 seconds
[2018.01.27-18.44.41:983][  1]LogCollectionManager: Rebuilt the object cache for 0 collections in 0.000001 seconds (found 0 objects)
[2018.01.27-18.44.41:983][  1]LogCollectionManager: Fixed up redirectors for 0 collections in 0.000066 seconds (updated 0 objects)
[2018.01.27-18.44.45:961][123]LogSlate: Took 0.000262 seconds to synchronously load lazily loaded font '../../../Engine/Content/Slate/Fonts/Roboto-Light.ttf' (159K)
[2018.01.27-18.44.57:775][405]LogEditorViewport: Clicking on Actor (LMB): AmbientSound (przepasc_Cue)
[2018.01.27-18.45.13:053][936]LogEditorViewport: Clicking on Actor (LMB): AmbientSound (przepasc_Cue)
[2018.01.27-18.45.13:853][960]LogEditorViewport: Clicking on Actor (LMB): Landscape (Landscape1)
[2018.01.27-18.45.14:752][987]LogEditorViewport: Clicking on Actor (LMB): AmbientSound (przepasc_Cue)
[2018.01.27-18.45.45:122][898]LogTemp: Repeting last play command: Selected Viewport
[2018.01.27-18.45.45:176][898]LogBlueprintUserMessages: Early PlayInEditor Detection: Level '/Game/FirstPersonBP/Maps/FirstPersonExampleMap.FirstPersonExampleMap:PersistentLevel' has LevelScriptBlueprint '/Game/FirstPersonBP/Maps/FirstPersonExampleMap.FirstPersonExampleMap:PersistentLevel.FirstPersonExampleMap' with GeneratedClass '/Game/FirstPersonBP/Maps/FirstPersonExampleMap.FirstPersonExampleMap_C' with ClassGeneratedBy '/Game/FirstPersonBP/Maps/FirstPersonExampleMap.FirstPersonExampleMap:PersistentLevel.FirstPersonExampleMap'
[2018.01.27-18.45.45:176][898]LogPlayLevel: PlayLevel: No blueprints needed recompiling
[2018.01.27-18.45.45:177][898]PIE: New page: PIE session: FirstPersonExampleMap (Jan 27, 2018, 8:45:45 PM)
[2018.01.27-18.45.45:177][898]LogPlayLevel: Creating play world package: /Game/FirstPersonBP/Maps/UEDPIE_0_FirstPersonExampleMap
[2018.01.27-18.45.45:262][898]LogPlayLevel: PIE: StaticDuplicateObject took: (0.085798s)
[2018.01.27-18.45.45:264][898]LogAIModule: Creating AISystem for world FirstPersonExampleMap
[2018.01.27-18.45.45:264][898]LogPlayLevel: PIE: World Init took: (0.001980s)
[2018.01.27-18.45.45:265][898]LogPlayLevel: PIE: Created PIE world by copying editor world from /Game/FirstPersonBP/Maps/FirstPersonExampleMap.FirstPersonExampleMap to /Game/FirstPersonBP/Maps/UEDPIE_0_FirstPersonExampleMap.FirstPersonExampleMap (0.088527s)
[2018.01.27-18.45.45:288][898]LogInit: XAudio2 using 'Głośniki (Realtek High Definition Audio)' : 2 channels at 48 kHz using 32 bits per sample (channel mask 0x3)
[2018.01.27-18.45.45:312][898]LogInit: FAudioDevice initialized.
[2018.01.27-18.45.45:358][898]LogLoad: Game class is 'FirstPersonGameMode_C'
[2018.01.27-18.45.45:381][898]LogWorld: Bringing World /Game/FirstPersonBP/Maps/UEDPIE_0_FirstPersonExampleMap.FirstPersonExampleMap up for play (max tick rate 60) at 2018.01.27-19.45.45
[2018.01.27-18.45.45:382][898]LogWorld: Bringing up level for play took: 0.021050
[2018.01.27-18.45.45:422][898]LogContentBrowser: Native class hierarchy updated for 'MovieSceneCapture' in 0.0008 seconds. Added 11 classes and 0 folders.
[2018.01.27-18.45.45:423][898]PIE: Info Play in editor start time for /Game/FirstPersonBP/Maps/UEDPIE_0_FirstPersonExampleMap -0.64
[2018.01.27-18.45.45:424][898]LogBlueprintUserMessages: Late PlayInEditor Detection: Level '/Game/FirstPersonBP/Maps/FirstPersonExampleMap.FirstPersonExampleMap:PersistentLevel' has LevelScriptBlueprint '/Game/FirstPersonBP/Maps/FirstPersonExampleMap.FirstPersonExampleMap:PersistentLevel.FirstPersonExampleMap' with GeneratedClass '/Game/FirstPersonBP/Maps/FirstPersonExampleMap.FirstPersonExampleMap_C' with ClassGeneratedBy '/Game/FirstPersonBP/Maps/FirstPersonExampleMap.FirstPersonExampleMap:PersistentLevel.FirstPersonExampleMap'
[2018.01.27-18.46.07:338][209]LogBlueprintUserMessages: Early EndPlayMap Detection: Level '/Game/FirstPersonBP/Maps/FirstPersonExampleMap.FirstPersonExampleMap:PersistentLevel' has LevelScriptBlueprint '/Game/FirstPersonBP/Maps/FirstPersonExampleMap.FirstPersonExampleMap:PersistentLevel.FirstPersonExampleMap' with GeneratedClass '/Game/FirstPersonBP/Maps/FirstPersonExampleMap.FirstPersonExampleMap_C' with ClassGeneratedBy '/Game/FirstPersonBP/Maps/FirstPersonExampleMap.FirstPersonExampleMap:PersistentLevel.FirstPersonExampleMap'
[2018.01.27-18.46.07:523][209]LogBlueprintUserMessages: Late EndPlayMap Detection: Level '/Game/FirstPersonBP/Maps/FirstPersonExampleMap.FirstPersonExampleMap:PersistentLevel' has LevelScriptBlueprint '/Game/FirstPersonBP/Maps/FirstPersonExampleMap.FirstPersonExampleMap:PersistentLevel.FirstPersonExampleMap' with GeneratedClass '/Game/FirstPersonBP/Maps/FirstPersonExampleMap.FirstPersonExampleMap_C' with ClassGeneratedBy '/Game/FirstPersonBP/Maps/FirstPersonExampleMap.FirstPersonExampleMap:PersistentLevel.FirstPersonExampleMap'
[2018.01.27-18.46.08:884][308]LogEditorViewport: Clicking on Actor (LMB): PointLight (PointLight3)
[2018.01.27-18.46.11:122][678]LogEditorViewport: Clicking on Actor (LMB): Emitter (Fire)
[2018.01.27-18.46.20:122][948]Cmd: EDIT COPY
[2018.01.27-18.46.20:455][958]Cmd: EDIT PASTE
[2018.01.27-18.46.27:488][169]EditorErrors: New page: Actor attachment
[2018.01.27-18.46.32:592][322]LogEditorActor: Deleted Actor: Emitter
[2018.01.27-18.46.32:604][322]LogEditorActor: Deleted 1 Actors (0.014 secs)
[2018.01.27-18.46.34:522][380]LogEditorViewport: Clicking on Actor (LMB): StaticMeshActor (Cylinder)
[2018.01.27-18.46.36:522][440]LogTemp: Repeting last play command: Selected Viewport
[2018.01.27-18.46.36:540][440]LogBlueprintUserMessages: Early PlayInEditor Detection: Level '/Game/FirstPersonBP/Maps/FirstPersonExampleMap.FirstPersonExampleMap:PersistentLevel' has LevelScriptBlueprint '/Game/FirstPersonBP/Maps/FirstPersonExampleMap.FirstPersonExampleMap:PersistentLevel.FirstPersonExampleMap' with GeneratedClass '/Game/FirstPersonBP/Maps/FirstPersonExampleMap.FirstPersonExampleMap_C' with ClassGeneratedBy '/Game/FirstPersonBP/Maps/FirstPersonExampleMap.FirstPersonExampleMap:PersistentLevel.FirstPersonExampleMap'
[2018.01.27-18.46.36:540][440]LogPlayLevel: PlayLevel: No blueprints needed recompiling
[2018.01.27-18.46.36:540][440]PIE: New page: PIE session: FirstPersonExampleMap (Jan 27, 2018, 8:46:36 PM)
[2018.01.27-18.46.36:540][440]LogPlayLevel: Creating play world package: /Game/FirstPersonBP/Maps/UEDPIE_0_FirstPersonExampleMap
[2018.01.27-18.46.36:619][440]LogPlayLevel: PIE: StaticDuplicateObject took: (0.078938s)
[2018.01.27-18.46.36:620][440]LogAIModule: Creating AISystem for world FirstPersonExampleMap
[2018.01.27-18.46.36:621][440]LogPlayLevel: PIE: World Init took: (0.001520s)
[2018.01.27-18.46.36:621][440]LogPlayLevel: PIE: Created PIE world by copying editor world from /Game/FirstPersonBP/Maps/FirstPersonExampleMap.FirstPersonExampleMap to /Game/FirstPersonBP/Maps/UEDPIE_0_FirstPersonExampleMap.FirstPersonExampleMap (0.081035s)
[2018.01.27-18.46.36:641][440]LogInit: XAudio2 using 'Głośniki (Realtek High Definition Audio)' : 2 channels at 48 kHz using 32 bits per sample (channel mask 0x3)
[2018.01.27-18.46.36:666][440]LogInit: FAudioDevice initialized.
[2018.01.27-18.46.36:700][440]LogLoad: Game class is 'FirstPersonGameMode_C'
[2018.01.27-18.46.36:718][440]LogWorld: Bringing World /Game/FirstPersonBP/Maps/UEDPIE_0_FirstPersonExampleMap.FirstPersonExampleMap up for play (max tick rate 60) at 2018.01.27-19.46.36
[2018.01.27-18.46.36:720][440]LogWorld: Bringing up level for play took: 0.018893
[2018.01.27-18.46.36:722][440]PIE: Info Play in editor start time for /Game/FirstPersonBP/Maps/UEDPIE_0_FirstPersonExampleMap 0.659
[2018.01.27-18.46.36:722][440]LogBlueprintUserMessages: Late PlayInEditor Detection: Level '/Game/FirstPersonBP/Maps/FirstPersonExampleMap.FirstPersonExampleMap:PersistentLevel' has LevelScriptBlueprint '/Game/FirstPersonBP/Maps/FirstPersonExampleMap.FirstPersonExampleMap:PersistentLevel.FirstPersonExampleMap' with GeneratedClass '/Game/FirstPersonBP/Maps/FirstPersonExampleMap.FirstPersonExampleMap_C' with ClassGeneratedBy '/Game/FirstPersonBP/Maps/FirstPersonExampleMap.FirstPersonExampleMap:PersistentLevel.FirstPersonExampleMap'
[2018.01.27-18.47.00:226][780]LogBlueprintUserMessages: Early EndPlayMap Detection: Level '/Game/FirstPersonBP/Maps/FirstPersonExampleMap.FirstPersonExampleMap:PersistentLevel' has LevelScriptBlueprint '/Game/FirstPersonBP/Maps/FirstPersonExampleMap.FirstPersonExampleMap:PersistentLevel.FirstPersonExampleMap' with GeneratedClass '/Game/FirstPersonBP/Maps/FirstPersonExampleMap.FirstPersonExampleMap_C' with ClassGeneratedBy '/Game/FirstPersonBP/Maps/FirstPersonExampleMap.FirstPersonExampleMap:PersistentLevel.FirstPersonExampleMap'
[2018.01.27-18.47.00:422][780]LogBlueprintUserMessages: Late EndPlayMap Detection: Level '/Game/FirstPersonBP/Maps/FirstPersonExampleMap.FirstPersonExampleMap:PersistentLevel' has LevelScriptBlueprint '/Game/FirstPersonBP/Maps/FirstPersonExampleMap.FirstPersonExampleMap:PersistentLevel.FirstPersonExampleMap' with GeneratedClass '/Game/FirstPersonBP/Maps/FirstPersonExampleMap.FirstPersonExampleMap_C' with ClassGeneratedBy '/Game/FirstPersonBP/Maps/FirstPersonExampleMap.FirstPersonExampleMap:PersistentLevel.FirstPersonExampleMap'
[2018.01.27-18.47.01:823][872]LogEditorViewport: Clicking on Actor (LMB): AmbientSound (przepasc_Cue)
[2018.01.27-18.47.08:256][392]Cmd: DELETE
[2018.01.27-18.47.08:256][392]Cmd: ACTOR DELETE
[2018.01.27-18.47.08:259][392]LogEditorActor: Deleted Actor: AmbientSound
[2018.01.27-18.47.08:269][392]LogEditorActor: Deleted 1 Actors (0.013 secs)
[2018.01.27-18.49.03:084][824]LogSlate: Took 0.000284 seconds to synchronously load lazily loaded font '../../../Engine/Content/Slate/Fonts/Roboto-Light.ttf' (159K)
[2018.01.27-18.49.03:512][824]LogSlate: Took 0.016840 seconds to synchronously load lazily loaded font '../../../Engine/Content/Editor/Slate/Fonts/Roboto-BoldCondensed.ttf' (158K)
[2018.01.27-18.49.27:968][570]Cmd: OBJ SAVEPACKAGE PACKAGE="/Game/import/muzyka/przepasc_Cue" FILE="I:/Projekt/PGK/Content/import/muzyka/przepasc_Cue.uasset" SILENT=true
[2018.01.27-18.49.28:023][570]LogSavePackage: Save=46.35ms
[2018.01.27-18.49.28:023][570]LogSavePackage: Moving 'I:/Projekt/PGK/Saved/przepasc_CueD3A179294572484B31356B95DB02568A.tmp' to 'I:/Projekt/PGK/Content/import/muzyka/przepasc_Cue.uasset'
[2018.01.27-18.49.28:025][570]LogSavePackage:Display: Finished SavePackage I:/Projekt/PGK/Content/import/muzyka/przepasc_Cue.uasset
[2018.01.27-18.49.30:945][660]LogEditorViewport: Clicking on Actor (LMB): Landscape (Landscape1)
[2018.01.27-18.49.38:979][901]LogEditorViewport: Clicking on Actor (LMB): AmbientSound (rondo_Cue)
[2018.01.27-18.49.45:412][ 94]LogEditorViewport: Clicking on Actor (LMB): AmbientSound (rondo_Cue)
[2018.01.27-18.50.00:430][544]Cmd: OBJ SAVEPACKAGE PACKAGE="/Game/import/muzyka/rondo_Cue" FILE="I:/Projekt/PGK/Content/import/muzyka/rondo_Cue.uasset" SILENT=true
[2018.01.27-18.50.00:441][544]LogSavePackage: Save=5.99ms
[2018.01.27-18.50.00:441][544]LogSavePackage: Moving 'I:/Projekt/PGK/Saved/rondo_CueC0FD34734DFDEEF4C8BFB88330406117.tmp' to 'I:/Projekt/PGK/Content/import/muzyka/rondo_Cue.uasset'
[2018.01.27-18.50.00:444][544]LogSavePackage:Display: Finished SavePackage I:/Projekt/PGK/Content/import/muzyka/rondo_Cue.uasset
[2018.01.27-18.50.10:954][855]Cmd: OBJ SAVEPACKAGE PACKAGE="/Game/import/muzyka/rondo_Cue" FILE="I:/Projekt/PGK/Content/import/muzyka/rondo_Cue.uasset" SILENT=true
[2018.01.27-18.50.10:963][855]LogSavePackage: Save=4.23ms
[2018.01.27-18.50.10:963][855]LogSavePackage: Moving 'I:/Projekt/PGK/Saved/rondo_Cue66F1D81D4A8AA4DA537243A77E089073.tmp' to 'I:/Projekt/PGK/Content/import/muzyka/rondo_Cue.uasset'
[2018.01.27-18.50.10:964][855]LogSavePackage:Display: Finished SavePackage I:/Projekt/PGK/Content/import/muzyka/rondo_Cue.uasset
[2018.01.27-18.50.14:346][962]LogTemp: Repeting last play command: Selected Viewport
[2018.01.27-18.50.14:366][962]LogBlueprintUserMessages: Early PlayInEditor Detection: Level '/Game/FirstPersonBP/Maps/FirstPersonExampleMap.FirstPersonExampleMap:PersistentLevel' has LevelScriptBlueprint '/Game/FirstPersonBP/Maps/FirstPersonExampleMap.FirstPersonExampleMap:PersistentLevel.FirstPersonExampleMap' with GeneratedClass '/Game/FirstPersonBP/Maps/FirstPersonExampleMap.FirstPersonExampleMap_C' with ClassGeneratedBy '/Game/FirstPersonBP/Maps/FirstPersonExampleMap.FirstPersonExampleMap:PersistentLevel.FirstPersonExampleMap'
[2018.01.27-18.50.14:366][962]LogPlayLevel: PlayLevel: No blueprints needed recompiling
[2018.01.27-18.50.14:366][962]PIE: New page: PIE session: FirstPersonExampleMap (Jan 27, 2018, 8:50:14 PM)
[2018.01.27-18.50.14:366][962]LogPlayLevel: Creating play world package: /Game/FirstPersonBP/Maps/UEDPIE_0_FirstPersonExampleMap
[2018.01.27-18.50.14:442][962]LogPlayLevel: PIE: StaticDuplicateObject took: (0.075926s)
[2018.01.27-18.50.14:444][962]LogAIModule: Creating AISystem for world FirstPersonExampleMap
[2018.01.27-18.50.14:445][962]LogPlayLevel: PIE: World Init took: (0.002375s)
[2018.01.27-18.50.14:445][962]LogPlayLevel: PIE: Created PIE world by copying editor world from /Game/FirstPersonBP/Maps/FirstPersonExampleMap.FirstPersonExampleMap to /Game/FirstPersonBP/Maps/UEDPIE_0_FirstPersonExampleMap.FirstPersonExampleMap (0.078980s)
[2018.01.27-18.50.14:463][962]LogInit: XAudio2 using 'Głośniki (Realtek High Definition Audio)' : 2 channels at 48 kHz using 32 bits per sample (channel mask 0x3)
[2018.01.27-18.50.14:490][962]LogInit: FAudioDevice initialized.
[2018.01.27-18.50.14:525][962]LogLoad: Game class is 'FirstPersonGameMode_C'
[2018.01.27-18.50.14:545][962]LogWorld: Bringing World /Game/FirstPersonBP/Maps/UEDPIE_0_FirstPersonExampleMap.FirstPersonExampleMap up for play (max tick rate 60) at 2018.01.27-19.50.14
[2018.01.27-18.50.14:548][962]LogWorld: Bringing up level for play took: 0.021111
[2018.01.27-18.50.14:549][962]PIE: Info Play in editor start time for /Game/FirstPersonBP/Maps/UEDPIE_0_FirstPersonExampleMap 0.486
[2018.01.27-18.50.14:550][962]LogBlueprintUserMessages: Late PlayInEditor Detection: Level '/Game/FirstPersonBP/Maps/FirstPersonExampleMap.FirstPersonExampleMap:PersistentLevel' has LevelScriptBlueprint '/Game/FirstPersonBP/Maps/FirstPersonExampleMap.FirstPersonExampleMap:PersistentLevel.FirstPersonExampleMap' with GeneratedClass '/Game/FirstPersonBP/Maps/FirstPersonExampleMap.FirstPersonExampleMap_C' with ClassGeneratedBy '/Game/FirstPersonBP/Maps/FirstPersonExampleMap.FirstPersonExampleMap:PersistentLevel.FirstPersonExampleMap'
[2018.01.27-18.50.16:980][  4]LogBlueprintUserMessages: Early EndPlayMap Detection: Level '/Game/FirstPersonBP/Maps/FirstPersonExampleMap.FirstPersonExampleMap:PersistentLevel' has LevelScriptBlueprint '/Game/FirstPersonBP/Maps/FirstPersonExampleMap.FirstPersonExampleMap:PersistentLevel.FirstPersonExampleMap' with GeneratedClass '/Game/FirstPersonBP/Maps/FirstPersonExampleMap.FirstPersonExampleMap_C' with ClassGeneratedBy '/Game/FirstPersonBP/Maps/FirstPersonExampleMap.FirstPersonExampleMap:PersistentLevel.FirstPersonExampleMap'
[2018.01.27-18.50.17:107][  4]LogBlueprintUserMessages: Late EndPlayMap Detection: Level '/Game/FirstPersonBP/Maps/FirstPersonExampleMap.FirstPersonExampleMap:PersistentLevel' has LevelScriptBlueprint '/Game/FirstPersonBP/Maps/FirstPersonExampleMap.FirstPersonExampleMap:PersistentLevel.FirstPersonExampleMap' with GeneratedClass '/Game/FirstPersonBP/Maps/FirstPersonExampleMap.FirstPersonExampleMap_C' with ClassGeneratedBy '/Game/FirstPersonBP/Maps/FirstPersonExampleMap.FirstPersonExampleMap:PersistentLevel.FirstPersonExampleMap'
[2018.01.27-18.50.17:140][  4]LogActorComponent: ReregisterComponent: (/Game/FirstPersonBP/Maps/FirstPersonExampleMap.FirstPersonExampleMap:PersistentLevel.przepasc_Cue_5.AudioComponent0) Not currently registered. Aborting.
[2018.01.27-18.50.26:323][237]LogEditorViewport: Clicking on Actor (LMB): AmbientSound (przepasc_Cue)
[2018.01.27-18.51.56:492][  3]LogTemp: Repeting last play command: Selected Viewport
[2018.01.27-18.51.56:529][  3]LogBlueprintUserMessages: Early PlayInEditor Detection: Level '/Game/FirstPersonBP/Maps/FirstPersonExampleMap.FirstPersonExampleMap:PersistentLevel' has LevelScriptBlueprint '/Game/FirstPersonBP/Maps/FirstPersonExampleMap.FirstPersonExampleMap:PersistentLevel.FirstPersonExampleMap' with GeneratedClass '/Game/FirstPersonBP/Maps/FirstPersonExampleMap.FirstPersonExampleMap_C' with ClassGeneratedBy '/Game/FirstPersonBP/Maps/FirstPersonExampleMap.FirstPersonExampleMap:PersistentLevel.FirstPersonExampleMap'
[2018.01.27-18.51.56:529][  3]LogPlayLevel: PlayLevel: No blueprints needed recompiling
[2018.01.27-18.51.56:530][  3]PIE: New page: PIE session: FirstPersonExampleMap (Jan 27, 2018, 8:51:56 PM)
[2018.01.27-18.51.56:530][  3]LogPlayLevel: Creating play world package: /Game/FirstPersonBP/Maps/UEDPIE_0_FirstPersonExampleMap
[2018.01.27-18.51.56:685][  3]LogPlayLevel: PIE: StaticDuplicateObject took: (0.154762s)
[2018.01.27-18.51.56:688][  3]LogAIModule: Creating AISystem for world FirstPersonExampleMap
[2018.01.27-18.51.56:689][  3]LogPlayLevel: PIE: World Init took: (0.003916s)
[2018.01.27-18.51.56:690][  3]LogPlayLevel: PIE: Created PIE world by copying editor world from /Game/FirstPersonBP/Maps/FirstPersonExampleMap.FirstPersonExampleMap to /Game/FirstPersonBP/Maps/UEDPIE_0_FirstPersonExampleMap.FirstPersonExampleMap (0.159838s)
[2018.01.27-18.51.56:732][  3]LogInit: XAudio2 using 'Głośniki (Realtek High Definition Audio)' : 2 channels at 48 kHz using 32 bits per sample (channel mask 0x3)
[2018.01.27-18.51.56:786][  3]LogInit: FAudioDevice initialized.
[2018.01.27-18.51.56:833][  3]LogLoad: Game class is 'FirstPersonGameMode_C'
[2018.01.27-18.51.56:876][  3]LogWorld: Bringing World /Game/FirstPersonBP/Maps/UEDPIE_0_FirstPersonExampleMap.FirstPersonExampleMap up for play (max tick rate 60) at 2018.01.27-19.51.56
[2018.01.27-18.51.56:880][  3]LogWorld: Bringing up level for play took: 0.044369
[2018.01.27-18.51.56:884][  3]PIE: Info Play in editor start time for /Game/FirstPersonBP/Maps/UEDPIE_0_FirstPersonExampleMap 0.82
[2018.01.27-18.51.56:885][  3]LogBlueprintUserMessages: Late PlayInEditor Detection: Level '/Game/FirstPersonBP/Maps/FirstPersonExampleMap.FirstPersonExampleMap:PersistentLevel' has LevelScriptBlueprint '/Game/FirstPersonBP/Maps/FirstPersonExampleMap.FirstPersonExampleMap:PersistentLevel.FirstPersonExampleMap' with GeneratedClass '/Game/FirstPersonBP/Maps/FirstPersonExampleMap.FirstPersonExampleMap_C' with ClassGeneratedBy '/Game/FirstPersonBP/Maps/FirstPersonExampleMap.FirstPersonExampleMap:PersistentLevel.FirstPersonExampleMap'
[2018.01.27-18.54.42:768][475]LogBlueprintUserMessages: Early EndPlayMap Detection: Level '/Game/FirstPersonBP/Maps/FirstPersonExampleMap.FirstPersonExampleMap:PersistentLevel' has LevelScriptBlueprint '/Game/FirstPersonBP/Maps/FirstPersonExampleMap.FirstPersonExampleMap:PersistentLevel.FirstPersonExampleMap' with GeneratedClass '/Game/FirstPersonBP/Maps/FirstPersonExampleMap.FirstPersonExampleMap_C' with ClassGeneratedBy '/Game/FirstPersonBP/Maps/FirstPersonExampleMap.FirstPersonExampleMap:PersistentLevel.FirstPersonExampleMap'
[2018.01.27-18.54.42:935][475]LogBlueprintUserMessages: Late EndPlayMap Detection: Level '/Game/FirstPersonBP/Maps/FirstPersonExampleMap.FirstPersonExampleMap:PersistentLevel' has LevelScriptBlueprint '/Game/FirstPersonBP/Maps/FirstPersonExampleMap.FirstPersonExampleMap:PersistentLevel.FirstPersonExampleMap' with GeneratedClass '/Game/FirstPersonBP/Maps/FirstPersonExampleMap.FirstPersonExampleMap_C' with ClassGeneratedBy '/Game/FirstPersonBP/Maps/FirstPersonExampleMap.FirstPersonExampleMap:PersistentLevel.FirstPersonExampleMap'
[2018.01.27-18.54.42:993][475]LogActorComponent: ReregisterComponent: (/Game/FirstPersonBP/Maps/FirstPersonExampleMap.FirstPersonExampleMap:PersistentLevel.przepasc_Cue_5.AudioComponent0) Not currently registered. Aborting.
[2018.01.27-18.55.14:418][964]LogSlate: Took 0.000286 seconds to synchronously load lazily loaded font '../../../Engine/Content/Editor/Slate/Fonts/Roboto-Italic.ttf' (157K)
[2018.01.27-18.55.46:452][925]LogTemp: Repeting last play command: Selected Viewport
[2018.01.27-18.55.46:467][925]LogBlueprintUserMessages: Early PlayInEditor Detection: Level '/Game/FirstPersonBP/Maps/FirstPersonExampleMap.FirstPersonExampleMap:PersistentLevel' has LevelScriptBlueprint '/Game/FirstPersonBP/Maps/FirstPersonExampleMap.FirstPersonExampleMap:PersistentLevel.FirstPersonExampleMap' with GeneratedClass '/Game/FirstPersonBP/Maps/FirstPersonExampleMap.FirstPersonExampleMap_C' with ClassGeneratedBy '/Game/FirstPersonBP/Maps/FirstPersonExampleMap.FirstPersonExampleMap:PersistentLevel.FirstPersonExampleMap'
[2018.01.27-18.55.46:467][925]LogPlayLevel: PlayLevel: No blueprints needed recompiling
[2018.01.27-18.55.46:468][925]PIE: New page: PIE session: FirstPersonExampleMap (Jan 27, 2018, 8:55:46 PM)
[2018.01.27-18.55.46:468][925]LogPlayLevel: Creating play world package: /Game/FirstPersonBP/Maps/UEDPIE_0_FirstPersonExampleMap
[2018.01.27-18.55.46:543][925]LogPlayLevel: PIE: StaticDuplicateObject took: (0.075664s)
[2018.01.27-18.55.46:545][925]LogAIModule: Creating AISystem for world FirstPersonExampleMap
[2018.01.27-18.55.46:546][925]LogPlayLevel: PIE: World Init took: (0.002348s)
[2018.01.27-18.55.46:546][925]LogPlayLevel: PIE: Created PIE world by copying editor world from /Game/FirstPersonBP/Maps/FirstPersonExampleMap.FirstPersonExampleMap to /Game/FirstPersonBP/Maps/UEDPIE_0_FirstPersonExampleMap.FirstPersonExampleMap (0.078931s)
[2018.01.27-18.55.46:567][925]LogInit: XAudio2 using 'Głośniki (Realtek High Definition Audio)' : 2 channels at 48 kHz using 32 bits per sample (channel mask 0x3)
[2018.01.27-18.55.46:593][925]LogInit: FAudioDevice initialized.
[2018.01.27-18.55.46:628][925]LogLoad: Game class is 'FirstPersonGameMode_C'
[2018.01.27-18.55.46:647][925]LogWorld: Bringing World /Game/FirstPersonBP/Maps/UEDPIE_0_FirstPersonExampleMap.FirstPersonExampleMap up for play (max tick rate 60) at 2018.01.27-19.55.46
[2018.01.27-18.55.46:649][925]LogWorld: Bringing up level for play took: 0.018287
[2018.01.27-18.55.46:650][925]PIE: Info Play in editor start time for /Game/FirstPersonBP/Maps/UEDPIE_0_FirstPersonExampleMap 0.587
[2018.01.27-18.55.46:651][925]LogBlueprintUserMessages: Late PlayInEditor Detection: Level '/Game/FirstPersonBP/Maps/FirstPersonExampleMap.FirstPersonExampleMap:PersistentLevel' has LevelScriptBlueprint '/Game/FirstPersonBP/Maps/FirstPersonExampleMap.FirstPersonExampleMap:PersistentLevel.FirstPersonExampleMap' with GeneratedClass '/Game/FirstPersonBP/Maps/FirstPersonExampleMap.FirstPersonExampleMap_C' with ClassGeneratedBy '/Game/FirstPersonBP/Maps/FirstPersonExampleMap.FirstPersonExampleMap:PersistentLevel.FirstPersonExampleMap'
[2018.01.27-18.56.12:263][302]LogBlueprintUserMessages: Early EndPlayMap Detection: Level '/Game/FirstPersonBP/Maps/FirstPersonExampleMap.FirstPersonExampleMap:PersistentLevel' has LevelScriptBlueprint '/Game/FirstPersonBP/Maps/FirstPersonExampleMap.FirstPersonExampleMap:PersistentLevel.FirstPersonExampleMap' with GeneratedClass '/Game/FirstPersonBP/Maps/FirstPersonExampleMap.FirstPersonExampleMap_C' with ClassGeneratedBy '/Game/FirstPersonBP/Maps/FirstPersonExampleMap.FirstPersonExampleMap:PersistentLevel.FirstPersonExampleMap'
[2018.01.27-18.56.12:396][302]LogBlueprintUserMessages: Late EndPlayMap Detection: Level '/Game/FirstPersonBP/Maps/FirstPersonExampleMap.FirstPersonExampleMap:PersistentLevel' has LevelScriptBlueprint '/Game/FirstPersonBP/Maps/FirstPersonExampleMap.FirstPersonExampleMap:PersistentLevel.FirstPersonExampleMap' with GeneratedClass '/Game/FirstPersonBP/Maps/FirstPersonExampleMap.FirstPersonExampleMap_C' with ClassGeneratedBy '/Game/FirstPersonBP/Maps/FirstPersonExampleMap.FirstPersonExampleMap:PersistentLevel.FirstPersonExampleMap'
[2018.01.27-18.56.12:454][302]LogActorComponent: ReregisterComponent: (/Game/FirstPersonBP/Maps/FirstPersonExampleMap.FirstPersonExampleMap:PersistentLevel.przepasc_Cue_5.AudioComponent0) Not currently registered. Aborting.
[2018.01.27-18.56.13:853][386]Cmd: OBJ SAVEPACKAGE PACKAGE="/Game/FirstPersonBP/Maps/FirstPersonExampleMap" FILE="I:/Projekt/PGK/Content/FirstPersonBP/Maps/FirstPersonExampleMap.umap" SILENT=true AUTOSAVING=false KEEPDIRTY=false
[2018.01.27-18.56.15:473][386]LogSavePackage: Save=1590.40ms
[2018.01.27-18.56.15:473][386]LogSavePackage: Moving 'I:/Projekt/PGK/Saved/FirstPersonExampleMap17A5222E46E4B9DA98EB87BECF6616BA.tmp' to 'I:/Projekt/PGK/Content/FirstPersonBP/Maps/FirstPersonExampleMap.umap'
[2018.01.27-18.56.15:477][386]LogSavePackage:Display: Finished SavePackage I:/Projekt/PGK/Content/FirstPersonBP/Maps/FirstPersonExampleMap.umap
[2018.01.27-18.56.15:502][386]LogSlate: Took 0.000183 seconds to synchronously load lazily loaded font '../../../Engine/Content/Slate/Fonts/Roboto-Regular.ttf' (155K)
[2018.01.27-18.56.15:507][386]Cmd: OBJ SAVEPACKAGE PACKAGE="/Game/FirstPersonBP/Maps/FirstPersonExampleMap_BuiltData" FILE="I:/Projekt/PGK/Content/FirstPersonBP/Maps/FirstPersonExampleMap_BuiltData.uasset" SILENT=true
[2018.01.27-18.56.15:514][386]LogSavePackage: Save=1.74ms
[2018.01.27-18.56.15:514][386]LogSavePackage: Moving 'I:/Projekt/PGK/Saved/FirstPersonExampleMap_BuiltDataEF7D90664B55190B3E46919FEBB570AF.tmp' to 'I:/Projekt/PGK/Content/FirstPersonBP/Maps/FirstPersonExampleMap_BuiltData.uasset'
[2018.01.27-18.56.15:515][386]LogSavePackage:Display: Finished SavePackage I:/Projekt/PGK/Content/FirstPersonBP/Maps/FirstPersonExampleMap_BuiltData.uasset
[2018.01.27-19.05.52:921][ 99]LogSlate: Took 0.000256 seconds to synchronously load lazily loaded font '../../../Engine/Content/Slate/Fonts/Roboto-Light.ttf' (159K)
[2018.01.27-19.06.03:595][369]LogSavePackage: Save=1614.83ms
[2018.01.27-19.06.03:595][369]LogSavePackage: Moving 'I:/Projekt/PGK/Saved/FirstPersonExampleMap_Auto1C40F99AE47E542A9E1C4EDA414237909.tmp' to 'I:/Projekt/PGK/Saved/Autosaves/Game/FirstPersonBP/Maps/FirstPersonExampleMap_Auto1.umap'
[2018.01.27-19.06.03:598][369]LogSavePackage:Display: Finished SavePackage I:/Projekt/PGK/Saved/Autosaves/Game/FirstPersonBP/Maps/FirstPersonExampleMap_Auto1.umap
[2018.01.27-19.06.03:603][369]LogFileHelpers: Editor autosave (incl. sublevels) for '/Game/FirstPersonBP/Maps/FirstPersonExampleMap' took 1.656
[2018.01.27-19.06.03:603][369]LogFileHelpers: Editor autosave (incl. sublevels) for all levels took 1.656
[2018.01.27-19.09.38:601][864]LogTemp: Repeting last play command: Selected Viewport
[2018.01.27-19.09.38:617][864]LogBlueprintUserMessages: Early PlayInEditor Detection: Level '/Game/FirstPersonBP/Maps/FirstPersonExampleMap.FirstPersonExampleMap:PersistentLevel' has LevelScriptBlueprint '/Game/FirstPersonBP/Maps/FirstPersonExampleMap.FirstPersonExampleMap:PersistentLevel.FirstPersonExampleMap' with GeneratedClass '/Game/FirstPersonBP/Maps/FirstPersonExampleMap.FirstPersonExampleMap_C' with ClassGeneratedBy '/Game/FirstPersonBP/Maps/FirstPersonExampleMap.FirstPersonExampleMap:PersistentLevel.FirstPersonExampleMap'
[2018.01.27-19.09.38:617][864]LogPlayLevel: PlayLevel: No blueprints needed recompiling
[2018.01.27-19.09.38:617][864]PIE: New page: PIE session: FirstPersonExampleMap (Jan 27, 2018, 9:09:38 PM)
[2018.01.27-19.09.38:617][864]LogPlayLevel: Creating play world package: /Game/FirstPersonBP/Maps/UEDPIE_0_FirstPersonExampleMap
[2018.01.27-19.09.38:699][864]LogPlayLevel: PIE: StaticDuplicateObject took: (0.081654s)
[2018.01.27-19.09.38:701][864]LogAIModule: Creating AISystem for world FirstPersonExampleMap
[2018.01.27-19.09.38:701][864]LogPlayLevel: PIE: World Init took: (0.001767s)
[2018.01.27-19.09.38:702][864]LogPlayLevel: PIE: Created PIE world by copying editor world from /Game/FirstPersonBP/Maps/FirstPersonExampleMap.FirstPersonExampleMap to /Game/FirstPersonBP/Maps/UEDPIE_0_FirstPersonExampleMap.FirstPersonExampleMap (0.084135s)
[2018.01.27-19.09.38:728][864]LogInit: XAudio2 using 'Głośniki (Realtek High Definition Audio)' : 2 channels at 48 kHz using 32 bits per sample (channel mask 0x3)
[2018.01.27-19.09.38:755][864]LogInit: FAudioDevice initialized.
[2018.01.27-19.09.38:786][864]LogLoad: Game class is 'FirstPersonGameMode_C'
[2018.01.27-19.09.38:808][864]LogWorld: Bringing World /Game/FirstPersonBP/Maps/UEDPIE_0_FirstPersonExampleMap.FirstPersonExampleMap up for play (max tick rate 60) at 2018.01.27-20.09.38
[2018.01.27-19.09.38:809][864]LogWorld: Bringing up level for play took: 0.020885
[2018.01.27-19.09.38:811][864]PIE: Info Play in editor start time for /Game/FirstPersonBP/Maps/UEDPIE_0_FirstPersonExampleMap 0.748
[2018.01.27-19.09.38:811][864]LogBlueprintUserMessages: Late PlayInEditor Detection: Level '/Game/FirstPersonBP/Maps/FirstPersonExampleMap.FirstPersonExampleMap:PersistentLevel' has LevelScriptBlueprint '/Game/FirstPersonBP/Maps/FirstPersonExampleMap.FirstPersonExampleMap:PersistentLevel.FirstPersonExampleMap' with GeneratedClass '/Game/FirstPersonBP/Maps/FirstPersonExampleMap.FirstPersonExampleMap_C' with ClassGeneratedBy '/Game/FirstPersonBP/Maps/FirstPersonExampleMap.FirstPersonExampleMap:PersistentLevel.FirstPersonExampleMap'
[2018.01.27-19.10.08:555][284]LogBlueprintUserMessages: Early EndPlayMap Detection: Level '/Game/FirstPersonBP/Maps/FirstPersonExampleMap.FirstPersonExampleMap:PersistentLevel' has LevelScriptBlueprint '/Game/FirstPersonBP/Maps/FirstPersonExampleMap.FirstPersonExampleMap:PersistentLevel.FirstPersonExampleMap' with GeneratedClass '/Game/FirstPersonBP/Maps/FirstPersonExampleMap.FirstPersonExampleMap_C' with ClassGeneratedBy '/Game/FirstPersonBP/Maps/FirstPersonExampleMap.FirstPersonExampleMap:PersistentLevel.FirstPersonExampleMap'
[2018.01.27-19.10.08:704][284]LogBlueprintUserMessages: Late EndPlayMap Detection: Level '/Game/FirstPersonBP/Maps/FirstPersonExampleMap.FirstPersonExampleMap:PersistentLevel' has LevelScriptBlueprint '/Game/FirstPersonBP/Maps/FirstPersonExampleMap.FirstPersonExampleMap:PersistentLevel.FirstPersonExampleMap' with GeneratedClass '/Game/FirstPersonBP/Maps/FirstPersonExampleMap.FirstPersonExampleMap_C' with ClassGeneratedBy '/Game/FirstPersonBP/Maps/FirstPersonExampleMap.FirstPersonExampleMap:PersistentLevel.FirstPersonExampleMap'
[2018.01.27-19.10.42:179][770]Cmd: OBJ SAVEPACKAGE PACKAGE="/Game/FirstPersonBP/Maps/FirstPersonExampleMap" FILE="I:/Projekt/PGK/Content/FirstPersonBP/Maps/FirstPersonExampleMap.umap" SILENT=true AUTOSAVING=false KEEPDIRTY=false
[2018.01.27-19.10.43:741][770]LogSavePackage: Save=1545.92ms
[2018.01.27-19.10.43:741][770]LogSavePackage: Moving 'I:/Projekt/PGK/Saved/FirstPersonExampleMap0CA2474841A3F62E8A093CB47C26BBB3.tmp' to 'I:/Projekt/PGK/Content/FirstPersonBP/Maps/FirstPersonExampleMap.umap'
[2018.01.27-19.10.43:746][770]LogSavePackage:Display: Finished SavePackage I:/Projekt/PGK/Content/FirstPersonBP/Maps/FirstPersonExampleMap.umap
[2018.01.27-19.10.43:775][770]Cmd: OBJ SAVEPACKAGE PACKAGE="/Game/FirstPersonBP/Maps/FirstPersonExampleMap_BuiltData" FILE="I:/Projekt/PGK/Content/FirstPersonBP/Maps/FirstPersonExampleMap_BuiltData.uasset" SILENT=true
[2018.01.27-19.10.43:780][770]LogSavePackage: Save=0.90ms
[2018.01.27-19.10.43:781][770]LogSavePackage: Moving 'I:/Projekt/PGK/Saved/FirstPersonExampleMap_BuiltData9EF1D9964DDB98D8B12B85ABEDB16A10.tmp' to 'I:/Projekt/PGK/Content/FirstPersonBP/Maps/FirstPersonExampleMap_BuiltData.uasset'
[2018.01.27-19.10.43:781][770]LogSavePackage:Display: Finished SavePackage I:/Projekt/PGK/Content/FirstPersonBP/Maps/FirstPersonExampleMap_BuiltData.uasset
[2018.01.27-19.10.46:503][895]LogWindowsTextInputMethodSystem:Display: IME system now deactivated.
[2018.01.27-19.10.46:944][896]Cmd: QUIT_EDITOR
[2018.01.27-19.10.48:162][896]LogExit: Preparing to exit.
[2018.01.27-19.10.48:883][896]LogExit: Editor shut down
[2018.01.27-19.10.48:900][896]LogExit: Transaction tracking system shut down
[2018.01.27-19.10.50:277][896]LogObj: Freed 0b from 0 cluster array pools.
[2018.01.27-19.10.50:277][896]LogExit: Object subsystem successfully closed.
[2018.01.27-19.10.50:324][896]LogD3D11RHI: Shutdown
[2018.01.27-19.10.50:324][896]LogD3D11RHI: CleanupD3DDevice
[2018.01.27-19.10.50:582][896]LogD3D11RHI: ~FD3D11DynamicRHI
[2018.01.27-19.10.51:406][896]LogModuleManager: Shutting down and abandoning module MovieSceneCapture (526)
[2018.01.27-19.10.51:406][896]LogModuleManager: Shutting down and abandoning module HierarchicalLODOutliner (524)
[2018.01.27-19.10.51:411][896]LogModuleManager: Shutting down and abandoning module CrashTracker (522)
[2018.01.27-19.10.51:411][896]LogModuleManager: Shutting down and abandoning module SceneOutliner (520)
[2018.01.27-19.10.51:411][896]LogModuleManager: Shutting down and abandoning module AddContentDialog (518)
[2018.01.27-19.10.51:427][896]LogDirectoryWatcher: A directory notification for 'P:/silnik/UE_4.16/FeaturePacks/' was aborted.
[2018.01.27-19.10.51:441][896]LogModuleManager: Shutting down and abandoning module WidgetCarousel (517)
[2018.01.27-19.10.51:442][896]LogModuleManager: Shutting down and abandoning module EditorWidgets (514)
[2018.01.27-19.10.51:442][896]LogModuleManager: Shutting down and abandoning module CollectionManager (512)
[2018.01.27-19.10.51:442][896]LogDirectoryWatcher: A directory notification for 'I:/Projekt/PGK/Content/Collections/' was aborted.
[2018.01.27-19.10.51:442][896]LogDirectoryWatcher: A directory notification for 'I:/Projekt/PGK/Content/Developers/Robert/Collections/' was aborted.
[2018.01.27-19.10.51:442][896]LogDirectoryWatcher: A directory notification for 'I:/Projekt/PGK/Saved/Collections/' was aborted.
[2018.01.27-19.10.51:442][896]LogModuleManager: Shutting down and abandoning module StatsViewer (510)
[2018.01.27-19.10.51:497][896]LogModuleManager: Shutting down and abandoning module FoliageEdit (508)
[2018.01.27-19.10.51:497][896]LogModuleManager: Shutting down and abandoning module LandscapeEditor (506)
[2018.01.27-19.10.51:512][896]LogModuleManager: Shutting down and abandoning module MeshPaintMode (504)
[2018.01.27-19.10.51:512][896]LogModuleManager: Shutting down and abandoning module SceneDepthPickerMode (502)
[2018.01.27-19.10.51:512][896]LogModuleManager: Shutting down and abandoning module ActorPickerMode (500)
[2018.01.27-19.10.51:512][896]LogModuleManager: Shutting down and abandoning module GeometryMode (498)
[2018.01.27-19.10.51:512][896]LogModuleManager: Shutting down and abandoning module TextureAlignMode (496)
[2018.01.27-19.10.51:512][896]LogModuleManager: Shutting down and abandoning module BspMode (494)
[2018.01.27-19.10.51:512][896]LogModuleManager: Shutting down and abandoning module HardwareSurvey (492)
[2018.01.27-19.10.51:516][896]LogModuleManager: Shutting down and abandoning module SequenceRecorderSections (490)
[2018.01.27-19.10.51:522][896]LogModuleManager: Shutting down and abandoning module AutomationWorker (488)
[2018.01.27-19.10.51:530][896]LogModuleManager: Shutting down and abandoning module MatineeToLevelSequence (486)
[2018.01.27-19.10.51:530][896]LogModuleManager: Shutting down and abandoning module LevelSequenceEditor (484)
[2018.01.27-19.10.51:595][896]LogModuleManager: Shutting down and abandoning module PlacementMode (483)
[2018.01.27-19.10.51:595][896]LogModuleManager: Shutting down and abandoning module WmfMediaFactory (480)
[2018.01.27-19.10.51:595][896]LogModuleManager: Shutting down and abandoning module WmfMediaEditor (478)
[2018.01.27-19.10.51:595][896]LogModuleManager: Shutting down and abandoning module AvfMediaFactory (476)
[2018.01.27-19.10.51:595][896]LogModuleManager: Shutting down and abandoning module AvfMediaEditor (474)
[2018.01.27-19.10.51:595][896]LogModuleManager: Shutting down and abandoning module AndroidMediaFactory (472)
[2018.01.27-19.10.51:595][896]LogModuleManager: Shutting down and abandoning module Media (471)
[2018.01.27-19.10.51:595][896]LogModuleManager: Shutting down and abandoning module AndroidMediaEditor (468)
[2018.01.27-19.10.51:595][896]LogModuleManager: Shutting down and abandoning module CharacterAI (466)
[2018.01.27-19.10.51:595][896]LogModuleManager: Shutting down and abandoning module AudioCapture (464)
[2018.01.27-19.10.51:599][896]LogModuleManager: Shutting down and abandoning module SequenceRecorder (463)
[2018.01.27-19.10.51:620][896]LogModuleManager: Shutting down and abandoning module SmartSnapping (460)
[2018.01.27-19.10.51:620][896]LogModuleManager: Shutting down and abandoning module SessionServices (458)
[2018.01.27-19.10.51:620][896]LogModuleManager: Shutting down and abandoning module ViewportSnapping (456)
[2018.01.27-19.10.51:620][896]LogModuleManager: Shutting down and abandoning module ViewportInteraction (454)
[2018.01.27-19.10.51:620][896]LogModuleManager: Shutting down and abandoning module ClothPainter (452)
[2018.01.27-19.10.51:688][896]LogModuleManager: Shutting down and abandoning module LogVisualizer (450)
[2018.01.27-19.10.51:723][896]LogModuleManager: Shutting down and abandoning module IntroTutorials (448)
[2018.01.27-19.10.51:772][896]LogModuleManager: Shutting down and abandoning module GameProjectGeneration (447)
[2018.01.27-19.10.51:788][896]LogModuleManager: Shutting down and abandoning module EditorLiveStreaming (444)
[2018.01.27-19.10.51:788][896]LogModuleManager: Shutting down and abandoning module IOSPlatformEditor (442)
[2018.01.27-19.10.51:801][896]LogModuleManager: Shutting down and abandoning module HTML5PlatformEditor (440)
[2018.01.27-19.10.51:801][896]LogModuleManager: Shutting down and abandoning module AndroidPlatformEditor (438)
[2018.01.27-19.10.51:801][896]LogModuleManager: Shutting down and abandoning module AndroidDeviceDetection (437)
[2018.01.27-19.10.52:202][896]LogModuleManager: Shutting down and abandoning module IOSRuntimeSettings (434)
[2018.01.27-19.10.52:202][896]LogModuleManager: Shutting down and abandoning module AndroidRuntimeSettings (432)
[2018.01.27-19.10.52:202][896]LogModuleManager: Shutting down and abandoning module InputBindingEditor (430)
[2018.01.27-19.10.52:222][896]LogModuleManager: Shutting down and abandoning module MergeActors (428)
[2018.01.27-19.10.52:237][896]LogModuleManager: Shutting down and abandoning module SizeMap (426)
[2018.01.27-19.10.52:237][896]LogModuleManager: Shutting down and abandoning module TreeMap (424)
[2018.01.27-19.10.52:250][896]LogModuleManager: Shutting down and abandoning module ReferenceViewer (422)
[2018.01.27-19.10.52:263][896]LogModuleManager: Shutting down and abandoning module LocalizationDashboard (420)
[2018.01.27-19.10.52:283][896]LogModuleManager: Shutting down and abandoning module LocalizationService (419)
[2018.01.27-19.10.52:290][896]LogModuleManager: Shutting down and abandoning module HardwareTargeting (416)
[2018.01.27-19.10.52:290][896]LogModuleManager: Shutting down and abandoning module DeviceProfileEditor (414)
[2018.01.27-19.10.52:302][896]LogModuleManager: Shutting down and abandoning module UndoHistory (412)
[2018.01.27-19.10.52:312][896]LogModuleManager: Shutting down and abandoning module UserFeedback (410)
[2018.01.27-19.10.52:312][896]LogModuleManager: Shutting down and abandoning module XmlParser (408)
[2018.01.27-19.10.52:323][896]LogModuleManager: Shutting down and abandoning module Blutility (406)
[2018.01.27-19.10.52:327][896]LogModuleManager: Shutting down and abandoning module ProjectSettingsViewer (404)
[2018.01.27-19.10.52:327][896]LogModuleManager: Shutting down and abandoning module ProjectTargetPlatformEditor (403)
[2018.01.27-19.10.52:327][896]LogModuleManager: Shutting down and abandoning module EditorSettingsViewer (400)
[2018.01.27-19.10.52:327][896]LogModuleManager: Shutting down and abandoning module SettingsEditor (398)
[2018.01.27-19.10.52:336][896]LogModuleManager: Shutting down and abandoning module ProjectLauncher (396)
[2018.01.27-19.10.52:372][896]LogModuleManager: Shutting down and abandoning module SessionFrontend (394)
[2018.01.27-19.10.52:389][896]LogModuleManager: Shutting down and abandoning module ProfilerClient (392)
[2018.01.27-19.10.52:416][896]LogModuleManager: Shutting down and abandoning module DeviceManager (390)
[2018.01.27-19.10.52:425][896]LogModuleManager: Shutting down and abandoning module TargetDeviceServices (389)
[2018.01.27-19.10.52:467][896]LogModuleManager: Shutting down and abandoning module AutomationController (386)
[2018.01.27-19.10.52:474][896]LogModuleManager: Shutting down and abandoning module AutomationWindow (384)
[2018.01.27-19.10.52:498][896]LogModuleManager: Shutting down and abandoning module Layers (382)
[2018.01.27-19.10.52:538][896]LogModuleManager: Shutting down and abandoning module ComponentVisualizers (380)
[2018.01.27-19.10.52:538][896]LogModuleManager: Shutting down and abandoning module DetailCustomizations (378)
[2018.01.27-19.10.52:549][896]LogModuleManager: Shutting down and abandoning module PackagesDialog (376)
[2018.01.27-19.10.52:560][896]LogModuleManager: Shutting down and abandoning module Persona (374)
[2018.01.27-19.10.52:611][896]LogModuleManager: Shutting down and abandoning module AdvancedPreviewScene (373)
[2018.01.27-19.10.52:611][896]LogModuleManager: Shutting down and abandoning module AnimGraph (371)
[2018.01.27-19.10.52:611][896]LogModuleManager: Shutting down and abandoning module Kismet (368)
[2018.01.27-19.10.52:625][896]LogModuleManager: Shutting down and abandoning module ClassViewer (366)
[2018.01.27-19.10.52:625][896]LogModuleManager: Shutting down and abandoning module Toolbox (364)
[2018.01.27-19.10.52:635][896]LogModuleManager: Shutting down and abandoning module ModuleUI (362)
[2018.01.27-19.10.52:647][896]LogModuleManager: Shutting down and abandoning module MovieSceneTools (360)
[2018.01.27-19.10.52:665][896]LogModuleManager: Shutting down and abandoning module OutputLog (358)
[2018.01.27-19.10.52:681][896]LogModuleManager: Shutting down and abandoning module GammaUI (356)
[2018.01.27-19.10.52:691][896]LogModuleManager: Shutting down and abandoning module Documentation (354)
[2018.01.27-19.10.52:691][896]LogModuleManager: Shutting down and abandoning module MovieSceneTracks (352)
[2018.01.27-19.10.52:691][896]LogModuleManager: Shutting down and abandoning module MovieScene (350)
[2018.01.27-19.10.52:691][896]LogModuleManager: Shutting down and abandoning module Niagara (348)
[2018.01.27-19.10.52:691][896]LogModuleManager: Shutting down and abandoning module NiagaraEditor (347)
[2018.01.27-19.10.52:729][896]LogModuleManager: Shutting down and abandoning module StreamingPauseRendering (344)
[2018.01.27-19.10.52:729][896]LogModuleManager: Shutting down and abandoning module AnalyticsET (342)
[2018.01.27-19.10.52:729][896]LogModuleManager: Shutting down and abandoning module PortalServices (340)
[2018.01.27-19.10.52:729][896]LogModuleManager: Shutting down and abandoning module PortalRpc (338)
[2018.01.27-19.10.52:729][896]LogModuleManager: Shutting down and abandoning module MessagingRpc (336)
[2018.01.27-19.10.52:729][896]LogModuleManager: Shutting down and abandoning module AIModule (334)
[2018.01.27-19.10.52:729][896]LogModuleManager: Shutting down and abandoning module GameplayDebugger (333)
[2018.01.27-19.10.52:729][896]LogModuleManager: Shutting down and abandoning module AITestSuite (331)
[2018.01.27-19.10.52:739][896]LogModuleManager: Shutting down and abandoning module ProfilerService (328)
[2018.01.27-19.10.52:984][896]LogModuleManager: Shutting down and abandoning module TaskGraph (326)
[2018.01.27-19.10.53:010][896]LogModuleManager: Shutting down and abandoning module SteamVRController (324)
[2018.01.27-19.10.53:010][896]LogModuleManager: Shutting down and abandoning module SteamVR (322)
[2018.01.27-19.10.53:010][896]LogModuleManager: Shutting down and abandoning module ProceduralMeshComponentEditor (320)
[2018.01.27-19.10.53:010][896]LogModuleManager: Shutting down and abandoning module ProceduralMeshComponent (318)
[2018.01.27-19.10.53:018][896]LogModuleManager: Shutting down and abandoning module OculusLibrary (316)
[2018.01.27-19.10.53:018][896]LogModuleManager: Shutting down and abandoning module OculusInput (314)
[2018.01.27-19.10.53:018][896]LogModuleManager: Shutting down and abandoning module MobilePatchingUtils (312)
[2018.01.27-19.10.53:018][896]LogModuleManager: Shutting down and abandoning module CustomMeshComponent (310)
[2018.01.27-19.10.53:018][896]LogModuleManager: Shutting down and abandoning module CableComponent (308)
[2018.01.27-19.10.53:018][896]LogModuleManager: Shutting down and abandoning module ArchVisCharacter (306)
[2018.01.27-19.10.53:018][896]LogModuleManager: Shutting down and abandoning module AndroidPermission (304)
[2018.01.27-19.10.53:018][896]LogModuleManager: Shutting down and abandoning module MediaPlayerEditor (300)
[2018.01.27-19.10.53:040][896]LogModuleManager: Shutting down and abandoning module HTML5Networking (298)
[2018.01.27-19.10.53:040][896]LogModuleManager: Shutting down and abandoning module AlembicImporter (296)
[2018.01.27-19.10.53:045][896]LogModuleManager: Shutting down and abandoning module AlembicLibrary (295)
[2018.01.27-19.10.53:045][896]LogModuleManager: Shutting down and abandoning module GeometryCache (294)
[2018.01.27-19.10.53:045][896]LogModuleManager: Shutting down and abandoning module GeometryCacheEd (293)
[2018.01.27-19.10.53:045][896]LogModuleManager: Shutting down and abandoning module SuperSearchEditor (288)
[2018.01.27-19.10.53:046][896]LogModuleManager: Shutting down and abandoning module SuperSearch (287)
[2018.01.27-19.10.53:046][896]LogModuleManager: Shutting down and abandoning module SpeedTreeImporter (284)
[2018.01.27-19.10.53:046][896]LogModuleManager: Shutting down and abandoning module PluginBrowser (282)
[2018.01.27-19.10.53:067][896]LogModuleManager: Shutting down and abandoning module MobileLauncherProfileWizard (280)
[2018.01.27-19.10.53:092][896]LogModuleManager: Shutting down and abandoning module VisualStudioSourceCodeAccess (278)
[2018.01.27-19.10.53:092][896]LogModuleManager: Shutting down and abandoning module DesktopPlatform (277)
[2018.01.27-19.10.53:092][896]LogModuleManager: Shutting down and abandoning module UObjectPlugin (274)
[2018.01.27-19.10.53:092][896]LogModuleManager: Shutting down and abandoning module SubversionSourceControl (272)
[2018.01.27-19.10.53:099][896]LogModuleManager: Shutting down and abandoning module PerforceSourceControl (270)
[2018.01.27-19.10.53:125][896]LogModuleManager: Shutting down and abandoning module GitSourceControl (268)
[2018.01.27-19.10.53:134][896]LogModuleManager: Shutting down and abandoning module SourceControl (267)
[2018.01.27-19.10.53:135][896]LogModuleManager: Shutting down and abandoning module LightPropagationVolumeEditor (264)
[2018.01.27-19.10.53:135][896]LogModuleManager: Shutting down and abandoning module PaperTiledImporter (262)
[2018.01.27-19.10.53:135][896]LogModuleManager: Shutting down and abandoning module PaperSpriteSheetImporter (260)
[2018.01.27-19.10.53:135][896]LogModuleManager: Shutting down and abandoning module Paper2DEditor (258)
[2018.01.27-19.10.53:148][896]LogModuleManager: Shutting down and abandoning module MeshPaint (257)
[2018.01.27-19.10.53:163][896]LogModuleManager: Shutting down and abandoning module LevelEditor (255)
[2018.01.27-19.10.53:176][896]LogModuleManager: Shutting down and abandoning module PixelInspectorModule (254)
[2018.01.27-19.10.53:189][896]LogModuleManager: Shutting down and abandoning module MainFrame (252)
[2018.01.27-19.10.53:198][896]LogModuleManager: Shutting down and abandoning module HotReload (251)
[2018.01.27-19.10.53:204][896]LogModuleManager: Shutting down and abandoning module PhysXVehiclesEditor (246)
[2018.01.27-19.10.53:214][896]LogModuleManager: Shutting down and abandoning module PhysXVehicles (244)
[2018.01.27-19.10.53:214][896]LogModuleManager: Shutting down and abandoning module LocationServicesBPLibrary (242)
[2018.01.27-19.10.53:214][896]LogModuleManager: Shutting down and abandoning module ImmediatePhysicsEditor (240)
[2018.01.27-19.10.53:214][896]LogModuleManager: Shutting down and abandoning module ImmediatePhysics (238)
[2018.01.27-19.10.53:228][896]LogModuleManager: Shutting down and abandoning module UdpMessaging (236)
[2018.01.27-19.10.53:328][896]LogModuleManager: Shutting down and abandoning module TcpMessaging (234)
[2018.01.27-19.10.53:434][896]LogModuleManager: Shutting down and abandoning module GameplayTagsEditor (232)
[2018.01.27-19.10.53:512][896]LogModuleManager: Shutting down and abandoning module FacialAnimationEditor (230)
[2018.01.27-19.10.53:519][896]LogModuleManager: Shutting down and abandoning module FacialAnimation (228)
[2018.01.27-19.10.53:519][896]LogModuleManager: Shutting down and abandoning module AssetManagerEditor (226)
[2018.01.27-19.10.53:614][896]LogModuleManager: Shutting down and abandoning module GraphEditor (225)
[2018.01.27-19.10.53:615][896]LogModuleManager: Shutting down and abandoning module ContentBrowser (223)
[2018.01.27-19.10.53:617][896]LogModuleManager: Shutting down and abandoning module LightPropagationVolumeRuntime (220)
[2018.01.27-19.10.53:617][896]LogModuleManager: Shutting down and abandoning module Paper2D (218)
[2018.01.27-19.10.53:623][896]LogModuleManager: Shutting down and abandoning module WindowsMoviePlayer (216)
[2018.01.27-19.10.53:623][896]LogModuleManager: Shutting down and abandoning module WmfMedia (214)
[2018.01.27-19.10.53:629][896]LogModuleManager: Shutting down and abandoning module ClothingSystemEditor (212)
[2018.01.27-19.10.53:629][896]LogModuleManager: Shutting down and abandoning module ClothingSystemRuntime (210)
[2018.01.27-19.10.53:644][896]LogModuleManager: Shutting down and abandoning module MediaAssets (208)
[2018.01.27-19.10.53:644][896]LogModuleManager: Shutting down and abandoning module GameLiveStreaming (206)
[2018.01.27-19.10.53:649][896]LogModuleManager: Shutting down and abandoning module VREditor (204)
[2018.01.27-19.10.53:654][896]LogModuleManager: Shutting down and abandoning module StringTableEditor (202)
[2018.01.27-19.10.53:672][896]LogModuleManager: Shutting down and abandoning module GameplayTasksEditor (200)
[2018.01.27-19.10.53:673][896]LogModuleManager: Shutting down and abandoning module BehaviorTreeEditor (198)
[2018.01.27-19.10.53:717][896]LogModuleManager: Shutting down and abandoning module FunctionalTesting (196)
[2018.01.27-19.10.53:717][896]LogModuleManager: Shutting down and abandoning module CollisionAnalyzer (194)
[2018.01.27-19.10.53:727][896]LogModuleManager: Shutting down and abandoning module UMG (192)
[2018.01.27-19.10.53:736][896]LogModuleManager: Shutting down and abandoning module UMGEditor (191)
[2018.01.27-19.10.53:797][896]LogModuleManager: Shutting down and abandoning module Sequencer (190)
[2018.01.27-19.10.53:819][896]LogModuleManager: Shutting down and abandoning module AssetTools (188)
[2018.01.27-19.10.53:829][896]LogModuleManager: Shutting down and abandoning module MessageLog (187)
[2018.01.27-19.10.53:829][896]LogModuleManager: Shutting down and abandoning module WorkspaceMenuStructure (186)
[2018.01.27-19.10.53:829][896]LogModuleManager: Shutting down and abandoning module SlateReflector (180)
[2018.01.27-19.10.53:854][896]LogModuleManager: Shutting down and abandoning module Slate (178)
[2018.01.27-19.10.53:854][896]LogModuleManager: Shutting down and abandoning module EditorStyle (176)
[2018.01.27-19.10.53:860][896]LogModuleManager: Shutting down and abandoning module SourceCodeAccess (174)
[2018.01.27-19.10.53:860][896]LogModuleManager: Shutting down and abandoning module HeadMountedDisplay (172)
[2018.01.27-19.10.53:860][896]LogModuleManager: Shutting down and abandoning module XAudio2 (170)
[2018.01.27-19.10.53:860][896]LogModuleManager: Shutting down and abandoning module Networking (168)
[2018.01.27-19.10.53:860][896]LogModuleManager: Shutting down and abandoning module Core (164)
[2018.01.27-19.10.53:860][896]LogModuleManager: Shutting down and abandoning module AssetRegistry (162)
[2018.01.27-19.10.54:031][896]LogDirectoryWatcher: A directory notification for '../../../Engine/Content/' was aborted.
[2018.01.27-19.10.54:032][896]LogDirectoryWatcher: A directory notification for 'I:/Projekt/PGK/Content/' was aborted.
[2018.01.27-19.10.54:032][896]LogDirectoryWatcher: A directory notification for '../../../Engine/Plugins/2D/Paper2D/Content/' was aborted.
[2018.01.27-19.10.54:032][896]LogDirectoryWatcher: A directory notification for '../../../Engine/Plugins/Runtime/GearVR/Content/' was aborted.
[2018.01.27-19.10.54:046][896]LogModuleManager: Shutting down and abandoning module DirectoryWatcher (161)
[2018.01.27-19.10.54:048][896]LogModuleManager: Shutting down and abandoning module KismetCompiler (158)
[2018.01.27-19.10.54:048][896]LogModuleManager: Shutting down and abandoning module LevelSequence (156)
[2018.01.27-19.10.54:048][896]LogModuleManager: Shutting down and abandoning module PhysXFormats (154)
[2018.01.27-19.10.54:048][896]LogModuleManager: Shutting down and abandoning module MeshUtilities (152)
[2018.01.27-19.10.54:061][896]LogModuleManager: Shutting down and abandoning module SimplygonSwarm (151)
[2018.01.27-19.10.54:074][896]LogModuleManager: Shutting down and abandoning module SimplygonMeshReduction (149)
[2018.01.27-19.10.54:074][896]LogModuleManager: Shutting down and abandoning module QuadricMeshReduction (147)
[2018.01.27-19.10.54:092][896]LogModuleManager: Shutting down and abandoning module DerivedDataCache (144)
[2018.01.27-19.10.54:181][896]LogDerivedDataCache: Shutdown
[2018.01.27-19.10.54:181][896]LogModuleManager: Shutting down and abandoning module TargetPlatform (142)
[2018.01.27-19.10.54:181][896]LogModuleManager: Shutting down and abandoning module VulkanShaderFormat (141)
[2018.01.27-19.10.54:273][896]LogModuleManager: Shutting down and abandoning module ShaderFormatVectorVM (139)
[2018.01.27-19.10.54:287][896]LogModuleManager: Shutting down and abandoning module ShaderFormatOpenGL (137)
[2018.01.27-19.10.54:327][896]LogModuleManager: Shutting down and abandoning module ShaderFormatD3D (135)
[2018.01.27-19.10.54:379][896]LogModuleManager: Shutting down and abandoning module MetalShaderFormat (133)
[2018.01.27-19.10.54:422][896]LogModuleManager: Shutting down and abandoning module TextureFormatUncompressed (131)
[2018.01.27-19.10.54:422][896]LogModuleManager: Shutting down and abandoning module TextureFormatPVR (129)
[2018.01.27-19.10.54:422][896]LogModuleManager: Shutting down and abandoning module TextureFormatDXT (127)
[2018.01.27-19.10.54:442][896]LogModuleManager: Shutting down and abandoning module TextureFormatIntelISPCTexComp (125)
[2018.01.27-19.10.54:510][896]LogModuleManager: Shutting down and abandoning module TextureFormatASTC (123)
[2018.01.27-19.10.54:511][896]LogModuleManager: Shutting down and abandoning module ImageWrapper (122)
[2018.01.27-19.10.54:511][896]LogModuleManager: Shutting down and abandoning module TextureFormatAndroid (119)
[2018.01.27-19.10.54:511][896]LogModuleManager: Shutting down and abandoning module AudioFormatOpus (117)
[2018.01.27-19.10.54:511][896]LogModuleManager: Shutting down and abandoning module AudioFormatOgg (115)
[2018.01.27-19.10.54:511][896]LogModuleManager: Shutting down and abandoning module AudioFormatADPCM (113)
[2018.01.27-19.10.54:511][896]LogModuleManager: Shutting down and abandoning module LinuxTargetPlatform (111)
[2018.01.27-19.10.54:511][896]LogModuleManager: Shutting down and abandoning module LinuxServerTargetPlatform (109)
[2018.01.27-19.10.54:511][896]LogModuleManager: Shutting down and abandoning module LinuxNoEditorTargetPlatform (107)
[2018.01.27-19.10.54:511][896]LogModuleManager: Shutting down and abandoning module LinuxClientTargetPlatform (105)
[2018.01.27-19.10.54:511][896]LogModuleManager: Shutting down and abandoning module TVOSTargetPlatform (103)
[2018.01.27-19.10.54:511][896]LogModuleManager: Shutting down and abandoning module Messaging (101)
[2018.01.27-19.10.54:511][896]LogModuleManager: Shutting down and abandoning module IOSTargetPlatform (99)
[2018.01.27-19.10.54:511][896]LogModuleManager: Shutting down and abandoning module HTML5TargetPlatform (97)
[2018.01.27-19.10.54:511][896]LogModuleManager: Shutting down and abandoning module Android_PVRTCTargetPlatform (95)
[2018.01.27-19.10.54:578][896]LogModuleManager: Shutting down and abandoning module Android_MultiTargetPlatform (93)
[2018.01.27-19.10.54:578][896]LogModuleManager: Shutting down and abandoning module Android_ETC2TargetPlatform (91)
[2018.01.27-19.10.54:691][896]LogModuleManager: Shutting down and abandoning module Android_ETC1TargetPlatform (89)
[2018.01.27-19.10.54:726][896]LogModuleManager: Shutting down and abandoning module Android_DXTTargetPlatform (87)
[2018.01.27-19.10.54:766][896]LogModuleManager: Shutting down and abandoning module Android_ATCTargetPlatform (85)
[2018.01.27-19.10.54:774][896]LogModuleManager: Shutting down and abandoning module Android_ASTCTargetPlatform (83)
[2018.01.27-19.10.54:774][896]LogModuleManager: Shutting down and abandoning module AndroidTargetPlatform (81)
[2018.01.27-19.10.54:796][896]LogModuleManager: Shutting down and abandoning module WindowsTargetPlatform (79)
[2018.01.27-19.10.54:796][896]LogModuleManager: Shutting down and abandoning module WindowsServerTargetPlatform (77)
[2018.01.27-19.10.54:796][896]LogModuleManager: Shutting down and abandoning module WindowsNoEditorTargetPlatform (75)
[2018.01.27-19.10.54:796][896]LogModuleManager: Shutting down and abandoning module WindowsClientTargetPlatform (73)
[2018.01.27-19.10.54:796][896]LogModuleManager: Shutting down and abandoning module MacTargetPlatform (71)
[2018.01.27-19.10.54:796][896]LogModuleManager: Shutting down and abandoning module MacServerTargetPlatform (69)
[2018.01.27-19.10.54:796][896]LogModuleManager: Shutting down and abandoning module MacNoEditorTargetPlatform (67)
[2018.01.27-19.10.54:796][896]LogModuleManager: Shutting down and abandoning module MacClientTargetPlatform (65)
[2018.01.27-19.10.54:796][896]LogModuleManager: Shutting down and abandoning module AllDesktopTargetPlatform (63)
[2018.01.27-19.10.54:796][896]LogModuleManager: Shutting down and abandoning module InputCore (60)
[2018.01.27-19.10.54:796][896]LogModuleManager: Shutting down and abandoning module Settings (58)
[2018.01.27-19.10.54:796][896]LogModuleManager: Shutting down and abandoning module OculusRift (56)
[2018.01.27-19.10.54:838][896]LogModuleManager: Shutting down and abandoning module GearVRController (54)
[2018.01.27-19.10.54:838][896]LogModuleManager: Shutting down and abandoning module GearVR (52)
[2018.01.27-19.10.54:867][896]LogModuleManager: Shutting down and abandoning module ExampleDeviceProfileSelector (50)
[2018.01.27-19.10.54:867][896]LogModuleManager: Shutting down and abandoning module OnlineBlueprintSupport (48)
[2018.01.27-19.10.54:867][896]LogModuleManager: Shutting down and abandoning module OnlineSubsystem (44)
[2018.01.27-19.10.54:867][896]LogOnline:Display: Unloading online subsystem: NULL
[2018.01.27-19.10.54:971][896]LogModuleManager: Shutting down and abandoning module XMPP (43)
[2018.01.27-19.10.55:042][896]LogModuleManager: Shutting down and abandoning module HTTP (41)
[2018.01.27-19.10.55:042][896]LogHttp:Display: Http module shutting down, but needs to wait on 1 outstanding Http requests:
[2018.01.27-19.10.55:069][896]LogHttp:Display: 	verb=[POST] url=[https://datarouter.ol.epicgames.com/datarouter/api/v1/public/data?SessionID=%7B918C8195-4058-B80B-BDAA-D48ACA8A8843%7D&AppID=UEEditor.Rocket.Release&AppVersion=4.16.3-3561208%2B%2B%2BUE4%2BRelease-4.16&UserID=29637ffe4c58a1c3c8e01ea6909a8eb4%7C4b55de0784454aa7bd2b02757aa35777%7C0a577216-477d-4061-b982-e092ed939e1e&AppEnvironment=datacollector-binary&UploadType=eteventstream] status=Processing
[2018.01.27-19.10.55:087][896]LogModuleManager: Shutting down and abandoning module SSL (40)
[2018.01.27-19.10.55:123][896]LogModuleManager: Shutting down and abandoning module HTTPChunkInstaller (36)
[2018.01.27-19.10.55:138][896]LogModuleManager: Shutting down and abandoning module AnimationModifiers (34)
[2018.01.27-19.10.55:148][896]LogModuleManager: Shutting down and abandoning module PropertyEditor (33)
[2018.01.27-19.10.55:148][896]LogModuleManager: Shutting down and abandoning module AudioEditor (30)
[2018.01.27-19.10.55:148][896]LogModuleManager: Shutting down and abandoning module TextureCompressor (28)
[2018.01.27-19.10.55:162][896]LogModuleManager: Shutting down and abandoning module ShaderCore (26)
[2018.01.27-19.10.55:162][896]LogModuleManager: Shutting down and abandoning module Landscape (24)
[2018.01.27-19.10.55:162][896]LogModuleManager: Shutting down and abandoning module SlateRHIRenderer (22)
[2018.01.27-19.10.55:199][896]LogModuleManager: Shutting down and abandoning module OpenGLDrv (20)
[2018.01.27-19.10.55:221][896]LogModuleManager: Shutting down and abandoning module D3D11RHI (18)
[2018.01.27-19.10.55:221][896]LogModuleManager: Shutting down and abandoning module AnimGraphRuntime (16)
[2018.01.27-19.10.55:235][896]LogModuleManager: Shutting down and abandoning module Renderer (14)
[2018.01.27-19.10.55:235][896]LogModuleManager: Shutting down and abandoning module Engine (12)
[2018.01.27-19.10.55:235][896]LogModuleManager: Shutting down and abandoning module CoreUObject (10)
[2018.01.27-19.10.55:235][896]LogModuleManager: Shutting down and abandoning module NetworkFile (8)
[2018.01.27-19.10.55:235][896]LogModuleManager: Shutting down and abandoning module StreamingFile (6)
[2018.01.27-19.10.55:235][896]LogModuleManager: Shutting down and abandoning module SandboxFile (4)
[2018.01.27-19.10.55:235][896]LogModuleManager: Shutting down and abandoning module PakFile (2)
[2018.01.27-19.10.55:247][896]LogExit: Exiting.
[2018.01.27-19.10.55:262][896]Log file closed, 01/27/18 20:10:55
