Log file open, 01/17/18 16:33:36
LogInit:Display: Running engine for game: PGK
LogPlatformFile: Not using cached read wrapper
LogInit:Display: RandInit(-1605079890) SRandInit(-1605079890).
LogTaskGraph: Started task graph with 5 named threads and 8 total threads with 1 sets of task threads.
LogStats: Stats thread started at 0.266903
LogInit: Using libcurl 7.47.1
LogInit:  - built for x86_64-pc-win32
LogInit:  - supports SSL with OpenSSL/1.0.2g
LogInit:  - supports HTTP deflate (compression) using libz 1.2.8
LogInit:  - other features:
LogInit:      CURL_VERSION_SSL
LogInit:      CURL_VERSION_LIBZ
LogInit:      CURL_VERSION_IPV6
LogInit:      CURL_VERSION_ASYNCHDNS
LogInit:      CURL_VERSION_LARGEFILE
LogInit:      CURL_VERSION_IDN
LogInit:  CurlRequestOptions (configurable via config and command line):
LogInit:  - bVerifyPeer = false  - Libcurl will NOT verify peer certificate
LogInit:  - bUseHttpProxy = false  - Libcurl will NOT use HTTP proxy
LogInit:  - bDontReuseConnections = false  - Libcurl will reuse connections
LogInit:  - CertBundlePath = nullptr  - Libcurl will use whatever was configured at build time.
LogInit: Build: ++UE4+Release-4.16-CL-3561208
LogInit: Engine Version: 4.16.3-3561208+++UE4+Release-4.16
LogInit: Compatible Engine Version: 4.16.0-3452394+++UE4+Release-4.16
LogInit: Net CL: 3452394
LogDevObjectVersion: Number of dev versions registered: 16
LogDevObjectVersion:   Dev-Blueprints (B0D832E4-1F89-4F0D-ACCF-7EB736FD4AA2): 9
LogDevObjectVersion:   Dev-Build (E1C64328-A22C-4D53-A36C-8E866417BD8C): 0
LogDevObjectVersion:   Dev-Core (375EC13C-06E4-48FB-B500-84F0262A717E): 2
LogDevObjectVersion:   Dev-Editor (E4B068ED-F494-42E9-A231-DA0B2E46BB41): 17
LogDevObjectVersion:   Dev-Framework (CFFC743F-43B0-4480-9391-14DF171D2073): 23
LogDevObjectVersion:   Dev-Mobile (B02B49B5-BB20-44E9-A304-32B752E40360): 0
LogDevObjectVersion:   Dev-Networking (A4E4105C-59A1-49B5-A7C5-40C4547EDFEE): 0
LogDevObjectVersion:   Dev-Online (39C831C9-5AE6-47DC-9A44-9C173E1C8E7C): 0
LogDevObjectVersion:   Dev-Physics (78F01B33-EBEA-4F98-B9B4-84EACCB95AA2): 0
LogDevObjectVersion:   Dev-Platform (6631380F-2D4D-43E0-8009-CF276956A95A): 0
LogDevObjectVersion:   Dev-Rendering (12F88B9F-8875-4AFC-A67C-D90C383ABD29): 15
LogDevObjectVersion:   Dev-Sequencer (7B5AE74C-D270-4C10-A958-57980B212A5A): 4
LogDevObjectVersion:   Dev-VR (D7296918-1DD6-4BDD-9DE2-64A83CC13884): 0
LogDevObjectVersion:   Dev-LoadTimes (C2A15278-BFE7-4AFE-6C17-90FF531DF755): 1
LogDevObjectVersion:   Private-Geometry (6EACA3D4-40EC-4CC1-B786-8BED09428FC5): 1
LogDevObjectVersion:   Dev-AnimPhys (29E575DD-E0A3-4627-9D10-D276232CDCEA): 3
LogInit: Compiled (64-bit): Jul 28 2017 11:49:47
LogInit: Compiled with Visual C++: 19.00.24215.01
LogInit: Build Configuration: Development
LogInit: Branch Name: ++UE4+Release-4.16
LogInit: Command line: -EpicPortal 
LogInit: Base directory: P:/silnik/UE_4.16/Engine/Binaries/Win64/
LogInit: Installed Engine Build: 1
LogInit: Presizing for max 8388607 objects, including 0 objects not considered by GC, pre-allocating 0 bytes for permanent pool.
LogInit: Object subsystem initialized
[2018.01.17-15.33.37:912][  0]LogInit: Selected Device Profile: [Windows]
[2018.01.17-15.33.37:912][  0]LogInit: Applying CVar settings loaded from the selected device profile: [Windows]
[2018.01.17-15.33.37:993][  0]LogInit: Computer: GROBKOMP
[2018.01.17-15.33.37:993][  0]LogInit: User: Robert
[2018.01.17-15.33.37:993][  0]LogInit: CPU Page size=4096, Cores=4
[2018.01.17-15.33.37:993][  0]LogInit: High frequency timer resolution =2.250001 MHz
[2018.01.17-15.33.37:994][  0]LogMemory: Memory total: Physical=7.9GB (8GB approx)
[2018.01.17-15.33.37:994][  0]LogMemory: Platform Memory Stats for Windows
[2018.01.17-15.33.37:994][  0]LogMemory: Process Physical Memory: 275.84 MB used, 275.84 MB peak
[2018.01.17-15.33.37:994][  0]LogMemory: Process Virtual Memory: 266.73 MB used, 266.73 MB peak
[2018.01.17-15.33.37:994][  0]LogMemory: Physical Memory: 6142.71 MB used,  1967.49 MB free, 8110.20 MB total
[2018.01.17-15.33.37:994][  0]LogMemory: Virtual Memory: 663.04 MB used,  1967.49 MB free, 134217728.00 MB total
[2018.01.17-15.33.38:130][  0]LogInit: Using OS detected language (pl-PL).
[2018.01.17-15.33.38:130][  0]LogInit: Using OS detected locale (pl-PL).
[2018.01.17-15.33.38:138][  0]LogTextLocalizationManager: No localization for 'pl-PL' exists, so 'en' will be used for the language.
[2018.01.17-15.33.38:139][  0]LogTextLocalizationManager: No localization for 'pl-PL' exists, so 'en' will be used for the locale.
[2018.01.17-15.33.40:276][  0]LogD3D11RHI: D3D11 adapters:
[2018.01.17-15.33.41:547][  0]LogD3D11RHI:    0. 'NVIDIA GeForce GTX 960M' (Feature Level 11_0)
[2018.01.17-15.33.41:547][  0]LogD3D11RHI:       2017/0/4055 MB DedicatedVideo/DedicatedSystem/SharedSystem, Outputs:1, VendorId:0x10de
[2018.01.17-15.33.41:564][  0]LogD3D11RHI:    1. 'Intel(R) HD Graphics 530' (Feature Level 11_0)
[2018.01.17-15.33.41:564][  0]LogD3D11RHI:       128/0/4055 MB DedicatedVideo/DedicatedSystem/SharedSystem, Outputs:0, VendorId:0x8086
[2018.01.17-15.33.41:569][  0]LogD3D11RHI:    2. 'Microsoft Basic Render Driver' (Feature Level 11_0)
[2018.01.17-15.33.41:569][  0]LogD3D11RHI:       0/0/4055 MB DedicatedVideo/DedicatedSystem/SharedSystem, Outputs:0, VendorId:0x1414
[2018.01.17-15.33.41:569][  0]LogD3D11RHI: Chosen D3D11 Adapter: 0
[2018.01.17-15.33.41:581][  0]LogD3D11RHI: Creating new Direct3DDevice
[2018.01.17-15.33.41:581][  0]LogD3D11RHI:     GPU DeviceId: 0x139b (for the marketing name, search the web for "GPU Device Id")
[2018.01.17-15.33.41:581][  0]LogWindows: EnumDisplayDevices:
[2018.01.17-15.33.41:581][  0]LogWindows:    0. 'Intel(R) HD Graphics 530' (P:1 D:1)
[2018.01.17-15.33.41:582][  0]LogWindows:    1. 'Intel(R) HD Graphics 530' (P:0 D:0)
[2018.01.17-15.33.41:582][  0]LogWindows:    2. 'Intel(R) HD Graphics 530' (P:0 D:0)
[2018.01.17-15.33.41:582][  0]LogWindows:    3. 'NVIDIA GeForce GTX 960M' (P:0 D:0)
[2018.01.17-15.33.41:583][  0]LogWindows:    4. 'NVIDIA GeForce GTX 960M' (P:0 D:0)
[2018.01.17-15.33.41:583][  0]LogWindows:    5. 'NVIDIA GeForce GTX 960M' (P:0 D:0)
[2018.01.17-15.33.41:583][  0]LogWindows:    6. 'NVIDIA GeForce GTX 960M' (P:0 D:0)
[2018.01.17-15.33.41:584][  0]LogWindows: DebugString: GetVideoDriverDetailsInvalid PrimaryIsNotTheChoosenAdapter GetVideoDriverDetailsInvalid PrimaryIsNotTheChoosenAdapter GetVideoDriverDetailsInvalid PrimaryIsNotTheChoosenAdapter GetVideoDriverDetailsInvalid PrimaryIsNotTheChoosenAdapter GetVideoDriverDetailsInvalid PrimaryIsNotTheChoosenAdapter GetVideoDriverDetailsInvalid PrimaryIsNotTheChoosenAdapter GetVideoDriverDetailsInvalid PrimaryIsNotTheChoosenAdapter FoundDriverCount:0 
[2018.01.17-15.33.41:584][  0]LogD3D11RHI:     Adapter Name: NVIDIA GeForce GTX 960M
[2018.01.17-15.33.41:584][  0]LogD3D11RHI:   Driver Version: Unknown (internal:Unknown, unified:Unknown)
[2018.01.17-15.33.41:584][  0]LogD3D11RHI:      Driver Date: Unknown
[2018.01.17-15.33.41:584][  0]LogRHI: Texture pool is 1361 MB (70% of 1945 MB)
[2018.01.17-15.33.42:795][  0]LogD3D11RHI: Async texture creation enabled
[2018.01.17-15.33.43:494][  0]LogD3D11RHI: GPU Timing Frequency: 1000.000000 (Debug: 2 1)
[2018.01.17-15.33.43:499][  0]LogShaderCompilers: Guid format shader working directory is 32 characters bigger than the processId version (I:/Projekt/PGK/Intermediate/Shaders/WorkingDirectory/10224/).
[2018.01.17-15.33.43:499][  0]LogShaderCompilers: Cleaned the shader compiler working directory 'C:/Users/Robert/AppData/Local/Temp/UnrealShaderWorkingDir/733EC24E4BE1ED8E5B8E60914B67B710/'.
[2018.01.17-15.33.43:499][  0]LogShaderCompilers:Display: Using Local Shader Compiler.
[2018.01.17-15.33.45:695][  0]LogTemp:Display: Loaded TP AllDesktopTargetPlatform
[2018.01.17-15.33.45:793][  0]LogTemp:Display: Loaded TP MacClientTargetPlatform
[2018.01.17-15.33.45:888][  0]LogTemp:Display: Loaded TP MacNoEditorTargetPlatform
[2018.01.17-15.33.45:984][  0]LogTemp:Display: Loaded TP MacServerTargetPlatform
[2018.01.17-15.33.46:083][  0]LogTemp:Display: Loaded TP MacTargetPlatform
[2018.01.17-15.33.46:179][  0]LogTemp:Display: Loaded TP WindowsClientTargetPlatform
[2018.01.17-15.33.46:276][  0]LogTemp:Display: Loaded TP WindowsNoEditorTargetPlatform
[2018.01.17-15.33.46:372][  0]LogTemp:Display: Loaded TP WindowsServerTargetPlatform
[2018.01.17-15.33.46:454][  0]LogTemp:Display: Loaded TP WindowsTargetPlatform
[2018.01.17-15.33.46:548][  0]LogTemp:Display: Loaded TP AndroidTargetPlatform
[2018.01.17-15.33.46:640][  0]LogTemp:Display: Loaded TP Android_ASTCTargetPlatform
[2018.01.17-15.33.46:732][  0]LogTemp:Display: Loaded TP Android_ATCTargetPlatform
[2018.01.17-15.33.46:824][  0]LogTemp:Display: Loaded TP Android_DXTTargetPlatform
[2018.01.17-15.33.46:917][  0]LogTemp:Display: Loaded TP Android_ETC1TargetPlatform
[2018.01.17-15.33.47:009][  0]LogTemp:Display: Loaded TP Android_ETC2TargetPlatform
[2018.01.17-15.33.47:195][  0]LogTemp:Display: Loaded TP Android_MultiTargetPlatform
[2018.01.17-15.33.47:195][  0]LogTemp:Display: Loaded TP Android_PVRTCTargetPlatform
[2018.01.17-15.33.47:266][  0]LogTemp:Display: Loaded TP HTML5TargetPlatform
[2018.01.17-15.33.47:420][  0]LogTemp:Display: Loaded TP IOSTargetPlatform
[2018.01.17-15.33.47:474][  0]LogTemp:Display: Loaded TP TVOSTargetPlatform
[2018.01.17-15.33.47:567][  0]LogTemp:Display: Loaded TP LinuxClientTargetPlatform
[2018.01.17-15.33.47:660][  0]LogTemp:Display: Loaded TP LinuxNoEditorTargetPlatform
[2018.01.17-15.33.47:752][  0]LogTemp:Display: Loaded TP LinuxServerTargetPlatform
[2018.01.17-15.33.47:846][  0]LogTemp:Display: Loaded TP LinuxTargetPlatform
[2018.01.17-15.33.47:846][  0]LogTargetPlatformManager:Display: Building Assets For Windows
[2018.01.17-15.33.48:761][  0]LogDerivedDataCache:Display: Max Cache Size: 512 MB
[2018.01.17-15.33.48:942][  0]LogDerivedDataCache: Loaded boot cache 0.18s 100MB C:/Users/Robert/AppData/Local/UnrealEngine/4.16/DerivedDataCache/Boot.ddc.
[2018.01.17-15.33.48:942][  0]LogDerivedDataCache:Display: Loaded Boot cache: C:/Users/Robert/AppData/Local/UnrealEngine/4.16/DerivedDataCache/Boot.ddc
[2018.01.17-15.33.48:943][  0]LogDerivedDataCache: FDerivedDataBackendGraph:  Pak pak cache file I:/Projekt/PGK/DerivedDataCache/DDC.ddp not found, will not use a pak cache.
[2018.01.17-15.33.48:943][  0]LogDerivedDataCache: Unable to find inner node Pak for hierarchical cache Hierarchy.
[2018.01.17-15.33.48:943][  0]LogDerivedDataCache: FDerivedDataBackendGraph:  CompressedPak pak cache file I:/Projekt/PGK/DerivedDataCache/Compressed.ddp not found, will not use a pak cache.
[2018.01.17-15.33.48:943][  0]LogDerivedDataCache: Unable to find inner node CompressedPak for hierarchical cache Hierarchy.
[2018.01.17-15.33.48:978][  0]LogDerivedDataCache:Display: Pak cache opened for reading ../../../Engine/DerivedDataCache/Compressed.ddp.
[2018.01.17-15.33.48:993][  0]LogDerivedDataCache: Using Local data cache path C:/Users/Robert/AppData/Local/UnrealEngine/Common/DerivedDataCache: Writable
[2018.01.17-15.33.49:015][  0]LogMaterial: Verifying Global Shaders for PCD3D_SM5
[2018.01.17-15.33.49:015][  0]LogSlate: Using Freetype 2.6.0
[2018.01.17-15.33.49:016][  0]LogSlate: SlateFontCache - WITH_FREETYPE: 1, WITH_HARFBUZZ: 1
[2018.01.17-15.33.49:017][  0]LogSlate: SlateFontCache - WITH_FREETYPE: 1, WITH_HARFBUZZ: 1
[2018.01.17-15.33.49:717][  0]LogInit: Selected Device Profile: [Windows]
[2018.01.17-15.33.49:856][  0]LogContentStreaming: Texture pool size is 0.00 MB
[2018.01.17-15.33.50:172][  0]LogMeshUtilities: Using QuadricMeshReduction for automatic static mesh reduction
[2018.01.17-15.33.50:256][  0]LogSimplygon: Simplygon DLL not present - disabling.
[2018.01.17-15.33.50:354][  0]LogMeshUtilities: Using SimplygonSwarm for distributed automatic mesh merging
[2018.01.17-15.33.50:354][  0]LogMeshUtilities: No automatic skeletal mesh reduction module available
[2018.01.17-15.33.50:354][  0]LogMeshUtilities: No automatic mesh merging module available
[2018.01.17-15.33.52:211][  0]LogNetVersion: PGK , NetCL: 3452394, EngineNetVer: 2, GameNetVer: 0 (Checksum: 3392332418)
[2018.01.17-15.33.52:366][  0]LogAssetRegistry: FAssetRegistry took 0.0383 seconds to start up
[2018.01.17-15.33.52:470][  0]LogPackageLocalizationCache: Processed 4 localized package path(s) for 1 prioritized culture(s) in 0.039481 seconds
[2018.01.17-15.33.52:482][  0]LogUObjectArray: 34194 objects as part of root set at end of initial load.
[2018.01.17-15.33.52:482][  0]LogUObjectAllocator: 7260416 out of 0 bytes used by permanent object pool.
[2018.01.17-15.33.52:482][  0]LogUObjectArray: CloseDisregardForGC: 0/0 objects in disregard for GC pool
[2018.01.17-15.33.52:596][  0]LogInit: WinSock: version 1.1 (2.2), MaxSocks=32767, MaxUdp=65467
[2018.01.17-15.33.58:605][  0]LogTcpMessaging: Initializing TcpMessaging bridge
[2018.01.17-15.33.58:715][  0]LogUdpMessaging: Initializing bridge on interface 0.0.0.0:0 to multicast group 230.0.0.1:6666.
[2018.01.17-15.34.00:355][  0]LogMaterial: Uniform references updated for custom material expression Custom.
[2018.01.17-15.34.01:631][  0]SourceControl: Info Source control is disabled
[2018.01.17-15.34.01:636][  0]SourceControl: Info Source control is disabled
[2018.01.17-15.34.01:788][  0]SourceControl: Info Source control is disabled
[2018.01.17-15.34.01:946][  0]SourceControl: Info Source control is disabled
[2018.01.17-15.34.03:462][  0]LogAndroidPermission: UAndroidPermissionCallbackProxy::GetInstance
[2018.01.17-15.34.04:622][  0]LogEngine: Initializing Engine...
[2018.01.17-15.34.04:625][  0]LogHMD: Failed to initialize OpenVR with code 110
[2018.01.17-15.34.04:996][  0]LogStats: UGameplayTagsManager::ConstructGameplayTagTree: Construct from data asset -  0.000 s
[2018.01.17-15.34.04:996][  0]LogStats: UGameplayTagsManager::ConstructGameplayTagTree: GameplayTagTreeChangedEvent.Broadcast -  0.000 s
[2018.01.17-15.34.05:242][  0]LogAIModule: Creating AISystem for world Untitled
[2018.01.17-15.34.05:262][  0]LogInit: XAudio2 using 'Głośniki (Realtek High Definition Audio)' : 2 channels at 48 kHz using 32 bits per sample (channel mask 0x3)
[2018.01.17-15.34.05:392][  0]LogInit: FAudioDevice initialized.
[2018.01.17-15.34.05:498][  0]LogDerivedDataCache: Saved boot cache 0.10s 100MB C:/Users/Robert/AppData/Local/UnrealEngine/4.16/DerivedDataCache/Boot.ddc.
[2018.01.17-15.34.05:522][  0]LogInit: Texture streaming: Enabled
[2018.01.17-15.34.05:690][  0]LogEngineSessionManager: EngineSessionManager initialized
[2018.01.17-15.34.06:179][  0]LogInit: Transaction tracking system initialized
[2018.01.17-15.34.06:756][  0]BlueprintLog: New page: Editor Load
[2018.01.17-15.34.08:516][  0]LocalizationService: Info Localization service is disabled
[2018.01.17-15.34.09:816][  0]LogConsoleResponse:Display: 
[2018.01.17-15.34.10:695][  0]LogCook:Display: Max memory allowance for cook 16384mb min free memory 0mb
[2018.01.17-15.34.10:695][  0]LogCook:Display: Mobile HDR setting 1
[2018.01.17-15.34.11:753][  0]LogFileCache: Scanning file cache for directory 'I:/Projekt/PGK/Content/' took 0.18s
[2018.01.17-15.34.13:297][  0]SourceControl: Info Source control is disabled
[2018.01.17-15.34.13:298][  0]Cmd: MAP LOAD FILE="I:/Projekt/PGK/Content/FirstPersonBP/Maps/FirstPersonExampleMap.umap" TEMPLATE=0 SHOWPROGRESS=1 FEATURELEVEL=3
[2018.01.17-15.34.13:298][  0]LightingResults: New page: Lighting Build
[2018.01.17-15.34.13:383][  0]MapCheck: New page: Map Check
[2018.01.17-15.34.13:383][  0]LightingResults: New page: Lighting Build
[2018.01.17-15.34.17:870][  0]LogLinker:Warning: Can't find file '/Game/import/bed/Bed'
[2018.01.17-15.34.17:871][  0]LogLinker:Warning: Can't find file for asset '/Game/import/bed/Bed' while loading I:/Projekt/PGK/Content/import/bed/BunkFBX.uasset.
[2018.01.17-15.34.17:871][  0]LoadErrors:Error: Error /Game/import/bed/BunkFBX : Can't find file for asset. /Game/import/bed/Bed
[2018.01.17-15.34.17:871][  0]LogLinker:Warning: Can't find file '/Game/import/bed/Drawer'
[2018.01.17-15.34.17:871][  0]LogLinker:Warning: Can't find file for asset '/Game/import/bed/Drawer' while loading I:/Projekt/PGK/Content/import/bed/BunkFBX.uasset.
[2018.01.17-15.34.17:871][  0]LoadErrors:Error: Error /Game/import/bed/BunkFBX : Can't find file for asset. /Game/import/bed/Drawer
[2018.01.17-15.34.17:872][  0]LogLinker:Warning: Can't find file '/Game/import/bed/Main'
[2018.01.17-15.34.17:872][  0]LogLinker:Warning: Can't find file for asset '/Game/import/bed/Main' while loading I:/Projekt/PGK/Content/import/bed/BunkFBX.uasset.
[2018.01.17-15.34.17:872][  0]LoadErrors:Error: Error /Game/import/bed/BunkFBX : Can't find file for asset. /Game/import/bed/Main
[2018.01.17-15.34.17:872][  0]LogLinker:Warning: Can't find file '/Game/import/bed/Metal'
[2018.01.17-15.34.17:872][  0]LogLinker:Warning: Can't find file for asset '/Game/import/bed/Metal' while loading I:/Projekt/PGK/Content/import/bed/BunkFBX.uasset.
[2018.01.17-15.34.17:873][  0]LoadErrors:Error: Error /Game/import/bed/BunkFBX : Can't find file for asset. /Game/import/bed/Metal
[2018.01.17-15.34.17:873][  0]LogLinker:Warning: Can't find file '/Game/import/bed/Bed'
[2018.01.17-15.34.17:873][  0]LogLinker:Warning: Can't find file for asset '/Game/import/bed/Bed' while loading I:/Projekt/PGK/Content/import/bed/BunkFBX.uasset.
[2018.01.17-15.34.17:873][  0]LoadErrors:Error: Error /Game/import/bed/BunkFBX : Can't find file for asset. /Game/import/bed/Bed
[2018.01.17-15.34.17:873][  0]LogLinker:Warning: Can't find file '/Game/import/bed/Drawer'
[2018.01.17-15.34.17:873][  0]LogLinker:Warning: Can't find file for asset '/Game/import/bed/Drawer' while loading I:/Projekt/PGK/Content/import/bed/BunkFBX.uasset.
[2018.01.17-15.34.17:874][  0]LoadErrors:Error: Error /Game/import/bed/BunkFBX : Can't find file for asset. /Game/import/bed/Drawer
[2018.01.17-15.34.17:874][  0]LogLinker:Warning: Can't find file '/Game/import/bed/Main'
[2018.01.17-15.34.17:874][  0]LogLinker:Warning: Can't find file for asset '/Game/import/bed/Main' while loading I:/Projekt/PGK/Content/import/bed/BunkFBX.uasset.
[2018.01.17-15.34.17:874][  0]LoadErrors:Error: Error /Game/import/bed/BunkFBX : Can't find file for asset. /Game/import/bed/Main
[2018.01.17-15.34.17:874][  0]LogLinker:Warning: Can't find file '/Game/import/bed/Metal'
[2018.01.17-15.34.17:874][  0]LogLinker:Warning: Can't find file for asset '/Game/import/bed/Metal' while loading I:/Projekt/PGK/Content/import/bed/BunkFBX.uasset.
[2018.01.17-15.34.17:874][  0]LoadErrors:Error: Error /Game/import/bed/BunkFBX : Can't find file for asset. /Game/import/bed/Metal
[2018.01.17-15.34.18:365][  0]LogLinker:Warning: Can't find file '/Game/import/wardrobe/lambert2'
[2018.01.17-15.34.18:365][  0]LogLinker:Warning: Can't find file for asset '/Game/import/wardrobe/lambert2' while loading I:/Projekt/PGK/Content/import/wardrobe/wardrobe.uasset.
[2018.01.17-15.34.18:365][  0]LoadErrors:Error: Error /Game/import/wardrobe/wardrobe : Can't find file for asset. /Game/import/wardrobe/lambert2
[2018.01.17-15.34.18:366][  0]LogLinker:Warning: Can't find file '/Game/import/wardrobe/lambert2'
[2018.01.17-15.34.18:366][  0]LogLinker:Warning: Can't find file for asset '/Game/import/wardrobe/lambert2' while loading I:/Projekt/PGK/Content/import/wardrobe/wardrobe.uasset.
[2018.01.17-15.34.18:366][  0]LoadErrors:Error: Error /Game/import/wardrobe/wardrobe : Can't find file for asset. /Game/import/wardrobe/lambert2
[2018.01.17-15.34.18:405][  0]LogLinker:Warning: Can't find file '/Game/import/wardrobe/box'
[2018.01.17-15.34.18:405][  0]LogLinker:Warning: Can't find file for asset '/Game/import/wardrobe/box' while loading I:/Projekt/PGK/Content/import/wardrobe/wardrobe3.uasset.
[2018.01.17-15.34.18:405][  0]LoadErrors:Error: Error /Game/import/wardrobe/wardrobe3 : Can't find file for asset. /Game/import/wardrobe/box
[2018.01.17-15.34.18:405][  0]LogLinker:Warning: Can't find file '/Game/import/wardrobe/st_gold'
[2018.01.17-15.34.18:406][  0]LogLinker:Warning: Can't find file for asset '/Game/import/wardrobe/st_gold' while loading I:/Projekt/PGK/Content/import/wardrobe/wardrobe3.uasset.
[2018.01.17-15.34.18:406][  0]LoadErrors:Error: Error /Game/import/wardrobe/wardrobe3 : Can't find file for asset. /Game/import/wardrobe/st_gold
[2018.01.17-15.34.18:406][  0]LogLinker:Warning: Can't find file '/Game/import/wardrobe/box'
[2018.01.17-15.34.18:406][  0]LogLinker:Warning: Can't find file for asset '/Game/import/wardrobe/box' while loading I:/Projekt/PGK/Content/import/wardrobe/wardrobe3.uasset.
[2018.01.17-15.34.18:406][  0]LoadErrors:Error: Error /Game/import/wardrobe/wardrobe3 : Can't find file for asset. /Game/import/wardrobe/box
[2018.01.17-15.34.18:407][  0]LogLinker:Warning: Can't find file '/Game/import/wardrobe/st_gold'
[2018.01.17-15.34.18:407][  0]LogLinker:Warning: Can't find file for asset '/Game/import/wardrobe/st_gold' while loading I:/Projekt/PGK/Content/import/wardrobe/wardrobe3.uasset.
[2018.01.17-15.34.18:407][  0]LoadErrors:Error: Error /Game/import/wardrobe/wardrobe3 : Can't find file for asset. /Game/import/wardrobe/st_gold
[2018.01.17-15.34.18:407][  0]LogLinker:Warning: Can't find file '/Game/import/wardrobe/wardrobe3_PhysicsAsset'
[2018.01.17-15.34.18:407][  0]LogLinker:Warning: Can't find file for asset '/Game/import/wardrobe/wardrobe3_PhysicsAsset' while loading I:/Projekt/PGK/Content/import/wardrobe/wardrobe3.uasset.
[2018.01.17-15.34.18:407][  0]LoadErrors:Error: Error /Game/import/wardrobe/wardrobe3 : Can't find file for asset. /Game/import/wardrobe/wardrobe3_PhysicsAsset
[2018.01.17-15.34.18:408][  0]LogLinker:Warning: Can't find file '/Game/import/wardrobe/wardrobe3_Skeleton'
[2018.01.17-15.34.18:408][  0]LogLinker:Warning: Can't find file for asset '/Game/import/wardrobe/wardrobe3_Skeleton' while loading I:/Projekt/PGK/Content/import/wardrobe/wardrobe3.uasset.
[2018.01.17-15.34.18:408][  0]LoadErrors:Error: Error /Game/import/wardrobe/wardrobe3 : Can't find file for asset. /Game/import/wardrobe/wardrobe3_Skeleton
[2018.01.17-15.34.18:408][  0]LogLinker:Warning: Can't find file '/Game/import/wardrobe/wardrobe3_PhysicsAsset'
[2018.01.17-15.34.18:409][  0]LogLinker:Warning: Can't find file for asset '/Game/import/wardrobe/wardrobe3_PhysicsAsset' while loading I:/Projekt/PGK/Content/import/wardrobe/wardrobe3.uasset.
[2018.01.17-15.34.18:409][  0]LoadErrors:Error: Error /Game/import/wardrobe/wardrobe3 : Can't find file for asset. /Game/import/wardrobe/wardrobe3_PhysicsAsset
[2018.01.17-15.34.18:409][  0]LogLinker:Warning: Can't find file '/Game/import/wardrobe/wardrobe3_Skeleton'
[2018.01.17-15.34.18:409][  0]LogLinker:Warning: Can't find file for asset '/Game/import/wardrobe/wardrobe3_Skeleton' while loading I:/Projekt/PGK/Content/import/wardrobe/wardrobe3.uasset.
[2018.01.17-15.34.18:409][  0]LoadErrors:Error: Error /Game/import/wardrobe/wardrobe3 : Can't find file for asset. /Game/import/wardrobe/wardrobe3_Skeleton
[2018.01.17-15.34.18:431][  0]LogLinker:Warning: Can't find file '/Game/import/wardrobe/None'
[2018.01.17-15.34.18:431][  0]LogLinker:Warning: Can't find file for asset '/Game/import/wardrobe/None' while loading I:/Projekt/PGK/Content/import/wardrobe/wardrobe4.uasset.
[2018.01.17-15.34.18:431][  0]LoadErrors:Error: Error /Game/import/wardrobe/wardrobe4 : Can't find file for asset. /Game/import/wardrobe/None
[2018.01.17-15.34.18:432][  0]LogLinker:Warning: Can't find file '/Game/import/wardrobe/None'
[2018.01.17-15.34.18:432][  0]LogLinker:Warning: Can't find file for asset '/Game/import/wardrobe/None' while loading I:/Projekt/PGK/Content/import/wardrobe/wardrobe4.uasset.
[2018.01.17-15.34.18:432][  0]LoadErrors:Error: Error /Game/import/wardrobe/wardrobe4 : Can't find file for asset. /Game/import/wardrobe/None
[2018.01.17-15.34.20:655][  0]LogLinker:Warning: Can't find file '/Game/import/wardrobe/None'
[2018.01.17-15.34.20:655][  0]LoadErrors: Info Failed to load /Game/import/wardrobe/None.Material_0 Referenced by wardrobe4
[2018.01.17-15.34.20:655][  0]LogLinker:Warning: Can't find file for asset '/Game/import/wardrobe/None' while loading NULL.
[2018.01.17-15.34.20:656][  0]LoadErrors: Info Failed to load /Game/import/wardrobe/None.Material_0 Referenced by wardrobe4
[2018.01.17-15.34.20:839][  0]LogLinker:Warning: Can't find file '/Game/import/wardrobe/wardrobe3_Skeleton'
[2018.01.17-15.34.20:839][  0]LoadErrors: Info Failed to load /Game/import/wardrobe/wardrobe3_Skeleton.wardrobe3_Skeleton Referenced by wardrobe3
[2018.01.17-15.34.20:840][  0]LogLinker:Warning: Can't find file for asset '/Game/import/wardrobe/wardrobe3_Skeleton' while loading NULL.
[2018.01.17-15.34.20:840][  0]LoadErrors: Info Failed to load /Game/import/wardrobe/wardrobe3_Skeleton.wardrobe3_Skeleton Referenced by wardrobe3
[2018.01.17-15.34.20:840][  0]LogLinker:Warning: Can't find file '/Game/import/wardrobe/wardrobe3_PhysicsAsset'
[2018.01.17-15.34.20:840][  0]LoadErrors: Info Failed to load /Game/import/wardrobe/wardrobe3_PhysicsAsset.wardrobe3_PhysicsAsset Referenced by wardrobe3
[2018.01.17-15.34.20:841][  0]LogLinker:Warning: Can't find file for asset '/Game/import/wardrobe/wardrobe3_PhysicsAsset' while loading NULL.
[2018.01.17-15.34.20:841][  0]LoadErrors: Info Failed to load /Game/import/wardrobe/wardrobe3_PhysicsAsset.wardrobe3_PhysicsAsset Referenced by wardrobe3
[2018.01.17-15.34.20:907][  0]LogLinker:Warning: Can't find file '/Game/import/wardrobe/st_gold'
[2018.01.17-15.34.20:907][  0]LoadErrors: Info Failed to load /Game/import/wardrobe/st_gold.st_gold Referenced by wardrobe3
[2018.01.17-15.34.20:907][  0]LogLinker:Warning: Can't find file for asset '/Game/import/wardrobe/st_gold' while loading NULL.
[2018.01.17-15.34.20:908][  0]LoadErrors: Info Failed to load /Game/import/wardrobe/st_gold.st_gold Referenced by wardrobe3
[2018.01.17-15.34.20:908][  0]LogLinker:Warning: Can't find file '/Game/import/wardrobe/box'
[2018.01.17-15.34.20:908][  0]LoadErrors: Info Failed to load /Game/import/wardrobe/box.box Referenced by wardrobe3
[2018.01.17-15.34.20:908][  0]LogLinker:Warning: Can't find file for asset '/Game/import/wardrobe/box' while loading NULL.
[2018.01.17-15.34.20:908][  0]LoadErrors: Info Failed to load /Game/import/wardrobe/box.box Referenced by wardrobe3
[2018.01.17-15.34.21:708][  0]LogLinker:Warning: Can't find file '/Game/import/wardrobe/lambert2'
[2018.01.17-15.34.21:708][  0]LoadErrors: Info Failed to load /Game/import/wardrobe/lambert2.lambert2 Referenced by wardrobe
[2018.01.17-15.34.21:708][  0]LogLinker:Warning: Can't find file for asset '/Game/import/wardrobe/lambert2' while loading NULL.
[2018.01.17-15.34.21:709][  0]LoadErrors: Info Failed to load /Game/import/wardrobe/lambert2.lambert2 Referenced by wardrobe
[2018.01.17-15.34.25:309][  0]LogLinker:Warning: Can't find file '/Game/import/bed/Main'
[2018.01.17-15.34.25:309][  0]LoadErrors: Info Failed to load /Game/import/bed/Main.Main Referenced by BunkFBX
[2018.01.17-15.34.25:310][  0]LogLinker:Warning: Can't find file for asset '/Game/import/bed/Main' while loading NULL.
[2018.01.17-15.34.25:310][  0]LoadErrors: Info Failed to load /Game/import/bed/Main.Main Referenced by BunkFBX
[2018.01.17-15.34.25:310][  0]LogLinker:Warning: Can't find file '/Game/import/bed/Bed'
[2018.01.17-15.34.25:311][  0]LoadErrors: Info Failed to load /Game/import/bed/Bed.Bed Referenced by BunkFBX
[2018.01.17-15.34.25:311][  0]LogLinker:Warning: Can't find file for asset '/Game/import/bed/Bed' while loading NULL.
[2018.01.17-15.34.25:311][  0]LoadErrors: Info Failed to load /Game/import/bed/Bed.Bed Referenced by BunkFBX
[2018.01.17-15.34.25:311][  0]LogLinker:Warning: Can't find file '/Game/import/bed/Drawer'
[2018.01.17-15.34.25:312][  0]LoadErrors: Info Failed to load /Game/import/bed/Drawer.Drawer Referenced by BunkFBX
[2018.01.17-15.34.25:312][  0]LogLinker:Warning: Can't find file for asset '/Game/import/bed/Drawer' while loading NULL.
[2018.01.17-15.34.25:312][  0]LoadErrors: Info Failed to load /Game/import/bed/Drawer.Drawer Referenced by BunkFBX
[2018.01.17-15.34.25:313][  0]LogLinker:Warning: Can't find file '/Game/import/bed/Metal'
[2018.01.17-15.34.25:313][  0]LoadErrors: Info Failed to load /Game/import/bed/Metal.Metal Referenced by BunkFBX
[2018.01.17-15.34.25:313][  0]LogLinker:Warning: Can't find file for asset '/Game/import/bed/Metal' while loading NULL.
[2018.01.17-15.34.25:313][  0]LoadErrors: Info Failed to load /Game/import/bed/Metal.Metal Referenced by BunkFBX
[2018.01.17-15.34.33:187][  0]LogMaterial: Missing cached shader map for material st_tile, compiling. 
[2018.01.17-15.34.33:248][  0]LogMaterial:Warning: Failed to compile Material /Game/import/kibel/st_tile.st_tile for platform PCD3D_SM5, Default Material will be used in game.
[2018.01.17-15.34.33:248][  0]LogMaterial:Warning: 	(Node TextureSample) TextureSample> Sampler type is Normal, should be Color for /Game/import/kibel/Dirt_map.Dirt_map
[2018.01.17-15.34.38:074][  0]LogAIModule: Creating AISystem for world FirstPersonExampleMap
[2018.01.17-15.34.40:624][  0]LogEditorServer: Finished looking for orphan Actors (0.000 secs)
[2018.01.17-15.34.40:816][  0]Cmd: MAP CHECKDEP NOCLEARLOG
[2018.01.17-15.34.41:100][  0]MapCheck: Info Map check complete: 0 Error(s), 0 Warning(s), took 284.331ms to complete.
[2018.01.17-15.34.41:101][  0]LogFileHelpers: Loading map 'FirstPersonExampleMap' took 27.803
[2018.01.17-15.34.42:473][  0]LogCollectionManager: Loaded 0 collections in 0.008356 seconds
[2018.01.17-15.34.42:774][  0]LogFileCache: Scanning file cache for directory 'I:/Projekt/PGK/Saved/Collections/' took 0.01s
[2018.01.17-15.34.42:774][  0]LogFileCache: Scanning file cache for directory 'I:/Projekt/PGK/Content/Developers/Robert/Collections/' took 0.01s
[2018.01.17-15.34.42:774][  0]LogFileCache: Scanning file cache for directory 'I:/Projekt/PGK/Content/Collections/' took 0.01s
[2018.01.17-15.34.42:774][  0]LogCollectionManager: Rebuilt the GUID cache for 0 collections in 0.000007 seconds
[2018.01.17-15.34.42:813][  0]LogContentBrowser: Native class hierarchy populated in 0.0372 seconds. Added 2329 classes and 491 folders.
[2018.01.17-15.34.43:031][  0]LogContentBrowser: Native class hierarchy updated for 'WidgetCarousel' in 0.0018 seconds. Added 0 classes and 0 folders.
[2018.01.17-15.34.44:130][  0]LogContentBrowser: Native class hierarchy updated for 'AddContentDialog' in 0.0020 seconds. Added 0 classes and 0 folders.
[2018.01.17-15.34.44:347][  0]LogContentBrowser: Native class hierarchy updated for 'SceneOutliner' in 0.0019 seconds. Added 1 classes and 2 folders.
[2018.01.17-15.34.45:051][  0]LogCrashTracker: Crashtracker disabled due to settings.
[2018.01.17-15.34.45:085][  0]LogSlate: Took 0.000752 seconds to synchronously load lazily loaded font '../../../Engine/Content/Slate/Fonts/Roboto-Regular.ttf' (155K)
[2018.01.17-15.34.45:092][  0]LogSlate: Took 0.000816 seconds to synchronously load lazily loaded font '../../../Engine/Content/Slate/Fonts/Roboto-Bold.ttf' (160K)
[2018.01.17-15.34.45:243][  0]LogSlate: Took 0.010715 seconds to synchronously load lazily loaded font '../../../Engine/Content/Editor/Slate/Fonts/FontAwesome.ttf' (139K)
[2018.01.17-15.34.46:315][  0]LogRenderer: Reallocating scene render targets to support 1180x600 NumSamples 1 (Frame:1).
[2018.01.17-15.34.48:712][  0]LogUObjectGlobals:Warning: Failed to find object 'Class None.'
[2018.01.17-15.34.48:880][  0]LogContentBrowser: Native class hierarchy updated for 'HierarchicalLODOutliner' in 0.0022 seconds. Added 1 classes and 2 folders.
[2018.01.17-15.34.48:880][  0]LogLoad: (Engine Initialization) Total time: 76.35 seconds
[2018.01.17-15.34.48:880][  0]LogLoad: (Engine Initialization) Total Blueprint compile time: 0.86 seconds
[2018.01.17-15.34.48:880][  0]LogExternalProfiler: No external profilers were discovered.  External profiling features will not be available.
[2018.01.17-15.34.48:923][  0]LogOcInput: OculusInput pre-init called
[2018.01.17-15.34.48:923][  0]LogHMD: Starting GearVRController plugin
[2018.01.17-15.34.49:516][  0]LogContentStreaming: Texture pool size now 1000 MB
[2018.01.17-15.34.50:417][  0]LogSlate: Took 0.012567 seconds to synchronously load lazily loaded font '../../../Engine/Content/Slate/Fonts/Roboto-Light.ttf' (159K)
[2018.01.17-15.34.50:565][  1]LogFileCache: Retrieving MD5 hashes for directory 'I:/Projekt/PGK/Content/' took 1.61s
[2018.01.17-15.34.51:797][  5]LogAssetRegistry: Asset discovery search completed in 59.4553 seconds
[2018.01.17-15.34.51:949][  5]LogCollectionManager: Rebuilt the object cache for 0 collections in 0.000004 seconds (found 0 objects)
[2018.01.17-15.34.51:949][  5]LogCollectionManager: Fixed up redirectors for 0 collections in 0.000084 seconds (updated 0 objects)
[2018.01.17-15.37.40:296][872]LogEditorViewport: Clicking on Actor (LMB): StaticMeshActor (Plane16)
[2018.01.17-15.37.42:217][875]LogEditorViewport: Clicking on Actor (LMB): StaticMeshActor (Plane16)
[2018.01.17-15.37.50:684][ 55]LogSlate: Took 0.054245 seconds to synchronously load lazily loaded font '../../../Engine/Content/Editor/Slate/Fonts/Roboto-Italic.ttf' (157K)
[2018.01.17-15.38.27:578][929]LogActorFactory: Actor Factory created Plane
[2018.01.17-15.38.28:668][946]LogActorFactory: Actor Factory created Plane
[2018.01.17-15.38.42:658][274]LogEditorViewport: Clicking on Actor (LMB): StaticMeshActor (Plane17)
[2018.01.17-15.38.46:059][355]LogEditorViewport: Clicking on Actor (LMB): StaticMeshActor (Plane16)
[2018.01.17-15.38.51:699][502]LogEditorViewport: Clicking on Actor (LMB): StaticMeshActor (Wall_Door_400x306)
[2018.01.17-15.38.54:131][553]LogEditorViewport: Clicking on Actor (LMB): StaticMeshActor (Plane17)
[2018.01.17-15.40.33:008][721]Cmd: DELETE
[2018.01.17-15.40.33:008][721]Cmd: ACTOR DELETE
[2018.01.17-15.40.33:150][721]LogEditorActor: Deleted Actor: StaticMeshActor
[2018.01.17-15.40.33:211][721]LogEditorActor: Deleted 1 Actors (0.077 secs)
[2018.01.17-15.40.34:977][764]LogEditorViewport: Clicking on Actor (LMB): StaticMeshActor (Plane16)
[2018.01.17-15.45.38:113][669]LogEditorViewport: Clicking on Actor (LMB): StaticMeshActor (Cube22)
[2018.01.17-15.45.46:068][850]LogEditorViewport: Clicking on Actor (LMB): StaticMeshActor (Cube5)
[2018.01.17-15.45.49:541][926]LogEditorViewport: Clicking on Actor (LMB): StaticMeshActor (Plane16)
[2018.01.17-15.47.02:574][650]LogSlate: Took 0.000280 seconds to synchronously load lazily loaded font '../../../Engine/Content/Slate/Fonts/Roboto-Light.ttf' (159K)
[2018.01.17-15.47.02:711][650]LogMaterial: Missing cached shader map for material blood10_Mat, compiling. 
[2018.01.17-15.47.03:718][650]LogMaterial: Missing cached shader map for material blood10_Mat, compiling. 
[2018.01.17-15.47.03:858][650]LogMaterial: Missing cached shader map for material blood10_Mat, compiling. 
[2018.01.17-15.47.03:936][650]LogMaterial: Missing cached shader map for material FMatExpressionPreview MaterialExpressionTextureSample_0, compiling. 
[2018.01.17-15.47.04:011][650]LogSlate: Took 0.033501 seconds to synchronously load lazily loaded font '../../../Engine/Content/Editor/Slate/Fonts/Roboto-BoldCondensed.ttf' (158K)
[2018.01.17-15.47.04:969][654]LogD3D11RHI:Error: Direct3DDevice->CreateTexture2D(TextureDesc,SubResourceData,OutTexture2D) failed 
 at D:\Build\++UE4+Release-4.16+Compile\Sync\Engine\Source\Runtime\Windows\D3D11RHI\Private\D3D11Texture.cpp:441 
 with error E_OUTOFMEMORY, 
 Size=1024x1024x6 Format=(0x00000035), NumMips=1, Flags=D3D11_BIND_DEPTH_STENCIL D3D11_BIND_SHADER_RESOURCE 
[2018.01.17-15.47.06:221][654]LogWindows: Windows GetLastError: Operacja ukończona pomyślnie. (0)
[2018.01.17-15.47.10:348][654]LogConsoleResponse:    104 = 24576 KB (2D 6144x2048 PF_ShadowDepth) WholeSceneShadowmap
[2018.01.17-15.47.10:348][654]LogConsoleResponse:     72 = 24576 KB (2D 6144x2048 PF_ShadowDepth) WholeSceneShadowmap
[2018.01.17-15.47.10:348][654]LogConsoleResponse:     47 = 24576 KB (2D 6144x2048 PF_ShadowDepth) WholeSceneShadowmap
[2018.01.17-15.47.10:348][654]LogConsoleResponse:     57 = 12288 KB (Cube 1024 PF_ShadowDepth) CubeShadowDepthZ
[2018.01.17-15.47.10:348][654]LogConsoleResponse:     63 = 12288 KB (Cube 1024 PF_ShadowDepth) CubeShadowDepthZ
[2018.01.17-15.47.10:348][654]LogConsoleResponse:    111 = 12288 KB (Cube 1024 PF_ShadowDepth) CubeShadowDepthZ
[2018.01.17-15.47.10:348][654]LogConsoleResponse:    110 = 12288 KB (Cube 1024 PF_ShadowDepth) CubeShadowDepthZ
[2018.01.17-15.47.10:348][654]LogConsoleResponse:     56 = 12288 KB (Cube 1024 PF_ShadowDepth) CubeShadowDepthZ
[2018.01.17-15.47.10:348][654]LogConsoleResponse:     58 = 12288 KB (Cube 1024 PF_ShadowDepth) CubeShadowDepthZ
[2018.01.17-15.47.10:348][654]LogConsoleResponse:     46 = 12288 KB (Cube 1024 PF_ShadowDepth) CubeShadowDepthZ
[2018.01.17-15.47.10:348][654]LogConsoleResponse:     51 = 12288 KB (Cube 1024 PF_ShadowDepth) CubeShadowDepthZ
[2018.01.17-15.47.10:348][654]LogConsoleResponse:     52 = 12288 KB (Cube 1024 PF_ShadowDepth) CubeShadowDepthZ
[2018.01.17-15.47.10:348][654]LogConsoleResponse:     31 = 12288 KB (Cube 1024 PF_ShadowDepth) CubeShadowDepthZ
[2018.01.17-15.47.10:348][654]LogConsoleResponse:     49 = 12288 KB (Cube 1024 PF_ShadowDepth) CubeShadowDepthZ
[2018.01.17-15.47.10:348][654]LogConsoleResponse:     53 = 12288 KB (Cube 1024 PF_ShadowDepth) CubeShadowDepthZ
[2018.01.17-15.47.10:348][654]LogConsoleResponse:     55 = 12288 KB (Cube 1024 PF_ShadowDepth) CubeShadowDepthZ
[2018.01.17-15.47.10:348][654]LogConsoleResponse:     54 = 12288 KB (Cube 1024 PF_ShadowDepth) CubeShadowDepthZ
[2018.01.17-15.47.10:348][654]LogConsoleResponse:     70 = 8192 KB (3D 256x128x32 PF_FloatRGBA RT) AtmosphereDeltaJ
[2018.01.17-15.47.10:348][654]LogConsoleResponse:     69 = 8192 KB (3D 256x128x32 PF_FloatRGBA RT) AtmosphereDeltaSM
[2018.01.17-15.47.10:348][654]LogConsoleResponse:     68 = 8192 KB (3D 256x128x32 PF_FloatRGBA RT) AtmosphereDeltaSR
[2018.01.17-15.47.10:348][654]LogConsoleResponse:     67 = 8192 KB (3D 256x128x32 PF_FloatRGBA RT) AtmosphereInscatter
[2018.01.17-15.47.10:348][654]LogConsoleResponse:    107 = 5532 KB (2D 1180x600 PF_B8G8R8A8 RT 4xMSAA) EditorPrimitivesColor unused(1)
[2018.01.17-15.47.10:348][654]LogConsoleResponse:    108 = 5532 KB (2D 1180x600 PF_DepthStencil 4xMSAA) EditorPrimitivesDepth unused(1)
[2018.01.17-15.47.10:348][654]LogConsoleResponse:     59 = 5532 KB (2D 1180x600 PF_FloatRGBA RT UAV VRam) SceneColor unused(1290) VRamInKB(Start/Size):<NONE>
[2018.01.17-15.47.10:348][654]LogConsoleResponse:     44 = 5532 KB (2D 1180x600 PF_FloatRGBA RT UAV VRam) SceneColor unused(2) VRamInKB(Start/Size):<NONE>
[2018.01.17-15.47.10:348][654]LogConsoleResponse:     83 = 5532 KB (2D 1180x600 PF_FloatRGBA RT UAV VRam) SceneColor VRamInKB(Start/Size):<NONE>
[2018.01.17-15.47.10:348][654]LogConsoleResponse:     25 = 5532 KB (2D 1180x600 PF_FloatRGBA RT UAV) LightAccumulation
[2018.01.17-15.47.10:348][654]LogConsoleResponse:     74 = 5532 KB (2D 1180x600 PF_FloatRGBA RT VRam) BokehDOFRecombine unused(1290) VRamInKB(Start/Size):<NONE>
[2018.01.17-15.47.10:348][654]LogConsoleResponse:     73 = 5532 KB (2D 1180x600 PF_FloatRGBA RT VRam) BokehDOFRecombine VRamInKB(Start/Size):<NONE>
[2018.01.17-15.47.10:348][654]LogConsoleResponse:     27 = 5532 KB (2D 1180x600 PF_FloatRGBA RT VRam) SeparateTranslucency VRamInKB(Start/Size):<NONE>
[2018.01.17-15.47.10:348][654]LogConsoleResponse:     75 = 5532 KB (2D 1180x600 PF_FloatRGBA RT VRam) TemporalAA VRamInKB(Start/Size):<NONE>
[2018.01.17-15.47.10:348][654]LogConsoleResponse:     93 = 5532 KB (2D 1180x600 PF_FloatRGBA RT VRam) TemporalAA VRamInKB(Start/Size):<NONE>
[2018.01.17-15.47.10:348][654]LogConsoleResponse:     89 = 5532 KB (2D 1180x600 PF_FloatRGBA RT) ScreenSpaceReflections unused(1290)
[2018.01.17-15.47.10:348][654]LogConsoleResponse:     91 = 3072 KB (Cube 512 PF_ShadowDepth) CubeShadowDepthZ
[2018.01.17-15.47.10:348][654]LogConsoleResponse:     99 = 3072 KB (Cube 512 PF_ShadowDepth) CubeShadowDepthZ
[2018.01.17-15.47.10:348][654]LogConsoleResponse:     82 = 3072 KB (Cube 512 PF_ShadowDepth) CubeShadowDepthZ
[2018.01.17-15.47.10:348][654]LogConsoleResponse:     97 = 3072 KB (Cube 512 PF_ShadowDepth) CubeShadowDepthZ
[2018.01.17-15.47.10:348][654]LogConsoleResponse:    100 = 3072 KB (Cube 512 PF_ShadowDepth) CubeShadowDepthZ
[2018.01.17-15.47.10:348][654]LogConsoleResponse:    103 = 3072 KB (Cube 512 PF_ShadowDepth) CubeShadowDepthZ
[2018.01.17-15.47.10:348][654]LogConsoleResponse:    102 = 3072 KB (Cube 512 PF_ShadowDepth) CubeShadowDepthZ
[2018.01.17-15.47.10:348][654]LogConsoleResponse:    101 = 3072 KB (Cube 512 PF_ShadowDepth) CubeShadowDepthZ
[2018.01.17-15.47.10:348][654]LogConsoleResponse:     71 = 3072 KB (Cube 512 PF_ShadowDepth) CubeShadowDepthZ
[2018.01.17-15.47.10:348][654]LogConsoleResponse:     98 = 3072 KB (Cube 512 PF_ShadowDepth) CubeShadowDepthZ
[2018.01.17-15.47.10:348][654]LogConsoleResponse:     79 = 2766 KB (2D 1180x600 PF_A2B10G10R10 RT) GBufferA
[2018.01.17-15.47.10:348][654]LogConsoleResponse:     81 = 2766 KB (2D 1180x600 PF_B8G8R8A8 RT sRGB VRam) GBufferC VRamInKB(Start/Size):<NONE>
[2018.01.17-15.47.10:348][654]LogConsoleResponse:     80 = 2766 KB (2D 1180x600 PF_B8G8R8A8 RT VRam) Distortion unused(1290) VRamInKB(Start/Size):<NONE>
[2018.01.17-15.47.10:348][654]LogConsoleResponse:     88 = 2766 KB (2D 1180x600 PF_B8G8R8A8 RT VRam) LightAttenuation VRamInKB(Start/Size):<NONE>
[2018.01.17-15.47.10:348][654]LogConsoleResponse:     48 = 2766 KB (2D 1180x600 PF_B8G8R8A8 RT) GBufferB
[2018.01.17-15.47.10:348][654]LogConsoleResponse:     60 = 2766 KB (2D 1180x600 PF_B8G8R8A8 RT) GBufferD
[2018.01.17-15.47.10:348][654]LogConsoleResponse:     16 = 2766 KB (2D 1180x600 PF_DepthStencil VRam) SceneDepthZ VRamInKB(Start/Size):<NONE>
[2018.01.17-15.47.10:348][654]LogConsoleResponse:     90 = 2766 KB (2D 1180x600 PF_DepthStencil) SeparateTranslucencyDepth
[2018.01.17-15.47.10:348][654]LogConsoleResponse:     85 = 2766 KB (2D 1180x600 PF_G16R16 RT) Velocity unused(1290)
[2018.01.17-15.47.10:348][654]LogConsoleResponse:     19 = 2048 KB (3D 64x64x64 PF_FloatRGBA RT UAV) TranslucentVolume0
[2018.01.17-15.47.10:348][654]LogConsoleResponse:     21 = 2048 KB (3D 64x64x64 PF_FloatRGBA RT UAV) TranslucentVolume1
[2018.01.17-15.47.10:348][654]LogConsoleResponse:     23 = 2048 KB (3D 64x64x64 PF_FloatRGBA RT UAV) TranslucentVolume2
[2018.01.17-15.47.10:348][654]LogConsoleResponse:     20 = 2048 KB (3D 64x64x64 PF_FloatRGBA RT UAV) TranslucentVolumeDir0
[2018.01.17-15.47.10:348][654]LogConsoleResponse:     22 = 2048 KB (3D 64x64x64 PF_FloatRGBA RT UAV) TranslucentVolumeDir1
[2018.01.17-15.47.10:348][654]LogConsoleResponse:     24 = 2048 KB (3D 64x64x64 PF_FloatRGBA RT UAV) TranslucentVolumeDir2
[2018.01.17-15.47.10:348][654]LogConsoleResponse:     32 = 2048 KB (Cube[2] 128 PF_FloatRGBA) ReflectionEnvs
[2018.01.17-15.47.10:348][654]LogConsoleResponse:     26 = 1383 KB (2D 1180x300 PF_R32_UINT RT UAV) QuadOverdrawBuffer
[2018.01.17-15.47.10:348][654]LogConsoleResponse:     17 = 1383 KB (2D 590x300 PF_DepthStencil) SmallDepthZ
[2018.01.17-15.47.10:348][654]LogConsoleResponse:     86 = 1383 KB (2D 590x300 PF_FloatRGBA RT VRam) AmbientOcclusionSetup unused(1290) VRamInKB(Start/Size):<NONE>
[2018.01.17-15.47.10:348][654]LogConsoleResponse:     84 = 1366 KB (2D 1024x512 PF_R16F RT) HZB unused(1290)
[2018.01.17-15.47.10:348][654]LogConsoleResponse:     35 = 1024 KB (Cube 128 PF_FloatRGBA RT) ReflectionColorScratchCubemap0
[2018.01.17-15.47.10:348][654]LogConsoleResponse:     61 = 1024 KB (Cube 128 PF_FloatRGBA RT) ReflectionColorScratchCubemap1
[2018.01.17-15.47.10:348][654]LogConsoleResponse:     18 = 692 KB (2D 1180x600 PF_G8 RT UAV) ScreenSpaceAO
[2018.01.17-15.47.10:348][654]LogConsoleResponse:     87 = 692 KB (2D 590x300 PF_B8G8R8A8 RT VRam) AmbientOcclusion unused(1290) VRamInKB(Start/Size):<NONE>
[2018.01.17-15.47.10:348][654]LogConsoleResponse:     94 = 692 KB (2D 590x300 PF_FloatRGB RT VRam) BloomBlurX unused(1290) VRamInKB(Start/Size):<NONE>
[2018.01.17-15.47.10:348][654]LogConsoleResponse:     45 = 692 KB (2D 590x300 PF_FloatRGB RT VRam) BloomBlurX VRamInKB(Start/Size):<NONE>
[2018.01.17-15.47.10:348][654]LogConsoleResponse:     29 = 692 KB (2D 590x300 PF_FloatRGB RT VRam) BloomBlurY VRamInKB(Start/Size):<NONE>
[2018.01.17-15.47.10:348][654]LogConsoleResponse:      4 = 256 KB (2D 256x256 PF_B8G8R8A8) HZBResultsCPU
[2018.01.17-15.47.10:348][654]LogConsoleResponse:      3 = 256 KB (2D 256x256 PF_B8G8R8A8) HZBResultsCPU
[2018.01.17-15.47.10:348][654]LogConsoleResponse:    105 = 256 KB (2D 256x256 PF_B8G8R8A8) HZBResultsCPU
[2018.01.17-15.47.10:348][654]LogConsoleResponse:      2 = 256 KB (2D 256x256 PF_B8G8R8A8) HZBResultsCPU
[2018.01.17-15.47.10:349][654]LogConsoleResponse:      1 = 256 KB (2D 256x256 PF_B8G8R8A8) HZBResultsCPU
[2018.01.17-15.47.10:349][654]LogConsoleResponse:     95 = 173 KB (2D 295x150 PF_FloatRGB RT VRam) BloomBlurX unused(1290) VRamInKB(Start/Size):<NONE>
[2018.01.17-15.47.10:349][654]LogConsoleResponse:     43 = 173 KB (2D 295x150 PF_FloatRGB RT VRam) BloomBlurX VRamInKB(Start/Size):<NONE>
[2018.01.17-15.47.10:349][654]LogConsoleResponse:     30 = 173 KB (2D 295x150 PF_FloatRGB RT VRam) BloomBlurY VRamInKB(Start/Size):<NONE>
[2018.01.17-15.47.10:349][654]LogConsoleResponse:     64 = 128 KB (2D 256x64 PF_FloatRGBA RT) AtmosphereTransmittance
[2018.01.17-15.47.10:349][654]LogConsoleResponse:    109 = 128 KB (3D 32x32x32 PF_A2B10G10R10 RT) CombineLUTs
[2018.01.17-15.47.10:349][654]LogConsoleResponse:     28 = 128 KB (3D 32x32x32 PF_A2B10G10R10 RT) CombineLUTs
[2018.01.17-15.47.10:349][654]LogConsoleResponse:     76 = 128 KB (3D 32x32x32 PF_A2B10G10R10 RT) CombineLUTs
[2018.01.17-15.47.10:349][654]LogConsoleResponse:     10 = 64 KB (2D 128x128 PF_B8G8R8A8) PerlinNoiseGradient
[2018.01.17-15.47.10:349][654]LogConsoleResponse:     62 = 64 KB (Cube 32 PF_FloatRGBA RT) DiffuseIrradianceScratchCubemap0
[2018.01.17-15.47.10:349][654]LogConsoleResponse:     37 = 64 KB (Cube 32 PF_FloatRGBA RT) DiffuseIrradianceScratchCubemap1
[2018.01.17-15.47.10:349][654]LogConsoleResponse:     96 = 44 KB (2D 148x75 PF_FloatRGB RT VRam) BloomBlurX unused(1290) VRamInKB(Start/Size):<NONE>
[2018.01.17-15.47.10:349][654]LogConsoleResponse:     42 = 44 KB (2D 148x75 PF_FloatRGB RT VRam) BloomBlurX VRamInKB(Start/Size):<NONE>
[2018.01.17-15.47.10:349][654]LogConsoleResponse:     33 = 44 KB (2D 148x75 PF_FloatRGB RT VRam) BloomBlurY VRamInKB(Start/Size):<NONE>
[2018.01.17-15.47.10:349][654]LogConsoleResponse:     15 = 16 KB (2D 128x32 PF_G16R16 VRam) PreintegratedGF VRamInKB(Start/Size):<NONE>
[2018.01.17-15.47.10:349][654]LogConsoleResponse:     13 = 16 KB (3D 16x16x16 PF_B8G8R8A8) PerlinNoise3D
[2018.01.17-15.47.10:349][654]LogConsoleResponse:     92 = 11 KB (2D 74x38 PF_FloatRGB RT VRam) BloomBlurX unused(1290) VRamInKB(Start/Size):<NONE>
[2018.01.17-15.47.10:349][654]LogConsoleResponse:     41 = 11 KB (2D 74x38 PF_FloatRGB RT VRam) BloomBlurX VRamInKB(Start/Size):<NONE>
[2018.01.17-15.47.10:349][654]LogConsoleResponse:     34 = 11 KB (2D 74x38 PF_FloatRGB RT VRam) BloomBlurY VRamInKB(Start/Size):<NONE>
[2018.01.17-15.47.10:349][654]LogConsoleResponse:     66 = 8 KB (2D 64x16 PF_FloatRGBA RT) AtmosphereDeltaE
[2018.01.17-15.47.10:349][654]LogConsoleResponse:     65 = 8 KB (2D 64x16 PF_FloatRGBA RT) AtmosphereIrradiance
[2018.01.17-15.47.10:349][654]LogConsoleResponse:     14 = 8 KB (2D 64x64 PF_R8G8) SSAORandomization
[2018.01.17-15.47.10:349][654]LogConsoleResponse:     40 = 3 KB (2D 37x19 PF_FloatRGB RT VRam) BloomBlurX VRamInKB(Start/Size):<NONE>
[2018.01.17-15.47.10:349][654]LogConsoleResponse:     36 = 3 KB (2D 37x19 PF_FloatRGB RT VRam) BloomBlurY VRamInKB(Start/Size):<NONE>
[2018.01.17-15.47.10:349][654]LogConsoleResponse:     39 = 1 KB (2D 19x10 PF_FloatRGB RT VRam) BloomBlurX VRamInKB(Start/Size):<NONE>
[2018.01.17-15.47.10:349][654]LogConsoleResponse:     38 = 1 KB (2D 19x10 PF_FloatRGB RT VRam) BloomBlurY VRamInKB(Start/Size):<NONE>
[2018.01.17-15.47.10:349][654]LogConsoleResponse:      7 = 1 KB (2D 1x1 PF_B8G8R8A8 RT) BlackAlphaOneDummy
[2018.01.17-15.47.10:349][654]LogConsoleResponse:      6 = 1 KB (2D 1x1 PF_B8G8R8A8 RT) BlackDummy
[2018.01.17-15.47.10:349][654]LogConsoleResponse:      9 = 1 KB (2D 1x1 PF_B8G8R8A8 RT) DefaultNormal8Bit
[2018.01.17-15.47.10:349][654]LogConsoleResponse:      8 = 1 KB (2D 1x1 PF_B8G8R8A8 RT) GreenDummy
[2018.01.17-15.47.10:349][654]LogConsoleResponse:      5 = 1 KB (2D 1x1 PF_B8G8R8A8 RT) WhiteDummy
[2018.01.17-15.47.10:349][654]LogConsoleResponse:     12 = 1 KB (2D 1x1 PF_DepthStencil) DepthDummy
[2018.01.17-15.47.10:349][654]LogConsoleResponse:     11 = 1 KB (2D 1x1 PF_FloatRGBA RT) MaxFP16Depth
[2018.01.17-15.47.10:349][654]LogConsoleResponse:     78 = 1 KB (2D 1x1 PF_G32R32F RT UAV) EyeAdaptation
[2018.01.17-15.47.10:349][654]LogConsoleResponse:    106 = 1 KB (2D 1x1 PF_G32R32F RT UAV) EyeAdaptation
[2018.01.17-15.47.10:349][654]LogConsoleResponse:     77 = 1 KB (2D 9x1 PF_FloatRGBA RT) SkySHIrradianceMap
[2018.01.17-15.47.10:349][654]LogConsoleResponse:    112 = 0 KB (Cube 1024 PF_ShadowDepth) UnknownTextureCube
[2018.01.17-15.47.10:349][654]LogConsoleResponse: 
[2018.01.17-15.47.10:349][654]LogConsoleResponse: Pool: 265/419 MB (referenced/allocated)
[2018.01.17-15.47.10:349][654]LogWindows: FPlatformMisc::RequestExit(1)
[2018.01.17-15.47.10:349][654]Cmd: Mem FromReport
[2018.01.17-15.47.10:363][654]Log file closed, 01/17/18 16:47:10
