Log file open, 01/17/18 21:21:26
LogInit:Display: Running engine for game: PGK
LogPlatformFile: Not using cached read wrapper
LogInit:Display: RandInit(-362624490) SRandInit(-362624490).
LogTaskGraph: Started task graph with 5 named threads and 8 total threads with 1 sets of task threads.
LogStats: Stats thread started at 0.113914
LogInit: Using libcurl 7.47.1
LogInit:  - built for x86_64-pc-win32
LogInit:  - supports SSL with OpenSSL/1.0.2g
LogInit:  - supports HTTP deflate (compression) using libz 1.2.8
LogInit:  - other features:
LogInit:      CURL_VERSION_SSL
LogInit:      CURL_VERSION_LIBZ
LogInit:      CURL_VERSION_IPV6
LogInit:      CURL_VERSION_ASYNCHDNS
LogInit:      CURL_VERSION_LARGEFILE
LogInit:      CURL_VERSION_IDN
LogInit:  CurlRequestOptions (configurable via config and command line):
LogInit:  - bVerifyPeer = false  - Libcurl will NOT verify peer certificate
LogInit:  - bUseHttpProxy = false  - Libcurl will NOT use HTTP proxy
LogInit:  - bDontReuseConnections = false  - Libcurl will reuse connections
LogInit:  - CertBundlePath = nullptr  - Libcurl will use whatever was configured at build time.
LogInit: Build: ++UE4+Release-4.16-CL-3561208
LogInit: Engine Version: 4.16.3-3561208+++UE4+Release-4.16
LogInit: Compatible Engine Version: 4.16.0-3452394+++UE4+Release-4.16
LogInit: Net CL: 3452394
LogDevObjectVersion: Number of dev versions registered: 16
LogDevObjectVersion:   Dev-Blueprints (B0D832E4-1F89-4F0D-ACCF-7EB736FD4AA2): 9
LogDevObjectVersion:   Dev-Build (E1C64328-A22C-4D53-A36C-8E866417BD8C): 0
LogDevObjectVersion:   Dev-Core (375EC13C-06E4-48FB-B500-84F0262A717E): 2
LogDevObjectVersion:   Dev-Editor (E4B068ED-F494-42E9-A231-DA0B2E46BB41): 17
LogDevObjectVersion:   Dev-Framework (CFFC743F-43B0-4480-9391-14DF171D2073): 23
LogDevObjectVersion:   Dev-Mobile (B02B49B5-BB20-44E9-A304-32B752E40360): 0
LogDevObjectVersion:   Dev-Networking (A4E4105C-59A1-49B5-A7C5-40C4547EDFEE): 0
LogDevObjectVersion:   Dev-Online (39C831C9-5AE6-47DC-9A44-9C173E1C8E7C): 0
LogDevObjectVersion:   Dev-Physics (78F01B33-EBEA-4F98-B9B4-84EACCB95AA2): 0
LogDevObjectVersion:   Dev-Platform (6631380F-2D4D-43E0-8009-CF276956A95A): 0
LogDevObjectVersion:   Dev-Rendering (12F88B9F-8875-4AFC-A67C-D90C383ABD29): 15
LogDevObjectVersion:   Dev-Sequencer (7B5AE74C-D270-4C10-A958-57980B212A5A): 4
LogDevObjectVersion:   Dev-VR (D7296918-1DD6-4BDD-9DE2-64A83CC13884): 0
LogDevObjectVersion:   Dev-LoadTimes (C2A15278-BFE7-4AFE-6C17-90FF531DF755): 1
LogDevObjectVersion:   Private-Geometry (6EACA3D4-40EC-4CC1-B786-8BED09428FC5): 1
LogDevObjectVersion:   Dev-AnimPhys (29E575DD-E0A3-4627-9D10-D276232CDCEA): 3
LogInit: Compiled (64-bit): Jul 28 2017 11:49:47
LogInit: Compiled with Visual C++: 19.00.24215.01
LogInit: Build Configuration: Development
LogInit: Branch Name: ++UE4+Release-4.16
LogInit: Command line:  
LogInit: Base directory: P:/silnik/UE_4.16/Engine/Binaries/Win64/
LogInit: Installed Engine Build: 1
LogInit: Presizing for max 8388607 objects, including 0 objects not considered by GC, pre-allocating 0 bytes for permanent pool.
LogInit: Object subsystem initialized
[2018.01.17-20.21.27:614][  0]LogInit: Selected Device Profile: [Windows]
[2018.01.17-20.21.27:614][  0]LogInit: Applying CVar settings loaded from the selected device profile: [Windows]
[2018.01.17-20.21.27:658][  0]LogInit: Computer: GROBKOMP
[2018.01.17-20.21.27:658][  0]LogInit: User: Robert
[2018.01.17-20.21.27:658][  0]LogInit: CPU Page size=4096, Cores=4
[2018.01.17-20.21.27:658][  0]LogInit: High frequency timer resolution =2.249999 MHz
[2018.01.17-20.21.27:659][  0]LogMemory: Memory total: Physical=7.9GB (8GB approx)
[2018.01.17-20.21.27:659][  0]LogMemory: Platform Memory Stats for Windows
[2018.01.17-20.21.27:659][  0]LogMemory: Process Physical Memory: 275.86 MB used, 275.86 MB peak
[2018.01.17-20.21.27:659][  0]LogMemory: Process Virtual Memory: 266.73 MB used, 266.73 MB peak
[2018.01.17-20.21.27:659][  0]LogMemory: Physical Memory: 4319.09 MB used,  3791.11 MB free, 8110.20 MB total
[2018.01.17-20.21.27:659][  0]LogMemory: Virtual Memory: 663.04 MB used,  3791.11 MB free, 134217728.00 MB total
[2018.01.17-20.21.28:018][  0]LogInit: Using OS detected language (pl-PL).
[2018.01.17-20.21.28:018][  0]LogInit: Using OS detected locale (pl-PL).
[2018.01.17-20.21.28:067][  0]LogTextLocalizationManager: No localization for 'pl-PL' exists, so 'en' will be used for the language.
[2018.01.17-20.21.28:068][  0]LogTextLocalizationManager: No localization for 'pl-PL' exists, so 'en' will be used for the locale.
[2018.01.17-20.21.29:798][  0]LogD3D11RHI: D3D11 adapters:
[2018.01.17-20.21.30:459][  0]LogD3D11RHI:    0. 'NVIDIA GeForce GTX 960M' (Feature Level 11_0)
[2018.01.17-20.21.30:459][  0]LogD3D11RHI:       2017/0/4055 MB DedicatedVideo/DedicatedSystem/SharedSystem, Outputs:1, VendorId:0x10de
[2018.01.17-20.21.30:469][  0]LogD3D11RHI:    1. 'Intel(R) HD Graphics 530' (Feature Level 11_0)
[2018.01.17-20.21.30:469][  0]LogD3D11RHI:       128/0/4055 MB DedicatedVideo/DedicatedSystem/SharedSystem, Outputs:0, VendorId:0x8086
[2018.01.17-20.21.30:471][  0]LogD3D11RHI:    2. 'Microsoft Basic Render Driver' (Feature Level 11_0)
[2018.01.17-20.21.30:471][  0]LogD3D11RHI:       0/0/4055 MB DedicatedVideo/DedicatedSystem/SharedSystem, Outputs:0, VendorId:0x1414
[2018.01.17-20.21.30:471][  0]LogD3D11RHI: Chosen D3D11 Adapter: 0
[2018.01.17-20.21.30:478][  0]LogD3D11RHI: Creating new Direct3DDevice
[2018.01.17-20.21.30:478][  0]LogD3D11RHI:     GPU DeviceId: 0x139b (for the marketing name, search the web for "GPU Device Id")
[2018.01.17-20.21.30:478][  0]LogWindows: EnumDisplayDevices:
[2018.01.17-20.21.30:478][  0]LogWindows:    0. 'Intel(R) HD Graphics 530' (P:1 D:1)
[2018.01.17-20.21.30:478][  0]LogWindows:    1. 'Intel(R) HD Graphics 530' (P:0 D:0)
[2018.01.17-20.21.30:478][  0]LogWindows:    2. 'Intel(R) HD Graphics 530' (P:0 D:0)
[2018.01.17-20.21.30:479][  0]LogWindows:    3. 'NVIDIA GeForce GTX 960M' (P:0 D:0)
[2018.01.17-20.21.30:479][  0]LogWindows:    4. 'NVIDIA GeForce GTX 960M' (P:0 D:0)
[2018.01.17-20.21.30:479][  0]LogWindows:    5. 'NVIDIA GeForce GTX 960M' (P:0 D:0)
[2018.01.17-20.21.30:479][  0]LogWindows:    6. 'NVIDIA GeForce GTX 960M' (P:0 D:0)
[2018.01.17-20.21.30:479][  0]LogWindows: DebugString: GetVideoDriverDetailsInvalid PrimaryIsNotTheChoosenAdapter GetVideoDriverDetailsInvalid PrimaryIsNotTheChoosenAdapter GetVideoDriverDetailsInvalid PrimaryIsNotTheChoosenAdapter GetVideoDriverDetailsInvalid PrimaryIsNotTheChoosenAdapter GetVideoDriverDetailsInvalid PrimaryIsNotTheChoosenAdapter GetVideoDriverDetailsInvalid PrimaryIsNotTheChoosenAdapter GetVideoDriverDetailsInvalid PrimaryIsNotTheChoosenAdapter FoundDriverCount:0 
[2018.01.17-20.21.30:479][  0]LogD3D11RHI:     Adapter Name: NVIDIA GeForce GTX 960M
[2018.01.17-20.21.30:479][  0]LogD3D11RHI:   Driver Version: Unknown (internal:Unknown, unified:Unknown)
[2018.01.17-20.21.30:479][  0]LogD3D11RHI:      Driver Date: Unknown
[2018.01.17-20.21.30:479][  0]LogRHI: Texture pool is 1361 MB (70% of 1945 MB)
[2018.01.17-20.21.31:093][  0]LogD3D11RHI: Async texture creation enabled
[2018.01.17-20.21.31:486][  0]LogD3D11RHI: GPU Timing Frequency: 1000.000000 (Debug: 2 1)
[2018.01.17-20.21.31:488][  0]LogShaderCompilers: Guid format shader working directory is 33 characters bigger than the processId version (I:/Projekt/PGK/Intermediate/Shaders/WorkingDirectory/8736/).
[2018.01.17-20.21.31:488][  0]LogShaderCompilers: Cleaned the shader compiler working directory 'C:/Users/Robert/AppData/Local/Temp/UnrealShaderWorkingDir/9C19564140F889C3A1734995596D26A5/'.
[2018.01.17-20.21.31:488][  0]LogShaderCompilers:Display: Using Local Shader Compiler.
[2018.01.17-20.21.34:415][  0]LogTemp:Display: Loaded TP AllDesktopTargetPlatform
[2018.01.17-20.21.34:478][  0]LogTemp:Display: Loaded TP MacClientTargetPlatform
[2018.01.17-20.21.34:530][  0]LogTemp:Display: Loaded TP MacNoEditorTargetPlatform
[2018.01.17-20.21.34:592][  0]LogTemp:Display: Loaded TP MacServerTargetPlatform
[2018.01.17-20.21.34:659][  0]LogTemp:Display: Loaded TP MacTargetPlatform
[2018.01.17-20.21.34:723][  0]LogTemp:Display: Loaded TP WindowsClientTargetPlatform
[2018.01.17-20.21.34:781][  0]LogTemp:Display: Loaded TP WindowsNoEditorTargetPlatform
[2018.01.17-20.21.34:838][  0]LogTemp:Display: Loaded TP WindowsServerTargetPlatform
[2018.01.17-20.21.34:938][  0]LogTemp:Display: Loaded TP WindowsTargetPlatform
[2018.01.17-20.21.35:090][  0]LogTemp:Display: Loaded TP AndroidTargetPlatform
[2018.01.17-20.21.35:157][  0]LogTemp:Display: Loaded TP Android_ASTCTargetPlatform
[2018.01.17-20.21.35:233][  0]LogTemp:Display: Loaded TP Android_ATCTargetPlatform
[2018.01.17-20.21.35:337][  0]LogTemp:Display: Loaded TP Android_DXTTargetPlatform
[2018.01.17-20.21.35:396][  0]LogTemp:Display: Loaded TP Android_ETC1TargetPlatform
[2018.01.17-20.21.35:450][  0]LogTemp:Display: Loaded TP Android_ETC2TargetPlatform
[2018.01.17-20.21.35:560][  0]LogTemp:Display: Loaded TP Android_MultiTargetPlatform
[2018.01.17-20.21.35:560][  0]LogTemp:Display: Loaded TP Android_PVRTCTargetPlatform
[2018.01.17-20.21.35:607][  0]LogTemp:Display: Loaded TP HTML5TargetPlatform
[2018.01.17-20.21.35:742][  0]LogTemp:Display: Loaded TP IOSTargetPlatform
[2018.01.17-20.21.35:770][  0]LogTemp:Display: Loaded TP TVOSTargetPlatform
[2018.01.17-20.21.35:831][  0]LogTemp:Display: Loaded TP LinuxClientTargetPlatform
[2018.01.17-20.21.35:889][  0]LogTemp:Display: Loaded TP LinuxNoEditorTargetPlatform
[2018.01.17-20.21.35:959][  0]LogTemp:Display: Loaded TP LinuxServerTargetPlatform
[2018.01.17-20.21.36:048][  0]LogTemp:Display: Loaded TP LinuxTargetPlatform
[2018.01.17-20.21.36:049][  0]LogTargetPlatformManager:Display: Building Assets For Windows
[2018.01.17-20.21.37:335][  0]LogDerivedDataCache:Display: Max Cache Size: 512 MB
[2018.01.17-20.21.38:734][  0]LogDerivedDataCache: Loaded boot cache 1.40s 100MB C:/Users/Robert/AppData/Local/UnrealEngine/4.16/DerivedDataCache/Boot.ddc.
[2018.01.17-20.21.38:734][  0]LogDerivedDataCache:Display: Loaded Boot cache: C:/Users/Robert/AppData/Local/UnrealEngine/4.16/DerivedDataCache/Boot.ddc
[2018.01.17-20.21.38:734][  0]LogDerivedDataCache: FDerivedDataBackendGraph:  Pak pak cache file I:/Projekt/PGK/DerivedDataCache/DDC.ddp not found, will not use a pak cache.
[2018.01.17-20.21.38:734][  0]LogDerivedDataCache: Unable to find inner node Pak for hierarchical cache Hierarchy.
[2018.01.17-20.21.38:734][  0]LogDerivedDataCache: FDerivedDataBackendGraph:  CompressedPak pak cache file I:/Projekt/PGK/DerivedDataCache/Compressed.ddp not found, will not use a pak cache.
[2018.01.17-20.21.38:734][  0]LogDerivedDataCache: Unable to find inner node CompressedPak for hierarchical cache Hierarchy.
[2018.01.17-20.21.38:792][  0]LogDerivedDataCache:Display: Pak cache opened for reading ../../../Engine/DerivedDataCache/Compressed.ddp.
[2018.01.17-20.21.38:806][  0]LogDerivedDataCache: Using Local data cache path C:/Users/Robert/AppData/Local/UnrealEngine/Common/DerivedDataCache: Writable
[2018.01.17-20.21.38:817][  0]LogMaterial: Verifying Global Shaders for PCD3D_SM5
[2018.01.17-20.21.38:818][  0]LogSlate: Using Freetype 2.6.0
[2018.01.17-20.21.38:853][  0]LogSlate: SlateFontCache - WITH_FREETYPE: 1, WITH_HARFBUZZ: 1
[2018.01.17-20.21.38:853][  0]LogSlate: SlateFontCache - WITH_FREETYPE: 1, WITH_HARFBUZZ: 1
[2018.01.17-20.21.42:726][  0]LogInit: Selected Device Profile: [Windows]
[2018.01.17-20.21.42:977][  0]LogContentStreaming: Texture pool size is 0.00 MB
[2018.01.17-20.21.43:646][  0]LogMeshUtilities: Using QuadricMeshReduction for automatic static mesh reduction
[2018.01.17-20.21.43:798][  0]LogSimplygon: Simplygon DLL not present - disabling.
[2018.01.17-20.21.43:909][  0]LogMeshUtilities: Using SimplygonSwarm for distributed automatic mesh merging
[2018.01.17-20.21.43:909][  0]LogMeshUtilities: No automatic skeletal mesh reduction module available
[2018.01.17-20.21.43:909][  0]LogMeshUtilities: No automatic mesh merging module available
[2018.01.17-20.21.47:674][  0]LogNetVersion: PGK , NetCL: 3452394, EngineNetVer: 2, GameNetVer: 0 (Checksum: 3392332418)
[2018.01.17-20.21.47:822][  0]LogAssetRegistry: FAssetRegistry took 0.0273 seconds to start up
[2018.01.17-20.21.47:856][  0]LogPackageLocalizationCache: Processed 4 localized package path(s) for 1 prioritized culture(s) in 0.016032 seconds
[2018.01.17-20.21.47:864][  0]LogUObjectArray: 34194 objects as part of root set at end of initial load.
[2018.01.17-20.21.47:864][  0]LogUObjectAllocator: 7260424 out of 0 bytes used by permanent object pool.
[2018.01.17-20.21.47:864][  0]LogUObjectArray: CloseDisregardForGC: 0/0 objects in disregard for GC pool
[2018.01.17-20.21.47:972][  0]LogInit: WinSock: version 1.1 (2.2), MaxSocks=32767, MaxUdp=65467
[2018.01.17-20.22.14:468][  0]LogTcpMessaging: Initializing TcpMessaging bridge
[2018.01.17-20.22.14:545][  0]LogUdpMessaging: Initializing bridge on interface 0.0.0.0:0 to multicast group 230.0.0.1:6666.
[2018.01.17-20.22.16:119][  0]LogMaterial: Uniform references updated for custom material expression Custom.
[2018.01.17-20.22.18:432][  0]SourceControl: Info Source control is disabled
[2018.01.17-20.22.18:467][  0]SourceControl: Info Source control is disabled
[2018.01.17-20.22.18:604][  0]SourceControl: Info Source control is disabled
[2018.01.17-20.22.18:798][  0]SourceControl: Info Source control is disabled
[2018.01.17-20.22.20:556][  0]LogAndroidPermission: UAndroidPermissionCallbackProxy::GetInstance
[2018.01.17-20.22.21:826][  0]LogEngine: Initializing Engine...
[2018.01.17-20.22.21:859][  0]LogHMD: Failed to initialize OpenVR with code 110
[2018.01.17-20.22.23:178][  0]LogStats: UGameplayTagsManager::ConstructGameplayTagTree: Construct from data asset -  0.000 s
[2018.01.17-20.22.23:178][  0]LogStats: UGameplayTagsManager::ConstructGameplayTagTree: GameplayTagTreeChangedEvent.Broadcast -  0.000 s
[2018.01.17-20.22.23:458][  0]LogAIModule: Creating AISystem for world Untitled
[2018.01.17-20.22.23:575][  0]LogInit: XAudio2 using 'Głośniki (Realtek High Definition Audio)' : 2 channels at 48 kHz using 32 bits per sample (channel mask 0x3)
[2018.01.17-20.22.23:675][  0]LogInit: FAudioDevice initialized.
[2018.01.17-20.22.23:757][  0]LogDerivedDataCache: Saved boot cache 0.08s 100MB C:/Users/Robert/AppData/Local/UnrealEngine/4.16/DerivedDataCache/Boot.ddc.
[2018.01.17-20.22.23:785][  0]LogInit: Texture streaming: Enabled
[2018.01.17-20.22.23:952][  0]LogEngineSessionManager: EngineSessionManager initialized
[2018.01.17-20.22.27:316][  0]LogInit: Transaction tracking system initialized
[2018.01.17-20.22.27:764][  0]BlueprintLog: New page: Editor Load
[2018.01.17-20.22.31:401][  0]LocalizationService: Info Localization service is disabled
[2018.01.17-20.22.32:849][  0]LogConsoleResponse:Display: 
[2018.01.17-20.22.36:013][  0]LogCook:Display: Max memory allowance for cook 16384mb min free memory 0mb
[2018.01.17-20.22.36:013][  0]LogCook:Display: Mobile HDR setting 1
[2018.01.17-20.22.37:027][  0]LogFileCache: Scanning file cache for directory 'I:/Projekt/PGK/Content/' took 0.07s
[2018.01.17-20.22.40:688][  0]SourceControl: Info Source control is disabled
[2018.01.17-20.22.40:688][  0]Cmd: MAP LOAD FILE="I:/Projekt/PGK/Content/FirstPersonBP/Maps/FirstPersonExampleMap.umap" TEMPLATE=0 SHOWPROGRESS=1 FEATURELEVEL=3
[2018.01.17-20.22.40:689][  0]LightingResults: New page: Lighting Build
[2018.01.17-20.22.40:740][  0]MapCheck: New page: Map Check
[2018.01.17-20.22.40:740][  0]LightingResults: New page: Lighting Build
[2018.01.17-20.22.45:784][  0]LogLinker:Warning: Can't find file '/Game/import/bed/Bed'
[2018.01.17-20.22.45:784][  0]LogLinker:Warning: Can't find file for asset '/Game/import/bed/Bed' while loading I:/Projekt/PGK/Content/import/bed/BunkFBX.uasset.
[2018.01.17-20.22.45:784][  0]LoadErrors:Error: Error /Game/import/bed/BunkFBX : Can't find file for asset. /Game/import/bed/Bed
[2018.01.17-20.22.45:785][  0]LogLinker:Warning: Can't find file '/Game/import/bed/Drawer'
[2018.01.17-20.22.45:785][  0]LogLinker:Warning: Can't find file for asset '/Game/import/bed/Drawer' while loading I:/Projekt/PGK/Content/import/bed/BunkFBX.uasset.
[2018.01.17-20.22.45:785][  0]LoadErrors:Error: Error /Game/import/bed/BunkFBX : Can't find file for asset. /Game/import/bed/Drawer
[2018.01.17-20.22.45:785][  0]LogLinker:Warning: Can't find file '/Game/import/bed/Main'
[2018.01.17-20.22.45:785][  0]LogLinker:Warning: Can't find file for asset '/Game/import/bed/Main' while loading I:/Projekt/PGK/Content/import/bed/BunkFBX.uasset.
[2018.01.17-20.22.45:785][  0]LoadErrors:Error: Error /Game/import/bed/BunkFBX : Can't find file for asset. /Game/import/bed/Main
[2018.01.17-20.22.45:786][  0]LogLinker:Warning: Can't find file '/Game/import/bed/Metal'
[2018.01.17-20.22.45:786][  0]LogLinker:Warning: Can't find file for asset '/Game/import/bed/Metal' while loading I:/Projekt/PGK/Content/import/bed/BunkFBX.uasset.
[2018.01.17-20.22.45:786][  0]LoadErrors:Error: Error /Game/import/bed/BunkFBX : Can't find file for asset. /Game/import/bed/Metal
[2018.01.17-20.22.45:786][  0]LogLinker:Warning: Can't find file '/Game/import/bed/Bed'
[2018.01.17-20.22.45:786][  0]LogLinker:Warning: Can't find file for asset '/Game/import/bed/Bed' while loading I:/Projekt/PGK/Content/import/bed/BunkFBX.uasset.
[2018.01.17-20.22.45:786][  0]LoadErrors:Error: Error /Game/import/bed/BunkFBX : Can't find file for asset. /Game/import/bed/Bed
[2018.01.17-20.22.45:787][  0]LogLinker:Warning: Can't find file '/Game/import/bed/Drawer'
[2018.01.17-20.22.45:787][  0]LogLinker:Warning: Can't find file for asset '/Game/import/bed/Drawer' while loading I:/Projekt/PGK/Content/import/bed/BunkFBX.uasset.
[2018.01.17-20.22.45:787][  0]LoadErrors:Error: Error /Game/import/bed/BunkFBX : Can't find file for asset. /Game/import/bed/Drawer
[2018.01.17-20.22.45:787][  0]LogLinker:Warning: Can't find file '/Game/import/bed/Main'
[2018.01.17-20.22.45:787][  0]LogLinker:Warning: Can't find file for asset '/Game/import/bed/Main' while loading I:/Projekt/PGK/Content/import/bed/BunkFBX.uasset.
[2018.01.17-20.22.45:787][  0]LoadErrors:Error: Error /Game/import/bed/BunkFBX : Can't find file for asset. /Game/import/bed/Main
[2018.01.17-20.22.45:788][  0]LogLinker:Warning: Can't find file '/Game/import/bed/Metal'
[2018.01.17-20.22.45:788][  0]LogLinker:Warning: Can't find file for asset '/Game/import/bed/Metal' while loading I:/Projekt/PGK/Content/import/bed/BunkFBX.uasset.
[2018.01.17-20.22.45:788][  0]LoadErrors:Error: Error /Game/import/bed/BunkFBX : Can't find file for asset. /Game/import/bed/Metal
[2018.01.17-20.22.46:267][  0]LogLinker:Warning: Can't find file '/Game/import/wardrobe/lambert2'
[2018.01.17-20.22.46:267][  0]LogLinker:Warning: Can't find file for asset '/Game/import/wardrobe/lambert2' while loading I:/Projekt/PGK/Content/import/wardrobe/wardrobe.uasset.
[2018.01.17-20.22.46:267][  0]LoadErrors:Error: Error /Game/import/wardrobe/wardrobe : Can't find file for asset. /Game/import/wardrobe/lambert2
[2018.01.17-20.22.46:268][  0]LogLinker:Warning: Can't find file '/Game/import/wardrobe/lambert2'
[2018.01.17-20.22.46:268][  0]LogLinker:Warning: Can't find file for asset '/Game/import/wardrobe/lambert2' while loading I:/Projekt/PGK/Content/import/wardrobe/wardrobe.uasset.
[2018.01.17-20.22.46:268][  0]LoadErrors:Error: Error /Game/import/wardrobe/wardrobe : Can't find file for asset. /Game/import/wardrobe/lambert2
[2018.01.17-20.22.46:306][  0]LogLinker:Warning: Can't find file '/Game/import/wardrobe/box'
[2018.01.17-20.22.46:306][  0]LogLinker:Warning: Can't find file for asset '/Game/import/wardrobe/box' while loading I:/Projekt/PGK/Content/import/wardrobe/wardrobe3.uasset.
[2018.01.17-20.22.46:306][  0]LoadErrors:Error: Error /Game/import/wardrobe/wardrobe3 : Can't find file for asset. /Game/import/wardrobe/box
[2018.01.17-20.22.46:306][  0]LogLinker:Warning: Can't find file '/Game/import/wardrobe/st_gold'
[2018.01.17-20.22.46:307][  0]LogLinker:Warning: Can't find file for asset '/Game/import/wardrobe/st_gold' while loading I:/Projekt/PGK/Content/import/wardrobe/wardrobe3.uasset.
[2018.01.17-20.22.46:307][  0]LoadErrors:Error: Error /Game/import/wardrobe/wardrobe3 : Can't find file for asset. /Game/import/wardrobe/st_gold
[2018.01.17-20.22.46:307][  0]LogLinker:Warning: Can't find file '/Game/import/wardrobe/box'
[2018.01.17-20.22.46:307][  0]LogLinker:Warning: Can't find file for asset '/Game/import/wardrobe/box' while loading I:/Projekt/PGK/Content/import/wardrobe/wardrobe3.uasset.
[2018.01.17-20.22.46:307][  0]LoadErrors:Error: Error /Game/import/wardrobe/wardrobe3 : Can't find file for asset. /Game/import/wardrobe/box
[2018.01.17-20.22.46:307][  0]LogLinker:Warning: Can't find file '/Game/import/wardrobe/st_gold'
[2018.01.17-20.22.46:307][  0]LogLinker:Warning: Can't find file for asset '/Game/import/wardrobe/st_gold' while loading I:/Projekt/PGK/Content/import/wardrobe/wardrobe3.uasset.
[2018.01.17-20.22.46:307][  0]LoadErrors:Error: Error /Game/import/wardrobe/wardrobe3 : Can't find file for asset. /Game/import/wardrobe/st_gold
[2018.01.17-20.22.46:307][  0]LogLinker:Warning: Can't find file '/Game/import/wardrobe/wardrobe3_PhysicsAsset'
[2018.01.17-20.22.46:307][  0]LogLinker:Warning: Can't find file for asset '/Game/import/wardrobe/wardrobe3_PhysicsAsset' while loading I:/Projekt/PGK/Content/import/wardrobe/wardrobe3.uasset.
[2018.01.17-20.22.46:307][  0]LoadErrors:Error: Error /Game/import/wardrobe/wardrobe3 : Can't find file for asset. /Game/import/wardrobe/wardrobe3_PhysicsAsset
[2018.01.17-20.22.46:308][  0]LogLinker:Warning: Can't find file '/Game/import/wardrobe/wardrobe3_Skeleton'
[2018.01.17-20.22.46:308][  0]LogLinker:Warning: Can't find file for asset '/Game/import/wardrobe/wardrobe3_Skeleton' while loading I:/Projekt/PGK/Content/import/wardrobe/wardrobe3.uasset.
[2018.01.17-20.22.46:308][  0]LoadErrors:Error: Error /Game/import/wardrobe/wardrobe3 : Can't find file for asset. /Game/import/wardrobe/wardrobe3_Skeleton
[2018.01.17-20.22.46:308][  0]LogLinker:Warning: Can't find file '/Game/import/wardrobe/wardrobe3_PhysicsAsset'
[2018.01.17-20.22.46:308][  0]LogLinker:Warning: Can't find file for asset '/Game/import/wardrobe/wardrobe3_PhysicsAsset' while loading I:/Projekt/PGK/Content/import/wardrobe/wardrobe3.uasset.
[2018.01.17-20.22.46:308][  0]LoadErrors:Error: Error /Game/import/wardrobe/wardrobe3 : Can't find file for asset. /Game/import/wardrobe/wardrobe3_PhysicsAsset
[2018.01.17-20.22.46:308][  0]LogLinker:Warning: Can't find file '/Game/import/wardrobe/wardrobe3_Skeleton'
[2018.01.17-20.22.46:308][  0]LogLinker:Warning: Can't find file for asset '/Game/import/wardrobe/wardrobe3_Skeleton' while loading I:/Projekt/PGK/Content/import/wardrobe/wardrobe3.uasset.
[2018.01.17-20.22.46:308][  0]LoadErrors:Error: Error /Game/import/wardrobe/wardrobe3 : Can't find file for asset. /Game/import/wardrobe/wardrobe3_Skeleton
[2018.01.17-20.22.46:321][  0]LogLinker:Warning: Can't find file '/Game/import/wardrobe/None'
[2018.01.17-20.22.46:321][  0]LogLinker:Warning: Can't find file for asset '/Game/import/wardrobe/None' while loading I:/Projekt/PGK/Content/import/wardrobe/wardrobe4.uasset.
[2018.01.17-20.22.46:321][  0]LoadErrors:Error: Error /Game/import/wardrobe/wardrobe4 : Can't find file for asset. /Game/import/wardrobe/None
[2018.01.17-20.22.46:321][  0]LogLinker:Warning: Can't find file '/Game/import/wardrobe/None'
[2018.01.17-20.22.46:321][  0]LogLinker:Warning: Can't find file for asset '/Game/import/wardrobe/None' while loading I:/Projekt/PGK/Content/import/wardrobe/wardrobe4.uasset.
[2018.01.17-20.22.46:321][  0]LoadErrors:Error: Error /Game/import/wardrobe/wardrobe4 : Can't find file for asset. /Game/import/wardrobe/None
[2018.01.17-20.22.48:186][  0]LogLinker:Warning: Can't find file '/Game/import/bed/Main'
[2018.01.17-20.22.48:186][  0]LoadErrors: Info Failed to load /Game/import/bed/Main.Main Referenced by BunkFBX
[2018.01.17-20.22.48:186][  0]LogLinker:Warning: Can't find file for asset '/Game/import/bed/Main' while loading NULL.
[2018.01.17-20.22.48:187][  0]LoadErrors: Info Failed to load /Game/import/bed/Main.Main Referenced by BunkFBX
[2018.01.17-20.22.48:187][  0]LogLinker:Warning: Can't find file '/Game/import/bed/Bed'
[2018.01.17-20.22.48:187][  0]LoadErrors: Info Failed to load /Game/import/bed/Bed.Bed Referenced by BunkFBX
[2018.01.17-20.22.48:187][  0]LogLinker:Warning: Can't find file for asset '/Game/import/bed/Bed' while loading NULL.
[2018.01.17-20.22.48:187][  0]LoadErrors: Info Failed to load /Game/import/bed/Bed.Bed Referenced by BunkFBX
[2018.01.17-20.22.48:188][  0]LogLinker:Warning: Can't find file '/Game/import/bed/Drawer'
[2018.01.17-20.22.48:188][  0]LoadErrors: Info Failed to load /Game/import/bed/Drawer.Drawer Referenced by BunkFBX
[2018.01.17-20.22.48:188][  0]LogLinker:Warning: Can't find file for asset '/Game/import/bed/Drawer' while loading NULL.
[2018.01.17-20.22.48:188][  0]LoadErrors: Info Failed to load /Game/import/bed/Drawer.Drawer Referenced by BunkFBX
[2018.01.17-20.22.48:188][  0]LogLinker:Warning: Can't find file '/Game/import/bed/Metal'
[2018.01.17-20.22.48:188][  0]LoadErrors: Info Failed to load /Game/import/bed/Metal.Metal Referenced by BunkFBX
[2018.01.17-20.22.48:189][  0]LogLinker:Warning: Can't find file for asset '/Game/import/bed/Metal' while loading NULL.
[2018.01.17-20.22.48:189][  0]LoadErrors: Info Failed to load /Game/import/bed/Metal.Metal Referenced by BunkFBX
[2018.01.17-20.22.49:564][  0]LogLinker:Warning: Can't find file '/Game/import/wardrobe/None'
[2018.01.17-20.22.49:564][  0]LoadErrors: Info Failed to load /Game/import/wardrobe/None.Material_0 Referenced by wardrobe4
[2018.01.17-20.22.49:564][  0]LogLinker:Warning: Can't find file for asset '/Game/import/wardrobe/None' while loading NULL.
[2018.01.17-20.22.49:564][  0]LoadErrors: Info Failed to load /Game/import/wardrobe/None.Material_0 Referenced by wardrobe4
[2018.01.17-20.22.49:638][  0]LogLinker:Warning: Can't find file '/Game/import/wardrobe/wardrobe3_Skeleton'
[2018.01.17-20.22.49:638][  0]LoadErrors: Info Failed to load /Game/import/wardrobe/wardrobe3_Skeleton.wardrobe3_Skeleton Referenced by wardrobe3
[2018.01.17-20.22.49:638][  0]LogLinker:Warning: Can't find file for asset '/Game/import/wardrobe/wardrobe3_Skeleton' while loading NULL.
[2018.01.17-20.22.49:638][  0]LoadErrors: Info Failed to load /Game/import/wardrobe/wardrobe3_Skeleton.wardrobe3_Skeleton Referenced by wardrobe3
[2018.01.17-20.22.49:639][  0]LogLinker:Warning: Can't find file '/Game/import/wardrobe/wardrobe3_PhysicsAsset'
[2018.01.17-20.22.49:639][  0]LoadErrors: Info Failed to load /Game/import/wardrobe/wardrobe3_PhysicsAsset.wardrobe3_PhysicsAsset Referenced by wardrobe3
[2018.01.17-20.22.49:639][  0]LogLinker:Warning: Can't find file for asset '/Game/import/wardrobe/wardrobe3_PhysicsAsset' while loading NULL.
[2018.01.17-20.22.49:639][  0]LoadErrors: Info Failed to load /Game/import/wardrobe/wardrobe3_PhysicsAsset.wardrobe3_PhysicsAsset Referenced by wardrobe3
[2018.01.17-20.22.49:639][  0]LogLinker:Warning: Can't find file '/Game/import/wardrobe/st_gold'
[2018.01.17-20.22.49:639][  0]LoadErrors: Info Failed to load /Game/import/wardrobe/st_gold.st_gold Referenced by wardrobe3
[2018.01.17-20.22.49:639][  0]LogLinker:Warning: Can't find file for asset '/Game/import/wardrobe/st_gold' while loading NULL.
[2018.01.17-20.22.49:639][  0]LoadErrors: Info Failed to load /Game/import/wardrobe/st_gold.st_gold Referenced by wardrobe3
[2018.01.17-20.22.49:639][  0]LogLinker:Warning: Can't find file '/Game/import/wardrobe/box'
[2018.01.17-20.22.49:639][  0]LoadErrors: Info Failed to load /Game/import/wardrobe/box.box Referenced by wardrobe3
[2018.01.17-20.22.49:639][  0]LogLinker:Warning: Can't find file for asset '/Game/import/wardrobe/box' while loading NULL.
[2018.01.17-20.22.49:639][  0]LoadErrors: Info Failed to load /Game/import/wardrobe/box.box Referenced by wardrobe3
[2018.01.17-20.22.49:753][  0]LogLinker:Warning: Can't find file '/Game/import/wardrobe/lambert2'
[2018.01.17-20.22.49:753][  0]LoadErrors: Info Failed to load /Game/import/wardrobe/lambert2.lambert2 Referenced by wardrobe
[2018.01.17-20.22.49:753][  0]LogLinker:Warning: Can't find file for asset '/Game/import/wardrobe/lambert2' while loading NULL.
[2018.01.17-20.22.49:753][  0]LoadErrors: Info Failed to load /Game/import/wardrobe/lambert2.lambert2 Referenced by wardrobe
[2018.01.17-20.23.02:706][  0]LogMaterial: Missing cached shader map for material st_tile, compiling. 
[2018.01.17-20.23.02:707][  0]LogMaterial:Warning: Failed to compile Material /Game/import/kibel/st_tile.st_tile for platform PCD3D_SM5, Default Material will be used in game.
[2018.01.17-20.23.02:707][  0]LogMaterial:Warning: 	(Node TextureSample) TextureSample> Sampler type is Normal, should be Color for /Game/import/kibel/Dirt_map.Dirt_map
[2018.01.17-20.23.04:582][  0]LogAIModule: Creating AISystem for world FirstPersonExampleMap
[2018.01.17-20.23.05:542][  0]LogEditorServer: Finished looking for orphan Actors (0.000 secs)
[2018.01.17-20.23.05:580][  0]Cmd: MAP CHECKDEP NOCLEARLOG
[2018.01.17-20.23.05:667][  0]MapCheck: Info Map check complete: 0 Error(s), 0 Warning(s), took 87.102ms to complete.
[2018.01.17-20.23.05:667][  0]LogFileHelpers: Loading map 'FirstPersonExampleMap' took 24.979
[2018.01.17-20.23.06:945][  0]LogCollectionManager: Loaded 0 collections in 0.002555 seconds
[2018.01.17-20.23.07:073][  0]LogFileCache: Scanning file cache for directory 'I:/Projekt/PGK/Saved/Collections/' took 0.01s
[2018.01.17-20.23.07:073][  0]LogFileCache: Scanning file cache for directory 'I:/Projekt/PGK/Content/Developers/Robert/Collections/' took 0.01s
[2018.01.17-20.23.07:073][  0]LogFileCache: Scanning file cache for directory 'I:/Projekt/PGK/Content/Collections/' took 0.01s
[2018.01.17-20.23.07:073][  0]LogCollectionManager: Rebuilt the GUID cache for 0 collections in 0.000002 seconds
[2018.01.17-20.23.07:103][  0]LogContentBrowser: Native class hierarchy populated in 0.0116 seconds. Added 2329 classes and 491 folders.
[2018.01.17-20.23.07:281][  0]LogContentBrowser: Native class hierarchy updated for 'WidgetCarousel' in 0.0006 seconds. Added 0 classes and 0 folders.
[2018.01.17-20.23.08:278][  0]LogContentBrowser: Native class hierarchy updated for 'AddContentDialog' in 0.0010 seconds. Added 0 classes and 0 folders.
[2018.01.17-20.23.08:574][  0]LogContentBrowser: Native class hierarchy updated for 'SceneOutliner' in 0.0019 seconds. Added 1 classes and 2 folders.
[2018.01.17-20.23.08:754][  0]LogCrashTracker: Crashtracker disabled due to settings.
[2018.01.17-20.23.08:892][  0]LogSlate: Took 0.008612 seconds to synchronously load lazily loaded font '../../../Engine/Content/Slate/Fonts/Roboto-Regular.ttf' (155K)
[2018.01.17-20.23.08:908][  0]LogSlate: Took 0.013720 seconds to synchronously load lazily loaded font '../../../Engine/Content/Slate/Fonts/Roboto-Bold.ttf' (160K)
[2018.01.17-20.23.08:928][  0]LogSlate: Took 0.008466 seconds to synchronously load lazily loaded font '../../../Engine/Content/Editor/Slate/Fonts/FontAwesome.ttf' (139K)
[2018.01.17-20.23.09:261][  0]LogRenderer: Reallocating scene render targets to support 1180x600 NumSamples 1 (Frame:1).
[2018.01.17-20.23.09:705][  0]LogUObjectGlobals:Warning: Failed to find object 'Class None.'
[2018.01.17-20.23.09:833][  0]LogContentBrowser: Native class hierarchy updated for 'HierarchicalLODOutliner' in 0.0008 seconds. Added 1 classes and 2 folders.
[2018.01.17-20.23.09:834][  0]LogLoad: (Engine Initialization) Total time: 106.49 seconds
[2018.01.17-20.23.09:834][  0]LogLoad: (Engine Initialization) Total Blueprint compile time: 0.30 seconds
[2018.01.17-20.23.09:834][  0]LogExternalProfiler: No external profilers were discovered.  External profiling features will not be available.
[2018.01.17-20.23.09:877][  0]LogWindowsTextInputMethodSystem:Display: IME system now deactivated.
[2018.01.17-20.23.09:905][  0]LogOcInput: OculusInput pre-init called
[2018.01.17-20.23.09:905][  0]LogHMD: Starting GearVRController plugin
[2018.01.17-20.23.10:288][  0]LogContentStreaming: Texture pool size now 1000 MB
[2018.01.17-20.23.10:902][  0]LogSlate: Took 0.011760 seconds to synchronously load lazily loaded font '../../../Engine/Content/Slate/Fonts/Roboto-Light.ttf' (159K)
[2018.01.17-20.23.11:116][  1]LogFileCache: Retrieving MD5 hashes for directory 'I:/Projekt/PGK/Content/' took 1.17s
[2018.01.17-20.23.11:178][  2]LogAssetRegistry: Asset discovery search completed in 83.3792 seconds
[2018.01.17-20.23.11:204][  2]LogCollectionManager: Rebuilt the object cache for 0 collections in 0.000002 seconds (found 0 objects)
[2018.01.17-20.23.11:204][  2]LogCollectionManager: Fixed up redirectors for 0 collections in 0.023062 seconds (updated 0 objects)
[2018.01.17-20.23.51:873][702]LogEditorViewport: Clicking on Actor (LMB): SpotLight (SpotLight2)
[2018.01.17-20.24.11:304][ 85]LogTemp: Repeting last play command: Selected Viewport
[2018.01.17-20.24.11:541][ 85]LogBlueprintUserMessages: Early PlayInEditor Detection: Level '/Game/FirstPersonBP/Maps/FirstPersonExampleMap.FirstPersonExampleMap:PersistentLevel' has LevelScriptBlueprint '/Game/FirstPersonBP/Maps/FirstPersonExampleMap.FirstPersonExampleMap:PersistentLevel.FirstPersonExampleMap' with GeneratedClass '/Game/FirstPersonBP/Maps/FirstPersonExampleMap.FirstPersonExampleMap_C' with ClassGeneratedBy '/Game/FirstPersonBP/Maps/FirstPersonExampleMap.FirstPersonExampleMap:PersistentLevel.FirstPersonExampleMap'
[2018.01.17-20.24.11:598][ 85]LogPlayLevel: PlayLevel: No blueprints needed recompiling
[2018.01.17-20.24.11:599][ 85]PIE: New page: PIE session: FirstPersonExampleMap (Jan 17, 2018, 10:24:11 PM)
[2018.01.17-20.24.11:599][ 85]LogPlayLevel: Creating play world package: /Game/FirstPersonBP/Maps/UEDPIE_0_FirstPersonExampleMap
[2018.01.17-20.24.11:704][ 85]LogPlayLevel: PIE: StaticDuplicateObject took: (0.105428s)
[2018.01.17-20.24.11:705][ 85]LogAIModule: Creating AISystem for world FirstPersonExampleMap
[2018.01.17-20.24.11:706][ 85]LogPlayLevel: PIE: World Init took: (0.001699s)
[2018.01.17-20.24.11:706][ 85]LogPlayLevel: PIE: Created PIE world by copying editor world from /Game/FirstPersonBP/Maps/FirstPersonExampleMap.FirstPersonExampleMap to /Game/FirstPersonBP/Maps/UEDPIE_0_FirstPersonExampleMap.FirstPersonExampleMap (0.107848s)
[2018.01.17-20.24.11:779][ 85]LogInit: XAudio2 using 'Głośniki (Realtek High Definition Audio)' : 2 channels at 48 kHz using 32 bits per sample (channel mask 0x3)
[2018.01.17-20.24.11:814][ 85]LogInit: FAudioDevice initialized.
[2018.01.17-20.24.11:864][ 85]LogLoad: Game class is 'FirstPersonGameMode_C'
[2018.01.17-20.24.11:888][ 85]LogWorld: Bringing World /Game/FirstPersonBP/Maps/UEDPIE_0_FirstPersonExampleMap.FirstPersonExampleMap up for play (max tick rate 0) at 2018.01.17-21.24.11
[2018.01.17-20.24.11:890][ 85]LogWorld: Bringing up level for play took: 0.022443
[2018.01.17-20.24.11:953][ 85]LogContentBrowser: Native class hierarchy updated for 'MovieSceneCapture' in 0.0010 seconds. Added 11 classes and 0 folders.
[2018.01.17-20.24.11:955][ 85]PIE: Info Play in editor start time for /Game/FirstPersonBP/Maps/UEDPIE_0_FirstPersonExampleMap 0.879
[2018.01.17-20.24.11:956][ 85]LogBlueprintUserMessages: Late PlayInEditor Detection: Level '/Game/FirstPersonBP/Maps/FirstPersonExampleMap.FirstPersonExampleMap:PersistentLevel' has LevelScriptBlueprint '/Game/FirstPersonBP/Maps/FirstPersonExampleMap.FirstPersonExampleMap:PersistentLevel.FirstPersonExampleMap' with GeneratedClass '/Game/FirstPersonBP/Maps/FirstPersonExampleMap.FirstPersonExampleMap_C' with ClassGeneratedBy '/Game/FirstPersonBP/Maps/FirstPersonExampleMap.FirstPersonExampleMap:PersistentLevel.FirstPersonExampleMap'
[2018.01.17-20.24.16:738][192]LogBlueprintUserMessages: Early EndPlayMap Detection: Level '/Game/FirstPersonBP/Maps/FirstPersonExampleMap.FirstPersonExampleMap:PersistentLevel' has LevelScriptBlueprint '/Game/FirstPersonBP/Maps/FirstPersonExampleMap.FirstPersonExampleMap:PersistentLevel.FirstPersonExampleMap' with GeneratedClass '/Game/FirstPersonBP/Maps/FirstPersonExampleMap.FirstPersonExampleMap_C' with ClassGeneratedBy '/Game/FirstPersonBP/Maps/FirstPersonExampleMap.FirstPersonExampleMap:PersistentLevel.FirstPersonExampleMap'
[2018.01.17-20.24.16:870][192]LogBlueprintUserMessages: Late EndPlayMap Detection: Level '/Game/FirstPersonBP/Maps/FirstPersonExampleMap.FirstPersonExampleMap:PersistentLevel' has LevelScriptBlueprint '/Game/FirstPersonBP/Maps/FirstPersonExampleMap.FirstPersonExampleMap:PersistentLevel.FirstPersonExampleMap' with GeneratedClass '/Game/FirstPersonBP/Maps/FirstPersonExampleMap.FirstPersonExampleMap_C' with ClassGeneratedBy '/Game/FirstPersonBP/Maps/FirstPersonExampleMap.FirstPersonExampleMap:PersistentLevel.FirstPersonExampleMap'
[2018.01.17-20.24.20:272][260]LogEditorViewport: Clicking on Actor (LMB): SpotLight (SpotLight2)
[2018.01.17-20.24.26:534][389]LogTemp: Repeting last play command: Selected Viewport
[2018.01.17-20.24.26:570][389]LogBlueprintUserMessages: Early PlayInEditor Detection: Level '/Game/FirstPersonBP/Maps/FirstPersonExampleMap.FirstPersonExampleMap:PersistentLevel' has LevelScriptBlueprint '/Game/FirstPersonBP/Maps/FirstPersonExampleMap.FirstPersonExampleMap:PersistentLevel.FirstPersonExampleMap' with GeneratedClass '/Game/FirstPersonBP/Maps/FirstPersonExampleMap.FirstPersonExampleMap_C' with ClassGeneratedBy '/Game/FirstPersonBP/Maps/FirstPersonExampleMap.FirstPersonExampleMap:PersistentLevel.FirstPersonExampleMap'
[2018.01.17-20.24.26:571][389]LogPlayLevel: PlayLevel: No blueprints needed recompiling
[2018.01.17-20.24.26:571][389]PIE: New page: PIE session: FirstPersonExampleMap (Jan 17, 2018, 10:24:26 PM)
[2018.01.17-20.24.26:571][389]LogPlayLevel: Creating play world package: /Game/FirstPersonBP/Maps/UEDPIE_0_FirstPersonExampleMap
[2018.01.17-20.24.26:705][389]LogPlayLevel: PIE: StaticDuplicateObject took: (0.134385s)
[2018.01.17-20.24.26:708][389]LogAIModule: Creating AISystem for world FirstPersonExampleMap
[2018.01.17-20.24.26:708][389]LogPlayLevel: PIE: World Init took: (0.003092s)
[2018.01.17-20.24.26:709][389]LogPlayLevel: PIE: Created PIE world by copying editor world from /Game/FirstPersonBP/Maps/FirstPersonExampleMap.FirstPersonExampleMap to /Game/FirstPersonBP/Maps/UEDPIE_0_FirstPersonExampleMap.FirstPersonExampleMap (0.138195s)
[2018.01.17-20.24.26:750][389]LogInit: XAudio2 using 'Głośniki (Realtek High Definition Audio)' : 2 channels at 48 kHz using 32 bits per sample (channel mask 0x3)
[2018.01.17-20.24.26:801][389]LogInit: FAudioDevice initialized.
[2018.01.17-20.24.26:842][389]LogLoad: Game class is 'FirstPersonGameMode_C'
[2018.01.17-20.24.26:875][389]LogWorld: Bringing World /Game/FirstPersonBP/Maps/UEDPIE_0_FirstPersonExampleMap.FirstPersonExampleMap up for play (max tick rate 0) at 2018.01.17-21.24.26
[2018.01.17-20.24.26:878][389]LogWorld: Bringing up level for play took: 0.033258
[2018.01.17-20.24.26:881][389]PIE: Info Play in editor start time for /Game/FirstPersonBP/Maps/UEDPIE_0_FirstPersonExampleMap -0.196
[2018.01.17-20.24.26:881][389]LogBlueprintUserMessages: Late PlayInEditor Detection: Level '/Game/FirstPersonBP/Maps/FirstPersonExampleMap.FirstPersonExampleMap:PersistentLevel' has LevelScriptBlueprint '/Game/FirstPersonBP/Maps/FirstPersonExampleMap.FirstPersonExampleMap:PersistentLevel.FirstPersonExampleMap' with GeneratedClass '/Game/FirstPersonBP/Maps/FirstPersonExampleMap.FirstPersonExampleMap_C' with ClassGeneratedBy '/Game/FirstPersonBP/Maps/FirstPersonExampleMap.FirstPersonExampleMap:PersistentLevel.FirstPersonExampleMap'
[2018.01.17-20.24.31:488][494]LogBlueprintUserMessages: Early EndPlayMap Detection: Level '/Game/FirstPersonBP/Maps/FirstPersonExampleMap.FirstPersonExampleMap:PersistentLevel' has LevelScriptBlueprint '/Game/FirstPersonBP/Maps/FirstPersonExampleMap.FirstPersonExampleMap:PersistentLevel.FirstPersonExampleMap' with GeneratedClass '/Game/FirstPersonBP/Maps/FirstPersonExampleMap.FirstPersonExampleMap_C' with ClassGeneratedBy '/Game/FirstPersonBP/Maps/FirstPersonExampleMap.FirstPersonExampleMap:PersistentLevel.FirstPersonExampleMap'
[2018.01.17-20.24.31:588][494]LogBlueprintUserMessages: Late EndPlayMap Detection: Level '/Game/FirstPersonBP/Maps/FirstPersonExampleMap.FirstPersonExampleMap:PersistentLevel' has LevelScriptBlueprint '/Game/FirstPersonBP/Maps/FirstPersonExampleMap.FirstPersonExampleMap:PersistentLevel.FirstPersonExampleMap' with GeneratedClass '/Game/FirstPersonBP/Maps/FirstPersonExampleMap.FirstPersonExampleMap_C' with ClassGeneratedBy '/Game/FirstPersonBP/Maps/FirstPersonExampleMap.FirstPersonExampleMap:PersistentLevel.FirstPersonExampleMap'
[2018.01.17-20.24.33:806][538]LogEditorViewport: Clicking on Actor (LMB): SpotLight (SpotLight2)
[2018.01.17-20.24.52:569][930]LogTemp: Repeting last play command: Selected Viewport
[2018.01.17-20.24.52:618][930]LogBlueprintUserMessages: Early PlayInEditor Detection: Level '/Game/FirstPersonBP/Maps/FirstPersonExampleMap.FirstPersonExampleMap:PersistentLevel' has LevelScriptBlueprint '/Game/FirstPersonBP/Maps/FirstPersonExampleMap.FirstPersonExampleMap:PersistentLevel.FirstPersonExampleMap' with GeneratedClass '/Game/FirstPersonBP/Maps/FirstPersonExampleMap.FirstPersonExampleMap_C' with ClassGeneratedBy '/Game/FirstPersonBP/Maps/FirstPersonExampleMap.FirstPersonExampleMap:PersistentLevel.FirstPersonExampleMap'
[2018.01.17-20.24.52:618][930]LogPlayLevel: PlayLevel: No blueprints needed recompiling
[2018.01.17-20.24.52:619][930]PIE: New page: PIE session: FirstPersonExampleMap (Jan 17, 2018, 10:24:52 PM)
[2018.01.17-20.24.52:619][930]LogPlayLevel: Creating play world package: /Game/FirstPersonBP/Maps/UEDPIE_0_FirstPersonExampleMap
[2018.01.17-20.24.52:784][930]LogPlayLevel: PIE: StaticDuplicateObject took: (0.164527s)
[2018.01.17-20.24.52:788][930]LogAIModule: Creating AISystem for world FirstPersonExampleMap
[2018.01.17-20.24.52:789][930]LogPlayLevel: PIE: World Init took: (0.004747s)
[2018.01.17-20.24.52:790][930]LogPlayLevel: PIE: Created PIE world by copying editor world from /Game/FirstPersonBP/Maps/FirstPersonExampleMap.FirstPersonExampleMap to /Game/FirstPersonBP/Maps/UEDPIE_0_FirstPersonExampleMap.FirstPersonExampleMap (0.171179s)
[2018.01.17-20.24.52:849][930]LogInit: XAudio2 using 'Głośniki (Realtek High Definition Audio)' : 2 channels at 48 kHz using 32 bits per sample (channel mask 0x3)
[2018.01.17-20.24.52:918][930]LogInit: FAudioDevice initialized.
[2018.01.17-20.24.52:962][930]LogLoad: Game class is 'FirstPersonGameMode_C'
[2018.01.17-20.24.53:003][930]LogWorld: Bringing World /Game/FirstPersonBP/Maps/UEDPIE_0_FirstPersonExampleMap.FirstPersonExampleMap up for play (max tick rate 0) at 2018.01.17-21.24.53
[2018.01.17-20.24.53:006][930]LogWorld: Bringing up level for play took: 0.040434
[2018.01.17-20.24.53:010][930]PIE: Info Play in editor start time for /Game/FirstPersonBP/Maps/UEDPIE_0_FirstPersonExampleMap -0.067
[2018.01.17-20.24.53:011][930]LogBlueprintUserMessages: Late PlayInEditor Detection: Level '/Game/FirstPersonBP/Maps/FirstPersonExampleMap.FirstPersonExampleMap:PersistentLevel' has LevelScriptBlueprint '/Game/FirstPersonBP/Maps/FirstPersonExampleMap.FirstPersonExampleMap:PersistentLevel.FirstPersonExampleMap' with GeneratedClass '/Game/FirstPersonBP/Maps/FirstPersonExampleMap.FirstPersonExampleMap_C' with ClassGeneratedBy '/Game/FirstPersonBP/Maps/FirstPersonExampleMap.FirstPersonExampleMap:PersistentLevel.FirstPersonExampleMap'
[2018.01.17-20.24.59:848][ 92]LogBlueprintUserMessages: Early EndPlayMap Detection: Level '/Game/FirstPersonBP/Maps/FirstPersonExampleMap.FirstPersonExampleMap:PersistentLevel' has LevelScriptBlueprint '/Game/FirstPersonBP/Maps/FirstPersonExampleMap.FirstPersonExampleMap:PersistentLevel.FirstPersonExampleMap' with GeneratedClass '/Game/FirstPersonBP/Maps/FirstPersonExampleMap.FirstPersonExampleMap_C' with ClassGeneratedBy '/Game/FirstPersonBP/Maps/FirstPersonExampleMap.FirstPersonExampleMap:PersistentLevel.FirstPersonExampleMap'
[2018.01.17-20.24.59:974][ 92]LogBlueprintUserMessages: Late EndPlayMap Detection: Level '/Game/FirstPersonBP/Maps/FirstPersonExampleMap.FirstPersonExampleMap:PersistentLevel' has LevelScriptBlueprint '/Game/FirstPersonBP/Maps/FirstPersonExampleMap.FirstPersonExampleMap:PersistentLevel.FirstPersonExampleMap' with GeneratedClass '/Game/FirstPersonBP/Maps/FirstPersonExampleMap.FirstPersonExampleMap_C' with ClassGeneratedBy '/Game/FirstPersonBP/Maps/FirstPersonExampleMap.FirstPersonExampleMap:PersistentLevel.FirstPersonExampleMap'
[2018.01.17-20.25.27:091][629]LogTemp: Repeting last play command: Selected Viewport
[2018.01.17-20.25.27:127][629]LogBlueprintUserMessages: Early PlayInEditor Detection: Level '/Game/FirstPersonBP/Maps/FirstPersonExampleMap.FirstPersonExampleMap:PersistentLevel' has LevelScriptBlueprint '/Game/FirstPersonBP/Maps/FirstPersonExampleMap.FirstPersonExampleMap:PersistentLevel.FirstPersonExampleMap' with GeneratedClass '/Game/FirstPersonBP/Maps/FirstPersonExampleMap.FirstPersonExampleMap_C' with ClassGeneratedBy '/Game/FirstPersonBP/Maps/FirstPersonExampleMap.FirstPersonExampleMap:PersistentLevel.FirstPersonExampleMap'
[2018.01.17-20.25.27:127][629]LogPlayLevel: PlayLevel: No blueprints needed recompiling
[2018.01.17-20.25.27:127][629]PIE: New page: PIE session: FirstPersonExampleMap (Jan 17, 2018, 10:25:27 PM)
[2018.01.17-20.25.27:127][629]LogPlayLevel: Creating play world package: /Game/FirstPersonBP/Maps/UEDPIE_0_FirstPersonExampleMap
[2018.01.17-20.25.27:229][629]LogPlayLevel: PIE: StaticDuplicateObject took: (0.101560s)
[2018.01.17-20.25.27:232][629]LogAIModule: Creating AISystem for world FirstPersonExampleMap
[2018.01.17-20.25.27:232][629]LogPlayLevel: PIE: World Init took: (0.003120s)
[2018.01.17-20.25.27:233][629]LogPlayLevel: PIE: Created PIE world by copying editor world from /Game/FirstPersonBP/Maps/FirstPersonExampleMap.FirstPersonExampleMap to /Game/FirstPersonBP/Maps/UEDPIE_0_FirstPersonExampleMap.FirstPersonExampleMap (0.105320s)
[2018.01.17-20.25.27:254][629]LogInit: XAudio2 using 'Głośniki (Realtek High Definition Audio)' : 2 channels at 48 kHz using 32 bits per sample (channel mask 0x3)
[2018.01.17-20.25.27:283][629]LogInit: FAudioDevice initialized.
[2018.01.17-20.25.27:317][629]LogLoad: Game class is 'FirstPersonGameMode_C'
[2018.01.17-20.25.27:337][629]LogWorld: Bringing World /Game/FirstPersonBP/Maps/UEDPIE_0_FirstPersonExampleMap.FirstPersonExampleMap up for play (max tick rate 0) at 2018.01.17-21.25.27
[2018.01.17-20.25.27:338][629]LogWorld: Bringing up level for play took: 0.019534
[2018.01.17-20.25.27:340][629]PIE: Info Play in editor start time for /Game/FirstPersonBP/Maps/UEDPIE_0_FirstPersonExampleMap 0.264
[2018.01.17-20.25.27:341][629]LogBlueprintUserMessages: Late PlayInEditor Detection: Level '/Game/FirstPersonBP/Maps/FirstPersonExampleMap.FirstPersonExampleMap:PersistentLevel' has LevelScriptBlueprint '/Game/FirstPersonBP/Maps/FirstPersonExampleMap.FirstPersonExampleMap:PersistentLevel.FirstPersonExampleMap' with GeneratedClass '/Game/FirstPersonBP/Maps/FirstPersonExampleMap.FirstPersonExampleMap_C' with ClassGeneratedBy '/Game/FirstPersonBP/Maps/FirstPersonExampleMap.FirstPersonExampleMap:PersistentLevel.FirstPersonExampleMap'
[2018.01.17-20.25.41:489][956]LogBlueprintUserMessages: Early EndPlayMap Detection: Level '/Game/FirstPersonBP/Maps/FirstPersonExampleMap.FirstPersonExampleMap:PersistentLevel' has LevelScriptBlueprint '/Game/FirstPersonBP/Maps/FirstPersonExampleMap.FirstPersonExampleMap:PersistentLevel.FirstPersonExampleMap' with GeneratedClass '/Game/FirstPersonBP/Maps/FirstPersonExampleMap.FirstPersonExampleMap_C' with ClassGeneratedBy '/Game/FirstPersonBP/Maps/FirstPersonExampleMap.FirstPersonExampleMap:PersistentLevel.FirstPersonExampleMap'
[2018.01.17-20.25.41:605][956]LogBlueprintUserMessages: Late EndPlayMap Detection: Level '/Game/FirstPersonBP/Maps/FirstPersonExampleMap.FirstPersonExampleMap:PersistentLevel' has LevelScriptBlueprint '/Game/FirstPersonBP/Maps/FirstPersonExampleMap.FirstPersonExampleMap:PersistentLevel.FirstPersonExampleMap' with GeneratedClass '/Game/FirstPersonBP/Maps/FirstPersonExampleMap.FirstPersonExampleMap_C' with ClassGeneratedBy '/Game/FirstPersonBP/Maps/FirstPersonExampleMap.FirstPersonExampleMap:PersistentLevel.FirstPersonExampleMap'
[2018.01.17-20.25.43:062][980]LogEditorViewport: Clicking on Actor (LMB): StaticMeshActor (SM_Lamp_Wall2)
[2018.01.17-20.25.45:543][ 19]LogSlate: Took 0.033431 seconds to synchronously load lazily loaded font '../../../Engine/Content/Editor/Slate/Fonts/Roboto-Italic.ttf' (157K)
[2018.01.17-20.25.49:192][ 84]LogEditorViewport: Clicking on Actor (LMB): StaticMeshActor (Cube18)
[2018.01.17-20.26.12:248][520]LogTemp: Repeting last play command: Selected Viewport
[2018.01.17-20.26.12:288][520]LogBlueprintUserMessages: Early PlayInEditor Detection: Level '/Game/FirstPersonBP/Maps/FirstPersonExampleMap.FirstPersonExampleMap:PersistentLevel' has LevelScriptBlueprint '/Game/FirstPersonBP/Maps/FirstPersonExampleMap.FirstPersonExampleMap:PersistentLevel.FirstPersonExampleMap' with GeneratedClass '/Game/FirstPersonBP/Maps/FirstPersonExampleMap.FirstPersonExampleMap_C' with ClassGeneratedBy '/Game/FirstPersonBP/Maps/FirstPersonExampleMap.FirstPersonExampleMap:PersistentLevel.FirstPersonExampleMap'
[2018.01.17-20.26.12:288][520]LogPlayLevel: PlayLevel: No blueprints needed recompiling
[2018.01.17-20.26.12:289][520]PIE: New page: PIE session: FirstPersonExampleMap (Jan 17, 2018, 10:26:12 PM)
[2018.01.17-20.26.12:289][520]LogPlayLevel: Creating play world package: /Game/FirstPersonBP/Maps/UEDPIE_0_FirstPersonExampleMap
[2018.01.17-20.26.12:438][520]LogPlayLevel: PIE: StaticDuplicateObject took: (0.148146s)
[2018.01.17-20.26.12:441][520]LogAIModule: Creating AISystem for world FirstPersonExampleMap
[2018.01.17-20.26.12:441][520]LogPlayLevel: PIE: World Init took: (0.003076s)
[2018.01.17-20.26.12:442][520]LogPlayLevel: PIE: Created PIE world by copying editor world from /Game/FirstPersonBP/Maps/FirstPersonExampleMap.FirstPersonExampleMap to /Game/FirstPersonBP/Maps/UEDPIE_0_FirstPersonExampleMap.FirstPersonExampleMap (0.152413s)
[2018.01.17-20.26.12:479][520]LogInit: XAudio2 using 'Głośniki (Realtek High Definition Audio)' : 2 channels at 48 kHz using 32 bits per sample (channel mask 0x3)
[2018.01.17-20.26.12:538][520]LogInit: FAudioDevice initialized.
[2018.01.17-20.26.12:582][520]LogLoad: Game class is 'FirstPersonGameMode_C'
[2018.01.17-20.26.12:619][520]LogWorld: Bringing World /Game/FirstPersonBP/Maps/UEDPIE_0_FirstPersonExampleMap.FirstPersonExampleMap up for play (max tick rate 0) at 2018.01.17-21.26.12
[2018.01.17-20.26.12:623][520]LogWorld: Bringing up level for play took: 0.037344
[2018.01.17-20.26.12:626][520]PIE: Info Play in editor start time for /Game/FirstPersonBP/Maps/UEDPIE_0_FirstPersonExampleMap -0.45
[2018.01.17-20.26.12:627][520]LogBlueprintUserMessages: Late PlayInEditor Detection: Level '/Game/FirstPersonBP/Maps/FirstPersonExampleMap.FirstPersonExampleMap:PersistentLevel' has LevelScriptBlueprint '/Game/FirstPersonBP/Maps/FirstPersonExampleMap.FirstPersonExampleMap:PersistentLevel.FirstPersonExampleMap' with GeneratedClass '/Game/FirstPersonBP/Maps/FirstPersonExampleMap.FirstPersonExampleMap_C' with ClassGeneratedBy '/Game/FirstPersonBP/Maps/FirstPersonExampleMap.FirstPersonExampleMap:PersistentLevel.FirstPersonExampleMap'
[2018.01.17-20.26.22:017][737]LogBlueprintUserMessages: Early EndPlayMap Detection: Level '/Game/FirstPersonBP/Maps/FirstPersonExampleMap.FirstPersonExampleMap:PersistentLevel' has LevelScriptBlueprint '/Game/FirstPersonBP/Maps/FirstPersonExampleMap.FirstPersonExampleMap:PersistentLevel.FirstPersonExampleMap' with GeneratedClass '/Game/FirstPersonBP/Maps/FirstPersonExampleMap.FirstPersonExampleMap_C' with ClassGeneratedBy '/Game/FirstPersonBP/Maps/FirstPersonExampleMap.FirstPersonExampleMap:PersistentLevel.FirstPersonExampleMap'
[2018.01.17-20.26.22:157][737]LogBlueprintUserMessages: Late EndPlayMap Detection: Level '/Game/FirstPersonBP/Maps/FirstPersonExampleMap.FirstPersonExampleMap:PersistentLevel' has LevelScriptBlueprint '/Game/FirstPersonBP/Maps/FirstPersonExampleMap.FirstPersonExampleMap:PersistentLevel.FirstPersonExampleMap' with GeneratedClass '/Game/FirstPersonBP/Maps/FirstPersonExampleMap.FirstPersonExampleMap_C' with ClassGeneratedBy '/Game/FirstPersonBP/Maps/FirstPersonExampleMap.FirstPersonExampleMap:PersistentLevel.FirstPersonExampleMap'
[2018.01.17-20.26.35:571][  0]Cmd: TRANSACTION UNDO
[2018.01.17-20.26.35:571][  0]LogEditorTransaction: Undo Paste Component(s)
[2018.01.17-20.26.35:771][  0]LogSlate: Took 0.000622 seconds to synchronously load lazily loaded font '../../../Engine/Content/Slate/Fonts/Roboto-Light.ttf' (159K)
[2018.01.17-20.26.41:671][124]LogEditorViewport: Clicking on Actor (LMB): StaticMeshActor (Cube16)
[2018.01.17-20.26.43:946][164]LogActorFactory: Actor Factory created Plane
[2018.01.17-20.26.44:635][178]LogSlate: Took 0.000333 seconds to synchronously load lazily loaded font '../../../Engine/Content/Slate/Fonts/Roboto-Light.ttf' (159K)
[2018.01.17-20.27.52:939][476]LogTemp: Repeting last play command: Selected Viewport
[2018.01.17-20.27.52:976][476]LogBlueprintUserMessages: Early PlayInEditor Detection: Level '/Game/FirstPersonBP/Maps/FirstPersonExampleMap.FirstPersonExampleMap:PersistentLevel' has LevelScriptBlueprint '/Game/FirstPersonBP/Maps/FirstPersonExampleMap.FirstPersonExampleMap:PersistentLevel.FirstPersonExampleMap' with GeneratedClass '/Game/FirstPersonBP/Maps/FirstPersonExampleMap.FirstPersonExampleMap_C' with ClassGeneratedBy '/Game/FirstPersonBP/Maps/FirstPersonExampleMap.FirstPersonExampleMap:PersistentLevel.FirstPersonExampleMap'
[2018.01.17-20.27.52:976][476]LogPlayLevel: PlayLevel: No blueprints needed recompiling
[2018.01.17-20.27.52:976][476]PIE: New page: PIE session: FirstPersonExampleMap (Jan 17, 2018, 10:27:52 PM)
[2018.01.17-20.27.52:977][476]LogPlayLevel: Creating play world package: /Game/FirstPersonBP/Maps/UEDPIE_0_FirstPersonExampleMap
[2018.01.17-20.27.53:120][476]LogPlayLevel: PIE: StaticDuplicateObject took: (0.142886s)
[2018.01.17-20.27.53:122][476]LogAIModule: Creating AISystem for world FirstPersonExampleMap
[2018.01.17-20.27.53:122][476]LogPlayLevel: PIE: World Init took: (0.002467s)
[2018.01.17-20.27.53:123][476]LogPlayLevel: PIE: Created PIE world by copying editor world from /Game/FirstPersonBP/Maps/FirstPersonExampleMap.FirstPersonExampleMap to /Game/FirstPersonBP/Maps/UEDPIE_0_FirstPersonExampleMap.FirstPersonExampleMap (0.146255s)
[2018.01.17-20.27.53:161][476]LogInit: XAudio2 using 'Głośniki (Realtek High Definition Audio)' : 2 channels at 48 kHz using 32 bits per sample (channel mask 0x3)
[2018.01.17-20.27.53:198][476]LogInit: FAudioDevice initialized.
[2018.01.17-20.27.53:230][476]LogLoad: Game class is 'FirstPersonGameMode_C'
[2018.01.17-20.27.53:247][476]LogWorld: Bringing World /Game/FirstPersonBP/Maps/UEDPIE_0_FirstPersonExampleMap.FirstPersonExampleMap up for play (max tick rate 0) at 2018.01.17-21.27.53
[2018.01.17-20.27.53:247][476]LogWorld: Bringing up level for play took: 0.015140
[2018.01.17-20.27.53:249][476]PIE: Info Play in editor start time for /Game/FirstPersonBP/Maps/UEDPIE_0_FirstPersonExampleMap 0.172
[2018.01.17-20.27.53:250][476]LogBlueprintUserMessages: Late PlayInEditor Detection: Level '/Game/FirstPersonBP/Maps/FirstPersonExampleMap.FirstPersonExampleMap:PersistentLevel' has LevelScriptBlueprint '/Game/FirstPersonBP/Maps/FirstPersonExampleMap.FirstPersonExampleMap:PersistentLevel.FirstPersonExampleMap' with GeneratedClass '/Game/FirstPersonBP/Maps/FirstPersonExampleMap.FirstPersonExampleMap_C' with ClassGeneratedBy '/Game/FirstPersonBP/Maps/FirstPersonExampleMap.FirstPersonExampleMap:PersistentLevel.FirstPersonExampleMap'
[2018.01.17-20.27.59:874][624]LogBlueprintUserMessages: Early EndPlayMap Detection: Level '/Game/FirstPersonBP/Maps/FirstPersonExampleMap.FirstPersonExampleMap:PersistentLevel' has LevelScriptBlueprint '/Game/FirstPersonBP/Maps/FirstPersonExampleMap.FirstPersonExampleMap:PersistentLevel.FirstPersonExampleMap' with GeneratedClass '/Game/FirstPersonBP/Maps/FirstPersonExampleMap.FirstPersonExampleMap_C' with ClassGeneratedBy '/Game/FirstPersonBP/Maps/FirstPersonExampleMap.FirstPersonExampleMap:PersistentLevel.FirstPersonExampleMap'
[2018.01.17-20.28.00:020][624]LogBlueprintUserMessages: Late EndPlayMap Detection: Level '/Game/FirstPersonBP/Maps/FirstPersonExampleMap.FirstPersonExampleMap:PersistentLevel' has LevelScriptBlueprint '/Game/FirstPersonBP/Maps/FirstPersonExampleMap.FirstPersonExampleMap:PersistentLevel.FirstPersonExampleMap' with GeneratedClass '/Game/FirstPersonBP/Maps/FirstPersonExampleMap.FirstPersonExampleMap_C' with ClassGeneratedBy '/Game/FirstPersonBP/Maps/FirstPersonExampleMap.FirstPersonExampleMap:PersistentLevel.FirstPersonExampleMap'
[2018.01.17-20.28.01:434][649]LogEditorViewport: Clicking on Actor (LMB): StaticMeshActor (Cube18)
[2018.01.17-20.28.06:075][736]LogEditorViewport: Clicking on Actor (LMB): StaticMeshActor (Cube16)
[2018.01.17-20.28.19:526][997]LogTemp: Repeting last play command: Selected Viewport
[2018.01.17-20.28.19:574][997]LogBlueprintUserMessages: Early PlayInEditor Detection: Level '/Game/FirstPersonBP/Maps/FirstPersonExampleMap.FirstPersonExampleMap:PersistentLevel' has LevelScriptBlueprint '/Game/FirstPersonBP/Maps/FirstPersonExampleMap.FirstPersonExampleMap:PersistentLevel.FirstPersonExampleMap' with GeneratedClass '/Game/FirstPersonBP/Maps/FirstPersonExampleMap.FirstPersonExampleMap_C' with ClassGeneratedBy '/Game/FirstPersonBP/Maps/FirstPersonExampleMap.FirstPersonExampleMap:PersistentLevel.FirstPersonExampleMap'
[2018.01.17-20.28.19:574][997]LogPlayLevel: PlayLevel: No blueprints needed recompiling
[2018.01.17-20.28.19:574][997]PIE: New page: PIE session: FirstPersonExampleMap (Jan 17, 2018, 10:28:19 PM)
[2018.01.17-20.28.19:574][997]LogPlayLevel: Creating play world package: /Game/FirstPersonBP/Maps/UEDPIE_0_FirstPersonExampleMap
[2018.01.17-20.28.19:743][997]LogPlayLevel: PIE: StaticDuplicateObject took: (0.168074s)
[2018.01.17-20.28.19:745][997]LogAIModule: Creating AISystem for world FirstPersonExampleMap
[2018.01.17-20.28.19:745][997]LogPlayLevel: PIE: World Init took: (0.002632s)
[2018.01.17-20.28.19:746][997]LogPlayLevel: PIE: Created PIE world by copying editor world from /Game/FirstPersonBP/Maps/FirstPersonExampleMap.FirstPersonExampleMap to /Game/FirstPersonBP/Maps/UEDPIE_0_FirstPersonExampleMap.FirstPersonExampleMap (0.171964s)
[2018.01.17-20.28.19:810][997]LogInit: XAudio2 using 'Głośniki (Realtek High Definition Audio)' : 2 channels at 48 kHz using 32 bits per sample (channel mask 0x3)
[2018.01.17-20.28.19:873][997]LogInit: FAudioDevice initialized.
[2018.01.17-20.28.19:924][997]LogLoad: Game class is 'FirstPersonGameMode_C'
[2018.01.17-20.28.19:970][997]LogWorld: Bringing World /Game/FirstPersonBP/Maps/UEDPIE_0_FirstPersonExampleMap.FirstPersonExampleMap up for play (max tick rate 0) at 2018.01.17-21.28.19
[2018.01.17-20.28.19:974][997]LogWorld: Bringing up level for play took: 0.046372
[2018.01.17-20.28.19:978][997]PIE: Info Play in editor start time for /Game/FirstPersonBP/Maps/UEDPIE_0_FirstPersonExampleMap 0.901
[2018.01.17-20.28.19:979][997]LogBlueprintUserMessages: Late PlayInEditor Detection: Level '/Game/FirstPersonBP/Maps/FirstPersonExampleMap.FirstPersonExampleMap:PersistentLevel' has LevelScriptBlueprint '/Game/FirstPersonBP/Maps/FirstPersonExampleMap.FirstPersonExampleMap:PersistentLevel.FirstPersonExampleMap' with GeneratedClass '/Game/FirstPersonBP/Maps/FirstPersonExampleMap.FirstPersonExampleMap_C' with ClassGeneratedBy '/Game/FirstPersonBP/Maps/FirstPersonExampleMap.FirstPersonExampleMap:PersistentLevel.FirstPersonExampleMap'
[2018.01.17-20.28.35:723][360]LogBlueprintUserMessages: Early EndPlayMap Detection: Level '/Game/FirstPersonBP/Maps/FirstPersonExampleMap.FirstPersonExampleMap:PersistentLevel' has LevelScriptBlueprint '/Game/FirstPersonBP/Maps/FirstPersonExampleMap.FirstPersonExampleMap:PersistentLevel.FirstPersonExampleMap' with GeneratedClass '/Game/FirstPersonBP/Maps/FirstPersonExampleMap.FirstPersonExampleMap_C' with ClassGeneratedBy '/Game/FirstPersonBP/Maps/FirstPersonExampleMap.FirstPersonExampleMap:PersistentLevel.FirstPersonExampleMap'
[2018.01.17-20.28.35:871][360]LogBlueprintUserMessages: Late EndPlayMap Detection: Level '/Game/FirstPersonBP/Maps/FirstPersonExampleMap.FirstPersonExampleMap:PersistentLevel' has LevelScriptBlueprint '/Game/FirstPersonBP/Maps/FirstPersonExampleMap.FirstPersonExampleMap:PersistentLevel.FirstPersonExampleMap' with GeneratedClass '/Game/FirstPersonBP/Maps/FirstPersonExampleMap.FirstPersonExampleMap_C' with ClassGeneratedBy '/Game/FirstPersonBP/Maps/FirstPersonExampleMap.FirstPersonExampleMap:PersistentLevel.FirstPersonExampleMap'
[2018.01.17-20.28.37:378][386]LogEditorViewport: Clicking on Actor (LMB): StaticMeshActor (SM_Lamp_Wall2)
[2018.01.17-20.28.41:480][461]Cmd: TRANSACTION UNDO
[2018.01.17-20.28.41:480][461]LogEditorTransaction: Undo Move Actors
[2018.01.17-20.28.47:980][584]LogTemp: Repeting last play command: Selected Viewport
[2018.01.17-20.28.48:018][584]LogBlueprintUserMessages: Early PlayInEditor Detection: Level '/Game/FirstPersonBP/Maps/FirstPersonExampleMap.FirstPersonExampleMap:PersistentLevel' has LevelScriptBlueprint '/Game/FirstPersonBP/Maps/FirstPersonExampleMap.FirstPersonExampleMap:PersistentLevel.FirstPersonExampleMap' with GeneratedClass '/Game/FirstPersonBP/Maps/FirstPersonExampleMap.FirstPersonExampleMap_C' with ClassGeneratedBy '/Game/FirstPersonBP/Maps/FirstPersonExampleMap.FirstPersonExampleMap:PersistentLevel.FirstPersonExampleMap'
[2018.01.17-20.28.48:018][584]LogPlayLevel: PlayLevel: No blueprints needed recompiling
[2018.01.17-20.28.48:018][584]PIE: New page: PIE session: FirstPersonExampleMap (Jan 17, 2018, 10:28:48 PM)
[2018.01.17-20.28.48:018][584]LogPlayLevel: Creating play world package: /Game/FirstPersonBP/Maps/UEDPIE_0_FirstPersonExampleMap
[2018.01.17-20.28.48:150][584]LogPlayLevel: PIE: StaticDuplicateObject took: (0.131844s)
[2018.01.17-20.28.48:151][584]LogAIModule: Creating AISystem for world FirstPersonExampleMap
[2018.01.17-20.28.48:152][584]LogPlayLevel: PIE: World Init took: (0.002001s)
[2018.01.17-20.28.48:153][584]LogPlayLevel: PIE: Created PIE world by copying editor world from /Game/FirstPersonBP/Maps/FirstPersonExampleMap.FirstPersonExampleMap to /Game/FirstPersonBP/Maps/UEDPIE_0_FirstPersonExampleMap.FirstPersonExampleMap (0.134901s)
[2018.01.17-20.28.48:195][584]LogInit: XAudio2 using 'Głośniki (Realtek High Definition Audio)' : 2 channels at 48 kHz using 32 bits per sample (channel mask 0x3)
[2018.01.17-20.28.48:253][584]LogInit: FAudioDevice initialized.
[2018.01.17-20.28.48:294][584]LogLoad: Game class is 'FirstPersonGameMode_C'
[2018.01.17-20.28.48:332][584]LogWorld: Bringing World /Game/FirstPersonBP/Maps/UEDPIE_0_FirstPersonExampleMap.FirstPersonExampleMap up for play (max tick rate 0) at 2018.01.17-21.28.48
[2018.01.17-20.28.48:335][584]LogWorld: Bringing up level for play took: 0.037653
[2018.01.17-20.28.48:338][584]PIE: Info Play in editor start time for /Game/FirstPersonBP/Maps/UEDPIE_0_FirstPersonExampleMap 1.261
[2018.01.17-20.28.48:339][584]LogBlueprintUserMessages: Late PlayInEditor Detection: Level '/Game/FirstPersonBP/Maps/FirstPersonExampleMap.FirstPersonExampleMap:PersistentLevel' has LevelScriptBlueprint '/Game/FirstPersonBP/Maps/FirstPersonExampleMap.FirstPersonExampleMap:PersistentLevel.FirstPersonExampleMap' with GeneratedClass '/Game/FirstPersonBP/Maps/FirstPersonExampleMap.FirstPersonExampleMap_C' with ClassGeneratedBy '/Game/FirstPersonBP/Maps/FirstPersonExampleMap.FirstPersonExampleMap:PersistentLevel.FirstPersonExampleMap'
[2018.01.17-20.29.01:251][882]LogBlueprintUserMessages: Early EndPlayMap Detection: Level '/Game/FirstPersonBP/Maps/FirstPersonExampleMap.FirstPersonExampleMap:PersistentLevel' has LevelScriptBlueprint '/Game/FirstPersonBP/Maps/FirstPersonExampleMap.FirstPersonExampleMap:PersistentLevel.FirstPersonExampleMap' with GeneratedClass '/Game/FirstPersonBP/Maps/FirstPersonExampleMap.FirstPersonExampleMap_C' with ClassGeneratedBy '/Game/FirstPersonBP/Maps/FirstPersonExampleMap.FirstPersonExampleMap:PersistentLevel.FirstPersonExampleMap'
[2018.01.17-20.29.01:410][882]LogBlueprintUserMessages: Late EndPlayMap Detection: Level '/Game/FirstPersonBP/Maps/FirstPersonExampleMap.FirstPersonExampleMap:PersistentLevel' has LevelScriptBlueprint '/Game/FirstPersonBP/Maps/FirstPersonExampleMap.FirstPersonExampleMap:PersistentLevel.FirstPersonExampleMap' with GeneratedClass '/Game/FirstPersonBP/Maps/FirstPersonExampleMap.FirstPersonExampleMap_C' with ClassGeneratedBy '/Game/FirstPersonBP/Maps/FirstPersonExampleMap.FirstPersonExampleMap:PersistentLevel.FirstPersonExampleMap'
[2018.01.17-20.29.03:177][914]LogEditorViewport: Clicking on Actor (LMB): StaticMeshActor (Cube16)
[2018.01.17-20.29.08:875][ 27]LogEditorViewport: Clicking on Actor (LMB): StaticMeshActor (Cube4)
[2018.01.17-20.31.40:656][ 93]LogEditorViewport: Clicking on Actor (LMB): StaticMeshActor (Cube22)
[2018.01.17-20.31.48:338][196]LogActorFactory: Actor Factory created Plane
[2018.01.17-20.32.29:333][781]Cmd: TRANSACTION UNDO
[2018.01.17-20.32.29:333][781]LogEditorTransaction: Undo Create Actors
[2018.01.17-20.33.56:846][178]Cmd: EDIT COPY
[2018.01.17-20.33.57:123][183]Cmd: EDIT PASTE
[2018.01.17-20.34.44:010][  3]LogEditorViewport: Clicking on Actor (LMB): StaticMeshActor (Cube21)
[2018.01.17-20.34.47:449][ 41]LogActorFactory: Actor Factory created Plane
[2018.01.17-20.35.19:575][487]LogEditorViewport: Clicking on Actor (context menu): StaticMeshActor (Wall_Door_400x300)
[2018.01.17-20.35.21:199][505]LogEditorViewport: Clicking on Actor (LMB): StaticMeshActor (Cube66)
[2018.01.17-20.35.24:469][550]LogEditorViewport: Clicking on Actor (LMB): StaticMeshActor (Cube21)
[2018.01.17-20.35.28:097][614]LogEditorViewport: Clicking on Actor (LMB): StaticMeshActor (Cube21)
[2018.01.17-20.35.36:428][778]Cmd: TRANSACTION UNDO
[2018.01.17-20.35.36:428][778]LogEditorTransaction: Undo Move Actors
[2018.01.17-20.36.02:479][289]LogEditorViewport: Clicking on Component (LMB): StaticMeshComponent (StaticMeshComponent0)
[2018.01.17-20.36.07:144][375]LogEditorViewport: Clicking on Actor (LMB): StaticMeshActor (Wall_Door_400x300)
[2018.01.17-20.36.15:752][508]LogEditorViewport: Clicking on Actor (LMB): StaticMeshActor (Cube21)
[2018.01.17-20.36.27:855][683]LogTemp: Repeting last play command: Selected Viewport
[2018.01.17-20.36.27:886][683]LogBlueprintUserMessages: Early PlayInEditor Detection: Level '/Game/FirstPersonBP/Maps/FirstPersonExampleMap.FirstPersonExampleMap:PersistentLevel' has LevelScriptBlueprint '/Game/FirstPersonBP/Maps/FirstPersonExampleMap.FirstPersonExampleMap:PersistentLevel.FirstPersonExampleMap' with GeneratedClass '/Game/FirstPersonBP/Maps/FirstPersonExampleMap.FirstPersonExampleMap_C' with ClassGeneratedBy '/Game/FirstPersonBP/Maps/FirstPersonExampleMap.FirstPersonExampleMap:PersistentLevel.FirstPersonExampleMap'
[2018.01.17-20.36.27:886][683]LogPlayLevel: PlayLevel: No blueprints needed recompiling
[2018.01.17-20.36.27:886][683]PIE: New page: PIE session: FirstPersonExampleMap (Jan 17, 2018, 10:36:27 PM)
[2018.01.17-20.36.27:887][683]LogPlayLevel: Creating play world package: /Game/FirstPersonBP/Maps/UEDPIE_0_FirstPersonExampleMap
[2018.01.17-20.36.28:004][683]LogPlayLevel: PIE: StaticDuplicateObject took: (0.116739s)
[2018.01.17-20.36.28:005][683]LogAIModule: Creating AISystem for world FirstPersonExampleMap
[2018.01.17-20.36.28:006][683]LogPlayLevel: PIE: World Init took: (0.002442s)
[2018.01.17-20.36.28:007][683]LogPlayLevel: PIE: Created PIE world by copying editor world from /Game/FirstPersonBP/Maps/FirstPersonExampleMap.FirstPersonExampleMap to /Game/FirstPersonBP/Maps/UEDPIE_0_FirstPersonExampleMap.FirstPersonExampleMap (0.120146s)
[2018.01.17-20.36.28:044][683]LogInit: XAudio2 using 'Głośniki (Realtek High Definition Audio)' : 2 channels at 48 kHz using 32 bits per sample (channel mask 0x3)
[2018.01.17-20.36.28:091][683]LogInit: FAudioDevice initialized.
[2018.01.17-20.36.28:131][683]LogLoad: Game class is 'FirstPersonGameMode_C'
[2018.01.17-20.36.28:161][683]LogWorld: Bringing World /Game/FirstPersonBP/Maps/UEDPIE_0_FirstPersonExampleMap.FirstPersonExampleMap up for play (max tick rate 0) at 2018.01.17-21.36.28
[2018.01.17-20.36.28:163][683]LogWorld: Bringing up level for play took: 0.029371
[2018.01.17-20.36.28:166][683]PIE: Info Play in editor start time for /Game/FirstPersonBP/Maps/UEDPIE_0_FirstPersonExampleMap 1.089
[2018.01.17-20.36.28:167][683]LogBlueprintUserMessages: Late PlayInEditor Detection: Level '/Game/FirstPersonBP/Maps/FirstPersonExampleMap.FirstPersonExampleMap:PersistentLevel' has LevelScriptBlueprint '/Game/FirstPersonBP/Maps/FirstPersonExampleMap.FirstPersonExampleMap:PersistentLevel.FirstPersonExampleMap' with GeneratedClass '/Game/FirstPersonBP/Maps/FirstPersonExampleMap.FirstPersonExampleMap_C' with ClassGeneratedBy '/Game/FirstPersonBP/Maps/FirstPersonExampleMap.FirstPersonExampleMap:PersistentLevel.FirstPersonExampleMap'
[2018.01.17-20.36.48:049][131]LogBlueprintUserMessages: Early EndPlayMap Detection: Level '/Game/FirstPersonBP/Maps/FirstPersonExampleMap.FirstPersonExampleMap:PersistentLevel' has LevelScriptBlueprint '/Game/FirstPersonBP/Maps/FirstPersonExampleMap.FirstPersonExampleMap:PersistentLevel.FirstPersonExampleMap' with GeneratedClass '/Game/FirstPersonBP/Maps/FirstPersonExampleMap.FirstPersonExampleMap_C' with ClassGeneratedBy '/Game/FirstPersonBP/Maps/FirstPersonExampleMap.FirstPersonExampleMap:PersistentLevel.FirstPersonExampleMap'
[2018.01.17-20.36.48:193][131]LogBlueprintUserMessages: Late EndPlayMap Detection: Level '/Game/FirstPersonBP/Maps/FirstPersonExampleMap.FirstPersonExampleMap:PersistentLevel' has LevelScriptBlueprint '/Game/FirstPersonBP/Maps/FirstPersonExampleMap.FirstPersonExampleMap:PersistentLevel.FirstPersonExampleMap' with GeneratedClass '/Game/FirstPersonBP/Maps/FirstPersonExampleMap.FirstPersonExampleMap_C' with ClassGeneratedBy '/Game/FirstPersonBP/Maps/FirstPersonExampleMap.FirstPersonExampleMap:PersistentLevel.FirstPersonExampleMap'
[2018.01.17-20.36.56:170][285]LogEditorViewport: Clicking on Actor (LMB): StaticMeshActor (Cylinder21)
[2018.01.17-20.36.57:386][305]LogEditorViewport: Clicking on Actor (LMB): TriggerBox (TriggerBox8)
[2018.01.17-20.37.20:982][777]LogEditorViewport: Clicking on Actor (LMB): StaticMeshActor (Cube22)
[2018.01.17-20.38.50:686][224]LogTemp: Repeting last play command: Selected Viewport
[2018.01.17-20.38.50:738][224]LogBlueprintUserMessages: Early PlayInEditor Detection: Level '/Game/FirstPersonBP/Maps/FirstPersonExampleMap.FirstPersonExampleMap:PersistentLevel' has LevelScriptBlueprint '/Game/FirstPersonBP/Maps/FirstPersonExampleMap.FirstPersonExampleMap:PersistentLevel.FirstPersonExampleMap' with GeneratedClass '/Game/FirstPersonBP/Maps/FirstPersonExampleMap.FirstPersonExampleMap_C' with ClassGeneratedBy '/Game/FirstPersonBP/Maps/FirstPersonExampleMap.FirstPersonExampleMap:PersistentLevel.FirstPersonExampleMap'
[2018.01.17-20.38.50:738][224]LogPlayLevel: PlayLevel: No blueprints needed recompiling
[2018.01.17-20.38.50:739][224]PIE: New page: PIE session: FirstPersonExampleMap (Jan 17, 2018, 10:38:50 PM)
[2018.01.17-20.38.50:739][224]LogPlayLevel: Creating play world package: /Game/FirstPersonBP/Maps/UEDPIE_0_FirstPersonExampleMap
[2018.01.17-20.38.50:915][224]LogPlayLevel: PIE: StaticDuplicateObject took: (0.176092s)
[2018.01.17-20.38.50:919][224]LogAIModule: Creating AISystem for world FirstPersonExampleMap
[2018.01.17-20.38.50:919][224]LogPlayLevel: PIE: World Init took: (0.003780s)
[2018.01.17-20.38.50:920][224]LogPlayLevel: PIE: Created PIE world by copying editor world from /Game/FirstPersonBP/Maps/FirstPersonExampleMap.FirstPersonExampleMap to /Game/FirstPersonBP/Maps/UEDPIE_0_FirstPersonExampleMap.FirstPersonExampleMap (0.181267s)
[2018.01.17-20.38.50:980][224]LogInit: XAudio2 using 'Głośniki (Realtek High Definition Audio)' : 2 channels at 48 kHz using 32 bits per sample (channel mask 0x3)
[2018.01.17-20.38.51:050][224]LogInit: FAudioDevice initialized.
[2018.01.17-20.38.51:095][224]LogLoad: Game class is 'FirstPersonGameMode_C'
[2018.01.17-20.38.51:141][224]LogWorld: Bringing World /Game/FirstPersonBP/Maps/UEDPIE_0_FirstPersonExampleMap.FirstPersonExampleMap up for play (max tick rate 0) at 2018.01.17-21.38.51
[2018.01.17-20.38.51:145][224]LogWorld: Bringing up level for play took: 0.046397
[2018.01.17-20.38.51:150][224]PIE: Info Play in editor start time for /Game/FirstPersonBP/Maps/UEDPIE_0_FirstPersonExampleMap 0.073
[2018.01.17-20.38.51:151][224]LogBlueprintUserMessages: Late PlayInEditor Detection: Level '/Game/FirstPersonBP/Maps/FirstPersonExampleMap.FirstPersonExampleMap:PersistentLevel' has LevelScriptBlueprint '/Game/FirstPersonBP/Maps/FirstPersonExampleMap.FirstPersonExampleMap:PersistentLevel.FirstPersonExampleMap' with GeneratedClass '/Game/FirstPersonBP/Maps/FirstPersonExampleMap.FirstPersonExampleMap_C' with ClassGeneratedBy '/Game/FirstPersonBP/Maps/FirstPersonExampleMap.FirstPersonExampleMap:PersistentLevel.FirstPersonExampleMap'
[2018.01.17-20.39.47:292][481]LogBlueprintUserMessages: Early EndPlayMap Detection: Level '/Game/FirstPersonBP/Maps/FirstPersonExampleMap.FirstPersonExampleMap:PersistentLevel' has LevelScriptBlueprint '/Game/FirstPersonBP/Maps/FirstPersonExampleMap.FirstPersonExampleMap:PersistentLevel.FirstPersonExampleMap' with GeneratedClass '/Game/FirstPersonBP/Maps/FirstPersonExampleMap.FirstPersonExampleMap_C' with ClassGeneratedBy '/Game/FirstPersonBP/Maps/FirstPersonExampleMap.FirstPersonExampleMap:PersistentLevel.FirstPersonExampleMap'
[2018.01.17-20.39.47:420][481]LogBlueprintUserMessages: Late EndPlayMap Detection: Level '/Game/FirstPersonBP/Maps/FirstPersonExampleMap.FirstPersonExampleMap:PersistentLevel' has LevelScriptBlueprint '/Game/FirstPersonBP/Maps/FirstPersonExampleMap.FirstPersonExampleMap:PersistentLevel.FirstPersonExampleMap' with GeneratedClass '/Game/FirstPersonBP/Maps/FirstPersonExampleMap.FirstPersonExampleMap_C' with ClassGeneratedBy '/Game/FirstPersonBP/Maps/FirstPersonExampleMap.FirstPersonExampleMap:PersistentLevel.FirstPersonExampleMap'
[2018.01.17-20.40.04:326][803]LogEditorViewport: Clicking on Actor (context menu): StaticMeshActor (Cube20)
[2018.01.17-20.40.06:171][830]LogEditorViewport: Clicking on Actor (LMB): SpotLight (SpotLight4)
[2018.01.17-20.40.19:168][ 50]LogTemp: Repeting last play command: Selected Viewport
[2018.01.17-20.40.19:209][ 50]LogBlueprintUserMessages: Early PlayInEditor Detection: Level '/Game/FirstPersonBP/Maps/FirstPersonExampleMap.FirstPersonExampleMap:PersistentLevel' has LevelScriptBlueprint '/Game/FirstPersonBP/Maps/FirstPersonExampleMap.FirstPersonExampleMap:PersistentLevel.FirstPersonExampleMap' with GeneratedClass '/Game/FirstPersonBP/Maps/FirstPersonExampleMap.FirstPersonExampleMap_C' with ClassGeneratedBy '/Game/FirstPersonBP/Maps/FirstPersonExampleMap.FirstPersonExampleMap:PersistentLevel.FirstPersonExampleMap'
[2018.01.17-20.40.19:209][ 50]LogPlayLevel: PlayLevel: No blueprints needed recompiling
[2018.01.17-20.40.19:210][ 50]PIE: New page: PIE session: FirstPersonExampleMap (Jan 17, 2018, 10:40:19 PM)
[2018.01.17-20.40.19:210][ 50]LogPlayLevel: Creating play world package: /Game/FirstPersonBP/Maps/UEDPIE_0_FirstPersonExampleMap
[2018.01.17-20.40.19:364][ 50]LogPlayLevel: PIE: StaticDuplicateObject took: (0.154805s)
[2018.01.17-20.40.19:366][ 50]LogAIModule: Creating AISystem for world FirstPersonExampleMap
[2018.01.17-20.40.19:367][ 50]LogPlayLevel: PIE: World Init took: (0.002520s)
[2018.01.17-20.40.19:368][ 50]LogPlayLevel: PIE: Created PIE world by copying editor world from /Game/FirstPersonBP/Maps/FirstPersonExampleMap.FirstPersonExampleMap to /Game/FirstPersonBP/Maps/UEDPIE_0_FirstPersonExampleMap.FirstPersonExampleMap (0.158431s)
[2018.01.17-20.40.19:418][ 50]LogInit: XAudio2 using 'Głośniki (Realtek High Definition Audio)' : 2 channels at 48 kHz using 32 bits per sample (channel mask 0x3)
[2018.01.17-20.40.19:475][ 50]LogInit: FAudioDevice initialized.
[2018.01.17-20.40.19:516][ 50]LogLoad: Game class is 'FirstPersonGameMode_C'
[2018.01.17-20.40.19:555][ 50]LogWorld: Bringing World /Game/FirstPersonBP/Maps/UEDPIE_0_FirstPersonExampleMap.FirstPersonExampleMap up for play (max tick rate 0) at 2018.01.17-21.40.19
[2018.01.17-20.40.19:558][ 50]LogWorld: Bringing up level for play took: 0.037827
[2018.01.17-20.40.19:561][ 50]PIE: Info Play in editor start time for /Game/FirstPersonBP/Maps/UEDPIE_0_FirstPersonExampleMap 0.484
[2018.01.17-20.40.19:562][ 50]LogBlueprintUserMessages: Late PlayInEditor Detection: Level '/Game/FirstPersonBP/Maps/FirstPersonExampleMap.FirstPersonExampleMap:PersistentLevel' has LevelScriptBlueprint '/Game/FirstPersonBP/Maps/FirstPersonExampleMap.FirstPersonExampleMap:PersistentLevel.FirstPersonExampleMap' with GeneratedClass '/Game/FirstPersonBP/Maps/FirstPersonExampleMap.FirstPersonExampleMap_C' with ClassGeneratedBy '/Game/FirstPersonBP/Maps/FirstPersonExampleMap.FirstPersonExampleMap:PersistentLevel.FirstPersonExampleMap'
[2018.01.17-20.40.44:301][588]LogBlueprintUserMessages: Early EndPlayMap Detection: Level '/Game/FirstPersonBP/Maps/FirstPersonExampleMap.FirstPersonExampleMap:PersistentLevel' has LevelScriptBlueprint '/Game/FirstPersonBP/Maps/FirstPersonExampleMap.FirstPersonExampleMap:PersistentLevel.FirstPersonExampleMap' with GeneratedClass '/Game/FirstPersonBP/Maps/FirstPersonExampleMap.FirstPersonExampleMap_C' with ClassGeneratedBy '/Game/FirstPersonBP/Maps/FirstPersonExampleMap.FirstPersonExampleMap:PersistentLevel.FirstPersonExampleMap'
[2018.01.17-20.40.44:434][588]LogBlueprintUserMessages: Late EndPlayMap Detection: Level '/Game/FirstPersonBP/Maps/FirstPersonExampleMap.FirstPersonExampleMap:PersistentLevel' has LevelScriptBlueprint '/Game/FirstPersonBP/Maps/FirstPersonExampleMap.FirstPersonExampleMap:PersistentLevel.FirstPersonExampleMap' with GeneratedClass '/Game/FirstPersonBP/Maps/FirstPersonExampleMap.FirstPersonExampleMap_C' with ClassGeneratedBy '/Game/FirstPersonBP/Maps/FirstPersonExampleMap.FirstPersonExampleMap:PersistentLevel.FirstPersonExampleMap'
[2018.01.17-20.40.45:262][598]Cmd: OBJ SAVEPACKAGE PACKAGE="/Game/FirstPersonBP/Maps/FirstPersonExampleMap" FILE="I:/Projekt/PGK/Content/FirstPersonBP/Maps/FirstPersonExampleMap.umap" SILENT=true AUTOSAVING=false KEEPDIRTY=false
[2018.01.17-20.40.47:207][598]LogSavePackage: Save=1856.36ms
[2018.01.17-20.40.47:207][598]LogSavePackage: Moving 'I:/Projekt/PGK/Saved/FirstPersonExampleMapE67223AC46CA05AF0BA172956B0F245A.tmp' to 'I:/Projekt/PGK/Content/FirstPersonBP/Maps/FirstPersonExampleMap.umap'
[2018.01.17-20.40.47:215][598]LogSavePackage:Display: Finished SavePackage I:/Projekt/PGK/Content/FirstPersonBP/Maps/FirstPersonExampleMap.umap
[2018.01.17-20.40.47:245][598]LogSlate: Took 0.000227 seconds to synchronously load lazily loaded font '../../../Engine/Content/Slate/Fonts/Roboto-Regular.ttf' (155K)
[2018.01.17-20.40.47:250][598]Cmd: OBJ SAVEPACKAGE PACKAGE="/Game/FirstPersonBP/Maps/FirstPersonExampleMap_BuiltData" FILE="I:/Projekt/PGK/Content/FirstPersonBP/Maps/FirstPersonExampleMap_BuiltData.uasset" SILENT=true
[2018.01.17-20.40.47:302][598]LogSavePackage: Save=47.82ms
[2018.01.17-20.40.47:302][598]LogSavePackage: Moving 'I:/Projekt/PGK/Saved/FirstPersonExampleMap_BuiltDataF94851974E45C95E713908AFF2DDD91C.tmp' to 'I:/Projekt/PGK/Content/FirstPersonBP/Maps/FirstPersonExampleMap_BuiltData.uasset'
[2018.01.17-20.40.47:303][598]LogSavePackage:Display: Finished SavePackage I:/Projekt/PGK/Content/FirstPersonBP/Maps/FirstPersonExampleMap_BuiltData.uasset
[2018.01.17-20.47.40:576][ 44]AssetReimport: New page: Outstanding source content changes 10:47:40 PM
[2018.01.17-20.47.40:699][ 45]LogFactory: FactoryCreateFile: Texture with ReimportTextureFactory (0 0 I:/Projekt/PGK/Content/import/history/5.jpg)
[2018.01.17-20.47.43:144][ 46]LogFactory: FactoryCreateFile: Texture with ReimportTextureFactory (0 0 I:/Projekt/PGK/Content/import/history/4.jpg)
[2018.01.17-20.47.45:225][ 47]LogFactory: FactoryCreateFile: Texture with ReimportTextureFactory (0 0 I:/Projekt/PGK/Content/import/history/3.jpg)
[2018.01.17-20.47.47:172][ 48]LogFactory: FactoryCreateFile: Texture with ReimportTextureFactory (0 0 I:/Projekt/PGK/Content/import/history/2.jpg)
[2018.01.17-20.47.49:034][ 49]LogFactory: FactoryCreateFile: Texture with ReimportTextureFactory (0 0 I:/Projekt/PGK/Content/import/history/1.jpg)
[2018.01.17-20.47.50:970][ 50]Cmd: OBJ SAVEPACKAGE PACKAGE="/Game/import/history/5" FILE="I:/Projekt/PGK/Content/import/history/5.uasset" SILENT=true
[2018.01.17-20.47.53:182][ 50]LogSavePackage: Save=2209.76ms
[2018.01.17-20.47.53:182][ 50]LogSavePackage: Moving 'I:/Projekt/PGK/Saved/5716039B8447B7A424BEDD0A5611B0758.tmp' to 'I:/Projekt/PGK/Content/import/history/5.uasset'
[2018.01.17-20.47.53:184][ 50]LogSavePackage:Display: Finished SavePackage I:/Projekt/PGK/Content/import/history/5.uasset
[2018.01.17-20.47.53:204][ 50]Cmd: OBJ SAVEPACKAGE PACKAGE="/Game/import/history/4" FILE="I:/Projekt/PGK/Content/import/history/4.uasset" SILENT=true
[2018.01.17-20.47.55:442][ 50]LogSavePackage: Save=2237.10ms
[2018.01.17-20.47.55:442][ 50]LogSavePackage: Moving 'I:/Projekt/PGK/Saved/419395A054D5C0FA9EFBAA08E5CAC3E9A.tmp' to 'I:/Projekt/PGK/Content/import/history/4.uasset'
[2018.01.17-20.47.55:444][ 50]LogSavePackage:Display: Finished SavePackage I:/Projekt/PGK/Content/import/history/4.uasset
[2018.01.17-20.47.55:465][ 50]Cmd: OBJ SAVEPACKAGE PACKAGE="/Game/import/history/3" FILE="I:/Projekt/PGK/Content/import/history/3.uasset" SILENT=true
[2018.01.17-20.47.57:701][ 50]LogSavePackage: Save=2201.22ms
[2018.01.17-20.47.57:701][ 50]LogSavePackage: Moving 'I:/Projekt/PGK/Saved/39228895A45B3D845D79CE0B4247F55D7.tmp' to 'I:/Projekt/PGK/Content/import/history/3.uasset'
[2018.01.17-20.47.57:703][ 50]LogSavePackage:Display: Finished SavePackage I:/Projekt/PGK/Content/import/history/3.uasset
[2018.01.17-20.47.57:732][ 50]Cmd: OBJ SAVEPACKAGE PACKAGE="/Game/import/history/2" FILE="I:/Projekt/PGK/Content/import/history/2.uasset" SILENT=true
[2018.01.17-20.47.59:979][ 50]LogSavePackage: Save=2246.22ms
[2018.01.17-20.47.59:979][ 50]LogSavePackage: Moving 'I:/Projekt/PGK/Saved/27D3EA2D3408C240E2AEA199566EDA9B1.tmp' to 'I:/Projekt/PGK/Content/import/history/2.uasset'
[2018.01.17-20.47.59:981][ 50]LogSavePackage:Display: Finished SavePackage I:/Projekt/PGK/Content/import/history/2.uasset
[2018.01.17-20.48.00:013][ 50]Cmd: OBJ SAVEPACKAGE PACKAGE="/Game/import/history/1" FILE="I:/Projekt/PGK/Content/import/history/1.uasset" SILENT=true
[2018.01.17-20.48.02:185][ 50]LogSavePackage: Save=2170.98ms
[2018.01.17-20.48.02:185][ 50]LogSavePackage: Moving 'I:/Projekt/PGK/Saved/18892A7A24993AA7304F8AFB25FD89DFE.tmp' to 'I:/Projekt/PGK/Content/import/history/1.uasset'
[2018.01.17-20.48.02:198][ 50]LogSavePackage:Display: Finished SavePackage I:/Projekt/PGK/Content/import/history/1.uasset
[2018.01.17-20.48.05:253][ 95]AssetReimport: Info Importing new asset /Game/import/history/5.
[2018.01.17-20.48.05:253][ 95]AssetReimport: Info Importing new asset /Game/import/history/4.
[2018.01.17-20.48.05:253][ 95]AssetReimport: Info Importing new asset /Game/import/history/3.
[2018.01.17-20.48.05:253][ 95]AssetReimport: Info Importing new asset /Game/import/history/2.
[2018.01.17-20.48.05:253][ 95]AssetReimport: Info Importing new asset /Game/import/history/1.
[2018.01.17-20.48.20:210][301]LogMaterial: Missing cached shader map for material 1_Mat, compiling. 
[2018.01.17-20.48.24:162][352]LogMaterial: Missing cached shader map for material 2_Mat, compiling. 
[2018.01.17-20.48.28:083][402]LogMaterial: Missing cached shader map for material 3_Mat, compiling. 
[2018.01.17-20.48.28:455][404]LogD3D11RHI:Error: Direct3DDevice->CreateTexture2D(TextureDesc,SubResourceData,OutTexture2D) failed 
 at D:\Build\++UE4+Release-4.16+Compile\Sync\Engine\Source\Runtime\Windows\D3D11RHI\Private\D3D11Texture.cpp:441 
 with error E_OUTOFMEMORY, 
 Size=2048x2048x1 Format=(0x00000035), NumMips=1, Flags=D3D11_BIND_DEPTH_STENCIL D3D11_BIND_SHADER_RESOURCE 
[2018.01.17-20.48.39:916][404]LogConsoleResponse:    133 = 24576 KB (2D 6144x2048 PF_ShadowDepth) WholeSceneShadowmap
[2018.01.17-20.48.39:916][404]LogConsoleResponse:    134 = 24576 KB (2D 6144x2048 PF_ShadowDepth) WholeSceneShadowmap
[2018.01.17-20.48.39:916][404]LogConsoleResponse:    132 = 24576 KB (2D 6144x2048 PF_ShadowDepth) WholeSceneShadowmap
[2018.01.17-20.48.39:916][404]LogConsoleResponse:    159 = 12288 KB (Cube 1024 PF_ShadowDepth) CubeShadowDepthZ
[2018.01.17-20.48.39:916][404]LogConsoleResponse:    158 = 12288 KB (Cube 1024 PF_ShadowDepth) CubeShadowDepthZ
[2018.01.17-20.48.39:916][404]LogConsoleResponse:    160 = 12288 KB (Cube 1024 PF_ShadowDepth) CubeShadowDepthZ
[2018.01.17-20.48.39:916][404]LogConsoleResponse:    161 = 12288 KB (Cube 1024 PF_ShadowDepth) CubeShadowDepthZ
[2018.01.17-20.48.39:916][404]LogConsoleResponse:    166 = 12288 KB (Cube 1024 PF_ShadowDepth) CubeShadowDepthZ
[2018.01.17-20.48.39:916][404]LogConsoleResponse:    203 = 12288 KB (Cube 1024 PF_ShadowDepth) CubeShadowDepthZ
[2018.01.17-20.48.39:916][404]LogConsoleResponse:    157 = 12288 KB (Cube 1024 PF_ShadowDepth) CubeShadowDepthZ
[2018.01.17-20.48.39:916][404]LogConsoleResponse:    202 = 12288 KB (Cube 1024 PF_ShadowDepth) CubeShadowDepthZ
[2018.01.17-20.48.39:916][404]LogConsoleResponse:    175 = 12288 KB (Cube 1024 PF_ShadowDepth) CubeShadowDepthZ
[2018.01.17-20.48.39:916][404]LogConsoleResponse:    174 = 12288 KB (Cube 1024 PF_ShadowDepth) CubeShadowDepthZ
[2018.01.17-20.48.39:916][404]LogConsoleResponse:    180 = 12288 KB (Cube 1024 PF_ShadowDepth) CubeShadowDepthZ
[2018.01.17-20.48.39:916][404]LogConsoleResponse:    179 = 12288 KB (Cube 1024 PF_ShadowDepth) CubeShadowDepthZ
[2018.01.17-20.48.39:916][404]LogConsoleResponse:    173 = 12288 KB (Cube 1024 PF_ShadowDepth) CubeShadowDepthZ
[2018.01.17-20.48.39:916][404]LogConsoleResponse:    170 = 12288 KB (Cube 1024 PF_ShadowDepth) CubeShadowDepthZ
[2018.01.17-20.48.39:916][404]LogConsoleResponse:    165 = 12288 KB (Cube 1024 PF_ShadowDepth) CubeShadowDepthZ
[2018.01.17-20.48.39:916][404]LogConsoleResponse:    172 = 12288 KB (Cube 1024 PF_ShadowDepth) CubeShadowDepthZ
[2018.01.17-20.48.39:916][404]LogConsoleResponse:    168 = 12288 KB (Cube 1024 PF_ShadowDepth) CubeShadowDepthZ
[2018.01.17-20.48.39:916][404]LogConsoleResponse:    176 = 12288 KB (Cube 1024 PF_ShadowDepth) CubeShadowDepthZ
[2018.01.17-20.48.39:916][404]LogConsoleResponse:    162 = 12288 KB (Cube 1024 PF_ShadowDepth) CubeShadowDepthZ
[2018.01.17-20.48.39:916][404]LogConsoleResponse:    167 = 12288 KB (Cube 1024 PF_ShadowDepth) CubeShadowDepthZ
[2018.01.17-20.48.39:916][404]LogConsoleResponse:    169 = 12288 KB (Cube 1024 PF_ShadowDepth) CubeShadowDepthZ
[2018.01.17-20.48.39:916][404]LogConsoleResponse:    171 = 12288 KB (Cube 1024 PF_ShadowDepth) CubeShadowDepthZ
[2018.01.17-20.48.39:916][404]LogConsoleResponse:    207 = 8192 KB (2D 2048x2048 PF_ShadowDepth) CachedShadowDepthMap
[2018.01.17-20.48.39:916][404]LogConsoleResponse:    205 = 8192 KB (2D 2048x2048 PF_ShadowDepth) CachedShadowDepthMap
[2018.01.17-20.48.39:916][404]LogConsoleResponse:     30 = 5532 KB (2D 1180x600 PF_FloatRGBA RT UAV VRam) SceneColor VRamInKB(Start/Size):<NONE>
[2018.01.17-20.48.39:916][404]LogConsoleResponse:    139 = 5532 KB (2D 1180x600 PF_FloatRGBA RT UAV VRam) SceneColor VRamInKB(Start/Size):<NONE>
[2018.01.17-20.48.39:916][404]LogConsoleResponse:     25 = 5532 KB (2D 1180x600 PF_FloatRGBA RT UAV) LightAccumulation
[2018.01.17-20.48.39:916][404]LogConsoleResponse:    143 = 5532 KB (2D 1180x600 PF_FloatRGBA RT VRam) BokehDOFRecombine VRamInKB(Start/Size):<NONE>
[2018.01.17-20.48.39:916][404]LogConsoleResponse:     54 = 5532 KB (2D 1180x600 PF_FloatRGBA RT VRam) TemporalAA VRamInKB(Start/Size):<NONE>
[2018.01.17-20.48.39:916][404]LogConsoleResponse:    115 = 5532 KB (2D 1180x600 PF_FloatRGBA RT VRam) TemporalAA VRamInKB(Start/Size):<NONE>
[2018.01.17-20.48.39:916][404]LogConsoleResponse:    141 = 5532 KB (2D 1180x600 PF_FloatRGBA RT) SeparateTranslucency
[2018.01.17-20.48.39:916][404]LogConsoleResponse:     33 = 5532 KB (2D 1180x600 PF_FloatRGBA RT) SSRTemporalAA
[2018.01.17-20.48.39:916][404]LogConsoleResponse:    164 = 3072 KB (Cube 512 PF_ShadowDepth) CubeShadowDepthZ
[2018.01.17-20.48.39:916][404]LogConsoleResponse:    163 = 3072 KB (Cube 512 PF_ShadowDepth) CubeShadowDepthZ
[2018.01.17-20.48.39:916][404]LogConsoleResponse:    135 = 2766 KB (2D 1180x600 PF_A2B10G10R10 RT) GBufferA
[2018.01.17-20.48.39:916][404]LogConsoleResponse:    137 = 2766 KB (2D 1180x600 PF_B8G8R8A8 RT sRGB VRam) GBufferC VRamInKB(Start/Size):<NONE>
[2018.01.17-20.48.39:916][404]LogConsoleResponse:    136 = 2766 KB (2D 1180x600 PF_B8G8R8A8 RT VRam) GBufferB VRamInKB(Start/Size):<NONE>
[2018.01.17-20.48.39:916][404]LogConsoleResponse:    138 = 2766 KB (2D 1180x600 PF_B8G8R8A8 RT VRam) GBufferD VRamInKB(Start/Size):<NONE>
[2018.01.17-20.48.39:916][404]LogConsoleResponse:    140 = 2766 KB (2D 1180x600 PF_B8G8R8A8 RT VRam) LightAttenuation VRamInKB(Start/Size):<NONE>
[2018.01.17-20.48.39:916][404]LogConsoleResponse:     16 = 2766 KB (2D 1180x600 PF_DepthStencil VRam) SceneDepthZ VRamInKB(Start/Size):<NONE>
[2018.01.17-20.48.39:916][404]LogConsoleResponse:    142 = 2766 KB (2D 1180x600 PF_DepthStencil) SeparateTranslucencyDepth
[2018.01.17-20.48.39:916][404]LogConsoleResponse:    204 = 2048 KB (2D 1024x1024 PF_ShadowDepth) CachedShadowDepthMap
[2018.01.17-20.48.39:916][404]LogConsoleResponse:     19 = 2048 KB (3D 64x64x64 PF_FloatRGBA RT UAV) TranslucentVolume0
[2018.01.17-20.48.39:916][404]LogConsoleResponse:     21 = 2048 KB (3D 64x64x64 PF_FloatRGBA RT UAV) TranslucentVolume1
[2018.01.17-20.48.39:916][404]LogConsoleResponse:     23 = 2048 KB (3D 64x64x64 PF_FloatRGBA RT UAV) TranslucentVolume2
[2018.01.17-20.48.39:916][404]LogConsoleResponse:     20 = 2048 KB (3D 64x64x64 PF_FloatRGBA RT UAV) TranslucentVolumeDir0
[2018.01.17-20.48.39:916][404]LogConsoleResponse:     22 = 2048 KB (3D 64x64x64 PF_FloatRGBA RT UAV) TranslucentVolumeDir1
[2018.01.17-20.48.39:916][404]LogConsoleResponse:     24 = 2048 KB (3D 64x64x64 PF_FloatRGBA RT UAV) TranslucentVolumeDir2
[2018.01.17-20.48.39:916][404]LogConsoleResponse:     35 = 2048 KB (Cube[2] 128 PF_FloatRGBA) ReflectionEnvs
[2018.01.17-20.48.39:916][404]LogConsoleResponse:     26 = 1383 KB (2D 1180x300 PF_R32_UINT RT UAV) QuadOverdrawBuffer
[2018.01.17-20.48.39:916][404]LogConsoleResponse:     17 = 1383 KB (2D 590x300 PF_DepthStencil) SmallDepthZ
[2018.01.17-20.48.39:916][404]LogConsoleResponse:     27 = 1024 KB (Cube 128 PF_FloatRGBA RT) ReflectionColorScratchCubemap0
[2018.01.17-20.48.39:916][404]LogConsoleResponse:     37 = 1024 KB (Cube 128 PF_FloatRGBA RT) ReflectionColorScratchCubemap1
[2018.01.17-20.48.39:916][404]LogConsoleResponse:    201 = 768 KB (Cube 256 PF_ShadowDepth) CubeShadowDepthZ
[2018.01.17-20.48.39:916][404]LogConsoleResponse:    200 = 768 KB (Cube 256 PF_ShadowDepth) CubeShadowDepthZ
[2018.01.17-20.48.39:916][404]LogConsoleResponse:    178 = 768 KB (Cube 256 PF_ShadowDepth) CubeShadowDepthZ
[2018.01.17-20.48.39:916][404]LogConsoleResponse:    182 = 768 KB (Cube 256 PF_ShadowDepth) CubeShadowDepthZ
[2018.01.17-20.48.39:916][404]LogConsoleResponse:    181 = 768 KB (Cube 256 PF_ShadowDepth) CubeShadowDepthZ
[2018.01.17-20.48.39:916][404]LogConsoleResponse:    177 = 768 KB (Cube 256 PF_ShadowDepth) CubeShadowDepthZ
[2018.01.17-20.48.39:916][404]LogConsoleResponse:    185 = 768 KB (Cube 256 PF_ShadowDepth) CubeShadowDepthZ
[2018.01.17-20.48.39:916][404]LogConsoleResponse:    183 = 768 KB (Cube 256 PF_ShadowDepth) CubeShadowDepthZ
[2018.01.17-20.48.39:917][404]LogConsoleResponse:    184 = 768 KB (Cube 256 PF_ShadowDepth) CubeShadowDepthZ
[2018.01.17-20.48.39:917][404]LogConsoleResponse:    186 = 768 KB (Cube 256 PF_ShadowDepth) CubeShadowDepthZ
[2018.01.17-20.48.39:917][404]LogConsoleResponse:     18 = 692 KB (2D 1180x600 PF_G8 RT UAV) ScreenSpaceAO
[2018.01.17-20.48.39:917][404]LogConsoleResponse:    155 = 692 KB (2D 590x300 PF_FloatRGB RT VRam) BloomBlurX VRamInKB(Start/Size):<NONE>
[2018.01.17-20.48.39:917][404]LogConsoleResponse:    144 = 692 KB (2D 590x300 PF_FloatRGB RT VRam) BloomBlurY VRamInKB(Start/Size):<NONE>
[2018.01.17-20.48.39:917][404]LogConsoleResponse:    206 = 512 KB (2D 512x512 PF_ShadowDepth) CachedShadowDepthMap
[2018.01.17-20.48.39:917][404]LogConsoleResponse:      4 = 256 KB (2D 256x256 PF_B8G8R8A8) HZBResultsCPU
[2018.01.17-20.48.39:917][404]LogConsoleResponse:      1 = 256 KB (2D 256x256 PF_B8G8R8A8) HZBResultsCPU
[2018.01.17-20.48.39:917][404]LogConsoleResponse:      2 = 256 KB (2D 256x256 PF_B8G8R8A8) HZBResultsCPU
[2018.01.17-20.48.39:917][404]LogConsoleResponse:      3 = 256 KB (2D 256x256 PF_B8G8R8A8) HZBResultsCPU
[2018.01.17-20.48.39:917][404]LogConsoleResponse:    197 = 192 KB (Cube 128 PF_ShadowDepth) CubeShadowDepthZ
[2018.01.17-20.48.39:917][404]LogConsoleResponse:    198 = 192 KB (Cube 128 PF_ShadowDepth) CubeShadowDepthZ
[2018.01.17-20.48.39:917][404]LogConsoleResponse:    188 = 192 KB (Cube 128 PF_ShadowDepth) CubeShadowDepthZ
[2018.01.17-20.48.39:917][404]LogConsoleResponse:    190 = 192 KB (Cube 128 PF_ShadowDepth) CubeShadowDepthZ
[2018.01.17-20.48.39:917][404]LogConsoleResponse:    196 = 192 KB (Cube 128 PF_ShadowDepth) CubeShadowDepthZ
[2018.01.17-20.48.39:917][404]LogConsoleResponse:    195 = 192 KB (Cube 128 PF_ShadowDepth) CubeShadowDepthZ
[2018.01.17-20.48.39:917][404]LogConsoleResponse:    187 = 192 KB (Cube 128 PF_ShadowDepth) CubeShadowDepthZ
[2018.01.17-20.48.39:917][404]LogConsoleResponse:    199 = 192 KB (Cube 128 PF_ShadowDepth) CubeShadowDepthZ
[2018.01.17-20.48.39:917][404]LogConsoleResponse:    154 = 173 KB (2D 295x150 PF_FloatRGB RT VRam) BloomBlurX VRamInKB(Start/Size):<NONE>
[2018.01.17-20.48.39:917][404]LogConsoleResponse:    145 = 173 KB (2D 295x150 PF_FloatRGB RT VRam) BloomBlurY VRamInKB(Start/Size):<NONE>
[2018.01.17-20.48.39:917][404]LogConsoleResponse:     38 = 128 KB (3D 32x32x32 PF_A2B10G10R10 RT) CombineLUTs
[2018.01.17-20.48.39:917][404]LogConsoleResponse:    156 = 128 KB (3D 32x32x32 PF_A2B10G10R10 RT) CombineLUTs
[2018.01.17-20.48.39:917][404]LogConsoleResponse:     10 = 64 KB (2D 128x128 PF_B8G8R8A8) PerlinNoiseGradient
[2018.01.17-20.48.39:917][404]LogConsoleResponse:     32 = 64 KB (Cube 32 PF_FloatRGBA RT) DiffuseIrradianceScratchCubemap0
[2018.01.17-20.48.39:917][404]LogConsoleResponse:     29 = 64 KB (Cube 32 PF_FloatRGBA RT) DiffuseIrradianceScratchCubemap1
[2018.01.17-20.48.39:917][404]LogConsoleResponse:    153 = 44 KB (2D 148x75 PF_FloatRGB RT VRam) BloomBlurX VRamInKB(Start/Size):<NONE>
[2018.01.17-20.48.39:917][404]LogConsoleResponse:    146 = 44 KB (2D 148x75 PF_FloatRGB RT VRam) BloomBlurY VRamInKB(Start/Size):<NONE>
[2018.01.17-20.48.39:917][404]LogConsoleResponse:     15 = 16 KB (2D 128x32 PF_G16R16 VRam) PreintegratedGF VRamInKB(Start/Size):<NONE>
[2018.01.17-20.48.39:917][404]LogConsoleResponse:     13 = 16 KB (3D 16x16x16 PF_B8G8R8A8) PerlinNoise3D
[2018.01.17-20.48.39:917][404]LogConsoleResponse:    193 = 12 KB (Cube 32 PF_ShadowDepth) CubeShadowDepthZ
[2018.01.17-20.48.39:917][404]LogConsoleResponse:    189 = 12 KB (Cube 32 PF_ShadowDepth) CubeShadowDepthZ
[2018.01.17-20.48.39:917][404]LogConsoleResponse:    194 = 12 KB (Cube 32 PF_ShadowDepth) CubeShadowDepthZ
[2018.01.17-20.48.39:917][404]LogConsoleResponse:    191 = 12 KB (Cube 32 PF_ShadowDepth) CubeShadowDepthZ
[2018.01.17-20.48.39:917][404]LogConsoleResponse:    192 = 12 KB (Cube 32 PF_ShadowDepth) CubeShadowDepthZ
[2018.01.17-20.48.39:917][404]LogConsoleResponse:    152 = 11 KB (2D 74x38 PF_FloatRGB RT VRam) BloomBlurX VRamInKB(Start/Size):<NONE>
[2018.01.17-20.48.39:917][404]LogConsoleResponse:    147 = 11 KB (2D 74x38 PF_FloatRGB RT VRam) BloomBlurY VRamInKB(Start/Size):<NONE>
[2018.01.17-20.48.39:917][404]LogConsoleResponse:     14 = 8 KB (2D 64x64 PF_R8G8) SSAORandomization
[2018.01.17-20.48.39:917][404]LogConsoleResponse:    151 = 3 KB (2D 37x19 PF_FloatRGB RT VRam) BloomBlurX VRamInKB(Start/Size):<NONE>
[2018.01.17-20.48.39:917][404]LogConsoleResponse:    148 = 3 KB (2D 37x19 PF_FloatRGB RT VRam) BloomBlurY VRamInKB(Start/Size):<NONE>
[2018.01.17-20.48.39:917][404]LogConsoleResponse:    150 = 1 KB (2D 19x10 PF_FloatRGB RT VRam) BloomBlurX VRamInKB(Start/Size):<NONE>
[2018.01.17-20.48.39:917][404]LogConsoleResponse:    149 = 1 KB (2D 19x10 PF_FloatRGB RT VRam) BloomBlurY VRamInKB(Start/Size):<NONE>
[2018.01.17-20.48.39:917][404]LogConsoleResponse:      7 = 1 KB (2D 1x1 PF_B8G8R8A8 RT) BlackAlphaOneDummy
[2018.01.17-20.48.39:917][404]LogConsoleResponse:      6 = 1 KB (2D 1x1 PF_B8G8R8A8 RT) BlackDummy
[2018.01.17-20.48.39:917][404]LogConsoleResponse:      9 = 1 KB (2D 1x1 PF_B8G8R8A8 RT) DefaultNormal8Bit
[2018.01.17-20.48.39:917][404]LogConsoleResponse:      8 = 1 KB (2D 1x1 PF_B8G8R8A8 RT) GreenDummy
[2018.01.17-20.48.39:917][404]LogConsoleResponse:      5 = 1 KB (2D 1x1 PF_B8G8R8A8 RT) WhiteDummy
[2018.01.17-20.48.39:917][404]LogConsoleResponse:     12 = 1 KB (2D 1x1 PF_DepthStencil) DepthDummy
[2018.01.17-20.48.39:917][404]LogConsoleResponse:     11 = 1 KB (2D 1x1 PF_FloatRGBA RT) MaxFP16Depth
[2018.01.17-20.48.39:917][404]LogConsoleResponse:     31 = 1 KB (2D 1x1 PF_G32R32F RT UAV) EyeAdaptation
[2018.01.17-20.48.39:917][404]LogConsoleResponse:     34 = 1 KB (2D 9x1 PF_FloatRGBA RT) SkySHIrradianceMap
[2018.01.17-20.48.39:917][404]LogConsoleResponse:    208 = 0 KB (2D 2048x2048 PF_ShadowDepth) UnknownTexture2D
[2018.01.17-20.48.39:917][404]LogConsoleResponse: 
[2018.01.17-20.48.39:917][404]LogConsoleResponse: Pool: 338/455 MB (referenced/allocated)
[2018.01.17-20.48.39:917][404]LogWindows: FPlatformMisc::RequestExit(1)
[2018.01.17-20.48.39:917][404]Cmd: Mem FromReport
[2018.01.17-20.48.39:917][404]LogMemory: Platform Memory Stats for Windows
[2018.01.17-20.48.39:917][404]LogMemory: Process Physical Memory: 1662.78 MB used, 2191.09 MB peak
[2018.01.17-20.48.39:917][404]LogMemory: Process Virtual Memory: 3480.72 MB used, 3532.12 MB peak
[2018.01.17-20.48.39:917][404]LogMemory: Physical Memory: 6363.74 MB used,  1746.46 MB free, 8110.20 MB total
[2018.01.17-20.48.39:917][404]LogMemory: Virtual Memory: 4542.36 MB used,  1746.46 MB free, 134217728.00 MB total
[2018.01.17-20.48.39:917][404]LogMemory: 
[2018.01.17-20.48.39:917][404]Allocator Stats for TBB: (not implemented)
[2018.01.17-20.48.39:917][404]LogMemory: Memory Stats:
[2018.01.17-20.48.39:917][404]LogMemory: FMemStack (gamethread) current size = 0.00 MB
[2018.01.17-20.48.39:917][404]LogMemory: FPageAllocator (all threads) allocation size [used/ unused] = [1.25 / 0.06] MB
[2018.01.17-20.48.39:917][404]LogMemory: Nametable memory usage = 5.02 MB
[2018.01.17-20.48.39:924][404]Log file closed, 01/17/18 21:48:39
