Log file open, 01/02/18 14:38:46
LogInit:Display: Running engine for game: PGK
LogPlatformFile: Not using cached read wrapper
LogInit:Display: RandInit(1388581816) SRandInit(1388581816).
LogTaskGraph: Started task graph with 5 named threads and 8 total threads with 1 sets of task threads.
LogStats: Stats thread started at 0.106696
LogInit: Using libcurl 7.47.1
LogInit:  - built for x86_64-pc-win32
LogInit:  - supports SSL with OpenSSL/1.0.2g
LogInit:  - supports HTTP deflate (compression) using libz 1.2.8
LogInit:  - other features:
LogInit:      CURL_VERSION_SSL
LogInit:      CURL_VERSION_LIBZ
LogInit:      CURL_VERSION_IPV6
LogInit:      CURL_VERSION_ASYNCHDNS
LogInit:      CURL_VERSION_LARGEFILE
LogInit:      CURL_VERSION_IDN
LogInit:  CurlRequestOptions (configurable via config and command line):
LogInit:  - bVerifyPeer = false  - Libcurl will NOT verify peer certificate
LogInit:  - bUseHttpProxy = false  - Libcurl will NOT use HTTP proxy
LogInit:  - bDontReuseConnections = false  - Libcurl will reuse connections
LogInit:  - CertBundlePath = nullptr  - Libcurl will use whatever was configured at build time.
LogInit: Build: ++UE4+Release-4.16-CL-3561208
LogInit: Engine Version: 4.16.3-3561208+++UE4+Release-4.16
LogInit: Compatible Engine Version: 4.16.0-3452394+++UE4+Release-4.16
LogInit: Net CL: 3452394
LogDevObjectVersion: Number of dev versions registered: 16
LogDevObjectVersion:   Dev-Blueprints (B0D832E4-1F89-4F0D-ACCF-7EB736FD4AA2): 9
LogDevObjectVersion:   Dev-Build (E1C64328-A22C-4D53-A36C-8E866417BD8C): 0
LogDevObjectVersion:   Dev-Core (375EC13C-06E4-48FB-B500-84F0262A717E): 2
LogDevObjectVersion:   Dev-Editor (E4B068ED-F494-42E9-A231-DA0B2E46BB41): 17
LogDevObjectVersion:   Dev-Framework (CFFC743F-43B0-4480-9391-14DF171D2073): 23
LogDevObjectVersion:   Dev-Mobile (B02B49B5-BB20-44E9-A304-32B752E40360): 0
LogDevObjectVersion:   Dev-Networking (A4E4105C-59A1-49B5-A7C5-40C4547EDFEE): 0
LogDevObjectVersion:   Dev-Online (39C831C9-5AE6-47DC-9A44-9C173E1C8E7C): 0
LogDevObjectVersion:   Dev-Physics (78F01B33-EBEA-4F98-B9B4-84EACCB95AA2): 0
LogDevObjectVersion:   Dev-Platform (6631380F-2D4D-43E0-8009-CF276956A95A): 0
LogDevObjectVersion:   Dev-Rendering (12F88B9F-8875-4AFC-A67C-D90C383ABD29): 15
LogDevObjectVersion:   Dev-Sequencer (7B5AE74C-D270-4C10-A958-57980B212A5A): 4
LogDevObjectVersion:   Dev-VR (D7296918-1DD6-4BDD-9DE2-64A83CC13884): 0
LogDevObjectVersion:   Dev-LoadTimes (C2A15278-BFE7-4AFE-6C17-90FF531DF755): 1
LogDevObjectVersion:   Private-Geometry (6EACA3D4-40EC-4CC1-B786-8BED09428FC5): 1
LogDevObjectVersion:   Dev-AnimPhys (29E575DD-E0A3-4627-9D10-D276232CDCEA): 3
LogInit: Compiled (64-bit): Jul 28 2017 11:49:47
LogInit: Compiled with Visual C++: 19.00.24215.01
LogInit: Build Configuration: Development
LogInit: Branch Name: ++UE4+Release-4.16
LogInit: Command line: -EpicPortal 
LogInit: Base directory: P:/silnik/UE_4.16/Engine/Binaries/Win64/
LogInit: Installed Engine Build: 1
LogInit: Presizing for max 8388607 objects, including 0 objects not considered by GC, pre-allocating 0 bytes for permanent pool.
LogInit: Object subsystem initialized
[2018.01.02-13.38.47:195][  0]LogInit: Selected Device Profile: [Windows]
[2018.01.02-13.38.47:195][  0]LogInit: Applying CVar settings loaded from the selected device profile: [Windows]
[2018.01.02-13.38.47:203][  0]LogInit: Computer: GROBKOMP
[2018.01.02-13.38.47:203][  0]LogInit: User: Robert
[2018.01.02-13.38.47:203][  0]LogInit: CPU Page size=4096, Cores=4
[2018.01.02-13.38.47:203][  0]LogInit: High frequency timer resolution =2.249998 MHz
[2018.01.02-13.38.47:203][  0]LogMemory: Memory total: Physical=7.9GB (8GB approx)
[2018.01.02-13.38.47:203][  0]LogMemory: Platform Memory Stats for Windows
[2018.01.02-13.38.47:203][  0]LogMemory: Process Physical Memory: 275.57 MB used, 275.57 MB peak
[2018.01.02-13.38.47:203][  0]LogMemory: Process Virtual Memory: 266.77 MB used, 266.77 MB peak
[2018.01.02-13.38.47:203][  0]LogMemory: Physical Memory: 5170.48 MB used,  2939.72 MB free, 8110.20 MB total
[2018.01.02-13.38.47:203][  0]LogMemory: Virtual Memory: 663.04 MB used,  2939.72 MB free, 134217728.00 MB total
[2018.01.02-13.38.47:280][  0]LogInit: Using OS detected language (pl-PL).
[2018.01.02-13.38.47:280][  0]LogInit: Using OS detected locale (pl-PL).
[2018.01.02-13.38.47:285][  0]LogTextLocalizationManager: No localization for 'pl-PL' exists, so 'en' will be used for the language.
[2018.01.02-13.38.47:285][  0]LogTextLocalizationManager: No localization for 'pl-PL' exists, so 'en' will be used for the locale.
[2018.01.02-13.38.48:449][  0]LogD3D11RHI: D3D11 adapters:
[2018.01.02-13.38.49:129][  0]LogD3D11RHI:    0. 'NVIDIA GeForce GTX 960M' (Feature Level 11_0)
[2018.01.02-13.38.49:129][  0]LogD3D11RHI:       2017/0/4055 MB DedicatedVideo/DedicatedSystem/SharedSystem, Outputs:1, VendorId:0x10de
[2018.01.02-13.38.49:141][  0]LogD3D11RHI:    1. 'Intel(R) HD Graphics 530' (Feature Level 11_0)
[2018.01.02-13.38.49:141][  0]LogD3D11RHI:       128/0/4055 MB DedicatedVideo/DedicatedSystem/SharedSystem, Outputs:0, VendorId:0x8086
[2018.01.02-13.38.49:144][  0]LogD3D11RHI:    2. 'Microsoft Basic Render Driver' (Feature Level 11_0)
[2018.01.02-13.38.49:144][  0]LogD3D11RHI:       0/0/4055 MB DedicatedVideo/DedicatedSystem/SharedSystem, Outputs:0, VendorId:0x1414
[2018.01.02-13.38.49:144][  0]LogD3D11RHI: Chosen D3D11 Adapter: 0
[2018.01.02-13.38.49:150][  0]LogD3D11RHI: Creating new Direct3DDevice
[2018.01.02-13.38.49:150][  0]LogD3D11RHI:     GPU DeviceId: 0x139b (for the marketing name, search the web for "GPU Device Id")
[2018.01.02-13.38.49:150][  0]LogWindows: EnumDisplayDevices:
[2018.01.02-13.38.49:150][  0]LogWindows:    0. 'Intel(R) HD Graphics 530' (P:1 D:1)
[2018.01.02-13.38.49:151][  0]LogWindows:    1. 'Intel(R) HD Graphics 530' (P:0 D:0)
[2018.01.02-13.38.49:151][  0]LogWindows:    2. 'Intel(R) HD Graphics 530' (P:0 D:0)
[2018.01.02-13.38.49:151][  0]LogWindows:    3. 'NVIDIA GeForce GTX 960M' (P:0 D:0)
[2018.01.02-13.38.49:152][  0]LogWindows:    4. 'NVIDIA GeForce GTX 960M' (P:0 D:0)
[2018.01.02-13.38.49:152][  0]LogWindows:    5. 'NVIDIA GeForce GTX 960M' (P:0 D:0)
[2018.01.02-13.38.49:152][  0]LogWindows:    6. 'NVIDIA GeForce GTX 960M' (P:0 D:0)
[2018.01.02-13.38.49:152][  0]LogWindows: DebugString: GetVideoDriverDetailsInvalid PrimaryIsNotTheChoosenAdapter GetVideoDriverDetailsInvalid PrimaryIsNotTheChoosenAdapter GetVideoDriverDetailsInvalid PrimaryIsNotTheChoosenAdapter GetVideoDriverDetailsInvalid PrimaryIsNotTheChoosenAdapter GetVideoDriverDetailsInvalid PrimaryIsNotTheChoosenAdapter GetVideoDriverDetailsInvalid PrimaryIsNotTheChoosenAdapter GetVideoDriverDetailsInvalid PrimaryIsNotTheChoosenAdapter FoundDriverCount:0 
[2018.01.02-13.38.49:152][  0]LogD3D11RHI:     Adapter Name: NVIDIA GeForce GTX 960M
[2018.01.02-13.38.49:152][  0]LogD3D11RHI:   Driver Version: Unknown (internal:Unknown, unified:Unknown)
[2018.01.02-13.38.49:152][  0]LogD3D11RHI:      Driver Date: Unknown
[2018.01.02-13.38.49:152][  0]LogRHI: Texture pool is 1361 MB (70% of 1945 MB)
[2018.01.02-13.38.49:775][  0]LogD3D11RHI: Async texture creation enabled
[2018.01.02-13.38.49:988][  0]LogD3D11RHI: GPU Timing Frequency: 1000.000000 (Debug: 2 1)
[2018.01.02-13.38.49:990][  0]LogShaderCompilers: Guid format shader working directory is 33 characters bigger than the processId version (I:/Projekt/PGK/Intermediate/Shaders/WorkingDirectory/2844/).
[2018.01.02-13.38.49:990][  0]LogShaderCompilers: Cleaned the shader compiler working directory 'C:/Users/Robert/AppData/Local/Temp/UnrealShaderWorkingDir/33B96B0349463AE90F5C81BE429ECCA5/'.
[2018.01.02-13.38.49:990][  0]LogShaderCompilers:Display: Using Local Shader Compiler.
[2018.01.02-13.38.51:093][  0]LogTemp:Display: Loaded TP AllDesktopTargetPlatform
[2018.01.02-13.38.51:139][  0]LogTemp:Display: Loaded TP MacClientTargetPlatform
[2018.01.02-13.38.51:185][  0]LogTemp:Display: Loaded TP MacNoEditorTargetPlatform
[2018.01.02-13.38.51:231][  0]LogTemp:Display: Loaded TP MacServerTargetPlatform
[2018.01.02-13.38.51:276][  0]LogTemp:Display: Loaded TP MacTargetPlatform
[2018.01.02-13.38.51:323][  0]LogTemp:Display: Loaded TP WindowsClientTargetPlatform
[2018.01.02-13.38.51:368][  0]LogTemp:Display: Loaded TP WindowsNoEditorTargetPlatform
[2018.01.02-13.38.51:413][  0]LogTemp:Display: Loaded TP WindowsServerTargetPlatform
[2018.01.02-13.38.51:457][  0]LogTemp:Display: Loaded TP WindowsTargetPlatform
[2018.01.02-13.38.51:504][  0]LogTemp:Display: Loaded TP AndroidTargetPlatform
[2018.01.02-13.38.51:548][  0]LogTemp:Display: Loaded TP Android_ASTCTargetPlatform
[2018.01.02-13.38.51:591][  0]LogTemp:Display: Loaded TP Android_ATCTargetPlatform
[2018.01.02-13.38.51:633][  0]LogTemp:Display: Loaded TP Android_DXTTargetPlatform
[2018.01.02-13.38.51:678][  0]LogTemp:Display: Loaded TP Android_ETC1TargetPlatform
[2018.01.02-13.38.51:721][  0]LogTemp:Display: Loaded TP Android_ETC2TargetPlatform
[2018.01.02-13.38.51:812][  0]LogTemp:Display: Loaded TP Android_MultiTargetPlatform
[2018.01.02-13.38.51:812][  0]LogTemp:Display: Loaded TP Android_PVRTCTargetPlatform
[2018.01.02-13.38.51:845][  0]LogTemp:Display: Loaded TP HTML5TargetPlatform
[2018.01.02-13.38.51:928][  0]LogTemp:Display: Loaded TP IOSTargetPlatform
[2018.01.02-13.38.51:954][  0]LogTemp:Display: Loaded TP TVOSTargetPlatform
[2018.01.02-13.38.51:999][  0]LogTemp:Display: Loaded TP LinuxClientTargetPlatform
[2018.01.02-13.38.52:047][  0]LogTemp:Display: Loaded TP LinuxNoEditorTargetPlatform
[2018.01.02-13.38.52:093][  0]LogTemp:Display: Loaded TP LinuxServerTargetPlatform
[2018.01.02-13.38.52:136][  0]LogTemp:Display: Loaded TP LinuxTargetPlatform
[2018.01.02-13.38.52:136][  0]LogTargetPlatformManager:Display: Building Assets For Windows
[2018.01.02-13.38.52:563][  0]LogDerivedDataCache:Display: Max Cache Size: 512 MB
[2018.01.02-13.38.52:679][  0]LogDerivedDataCache: Loaded boot cache 0.12s 99MB C:/Users/Robert/AppData/Local/UnrealEngine/4.16/DerivedDataCache/Boot.ddc.
[2018.01.02-13.38.52:680][  0]LogDerivedDataCache:Display: Loaded Boot cache: C:/Users/Robert/AppData/Local/UnrealEngine/4.16/DerivedDataCache/Boot.ddc
[2018.01.02-13.38.52:680][  0]LogDerivedDataCache: FDerivedDataBackendGraph:  Pak pak cache file I:/Projekt/PGK/DerivedDataCache/DDC.ddp not found, will not use a pak cache.
[2018.01.02-13.38.52:680][  0]LogDerivedDataCache: Unable to find inner node Pak for hierarchical cache Hierarchy.
[2018.01.02-13.38.52:680][  0]LogDerivedDataCache: FDerivedDataBackendGraph:  CompressedPak pak cache file I:/Projekt/PGK/DerivedDataCache/Compressed.ddp not found, will not use a pak cache.
[2018.01.02-13.38.52:680][  0]LogDerivedDataCache: Unable to find inner node CompressedPak for hierarchical cache Hierarchy.
[2018.01.02-13.38.52:698][  0]LogDerivedDataCache:Display: Pak cache opened for reading ../../../Engine/DerivedDataCache/Compressed.ddp.
[2018.01.02-13.38.52:711][  0]LogDerivedDataCache: Using Local data cache path C:/Users/Robert/AppData/Local/UnrealEngine/Common/DerivedDataCache: Writable
[2018.01.02-13.38.52:721][  0]LogMaterial: Verifying Global Shaders for PCD3D_SM5
[2018.01.02-13.38.52:722][  0]LogSlate: Using Freetype 2.6.0
[2018.01.02-13.38.52:722][  0]LogSlate: SlateFontCache - WITH_FREETYPE: 1, WITH_HARFBUZZ: 1
[2018.01.02-13.38.52:722][  0]LogSlate: SlateFontCache - WITH_FREETYPE: 1, WITH_HARFBUZZ: 1
[2018.01.02-13.38.53:076][  0]LogInit: Selected Device Profile: [Windows]
[2018.01.02-13.38.53:166][  0]LogContentStreaming: Texture pool size is 0.00 MB
[2018.01.02-13.38.53:328][  0]LogMeshUtilities: Using QuadricMeshReduction for automatic static mesh reduction
[2018.01.02-13.38.53:368][  0]LogSimplygon: Simplygon DLL not present - disabling.
[2018.01.02-13.38.53:415][  0]LogMeshUtilities: Using SimplygonSwarm for distributed automatic mesh merging
[2018.01.02-13.38.53:415][  0]LogMeshUtilities: No automatic skeletal mesh reduction module available
[2018.01.02-13.38.53:415][  0]LogMeshUtilities: No automatic mesh merging module available
[2018.01.02-13.38.54:013][  0]LogNetVersion: PGK , NetCL: 3452394, EngineNetVer: 2, GameNetVer: 0 (Checksum: 3392332418)
[2018.01.02-13.38.54:075][  0]LogAssetRegistry: FAssetRegistry took 0.0260 seconds to start up
[2018.01.02-13.38.54:108][  0]LogPackageLocalizationCache: Processed 4 localized package path(s) for 1 prioritized culture(s) in 0.014998 seconds
[2018.01.02-13.38.54:115][  0]LogUObjectArray: 34194 objects as part of root set at end of initial load.
[2018.01.02-13.38.54:115][  0]LogUObjectAllocator: 7260416 out of 0 bytes used by permanent object pool.
[2018.01.02-13.38.54:115][  0]LogUObjectArray: CloseDisregardForGC: 0/0 objects in disregard for GC pool
[2018.01.02-13.38.54:168][  0]LogInit: WinSock: version 1.1 (2.2), MaxSocks=32767, MaxUdp=65467
[2018.01.02-13.38.56:643][  0]LogTcpMessaging: Initializing TcpMessaging bridge
[2018.01.02-13.38.56:684][  0]LogUdpMessaging: Initializing bridge on interface 0.0.0.0:0 to multicast group 230.0.0.1:6666.
[2018.01.02-13.38.57:202][  0]LogMaterial: Uniform references updated for custom material expression Custom.
[2018.01.02-13.38.57:605][  0]SourceControl: Info Source control is disabled
[2018.01.02-13.38.57:606][  0]SourceControl: Info Source control is disabled
[2018.01.02-13.38.57:652][  0]SourceControl: Info Source control is disabled
[2018.01.02-13.38.57:699][  0]SourceControl: Info Source control is disabled
[2018.01.02-13.38.58:349][  0]LogAndroidPermission: UAndroidPermissionCallbackProxy::GetInstance
[2018.01.02-13.38.58:937][  0]LogEngine: Initializing Engine...
[2018.01.02-13.38.58:938][  0]LogHMD: Failed to initialize OpenVR with code 110
[2018.01.02-13.38.59:162][  0]LogStats: UGameplayTagsManager::ConstructGameplayTagTree: Construct from data asset -  0.000 s
[2018.01.02-13.38.59:162][  0]LogStats: UGameplayTagsManager::ConstructGameplayTagTree: GameplayTagTreeChangedEvent.Broadcast -  0.000 s
[2018.01.02-13.38.59:288][  0]LogAIModule: Creating AISystem for world Untitled
[2018.01.02-13.38.59:299][  0]LogInit: XAudio2 using 'Głośniki (Realtek High Definition Audio)' : 2 channels at 48 kHz using 32 bits per sample (channel mask 0x3)
[2018.01.02-13.38.59:355][  0]LogInit: FAudioDevice initialized.
[2018.01.02-13.38.59:425][  0]LogDerivedDataCache: Saved boot cache 0.07s 99MB C:/Users/Robert/AppData/Local/UnrealEngine/4.16/DerivedDataCache/Boot.ddc.
[2018.01.02-13.38.59:445][  0]LogInit: Texture streaming: Enabled
[2018.01.02-13.38.59:529][  0]LogEngineSessionManager: EngineSessionManager initialized
[2018.01.02-13.38.59:726][  0]LogInit: Transaction tracking system initialized
[2018.01.02-13.39.00:009][  0]BlueprintLog: New page: Editor Load
[2018.01.02-13.39.00:839][  0]LocalizationService: Info Localization service is disabled
[2018.01.02-13.39.01:463][  0]LogConsoleResponse:Display: 
[2018.01.02-13.39.01:621][  0]LogCook:Display: Max memory allowance for cook 16384mb min free memory 0mb
[2018.01.02-13.39.01:621][  0]LogCook:Display: Mobile HDR setting 1
[2018.01.02-13.39.01:969][  0]LogFileCache: Scanning file cache for directory 'I:/Projekt/PGK/Content/' took 0.02s
[2018.01.02-13.39.02:605][  0]SourceControl: Info Source control is disabled
[2018.01.02-13.39.02:606][  0]Cmd: MAP LOAD FILE="I:/Projekt/PGK/Content/FirstPersonBP/Maps/FirstPersonExampleMap.umap" TEMPLATE=0 SHOWPROGRESS=1 FEATURELEVEL=3
[2018.01.02-13.39.02:606][  0]LightingResults: New page: Lighting Build
[2018.01.02-13.39.02:643][  0]MapCheck: New page: Map Check
[2018.01.02-13.39.02:643][  0]LightingResults: New page: Lighting Build
[2018.01.02-13.39.03:321][  0]LogMaterial: Missing cached shader map for material st_tile, compiling. 
[2018.01.02-13.39.03:321][  0]LogMaterial:Warning: Failed to compile Material /Game/import/kibel/st_tile.st_tile for platform PCD3D_SM5, Default Material will be used in game.
[2018.01.02-13.39.03:321][  0]LogMaterial:Warning: 	(Node TextureSample) TextureSample> Sampler type is Normal, should be Color for /Game/import/kibel/Dirt_map.Dirt_map
[2018.01.02-13.39.03:471][  0]LogAIModule: Creating AISystem for world FirstPersonExampleMap
[2018.01.02-13.39.03:523][  0]LogEditorServer: Finished looking for orphan Actors (0.000 secs)
[2018.01.02-13.39.03:539][  0]Cmd: MAP CHECKDEP NOCLEARLOG
[2018.01.02-13.39.03:606][  0]MapCheck: Info Map check complete: 0 Error(s), 0 Warning(s), took 66.917ms to complete.
[2018.01.02-13.39.03:606][  0]LogFileHelpers: Loading map 'FirstPersonExampleMap' took 1.001
[2018.01.02-13.39.03:874][  0]LogCollectionManager: Loaded 0 collections in 0.004056 seconds
[2018.01.02-13.39.03:962][  0]LogFileCache: Scanning file cache for directory 'I:/Projekt/PGK/Saved/Collections/' took 0.01s
[2018.01.02-13.39.03:962][  0]LogFileCache: Scanning file cache for directory 'I:/Projekt/PGK/Content/Developers/Robert/Collections/' took 0.01s
[2018.01.02-13.39.03:962][  0]LogFileCache: Scanning file cache for directory 'I:/Projekt/PGK/Content/Collections/' took 0.01s
[2018.01.02-13.39.03:962][  0]LogCollectionManager: Rebuilt the GUID cache for 0 collections in 0.000002 seconds
[2018.01.02-13.39.03:973][  0]LogContentBrowser: Native class hierarchy populated in 0.0110 seconds. Added 2329 classes and 491 folders.
[2018.01.02-13.39.04:033][  0]LogContentBrowser: Native class hierarchy updated for 'WidgetCarousel' in 0.0006 seconds. Added 0 classes and 0 folders.
[2018.01.02-13.39.04:090][  0]LogContentBrowser: Native class hierarchy updated for 'AddContentDialog' in 0.0006 seconds. Added 0 classes and 0 folders.
[2018.01.02-13.39.04:132][  0]LogContentBrowser: Native class hierarchy updated for 'SceneOutliner' in 0.0006 seconds. Added 1 classes and 2 folders.
[2018.01.02-13.39.04:171][  0]LogCrashTracker: Crashtracker disabled due to settings.
[2018.01.02-13.39.04:180][  0]LogSlate: Took 0.000317 seconds to synchronously load lazily loaded font '../../../Engine/Content/Slate/Fonts/Roboto-Regular.ttf' (155K)
[2018.01.02-13.39.04:183][  0]LogSlate: Took 0.000380 seconds to synchronously load lazily loaded font '../../../Engine/Content/Slate/Fonts/Roboto-Bold.ttf' (160K)
[2018.01.02-13.39.04:190][  0]LogSlate: Took 0.000520 seconds to synchronously load lazily loaded font '../../../Engine/Content/Editor/Slate/Fonts/FontAwesome.ttf' (139K)
[2018.01.02-13.39.04:325][  0]LogRenderer: Reallocating scene render targets to support 1240x696 NumSamples 1 (Frame:1).
[2018.01.02-13.39.04:514][  0]LogUObjectGlobals:Warning: Failed to find object 'Class None.'
[2018.01.02-13.39.04:575][  0]LogContentBrowser: Native class hierarchy updated for 'HierarchicalLODOutliner' in 0.0006 seconds. Added 1 classes and 2 folders.
[2018.01.02-13.39.04:575][  0]LogLoad: (Engine Initialization) Total time: 19.14 seconds
[2018.01.02-13.39.04:575][  0]LogLoad: (Engine Initialization) Total Blueprint compile time: 0.14 seconds
[2018.01.02-13.39.04:575][  0]LogExternalProfiler: No external profilers were discovered.  External profiling features will not be available.
[2018.01.02-13.39.04:609][  0]LogWindowsTextInputMethodSystem:Display: IME system now deactivated.
[2018.01.02-13.39.04:609][  0]LogOcInput: OculusInput pre-init called
[2018.01.02-13.39.04:609][  0]LogHMD: Starting GearVRController plugin
[2018.01.02-13.39.04:629][  0]LogContentStreaming: Texture pool size now 1000 MB
[2018.01.02-13.39.04:676][  0]LogSlate: Took 0.000220 seconds to synchronously load lazily loaded font '../../../Engine/Content/Slate/Fonts/Roboto-Light.ttf' (159K)
[2018.01.02-13.39.04:697][  1]LogAssetRegistry: Asset discovery search completed in 10.6441 seconds
[2018.01.02-13.39.04:699][  1]LogCollectionManager: Rebuilt the object cache for 0 collections in 0.000003 seconds (found 0 objects)
[2018.01.02-13.39.04:699][  1]LogCollectionManager: Fixed up redirectors for 0 collections in 0.000056 seconds (updated 0 objects)
[2018.01.02-13.39.14:353][291]LogSlate: Took 0.001054 seconds to synchronously load lazily loaded font '../../../Engine/Content/Editor/Slate/Fonts/Roboto-Italic.ttf' (157K)
[2018.01.02-13.41.53:776][ 73]LogTemp: Repeting last play command: Selected Viewport
[2018.01.02-13.41.53:813][ 73]LogBlueprintUserMessages: Early PlayInEditor Detection: Level '/Game/FirstPersonBP/Maps/FirstPersonExampleMap.FirstPersonExampleMap:PersistentLevel' has LevelScriptBlueprint '/Game/FirstPersonBP/Maps/FirstPersonExampleMap.FirstPersonExampleMap:PersistentLevel.FirstPersonExampleMap' with GeneratedClass '/Game/FirstPersonBP/Maps/FirstPersonExampleMap.FirstPersonExampleMap_C' with ClassGeneratedBy '/Game/FirstPersonBP/Maps/FirstPersonExampleMap.FirstPersonExampleMap:PersistentLevel.FirstPersonExampleMap'
[2018.01.02-13.41.53:813][ 73]LogPlayLevel: PlayLevel: No blueprints needed recompiling
[2018.01.02-13.41.53:814][ 73]PIE: New page: PIE session: FirstPersonExampleMap (Jan 2, 2018, 3:41:53 PM)
[2018.01.02-13.41.53:814][ 73]LogPlayLevel: Creating play world package: /Game/FirstPersonBP/Maps/UEDPIE_0_FirstPersonExampleMap
[2018.01.02-13.41.53:868][ 73]LogPlayLevel: PIE: StaticDuplicateObject took: (0.054125s)
[2018.01.02-13.41.53:870][ 73]LogAIModule: Creating AISystem for world FirstPersonExampleMap
[2018.01.02-13.41.53:871][ 73]LogPlayLevel: PIE: World Init took: (0.002163s)
[2018.01.02-13.41.53:871][ 73]LogPlayLevel: PIE: Created PIE world by copying editor world from /Game/FirstPersonBP/Maps/FirstPersonExampleMap.FirstPersonExampleMap to /Game/FirstPersonBP/Maps/UEDPIE_0_FirstPersonExampleMap.FirstPersonExampleMap (0.057321s)
[2018.01.02-13.41.53:970][ 73]LogInit: XAudio2 using 'Głośniki (Realtek High Definition Audio)' : 2 channels at 48 kHz using 32 bits per sample (channel mask 0x3)
[2018.01.02-13.41.53:994][ 73]LogInit: FAudioDevice initialized.
[2018.01.02-13.41.54:043][ 73]LogLoad: Game class is 'FirstPersonGameMode_C'
[2018.01.02-13.41.54:056][ 73]LogWorld: Bringing World /Game/FirstPersonBP/Maps/UEDPIE_0_FirstPersonExampleMap.FirstPersonExampleMap up for play (max tick rate 60) at 2018.01.02-14.41.54
[2018.01.02-13.41.54:057][ 73]LogWorld: Bringing up level for play took: 0.009848
[2018.01.02-13.41.54:100][ 73]LogContentBrowser: Native class hierarchy updated for 'MovieSceneCapture' in 0.0007 seconds. Added 11 classes and 0 folders.
[2018.01.02-13.41.54:101][ 73]PIE: Info Play in editor start time for /Game/FirstPersonBP/Maps/UEDPIE_0_FirstPersonExampleMap -0.229
[2018.01.02-13.41.54:102][ 73]LogBlueprintUserMessages: Late PlayInEditor Detection: Level '/Game/FirstPersonBP/Maps/FirstPersonExampleMap.FirstPersonExampleMap:PersistentLevel' has LevelScriptBlueprint '/Game/FirstPersonBP/Maps/FirstPersonExampleMap.FirstPersonExampleMap:PersistentLevel.FirstPersonExampleMap' with GeneratedClass '/Game/FirstPersonBP/Maps/FirstPersonExampleMap.FirstPersonExampleMap_C' with ClassGeneratedBy '/Game/FirstPersonBP/Maps/FirstPersonExampleMap.FirstPersonExampleMap:PersistentLevel.FirstPersonExampleMap'
[2018.01.02-13.42.35:180][315]LogBlueprintUserMessages: Early EndPlayMap Detection: Level '/Game/FirstPersonBP/Maps/FirstPersonExampleMap.FirstPersonExampleMap:PersistentLevel' has LevelScriptBlueprint '/Game/FirstPersonBP/Maps/FirstPersonExampleMap.FirstPersonExampleMap:PersistentLevel.FirstPersonExampleMap' with GeneratedClass '/Game/FirstPersonBP/Maps/FirstPersonExampleMap.FirstPersonExampleMap_C' with ClassGeneratedBy '/Game/FirstPersonBP/Maps/FirstPersonExampleMap.FirstPersonExampleMap:PersistentLevel.FirstPersonExampleMap'
[2018.01.02-13.42.35:272][315]LogBlueprintUserMessages: Late EndPlayMap Detection: Level '/Game/FirstPersonBP/Maps/FirstPersonExampleMap.FirstPersonExampleMap:PersistentLevel' has LevelScriptBlueprint '/Game/FirstPersonBP/Maps/FirstPersonExampleMap.FirstPersonExampleMap:PersistentLevel.FirstPersonExampleMap' with GeneratedClass '/Game/FirstPersonBP/Maps/FirstPersonExampleMap.FirstPersonExampleMap_C' with ClassGeneratedBy '/Game/FirstPersonBP/Maps/FirstPersonExampleMap.FirstPersonExampleMap:PersistentLevel.FirstPersonExampleMap'
[2018.01.02-13.43.14:145][484]LogTemp: Repeting last play command: Selected Viewport
[2018.01.02-13.43.14:159][484]LogBlueprintUserMessages: Early PlayInEditor Detection: Level '/Game/FirstPersonBP/Maps/FirstPersonExampleMap.FirstPersonExampleMap:PersistentLevel' has LevelScriptBlueprint '/Game/FirstPersonBP/Maps/FirstPersonExampleMap.FirstPersonExampleMap:PersistentLevel.FirstPersonExampleMap' with GeneratedClass '/Game/FirstPersonBP/Maps/FirstPersonExampleMap.FirstPersonExampleMap_C' with ClassGeneratedBy '/Game/FirstPersonBP/Maps/FirstPersonExampleMap.FirstPersonExampleMap:PersistentLevel.FirstPersonExampleMap'
[2018.01.02-13.43.14:160][484]LogPlayLevel: PlayLevel: No blueprints needed recompiling
[2018.01.02-13.43.14:160][484]PIE: New page: PIE session: FirstPersonExampleMap (Jan 2, 2018, 3:43:14 PM)
[2018.01.02-13.43.14:160][484]LogPlayLevel: Creating play world package: /Game/FirstPersonBP/Maps/UEDPIE_0_FirstPersonExampleMap
[2018.01.02-13.43.14:203][484]LogPlayLevel: PIE: StaticDuplicateObject took: (0.042833s)
[2018.01.02-13.43.14:204][484]LogAIModule: Creating AISystem for world FirstPersonExampleMap
[2018.01.02-13.43.14:205][484]LogPlayLevel: PIE: World Init took: (0.001988s)
[2018.01.02-13.43.14:205][484]LogPlayLevel: PIE: Created PIE world by copying editor world from /Game/FirstPersonBP/Maps/FirstPersonExampleMap.FirstPersonExampleMap to /Game/FirstPersonBP/Maps/UEDPIE_0_FirstPersonExampleMap.FirstPersonExampleMap (0.045259s)
[2018.01.02-13.43.14:258][484]LogInit: XAudio2 using 'Głośniki (Realtek High Definition Audio)' : 2 channels at 48 kHz using 32 bits per sample (channel mask 0x3)
[2018.01.02-13.43.14:279][484]LogInit: FAudioDevice initialized.
[2018.01.02-13.43.14:311][484]LogLoad: Game class is 'FirstPersonGameMode_C'
[2018.01.02-13.43.14:322][484]LogWorld: Bringing World /Game/FirstPersonBP/Maps/UEDPIE_0_FirstPersonExampleMap.FirstPersonExampleMap up for play (max tick rate 60) at 2018.01.02-14.43.14
[2018.01.02-13.43.14:322][484]LogWorld: Bringing up level for play took: 0.010363
[2018.01.02-13.43.14:324][484]PIE: Info Play in editor start time for /Game/FirstPersonBP/Maps/UEDPIE_0_FirstPersonExampleMap -0.007
[2018.01.02-13.43.14:324][484]LogBlueprintUserMessages: Late PlayInEditor Detection: Level '/Game/FirstPersonBP/Maps/FirstPersonExampleMap.FirstPersonExampleMap:PersistentLevel' has LevelScriptBlueprint '/Game/FirstPersonBP/Maps/FirstPersonExampleMap.FirstPersonExampleMap:PersistentLevel.FirstPersonExampleMap' with GeneratedClass '/Game/FirstPersonBP/Maps/FirstPersonExampleMap.FirstPersonExampleMap_C' with ClassGeneratedBy '/Game/FirstPersonBP/Maps/FirstPersonExampleMap.FirstPersonExampleMap:PersistentLevel.FirstPersonExampleMap'
[2018.01.02-13.43.51:046][591]LogBlueprintUserMessages: Early EndPlayMap Detection: Level '/Game/FirstPersonBP/Maps/FirstPersonExampleMap.FirstPersonExampleMap:PersistentLevel' has LevelScriptBlueprint '/Game/FirstPersonBP/Maps/FirstPersonExampleMap.FirstPersonExampleMap:PersistentLevel.FirstPersonExampleMap' with GeneratedClass '/Game/FirstPersonBP/Maps/FirstPersonExampleMap.FirstPersonExampleMap_C' with ClassGeneratedBy '/Game/FirstPersonBP/Maps/FirstPersonExampleMap.FirstPersonExampleMap:PersistentLevel.FirstPersonExampleMap'
[2018.01.02-13.43.51:127][591]LogBlueprintUserMessages: Late EndPlayMap Detection: Level '/Game/FirstPersonBP/Maps/FirstPersonExampleMap.FirstPersonExampleMap:PersistentLevel' has LevelScriptBlueprint '/Game/FirstPersonBP/Maps/FirstPersonExampleMap.FirstPersonExampleMap:PersistentLevel.FirstPersonExampleMap' with GeneratedClass '/Game/FirstPersonBP/Maps/FirstPersonExampleMap.FirstPersonExampleMap_C' with ClassGeneratedBy '/Game/FirstPersonBP/Maps/FirstPersonExampleMap.FirstPersonExampleMap:PersistentLevel.FirstPersonExampleMap'
[2018.01.02-13.44.10:379][171]LogTemp: Repeting last play command: Selected Viewport
[2018.01.02-13.44.10:390][171]LogBlueprintUserMessages: Early PlayInEditor Detection: Level '/Game/FirstPersonBP/Maps/FirstPersonExampleMap.FirstPersonExampleMap:PersistentLevel' has LevelScriptBlueprint '/Game/FirstPersonBP/Maps/FirstPersonExampleMap.FirstPersonExampleMap:PersistentLevel.FirstPersonExampleMap' with GeneratedClass '/Game/FirstPersonBP/Maps/FirstPersonExampleMap.FirstPersonExampleMap_C' with ClassGeneratedBy '/Game/FirstPersonBP/Maps/FirstPersonExampleMap.FirstPersonExampleMap:PersistentLevel.FirstPersonExampleMap'
[2018.01.02-13.44.10:390][171]LogPlayLevel: PlayLevel: No blueprints needed recompiling
[2018.01.02-13.44.10:391][171]PIE: New page: PIE session: FirstPersonExampleMap (Jan 2, 2018, 3:44:10 PM)
[2018.01.02-13.44.10:391][171]LogPlayLevel: Creating play world package: /Game/FirstPersonBP/Maps/UEDPIE_0_FirstPersonExampleMap
[2018.01.02-13.44.10:432][171]LogPlayLevel: PIE: StaticDuplicateObject took: (0.041354s)
[2018.01.02-13.44.10:433][171]LogAIModule: Creating AISystem for world FirstPersonExampleMap
[2018.01.02-13.44.10:434][171]LogPlayLevel: PIE: World Init took: (0.001676s)
[2018.01.02-13.44.10:434][171]LogPlayLevel: PIE: Created PIE world by copying editor world from /Game/FirstPersonBP/Maps/FirstPersonExampleMap.FirstPersonExampleMap to /Game/FirstPersonBP/Maps/UEDPIE_0_FirstPersonExampleMap.FirstPersonExampleMap (0.043795s)
[2018.01.02-13.44.10:482][171]LogInit: XAudio2 using 'Głośniki (Realtek High Definition Audio)' : 2 channels at 48 kHz using 32 bits per sample (channel mask 0x3)
[2018.01.02-13.44.10:503][171]LogInit: FAudioDevice initialized.
[2018.01.02-13.44.10:535][171]LogLoad: Game class is 'FirstPersonGameMode_C'
[2018.01.02-13.44.10:545][171]LogWorld: Bringing World /Game/FirstPersonBP/Maps/UEDPIE_0_FirstPersonExampleMap.FirstPersonExampleMap up for play (max tick rate 60) at 2018.01.02-14.44.10
[2018.01.02-13.44.10:546][171]LogWorld: Bringing up level for play took: 0.009433
[2018.01.02-13.44.10:547][171]PIE: Info Play in editor start time for /Game/FirstPersonBP/Maps/UEDPIE_0_FirstPersonExampleMap 0.217
[2018.01.02-13.44.10:548][171]LogBlueprintUserMessages: Late PlayInEditor Detection: Level '/Game/FirstPersonBP/Maps/FirstPersonExampleMap.FirstPersonExampleMap:PersistentLevel' has LevelScriptBlueprint '/Game/FirstPersonBP/Maps/FirstPersonExampleMap.FirstPersonExampleMap:PersistentLevel.FirstPersonExampleMap' with GeneratedClass '/Game/FirstPersonBP/Maps/FirstPersonExampleMap.FirstPersonExampleMap_C' with ClassGeneratedBy '/Game/FirstPersonBP/Maps/FirstPersonExampleMap.FirstPersonExampleMap:PersistentLevel.FirstPersonExampleMap'
[2018.01.02-13.44.23:048][551]LogBlueprintUserMessages: Early EndPlayMap Detection: Level '/Game/FirstPersonBP/Maps/FirstPersonExampleMap.FirstPersonExampleMap:PersistentLevel' has LevelScriptBlueprint '/Game/FirstPersonBP/Maps/FirstPersonExampleMap.FirstPersonExampleMap:PersistentLevel.FirstPersonExampleMap' with GeneratedClass '/Game/FirstPersonBP/Maps/FirstPersonExampleMap.FirstPersonExampleMap_C' with ClassGeneratedBy '/Game/FirstPersonBP/Maps/FirstPersonExampleMap.FirstPersonExampleMap:PersistentLevel.FirstPersonExampleMap'
[2018.01.02-13.44.23:126][551]LogBlueprintUserMessages: Late EndPlayMap Detection: Level '/Game/FirstPersonBP/Maps/FirstPersonExampleMap.FirstPersonExampleMap:PersistentLevel' has LevelScriptBlueprint '/Game/FirstPersonBP/Maps/FirstPersonExampleMap.FirstPersonExampleMap:PersistentLevel.FirstPersonExampleMap' with GeneratedClass '/Game/FirstPersonBP/Maps/FirstPersonExampleMap.FirstPersonExampleMap_C' with ClassGeneratedBy '/Game/FirstPersonBP/Maps/FirstPersonExampleMap.FirstPersonExampleMap:PersistentLevel.FirstPersonExampleMap'
[2018.01.02-13.44.48:680][320]LogTemp: Repeting last play command: Selected Viewport
[2018.01.02-13.44.48:701][320]LogBlueprintUserMessages: Early PlayInEditor Detection: Level '/Game/FirstPersonBP/Maps/FirstPersonExampleMap.FirstPersonExampleMap:PersistentLevel' has LevelScriptBlueprint '/Game/FirstPersonBP/Maps/FirstPersonExampleMap.FirstPersonExampleMap:PersistentLevel.FirstPersonExampleMap' with GeneratedClass '/Game/FirstPersonBP/Maps/FirstPersonExampleMap.FirstPersonExampleMap_C' with ClassGeneratedBy '/Game/FirstPersonBP/Maps/FirstPersonExampleMap.FirstPersonExampleMap:PersistentLevel.FirstPersonExampleMap'
[2018.01.02-13.44.48:701][320]LogPlayLevel: PlayLevel: No blueprints needed recompiling
[2018.01.02-13.44.48:702][320]PIE: New page: PIE session: FirstPersonExampleMap (Jan 2, 2018, 3:44:48 PM)
[2018.01.02-13.44.48:702][320]LogPlayLevel: Creating play world package: /Game/FirstPersonBP/Maps/UEDPIE_0_FirstPersonExampleMap
[2018.01.02-13.44.48:759][320]LogPlayLevel: PIE: StaticDuplicateObject took: (0.057435s)
[2018.01.02-13.44.48:761][320]LogAIModule: Creating AISystem for world FirstPersonExampleMap
[2018.01.02-13.44.48:761][320]LogPlayLevel: PIE: World Init took: (0.001974s)
[2018.01.02-13.44.48:762][320]LogPlayLevel: PIE: Created PIE world by copying editor world from /Game/FirstPersonBP/Maps/FirstPersonExampleMap.FirstPersonExampleMap to /Game/FirstPersonBP/Maps/UEDPIE_0_FirstPersonExampleMap.FirstPersonExampleMap (0.060096s)
[2018.01.02-13.44.48:817][320]LogInit: XAudio2 using 'Głośniki (Realtek High Definition Audio)' : 2 channels at 48 kHz using 32 bits per sample (channel mask 0x3)
[2018.01.02-13.44.48:851][320]LogInit: FAudioDevice initialized.
[2018.01.02-13.44.48:890][320]LogLoad: Game class is 'FirstPersonGameMode_C'
[2018.01.02-13.44.48:908][320]LogWorld: Bringing World /Game/FirstPersonBP/Maps/UEDPIE_0_FirstPersonExampleMap.FirstPersonExampleMap up for play (max tick rate 60) at 2018.01.02-14.44.48
[2018.01.02-13.44.48:909][320]LogWorld: Bringing up level for play took: 0.016340
[2018.01.02-13.44.48:911][320]PIE: Info Play in editor start time for /Game/FirstPersonBP/Maps/UEDPIE_0_FirstPersonExampleMap 0.58
[2018.01.02-13.44.48:911][320]LogBlueprintUserMessages: Late PlayInEditor Detection: Level '/Game/FirstPersonBP/Maps/FirstPersonExampleMap.FirstPersonExampleMap:PersistentLevel' has LevelScriptBlueprint '/Game/FirstPersonBP/Maps/FirstPersonExampleMap.FirstPersonExampleMap:PersistentLevel.FirstPersonExampleMap' with GeneratedClass '/Game/FirstPersonBP/Maps/FirstPersonExampleMap.FirstPersonExampleMap_C' with ClassGeneratedBy '/Game/FirstPersonBP/Maps/FirstPersonExampleMap.FirstPersonExampleMap:PersistentLevel.FirstPersonExampleMap'
[2018.01.02-13.45.18:582][217]LogBlueprintUserMessages: Early EndPlayMap Detection: Level '/Game/FirstPersonBP/Maps/FirstPersonExampleMap.FirstPersonExampleMap:PersistentLevel' has LevelScriptBlueprint '/Game/FirstPersonBP/Maps/FirstPersonExampleMap.FirstPersonExampleMap:PersistentLevel.FirstPersonExampleMap' with GeneratedClass '/Game/FirstPersonBP/Maps/FirstPersonExampleMap.FirstPersonExampleMap_C' with ClassGeneratedBy '/Game/FirstPersonBP/Maps/FirstPersonExampleMap.FirstPersonExampleMap:PersistentLevel.FirstPersonExampleMap'
[2018.01.02-13.45.18:693][217]LogBlueprintUserMessages: Late EndPlayMap Detection: Level '/Game/FirstPersonBP/Maps/FirstPersonExampleMap.FirstPersonExampleMap:PersistentLevel' has LevelScriptBlueprint '/Game/FirstPersonBP/Maps/FirstPersonExampleMap.FirstPersonExampleMap:PersistentLevel.FirstPersonExampleMap' with GeneratedClass '/Game/FirstPersonBP/Maps/FirstPersonExampleMap.FirstPersonExampleMap_C' with ClassGeneratedBy '/Game/FirstPersonBP/Maps/FirstPersonExampleMap.FirstPersonExampleMap:PersistentLevel.FirstPersonExampleMap'
[2018.01.02-13.45.20:814][284]LogEditorViewport: Clicking on Actor (LMB): StaticMeshActor (SM_Rock57)
[2018.01.02-13.45.38:048][801]LogEditorViewport: Clicking on Actor (LMB): StaticMeshActor (SM_Rock6)
[2018.01.02-13.45.39:615][848]LogEditorViewport: Clicking on Actor (LMB): StaticMeshActor (SM_Rock)
[2018.01.02-13.45.55:682][330]LogTemp: Repeting last play command: Selected Viewport
[2018.01.02-13.45.55:695][330]LogBlueprintUserMessages: Early PlayInEditor Detection: Level '/Game/FirstPersonBP/Maps/FirstPersonExampleMap.FirstPersonExampleMap:PersistentLevel' has LevelScriptBlueprint '/Game/FirstPersonBP/Maps/FirstPersonExampleMap.FirstPersonExampleMap:PersistentLevel.FirstPersonExampleMap' with GeneratedClass '/Game/FirstPersonBP/Maps/FirstPersonExampleMap.FirstPersonExampleMap_C' with ClassGeneratedBy '/Game/FirstPersonBP/Maps/FirstPersonExampleMap.FirstPersonExampleMap:PersistentLevel.FirstPersonExampleMap'
[2018.01.02-13.45.55:695][330]LogPlayLevel: PlayLevel: No blueprints needed recompiling
[2018.01.02-13.45.55:695][330]PIE: New page: PIE session: FirstPersonExampleMap (Jan 2, 2018, 3:45:55 PM)
[2018.01.02-13.45.55:695][330]LogPlayLevel: Creating play world package: /Game/FirstPersonBP/Maps/UEDPIE_0_FirstPersonExampleMap
[2018.01.02-13.45.55:738][330]LogPlayLevel: PIE: StaticDuplicateObject took: (0.043167s)
[2018.01.02-13.45.55:740][330]LogAIModule: Creating AISystem for world FirstPersonExampleMap
[2018.01.02-13.45.55:741][330]LogPlayLevel: PIE: World Init took: (0.002017s)
[2018.01.02-13.45.55:741][330]LogPlayLevel: PIE: Created PIE world by copying editor world from /Game/FirstPersonBP/Maps/FirstPersonExampleMap.FirstPersonExampleMap to /Game/FirstPersonBP/Maps/UEDPIE_0_FirstPersonExampleMap.FirstPersonExampleMap (0.045831s)
[2018.01.02-13.45.55:764][330]LogInit: XAudio2 using 'Głośniki (Realtek High Definition Audio)' : 2 channels at 48 kHz using 32 bits per sample (channel mask 0x3)
[2018.01.02-13.45.55:786][330]LogInit: FAudioDevice initialized.
[2018.01.02-13.45.55:818][330]LogLoad: Game class is 'FirstPersonGameMode_C'
[2018.01.02-13.45.55:829][330]LogWorld: Bringing World /Game/FirstPersonBP/Maps/UEDPIE_0_FirstPersonExampleMap.FirstPersonExampleMap up for play (max tick rate 60) at 2018.01.02-14.45.55
[2018.01.02-13.45.55:829][330]LogWorld: Bringing up level for play took: 0.008906
[2018.01.02-13.45.55:830][330]PIE: Info Play in editor start time for /Game/FirstPersonBP/Maps/UEDPIE_0_FirstPersonExampleMap -0.5
[2018.01.02-13.45.55:831][330]LogBlueprintUserMessages: Late PlayInEditor Detection: Level '/Game/FirstPersonBP/Maps/FirstPersonExampleMap.FirstPersonExampleMap:PersistentLevel' has LevelScriptBlueprint '/Game/FirstPersonBP/Maps/FirstPersonExampleMap.FirstPersonExampleMap:PersistentLevel.FirstPersonExampleMap' with GeneratedClass '/Game/FirstPersonBP/Maps/FirstPersonExampleMap.FirstPersonExampleMap_C' with ClassGeneratedBy '/Game/FirstPersonBP/Maps/FirstPersonExampleMap.FirstPersonExampleMap:PersistentLevel.FirstPersonExampleMap'
[2018.01.02-13.46.17:017][970]LogBlueprintUserMessages: Early EndPlayMap Detection: Level '/Game/FirstPersonBP/Maps/FirstPersonExampleMap.FirstPersonExampleMap:PersistentLevel' has LevelScriptBlueprint '/Game/FirstPersonBP/Maps/FirstPersonExampleMap.FirstPersonExampleMap:PersistentLevel.FirstPersonExampleMap' with GeneratedClass '/Game/FirstPersonBP/Maps/FirstPersonExampleMap.FirstPersonExampleMap_C' with ClassGeneratedBy '/Game/FirstPersonBP/Maps/FirstPersonExampleMap.FirstPersonExampleMap:PersistentLevel.FirstPersonExampleMap'
[2018.01.02-13.46.17:076][970]LogBlueprintUserMessages: Late EndPlayMap Detection: Level '/Game/FirstPersonBP/Maps/FirstPersonExampleMap.FirstPersonExampleMap:PersistentLevel' has LevelScriptBlueprint '/Game/FirstPersonBP/Maps/FirstPersonExampleMap.FirstPersonExampleMap:PersistentLevel.FirstPersonExampleMap' with GeneratedClass '/Game/FirstPersonBP/Maps/FirstPersonExampleMap.FirstPersonExampleMap_C' with ClassGeneratedBy '/Game/FirstPersonBP/Maps/FirstPersonExampleMap.FirstPersonExampleMap:PersistentLevel.FirstPersonExampleMap'
[2018.01.02-13.46.18:183][  5]LogEditorViewport: Clicking on Actor (LMB): StaticMeshActor (Cube45)
[2018.01.02-13.46.25:150][214]LogEditorViewport: Clicking on Actor (LMB): StaticMeshActor (SM_Rock)
[2018.01.02-13.46.40:518][675]LogEditorViewport: Clicking on Actor (LMB): StaticMeshActor (SM_Door2)
[2018.01.02-13.46.44:785][803]LogEditorViewport: Clicking on Actor (LMB): StaticMeshActor (SM_Rock)
[2018.01.02-13.46.48:018][900]LogEditorViewport: Clicking on Actor (context menu): StaticMeshActor (SM_Rock6)
[2018.01.02-13.46.49:218][936]LogEditorViewport: Clicking on Actor (LMB): StaticMeshActor (SM_Rock6)
[2018.01.02-13.46.56:718][161]LogTemp: Repeting last play command: Selected Viewport
[2018.01.02-13.46.56:732][161]LogBlueprintUserMessages: Early PlayInEditor Detection: Level '/Game/FirstPersonBP/Maps/FirstPersonExampleMap.FirstPersonExampleMap:PersistentLevel' has LevelScriptBlueprint '/Game/FirstPersonBP/Maps/FirstPersonExampleMap.FirstPersonExampleMap:PersistentLevel.FirstPersonExampleMap' with GeneratedClass '/Game/FirstPersonBP/Maps/FirstPersonExampleMap.FirstPersonExampleMap_C' with ClassGeneratedBy '/Game/FirstPersonBP/Maps/FirstPersonExampleMap.FirstPersonExampleMap:PersistentLevel.FirstPersonExampleMap'
[2018.01.02-13.46.56:732][161]LogPlayLevel: PlayLevel: No blueprints needed recompiling
[2018.01.02-13.46.56:732][161]PIE: New page: PIE session: FirstPersonExampleMap (Jan 2, 2018, 3:46:56 PM)
[2018.01.02-13.46.56:732][161]LogPlayLevel: Creating play world package: /Game/FirstPersonBP/Maps/UEDPIE_0_FirstPersonExampleMap
[2018.01.02-13.46.56:774][161]LogPlayLevel: PIE: StaticDuplicateObject took: (0.041467s)
[2018.01.02-13.46.56:776][161]LogAIModule: Creating AISystem for world FirstPersonExampleMap
[2018.01.02-13.46.56:776][161]LogPlayLevel: PIE: World Init took: (0.002632s)
[2018.01.02-13.46.56:777][161]LogPlayLevel: PIE: Created PIE world by copying editor world from /Game/FirstPersonBP/Maps/FirstPersonExampleMap.FirstPersonExampleMap to /Game/FirstPersonBP/Maps/UEDPIE_0_FirstPersonExampleMap.FirstPersonExampleMap (0.044760s)
[2018.01.02-13.46.56:797][161]LogInit: XAudio2 using 'Głośniki (Realtek High Definition Audio)' : 2 channels at 48 kHz using 32 bits per sample (channel mask 0x3)
[2018.01.02-13.46.56:818][161]LogInit: FAudioDevice initialized.
[2018.01.02-13.46.56:853][161]LogLoad: Game class is 'FirstPersonGameMode_C'
[2018.01.02-13.46.56:863][161]LogWorld: Bringing World /Game/FirstPersonBP/Maps/UEDPIE_0_FirstPersonExampleMap.FirstPersonExampleMap up for play (max tick rate 60) at 2018.01.02-14.46.56
[2018.01.02-13.46.56:863][161]LogWorld: Bringing up level for play took: 0.009172
[2018.01.02-13.46.56:865][161]PIE: Info Play in editor start time for /Game/FirstPersonBP/Maps/UEDPIE_0_FirstPersonExampleMap 0.535
[2018.01.02-13.46.56:865][161]LogBlueprintUserMessages: Late PlayInEditor Detection: Level '/Game/FirstPersonBP/Maps/FirstPersonExampleMap.FirstPersonExampleMap:PersistentLevel' has LevelScriptBlueprint '/Game/FirstPersonBP/Maps/FirstPersonExampleMap.FirstPersonExampleMap:PersistentLevel.FirstPersonExampleMap' with GeneratedClass '/Game/FirstPersonBP/Maps/FirstPersonExampleMap.FirstPersonExampleMap_C' with ClassGeneratedBy '/Game/FirstPersonBP/Maps/FirstPersonExampleMap.FirstPersonExampleMap:PersistentLevel.FirstPersonExampleMap'
[2018.01.02-13.47.11:122][593]LogBlueprintUserMessages: Early EndPlayMap Detection: Level '/Game/FirstPersonBP/Maps/FirstPersonExampleMap.FirstPersonExampleMap:PersistentLevel' has LevelScriptBlueprint '/Game/FirstPersonBP/Maps/FirstPersonExampleMap.FirstPersonExampleMap:PersistentLevel.FirstPersonExampleMap' with GeneratedClass '/Game/FirstPersonBP/Maps/FirstPersonExampleMap.FirstPersonExampleMap_C' with ClassGeneratedBy '/Game/FirstPersonBP/Maps/FirstPersonExampleMap.FirstPersonExampleMap:PersistentLevel.FirstPersonExampleMap'
[2018.01.02-13.47.11:173][593]LogBlueprintUserMessages: Late EndPlayMap Detection: Level '/Game/FirstPersonBP/Maps/FirstPersonExampleMap.FirstPersonExampleMap:PersistentLevel' has LevelScriptBlueprint '/Game/FirstPersonBP/Maps/FirstPersonExampleMap.FirstPersonExampleMap:PersistentLevel.FirstPersonExampleMap' with GeneratedClass '/Game/FirstPersonBP/Maps/FirstPersonExampleMap.FirstPersonExampleMap_C' with ClassGeneratedBy '/Game/FirstPersonBP/Maps/FirstPersonExampleMap.FirstPersonExampleMap:PersistentLevel.FirstPersonExampleMap'
[2018.01.02-13.47.36:921][367]LogEditorViewport: Clicking on Actor (LMB): StaticMeshActor (Cube45)
[2018.01.02-13.47.53:522][865]LogEditorViewport: Clicking on Actor (LMB): StaticMeshActor (SM_Rock)
[2018.01.02-13.48.03:988][179]LogEditorViewport: Clicking on Actor (LMB): StaticMeshActor (Cube45)
[2018.01.02-13.48.05:555][226]LogEditorViewport: Clicking on Actor (LMB): StaticMeshActor (SM_Rock)
[2018.01.02-13.48.07:089][272]LogEditorViewport: Clicking on Actor (LMB): StaticMeshActor (Cube45)
[2018.01.02-13.48.07:989][299]LogEditorViewport: Clicking on Actor (LMB): StaticMeshActor (SM_Rock)
[2018.01.02-13.48.17:323][579]LogEditorViewport: Clicking on Actor (LMB): StaticMeshActor (Cube45)
[2018.01.02-13.48.18:690][620]LogEditorViewport: Clicking on Actor (LMB): StaticMeshActor (SM_Rock)
[2018.01.02-13.48.20:456][673]LogEditorViewport: Clicking on Actor (LMB): StaticMeshActor (Cube45)
[2018.01.02-13.48.21:623][708]LogEditorViewport: Clicking on Actor (LMB): StaticMeshActor (SM_Rock)
[2018.01.02-13.48.23:523][765]LogEditorViewport: Clicking on Actor (LMB): StaticMeshActor (Cube45)
[2018.01.02-13.48.27:623][888]LogEditorViewport: Clicking on Actor (LMB): StaticMeshActor (SM_Rock)
[2018.01.02-13.48.29:556][946]LogEditorViewport: Clicking on Actor (LMB): StaticMeshActor (Cube45)
[2018.01.02-13.48.30:489][974]LogEditorViewport: Clicking on Actor (LMB): StaticMeshActor (SM_Rock)
[2018.01.02-13.48.33:256][ 57]LogEditorViewport: Clicking on Actor (LMB): StaticMeshActor (Cube45)
[2018.01.02-13.48.35:490][124]LogEditorViewport: Clicking on Actor (LMB): StaticMeshActor (SM_Rock)
[2018.01.02-13.48.36:790][163]LogEditorViewport: Clicking on Actor (LMB): StaticMeshActor (Cube45)
[2018.01.02-13.48.40:057][261]LogEditorViewport: Clicking on Actor (LMB): StaticMeshActor (SM_Rock)
[2018.01.02-13.48.41:156][294]LogEditorViewport: Clicking on Actor (LMB): StaticMeshActor (Cube45)
[2018.01.02-13.48.43:423][362]LogEditorViewport: Clicking on Actor (LMB): StaticMeshActor (SM_Rock)
[2018.01.02-13.48.56:690][760]LogEditorViewport: Clicking on Actor (LMB): StaticMeshActor (SM_Door2)
[2018.01.02-13.49.00:424][872]LogEditorViewport: Clicking on Actor (LMB): StaticMeshActor (SM_Rock)
[2018.01.02-13.49.02:557][936]LogEditorViewport: Clicking on Actor (LMB): StaticMeshActor (SM_Door2)
[2018.01.02-13.49.03:590][967]LogEditorViewport: Clicking on Actor (LMB): StaticMeshActor (SM_Rock)
[2018.01.02-13.49.06:624][ 58]LogEditorViewport: Clicking on Actor (LMB): StaticMeshActor (SM_Door2)
[2018.01.02-13.49.07:857][ 95]LogEditorViewport: Clicking on Actor (LMB): StaticMeshActor (SM_Rock)
[2018.01.02-13.49.09:157][134]LogEditorViewport: Clicking on Actor (LMB): StaticMeshActor (SM_Door2)
[2018.01.02-13.49.10:991][189]LogEditorViewport: Clicking on Actor (LMB): StaticMeshActor (SM_Rock)
[2018.01.02-13.49.12:557][236]LogEditorViewport: Clicking on Actor (LMB): StaticMeshActor (SM_Door2)
[2018.01.02-13.49.14:623][298]LogEditorViewport: Clicking on Actor (LMB): StaticMeshActor (SM_Rock)
[2018.01.02-13.49.16:057][341]LogEditorViewport: Clicking on Actor (LMB): StaticMeshActor (Wall_Door_400x300)
[2018.01.02-13.49.17:358][380]LogEditorViewport: Clicking on Actor (LMB): StaticMeshActor (SM_Rock)
[2018.01.02-13.49.18:824][424]LogEditorViewport: Clicking on Actor (LMB): StaticMeshActor (SM_Door2)
[2018.01.02-13.49.26:891][666]LogEditorViewport: Clicking on Actor (LMB): StaticMeshActor (SM_Rock)
[2018.01.02-13.49.42:458][133]LogEditorViewport: Clicking on Actor (LMB): StaticMeshActor (Cube5)
[2018.01.02-13.49.48:591][317]LogEditorViewport: Clicking on Actor (LMB): PointLight (PointLight5)
[2018.01.02-13.49.49:558][346]Cmd: DELETE
[2018.01.02-13.49.49:558][346]Cmd: ACTOR DELETE
[2018.01.02-13.49.49:559][346]LogEditorActor: Deleted Actor: PointLight
[2018.01.02-13.49.49:573][346]LogEditorActor: Deleted 1 Actors (0.015 secs)
[2018.01.02-13.50.01:567][706]LogSlate: Took 0.000370 seconds to synchronously load lazily loaded font '../../../Engine/Content/Slate/Fonts/Roboto-Light.ttf' (159K)
[2018.01.02-13.50.01:591][706]Cmd: OBJ SAVEPACKAGE PACKAGE="/Game/FirstPersonBP/Maps/FirstPersonExampleMap" FILE="I:/Projekt/PGK/Content/FirstPersonBP/Maps/FirstPersonExampleMap.umap" SILENT=true AUTOSAVING=false KEEPDIRTY=false
[2018.01.02-13.50.02:314][706]LogSavePackage: Save=697.01ms
[2018.01.02-13.50.02:314][706]LogSavePackage: Moving 'I:/Projekt/PGK/Saved/FirstPersonExampleMap2E44B4DC48826FBDFB228D8B324C096E.tmp' to 'I:/Projekt/PGK/Content/FirstPersonBP/Maps/FirstPersonExampleMap.umap'
[2018.01.02-13.50.02:317][706]LogSavePackage:Display: Finished SavePackage I:/Projekt/PGK/Content/FirstPersonBP/Maps/FirstPersonExampleMap.umap
[2018.01.02-13.50.02:339][706]Cmd: OBJ SAVEPACKAGE PACKAGE="/Game/FirstPersonBP/Maps/FirstPersonExampleMap_BuiltData" FILE="I:/Projekt/PGK/Content/FirstPersonBP/Maps/FirstPersonExampleMap_BuiltData.uasset" SILENT=true
[2018.01.02-13.50.02:343][706]LogSavePackage: Save=1.26ms
[2018.01.02-13.50.02:343][706]LogSavePackage: Moving 'I:/Projekt/PGK/Saved/FirstPersonExampleMap_BuiltData573C4E19466DA336020C40857C72C18A.tmp' to 'I:/Projekt/PGK/Content/FirstPersonBP/Maps/FirstPersonExampleMap_BuiltData.uasset'
[2018.01.02-13.50.02:344][706]LogSavePackage:Display: Finished SavePackage I:/Projekt/PGK/Content/FirstPersonBP/Maps/FirstPersonExampleMap_BuiltData.uasset
[2018.01.02-13.50.04:351][788]LogWindowsTextInputMethodSystem:Display: IME system now deactivated.
[2018.01.02-13.50.04:600][789]Cmd: QUIT_EDITOR
[2018.01.02-13.50.05:151][789]LogExit: Preparing to exit.
[2018.01.02-13.50.06:114][789]LogExit: Editor shut down
[2018.01.02-13.50.06:122][789]LogExit: Transaction tracking system shut down
[2018.01.02-13.50.06:227][789]LogObj: Freed 0b from 0 cluster array pools.
[2018.01.02-13.50.06:227][789]LogExit: Object subsystem successfully closed.
[2018.01.02-13.50.06:257][789]LogD3D11RHI: Shutdown
[2018.01.02-13.50.06:257][789]LogD3D11RHI: CleanupD3DDevice
[2018.01.02-13.50.06:350][789]LogD3D11RHI: ~FD3D11DynamicRHI
[2018.01.02-13.50.06:358][789]LogModuleManager: Shutting down and abandoning module MovieSceneCapture (526)
[2018.01.02-13.50.06:358][789]LogModuleManager: Shutting down and abandoning module HierarchicalLODOutliner (524)
[2018.01.02-13.50.06:358][789]LogModuleManager: Shutting down and abandoning module CrashTracker (522)
[2018.01.02-13.50.06:358][789]LogModuleManager: Shutting down and abandoning module SceneOutliner (520)
[2018.01.02-13.50.06:358][789]LogModuleManager: Shutting down and abandoning module AddContentDialog (518)
[2018.01.02-13.50.06:358][789]LogDirectoryWatcher: A directory notification for 'P:/silnik/UE_4.16/FeaturePacks/' was aborted.
[2018.01.02-13.50.06:359][789]LogModuleManager: Shutting down and abandoning module WidgetCarousel (517)
[2018.01.02-13.50.06:359][789]LogModuleManager: Shutting down and abandoning module EditorWidgets (514)
[2018.01.02-13.50.06:359][789]LogModuleManager: Shutting down and abandoning module CollectionManager (512)
[2018.01.02-13.50.06:359][789]LogDirectoryWatcher: A directory notification for 'I:/Projekt/PGK/Content/Collections/' was aborted.
[2018.01.02-13.50.06:359][789]LogDirectoryWatcher: A directory notification for 'I:/Projekt/PGK/Content/Developers/Robert/Collections/' was aborted.
[2018.01.02-13.50.06:359][789]LogDirectoryWatcher: A directory notification for 'I:/Projekt/PGK/Saved/Collections/' was aborted.
[2018.01.02-13.50.06:359][789]LogModuleManager: Shutting down and abandoning module StatsViewer (510)
[2018.01.02-13.50.06:359][789]LogModuleManager: Shutting down and abandoning module FoliageEdit (508)
[2018.01.02-13.50.06:359][789]LogModuleManager: Shutting down and abandoning module LandscapeEditor (506)
[2018.01.02-13.50.06:359][789]LogModuleManager: Shutting down and abandoning module MeshPaintMode (504)
[2018.01.02-13.50.06:359][789]LogModuleManager: Shutting down and abandoning module SceneDepthPickerMode (502)
[2018.01.02-13.50.06:359][789]LogModuleManager: Shutting down and abandoning module ActorPickerMode (500)
[2018.01.02-13.50.06:359][789]LogModuleManager: Shutting down and abandoning module GeometryMode (498)
[2018.01.02-13.50.06:359][789]LogModuleManager: Shutting down and abandoning module TextureAlignMode (496)
[2018.01.02-13.50.06:359][789]LogModuleManager: Shutting down and abandoning module BspMode (494)
[2018.01.02-13.50.06:359][789]LogModuleManager: Shutting down and abandoning module HardwareSurvey (492)
[2018.01.02-13.50.06:359][789]LogModuleManager: Shutting down and abandoning module SequenceRecorderSections (490)
[2018.01.02-13.50.06:360][789]LogModuleManager: Shutting down and abandoning module AutomationWorker (488)
[2018.01.02-13.50.06:360][789]LogModuleManager: Shutting down and abandoning module MatineeToLevelSequence (486)
[2018.01.02-13.50.06:360][789]LogModuleManager: Shutting down and abandoning module LevelSequenceEditor (484)
[2018.01.02-13.50.06:360][789]LogModuleManager: Shutting down and abandoning module PlacementMode (483)
[2018.01.02-13.50.06:360][789]LogModuleManager: Shutting down and abandoning module WmfMediaFactory (480)
[2018.01.02-13.50.06:360][789]LogModuleManager: Shutting down and abandoning module WmfMediaEditor (478)
[2018.01.02-13.50.06:360][789]LogModuleManager: Shutting down and abandoning module AvfMediaFactory (476)
[2018.01.02-13.50.06:360][789]LogModuleManager: Shutting down and abandoning module AvfMediaEditor (474)
[2018.01.02-13.50.06:360][789]LogModuleManager: Shutting down and abandoning module AndroidMediaFactory (472)
[2018.01.02-13.50.06:360][789]LogModuleManager: Shutting down and abandoning module Media (471)
[2018.01.02-13.50.06:360][789]LogModuleManager: Shutting down and abandoning module AndroidMediaEditor (468)
[2018.01.02-13.50.06:360][789]LogModuleManager: Shutting down and abandoning module CharacterAI (466)
[2018.01.02-13.50.06:360][789]LogModuleManager: Shutting down and abandoning module AudioCapture (464)
[2018.01.02-13.50.06:360][789]LogModuleManager: Shutting down and abandoning module SequenceRecorder (463)
[2018.01.02-13.50.06:360][789]LogModuleManager: Shutting down and abandoning module SmartSnapping (460)
[2018.01.02-13.50.06:360][789]LogModuleManager: Shutting down and abandoning module SessionServices (458)
[2018.01.02-13.50.06:360][789]LogModuleManager: Shutting down and abandoning module ViewportSnapping (456)
[2018.01.02-13.50.06:360][789]LogModuleManager: Shutting down and abandoning module ViewportInteraction (454)
[2018.01.02-13.50.06:360][789]LogModuleManager: Shutting down and abandoning module ClothPainter (452)
[2018.01.02-13.50.06:360][789]LogModuleManager: Shutting down and abandoning module LogVisualizer (450)
[2018.01.02-13.50.06:360][789]LogModuleManager: Shutting down and abandoning module IntroTutorials (448)
[2018.01.02-13.50.06:360][789]LogModuleManager: Shutting down and abandoning module GameProjectGeneration (447)
[2018.01.02-13.50.06:360][789]LogModuleManager: Shutting down and abandoning module EditorLiveStreaming (444)
[2018.01.02-13.50.06:360][789]LogModuleManager: Shutting down and abandoning module IOSPlatformEditor (442)
[2018.01.02-13.50.06:360][789]LogModuleManager: Shutting down and abandoning module HTML5PlatformEditor (440)
[2018.01.02-13.50.06:360][789]LogModuleManager: Shutting down and abandoning module AndroidPlatformEditor (438)
[2018.01.02-13.50.06:360][789]LogModuleManager: Shutting down and abandoning module AndroidDeviceDetection (437)
[2018.01.02-13.50.06:416][789]LogModuleManager: Shutting down and abandoning module IOSRuntimeSettings (434)
[2018.01.02-13.50.06:416][789]LogModuleManager: Shutting down and abandoning module AndroidRuntimeSettings (432)
[2018.01.02-13.50.06:416][789]LogModuleManager: Shutting down and abandoning module InputBindingEditor (430)
[2018.01.02-13.50.06:416][789]LogModuleManager: Shutting down and abandoning module MergeActors (428)
[2018.01.02-13.50.06:416][789]LogModuleManager: Shutting down and abandoning module SizeMap (426)
[2018.01.02-13.50.06:416][789]LogModuleManager: Shutting down and abandoning module TreeMap (424)
[2018.01.02-13.50.06:416][789]LogModuleManager: Shutting down and abandoning module ReferenceViewer (422)
[2018.01.02-13.50.06:417][789]LogModuleManager: Shutting down and abandoning module LocalizationDashboard (420)
[2018.01.02-13.50.06:417][789]LogModuleManager: Shutting down and abandoning module LocalizationService (419)
[2018.01.02-13.50.06:417][789]LogModuleManager: Shutting down and abandoning module HardwareTargeting (416)
[2018.01.02-13.50.06:417][789]LogModuleManager: Shutting down and abandoning module DeviceProfileEditor (414)
[2018.01.02-13.50.06:417][789]LogModuleManager: Shutting down and abandoning module UndoHistory (412)
[2018.01.02-13.50.06:417][789]LogModuleManager: Shutting down and abandoning module UserFeedback (410)
[2018.01.02-13.50.06:417][789]LogModuleManager: Shutting down and abandoning module XmlParser (408)
[2018.01.02-13.50.06:417][789]LogModuleManager: Shutting down and abandoning module Blutility (406)
[2018.01.02-13.50.06:417][789]LogModuleManager: Shutting down and abandoning module ProjectSettingsViewer (404)
[2018.01.02-13.50.06:417][789]LogModuleManager: Shutting down and abandoning module ProjectTargetPlatformEditor (403)
[2018.01.02-13.50.06:417][789]LogModuleManager: Shutting down and abandoning module EditorSettingsViewer (400)
[2018.01.02-13.50.06:417][789]LogModuleManager: Shutting down and abandoning module SettingsEditor (398)
[2018.01.02-13.50.06:417][789]LogModuleManager: Shutting down and abandoning module ProjectLauncher (396)
[2018.01.02-13.50.06:417][789]LogModuleManager: Shutting down and abandoning module SessionFrontend (394)
[2018.01.02-13.50.06:417][789]LogModuleManager: Shutting down and abandoning module ProfilerClient (392)
[2018.01.02-13.50.06:417][789]LogModuleManager: Shutting down and abandoning module DeviceManager (390)
[2018.01.02-13.50.06:417][789]LogModuleManager: Shutting down and abandoning module TargetDeviceServices (389)
[2018.01.02-13.50.06:461][789]LogModuleManager: Shutting down and abandoning module AutomationController (386)
[2018.01.02-13.50.06:461][789]LogModuleManager: Shutting down and abandoning module AutomationWindow (384)
[2018.01.02-13.50.06:461][789]LogModuleManager: Shutting down and abandoning module Layers (382)
[2018.01.02-13.50.06:461][789]LogModuleManager: Shutting down and abandoning module ComponentVisualizers (380)
[2018.01.02-13.50.06:461][789]LogModuleManager: Shutting down and abandoning module DetailCustomizations (378)
[2018.01.02-13.50.06:461][789]LogModuleManager: Shutting down and abandoning module PackagesDialog (376)
[2018.01.02-13.50.06:461][789]LogModuleManager: Shutting down and abandoning module Persona (374)
[2018.01.02-13.50.06:461][789]LogModuleManager: Shutting down and abandoning module AdvancedPreviewScene (373)
[2018.01.02-13.50.06:461][789]LogModuleManager: Shutting down and abandoning module AnimGraph (371)
[2018.01.02-13.50.06:461][789]LogModuleManager: Shutting down and abandoning module Kismet (368)
[2018.01.02-13.50.06:462][789]LogModuleManager: Shutting down and abandoning module ClassViewer (366)
[2018.01.02-13.50.06:462][789]LogModuleManager: Shutting down and abandoning module Toolbox (364)
[2018.01.02-13.50.06:462][789]LogModuleManager: Shutting down and abandoning module ModuleUI (362)
[2018.01.02-13.50.06:462][789]LogModuleManager: Shutting down and abandoning module MovieSceneTools (360)
[2018.01.02-13.50.06:462][789]LogModuleManager: Shutting down and abandoning module OutputLog (358)
[2018.01.02-13.50.06:462][789]LogModuleManager: Shutting down and abandoning module GammaUI (356)
[2018.01.02-13.50.06:462][789]LogModuleManager: Shutting down and abandoning module Documentation (354)
[2018.01.02-13.50.06:462][789]LogModuleManager: Shutting down and abandoning module MovieSceneTracks (352)
[2018.01.02-13.50.06:462][789]LogModuleManager: Shutting down and abandoning module MovieScene (350)
[2018.01.02-13.50.06:462][789]LogModuleManager: Shutting down and abandoning module Niagara (348)
[2018.01.02-13.50.06:462][789]LogModuleManager: Shutting down and abandoning module NiagaraEditor (347)
[2018.01.02-13.50.06:462][789]LogModuleManager: Shutting down and abandoning module StreamingPauseRendering (344)
[2018.01.02-13.50.06:462][789]LogModuleManager: Shutting down and abandoning module AnalyticsET (342)
[2018.01.02-13.50.06:462][789]LogModuleManager: Shutting down and abandoning module PortalServices (340)
[2018.01.02-13.50.06:462][789]LogModuleManager: Shutting down and abandoning module PortalRpc (338)
[2018.01.02-13.50.06:462][789]LogModuleManager: Shutting down and abandoning module MessagingRpc (336)
[2018.01.02-13.50.06:462][789]LogModuleManager: Shutting down and abandoning module AIModule (334)
[2018.01.02-13.50.06:462][789]LogModuleManager: Shutting down and abandoning module GameplayDebugger (333)
[2018.01.02-13.50.06:462][789]LogModuleManager: Shutting down and abandoning module AITestSuite (331)
[2018.01.02-13.50.06:462][789]LogModuleManager: Shutting down and abandoning module ProfilerService (328)
[2018.01.02-13.50.06:672][789]LogModuleManager: Shutting down and abandoning module TaskGraph (326)
[2018.01.02-13.50.06:672][789]LogModuleManager: Shutting down and abandoning module SteamVRController (324)
[2018.01.02-13.50.06:672][789]LogModuleManager: Shutting down and abandoning module SteamVR (322)
[2018.01.02-13.50.06:672][789]LogModuleManager: Shutting down and abandoning module ProceduralMeshComponentEditor (320)
[2018.01.02-13.50.06:672][789]LogModuleManager: Shutting down and abandoning module ProceduralMeshComponent (318)
[2018.01.02-13.50.06:672][789]LogModuleManager: Shutting down and abandoning module OculusLibrary (316)
[2018.01.02-13.50.06:672][789]LogModuleManager: Shutting down and abandoning module OculusInput (314)
[2018.01.02-13.50.06:672][789]LogModuleManager: Shutting down and abandoning module MobilePatchingUtils (312)
[2018.01.02-13.50.06:672][789]LogModuleManager: Shutting down and abandoning module CustomMeshComponent (310)
[2018.01.02-13.50.06:672][789]LogModuleManager: Shutting down and abandoning module CableComponent (308)
[2018.01.02-13.50.06:673][789]LogModuleManager: Shutting down and abandoning module ArchVisCharacter (306)
[2018.01.02-13.50.06:673][789]LogModuleManager: Shutting down and abandoning module AndroidPermission (304)
[2018.01.02-13.50.06:673][789]LogModuleManager: Shutting down and abandoning module MediaPlayerEditor (300)
[2018.01.02-13.50.06:673][789]LogModuleManager: Shutting down and abandoning module HTML5Networking (298)
[2018.01.02-13.50.06:673][789]LogModuleManager: Shutting down and abandoning module AlembicImporter (296)
[2018.01.02-13.50.06:673][789]LogModuleManager: Shutting down and abandoning module AlembicLibrary (295)
[2018.01.02-13.50.06:673][789]LogModuleManager: Shutting down and abandoning module GeometryCache (294)
[2018.01.02-13.50.06:673][789]LogModuleManager: Shutting down and abandoning module GeometryCacheEd (293)
[2018.01.02-13.50.06:673][789]LogModuleManager: Shutting down and abandoning module SuperSearchEditor (288)
[2018.01.02-13.50.06:673][789]LogModuleManager: Shutting down and abandoning module SuperSearch (287)
[2018.01.02-13.50.06:673][789]LogModuleManager: Shutting down and abandoning module SpeedTreeImporter (284)
[2018.01.02-13.50.06:673][789]LogModuleManager: Shutting down and abandoning module PluginBrowser (282)
[2018.01.02-13.50.06:673][789]LogModuleManager: Shutting down and abandoning module MobileLauncherProfileWizard (280)
[2018.01.02-13.50.06:673][789]LogModuleManager: Shutting down and abandoning module VisualStudioSourceCodeAccess (278)
[2018.01.02-13.50.06:673][789]LogModuleManager: Shutting down and abandoning module DesktopPlatform (277)
[2018.01.02-13.50.06:673][789]LogModuleManager: Shutting down and abandoning module UObjectPlugin (274)
[2018.01.02-13.50.06:673][789]LogModuleManager: Shutting down and abandoning module SubversionSourceControl (272)
[2018.01.02-13.50.06:673][789]LogModuleManager: Shutting down and abandoning module PerforceSourceControl (270)
[2018.01.02-13.50.06:673][789]LogModuleManager: Shutting down and abandoning module GitSourceControl (268)
[2018.01.02-13.50.06:673][789]LogModuleManager: Shutting down and abandoning module SourceControl (267)
[2018.01.02-13.50.06:673][789]LogModuleManager: Shutting down and abandoning module LightPropagationVolumeEditor (264)
[2018.01.02-13.50.06:673][789]LogModuleManager: Shutting down and abandoning module PaperTiledImporter (262)
[2018.01.02-13.50.06:673][789]LogModuleManager: Shutting down and abandoning module PaperSpriteSheetImporter (260)
[2018.01.02-13.50.06:673][789]LogModuleManager: Shutting down and abandoning module Paper2DEditor (258)
[2018.01.02-13.50.06:673][789]LogModuleManager: Shutting down and abandoning module MeshPaint (257)
[2018.01.02-13.50.06:673][789]LogModuleManager: Shutting down and abandoning module LevelEditor (255)
[2018.01.02-13.50.06:674][789]LogModuleManager: Shutting down and abandoning module PixelInspectorModule (254)
[2018.01.02-13.50.06:674][789]LogModuleManager: Shutting down and abandoning module MainFrame (252)
[2018.01.02-13.50.06:674][789]LogModuleManager: Shutting down and abandoning module HotReload (251)
[2018.01.02-13.50.06:674][789]LogModuleManager: Shutting down and abandoning module PhysXVehiclesEditor (246)
[2018.01.02-13.50.06:674][789]LogModuleManager: Shutting down and abandoning module PhysXVehicles (244)
[2018.01.02-13.50.06:674][789]LogModuleManager: Shutting down and abandoning module LocationServicesBPLibrary (242)
[2018.01.02-13.50.06:674][789]LogModuleManager: Shutting down and abandoning module ImmediatePhysicsEditor (240)
[2018.01.02-13.50.06:674][789]LogModuleManager: Shutting down and abandoning module ImmediatePhysics (238)
[2018.01.02-13.50.06:674][789]LogModuleManager: Shutting down and abandoning module UdpMessaging (236)
[2018.01.02-13.50.06:776][789]LogModuleManager: Shutting down and abandoning module TcpMessaging (234)
[2018.01.02-13.50.06:917][789]LogModuleManager: Shutting down and abandoning module GameplayTagsEditor (232)
[2018.01.02-13.50.06:917][789]LogModuleManager: Shutting down and abandoning module FacialAnimationEditor (230)
[2018.01.02-13.50.06:917][789]LogModuleManager: Shutting down and abandoning module FacialAnimation (228)
[2018.01.02-13.50.06:917][789]LogModuleManager: Shutting down and abandoning module AssetManagerEditor (226)
[2018.01.02-13.50.06:917][789]LogModuleManager: Shutting down and abandoning module GraphEditor (225)
[2018.01.02-13.50.06:917][789]LogModuleManager: Shutting down and abandoning module ContentBrowser (223)
[2018.01.02-13.50.06:919][789]LogModuleManager: Shutting down and abandoning module LightPropagationVolumeRuntime (220)
[2018.01.02-13.50.06:919][789]LogModuleManager: Shutting down and abandoning module Paper2D (218)
[2018.01.02-13.50.06:919][789]LogModuleManager: Shutting down and abandoning module WindowsMoviePlayer (216)
[2018.01.02-13.50.06:919][789]LogModuleManager: Shutting down and abandoning module WmfMedia (214)
[2018.01.02-13.50.06:923][789]LogModuleManager: Shutting down and abandoning module ClothingSystemEditor (212)
[2018.01.02-13.50.06:923][789]LogModuleManager: Shutting down and abandoning module ClothingSystemRuntime (210)
[2018.01.02-13.50.06:923][789]LogModuleManager: Shutting down and abandoning module MediaAssets (208)
[2018.01.02-13.50.06:923][789]LogModuleManager: Shutting down and abandoning module GameLiveStreaming (206)
[2018.01.02-13.50.06:923][789]LogModuleManager: Shutting down and abandoning module VREditor (204)
[2018.01.02-13.50.06:923][789]LogModuleManager: Shutting down and abandoning module StringTableEditor (202)
[2018.01.02-13.50.06:923][789]LogModuleManager: Shutting down and abandoning module GameplayTasksEditor (200)
[2018.01.02-13.50.06:923][789]LogModuleManager: Shutting down and abandoning module BehaviorTreeEditor (198)
[2018.01.02-13.50.06:923][789]LogModuleManager: Shutting down and abandoning module FunctionalTesting (196)
[2018.01.02-13.50.06:923][789]LogModuleManager: Shutting down and abandoning module CollisionAnalyzer (194)
[2018.01.02-13.50.06:923][789]LogModuleManager: Shutting down and abandoning module UMG (192)
[2018.01.02-13.50.06:924][789]LogModuleManager: Shutting down and abandoning module UMGEditor (191)
[2018.01.02-13.50.06:924][789]LogModuleManager: Shutting down and abandoning module Sequencer (190)
[2018.01.02-13.50.06:924][789]LogModuleManager: Shutting down and abandoning module AssetTools (188)
[2018.01.02-13.50.06:924][789]LogModuleManager: Shutting down and abandoning module MessageLog (187)
[2018.01.02-13.50.06:924][789]LogModuleManager: Shutting down and abandoning module WorkspaceMenuStructure (186)
[2018.01.02-13.50.06:924][789]LogModuleManager: Shutting down and abandoning module SlateReflector (180)
[2018.01.02-13.50.06:924][789]LogModuleManager: Shutting down and abandoning module Slate (178)
[2018.01.02-13.50.06:924][789]LogModuleManager: Shutting down and abandoning module EditorStyle (176)
[2018.01.02-13.50.06:928][789]LogModuleManager: Shutting down and abandoning module SourceCodeAccess (174)
[2018.01.02-13.50.06:928][789]LogModuleManager: Shutting down and abandoning module HeadMountedDisplay (172)
[2018.01.02-13.50.06:928][789]LogModuleManager: Shutting down and abandoning module XAudio2 (170)
[2018.01.02-13.50.06:928][789]LogModuleManager: Shutting down and abandoning module Networking (168)
[2018.01.02-13.50.06:928][789]LogModuleManager: Shutting down and abandoning module Core (164)
[2018.01.02-13.50.06:928][789]LogModuleManager: Shutting down and abandoning module AssetRegistry (162)
[2018.01.02-13.50.07:052][789]LogDirectoryWatcher: A directory notification for '../../../Engine/Content/' was aborted.
[2018.01.02-13.50.07:052][789]LogDirectoryWatcher: A directory notification for 'I:/Projekt/PGK/Content/' was aborted.
[2018.01.02-13.50.07:052][789]LogDirectoryWatcher: A directory notification for '../../../Engine/Plugins/2D/Paper2D/Content/' was aborted.
[2018.01.02-13.50.07:052][789]LogDirectoryWatcher: A directory notification for '../../../Engine/Plugins/Runtime/GearVR/Content/' was aborted.
[2018.01.02-13.50.07:056][789]LogModuleManager: Shutting down and abandoning module DirectoryWatcher (161)
[2018.01.02-13.50.07:057][789]LogModuleManager: Shutting down and abandoning module KismetCompiler (158)
[2018.01.02-13.50.07:057][789]LogModuleManager: Shutting down and abandoning module LevelSequence (156)
[2018.01.02-13.50.07:057][789]LogModuleManager: Shutting down and abandoning module PhysXFormats (154)
[2018.01.02-13.50.07:057][789]LogModuleManager: Shutting down and abandoning module MeshUtilities (152)
[2018.01.02-13.50.07:057][789]LogModuleManager: Shutting down and abandoning module SimplygonSwarm (151)
[2018.01.02-13.50.07:057][789]LogModuleManager: Shutting down and abandoning module SimplygonMeshReduction (149)
[2018.01.02-13.50.07:057][789]LogModuleManager: Shutting down and abandoning module QuadricMeshReduction (147)
[2018.01.02-13.50.07:057][789]LogModuleManager: Shutting down and abandoning module DerivedDataCache (144)
[2018.01.02-13.50.07:064][789]LogDerivedDataCache: Shutdown
[2018.01.02-13.50.07:064][789]LogModuleManager: Shutting down and abandoning module TargetPlatform (142)
[2018.01.02-13.50.07:065][789]LogModuleManager: Shutting down and abandoning module VulkanShaderFormat (141)
[2018.01.02-13.50.07:065][789]LogModuleManager: Shutting down and abandoning module ShaderFormatVectorVM (139)
[2018.01.02-13.50.07:065][789]LogModuleManager: Shutting down and abandoning module ShaderFormatOpenGL (137)
[2018.01.02-13.50.07:065][789]LogModuleManager: Shutting down and abandoning module ShaderFormatD3D (135)
[2018.01.02-13.50.07:065][789]LogModuleManager: Shutting down and abandoning module MetalShaderFormat (133)
[2018.01.02-13.50.07:065][789]LogModuleManager: Shutting down and abandoning module TextureFormatUncompressed (131)
[2018.01.02-13.50.07:065][789]LogModuleManager: Shutting down and abandoning module TextureFormatPVR (129)
[2018.01.02-13.50.07:065][789]LogModuleManager: Shutting down and abandoning module TextureFormatDXT (127)
[2018.01.02-13.50.07:065][789]LogModuleManager: Shutting down and abandoning module TextureFormatIntelISPCTexComp (125)
[2018.01.02-13.50.07:065][789]LogModuleManager: Shutting down and abandoning module TextureFormatASTC (123)
[2018.01.02-13.50.07:065][789]LogModuleManager: Shutting down and abandoning module ImageWrapper (122)
[2018.01.02-13.50.07:065][789]LogModuleManager: Shutting down and abandoning module TextureFormatAndroid (119)
[2018.01.02-13.50.07:065][789]LogModuleManager: Shutting down and abandoning module AudioFormatOpus (117)
[2018.01.02-13.50.07:065][789]LogModuleManager: Shutting down and abandoning module AudioFormatOgg (115)
[2018.01.02-13.50.07:065][789]LogModuleManager: Shutting down and abandoning module AudioFormatADPCM (113)
[2018.01.02-13.50.07:065][789]LogModuleManager: Shutting down and abandoning module LinuxTargetPlatform (111)
[2018.01.02-13.50.07:065][789]LogModuleManager: Shutting down and abandoning module LinuxServerTargetPlatform (109)
[2018.01.02-13.50.07:065][789]LogModuleManager: Shutting down and abandoning module LinuxNoEditorTargetPlatform (107)
[2018.01.02-13.50.07:065][789]LogModuleManager: Shutting down and abandoning module LinuxClientTargetPlatform (105)
[2018.01.02-13.50.07:065][789]LogModuleManager: Shutting down and abandoning module TVOSTargetPlatform (103)
[2018.01.02-13.50.07:065][789]LogModuleManager: Shutting down and abandoning module Messaging (101)
[2018.01.02-13.50.07:065][789]LogModuleManager: Shutting down and abandoning module IOSTargetPlatform (99)
[2018.01.02-13.50.07:065][789]LogModuleManager: Shutting down and abandoning module HTML5TargetPlatform (97)
[2018.01.02-13.50.07:065][789]LogModuleManager: Shutting down and abandoning module Android_PVRTCTargetPlatform (95)
[2018.01.02-13.50.07:065][789]LogModuleManager: Shutting down and abandoning module Android_MultiTargetPlatform (93)
[2018.01.02-13.50.07:065][789]LogModuleManager: Shutting down and abandoning module Android_ETC2TargetPlatform (91)
[2018.01.02-13.50.07:065][789]LogModuleManager: Shutting down and abandoning module Android_ETC1TargetPlatform (89)
[2018.01.02-13.50.07:065][789]LogModuleManager: Shutting down and abandoning module Android_DXTTargetPlatform (87)
[2018.01.02-13.50.07:065][789]LogModuleManager: Shutting down and abandoning module Android_ATCTargetPlatform (85)
[2018.01.02-13.50.07:065][789]LogModuleManager: Shutting down and abandoning module Android_ASTCTargetPlatform (83)
[2018.01.02-13.50.07:065][789]LogModuleManager: Shutting down and abandoning module AndroidTargetPlatform (81)
[2018.01.02-13.50.07:065][789]LogModuleManager: Shutting down and abandoning module WindowsTargetPlatform (79)
[2018.01.02-13.50.07:065][789]LogModuleManager: Shutting down and abandoning module WindowsServerTargetPlatform (77)
[2018.01.02-13.50.07:065][789]LogModuleManager: Shutting down and abandoning module WindowsNoEditorTargetPlatform (75)
[2018.01.02-13.50.07:065][789]LogModuleManager: Shutting down and abandoning module WindowsClientTargetPlatform (73)
[2018.01.02-13.50.07:065][789]LogModuleManager: Shutting down and abandoning module MacTargetPlatform (71)
[2018.01.02-13.50.07:065][789]LogModuleManager: Shutting down and abandoning module MacServerTargetPlatform (69)
[2018.01.02-13.50.07:065][789]LogModuleManager: Shutting down and abandoning module MacNoEditorTargetPlatform (67)
[2018.01.02-13.50.07:065][789]LogModuleManager: Shutting down and abandoning module MacClientTargetPlatform (65)
[2018.01.02-13.50.07:065][789]LogModuleManager: Shutting down and abandoning module AllDesktopTargetPlatform (63)
[2018.01.02-13.50.07:065][789]LogModuleManager: Shutting down and abandoning module InputCore (60)
[2018.01.02-13.50.07:065][789]LogModuleManager: Shutting down and abandoning module Settings (58)
[2018.01.02-13.50.07:065][789]LogModuleManager: Shutting down and abandoning module OculusRift (56)
[2018.01.02-13.50.07:065][789]LogModuleManager: Shutting down and abandoning module GearVRController (54)
[2018.01.02-13.50.07:065][789]LogModuleManager: Shutting down and abandoning module GearVR (52)
[2018.01.02-13.50.07:065][789]LogModuleManager: Shutting down and abandoning module ExampleDeviceProfileSelector (50)
[2018.01.02-13.50.07:065][789]LogModuleManager: Shutting down and abandoning module OnlineBlueprintSupport (48)
[2018.01.02-13.50.07:066][789]LogModuleManager: Shutting down and abandoning module OnlineSubsystem (44)
[2018.01.02-13.50.07:066][789]LogOnline:Display: Unloading online subsystem: NULL
[2018.01.02-13.50.07:066][789]LogModuleManager: Shutting down and abandoning module XMPP (43)
[2018.01.02-13.50.07:066][789]LogModuleManager: Shutting down and abandoning module HTTP (41)
[2018.01.02-13.50.07:066][789]LogHttp:Display: Http module shutting down, but needs to wait on 1 outstanding Http requests:
[2018.01.02-13.50.07:066][789]LogHttp:Display: 	verb=[POST] url=[https://datarouter.ol.epicgames.com/datarouter/api/v1/public/data?SessionID=%7B66C9C610-4802-57FC-5A3E-4EB1091981A8%7D&AppID=UEEditor.Rocket.Release&AppVersion=4.16.3-3561208%2B%2B%2BUE4%2BRelease-4.16&UserID=29637ffe4c58a1c3c8e01ea6909a8eb4%7C4b55de0784454aa7bd2b02757aa35777%7C0a577216-477d-4061-b982-e092ed939e1e&AppEnvironment=datacollector-binary&UploadType=eteventstream] status=Processing
[2018.01.02-13.50.07:083][789]LogModuleManager: Shutting down and abandoning module SSL (40)
[2018.01.02-13.50.07:085][789]LogModuleManager: Shutting down and abandoning module HTTPChunkInstaller (36)
[2018.01.02-13.50.07:085][789]LogModuleManager: Shutting down and abandoning module AnimationModifiers (34)
[2018.01.02-13.50.07:085][789]LogModuleManager: Shutting down and abandoning module PropertyEditor (33)
[2018.01.02-13.50.07:085][789]LogModuleManager: Shutting down and abandoning module AudioEditor (30)
[2018.01.02-13.50.07:085][789]LogModuleManager: Shutting down and abandoning module TextureCompressor (28)
[2018.01.02-13.50.07:085][789]LogModuleManager: Shutting down and abandoning module ShaderCore (26)
[2018.01.02-13.50.07:085][789]LogModuleManager: Shutting down and abandoning module Landscape (24)
[2018.01.02-13.50.07:085][789]LogModuleManager: Shutting down and abandoning module SlateRHIRenderer (22)
[2018.01.02-13.50.07:086][789]LogModuleManager: Shutting down and abandoning module OpenGLDrv (20)
[2018.01.02-13.50.07:086][789]LogModuleManager: Shutting down and abandoning module D3D11RHI (18)
[2018.01.02-13.50.07:086][789]LogModuleManager: Shutting down and abandoning module AnimGraphRuntime (16)
[2018.01.02-13.50.07:086][789]LogModuleManager: Shutting down and abandoning module Renderer (14)
[2018.01.02-13.50.07:086][789]LogModuleManager: Shutting down and abandoning module Engine (12)
[2018.01.02-13.50.07:086][789]LogModuleManager: Shutting down and abandoning module CoreUObject (10)
[2018.01.02-13.50.07:086][789]LogModuleManager: Shutting down and abandoning module NetworkFile (8)
[2018.01.02-13.50.07:086][789]LogModuleManager: Shutting down and abandoning module StreamingFile (6)
[2018.01.02-13.50.07:086][789]LogModuleManager: Shutting down and abandoning module SandboxFile (4)
[2018.01.02-13.50.07:086][789]LogModuleManager: Shutting down and abandoning module PakFile (2)
[2018.01.02-13.50.07:089][789]LogExit: Exiting.
[2018.01.02-13.50.07:101][789]Log file closed, 01/02/18 14:50:07
