Log file open, 12/04/17 08:53:39
LogInit:Display: Running engine for game: PGK
LogPlatformFile: Not using cached read wrapper
LogInit:Display: RandInit(-1648533033) SRandInit(-1648533032).
LogTaskGraph: Started task graph with 5 named threads and 8 total threads with 1 sets of task threads.
LogStats: Stats thread started at 5.455255
LogInit: Using libcurl 7.47.1
LogInit:  - built for x86_64-pc-win32
LogInit:  - supports SSL with OpenSSL/1.0.2g
LogInit:  - supports HTTP deflate (compression) using libz 1.2.8
LogInit:  - other features:
LogInit:      CURL_VERSION_SSL
LogInit:      CURL_VERSION_LIBZ
LogInit:      CURL_VERSION_IPV6
LogInit:      CURL_VERSION_ASYNCHDNS
LogInit:      CURL_VERSION_LARGEFILE
LogInit:      CURL_VERSION_IDN
LogInit:  CurlRequestOptions (configurable via config and command line):
LogInit:  - bVerifyPeer = false  - Libcurl will NOT verify peer certificate
LogInit:  - bUseHttpProxy = false  - Libcurl will NOT use HTTP proxy
LogInit:  - bDontReuseConnections = false  - Libcurl will reuse connections
LogInit:  - CertBundlePath = nullptr  - Libcurl will use whatever was configured at build time.
LogInit: Build: ++UE4+Release-4.16-CL-3561208
LogInit: Engine Version: 4.16.3-3561208+++UE4+Release-4.16
LogInit: Compatible Engine Version: 4.16.0-3452394+++UE4+Release-4.16
LogInit: Net CL: 3452394
LogDevObjectVersion: Number of dev versions registered: 16
LogDevObjectVersion:   Dev-Blueprints (B0D832E4-1F89-4F0D-ACCF-7EB736FD4AA2): 9
LogDevObjectVersion:   Dev-Build (E1C64328-A22C-4D53-A36C-8E866417BD8C): 0
LogDevObjectVersion:   Dev-Core (375EC13C-06E4-48FB-B500-84F0262A717E): 2
LogDevObjectVersion:   Dev-Editor (E4B068ED-F494-42E9-A231-DA0B2E46BB41): 17
LogDevObjectVersion:   Dev-Framework (CFFC743F-43B0-4480-9391-14DF171D2073): 23
LogDevObjectVersion:   Dev-Mobile (B02B49B5-BB20-44E9-A304-32B752E40360): 0
LogDevObjectVersion:   Dev-Networking (A4E4105C-59A1-49B5-A7C5-40C4547EDFEE): 0
LogDevObjectVersion:   Dev-Online (39C831C9-5AE6-47DC-9A44-9C173E1C8E7C): 0
LogDevObjectVersion:   Dev-Physics (78F01B33-EBEA-4F98-B9B4-84EACCB95AA2): 0
LogDevObjectVersion:   Dev-Platform (6631380F-2D4D-43E0-8009-CF276956A95A): 0
LogDevObjectVersion:   Dev-Rendering (12F88B9F-8875-4AFC-A67C-D90C383ABD29): 15
LogDevObjectVersion:   Dev-Sequencer (7B5AE74C-D270-4C10-A958-57980B212A5A): 4
LogDevObjectVersion:   Dev-VR (D7296918-1DD6-4BDD-9DE2-64A83CC13884): 0
LogDevObjectVersion:   Dev-LoadTimes (C2A15278-BFE7-4AFE-6C17-90FF531DF755): 1
LogDevObjectVersion:   Private-Geometry (6EACA3D4-40EC-4CC1-B786-8BED09428FC5): 1
LogDevObjectVersion:   Dev-AnimPhys (29E575DD-E0A3-4627-9D10-D276232CDCEA): 3
LogInit: Compiled (64-bit): Jul 28 2017 11:49:47
LogInit: Compiled with Visual C++: 19.00.24215.01
LogInit: Build Configuration: Development
LogInit: Branch Name: ++UE4+Release-4.16
LogInit: Command line:  
LogInit: Base directory: P:/silnik/UE_4.16/Engine/Binaries/Win64/
LogInit: Installed Engine Build: 1
LogInit: Presizing for max 8388607 objects, including 0 objects not considered by GC, pre-allocating 0 bytes for permanent pool.
LogInit: Object subsystem initialized
[2017.12.04-07.53.42:064][  0]LogInit: Selected Device Profile: [Windows]
[2017.12.04-07.53.42:064][  0]LogInit: Applying CVar settings loaded from the selected device profile: [Windows]
[2017.12.04-07.53.42:219][  0]LogInit: Computer: GROBKOMP
[2017.12.04-07.53.42:219][  0]LogInit: User: Robert
[2017.12.04-07.53.42:219][  0]LogInit: CPU Page size=4096, Cores=4
[2017.12.04-07.53.42:219][  0]LogInit: High frequency timer resolution =2.250000 MHz
[2017.12.04-07.53.42:223][  0]LogMemory: Memory total: Physical=7.9GB (8GB approx)
[2017.12.04-07.53.42:223][  0]LogMemory: Platform Memory Stats for Windows
[2017.12.04-07.53.42:223][  0]LogMemory: Process Physical Memory: 274.88 MB used, 274.88 MB peak
[2017.12.04-07.53.42:223][  0]LogMemory: Process Virtual Memory: 266.64 MB used, 266.64 MB peak
[2017.12.04-07.53.42:223][  0]LogMemory: Physical Memory: 2803.27 MB used,  5306.93 MB free, 8110.20 MB total
[2017.12.04-07.53.42:223][  0]LogMemory: Virtual Memory: 663.05 MB used,  5306.93 MB free, 134217728.00 MB total
[2017.12.04-07.53.43:416][  0]LogInit: Using OS detected language (pl-PL).
[2017.12.04-07.53.43:416][  0]LogInit: Using OS detected locale (pl-PL).
[2017.12.04-07.53.43:601][  0]LogTextLocalizationManager: No localization for 'pl-PL' exists, so 'en' will be used for the language.
[2017.12.04-07.53.43:603][  0]LogTextLocalizationManager: No localization for 'pl-PL' exists, so 'en' will be used for the locale.
[2017.12.04-07.53.48:022][  0]LogD3D11RHI: D3D11 adapters:
[2017.12.04-07.53.49:475][  0]LogD3D11RHI:    0. 'NVIDIA GeForce GTX 960M' (Feature Level 11_0)
[2017.12.04-07.53.49:475][  0]LogD3D11RHI:       2017/0/4055 MB DedicatedVideo/DedicatedSystem/SharedSystem, Outputs:1, VendorId:0x10de
[2017.12.04-07.53.49:537][  0]LogD3D11RHI:    1. 'Intel(R) HD Graphics 530' (Feature Level 11_0)
[2017.12.04-07.53.49:537][  0]LogD3D11RHI:       128/0/4055 MB DedicatedVideo/DedicatedSystem/SharedSystem, Outputs:0, VendorId:0x8086
[2017.12.04-07.53.49:545][  0]LogD3D11RHI:    2. 'Microsoft Basic Render Driver' (Feature Level 11_0)
[2017.12.04-07.53.49:545][  0]LogD3D11RHI:       0/0/4055 MB DedicatedVideo/DedicatedSystem/SharedSystem, Outputs:0, VendorId:0x1414
[2017.12.04-07.53.49:545][  0]LogD3D11RHI: Chosen D3D11 Adapter: 0
[2017.12.04-07.53.49:566][  0]LogD3D11RHI: Creating new Direct3DDevice
[2017.12.04-07.53.49:567][  0]LogD3D11RHI:     GPU DeviceId: 0x139b (for the marketing name, search the web for "GPU Device Id")
[2017.12.04-07.53.49:567][  0]LogWindows: EnumDisplayDevices:
[2017.12.04-07.53.49:567][  0]LogWindows:    0. 'Intel(R) HD Graphics 530' (P:1 D:1)
[2017.12.04-07.53.49:568][  0]LogWindows:    1. 'Intel(R) HD Graphics 530' (P:0 D:0)
[2017.12.04-07.53.49:568][  0]LogWindows:    2. 'Intel(R) HD Graphics 530' (P:0 D:0)
[2017.12.04-07.53.49:569][  0]LogWindows:    3. 'NVIDIA GeForce GTX 960M' (P:0 D:0)
[2017.12.04-07.53.49:570][  0]LogWindows:    4. 'NVIDIA GeForce GTX 960M' (P:0 D:0)
[2017.12.04-07.53.49:571][  0]LogWindows:    5. 'NVIDIA GeForce GTX 960M' (P:0 D:0)
[2017.12.04-07.53.49:571][  0]LogWindows:    6. 'NVIDIA GeForce GTX 960M' (P:0 D:0)
[2017.12.04-07.53.49:572][  0]LogWindows: DebugString: GetVideoDriverDetailsInvalid PrimaryIsNotTheChoosenAdapter GetVideoDriverDetailsInvalid PrimaryIsNotTheChoosenAdapter GetVideoDriverDetailsInvalid PrimaryIsNotTheChoosenAdapter GetVideoDriverDetailsInvalid PrimaryIsNotTheChoosenAdapter GetVideoDriverDetailsInvalid PrimaryIsNotTheChoosenAdapter GetVideoDriverDetailsInvalid PrimaryIsNotTheChoosenAdapter GetVideoDriverDetailsInvalid PrimaryIsNotTheChoosenAdapter FoundDriverCount:0 
[2017.12.04-07.53.49:572][  0]LogD3D11RHI:     Adapter Name: NVIDIA GeForce GTX 960M
[2017.12.04-07.53.49:572][  0]LogD3D11RHI:   Driver Version: Unknown (internal:Unknown, unified:Unknown)
[2017.12.04-07.53.49:572][  0]LogD3D11RHI:      Driver Date: Unknown
[2017.12.04-07.53.49:572][  0]LogRHI: Texture pool is 1361 MB (70% of 1945 MB)
[2017.12.04-07.53.50:957][  0]LogD3D11RHI: Async texture creation enabled
[2017.12.04-07.53.52:135][  0]LogD3D11RHI: GPU Timing Frequency: 1000.000000 (Debug: 2 4)
[2017.12.04-07.53.52:292][  0]LogShaderCompilers: Guid format shader working directory is 33 characters bigger than the processId version (I:/Projekt/PGK/Intermediate/Shaders/WorkingDirectory/2108/).
[2017.12.04-07.53.52:292][  0]LogShaderCompilers: Cleaned the shader compiler working directory 'C:/Users/Robert/AppData/Local/Temp/UnrealShaderWorkingDir/566AA5D147F8D1071A7AF3A656B3E6AA/'.
[2017.12.04-07.53.52:300][  0]LogShaderCompilers:Display: Using Local Shader Compiler.
[2017.12.04-07.54.03:473][  0]LogTemp:Display: Loaded TP AllDesktopTargetPlatform
[2017.12.04-07.54.03:593][  0]LogTemp:Display: Loaded TP MacClientTargetPlatform
[2017.12.04-07.54.03:698][  0]LogTemp:Display: Loaded TP MacNoEditorTargetPlatform
[2017.12.04-07.54.03:838][  0]LogTemp:Display: Loaded TP MacServerTargetPlatform
[2017.12.04-07.54.04:008][  0]LogTemp:Display: Loaded TP MacTargetPlatform
[2017.12.04-07.54.04:139][  0]LogTemp:Display: Loaded TP WindowsClientTargetPlatform
[2017.12.04-07.54.04:240][  0]LogTemp:Display: Loaded TP WindowsNoEditorTargetPlatform
[2017.12.04-07.54.04:339][  0]LogTemp:Display: Loaded TP WindowsServerTargetPlatform
[2017.12.04-07.54.04:475][  0]LogTemp:Display: Loaded TP WindowsTargetPlatform
[2017.12.04-07.54.04:603][  0]LogTemp:Display: Loaded TP AndroidTargetPlatform
[2017.12.04-07.54.04:712][  0]LogTemp:Display: Loaded TP Android_ASTCTargetPlatform
[2017.12.04-07.54.04:832][  0]LogTemp:Display: Loaded TP Android_ATCTargetPlatform
[2017.12.04-07.54.05:034][  0]LogTemp:Display: Loaded TP Android_DXTTargetPlatform
[2017.12.04-07.54.05:178][  0]LogTemp:Display: Loaded TP Android_ETC1TargetPlatform
[2017.12.04-07.54.05:275][  0]LogTemp:Display: Loaded TP Android_ETC2TargetPlatform
[2017.12.04-07.54.05:504][  0]LogTemp:Display: Loaded TP Android_MultiTargetPlatform
[2017.12.04-07.54.05:504][  0]LogTemp:Display: Loaded TP Android_PVRTCTargetPlatform
[2017.12.04-07.54.05:622][  0]LogTemp:Display: Loaded TP HTML5TargetPlatform
[2017.12.04-07.54.05:970][  0]LogTemp:Display: Loaded TP IOSTargetPlatform
[2017.12.04-07.54.06:063][  0]LogTemp:Display: Loaded TP TVOSTargetPlatform
[2017.12.04-07.54.06:192][  0]LogTemp:Display: Loaded TP LinuxClientTargetPlatform
[2017.12.04-07.54.06:294][  0]LogTemp:Display: Loaded TP LinuxNoEditorTargetPlatform
[2017.12.04-07.54.06:393][  0]LogTemp:Display: Loaded TP LinuxServerTargetPlatform
[2017.12.04-07.54.06:498][  0]LogTemp:Display: Loaded TP LinuxTargetPlatform
[2017.12.04-07.54.06:498][  0]LogTargetPlatformManager:Display: Building Assets For Windows
[2017.12.04-07.54.08:664][  0]LogDerivedDataCache:Display: Max Cache Size: 512 MB
[2017.12.04-07.54.10:034][  0]LogDerivedDataCache: Loaded boot cache 1.35s 90MB C:/Users/Robert/AppData/Local/UnrealEngine/4.16/DerivedDataCache/Boot.ddc.
[2017.12.04-07.54.10:034][  0]LogDerivedDataCache:Display: Loaded Boot cache: C:/Users/Robert/AppData/Local/UnrealEngine/4.16/DerivedDataCache/Boot.ddc
[2017.12.04-07.54.10:034][  0]LogDerivedDataCache: FDerivedDataBackendGraph:  Pak pak cache file I:/Projekt/PGK/DerivedDataCache/DDC.ddp not found, will not use a pak cache.
[2017.12.04-07.54.10:034][  0]LogDerivedDataCache: Unable to find inner node Pak for hierarchical cache Hierarchy.
[2017.12.04-07.54.10:034][  0]LogDerivedDataCache: FDerivedDataBackendGraph:  CompressedPak pak cache file I:/Projekt/PGK/DerivedDataCache/Compressed.ddp not found, will not use a pak cache.
[2017.12.04-07.54.10:034][  0]LogDerivedDataCache: Unable to find inner node CompressedPak for hierarchical cache Hierarchy.
[2017.12.04-07.54.10:179][  0]LogDerivedDataCache:Display: Pak cache opened for reading ../../../Engine/DerivedDataCache/Compressed.ddp.
[2017.12.04-07.54.10:231][  0]LogDerivedDataCache: Using Local data cache path C:/Users/Robert/AppData/Local/UnrealEngine/Common/DerivedDataCache: Writable
[2017.12.04-07.54.10:321][  0]LogMaterial: Verifying Global Shaders for PCD3D_SM5
[2017.12.04-07.54.10:363][  0]LogSlate: Using Freetype 2.6.0
[2017.12.04-07.54.10:445][  0]LogSlate: SlateFontCache - WITH_FREETYPE: 1, WITH_HARFBUZZ: 1
[2017.12.04-07.54.10:445][  0]LogSlate: SlateFontCache - WITH_FREETYPE: 1, WITH_HARFBUZZ: 1
[2017.12.04-07.54.18:819][  0]LogInit: Selected Device Profile: [Windows]
[2017.12.04-07.54.20:401][  0]LogContentStreaming: Texture pool size is 0.00 MB
[2017.12.04-07.54.21:652][  0]LogMeshUtilities: Using QuadricMeshReduction for automatic static mesh reduction
[2017.12.04-07.54.21:898][  0]LogSimplygon: Simplygon DLL not present - disabling.
[2017.12.04-07.54.22:094][  0]LogMeshUtilities: Using SimplygonSwarm for distributed automatic mesh merging
[2017.12.04-07.54.22:094][  0]LogMeshUtilities: No automatic skeletal mesh reduction module available
[2017.12.04-07.54.22:094][  0]LogMeshUtilities: No automatic mesh merging module available
[2017.12.04-07.54.28:420][  0]LogNetVersion: PGK , NetCL: 3452394, EngineNetVer: 2, GameNetVer: 0 (Checksum: 3392332418)
[2017.12.04-07.54.28:833][  0]LogAssetRegistry: FAssetRegistry took 0.0570 seconds to start up
[2017.12.04-07.54.29:265][  0]LogPackageLocalizationCache: Processed 4 localized package path(s) for 1 prioritized culture(s) in 0.248211 seconds
[2017.12.04-07.54.29:281][  0]LogUObjectArray: 34194 objects as part of root set at end of initial load.
[2017.12.04-07.54.29:281][  0]LogUObjectAllocator: 7260424 out of 0 bytes used by permanent object pool.
[2017.12.04-07.54.29:281][  0]LogUObjectArray: CloseDisregardForGC: 0/0 objects in disregard for GC pool
[2017.12.04-07.54.29:508][  0]LogInit: WinSock: version 1.1 (2.2), MaxSocks=32767, MaxUdp=65467
[2017.12.04-07.54.59:971][  0]LogTcpMessaging: Initializing TcpMessaging bridge
[2017.12.04-07.55.00:112][  0]LogUdpMessaging: Initializing bridge on interface 0.0.0.0:0 to multicast group 230.0.0.1:6666.
[2017.12.04-07.55.03:966][  0]LogMaterial: Uniform references updated for custom material expression Custom.
[2017.12.04-07.55.05:695][  0]SourceControl: Info Source control is disabled
[2017.12.04-07.55.05:707][  0]SourceControl: Info Source control is disabled
[2017.12.04-07.55.05:939][  0]SourceControl: Info Source control is disabled
[2017.12.04-07.55.06:147][  0]SourceControl: Info Source control is disabled
[2017.12.04-07.55.09:366][  0]LogAndroidPermission: UAndroidPermissionCallbackProxy::GetInstance
[2017.12.04-07.55.11:988][  0]LogEngine: Initializing Engine...
[2017.12.04-07.55.12:067][  0]LogHMD: Failed to initialize OpenVR with code 110
[2017.12.04-07.55.13:485][  0]LogStats: UGameplayTagsManager::ConstructGameplayTagTree: Construct from data asset -  0.000 s
[2017.12.04-07.55.13:486][  0]LogStats: UGameplayTagsManager::ConstructGameplayTagTree: GameplayTagTreeChangedEvent.Broadcast -  0.000 s
[2017.12.04-07.55.14:271][  0]LogAIModule: Creating AISystem for world Untitled
[2017.12.04-07.55.14:541][  0]LogInit: XAudio2 using 'Głośniki (Realtek High Definition Audio)' : 2 channels at 48 kHz using 32 bits per sample (channel mask 0x3)
[2017.12.04-07.55.14:735][  0]LogInit: FAudioDevice initialized.
[2017.12.04-07.55.14:854][  0]LogDerivedDataCache: Saved boot cache 0.12s 90MB C:/Users/Robert/AppData/Local/UnrealEngine/4.16/DerivedDataCache/Boot.ddc.
[2017.12.04-07.55.14:868][  0]LogInit: Texture streaming: Enabled
[2017.12.04-07.55.15:259][  0]LogEngineSessionManager: EngineSessionManager initialized
[2017.12.04-07.55.16:590][  0]LogInit: Transaction tracking system initialized
[2017.12.04-07.55.18:170][  0]BlueprintLog: New page: Editor Load
[2017.12.04-07.55.23:292][  0]LocalizationService: Info Localization service is disabled
[2017.12.04-07.55.26:245][  0]LogConsoleResponse:Display: 
[2017.12.04-07.55.29:551][  0]LogFileCache: Scanning file cache for directory 'I:/Projekt/PGK/Content/' took 0.03s
[2017.12.04-07.55.29:551][  0]LogCook:Display: Max memory allowance for cook 16384mb min free memory 0mb
[2017.12.04-07.55.29:551][  0]LogCook:Display: Mobile HDR setting 1
[2017.12.04-07.55.35:263][  0]SourceControl: Info Source control is disabled
[2017.12.04-07.55.35:387][  0]Cmd: MAP LOAD FILE="I:/Projekt/PGK/Content/FirstPersonBP/Maps/FirstPersonExampleMap.umap" TEMPLATE=0 SHOWPROGRESS=1 FEATURELEVEL=3
[2017.12.04-07.55.35:550][  0]LightingResults: New page: Lighting Build
[2017.12.04-07.55.35:851][  0]MapCheck: New page: Map Check
[2017.12.04-07.55.35:851][  0]LightingResults: New page: Lighting Build
[2017.12.04-07.55.47:227][  0]LogAIModule: Creating AISystem for world FirstPersonExampleMap
[2017.12.04-07.55.48:442][  0]LogEditorServer: Finished looking for orphan Actors (0.000 secs)
[2017.12.04-07.55.48:613][  0]Cmd: MAP CHECKDEP NOCLEARLOG
[2017.12.04-07.55.48:841][  0]MapCheck: Info Map check complete: 0 Error(s), 0 Warning(s), took 228.177ms to complete.
[2017.12.04-07.55.48:841][  0]LogFileHelpers: Loading map 'FirstPersonExampleMap' took 13.470
[2017.12.04-07.55.50:580][  0]LogCollectionManager: Loaded 0 collections in 0.006695 seconds
[2017.12.04-07.55.50:935][  0]LogFileCache: Scanning file cache for directory 'I:/Projekt/PGK/Saved/Collections/' took 0.01s
[2017.12.04-07.55.50:935][  0]LogFileCache: Scanning file cache for directory 'I:/Projekt/PGK/Content/Developers/Robert/Collections/' took 0.01s
[2017.12.04-07.55.50:935][  0]LogFileCache: Scanning file cache for directory 'I:/Projekt/PGK/Content/Collections/' took 0.01s
[2017.12.04-07.55.50:935][  0]LogCollectionManager: Rebuilt the GUID cache for 0 collections in 0.000005 seconds
[2017.12.04-07.55.51:004][  0]LogContentBrowser: Native class hierarchy populated in 0.0666 seconds. Added 2329 classes and 491 folders.
[2017.12.04-07.55.51:245][  0]LogContentBrowser: Native class hierarchy updated for 'WidgetCarousel' in 0.0018 seconds. Added 0 classes and 0 folders.
[2017.12.04-07.55.52:475][  0]LogContentBrowser: Native class hierarchy updated for 'AddContentDialog' in 0.0019 seconds. Added 0 classes and 0 folders.
[2017.12.04-07.55.52:685][  0]LogContentBrowser: Native class hierarchy updated for 'SceneOutliner' in 0.0026 seconds. Added 1 classes and 2 folders.
[2017.12.04-07.55.53:388][  0]LogCrashTracker: Crashtracker disabled due to settings.
[2017.12.04-07.55.53:580][  0]LogSlate: Took 0.026236 seconds to synchronously load lazily loaded font '../../../Engine/Content/Slate/Fonts/Roboto-Regular.ttf' (155K)
[2017.12.04-07.55.53:627][  0]LogSlate: Took 0.040882 seconds to synchronously load lazily loaded font '../../../Engine/Content/Slate/Fonts/Roboto-Bold.ttf' (160K)
[2017.12.04-07.55.53:677][  0]LogSlate: Took 0.015378 seconds to synchronously load lazily loaded font '../../../Engine/Content/Editor/Slate/Fonts/FontAwesome.ttf' (139K)
[2017.12.04-07.55.54:372][  0]LogRenderer: Reallocating scene render targets to support 1240x476 NumSamples 1 (Frame:1).
[2017.12.04-07.55.55:827][  0]LogUObjectGlobals:Warning: Failed to find object 'Class None.'
[2017.12.04-07.55.56:043][  0]LogContentBrowser: Native class hierarchy updated for 'HierarchicalLODOutliner' in 0.0020 seconds. Added 1 classes and 2 folders.
[2017.12.04-07.55.56:044][  0]LogLoad: (Engine Initialization) Total time: 155.36 seconds
[2017.12.04-07.55.56:044][  0]LogLoad: (Engine Initialization) Total Blueprint compile time: 1.19 seconds
[2017.12.04-07.55.56:044][  0]LogExternalProfiler: No external profilers were discovered.  External profiling features will not be available.
[2017.12.04-07.55.56:070][  0]LogOcInput: OculusInput pre-init called
[2017.12.04-07.55.56:070][  0]LogHMD: Starting GearVRController plugin
[2017.12.04-07.55.56:161][  0]LogContentStreaming: Texture pool size now 1000 MB
[2017.12.04-07.55.56:368][  0]LogSlate: Took 0.038036 seconds to synchronously load lazily loaded font '../../../Engine/Content/Slate/Fonts/Roboto-Light.ttf' (159K)
[2017.12.04-07.55.56:496][  1]LogCollectionManager: Rebuilt the object cache for 0 collections in 0.000001 seconds (found 0 objects)
[2017.12.04-07.55.56:965][  4]LogAssetRegistry: Asset discovery search completed in 88.1556 seconds
[2017.12.04-07.55.56:969][  4]LogCollectionManager: Fixed up redirectors for 0 collections in 0.000002 seconds (updated 0 objects)
[2017.12.04-08.32.29:944][786]LogD3D11RHI: Timed out while waiting for GPU to catch up. (500 ms)
[2017.12.04-08.32.39:476][932]LogWindowsTextInputMethodSystem:Display: IME system now deactivated.
[2017.12.04-08.32.39:812][933]Cmd: QUIT_EDITOR
[2017.12.04-08.32.39:981][933]LogExit: Preparing to exit.
[2017.12.04-08.32.40:733][933]LogExit: Editor shut down
[2017.12.04-08.32.40:738][933]LogExit: Transaction tracking system shut down
[2017.12.04-08.32.41:454][933]LogObj: Freed 0b from 0 cluster array pools.
[2017.12.04-08.32.41:454][933]LogExit: Object subsystem successfully closed.
[2017.12.04-08.32.41:599][933]LogD3D11RHI: Shutdown
[2017.12.04-08.32.41:599][933]LogD3D11RHI: CleanupD3DDevice
[2017.12.04-08.32.41:773][933]LogD3D11RHI: ~FD3D11DynamicRHI
[2017.12.04-08.32.42:015][933]LogModuleManager: Shutting down and abandoning module HierarchicalLODOutliner (524)
[2017.12.04-08.32.42:015][933]LogModuleManager: Shutting down and abandoning module CrashTracker (522)
[2017.12.04-08.32.42:015][933]LogModuleManager: Shutting down and abandoning module SceneOutliner (520)
[2017.12.04-08.32.42:015][933]LogModuleManager: Shutting down and abandoning module AddContentDialog (518)
[2017.12.04-08.32.42:027][933]LogDirectoryWatcher: A directory notification for 'P:/silnik/UE_4.16/FeaturePacks/' was aborted.
[2017.12.04-08.32.42:029][933]LogModuleManager: Shutting down and abandoning module WidgetCarousel (517)
[2017.12.04-08.32.42:029][933]LogModuleManager: Shutting down and abandoning module EditorWidgets (514)
[2017.12.04-08.32.42:029][933]LogModuleManager: Shutting down and abandoning module CollectionManager (512)
[2017.12.04-08.32.42:029][933]LogDirectoryWatcher: A directory notification for 'I:/Projekt/PGK/Content/Collections/' was aborted.
[2017.12.04-08.32.42:029][933]LogDirectoryWatcher: A directory notification for 'I:/Projekt/PGK/Content/Developers/Robert/Collections/' was aborted.
[2017.12.04-08.32.42:029][933]LogDirectoryWatcher: A directory notification for 'I:/Projekt/PGK/Saved/Collections/' was aborted.
[2017.12.04-08.32.42:029][933]LogModuleManager: Shutting down and abandoning module StatsViewer (510)
[2017.12.04-08.32.42:029][933]LogModuleManager: Shutting down and abandoning module FoliageEdit (508)
[2017.12.04-08.32.42:029][933]LogModuleManager: Shutting down and abandoning module LandscapeEditor (506)
[2017.12.04-08.32.42:041][933]LogModuleManager: Shutting down and abandoning module MeshPaintMode (504)
[2017.12.04-08.32.42:041][933]LogModuleManager: Shutting down and abandoning module SceneDepthPickerMode (502)
[2017.12.04-08.32.42:041][933]LogModuleManager: Shutting down and abandoning module ActorPickerMode (500)
[2017.12.04-08.32.42:041][933]LogModuleManager: Shutting down and abandoning module GeometryMode (498)
[2017.12.04-08.32.42:041][933]LogModuleManager: Shutting down and abandoning module TextureAlignMode (496)
[2017.12.04-08.32.42:041][933]LogModuleManager: Shutting down and abandoning module BspMode (494)
[2017.12.04-08.32.42:041][933]LogModuleManager: Shutting down and abandoning module HardwareSurvey (492)
[2017.12.04-08.32.42:041][933]LogModuleManager: Shutting down and abandoning module SequenceRecorderSections (490)
[2017.12.04-08.32.42:041][933]LogModuleManager: Shutting down and abandoning module AutomationWorker (488)
[2017.12.04-08.32.42:041][933]LogModuleManager: Shutting down and abandoning module MatineeToLevelSequence (486)
[2017.12.04-08.32.42:041][933]LogModuleManager: Shutting down and abandoning module LevelSequenceEditor (484)
[2017.12.04-08.32.42:054][933]LogModuleManager: Shutting down and abandoning module PlacementMode (483)
[2017.12.04-08.32.42:055][933]LogModuleManager: Shutting down and abandoning module WmfMediaFactory (480)
[2017.12.04-08.32.42:055][933]LogModuleManager: Shutting down and abandoning module WmfMediaEditor (478)
[2017.12.04-08.32.42:055][933]LogModuleManager: Shutting down and abandoning module AvfMediaFactory (476)
[2017.12.04-08.32.42:055][933]LogModuleManager: Shutting down and abandoning module AvfMediaEditor (474)
[2017.12.04-08.32.42:055][933]LogModuleManager: Shutting down and abandoning module AndroidMediaFactory (472)
[2017.12.04-08.32.42:055][933]LogModuleManager: Shutting down and abandoning module Media (471)
[2017.12.04-08.32.42:055][933]LogModuleManager: Shutting down and abandoning module AndroidMediaEditor (468)
[2017.12.04-08.32.42:055][933]LogModuleManager: Shutting down and abandoning module CharacterAI (466)
[2017.12.04-08.32.42:055][933]LogModuleManager: Shutting down and abandoning module AudioCapture (464)
[2017.12.04-08.32.42:055][933]LogModuleManager: Shutting down and abandoning module SequenceRecorder (463)
[2017.12.04-08.32.42:055][933]LogModuleManager: Shutting down and abandoning module SmartSnapping (460)
[2017.12.04-08.32.42:055][933]LogModuleManager: Shutting down and abandoning module SessionServices (458)
[2017.12.04-08.32.42:055][933]LogModuleManager: Shutting down and abandoning module ViewportSnapping (456)
[2017.12.04-08.32.42:055][933]LogModuleManager: Shutting down and abandoning module ViewportInteraction (454)
[2017.12.04-08.32.42:055][933]LogModuleManager: Shutting down and abandoning module ClothPainter (452)
[2017.12.04-08.32.42:068][933]LogModuleManager: Shutting down and abandoning module LogVisualizer (450)
[2017.12.04-08.32.42:079][933]LogModuleManager: Shutting down and abandoning module IntroTutorials (448)
[2017.12.04-08.32.42:080][933]LogModuleManager: Shutting down and abandoning module GameProjectGeneration (447)
[2017.12.04-08.32.42:100][933]LogModuleManager: Shutting down and abandoning module EditorLiveStreaming (444)
[2017.12.04-08.32.42:100][933]LogModuleManager: Shutting down and abandoning module IOSPlatformEditor (442)
[2017.12.04-08.32.42:113][933]LogModuleManager: Shutting down and abandoning module HTML5PlatformEditor (440)
[2017.12.04-08.32.42:113][933]LogModuleManager: Shutting down and abandoning module AndroidPlatformEditor (438)
[2017.12.04-08.32.42:113][933]LogModuleManager: Shutting down and abandoning module AndroidDeviceDetection (437)
[2017.12.04-08.32.42:898][933]LogModuleManager: Shutting down and abandoning module IOSRuntimeSettings (434)
[2017.12.04-08.32.42:898][933]LogModuleManager: Shutting down and abandoning module AndroidRuntimeSettings (432)
[2017.12.04-08.32.42:898][933]LogModuleManager: Shutting down and abandoning module InputBindingEditor (430)
[2017.12.04-08.32.42:911][933]LogModuleManager: Shutting down and abandoning module MergeActors (428)
[2017.12.04-08.32.42:915][933]LogModuleManager: Shutting down and abandoning module SizeMap (426)
[2017.12.04-08.32.42:915][933]LogModuleManager: Shutting down and abandoning module TreeMap (424)
[2017.12.04-08.32.42:927][933]LogModuleManager: Shutting down and abandoning module ReferenceViewer (422)
[2017.12.04-08.32.42:927][933]LogModuleManager: Shutting down and abandoning module LocalizationDashboard (420)
[2017.12.04-08.32.42:939][933]LogModuleManager: Shutting down and abandoning module LocalizationService (419)
[2017.12.04-08.32.42:939][933]LogModuleManager: Shutting down and abandoning module HardwareTargeting (416)
[2017.12.04-08.32.42:939][933]LogModuleManager: Shutting down and abandoning module DeviceProfileEditor (414)
[2017.12.04-08.32.42:946][933]LogModuleManager: Shutting down and abandoning module UndoHistory (412)
[2017.12.04-08.32.42:947][933]LogModuleManager: Shutting down and abandoning module UserFeedback (410)
[2017.12.04-08.32.42:947][933]LogModuleManager: Shutting down and abandoning module XmlParser (408)
[2017.12.04-08.32.42:947][933]LogModuleManager: Shutting down and abandoning module Blutility (406)
[2017.12.04-08.32.42:947][933]LogModuleManager: Shutting down and abandoning module ProjectSettingsViewer (404)
[2017.12.04-08.32.42:947][933]LogModuleManager: Shutting down and abandoning module ProjectTargetPlatformEditor (403)
[2017.12.04-08.32.42:947][933]LogModuleManager: Shutting down and abandoning module EditorSettingsViewer (400)
[2017.12.04-08.32.42:947][933]LogModuleManager: Shutting down and abandoning module SettingsEditor (398)
[2017.12.04-08.32.42:947][933]LogModuleManager: Shutting down and abandoning module ProjectLauncher (396)
[2017.12.04-08.32.42:961][933]LogModuleManager: Shutting down and abandoning module SessionFrontend (394)
[2017.12.04-08.32.42:968][933]LogModuleManager: Shutting down and abandoning module ProfilerClient (392)
[2017.12.04-08.32.43:005][933]LogModuleManager: Shutting down and abandoning module DeviceManager (390)
[2017.12.04-08.32.43:013][933]LogModuleManager: Shutting down and abandoning module TargetDeviceServices (389)
[2017.12.04-08.32.43:056][933]LogModuleManager: Shutting down and abandoning module AutomationController (386)
[2017.12.04-08.32.43:056][933]LogModuleManager: Shutting down and abandoning module AutomationWindow (384)
[2017.12.04-08.32.43:076][933]LogModuleManager: Shutting down and abandoning module Layers (382)
[2017.12.04-08.32.43:117][933]LogModuleManager: Shutting down and abandoning module ComponentVisualizers (380)
[2017.12.04-08.32.43:117][933]LogModuleManager: Shutting down and abandoning module DetailCustomizations (378)
[2017.12.04-08.32.43:131][933]LogModuleManager: Shutting down and abandoning module PackagesDialog (376)
[2017.12.04-08.32.43:137][933]LogModuleManager: Shutting down and abandoning module Persona (374)
[2017.12.04-08.32.43:150][933]LogModuleManager: Shutting down and abandoning module AdvancedPreviewScene (373)
[2017.12.04-08.32.43:150][933]LogModuleManager: Shutting down and abandoning module AnimGraph (371)
[2017.12.04-08.32.43:150][933]LogModuleManager: Shutting down and abandoning module Kismet (368)
[2017.12.04-08.32.43:151][933]LogModuleManager: Shutting down and abandoning module ClassViewer (366)
[2017.12.04-08.32.43:151][933]LogModuleManager: Shutting down and abandoning module Toolbox (364)
[2017.12.04-08.32.43:151][933]LogModuleManager: Shutting down and abandoning module ModuleUI (362)
[2017.12.04-08.32.43:159][933]LogModuleManager: Shutting down and abandoning module MovieSceneTools (360)
[2017.12.04-08.32.43:177][933]LogModuleManager: Shutting down and abandoning module OutputLog (358)
[2017.12.04-08.32.43:177][933]LogModuleManager: Shutting down and abandoning module GammaUI (356)
[2017.12.04-08.32.43:191][933]LogModuleManager: Shutting down and abandoning module Documentation (354)
[2017.12.04-08.32.43:191][933]LogModuleManager: Shutting down and abandoning module MovieSceneTracks (352)
[2017.12.04-08.32.43:191][933]LogModuleManager: Shutting down and abandoning module MovieScene (350)
[2017.12.04-08.32.43:191][933]LogModuleManager: Shutting down and abandoning module Niagara (348)
[2017.12.04-08.32.43:191][933]LogModuleManager: Shutting down and abandoning module NiagaraEditor (347)
[2017.12.04-08.32.43:211][933]LogModuleManager: Shutting down and abandoning module StreamingPauseRendering (344)
[2017.12.04-08.32.43:211][933]LogModuleManager: Shutting down and abandoning module AnalyticsET (342)
[2017.12.04-08.32.43:211][933]LogModuleManager: Shutting down and abandoning module PortalServices (340)
[2017.12.04-08.32.43:211][933]LogModuleManager: Shutting down and abandoning module PortalRpc (338)
[2017.12.04-08.32.43:211][933]LogModuleManager: Shutting down and abandoning module MessagingRpc (336)
[2017.12.04-08.32.43:211][933]LogModuleManager: Shutting down and abandoning module AIModule (334)
[2017.12.04-08.32.43:211][933]LogModuleManager: Shutting down and abandoning module GameplayDebugger (333)
[2017.12.04-08.32.43:211][933]LogModuleManager: Shutting down and abandoning module AITestSuite (331)
[2017.12.04-08.32.43:211][933]LogModuleManager: Shutting down and abandoning module ProfilerService (328)
[2017.12.04-08.32.43:230][933]LogModuleManager: Shutting down and abandoning module TaskGraph (326)
[2017.12.04-08.32.43:234][933]LogModuleManager: Shutting down and abandoning module SteamVRController (324)
[2017.12.04-08.32.43:235][933]LogModuleManager: Shutting down and abandoning module SteamVR (322)
[2017.12.04-08.32.43:235][933]LogModuleManager: Shutting down and abandoning module ProceduralMeshComponentEditor (320)
[2017.12.04-08.32.43:235][933]LogModuleManager: Shutting down and abandoning module ProceduralMeshComponent (318)
[2017.12.04-08.32.43:235][933]LogModuleManager: Shutting down and abandoning module OculusLibrary (316)
[2017.12.04-08.32.43:235][933]LogModuleManager: Shutting down and abandoning module OculusInput (314)
[2017.12.04-08.32.43:235][933]LogModuleManager: Shutting down and abandoning module MobilePatchingUtils (312)
[2017.12.04-08.32.43:235][933]LogModuleManager: Shutting down and abandoning module CustomMeshComponent (310)
[2017.12.04-08.32.43:235][933]LogModuleManager: Shutting down and abandoning module CableComponent (308)
[2017.12.04-08.32.43:235][933]LogModuleManager: Shutting down and abandoning module ArchVisCharacter (306)
[2017.12.04-08.32.43:235][933]LogModuleManager: Shutting down and abandoning module AndroidPermission (304)
[2017.12.04-08.32.43:235][933]LogModuleManager: Shutting down and abandoning module MediaPlayerEditor (300)
[2017.12.04-08.32.43:242][933]LogModuleManager: Shutting down and abandoning module HTML5Networking (298)
[2017.12.04-08.32.43:242][933]LogModuleManager: Shutting down and abandoning module AlembicImporter (296)
[2017.12.04-08.32.43:256][933]LogModuleManager: Shutting down and abandoning module AlembicLibrary (295)
[2017.12.04-08.32.43:256][933]LogModuleManager: Shutting down and abandoning module GeometryCache (294)
[2017.12.04-08.32.43:256][933]LogModuleManager: Shutting down and abandoning module GeometryCacheEd (293)
[2017.12.04-08.32.43:256][933]LogModuleManager: Shutting down and abandoning module SuperSearchEditor (288)
[2017.12.04-08.32.43:256][933]LogModuleManager: Shutting down and abandoning module SuperSearch (287)
[2017.12.04-08.32.43:256][933]LogModuleManager: Shutting down and abandoning module SpeedTreeImporter (284)
[2017.12.04-08.32.43:256][933]LogModuleManager: Shutting down and abandoning module PluginBrowser (282)
[2017.12.04-08.32.43:256][933]LogModuleManager: Shutting down and abandoning module MobileLauncherProfileWizard (280)
[2017.12.04-08.32.43:256][933]LogModuleManager: Shutting down and abandoning module VisualStudioSourceCodeAccess (278)
[2017.12.04-08.32.43:256][933]LogModuleManager: Shutting down and abandoning module DesktopPlatform (277)
[2017.12.04-08.32.43:256][933]LogModuleManager: Shutting down and abandoning module UObjectPlugin (274)
[2017.12.04-08.32.43:256][933]LogModuleManager: Shutting down and abandoning module SubversionSourceControl (272)
[2017.12.04-08.32.43:256][933]LogModuleManager: Shutting down and abandoning module PerforceSourceControl (270)
[2017.12.04-08.32.43:256][933]LogModuleManager: Shutting down and abandoning module GitSourceControl (268)
[2017.12.04-08.32.43:256][933]LogModuleManager: Shutting down and abandoning module SourceControl (267)
[2017.12.04-08.32.43:256][933]LogModuleManager: Shutting down and abandoning module LightPropagationVolumeEditor (264)
[2017.12.04-08.32.43:256][933]LogModuleManager: Shutting down and abandoning module PaperTiledImporter (262)
[2017.12.04-08.32.43:256][933]LogModuleManager: Shutting down and abandoning module PaperSpriteSheetImporter (260)
[2017.12.04-08.32.43:256][933]LogModuleManager: Shutting down and abandoning module Paper2DEditor (258)
[2017.12.04-08.32.43:256][933]LogModuleManager: Shutting down and abandoning module MeshPaint (257)
[2017.12.04-08.32.43:256][933]LogModuleManager: Shutting down and abandoning module LevelEditor (255)
[2017.12.04-08.32.43:257][933]LogModuleManager: Shutting down and abandoning module PixelInspectorModule (254)
[2017.12.04-08.32.43:257][933]LogModuleManager: Shutting down and abandoning module MainFrame (252)
[2017.12.04-08.32.43:257][933]LogModuleManager: Shutting down and abandoning module HotReload (251)
[2017.12.04-08.32.43:257][933]LogModuleManager: Shutting down and abandoning module PhysXVehiclesEditor (246)
[2017.12.04-08.32.43:257][933]LogModuleManager: Shutting down and abandoning module PhysXVehicles (244)
[2017.12.04-08.32.43:257][933]LogModuleManager: Shutting down and abandoning module LocationServicesBPLibrary (242)
[2017.12.04-08.32.43:257][933]LogModuleManager: Shutting down and abandoning module ImmediatePhysicsEditor (240)
[2017.12.04-08.32.43:257][933]LogModuleManager: Shutting down and abandoning module ImmediatePhysics (238)
[2017.12.04-08.32.43:257][933]LogModuleManager: Shutting down and abandoning module UdpMessaging (236)
[2017.12.04-08.32.43:357][933]LogModuleManager: Shutting down and abandoning module TcpMessaging (234)
[2017.12.04-08.32.43:458][933]LogModuleManager: Shutting down and abandoning module GameplayTagsEditor (232)
[2017.12.04-08.32.43:481][933]LogModuleManager: Shutting down and abandoning module FacialAnimationEditor (230)
[2017.12.04-08.32.43:481][933]LogModuleManager: Shutting down and abandoning module FacialAnimation (228)
[2017.12.04-08.32.43:481][933]LogModuleManager: Shutting down and abandoning module AssetManagerEditor (226)
[2017.12.04-08.32.43:496][933]LogModuleManager: Shutting down and abandoning module GraphEditor (225)
[2017.12.04-08.32.43:546][933]LogModuleManager: Shutting down and abandoning module ContentBrowser (223)
[2017.12.04-08.32.43:547][933]LogModuleManager: Shutting down and abandoning module LightPropagationVolumeRuntime (220)
[2017.12.04-08.32.43:547][933]LogModuleManager: Shutting down and abandoning module Paper2D (218)
[2017.12.04-08.32.43:559][933]LogModuleManager: Shutting down and abandoning module WindowsMoviePlayer (216)
[2017.12.04-08.32.43:559][933]LogModuleManager: Shutting down and abandoning module WmfMedia (214)
[2017.12.04-08.32.43:562][933]LogModuleManager: Shutting down and abandoning module ClothingSystemEditor (212)
[2017.12.04-08.32.43:562][933]LogModuleManager: Shutting down and abandoning module ClothingSystemRuntime (210)
[2017.12.04-08.32.43:571][933]LogModuleManager: Shutting down and abandoning module MediaAssets (208)
[2017.12.04-08.32.43:571][933]LogModuleManager: Shutting down and abandoning module GameLiveStreaming (206)
[2017.12.04-08.32.43:571][933]LogModuleManager: Shutting down and abandoning module VREditor (204)
[2017.12.04-08.32.43:571][933]LogModuleManager: Shutting down and abandoning module StringTableEditor (202)
[2017.12.04-08.32.43:586][933]LogModuleManager: Shutting down and abandoning module GameplayTasksEditor (200)
[2017.12.04-08.32.43:586][933]LogModuleManager: Shutting down and abandoning module BehaviorTreeEditor (198)
[2017.12.04-08.32.43:596][933]LogModuleManager: Shutting down and abandoning module FunctionalTesting (196)
[2017.12.04-08.32.43:596][933]LogModuleManager: Shutting down and abandoning module CollisionAnalyzer (194)
[2017.12.04-08.32.43:619][933]LogModuleManager: Shutting down and abandoning module UMG (192)
[2017.12.04-08.32.43:629][933]LogModuleManager: Shutting down and abandoning module UMGEditor (191)
[2017.12.04-08.32.43:644][933]LogModuleManager: Shutting down and abandoning module Sequencer (190)
[2017.12.04-08.32.43:653][933]LogModuleManager: Shutting down and abandoning module AssetTools (188)
[2017.12.04-08.32.43:712][933]LogModuleManager: Shutting down and abandoning module MessageLog (187)
[2017.12.04-08.32.43:712][933]LogModuleManager: Shutting down and abandoning module WorkspaceMenuStructure (186)
[2017.12.04-08.32.43:712][933]LogModuleManager: Shutting down and abandoning module SlateReflector (180)
[2017.12.04-08.32.43:744][933]LogModuleManager: Shutting down and abandoning module Slate (178)
[2017.12.04-08.32.43:744][933]LogModuleManager: Shutting down and abandoning module EditorStyle (176)
[2017.12.04-08.32.43:746][933]LogModuleManager: Shutting down and abandoning module SourceCodeAccess (174)
[2017.12.04-08.32.43:746][933]LogModuleManager: Shutting down and abandoning module HeadMountedDisplay (172)
[2017.12.04-08.32.43:746][933]LogModuleManager: Shutting down and abandoning module XAudio2 (170)
[2017.12.04-08.32.43:746][933]LogModuleManager: Shutting down and abandoning module Networking (168)
[2017.12.04-08.32.43:746][933]LogModuleManager: Shutting down and abandoning module Core (164)
[2017.12.04-08.32.43:746][933]LogModuleManager: Shutting down and abandoning module AssetRegistry (162)
[2017.12.04-08.32.43:951][933]LogDirectoryWatcher: A directory notification for '../../../Engine/Content/' was aborted.
[2017.12.04-08.32.43:952][933]LogDirectoryWatcher: A directory notification for 'I:/Projekt/PGK/Content/' was aborted.
[2017.12.04-08.32.43:952][933]LogDirectoryWatcher: A directory notification for '../../../Engine/Plugins/2D/Paper2D/Content/' was aborted.
[2017.12.04-08.32.43:952][933]LogDirectoryWatcher: A directory notification for '../../../Engine/Plugins/Runtime/GearVR/Content/' was aborted.
[2017.12.04-08.32.43:954][933]LogModuleManager: Shutting down and abandoning module DirectoryWatcher (161)
[2017.12.04-08.32.43:955][933]LogModuleManager: Shutting down and abandoning module KismetCompiler (158)
[2017.12.04-08.32.43:955][933]LogModuleManager: Shutting down and abandoning module LevelSequence (156)
[2017.12.04-08.32.43:955][933]LogModuleManager: Shutting down and abandoning module PhysXFormats (154)
[2017.12.04-08.32.43:955][933]LogModuleManager: Shutting down and abandoning module MeshUtilities (152)
[2017.12.04-08.32.43:955][933]LogModuleManager: Shutting down and abandoning module SimplygonSwarm (151)
[2017.12.04-08.32.43:955][933]LogModuleManager: Shutting down and abandoning module SimplygonMeshReduction (149)
[2017.12.04-08.32.43:955][933]LogModuleManager: Shutting down and abandoning module QuadricMeshReduction (147)
[2017.12.04-08.32.43:955][933]LogModuleManager: Shutting down and abandoning module DerivedDataCache (144)
[2017.12.04-08.32.44:048][933]LogDerivedDataCache: Shutdown
[2017.12.04-08.32.44:048][933]LogModuleManager: Shutting down and abandoning module TargetPlatform (142)
[2017.12.04-08.32.44:048][933]LogModuleManager: Shutting down and abandoning module VulkanShaderFormat (141)
[2017.12.04-08.32.44:048][933]LogModuleManager: Shutting down and abandoning module ShaderFormatVectorVM (139)
[2017.12.04-08.32.44:074][933]LogModuleManager: Shutting down and abandoning module ShaderFormatOpenGL (137)
[2017.12.04-08.32.44:131][933]LogModuleManager: Shutting down and abandoning module ShaderFormatD3D (135)
[2017.12.04-08.32.44:131][933]LogModuleManager: Shutting down and abandoning module MetalShaderFormat (133)
[2017.12.04-08.32.44:160][933]LogModuleManager: Shutting down and abandoning module TextureFormatUncompressed (131)
[2017.12.04-08.32.44:160][933]LogModuleManager: Shutting down and abandoning module TextureFormatPVR (129)
[2017.12.04-08.32.44:160][933]LogModuleManager: Shutting down and abandoning module TextureFormatDXT (127)
[2017.12.04-08.32.44:160][933]LogModuleManager: Shutting down and abandoning module TextureFormatIntelISPCTexComp (125)
[2017.12.04-08.32.44:160][933]LogModuleManager: Shutting down and abandoning module TextureFormatASTC (123)
[2017.12.04-08.32.44:160][933]LogModuleManager: Shutting down and abandoning module ImageWrapper (122)
[2017.12.04-08.32.44:160][933]LogModuleManager: Shutting down and abandoning module TextureFormatAndroid (119)
[2017.12.04-08.32.44:160][933]LogModuleManager: Shutting down and abandoning module AudioFormatOpus (117)
[2017.12.04-08.32.44:160][933]LogModuleManager: Shutting down and abandoning module AudioFormatOgg (115)
[2017.12.04-08.32.44:160][933]LogModuleManager: Shutting down and abandoning module AudioFormatADPCM (113)
[2017.12.04-08.32.44:160][933]LogModuleManager: Shutting down and abandoning module LinuxTargetPlatform (111)
[2017.12.04-08.32.44:160][933]LogModuleManager: Shutting down and abandoning module LinuxServerTargetPlatform (109)
[2017.12.04-08.32.44:160][933]LogModuleManager: Shutting down and abandoning module LinuxNoEditorTargetPlatform (107)
[2017.12.04-08.32.44:160][933]LogModuleManager: Shutting down and abandoning module LinuxClientTargetPlatform (105)
[2017.12.04-08.32.44:160][933]LogModuleManager: Shutting down and abandoning module TVOSTargetPlatform (103)
[2017.12.04-08.32.44:160][933]LogModuleManager: Shutting down and abandoning module Messaging (101)
[2017.12.04-08.32.44:160][933]LogModuleManager: Shutting down and abandoning module IOSTargetPlatform (99)
[2017.12.04-08.32.44:160][933]LogModuleManager: Shutting down and abandoning module HTML5TargetPlatform (97)
[2017.12.04-08.32.44:160][933]LogModuleManager: Shutting down and abandoning module Android_PVRTCTargetPlatform (95)
[2017.12.04-08.32.44:160][933]LogModuleManager: Shutting down and abandoning module Android_MultiTargetPlatform (93)
[2017.12.04-08.32.44:160][933]LogModuleManager: Shutting down and abandoning module Android_ETC2TargetPlatform (91)
[2017.12.04-08.32.44:160][933]LogModuleManager: Shutting down and abandoning module Android_ETC1TargetPlatform (89)
[2017.12.04-08.32.44:160][933]LogModuleManager: Shutting down and abandoning module Android_DXTTargetPlatform (87)
[2017.12.04-08.32.44:160][933]LogModuleManager: Shutting down and abandoning module Android_ATCTargetPlatform (85)
[2017.12.04-08.32.44:160][933]LogModuleManager: Shutting down and abandoning module Android_ASTCTargetPlatform (83)
[2017.12.04-08.32.44:160][933]LogModuleManager: Shutting down and abandoning module AndroidTargetPlatform (81)
[2017.12.04-08.32.44:160][933]LogModuleManager: Shutting down and abandoning module WindowsTargetPlatform (79)
[2017.12.04-08.32.44:160][933]LogModuleManager: Shutting down and abandoning module WindowsServerTargetPlatform (77)
[2017.12.04-08.32.44:160][933]LogModuleManager: Shutting down and abandoning module WindowsNoEditorTargetPlatform (75)
[2017.12.04-08.32.44:160][933]LogModuleManager: Shutting down and abandoning module WindowsClientTargetPlatform (73)
[2017.12.04-08.32.44:160][933]LogModuleManager: Shutting down and abandoning module MacTargetPlatform (71)
[2017.12.04-08.32.44:160][933]LogModuleManager: Shutting down and abandoning module MacServerTargetPlatform (69)
[2017.12.04-08.32.44:160][933]LogModuleManager: Shutting down and abandoning module MacNoEditorTargetPlatform (67)
[2017.12.04-08.32.44:160][933]LogModuleManager: Shutting down and abandoning module MacClientTargetPlatform (65)
[2017.12.04-08.32.44:160][933]LogModuleManager: Shutting down and abandoning module AllDesktopTargetPlatform (63)
[2017.12.04-08.32.44:160][933]LogModuleManager: Shutting down and abandoning module InputCore (60)
[2017.12.04-08.32.44:160][933]LogModuleManager: Shutting down and abandoning module Settings (58)
[2017.12.04-08.32.44:160][933]LogModuleManager: Shutting down and abandoning module OculusRift (56)
[2017.12.04-08.32.44:160][933]LogModuleManager: Shutting down and abandoning module GearVRController (54)
[2017.12.04-08.32.44:160][933]LogModuleManager: Shutting down and abandoning module GearVR (52)
[2017.12.04-08.32.44:160][933]LogModuleManager: Shutting down and abandoning module ExampleDeviceProfileSelector (50)
[2017.12.04-08.32.44:160][933]LogModuleManager: Shutting down and abandoning module OnlineBlueprintSupport (48)
[2017.12.04-08.32.44:160][933]LogModuleManager: Shutting down and abandoning module OnlineSubsystem (44)
[2017.12.04-08.32.44:160][933]LogOnline:Display: Unloading online subsystem: NULL
[2017.12.04-08.32.44:189][933]LogModuleManager: Shutting down and abandoning module XMPP (43)
[2017.12.04-08.32.44:205][933]LogModuleManager: Shutting down and abandoning module HTTP (41)
[2017.12.04-08.32.44:205][933]LogHttp:Display: Http module shutting down, but needs to wait on 1 outstanding Http requests:
[2017.12.04-08.32.44:205][933]LogHttp:Display: 	verb=[POST] url=[https://datarouter.ol.epicgames.com/datarouter/api/v1/public/data?SessionID=%7B94EFE7F6-45EF-C149-DAEE-4EA33EEE5834%7D&AppID=UEEditor.Rocket.Release&AppVersion=4.16.3-3561208%2B%2B%2BUE4%2BRelease-4.16&UserID=29637ffe4c58a1c3c8e01ea6909a8eb4%7C4b55de0784454aa7bd2b02757aa35777%7C0a577216-477d-4061-b982-e092ed939e1e&AppEnvironment=datacollector-binary&UploadType=eteventstream] status=Processing
[2017.12.04-08.32.44:233][933]LogModuleManager: Shutting down and abandoning module SSL (40)
[2017.12.04-08.32.44:234][933]LogModuleManager: Shutting down and abandoning module HTTPChunkInstaller (36)
[2017.12.04-08.32.44:292][933]LogModuleManager: Shutting down and abandoning module AnimationModifiers (34)
[2017.12.04-08.32.44:321][933]LogModuleManager: Shutting down and abandoning module PropertyEditor (33)
[2017.12.04-08.32.44:321][933]LogModuleManager: Shutting down and abandoning module AudioEditor (30)
[2017.12.04-08.32.44:353][933]LogModuleManager: Shutting down and abandoning module TextureCompressor (28)
[2017.12.04-08.32.44:353][933]LogModuleManager: Shutting down and abandoning module ShaderCore (26)
[2017.12.04-08.32.44:353][933]LogModuleManager: Shutting down and abandoning module Landscape (24)
[2017.12.04-08.32.44:353][933]LogModuleManager: Shutting down and abandoning module SlateRHIRenderer (22)
[2017.12.04-08.32.44:372][933]LogModuleManager: Shutting down and abandoning module OpenGLDrv (20)
[2017.12.04-08.32.44:384][933]LogModuleManager: Shutting down and abandoning module D3D11RHI (18)
[2017.12.04-08.32.44:384][933]LogModuleManager: Shutting down and abandoning module AnimGraphRuntime (16)
[2017.12.04-08.32.44:384][933]LogModuleManager: Shutting down and abandoning module Renderer (14)
[2017.12.04-08.32.44:384][933]LogModuleManager: Shutting down and abandoning module Engine (12)
[2017.12.04-08.32.44:384][933]LogModuleManager: Shutting down and abandoning module CoreUObject (10)
[2017.12.04-08.32.44:384][933]LogModuleManager: Shutting down and abandoning module NetworkFile (8)
[2017.12.04-08.32.44:384][933]LogModuleManager: Shutting down and abandoning module StreamingFile (6)
[2017.12.04-08.32.44:384][933]LogModuleManager: Shutting down and abandoning module SandboxFile (4)
[2017.12.04-08.32.44:384][933]LogModuleManager: Shutting down and abandoning module PakFile (2)
[2017.12.04-08.32.44:386][933]LogExit: Exiting.
[2017.12.04-08.32.44:394][933]Log file closed, 12/04/17 09:32:44
