Log file open, 01/28/18 22:34:29
LogInit:Display: Running engine for game: PGK
LogPlatformFile: Not using cached read wrapper
LogInit:Display: RandInit(-1290890256) SRandInit(-1290890256).
LogTaskGraph: Started task graph with 5 named threads and 6 total threads with 1 sets of task threads.
LogStats: Stats thread started at 0.189145
LogInit: Using libcurl 7.47.1
LogInit:  - built for x86_64-pc-win32
LogInit:  - supports SSL with OpenSSL/1.0.2g
LogInit:  - supports HTTP deflate (compression) using libz 1.2.8
LogInit:  - other features:
LogInit:      CURL_VERSION_SSL
LogInit:      CURL_VERSION_LIBZ
LogInit:      CURL_VERSION_IPV6
LogInit:      CURL_VERSION_ASYNCHDNS
LogInit:      CURL_VERSION_LARGEFILE
LogInit:      CURL_VERSION_IDN
LogInit:  CurlRequestOptions (configurable via config and command line):
LogInit:  - bVerifyPeer = false  - Libcurl will NOT verify peer certificate
LogInit:  - bUseHttpProxy = false  - Libcurl will NOT use HTTP proxy
LogInit:  - bDontReuseConnections = false  - Libcurl will reuse connections
LogInit:  - CertBundlePath = nullptr  - Libcurl will use whatever was configured at build time.
LogInit: Build: ++UE4+Release-4.16-CL-3561208
LogInit: Engine Version: 4.16.3-3561208+++UE4+Release-4.16
LogInit: Compatible Engine Version: 4.16.0-3452394+++UE4+Release-4.16
LogInit: Net CL: 3452394
LogDevObjectVersion: Number of dev versions registered: 16
LogDevObjectVersion:   Dev-Blueprints (B0D832E4-1F89-4F0D-ACCF-7EB736FD4AA2): 9
LogDevObjectVersion:   Dev-Build (E1C64328-A22C-4D53-A36C-8E866417BD8C): 0
LogDevObjectVersion:   Dev-Core (375EC13C-06E4-48FB-B500-84F0262A717E): 2
LogDevObjectVersion:   Dev-Editor (E4B068ED-F494-42E9-A231-DA0B2E46BB41): 17
LogDevObjectVersion:   Dev-Framework (CFFC743F-43B0-4480-9391-14DF171D2073): 23
LogDevObjectVersion:   Dev-Mobile (B02B49B5-BB20-44E9-A304-32B752E40360): 0
LogDevObjectVersion:   Dev-Networking (A4E4105C-59A1-49B5-A7C5-40C4547EDFEE): 0
LogDevObjectVersion:   Dev-Online (39C831C9-5AE6-47DC-9A44-9C173E1C8E7C): 0
LogDevObjectVersion:   Dev-Physics (78F01B33-EBEA-4F98-B9B4-84EACCB95AA2): 0
LogDevObjectVersion:   Dev-Platform (6631380F-2D4D-43E0-8009-CF276956A95A): 0
LogDevObjectVersion:   Dev-Rendering (12F88B9F-8875-4AFC-A67C-D90C383ABD29): 15
LogDevObjectVersion:   Dev-Sequencer (7B5AE74C-D270-4C10-A958-57980B212A5A): 4
LogDevObjectVersion:   Dev-VR (D7296918-1DD6-4BDD-9DE2-64A83CC13884): 0
LogDevObjectVersion:   Dev-LoadTimes (C2A15278-BFE7-4AFE-6C17-90FF531DF755): 1
LogDevObjectVersion:   Private-Geometry (6EACA3D4-40EC-4CC1-B786-8BED09428FC5): 1
LogDevObjectVersion:   Dev-AnimPhys (29E575DD-E0A3-4627-9D10-D276232CDCEA): 3
LogInit: Compiled (64-bit): Jul 28 2017 11:49:47
LogInit: Compiled with Visual C++: 19.00.24215.01
LogInit: Build Configuration: Development
LogInit: Branch Name: ++UE4+Release-4.16
LogInit: Command line:  
LogInit: Base directory: D:/Unreal_engine/UE_4.16/Engine/Binaries/Win64/
LogInit: Installed Engine Build: 1
LogInit: Presizing for max 8388607 objects, including 0 objects not considered by GC, pre-allocating 0 bytes for permanent pool.
LogInit: Object subsystem initialized
[2018.01.28-21.34.30:553][  0]LogInit: Selected Device Profile: [Windows]
[2018.01.28-21.34.30:553][  0]LogInit: Applying CVar settings loaded from the selected device profile: [Windows]
[2018.01.28-21.34.30:737][  0]LogInit: Computer: DESKTOP-9RDI5OP
[2018.01.28-21.34.30:737][  0]LogInit: User: Admin
[2018.01.28-21.34.30:737][  0]LogInit: CPU Page size=4096, Cores=2
[2018.01.28-21.34.30:737][  0]LogInit: High frequency timer resolution =2.143476 MHz
[2018.01.28-21.34.30:737][  0]LogMemory: Memory total: Physical=3.9GB (4GB approx)
[2018.01.28-21.34.30:737][  0]LogMemory: Platform Memory Stats for Windows
[2018.01.28-21.34.30:737][  0]LogMemory: Process Physical Memory: 274.43 MB used, 274.43 MB peak
[2018.01.28-21.34.30:737][  0]LogMemory: Process Virtual Memory: 258.42 MB used, 258.42 MB peak
[2018.01.28-21.34.30:737][  0]LogMemory: Physical Memory: 1415.04 MB used,  2599.90 MB free, 4014.94 MB total
[2018.01.28-21.34.30:737][  0]LogMemory: Virtual Memory: 667.94 MB used,  2599.90 MB free, 134217728.00 MB total
[2018.01.28-21.34.31:020][  0]LogInit: Using OS detected language (pl-PL).
[2018.01.28-21.34.31:020][  0]LogInit: Using OS detected locale (pl-PL).
[2018.01.28-21.34.31:198][  0]LogTextLocalizationManager: No localization for 'pl-PL' exists, so 'en' will be used for the language.
[2018.01.28-21.34.31:199][  0]LogTextLocalizationManager: No localization for 'pl-PL' exists, so 'en' will be used for the locale.
[2018.01.28-21.34.43:582][  0]LogD3D11RHI: D3D11 adapters:
[2018.01.28-21.34.44:319][  0]LogD3D11RHI:    0. 'AMD Radeon(TM) R5 M330' (Feature Level 11_0)
[2018.01.28-21.34.44:319][  0]LogD3D11RHI:       1016/0/2007 MB DedicatedVideo/DedicatedSystem/SharedSystem, Outputs:1, VendorId:0x1002
[2018.01.28-21.34.44:954][  0]LogD3D11RHI:    1. 'Intel(R) HD Graphics 5500' (Feature Level 11_0)
[2018.01.28-21.34.44:954][  0]LogD3D11RHI:       128/0/2007 MB DedicatedVideo/DedicatedSystem/SharedSystem, Outputs:0, VendorId:0x8086
[2018.01.28-21.34.45:267][  0]LogD3D11RHI:    2. 'Microsoft Basic Render Driver' (Feature Level 11_0)
[2018.01.28-21.34.45:267][  0]LogD3D11RHI:       0/0/2007 MB DedicatedVideo/DedicatedSystem/SharedSystem, Outputs:0, VendorId:0x1414
[2018.01.28-21.34.45:267][  0]LogD3D11RHI: Chosen D3D11 Adapter: 0
[2018.01.28-21.34.45:281][  0]LogD3D11RHI: Creating new Direct3DDevice
[2018.01.28-21.34.45:282][  0]LogD3D11RHI:     GPU DeviceId: 0x6660 (for the marketing name, search the web for "GPU Device Id")
[2018.01.28-21.34.45:282][  0]LogWindows: EnumDisplayDevices:
[2018.01.28-21.34.45:282][  0]LogWindows:    0. 'Intel(R) HD Graphics 5500' (P:1 D:1)
[2018.01.28-21.34.45:283][  0]LogWindows:    1. 'Intel(R) HD Graphics 5500' (P:0 D:0)
[2018.01.28-21.34.45:284][  0]LogWindows:    2. 'Intel(R) HD Graphics 5500' (P:0 D:0)
[2018.01.28-21.34.45:284][  0]LogWindows: DebugString: GetVideoDriverDetailsInvalid PrimaryIsNotTheChoosenAdapter GetVideoDriverDetailsInvalid PrimaryIsNotTheChoosenAdapter GetVideoDriverDetailsInvalid PrimaryIsNotTheChoosenAdapter FoundDriverCount:0 
[2018.01.28-21.34.45:284][  0]LogD3D11RHI:     Adapter Name: AMD Radeon(TM) R5 M330
[2018.01.28-21.34.45:284][  0]LogD3D11RHI:   Driver Version: Unknown (internal:Unknown, unified:Unknown)
[2018.01.28-21.34.45:284][  0]LogD3D11RHI:      Driver Date: Unknown
[2018.01.28-21.34.45:284][  0]LogRHI: Texture pool is 711 MB (70% of 1016 MB)
[2018.01.28-21.34.46:429][  0]LogD3D11RHI: Async texture creation enabled
[2018.01.28-21.34.46:450][  0]LogD3D11RHI: GPU Timing Frequency: 27.000000 (Debug: 2 1)
[2018.01.28-21.34.46:454][  0]LogShaderCompilers: Guid format shader working directory is 2 characters bigger than the processId version (C:/Users/Admin/Documents/Unreal Projects/PGK/Intermediate/Shaders/WorkingDirectory/5468/).
[2018.01.28-21.34.46:454][  0]LogShaderCompilers: Cleaned the shader compiler working directory 'C:/Users/Admin/AppData/Local/Temp/UnrealShaderWorkingDir/A27537A449966B6797BFA28B3605DBF4/'.
[2018.01.28-21.34.46:454][  0]LogShaderCompilers:Display: Using Local Shader Compiler.
[2018.01.28-21.34.59:762][  0]LogTemp:Display: Loaded TP AllDesktopTargetPlatform
[2018.01.28-21.34.59:824][  0]LogTemp:Display: Loaded TP MacClientTargetPlatform
[2018.01.28-21.34.59:879][  0]LogTemp:Display: Loaded TP MacNoEditorTargetPlatform
[2018.01.28-21.34.59:936][  0]LogTemp:Display: Loaded TP MacServerTargetPlatform
[2018.01.28-21.35.00:010][  0]LogTemp:Display: Loaded TP MacTargetPlatform
[2018.01.28-21.35.00:068][  0]LogTemp:Display: Loaded TP WindowsClientTargetPlatform
[2018.01.28-21.35.00:162][  0]LogTemp:Display: Loaded TP WindowsNoEditorTargetPlatform
[2018.01.28-21.35.00:222][  0]LogTemp:Display: Loaded TP WindowsServerTargetPlatform
[2018.01.28-21.35.00:283][  0]LogTemp:Display: Loaded TP WindowsTargetPlatform
[2018.01.28-21.35.00:409][  0]LogTemp:Display: Loaded TP AndroidTargetPlatform
[2018.01.28-21.35.00:463][  0]LogTemp:Display: Loaded TP Android_ASTCTargetPlatform
[2018.01.28-21.35.00:519][  0]LogTemp:Display: Loaded TP Android_ATCTargetPlatform
[2018.01.28-21.35.00:577][  0]LogTemp:Display: Loaded TP Android_DXTTargetPlatform
[2018.01.28-21.35.00:640][  0]LogTemp:Display: Loaded TP Android_ETC1TargetPlatform
[2018.01.28-21.35.00:703][  0]LogTemp:Display: Loaded TP Android_ETC2TargetPlatform
[2018.01.28-21.35.00:820][  0]LogTemp:Display: Loaded TP Android_MultiTargetPlatform
[2018.01.28-21.35.00:820][  0]LogTemp:Display: Loaded TP Android_PVRTCTargetPlatform
[2018.01.28-21.35.00:958][  0]LogTemp:Display: Loaded TP HTML5TargetPlatform
[2018.01.28-21.35.01:207][  0]LogTemp:Display: Loaded TP IOSTargetPlatform
[2018.01.28-21.35.01:241][  0]LogTemp:Display: Loaded TP TVOSTargetPlatform
[2018.01.28-21.35.01:303][  0]LogTemp:Display: Loaded TP LinuxClientTargetPlatform
[2018.01.28-21.35.01:359][  0]LogTemp:Display: Loaded TP LinuxNoEditorTargetPlatform
[2018.01.28-21.35.01:427][  0]LogTemp:Display: Loaded TP LinuxServerTargetPlatform
[2018.01.28-21.35.01:530][  0]LogTemp:Display: Loaded TP LinuxTargetPlatform
[2018.01.28-21.35.01:530][  0]LogTargetPlatformManager:Display: Building Assets For Windows
[2018.01.28-21.35.02:683][  0]LogDerivedDataCache:Display: Max Cache Size: 512 MB
[2018.01.28-21.35.07:415][  0]LogDerivedDataCache: Loaded boot cache 4.47s 88MB C:/Users/Admin/AppData/Local/UnrealEngine/4.16/DerivedDataCache/Boot.ddc.
[2018.01.28-21.35.07:415][  0]LogDerivedDataCache:Display: Loaded Boot cache: C:/Users/Admin/AppData/Local/UnrealEngine/4.16/DerivedDataCache/Boot.ddc
[2018.01.28-21.35.07:415][  0]LogDerivedDataCache: FDerivedDataBackendGraph:  Pak pak cache file C:/Users/Admin/Documents/Unreal Projects/PGK/DerivedDataCache/DDC.ddp not found, will not use a pak cache.
[2018.01.28-21.35.07:415][  0]LogDerivedDataCache: Unable to find inner node Pak for hierarchical cache Hierarchy.
[2018.01.28-21.35.07:416][  0]LogDerivedDataCache: FDerivedDataBackendGraph:  CompressedPak pak cache file C:/Users/Admin/Documents/Unreal Projects/PGK/DerivedDataCache/Compressed.ddp not found, will not use a pak cache.
[2018.01.28-21.35.07:416][  0]LogDerivedDataCache: Unable to find inner node CompressedPak for hierarchical cache Hierarchy.
[2018.01.28-21.35.07:589][  0]LogDerivedDataCache:Display: Pak cache opened for reading ../../../Engine/DerivedDataCache/Compressed.ddp.
[2018.01.28-21.35.07:602][  0]LogDerivedDataCache: Using Local data cache path C:/Users/Admin/AppData/Local/UnrealEngine/Common/DerivedDataCache: Writable
[2018.01.28-21.35.07:622][  0]LogMaterial: Verifying Global Shaders for PCD3D_SM5
[2018.01.28-21.35.07:623][  0]LogSlate: Using Freetype 2.6.0
[2018.01.28-21.35.07:688][  0]LogSlate: SlateFontCache - WITH_FREETYPE: 1, WITH_HARFBUZZ: 1
[2018.01.28-21.35.07:688][  0]LogSlate: SlateFontCache - WITH_FREETYPE: 1, WITH_HARFBUZZ: 1
[2018.01.28-21.35.16:450][  0]LogInit: Selected Device Profile: [Windows]
[2018.01.28-21.35.17:112][  0]LogContentStreaming: Texture pool size is 0.00 MB
[2018.01.28-21.35.17:791][  0]LogMeshUtilities: Using QuadricMeshReduction for automatic static mesh reduction
[2018.01.28-21.35.18:153][  0]LogSimplygon: Simplygon DLL not present - disabling.
[2018.01.28-21.35.18:236][  0]LogMeshUtilities: Using SimplygonSwarm for distributed automatic mesh merging
[2018.01.28-21.35.18:236][  0]LogMeshUtilities: No automatic skeletal mesh reduction module available
[2018.01.28-21.35.18:236][  0]LogMeshUtilities: No automatic mesh merging module available
[2018.01.28-21.35.23:122][  0]LogNetVersion: PGK , NetCL: 3452394, EngineNetVer: 2, GameNetVer: 0 (Checksum: 3392332418)
[2018.01.28-21.35.23:282][  0]LogAssetRegistry: FAssetRegistry took 0.0312 seconds to start up
[2018.01.28-21.35.23:435][  0]LogPackageLocalizationCache: Processed 4 localized package path(s) for 1 prioritized culture(s) in 0.117869 seconds
[2018.01.28-21.35.23:443][  0]LogUObjectArray: 34194 objects as part of root set at end of initial load.
[2018.01.28-21.35.23:443][  0]LogUObjectAllocator: 7260416 out of 0 bytes used by permanent object pool.
[2018.01.28-21.35.23:443][  0]LogUObjectArray: CloseDisregardForGC: 0/0 objects in disregard for GC pool
[2018.01.28-21.35.23:520][  0]LogInit: WinSock: version 1.1 (2.2), MaxSocks=32767, MaxUdp=65467
[2018.01.28-21.35.53:909][  0]LogTcpMessaging: Initializing TcpMessaging bridge
[2018.01.28-21.35.53:976][  0]LogUdpMessaging: Initializing bridge on interface 0.0.0.0:0 to multicast group 230.0.0.1:6666.
[2018.01.28-21.35.55:643][  0]LogMaterial: Uniform references updated for custom material expression Custom.
[2018.01.28-21.35.56:652][  0]SourceControl: Info Source control is disabled
[2018.01.28-21.35.56:673][  0]SourceControl: Info Source control is disabled
[2018.01.28-21.35.56:758][  0]SourceControl: Info Source control is disabled
[2018.01.28-21.35.56:818][  0]SourceControl: Info Source control is disabled
[2018.01.28-21.35.58:400][  0]LogAndroidPermission: UAndroidPermissionCallbackProxy::GetInstance
[2018.01.28-21.35.59:534][  0]LogEngine: Initializing Engine...
[2018.01.28-21.35.59:535][  0]LogHMD: Failed to initialize OpenVR with code 110
[2018.01.28-21.36.00:477][  0]LogStats: UGameplayTagsManager::ConstructGameplayTagTree: Construct from data asset -  0.000 s
[2018.01.28-21.36.00:477][  0]LogStats: UGameplayTagsManager::ConstructGameplayTagTree: GameplayTagTreeChangedEvent.Broadcast -  0.000 s
[2018.01.28-21.36.00:679][  0]LogAIModule: Creating AISystem for world Untitled
[2018.01.28-21.36.00:730][  0]LogInit: XAudio2 using 'Głośniki (Realtek High Definition Audio)' : 2 channels at 48 kHz using 32 bits per sample (channel mask 0x3)
[2018.01.28-21.36.01:201][  0]LogInit: FAudioDevice initialized.
[2018.01.28-21.36.01:290][  0]LogDerivedDataCache: Saved boot cache 0.09s 88MB C:/Users/Admin/AppData/Local/UnrealEngine/4.16/DerivedDataCache/Boot.ddc.
[2018.01.28-21.36.01:317][  0]LogInit: Texture streaming: Enabled
[2018.01.28-21.36.01:427][  0]LogEngineSessionManager: EngineSessionManager initialized
[2018.01.28-21.36.01:427][  0]LogEngineSessionManager: EngineSessionManager sent abnormal shutdown report. Type=AbnormalShutdown, SessionId={5AE5C59D-47A7-1368-8EC6-059CD10A1ADB}
[2018.01.28-21.36.01:983][  0]LogInit: Transaction tracking system initialized
[2018.01.28-21.36.02:504][  0]BlueprintLog: New page: Editor Load
[2018.01.28-21.36.04:493][  0]LocalizationService: Info Localization service is disabled
[2018.01.28-21.36.06:052][  0]LogConsoleResponse:Display: 
[2018.01.28-21.36.09:325][  0]LogCook:Display: Max memory allowance for cook 16384mb min free memory 0mb
[2018.01.28-21.36.09:325][  0]LogCook:Display: Mobile HDR setting 1
[2018.01.28-21.36.10:400][  0]LogFileCache: Scanning file cache for directory 'C:/Users/Admin/Documents/Unreal Projects/PGK/Content/' took 0.90s
[2018.01.28-21.36.12:551][  0]SourceControl: Info Source control is disabled
[2018.01.28-21.36.12:552][  0]Cmd: MAP LOAD FILE="C:/Users/Admin/Documents/Unreal Projects/PGK/Content/FirstPersonBP/Maps/FirstPersonExampleMap.umap" TEMPLATE=0 SHOWPROGRESS=1 FEATURELEVEL=3
[2018.01.28-21.36.12:554][  0]LightingResults: New page: Lighting Build
[2018.01.28-21.36.12:635][  0]MapCheck: New page: Map Check
[2018.01.28-21.36.12:635][  0]LightingResults: New page: Lighting Build
[2018.01.28-21.36.14:946][  0]LogLinker:Warning: Can't find file '/Game/import/bed/Bed'
[2018.01.28-21.36.14:946][  0]LogLinker:Warning: Can't find file for asset '/Game/import/bed/Bed' while loading C:/Users/Admin/Documents/Unreal Projects/PGK/Content/import/bed/BunkFBX.uasset.
[2018.01.28-21.36.14:946][  0]LoadErrors:Error: Error /Game/import/bed/BunkFBX : Can't find file for asset. /Game/import/bed/Bed
[2018.01.28-21.36.14:946][  0]LogLinker:Warning: Can't find file '/Game/import/bed/Drawer'
[2018.01.28-21.36.14:946][  0]LogLinker:Warning: Can't find file for asset '/Game/import/bed/Drawer' while loading C:/Users/Admin/Documents/Unreal Projects/PGK/Content/import/bed/BunkFBX.uasset.
[2018.01.28-21.36.14:947][  0]LoadErrors:Error: Error /Game/import/bed/BunkFBX : Can't find file for asset. /Game/import/bed/Drawer
[2018.01.28-21.36.14:947][  0]LogLinker:Warning: Can't find file '/Game/import/bed/Main'
[2018.01.28-21.36.14:947][  0]LogLinker:Warning: Can't find file for asset '/Game/import/bed/Main' while loading C:/Users/Admin/Documents/Unreal Projects/PGK/Content/import/bed/BunkFBX.uasset.
[2018.01.28-21.36.14:947][  0]LoadErrors:Error: Error /Game/import/bed/BunkFBX : Can't find file for asset. /Game/import/bed/Main
[2018.01.28-21.36.14:947][  0]LogLinker:Warning: Can't find file '/Game/import/bed/Metal'
[2018.01.28-21.36.14:947][  0]LogLinker:Warning: Can't find file for asset '/Game/import/bed/Metal' while loading C:/Users/Admin/Documents/Unreal Projects/PGK/Content/import/bed/BunkFBX.uasset.
[2018.01.28-21.36.14:948][  0]LoadErrors:Error: Error /Game/import/bed/BunkFBX : Can't find file for asset. /Game/import/bed/Metal
[2018.01.28-21.36.14:948][  0]LogLinker:Warning: Can't find file '/Game/import/bed/Bed'
[2018.01.28-21.36.14:948][  0]LogLinker:Warning: Can't find file for asset '/Game/import/bed/Bed' while loading C:/Users/Admin/Documents/Unreal Projects/PGK/Content/import/bed/BunkFBX.uasset.
[2018.01.28-21.36.14:948][  0]LoadErrors:Error: Error /Game/import/bed/BunkFBX : Can't find file for asset. /Game/import/bed/Bed
[2018.01.28-21.36.14:948][  0]LogLinker:Warning: Can't find file '/Game/import/bed/Drawer'
[2018.01.28-21.36.14:948][  0]LogLinker:Warning: Can't find file for asset '/Game/import/bed/Drawer' while loading C:/Users/Admin/Documents/Unreal Projects/PGK/Content/import/bed/BunkFBX.uasset.
[2018.01.28-21.36.14:948][  0]LoadErrors:Error: Error /Game/import/bed/BunkFBX : Can't find file for asset. /Game/import/bed/Drawer
[2018.01.28-21.36.14:949][  0]LogLinker:Warning: Can't find file '/Game/import/bed/Main'
[2018.01.28-21.36.14:949][  0]LogLinker:Warning: Can't find file for asset '/Game/import/bed/Main' while loading C:/Users/Admin/Documents/Unreal Projects/PGK/Content/import/bed/BunkFBX.uasset.
[2018.01.28-21.36.14:949][  0]LoadErrors:Error: Error /Game/import/bed/BunkFBX : Can't find file for asset. /Game/import/bed/Main
[2018.01.28-21.36.14:949][  0]LogLinker:Warning: Can't find file '/Game/import/bed/Metal'
[2018.01.28-21.36.14:949][  0]LogLinker:Warning: Can't find file for asset '/Game/import/bed/Metal' while loading C:/Users/Admin/Documents/Unreal Projects/PGK/Content/import/bed/BunkFBX.uasset.
[2018.01.28-21.36.14:949][  0]LoadErrors:Error: Error /Game/import/bed/BunkFBX : Can't find file for asset. /Game/import/bed/Metal
[2018.01.28-21.36.15:077][  0]LogLinker:Warning: Can't find file '/Game/import/wardrobe/lambert2'
[2018.01.28-21.36.15:077][  0]LogLinker:Warning: Can't find file for asset '/Game/import/wardrobe/lambert2' while loading C:/Users/Admin/Documents/Unreal Projects/PGK/Content/import/wardrobe/wardrobe.uasset.
[2018.01.28-21.36.15:077][  0]LoadErrors:Error: Error /Game/import/wardrobe/wardrobe : Can't find file for asset. /Game/import/wardrobe/lambert2
[2018.01.28-21.36.15:077][  0]LogLinker:Warning: Can't find file '/Game/import/wardrobe/lambert2'
[2018.01.28-21.36.15:077][  0]LogLinker:Warning: Can't find file for asset '/Game/import/wardrobe/lambert2' while loading C:/Users/Admin/Documents/Unreal Projects/PGK/Content/import/wardrobe/wardrobe.uasset.
[2018.01.28-21.36.15:078][  0]LoadErrors:Error: Error /Game/import/wardrobe/wardrobe : Can't find file for asset. /Game/import/wardrobe/lambert2
[2018.01.28-21.36.15:110][  0]LogLinker:Warning: Can't find file '/Game/import/wardrobe/box'
[2018.01.28-21.36.15:110][  0]LogLinker:Warning: Can't find file for asset '/Game/import/wardrobe/box' while loading C:/Users/Admin/Documents/Unreal Projects/PGK/Content/import/wardrobe/wardrobe3.uasset.
[2018.01.28-21.36.15:110][  0]LoadErrors:Error: Error /Game/import/wardrobe/wardrobe3 : Can't find file for asset. /Game/import/wardrobe/box
[2018.01.28-21.36.15:111][  0]LogLinker:Warning: Can't find file '/Game/import/wardrobe/st_gold'
[2018.01.28-21.36.15:111][  0]LogLinker:Warning: Can't find file for asset '/Game/import/wardrobe/st_gold' while loading C:/Users/Admin/Documents/Unreal Projects/PGK/Content/import/wardrobe/wardrobe3.uasset.
[2018.01.28-21.36.15:111][  0]LoadErrors:Error: Error /Game/import/wardrobe/wardrobe3 : Can't find file for asset. /Game/import/wardrobe/st_gold
[2018.01.28-21.36.15:111][  0]LogLinker:Warning: Can't find file '/Game/import/wardrobe/box'
[2018.01.28-21.36.15:111][  0]LogLinker:Warning: Can't find file for asset '/Game/import/wardrobe/box' while loading C:/Users/Admin/Documents/Unreal Projects/PGK/Content/import/wardrobe/wardrobe3.uasset.
[2018.01.28-21.36.15:111][  0]LoadErrors:Error: Error /Game/import/wardrobe/wardrobe3 : Can't find file for asset. /Game/import/wardrobe/box
[2018.01.28-21.36.15:112][  0]LogLinker:Warning: Can't find file '/Game/import/wardrobe/st_gold'
[2018.01.28-21.36.15:112][  0]LogLinker:Warning: Can't find file for asset '/Game/import/wardrobe/st_gold' while loading C:/Users/Admin/Documents/Unreal Projects/PGK/Content/import/wardrobe/wardrobe3.uasset.
[2018.01.28-21.36.15:112][  0]LoadErrors:Error: Error /Game/import/wardrobe/wardrobe3 : Can't find file for asset. /Game/import/wardrobe/st_gold
[2018.01.28-21.36.15:112][  0]LogLinker:Warning: Can't find file '/Game/import/wardrobe/wardrobe3_PhysicsAsset'
[2018.01.28-21.36.15:113][  0]LogLinker:Warning: Can't find file for asset '/Game/import/wardrobe/wardrobe3_PhysicsAsset' while loading C:/Users/Admin/Documents/Unreal Projects/PGK/Content/import/wardrobe/wardrobe3.uasset.
[2018.01.28-21.36.15:113][  0]LoadErrors:Error: Error /Game/import/wardrobe/wardrobe3 : Can't find file for asset. /Game/import/wardrobe/wardrobe3_PhysicsAsset
[2018.01.28-21.36.15:113][  0]LogLinker:Warning: Can't find file '/Game/import/wardrobe/wardrobe3_Skeleton'
[2018.01.28-21.36.15:113][  0]LogLinker:Warning: Can't find file for asset '/Game/import/wardrobe/wardrobe3_Skeleton' while loading C:/Users/Admin/Documents/Unreal Projects/PGK/Content/import/wardrobe/wardrobe3.uasset.
[2018.01.28-21.36.15:113][  0]LoadErrors:Error: Error /Game/import/wardrobe/wardrobe3 : Can't find file for asset. /Game/import/wardrobe/wardrobe3_Skeleton
[2018.01.28-21.36.15:114][  0]LogLinker:Warning: Can't find file '/Game/import/wardrobe/wardrobe3_PhysicsAsset'
[2018.01.28-21.36.15:114][  0]LogLinker:Warning: Can't find file for asset '/Game/import/wardrobe/wardrobe3_PhysicsAsset' while loading C:/Users/Admin/Documents/Unreal Projects/PGK/Content/import/wardrobe/wardrobe3.uasset.
[2018.01.28-21.36.15:114][  0]LoadErrors:Error: Error /Game/import/wardrobe/wardrobe3 : Can't find file for asset. /Game/import/wardrobe/wardrobe3_PhysicsAsset
[2018.01.28-21.36.15:114][  0]LogLinker:Warning: Can't find file '/Game/import/wardrobe/wardrobe3_Skeleton'
[2018.01.28-21.36.15:114][  0]LogLinker:Warning: Can't find file for asset '/Game/import/wardrobe/wardrobe3_Skeleton' while loading C:/Users/Admin/Documents/Unreal Projects/PGK/Content/import/wardrobe/wardrobe3.uasset.
[2018.01.28-21.36.15:115][  0]LoadErrors:Error: Error /Game/import/wardrobe/wardrobe3 : Can't find file for asset. /Game/import/wardrobe/wardrobe3_Skeleton
[2018.01.28-21.36.15:118][  0]LogLinker:Warning: Can't find file '/Game/import/wardrobe/None'
[2018.01.28-21.36.15:118][  0]LogLinker:Warning: Can't find file for asset '/Game/import/wardrobe/None' while loading C:/Users/Admin/Documents/Unreal Projects/PGK/Content/import/wardrobe/wardrobe4.uasset.
[2018.01.28-21.36.15:118][  0]LoadErrors:Error: Error /Game/import/wardrobe/wardrobe4 : Can't find file for asset. /Game/import/wardrobe/None
[2018.01.28-21.36.15:118][  0]LogLinker:Warning: Can't find file '/Game/import/wardrobe/None'
[2018.01.28-21.36.15:119][  0]LogLinker:Warning: Can't find file for asset '/Game/import/wardrobe/None' while loading C:/Users/Admin/Documents/Unreal Projects/PGK/Content/import/wardrobe/wardrobe4.uasset.
[2018.01.28-21.36.15:119][  0]LoadErrors:Error: Error /Game/import/wardrobe/wardrobe4 : Can't find file for asset. /Game/import/wardrobe/None
[2018.01.28-21.36.17:160][  0]LogLinker:Warning: Can't find file '/Game/import/wardrobe/None'
[2018.01.28-21.36.17:160][  0]LoadErrors: Info Failed to load /Game/import/wardrobe/None.Material_0 Referenced by wardrobe4
[2018.01.28-21.36.17:161][  0]LogLinker:Warning: Can't find file for asset '/Game/import/wardrobe/None' while loading NULL.
[2018.01.28-21.36.17:161][  0]LoadErrors: Info Failed to load /Game/import/wardrobe/None.Material_0 Referenced by wardrobe4
[2018.01.28-21.36.17:195][  0]LogLinker:Warning: Can't find file '/Game/import/wardrobe/wardrobe3_Skeleton'
[2018.01.28-21.36.17:195][  0]LoadErrors: Info Failed to load /Game/import/wardrobe/wardrobe3_Skeleton.wardrobe3_Skeleton Referenced by wardrobe3
[2018.01.28-21.36.17:195][  0]LogLinker:Warning: Can't find file for asset '/Game/import/wardrobe/wardrobe3_Skeleton' while loading NULL.
[2018.01.28-21.36.17:195][  0]LoadErrors: Info Failed to load /Game/import/wardrobe/wardrobe3_Skeleton.wardrobe3_Skeleton Referenced by wardrobe3
[2018.01.28-21.36.17:195][  0]LogLinker:Warning: Can't find file '/Game/import/wardrobe/wardrobe3_PhysicsAsset'
[2018.01.28-21.36.17:195][  0]LoadErrors: Info Failed to load /Game/import/wardrobe/wardrobe3_PhysicsAsset.wardrobe3_PhysicsAsset Referenced by wardrobe3
[2018.01.28-21.36.17:195][  0]LogLinker:Warning: Can't find file for asset '/Game/import/wardrobe/wardrobe3_PhysicsAsset' while loading NULL.
[2018.01.28-21.36.17:195][  0]LoadErrors: Info Failed to load /Game/import/wardrobe/wardrobe3_PhysicsAsset.wardrobe3_PhysicsAsset Referenced by wardrobe3
[2018.01.28-21.36.17:196][  0]LogLinker:Warning: Can't find file '/Game/import/wardrobe/st_gold'
[2018.01.28-21.36.17:196][  0]LoadErrors: Info Failed to load /Game/import/wardrobe/st_gold.st_gold Referenced by wardrobe3
[2018.01.28-21.36.17:196][  0]LogLinker:Warning: Can't find file for asset '/Game/import/wardrobe/st_gold' while loading NULL.
[2018.01.28-21.36.17:196][  0]LoadErrors: Info Failed to load /Game/import/wardrobe/st_gold.st_gold Referenced by wardrobe3
[2018.01.28-21.36.17:197][  0]LogLinker:Warning: Can't find file '/Game/import/wardrobe/box'
[2018.01.28-21.36.17:197][  0]LoadErrors: Info Failed to load /Game/import/wardrobe/box.box Referenced by wardrobe3
[2018.01.28-21.36.17:197][  0]LogLinker:Warning: Can't find file for asset '/Game/import/wardrobe/box' while loading NULL.
[2018.01.28-21.36.17:197][  0]LoadErrors: Info Failed to load /Game/import/wardrobe/box.box Referenced by wardrobe3
[2018.01.28-21.36.17:329][  0]LogLinker:Warning: Can't find file '/Game/import/wardrobe/lambert2'
[2018.01.28-21.36.17:329][  0]LoadErrors: Info Failed to load /Game/import/wardrobe/lambert2.lambert2 Referenced by wardrobe
[2018.01.28-21.36.17:330][  0]LogLinker:Warning: Can't find file for asset '/Game/import/wardrobe/lambert2' while loading NULL.
[2018.01.28-21.36.17:330][  0]LoadErrors: Info Failed to load /Game/import/wardrobe/lambert2.lambert2 Referenced by wardrobe
[2018.01.28-21.36.18:041][  0]LogLinker:Warning: Can't find file '/Game/import/bed/Main'
[2018.01.28-21.36.18:041][  0]LoadErrors: Info Failed to load /Game/import/bed/Main.Main Referenced by BunkFBX
[2018.01.28-21.36.18:041][  0]LogLinker:Warning: Can't find file for asset '/Game/import/bed/Main' while loading NULL.
[2018.01.28-21.36.18:041][  0]LoadErrors: Info Failed to load /Game/import/bed/Main.Main Referenced by BunkFBX
[2018.01.28-21.36.18:042][  0]LogLinker:Warning: Can't find file '/Game/import/bed/Bed'
[2018.01.28-21.36.18:042][  0]LoadErrors: Info Failed to load /Game/import/bed/Bed.Bed Referenced by BunkFBX
[2018.01.28-21.36.18:042][  0]LogLinker:Warning: Can't find file for asset '/Game/import/bed/Bed' while loading NULL.
[2018.01.28-21.36.18:042][  0]LoadErrors: Info Failed to load /Game/import/bed/Bed.Bed Referenced by BunkFBX
[2018.01.28-21.36.18:042][  0]LogLinker:Warning: Can't find file '/Game/import/bed/Drawer'
[2018.01.28-21.36.18:042][  0]LoadErrors: Info Failed to load /Game/import/bed/Drawer.Drawer Referenced by BunkFBX
[2018.01.28-21.36.18:042][  0]LogLinker:Warning: Can't find file for asset '/Game/import/bed/Drawer' while loading NULL.
[2018.01.28-21.36.18:043][  0]LoadErrors: Info Failed to load /Game/import/bed/Drawer.Drawer Referenced by BunkFBX
[2018.01.28-21.36.18:043][  0]LogLinker:Warning: Can't find file '/Game/import/bed/Metal'
[2018.01.28-21.36.18:043][  0]LoadErrors: Info Failed to load /Game/import/bed/Metal.Metal Referenced by BunkFBX
[2018.01.28-21.36.18:043][  0]LogLinker:Warning: Can't find file for asset '/Game/import/bed/Metal' while loading NULL.
[2018.01.28-21.36.18:043][  0]LoadErrors: Info Failed to load /Game/import/bed/Metal.Metal Referenced by BunkFBX
[2018.01.28-21.36.38:972][  0]LogMaterial: Missing cached shader map for material st_tile, compiling. 
[2018.01.28-21.36.38:972][  0]LogMaterial:Warning: Failed to compile Material /Game/import/kibel/st_tile.st_tile for platform PCD3D_SM5, Default Material will be used in game.
[2018.01.28-21.36.38:972][  0]LogMaterial:Warning: 	(Node TextureSample) TextureSample> Sampler type is Normal, should be Color for /Game/import/kibel/Dirt_map.Dirt_map
[2018.01.28-21.36.40:956][  0]LogAIModule: Creating AISystem for world FirstPersonExampleMap
[2018.01.28-21.36.41:620][  0]LogEditorServer: Finished looking for orphan Actors (0.000 secs)
[2018.01.28-21.36.41:691][  0]Cmd: MAP CHECKDEP NOCLEARLOG
[2018.01.28-21.36.41:820][  0]MapCheck: Info Map check complete: 0 Error(s), 0 Warning(s), took 128.981ms to complete.
[2018.01.28-21.36.41:820][  0]LogFileHelpers: Loading map 'FirstPersonExampleMap' took 29.269
[2018.01.28-21.36.42:421][  0]LogCollectionManager: Loaded 0 collections in 0.002753 seconds
[2018.01.28-21.36.42:508][  0]LogFileCache: Scanning file cache for directory 'C:/Users/Admin/Documents/Unreal Projects/PGK/Saved/Collections/' took 0.01s
[2018.01.28-21.36.42:508][  0]LogFileCache: Scanning file cache for directory 'C:/Users/Admin/Documents/Unreal Projects/PGK/Content/Developers/Admin/Collections/' took 0.01s
[2018.01.28-21.36.42:508][  0]LogFileCache: Scanning file cache for directory 'C:/Users/Admin/Documents/Unreal Projects/PGK/Content/Collections/' took 0.01s
[2018.01.28-21.36.42:508][  0]LogCollectionManager: Rebuilt the GUID cache for 0 collections in 0.000002 seconds
[2018.01.28-21.36.42:523][  0]LogContentBrowser: Native class hierarchy populated in 0.0143 seconds. Added 2329 classes and 491 folders.
[2018.01.28-21.36.42:595][  0]LogContentBrowser: Native class hierarchy updated for 'WidgetCarousel' in 0.0006 seconds. Added 0 classes and 0 folders.
[2018.01.28-21.36.44:197][  0]LogContentBrowser: Native class hierarchy updated for 'AddContentDialog' in 0.0017 seconds. Added 0 classes and 0 folders.
[2018.01.28-21.36.44:347][  0]LogContentBrowser: Native class hierarchy updated for 'SceneOutliner' in 0.0008 seconds. Added 1 classes and 2 folders.
[2018.01.28-21.36.44:420][  0]LogCrashTracker: Crashtracker disabled due to settings.
[2018.01.28-21.36.44:496][  0]LogSlate: Took 0.069154 seconds to synchronously load lazily loaded font '../../../Engine/Content/Slate/Fonts/Roboto-Regular.ttf' (155K)
[2018.01.28-21.36.44:506][  0]LogSlate: Took 0.007818 seconds to synchronously load lazily loaded font '../../../Engine/Content/Slate/Fonts/Roboto-Bold.ttf' (160K)
[2018.01.28-21.36.44:534][  0]LogSlate: Took 0.023580 seconds to synchronously load lazily loaded font '../../../Engine/Content/Editor/Slate/Fonts/FontAwesome.ttf' (139K)
[2018.01.28-21.36.44:811][  0]LogRenderer: Reallocating scene render targets to support 816x396 NumSamples 1 (Frame:1).
[2018.01.28-21.36.46:221][  0]LogSlate: Took 0.032173 seconds to synchronously load lazily loaded font '../../../Engine/Content/Slate/Fonts/Roboto-Light.ttf' (159K)
[2018.01.28-21.36.46:362][  0]LogUObjectGlobals:Warning: Failed to find object 'Class None.'
[2018.01.28-21.36.46:459][  0]LogContentBrowser: Native class hierarchy updated for 'HierarchicalLODOutliner' in 0.0007 seconds. Added 1 classes and 2 folders.
[2018.01.28-21.36.46:459][  0]LogLoad: (Engine Initialization) Total time: 147.41 seconds
[2018.01.28-21.36.46:460][  0]LogLoad: (Engine Initialization) Total Blueprint compile time: 0.69 seconds
[2018.01.28-21.36.46:460][  0]LogExternalProfiler: No external profilers were discovered.  External profiling features will not be available.
[2018.01.28-21.36.46:494][  0]LogOcInput: OculusInput pre-init called
[2018.01.28-21.36.46:494][  0]LogHMD: Starting GearVRController plugin
[2018.01.28-21.36.46:554][  0]LogContentStreaming: Texture pool size now 1000 MB
[2018.01.28-21.36.48:204][  4]LogAssetRegistry: Asset discovery search completed in 84.9454 seconds
[2018.01.28-21.36.48:214][  4]LogCollectionManager: Rebuilt the object cache for 0 collections in 0.000001 seconds (found 0 objects)
[2018.01.28-21.36.48:214][  4]LogCollectionManager: Fixed up redirectors for 0 collections in 0.000059 seconds (updated 0 objects)
[2018.01.28-21.36.48:953][ 30]LogSlate: Took 0.000314 seconds to synchronously load lazily loaded font '../../../Engine/Content/Slate/Fonts/Roboto-Light.ttf' (159K)
[2018.01.28-21.36.59:954][281]LogSlate: Took 0.000683 seconds to synchronously load lazily loaded font '../../../Engine/Content/Slate/Fonts/Roboto-Light.ttf' (159K)
[2018.01.28-21.37.00:947][281]LogSlate: Took 0.000216 seconds to synchronously load lazily loaded font '../../../Engine/Content/Slate/Fonts/Roboto-Regular.ttf' (155K)
[2018.01.28-21.37.01:339][281]LogContentBrowser: Native class hierarchy updated for 'BlueprintGraph' in 0.0013 seconds. Added 112 classes and 0 folders.
[2018.01.28-21.37.07:808][281]LogFileCache: Retrieving MD5 hashes for directory 'C:/Users/Admin/Documents/Unreal Projects/PGK/Content/' took 21.30s
[2018.01.28-21.37.08:330][281]LogSlate: Took 0.043975 seconds to synchronously load lazily loaded font '../../../Engine/Content/Editor/Slate/Fonts/Roboto-BoldCondensed.ttf' (158K)
[2018.01.28-21.37.20:174][367]LogSlate: Took 0.026587 seconds to synchronously load lazily loaded font '../../../Engine/Content/Editor/Slate/Fonts/Roboto-Italic.ttf' (157K)
[2018.01.28-21.38.58:337][950]Cmd: OBJ SAVEPACKAGE PACKAGE="/Game/FirstPersonBP/Blueprints/MovieTime" FILE="C:/Users/Admin/Documents/Unreal Projects/PGK/Content/FirstPersonBP/Blueprints/MovieTime.uasset" SILENT=true
[2018.01.28-21.38.58:901][950]LogSavePackage: Save=357.49ms
[2018.01.28-21.38.58:901][950]LogSavePackage: Moving 'C:/Users/Admin/Documents/Unreal Projects/PGK/Saved/MovieTimeDF6F5B2D4385B6314DC4EC884612EB31.tmp' to 'C:/Users/Admin/Documents/Unreal Projects/PGK/Content/FirstPersonBP/Blueprints/MovieTime.uasset'
[2018.01.28-21.38.58:958][950]LogSavePackage:Display: Finished SavePackage C:/Users/Admin/Documents/Unreal Projects/PGK/Content/FirstPersonBP/Blueprints/MovieTime.uasset
[2018.01.28-21.38.59:413][971]BlueprintLog: New page: Compile MovieTime
[2018.01.28-21.39.00:084][971]BlueprintEditorCompileResults: Info Fast Template Successfully Created.
[2018.01.28-21.39.09:576][196]LogAIModule: Creating AISystem for world MenuLevel
[2018.01.28-21.39.11:746][196]Cmd: OBJ SAVEPACKAGE PACKAGE="/Game/FirstPersonBP/Blueprints/MainMenuHUD" FILE="C:/Users/Admin/Documents/Unreal Projects/PGK/Content/FirstPersonBP/Blueprints/MainMenuHUD.uasset" SILENT=true
[2018.01.28-21.39.11:858][196]LogSavePackage: Save=96.32ms
[2018.01.28-21.39.11:858][196]LogSavePackage: Moving 'C:/Users/Admin/Documents/Unreal Projects/PGK/Saved/MainMenuHUDC1F9BFBD4B53F21C96D3E0AC93ECC83B.tmp' to 'C:/Users/Admin/Documents/Unreal Projects/PGK/Content/FirstPersonBP/Blueprints/MainMenuHUD.uasset'
[2018.01.28-21.39.11:867][196]LogSavePackage:Display: Finished SavePackage C:/Users/Admin/Documents/Unreal Projects/PGK/Content/FirstPersonBP/Blueprints/MainMenuHUD.uasset
[2018.01.28-21.39.11:914][196]Cmd: MAP LOAD FILE="C:/Users/Admin/Documents/Unreal Projects/PGK/Content/Maps/MenuLevel.umap" TEMPLATE=0 SHOWPROGRESS=1 FEATURELEVEL=3
[2018.01.28-21.39.11:914][196]LightingResults: New page: Lighting Build
[2018.01.28-21.39.11:930][196]LoadErrors: New page: Loading map: MenuLevel.umap
[2018.01.28-21.39.12:102][196]MapCheck: New page: Map Check
[2018.01.28-21.39.12:102][196]LightingResults: New page: Lighting Build
[2018.01.28-21.39.12:355][196]LogEditorServer: Finished looking for orphan Actors (0.000 secs)
[2018.01.28-21.39.12:482][196]Cmd: MAP CHECKDEP NOCLEARLOG
[2018.01.28-21.39.12:592][196]MapCheck: Info Map check complete: 0 Error(s), 0 Warning(s), took 110.384ms to complete.
[2018.01.28-21.39.12:603][196]LogFileHelpers: Loading map 'MenuLevel' took 0.736
[2018.01.28-21.39.26:242][792]LogTemp: Repeting last play command: Selected Viewport
[2018.01.28-21.39.27:099][792]LogBlueprintUserMessages: Early PlayInEditor Detection: Level '/Game/Maps/MenuLevel.MenuLevel:PersistentLevel' has LevelScriptBlueprint '/Game/Maps/MenuLevel.MenuLevel:PersistentLevel.MenuLevel' with GeneratedClass '/Game/Maps/MenuLevel.MenuLevel_C' with ClassGeneratedBy '/Game/Maps/MenuLevel.MenuLevel:PersistentLevel.MenuLevel'
[2018.01.28-21.39.27:171][792]BlueprintLog: New page: Pre-Play auto-recompile
[2018.01.28-21.39.27:171][792]LogPlayLevel: [PlayLevel] Compiling MainMenuHUD before play...
[2018.01.28-21.39.27:341][792]LogPlayLevel: PlayLevel: Blueprint regeneration took 170 ms (1 blueprints)
[2018.01.28-21.39.27:436][792]PIE: New page: PIE session: MenuLevel (Jan 28, 2018, 11:39:27 PM)
[2018.01.28-21.39.27:460][792]LogPlayLevel: Creating play world package: /Game/Maps/UEDPIE_0_MenuLevel
[2018.01.28-21.39.27:514][792]LogPlayLevel: PIE: StaticDuplicateObject took: (0.053847s)
[2018.01.28-21.39.27:515][792]LogAIModule: Creating AISystem for world MenuLevel
[2018.01.28-21.39.27:515][792]LogPlayLevel: PIE: World Init took: (0.001024s)
[2018.01.28-21.39.27:529][792]LogPlayLevel: PIE: Created PIE world by copying editor world from /Game/Maps/MenuLevel.MenuLevel to /Game/Maps/UEDPIE_0_MenuLevel.MenuLevel (0.081067s)
[2018.01.28-21.39.27:630][792]LogInit: XAudio2 using 'Głośniki (Realtek High Definition Audio)' : 2 channels at 48 kHz using 32 bits per sample (channel mask 0x3)
[2018.01.28-21.39.27:656][792]LogInit: FAudioDevice initialized.
[2018.01.28-21.39.27:804][792]LogLoad: Game class is 'FirstPersonMenu_C'
[2018.01.28-21.39.27:813][792]LogWorld: Bringing World /Game/Maps/UEDPIE_0_MenuLevel.MenuLevel up for play (max tick rate 60) at 2018.01.28-22.39.27
[2018.01.28-21.39.27:836][792]LogWorld: Bringing up level for play took: 0.017919
[2018.01.28-21.39.28:131][792]LogContentBrowser: Native class hierarchy updated for 'MovieSceneCapture' in 0.0009 seconds. Added 11 classes and 0 folders.
[2018.01.28-21.39.32:859][792]LogHardwareCursor:Error: Failed to load cursor 'C:/Users/Admin/Documents/Unreal Projects/PGK/Content/None'.  If you included a file extension or the size information '_WidthxHeight' remove them.
[2018.01.28-21.39.32:916][792]PIE: Info Play in editor start time for /Game/Maps/UEDPIE_0_MenuLevel 6.684
[2018.01.28-21.39.32:917][792]LogBlueprintUserMessages: Late PlayInEditor Detection: Level '/Game/Maps/MenuLevel.MenuLevel:PersistentLevel' has LevelScriptBlueprint '/Game/Maps/MenuLevel.MenuLevel:PersistentLevel.MenuLevel' with GeneratedClass '/Game/Maps/MenuLevel.MenuLevel_C' with ClassGeneratedBy '/Game/Maps/MenuLevel.MenuLevel:PersistentLevel.MenuLevel'
[2018.01.28-21.39.33:536][793]LogWmfMedia:Warning: Possible loss of audio quality in stream 0 due to sample rate != 44100 Hz
[2018.01.28-21.39.58:440][758]LogScript:Warning: Attempted to access AudioComponent_0 via property CallFunc_CreateSound2D_ReturnValue, but AudioComponent_0 is pending kill
	MovieTime_C /Engine/Transient.UnrealEdEngine_0:GameInstance_0.MovieTime_C_3
	Function /Game/FirstPersonBP/Blueprints/MovieTime.MovieTime_C:ExecuteUbergraph_MovieTime:00CA
[2018.01.28-21.39.58:542][759]LogWmfMedia:Warning: Possible loss of audio quality in stream 0 due to sample rate != 44100 Hz
[2018.01.28-21.40.00:792][828]LogBlueprintUserMessages: Early EndPlayMap Detection: Level '/Game/Maps/MenuLevel.MenuLevel:PersistentLevel' has LevelScriptBlueprint '/Game/Maps/MenuLevel.MenuLevel:PersistentLevel.MenuLevel' with GeneratedClass '/Game/Maps/MenuLevel.MenuLevel_C' with ClassGeneratedBy '/Game/Maps/MenuLevel.MenuLevel:PersistentLevel.MenuLevel'
[2018.01.28-21.40.00:929][828]LogBlueprintUserMessages: Late EndPlayMap Detection: Level '/Game/Maps/MenuLevel.MenuLevel:PersistentLevel' has LevelScriptBlueprint '/Game/Maps/MenuLevel.MenuLevel:PersistentLevel.MenuLevel' with GeneratedClass '/Game/Maps/MenuLevel.MenuLevel_C' with ClassGeneratedBy '/Game/Maps/MenuLevel.MenuLevel:PersistentLevel.MenuLevel'
[2018.01.28-21.40.01:723][856]LogTemp: Repeting last play command: Selected Viewport
[2018.01.28-21.40.01:774][856]LogBlueprintUserMessages: Early PlayInEditor Detection: Level '/Game/Maps/MenuLevel.MenuLevel:PersistentLevel' has LevelScriptBlueprint '/Game/Maps/MenuLevel.MenuLevel:PersistentLevel.MenuLevel' with GeneratedClass '/Game/Maps/MenuLevel.MenuLevel_C' with ClassGeneratedBy '/Game/Maps/MenuLevel.MenuLevel:PersistentLevel.MenuLevel'
[2018.01.28-21.40.01:774][856]LogPlayLevel: PlayLevel: No blueprints needed recompiling
[2018.01.28-21.40.01:774][856]PIE: New page: PIE session: MenuLevel (Jan 28, 2018, 11:40:01 PM)
[2018.01.28-21.40.01:774][856]LogPlayLevel: Creating play world package: /Game/Maps/UEDPIE_0_MenuLevel
[2018.01.28-21.40.01:776][856]LogPlayLevel: PIE: StaticDuplicateObject took: (0.001240s)
[2018.01.28-21.40.01:776][856]LogAIModule: Creating AISystem for world MenuLevel
[2018.01.28-21.40.01:777][856]LogPlayLevel: PIE: World Init took: (0.001182s)
[2018.01.28-21.40.01:777][856]LogPlayLevel: PIE: Created PIE world by copying editor world from /Game/Maps/MenuLevel.MenuLevel to /Game/Maps/UEDPIE_0_MenuLevel.MenuLevel (0.002786s)
[2018.01.28-21.40.01:829][856]LogInit: XAudio2 using 'Głośniki (Realtek High Definition Audio)' : 2 channels at 48 kHz using 32 bits per sample (channel mask 0x3)
[2018.01.28-21.40.01:851][856]LogInit: FAudioDevice initialized.
[2018.01.28-21.40.01:886][856]LogLoad: Game class is 'FirstPersonMenu_C'
[2018.01.28-21.40.01:887][856]LogWorld: Bringing World /Game/Maps/UEDPIE_0_MenuLevel.MenuLevel up for play (max tick rate 60) at 2018.01.28-22.40.01
[2018.01.28-21.40.01:888][856]LogWorld: Bringing up level for play took: 0.001145
[2018.01.28-21.40.01:947][856]LogHardwareCursor:Error: Failed to load cursor 'C:/Users/Admin/Documents/Unreal Projects/PGK/Content/None'.  If you included a file extension or the size information '_WidthxHeight' remove them.
[2018.01.28-21.40.01:947][856]PIE: Info Play in editor start time for /Game/Maps/UEDPIE_0_MenuLevel -0.285
[2018.01.28-21.40.01:948][856]LogBlueprintUserMessages: Late PlayInEditor Detection: Level '/Game/Maps/MenuLevel.MenuLevel:PersistentLevel' has LevelScriptBlueprint '/Game/Maps/MenuLevel.MenuLevel:PersistentLevel.MenuLevel' with GeneratedClass '/Game/Maps/MenuLevel.MenuLevel_C' with ClassGeneratedBy '/Game/Maps/MenuLevel.MenuLevel:PersistentLevel.MenuLevel'
[2018.01.28-21.40.01:980][857]LogWmfMedia:Warning: Possible loss of audio quality in stream 0 due to sample rate != 44100 Hz
[2018.01.28-21.40.06:730][  6]LogBlueprintUserMessages: Early EndPlayMap Detection: Level '/Game/Maps/MenuLevel.MenuLevel:PersistentLevel' has LevelScriptBlueprint '/Game/Maps/MenuLevel.MenuLevel:PersistentLevel.MenuLevel' with GeneratedClass '/Game/Maps/MenuLevel.MenuLevel_C' with ClassGeneratedBy '/Game/Maps/MenuLevel.MenuLevel:PersistentLevel.MenuLevel'
[2018.01.28-21.40.06:814][  6]LogBlueprintUserMessages: Late EndPlayMap Detection: Level '/Game/Maps/MenuLevel.MenuLevel:PersistentLevel' has LevelScriptBlueprint '/Game/Maps/MenuLevel.MenuLevel:PersistentLevel.MenuLevel' with GeneratedClass '/Game/Maps/MenuLevel.MenuLevel_C' with ClassGeneratedBy '/Game/Maps/MenuLevel.MenuLevel:PersistentLevel.MenuLevel'
[2018.01.28-21.41.06:131][788]BlueprintLog: New page: Compile MovieTime
[2018.01.28-21.41.06:474][788]BlueprintEditorCompileResults: Info Fast Template Successfully Created.
[2018.01.28-21.41.08:531][860]LogTemp: Repeting last play command: Selected Viewport
[2018.01.28-21.41.08:593][860]LogBlueprintUserMessages: Early PlayInEditor Detection: Level '/Game/Maps/MenuLevel.MenuLevel:PersistentLevel' has LevelScriptBlueprint '/Game/Maps/MenuLevel.MenuLevel:PersistentLevel.MenuLevel' with GeneratedClass '/Game/Maps/MenuLevel.MenuLevel_C' with ClassGeneratedBy '/Game/Maps/MenuLevel.MenuLevel:PersistentLevel.MenuLevel'
[2018.01.28-21.41.08:593][860]LogPlayLevel: PlayLevel: No blueprints needed recompiling
[2018.01.28-21.41.08:593][860]PIE: New page: PIE session: MenuLevel (Jan 28, 2018, 11:41:08 PM)
[2018.01.28-21.41.08:594][860]LogPlayLevel: Creating play world package: /Game/Maps/UEDPIE_0_MenuLevel
[2018.01.28-21.41.08:595][860]LogPlayLevel: PIE: StaticDuplicateObject took: (0.001166s)
[2018.01.28-21.41.08:595][860]LogAIModule: Creating AISystem for world MenuLevel
[2018.01.28-21.41.08:596][860]LogPlayLevel: PIE: World Init took: (0.000942s)
[2018.01.28-21.41.08:596][860]LogPlayLevel: PIE: Created PIE world by copying editor world from /Game/Maps/MenuLevel.MenuLevel to /Game/Maps/UEDPIE_0_MenuLevel.MenuLevel (0.002445s)
[2018.01.28-21.41.08:649][860]LogInit: XAudio2 using 'Głośniki (Realtek High Definition Audio)' : 2 channels at 48 kHz using 32 bits per sample (channel mask 0x3)
[2018.01.28-21.41.08:666][860]LogInit: FAudioDevice initialized.
[2018.01.28-21.41.08:708][860]LogLoad: Game class is 'FirstPersonMenu_C'
[2018.01.28-21.41.08:709][860]LogWorld: Bringing World /Game/Maps/UEDPIE_0_MenuLevel.MenuLevel up for play (max tick rate 60) at 2018.01.28-22.41.08
[2018.01.28-21.41.08:709][860]LogWorld: Bringing up level for play took: 0.001270
[2018.01.28-21.41.08:774][860]LogHardwareCursor:Error: Failed to load cursor 'C:/Users/Admin/Documents/Unreal Projects/PGK/Content/None'.  If you included a file extension or the size information '_WidthxHeight' remove them.
[2018.01.28-21.41.08:774][860]PIE: Info Play in editor start time for /Game/Maps/UEDPIE_0_MenuLevel 0.542
[2018.01.28-21.41.08:775][860]LogBlueprintUserMessages: Late PlayInEditor Detection: Level '/Game/Maps/MenuLevel.MenuLevel:PersistentLevel' has LevelScriptBlueprint '/Game/Maps/MenuLevel.MenuLevel:PersistentLevel.MenuLevel' with GeneratedClass '/Game/Maps/MenuLevel.MenuLevel_C' with ClassGeneratedBy '/Game/Maps/MenuLevel.MenuLevel:PersistentLevel.MenuLevel'
[2018.01.28-21.41.08:791][861]LogWmfMedia:Warning: Possible loss of audio quality in stream 0 due to sample rate != 44100 Hz
[2018.01.28-21.41.15:647][ 73]LogBlueprintUserMessages: Early EndPlayMap Detection: Level '/Game/Maps/MenuLevel.MenuLevel:PersistentLevel' has LevelScriptBlueprint '/Game/Maps/MenuLevel.MenuLevel:PersistentLevel.MenuLevel' with GeneratedClass '/Game/Maps/MenuLevel.MenuLevel_C' with ClassGeneratedBy '/Game/Maps/MenuLevel.MenuLevel:PersistentLevel.MenuLevel'
[2018.01.28-21.41.15:725][ 73]LogBlueprintUserMessages: Late EndPlayMap Detection: Level '/Game/Maps/MenuLevel.MenuLevel:PersistentLevel' has LevelScriptBlueprint '/Game/Maps/MenuLevel.MenuLevel:PersistentLevel.MenuLevel' with GeneratedClass '/Game/Maps/MenuLevel.MenuLevel_C' with ClassGeneratedBy '/Game/Maps/MenuLevel.MenuLevel:PersistentLevel.MenuLevel'
[2018.01.28-21.41.21:168][234]Cmd: OBJ SAVEPACKAGE PACKAGE="/Game/Maps/MenuLevel" FILE="C:/Users/Admin/Documents/Unreal Projects/PGK/Content/Maps/MenuLevel.umap" SILENT=true AUTOSAVING=false KEEPDIRTY=false
[2018.01.28-21.41.21:435][234]LogSavePackage: Save=203.87ms
[2018.01.28-21.41.21:435][234]LogSavePackage: Moving 'C:/Users/Admin/Documents/Unreal Projects/PGK/Saved/MenuLevelE1A629E149FB665746D907B69F33B211.tmp' to 'C:/Users/Admin/Documents/Unreal Projects/PGK/Content/Maps/MenuLevel.umap'
[2018.01.28-21.41.21:437][234]LogSavePackage:Display: Finished SavePackage C:/Users/Admin/Documents/Unreal Projects/PGK/Content/Maps/MenuLevel.umap
[2018.01.28-21.41.24:523][299]Cmd: OBJ SAVEPACKAGE PACKAGE="/Game/FirstPersonBP/Blueprints/MovieTime" FILE="C:/Users/Admin/Documents/Unreal Projects/PGK/Content/FirstPersonBP/Blueprints/MovieTime.uasset" SILENT=true
[2018.01.28-21.41.24:608][299]LogSavePackage: Save=78.02ms
[2018.01.28-21.41.24:608][299]LogSavePackage: Moving 'C:/Users/Admin/Documents/Unreal Projects/PGK/Saved/MovieTime6B069B1A4802BF44A1D62A827CC8870C.tmp' to 'C:/Users/Admin/Documents/Unreal Projects/PGK/Content/FirstPersonBP/Blueprints/MovieTime.uasset'
[2018.01.28-21.41.24:612][299]LogSavePackage:Display: Finished SavePackage C:/Users/Admin/Documents/Unreal Projects/PGK/Content/FirstPersonBP/Blueprints/MovieTime.uasset
[2018.01.28-21.41.25:208][299]LogActorComponent: UnregisterComponent: (/Engine/Transient.EditorFloorComp) Not registered. Aborting.
[2018.01.28-21.41.25:529][299]LogWindowsTextInputMethodSystem:Display: IME system now deactivated.
[2018.01.28-21.41.25:928][300]Cmd: QUIT_EDITOR
[2018.01.28-21.41.27:034][300]LogExit: Preparing to exit.
[2018.01.28-21.41.28:111][300]LogExit: Editor shut down
[2018.01.28-21.41.28:163][300]LogExit: Transaction tracking system shut down
[2018.01.28-21.41.31:589][300]LogObj: Freed 0b from 0 cluster array pools.
[2018.01.28-21.41.31:589][300]LogExit: Object subsystem successfully closed.
[2018.01.28-21.41.32:578][300]LogD3D11RHI: Shutdown
[2018.01.28-21.41.32:578][300]LogD3D11RHI: CleanupD3DDevice
[2018.01.28-21.41.32:911][300]LogD3D11RHI: ~FD3D11DynamicRHI
[2018.01.28-21.41.33:826][300]LogModuleManager: Shutting down and abandoning module MovieSceneCapture (532)
[2018.01.28-21.41.33:826][300]LogModuleManager: Shutting down and abandoning module SequencerWidgets (530)
[2018.01.28-21.41.33:826][300]LogModuleManager: Shutting down and abandoning module BlueprintGraph (528)
[2018.01.28-21.41.33:826][300]LogModuleManager: Shutting down and abandoning module BlueprintProfiler (526)
[2018.01.28-21.41.33:857][300]LogModuleManager: Shutting down and abandoning module HierarchicalLODOutliner (524)
[2018.01.28-21.41.33:871][300]LogModuleManager: Shutting down and abandoning module CrashTracker (522)
[2018.01.28-21.41.33:871][300]LogModuleManager: Shutting down and abandoning module SceneOutliner (520)
[2018.01.28-21.41.33:871][300]LogModuleManager: Shutting down and abandoning module AddContentDialog (518)
[2018.01.28-21.41.33:882][300]LogDirectoryWatcher: A directory notification for 'D:/Unreal_engine/UE_4.16/FeaturePacks/' was aborted.
[2018.01.28-21.41.33:886][300]LogModuleManager: Shutting down and abandoning module WidgetCarousel (517)
[2018.01.28-21.41.33:886][300]LogModuleManager: Shutting down and abandoning module EditorWidgets (514)
[2018.01.28-21.41.33:886][300]LogModuleManager: Shutting down and abandoning module CollectionManager (512)
[2018.01.28-21.41.33:886][300]LogDirectoryWatcher: A directory notification for 'C:/Users/Admin/Documents/Unreal Projects/PGK/Content/Collections/' was aborted.
[2018.01.28-21.41.33:886][300]LogDirectoryWatcher: A directory notification for 'C:/Users/Admin/Documents/Unreal Projects/PGK/Content/Developers/Admin/Collections/' was aborted.
[2018.01.28-21.41.33:886][300]LogDirectoryWatcher: A directory notification for 'C:/Users/Admin/Documents/Unreal Projects/PGK/Saved/Collections/' was aborted.
[2018.01.28-21.41.33:887][300]LogModuleManager: Shutting down and abandoning module StatsViewer (510)
[2018.01.28-21.41.33:895][300]LogModuleManager: Shutting down and abandoning module FoliageEdit (508)
[2018.01.28-21.41.33:895][300]LogModuleManager: Shutting down and abandoning module LandscapeEditor (506)
[2018.01.28-21.41.33:924][300]LogModuleManager: Shutting down and abandoning module MeshPaintMode (504)
[2018.01.28-21.41.33:924][300]LogModuleManager: Shutting down and abandoning module SceneDepthPickerMode (502)
[2018.01.28-21.41.33:924][300]LogModuleManager: Shutting down and abandoning module ActorPickerMode (500)
[2018.01.28-21.41.33:924][300]LogModuleManager: Shutting down and abandoning module GeometryMode (498)
[2018.01.28-21.41.33:924][300]LogModuleManager: Shutting down and abandoning module TextureAlignMode (496)
[2018.01.28-21.41.33:925][300]LogModuleManager: Shutting down and abandoning module BspMode (494)
[2018.01.28-21.41.33:933][300]LogModuleManager: Shutting down and abandoning module HardwareSurvey (492)
[2018.01.28-21.41.33:939][300]LogModuleManager: Shutting down and abandoning module SequenceRecorderSections (490)
[2018.01.28-21.41.33:952][300]LogModuleManager: Shutting down and abandoning module AutomationWorker (488)
[2018.01.28-21.41.33:960][300]LogModuleManager: Shutting down and abandoning module MatineeToLevelSequence (486)
[2018.01.28-21.41.33:969][300]LogModuleManager: Shutting down and abandoning module LevelSequenceEditor (484)
[2018.01.28-21.41.34:002][300]LogModuleManager: Shutting down and abandoning module PlacementMode (483)
[2018.01.28-21.41.34:002][300]LogModuleManager: Shutting down and abandoning module WmfMediaFactory (480)
[2018.01.28-21.41.34:002][300]LogModuleManager: Shutting down and abandoning module WmfMediaEditor (478)
[2018.01.28-21.41.34:002][300]LogModuleManager: Shutting down and abandoning module AvfMediaFactory (476)
[2018.01.28-21.41.34:002][300]LogModuleManager: Shutting down and abandoning module AvfMediaEditor (474)
[2018.01.28-21.41.34:002][300]LogModuleManager: Shutting down and abandoning module AndroidMediaFactory (472)
[2018.01.28-21.41.34:002][300]LogModuleManager: Shutting down and abandoning module Media (471)
[2018.01.28-21.41.34:002][300]LogModuleManager: Shutting down and abandoning module AndroidMediaEditor (468)
[2018.01.28-21.41.34:002][300]LogModuleManager: Shutting down and abandoning module CharacterAI (466)
[2018.01.28-21.41.34:002][300]LogModuleManager: Shutting down and abandoning module AudioCapture (464)
[2018.01.28-21.41.34:029][300]LogModuleManager: Shutting down and abandoning module SequenceRecorder (463)
[2018.01.28-21.41.34:059][300]LogModuleManager: Shutting down and abandoning module SmartSnapping (460)
[2018.01.28-21.41.34:059][300]LogModuleManager: Shutting down and abandoning module SessionServices (458)
[2018.01.28-21.41.34:059][300]LogModuleManager: Shutting down and abandoning module ViewportSnapping (456)
[2018.01.28-21.41.34:059][300]LogModuleManager: Shutting down and abandoning module ViewportInteraction (454)
[2018.01.28-21.41.34:059][300]LogModuleManager: Shutting down and abandoning module ClothPainter (452)
[2018.01.28-21.41.34:082][300]LogModuleManager: Shutting down and abandoning module LogVisualizer (450)
[2018.01.28-21.41.34:107][300]LogModuleManager: Shutting down and abandoning module IntroTutorials (448)
[2018.01.28-21.41.34:146][300]LogModuleManager: Shutting down and abandoning module GameProjectGeneration (447)
[2018.01.28-21.41.34:170][300]LogModuleManager: Shutting down and abandoning module EditorLiveStreaming (444)
[2018.01.28-21.41.34:170][300]LogModuleManager: Shutting down and abandoning module IOSPlatformEditor (442)
[2018.01.28-21.41.34:192][300]LogModuleManager: Shutting down and abandoning module HTML5PlatformEditor (440)
[2018.01.28-21.41.34:192][300]LogModuleManager: Shutting down and abandoning module AndroidPlatformEditor (438)
[2018.01.28-21.41.34:193][300]LogModuleManager: Shutting down and abandoning module AndroidDeviceDetection (437)
[2018.01.28-21.41.34:405][300]LogModuleManager: Shutting down and abandoning module IOSRuntimeSettings (434)
[2018.01.28-21.41.34:405][300]LogModuleManager: Shutting down and abandoning module AndroidRuntimeSettings (432)
[2018.01.28-21.41.34:405][300]LogModuleManager: Shutting down and abandoning module InputBindingEditor (430)
[2018.01.28-21.41.34:431][300]LogModuleManager: Shutting down and abandoning module MergeActors (428)
[2018.01.28-21.41.34:439][300]LogModuleManager: Shutting down and abandoning module SizeMap (426)
[2018.01.28-21.41.34:439][300]LogModuleManager: Shutting down and abandoning module TreeMap (424)
[2018.01.28-21.41.34:454][300]LogModuleManager: Shutting down and abandoning module ReferenceViewer (422)
[2018.01.28-21.41.34:471][300]LogModuleManager: Shutting down and abandoning module LocalizationDashboard (420)
[2018.01.28-21.41.34:487][300]LogModuleManager: Shutting down and abandoning module LocalizationService (419)
[2018.01.28-21.41.34:494][300]LogModuleManager: Shutting down and abandoning module HardwareTargeting (416)
[2018.01.28-21.41.34:494][300]LogModuleManager: Shutting down and abandoning module DeviceProfileEditor (414)
[2018.01.28-21.41.34:501][300]LogModuleManager: Shutting down and abandoning module UndoHistory (412)
[2018.01.28-21.41.34:509][300]LogModuleManager: Shutting down and abandoning module UserFeedback (410)
[2018.01.28-21.41.34:510][300]LogModuleManager: Shutting down and abandoning module XmlParser (408)
[2018.01.28-21.41.34:523][300]LogModuleManager: Shutting down and abandoning module Blutility (406)
[2018.01.28-21.41.34:539][300]LogModuleManager: Shutting down and abandoning module ProjectSettingsViewer (404)
[2018.01.28-21.41.34:539][300]LogModuleManager: Shutting down and abandoning module ProjectTargetPlatformEditor (403)
[2018.01.28-21.41.34:540][300]LogModuleManager: Shutting down and abandoning module EditorSettingsViewer (400)
[2018.01.28-21.41.34:540][300]LogModuleManager: Shutting down and abandoning module SettingsEditor (398)
[2018.01.28-21.41.34:554][300]LogModuleManager: Shutting down and abandoning module ProjectLauncher (396)
[2018.01.28-21.41.34:571][300]LogModuleManager: Shutting down and abandoning module SessionFrontend (394)
[2018.01.28-21.41.34:585][300]LogModuleManager: Shutting down and abandoning module ProfilerClient (392)
[2018.01.28-21.41.34:600][300]LogModuleManager: Shutting down and abandoning module DeviceManager (390)
[2018.01.28-21.41.34:623][300]LogModuleManager: Shutting down and abandoning module TargetDeviceServices (389)
[2018.01.28-21.41.34:689][300]LogModuleManager: Shutting down and abandoning module AutomationController (386)
[2018.01.28-21.41.34:708][300]LogModuleManager: Shutting down and abandoning module AutomationWindow (384)
[2018.01.28-21.41.34:721][300]LogModuleManager: Shutting down and abandoning module Layers (382)
[2018.01.28-21.41.34:739][300]LogModuleManager: Shutting down and abandoning module ComponentVisualizers (380)
[2018.01.28-21.41.34:739][300]LogModuleManager: Shutting down and abandoning module DetailCustomizations (378)
[2018.01.28-21.41.34:762][300]LogModuleManager: Shutting down and abandoning module PackagesDialog (376)
[2018.01.28-21.41.34:762][300]LogModuleManager: Shutting down and abandoning module Persona (374)
[2018.01.28-21.41.34:805][300]LogModuleManager: Shutting down and abandoning module AdvancedPreviewScene (373)
[2018.01.28-21.41.34:805][300]LogModuleManager: Shutting down and abandoning module AnimGraph (371)
[2018.01.28-21.41.34:805][300]LogModuleManager: Shutting down and abandoning module Kismet (368)
[2018.01.28-21.41.34:823][300]LogModuleManager: Shutting down and abandoning module ClassViewer (366)
[2018.01.28-21.41.34:825][300]LogModuleManager: Shutting down and abandoning module Toolbox (364)
[2018.01.28-21.41.34:839][300]LogModuleManager: Shutting down and abandoning module ModuleUI (362)
[2018.01.28-21.41.34:861][300]LogModuleManager: Shutting down and abandoning module MovieSceneTools (360)
[2018.01.28-21.41.34:870][300]LogModuleManager: Shutting down and abandoning module OutputLog (358)
[2018.01.28-21.41.34:879][300]LogModuleManager: Shutting down and abandoning module GammaUI (356)
[2018.01.28-21.41.34:937][300]LogModuleManager: Shutting down and abandoning module Documentation (354)
[2018.01.28-21.41.34:937][300]LogModuleManager: Shutting down and abandoning module MovieSceneTracks (352)
[2018.01.28-21.41.34:937][300]LogModuleManager: Shutting down and abandoning module MovieScene (350)
[2018.01.28-21.41.34:937][300]LogModuleManager: Shutting down and abandoning module Niagara (348)
[2018.01.28-21.41.34:937][300]LogModuleManager: Shutting down and abandoning module NiagaraEditor (347)
[2018.01.28-21.41.35:106][300]LogModuleManager: Shutting down and abandoning module StreamingPauseRendering (344)
[2018.01.28-21.41.35:106][300]LogModuleManager: Shutting down and abandoning module AnalyticsET (342)
[2018.01.28-21.41.35:107][300]LogModuleManager: Shutting down and abandoning module PortalServices (340)
[2018.01.28-21.41.35:107][300]LogModuleManager: Shutting down and abandoning module PortalRpc (338)
[2018.01.28-21.41.35:107][300]LogModuleManager: Shutting down and abandoning module MessagingRpc (336)
[2018.01.28-21.41.35:107][300]LogModuleManager: Shutting down and abandoning module AIModule (334)
[2018.01.28-21.41.35:107][300]LogModuleManager: Shutting down and abandoning module GameplayDebugger (333)
[2018.01.28-21.41.35:107][300]LogModuleManager: Shutting down and abandoning module AITestSuite (331)
[2018.01.28-21.41.35:137][300]LogModuleManager: Shutting down and abandoning module ProfilerService (328)
[2018.01.28-21.41.35:322][300]LogModuleManager: Shutting down and abandoning module TaskGraph (326)
[2018.01.28-21.41.35:345][300]LogModuleManager: Shutting down and abandoning module SteamVRController (324)
[2018.01.28-21.41.35:345][300]LogModuleManager: Shutting down and abandoning module SteamVR (322)
[2018.01.28-21.41.35:345][300]LogModuleManager: Shutting down and abandoning module ProceduralMeshComponentEditor (320)
[2018.01.28-21.41.35:370][300]LogModuleManager: Shutting down and abandoning module ProceduralMeshComponent (318)
[2018.01.28-21.41.35:378][300]LogModuleManager: Shutting down and abandoning module OculusLibrary (316)
[2018.01.28-21.41.35:378][300]LogModuleManager: Shutting down and abandoning module OculusInput (314)
[2018.01.28-21.41.35:378][300]LogModuleManager: Shutting down and abandoning module MobilePatchingUtils (312)
[2018.01.28-21.41.35:378][300]LogModuleManager: Shutting down and abandoning module CustomMeshComponent (310)
[2018.01.28-21.41.35:378][300]LogModuleManager: Shutting down and abandoning module CableComponent (308)
[2018.01.28-21.41.35:389][300]LogModuleManager: Shutting down and abandoning module ArchVisCharacter (306)
[2018.01.28-21.41.35:389][300]LogModuleManager: Shutting down and abandoning module AndroidPermission (304)
[2018.01.28-21.41.35:389][300]LogModuleManager: Shutting down and abandoning module MediaPlayerEditor (300)
[2018.01.28-21.41.35:498][300]LogModuleManager: Shutting down and abandoning module HTML5Networking (298)
[2018.01.28-21.41.35:498][300]LogModuleManager: Shutting down and abandoning module AlembicImporter (296)
[2018.01.28-21.41.35:547][300]LogModuleManager: Shutting down and abandoning module AlembicLibrary (295)
[2018.01.28-21.41.35:547][300]LogModuleManager: Shutting down and abandoning module GeometryCache (294)
[2018.01.28-21.41.35:557][300]LogModuleManager: Shutting down and abandoning module GeometryCacheEd (293)
[2018.01.28-21.41.35:558][300]LogModuleManager: Shutting down and abandoning module SuperSearchEditor (288)
[2018.01.28-21.41.35:558][300]LogModuleManager: Shutting down and abandoning module SuperSearch (287)
[2018.01.28-21.41.35:558][300]LogModuleManager: Shutting down and abandoning module SpeedTreeImporter (284)
[2018.01.28-21.41.35:558][300]LogModuleManager: Shutting down and abandoning module PluginBrowser (282)
[2018.01.28-21.41.35:610][300]LogModuleManager: Shutting down and abandoning module MobileLauncherProfileWizard (280)
[2018.01.28-21.41.35:742][300]LogModuleManager: Shutting down and abandoning module VisualStudioSourceCodeAccess (278)
[2018.01.28-21.41.35:742][300]LogModuleManager: Shutting down and abandoning module DesktopPlatform (277)
[2018.01.28-21.41.35:742][300]LogModuleManager: Shutting down and abandoning module UObjectPlugin (274)
[2018.01.28-21.41.35:742][300]LogModuleManager: Shutting down and abandoning module SubversionSourceControl (272)
[2018.01.28-21.41.35:938][300]LogModuleManager: Shutting down and abandoning module PerforceSourceControl (270)
[2018.01.28-21.41.35:988][300]LogModuleManager: Shutting down and abandoning module GitSourceControl (268)
[2018.01.28-21.41.35:998][300]LogModuleManager: Shutting down and abandoning module SourceControl (267)
[2018.01.28-21.41.36:016][300]LogModuleManager: Shutting down and abandoning module LightPropagationVolumeEditor (264)
[2018.01.28-21.41.36:016][300]LogModuleManager: Shutting down and abandoning module PaperTiledImporter (262)
[2018.01.28-21.41.36:016][300]LogModuleManager: Shutting down and abandoning module PaperSpriteSheetImporter (260)
[2018.01.28-21.41.36:016][300]LogModuleManager: Shutting down and abandoning module Paper2DEditor (258)
[2018.01.28-21.41.36:062][300]LogModuleManager: Shutting down and abandoning module MeshPaint (257)
[2018.01.28-21.41.36:071][300]LogModuleManager: Shutting down and abandoning module LevelEditor (255)
[2018.01.28-21.41.36:110][300]LogModuleManager: Shutting down and abandoning module PixelInspectorModule (254)
[2018.01.28-21.41.36:165][300]LogModuleManager: Shutting down and abandoning module MainFrame (252)
[2018.01.28-21.41.36:172][300]LogModuleManager: Shutting down and abandoning module HotReload (251)
[2018.01.28-21.41.36:216][300]LogModuleManager: Shutting down and abandoning module PhysXVehiclesEditor (246)
[2018.01.28-21.41.36:256][300]LogModuleManager: Shutting down and abandoning module PhysXVehicles (244)
[2018.01.28-21.41.36:256][300]LogModuleManager: Shutting down and abandoning module LocationServicesBPLibrary (242)
[2018.01.28-21.41.36:256][300]LogModuleManager: Shutting down and abandoning module ImmediatePhysicsEditor (240)
[2018.01.28-21.41.36:256][300]LogModuleManager: Shutting down and abandoning module ImmediatePhysics (238)
[2018.01.28-21.41.36:262][300]LogModuleManager: Shutting down and abandoning module UdpMessaging (236)
[2018.01.28-21.41.36:363][300]LogModuleManager: Shutting down and abandoning module TcpMessaging (234)
[2018.01.28-21.41.36:481][300]LogModuleManager: Shutting down and abandoning module GameplayTagsEditor (232)
[2018.01.28-21.41.36:532][300]LogModuleManager: Shutting down and abandoning module FacialAnimationEditor (230)
[2018.01.28-21.41.36:549][300]LogModuleManager: Shutting down and abandoning module FacialAnimation (228)
[2018.01.28-21.41.36:549][300]LogModuleManager: Shutting down and abandoning module AssetManagerEditor (226)
[2018.01.28-21.41.36:569][300]LogModuleManager: Shutting down and abandoning module GraphEditor (225)
[2018.01.28-21.41.36:569][300]LogModuleManager: Shutting down and abandoning module ContentBrowser (223)
[2018.01.28-21.41.36:572][300]LogModuleManager: Shutting down and abandoning module LightPropagationVolumeRuntime (220)
[2018.01.28-21.41.36:572][300]LogModuleManager: Shutting down and abandoning module Paper2D (218)
[2018.01.28-21.41.36:583][300]LogModuleManager: Shutting down and abandoning module WindowsMoviePlayer (216)
[2018.01.28-21.41.36:583][300]LogModuleManager: Shutting down and abandoning module WmfMedia (214)
[2018.01.28-21.41.36:598][300]LogModuleManager: Shutting down and abandoning module ClothingSystemEditor (212)
[2018.01.28-21.41.36:598][300]LogModuleManager: Shutting down and abandoning module ClothingSystemRuntime (210)
[2018.01.28-21.41.36:613][300]LogModuleManager: Shutting down and abandoning module MediaAssets (208)
[2018.01.28-21.41.36:613][300]LogModuleManager: Shutting down and abandoning module GameLiveStreaming (206)
[2018.01.28-21.41.36:613][300]LogModuleManager: Shutting down and abandoning module VREditor (204)
[2018.01.28-21.41.36:630][300]LogModuleManager: Shutting down and abandoning module StringTableEditor (202)
[2018.01.28-21.41.36:644][300]LogModuleManager: Shutting down and abandoning module GameplayTasksEditor (200)
[2018.01.28-21.41.36:644][300]LogModuleManager: Shutting down and abandoning module BehaviorTreeEditor (198)
[2018.01.28-21.41.36:686][300]LogModuleManager: Shutting down and abandoning module FunctionalTesting (196)
[2018.01.28-21.41.36:686][300]LogModuleManager: Shutting down and abandoning module CollisionAnalyzer (194)
[2018.01.28-21.41.36:707][300]LogModuleManager: Shutting down and abandoning module UMG (192)
[2018.01.28-21.41.36:719][300]LogModuleManager: Shutting down and abandoning module UMGEditor (191)
[2018.01.28-21.41.36:719][300]LogModuleManager: Shutting down and abandoning module Sequencer (190)
[2018.01.28-21.41.36:719][300]LogModuleManager: Shutting down and abandoning module AssetTools (188)
[2018.01.28-21.41.36:764][300]LogModuleManager: Shutting down and abandoning module MessageLog (187)
[2018.01.28-21.41.36:764][300]LogModuleManager: Shutting down and abandoning module WorkspaceMenuStructure (186)
[2018.01.28-21.41.36:765][300]LogModuleManager: Shutting down and abandoning module SlateReflector (180)
[2018.01.28-21.41.36:793][300]LogModuleManager: Shutting down and abandoning module Slate (178)
[2018.01.28-21.41.36:793][300]LogModuleManager: Shutting down and abandoning module EditorStyle (176)
[2018.01.28-21.41.36:803][300]LogModuleManager: Shutting down and abandoning module SourceCodeAccess (174)
[2018.01.28-21.41.36:803][300]LogModuleManager: Shutting down and abandoning module HeadMountedDisplay (172)
[2018.01.28-21.41.36:804][300]LogModuleManager: Shutting down and abandoning module XAudio2 (170)
[2018.01.28-21.41.36:804][300]LogModuleManager: Shutting down and abandoning module Networking (168)
[2018.01.28-21.41.36:804][300]LogModuleManager: Shutting down and abandoning module Core (164)
[2018.01.28-21.41.36:804][300]LogModuleManager: Shutting down and abandoning module AssetRegistry (162)
[2018.01.28-21.41.37:040][300]LogDirectoryWatcher: A directory notification for '../../../Engine/Content/' was aborted.
[2018.01.28-21.41.37:040][300]LogDirectoryWatcher: A directory notification for 'C:/Users/Admin/Documents/Unreal Projects/PGK/Content/' was aborted.
[2018.01.28-21.41.37:040][300]LogDirectoryWatcher: A directory notification for '../../../Engine/Plugins/2D/Paper2D/Content/' was aborted.
[2018.01.28-21.41.37:040][300]LogDirectoryWatcher: A directory notification for '../../../Engine/Plugins/Runtime/GearVR/Content/' was aborted.
[2018.01.28-21.41.37:068][300]LogModuleManager: Shutting down and abandoning module DirectoryWatcher (161)
[2018.01.28-21.41.37:074][300]LogModuleManager: Shutting down and abandoning module KismetCompiler (158)
[2018.01.28-21.41.37:074][300]LogModuleManager: Shutting down and abandoning module LevelSequence (156)
[2018.01.28-21.41.37:074][300]LogModuleManager: Shutting down and abandoning module PhysXFormats (154)
[2018.01.28-21.41.37:074][300]LogModuleManager: Shutting down and abandoning module MeshUtilities (152)
[2018.01.28-21.41.37:181][300]LogModuleManager: Shutting down and abandoning module SimplygonSwarm (151)
[2018.01.28-21.41.37:218][300]LogModuleManager: Shutting down and abandoning module SimplygonMeshReduction (149)
[2018.01.28-21.41.37:218][300]LogModuleManager: Shutting down and abandoning module QuadricMeshReduction (147)
[2018.01.28-21.41.37:247][300]LogModuleManager: Shutting down and abandoning module DerivedDataCache (144)
[2018.01.28-21.41.37:332][300]LogDerivedDataCache: Shutdown
[2018.01.28-21.41.37:332][300]LogModuleManager: Shutting down and abandoning module TargetPlatform (142)
[2018.01.28-21.41.37:332][300]LogModuleManager: Shutting down and abandoning module VulkanShaderFormat (141)
[2018.01.28-21.41.37:376][300]LogModuleManager: Shutting down and abandoning module ShaderFormatVectorVM (139)
[2018.01.28-21.41.37:386][300]LogModuleManager: Shutting down and abandoning module ShaderFormatOpenGL (137)
[2018.01.28-21.41.37:396][300]LogModuleManager: Shutting down and abandoning module ShaderFormatD3D (135)
[2018.01.28-21.41.37:405][300]LogModuleManager: Shutting down and abandoning module MetalShaderFormat (133)
[2018.01.28-21.41.37:431][300]LogModuleManager: Shutting down and abandoning module TextureFormatUncompressed (131)
[2018.01.28-21.41.37:431][300]LogModuleManager: Shutting down and abandoning module TextureFormatPVR (129)
[2018.01.28-21.41.37:431][300]LogModuleManager: Shutting down and abandoning module TextureFormatDXT (127)
[2018.01.28-21.41.37:444][300]LogModuleManager: Shutting down and abandoning module TextureFormatIntelISPCTexComp (125)
[2018.01.28-21.41.37:462][300]LogModuleManager: Shutting down and abandoning module TextureFormatASTC (123)
[2018.01.28-21.41.37:462][300]LogModuleManager: Shutting down and abandoning module ImageWrapper (122)
[2018.01.28-21.41.37:462][300]LogModuleManager: Shutting down and abandoning module TextureFormatAndroid (119)
[2018.01.28-21.41.37:462][300]LogModuleManager: Shutting down and abandoning module AudioFormatOpus (117)
[2018.01.28-21.41.37:462][300]LogModuleManager: Shutting down and abandoning module AudioFormatOgg (115)
[2018.01.28-21.41.37:462][300]LogModuleManager: Shutting down and abandoning module AudioFormatADPCM (113)
[2018.01.28-21.41.37:462][300]LogModuleManager: Shutting down and abandoning module LinuxTargetPlatform (111)
[2018.01.28-21.41.37:462][300]LogModuleManager: Shutting down and abandoning module LinuxServerTargetPlatform (109)
[2018.01.28-21.41.37:462][300]LogModuleManager: Shutting down and abandoning module LinuxNoEditorTargetPlatform (107)
[2018.01.28-21.41.37:462][300]LogModuleManager: Shutting down and abandoning module LinuxClientTargetPlatform (105)
[2018.01.28-21.41.37:463][300]LogModuleManager: Shutting down and abandoning module TVOSTargetPlatform (103)
[2018.01.28-21.41.37:463][300]LogModuleManager: Shutting down and abandoning module Messaging (101)
[2018.01.28-21.41.37:464][300]LogModuleManager: Shutting down and abandoning module IOSTargetPlatform (99)
[2018.01.28-21.41.37:464][300]LogModuleManager: Shutting down and abandoning module HTML5TargetPlatform (97)
[2018.01.28-21.41.37:464][300]LogModuleManager: Shutting down and abandoning module Android_PVRTCTargetPlatform (95)
[2018.01.28-21.41.37:488][300]LogModuleManager: Shutting down and abandoning module Android_MultiTargetPlatform (93)
[2018.01.28-21.41.37:488][300]LogModuleManager: Shutting down and abandoning module Android_ETC2TargetPlatform (91)
[2018.01.28-21.41.37:495][300]LogModuleManager: Shutting down and abandoning module Android_ETC1TargetPlatform (89)
[2018.01.28-21.41.37:499][300]LogModuleManager: Shutting down and abandoning module Android_DXTTargetPlatform (87)
[2018.01.28-21.41.37:508][300]LogModuleManager: Shutting down and abandoning module Android_ATCTargetPlatform (85)
[2018.01.28-21.41.37:517][300]LogModuleManager: Shutting down and abandoning module Android_ASTCTargetPlatform (83)
[2018.01.28-21.41.37:517][300]LogModuleManager: Shutting down and abandoning module AndroidTargetPlatform (81)
[2018.01.28-21.41.37:528][300]LogModuleManager: Shutting down and abandoning module WindowsTargetPlatform (79)
[2018.01.28-21.41.37:528][300]LogModuleManager: Shutting down and abandoning module WindowsServerTargetPlatform (77)
[2018.01.28-21.41.37:528][300]LogModuleManager: Shutting down and abandoning module WindowsNoEditorTargetPlatform (75)
[2018.01.28-21.41.37:528][300]LogModuleManager: Shutting down and abandoning module WindowsClientTargetPlatform (73)
[2018.01.28-21.41.37:529][300]LogModuleManager: Shutting down and abandoning module MacTargetPlatform (71)
[2018.01.28-21.41.37:530][300]LogModuleManager: Shutting down and abandoning module MacServerTargetPlatform (69)
[2018.01.28-21.41.37:531][300]LogModuleManager: Shutting down and abandoning module MacNoEditorTargetPlatform (67)
[2018.01.28-21.41.37:531][300]LogModuleManager: Shutting down and abandoning module MacClientTargetPlatform (65)
[2018.01.28-21.41.37:531][300]LogModuleManager: Shutting down and abandoning module AllDesktopTargetPlatform (63)
[2018.01.28-21.41.37:531][300]LogModuleManager: Shutting down and abandoning module InputCore (60)
[2018.01.28-21.41.37:531][300]LogModuleManager: Shutting down and abandoning module Settings (58)
[2018.01.28-21.41.37:532][300]LogModuleManager: Shutting down and abandoning module OculusRift (56)
[2018.01.28-21.41.37:550][300]LogModuleManager: Shutting down and abandoning module GearVRController (54)
[2018.01.28-21.41.37:550][300]LogModuleManager: Shutting down and abandoning module GearVR (52)
[2018.01.28-21.41.37:565][300]LogModuleManager: Shutting down and abandoning module ExampleDeviceProfileSelector (50)
[2018.01.28-21.41.37:565][300]LogModuleManager: Shutting down and abandoning module OnlineBlueprintSupport (48)
[2018.01.28-21.41.37:566][300]LogModuleManager: Shutting down and abandoning module OnlineSubsystem (44)
[2018.01.28-21.41.37:566][300]LogOnline:Display: Unloading online subsystem: NULL
[2018.01.28-21.41.37:588][300]LogModuleManager: Shutting down and abandoning module XMPP (43)
[2018.01.28-21.41.37:602][300]LogModuleManager: Shutting down and abandoning module HTTP (41)
[2018.01.28-21.41.37:602][300]LogHttp:Display: Http module shutting down, but needs to wait on 1 outstanding Http requests:
[2018.01.28-21.41.37:609][300]LogHttp:Display: 	verb=[POST] url=[https://datarouter.ol.epicgames.com/datarouter/api/v1/public/data?SessionID=%7BD7FECF22-4110-E853-0E67-FB90601A18D7%7D&AppID=UEEditor.Rocket.Release&AppVersion=4.16.3-3561208%2B%2B%2BUE4%2BRelease-4.16&UserID=3335ecca42dc15c098265983edcce94e%7C10f31e859aec4f3697349fedfddfe259%7C766776b7-fdcb-4773-a2bb-0cbcbf3934af&AppEnvironment=datacollector-binary&UploadType=eteventstream] status=Processing
[2018.01.28-21.41.37:641][300]LogModuleManager: Shutting down and abandoning module SSL (40)
[2018.01.28-21.41.37:677][300]LogModuleManager: Shutting down and abandoning module HTTPChunkInstaller (36)
[2018.01.28-21.41.37:694][300]LogModuleManager: Shutting down and abandoning module AnimationModifiers (34)
[2018.01.28-21.41.37:709][300]LogModuleManager: Shutting down and abandoning module PropertyEditor (33)
[2018.01.28-21.41.37:709][300]LogModuleManager: Shutting down and abandoning module AudioEditor (30)
[2018.01.28-21.41.37:735][300]LogModuleManager: Shutting down and abandoning module TextureCompressor (28)
[2018.01.28-21.41.37:744][300]LogModuleManager: Shutting down and abandoning module ShaderCore (26)
[2018.01.28-21.41.37:744][300]LogModuleManager: Shutting down and abandoning module Landscape (24)
[2018.01.28-21.41.37:744][300]LogModuleManager: Shutting down and abandoning module SlateRHIRenderer (22)
[2018.01.28-21.41.37:776][300]LogModuleManager: Shutting down and abandoning module OpenGLDrv (20)
[2018.01.28-21.41.37:798][300]LogModuleManager: Shutting down and abandoning module D3D11RHI (18)
[2018.01.28-21.41.37:798][300]LogModuleManager: Shutting down and abandoning module AnimGraphRuntime (16)
[2018.01.28-21.41.37:803][300]LogModuleManager: Shutting down and abandoning module Renderer (14)
[2018.01.28-21.41.37:803][300]LogModuleManager: Shutting down and abandoning module Engine (12)
[2018.01.28-21.41.37:803][300]LogModuleManager: Shutting down and abandoning module CoreUObject (10)
[2018.01.28-21.41.37:803][300]LogModuleManager: Shutting down and abandoning module NetworkFile (8)
[2018.01.28-21.41.37:830][300]LogModuleManager: Shutting down and abandoning module StreamingFile (6)
[2018.01.28-21.41.37:842][300]LogModuleManager: Shutting down and abandoning module SandboxFile (4)
[2018.01.28-21.41.37:842][300]LogModuleManager: Shutting down and abandoning module PakFile (2)
[2018.01.28-21.41.37:864][300]LogExit: Exiting.
[2018.01.28-21.41.37:920][300]Log file closed, 01/28/18 22:41:37
