Log file open, 01/05/18 11:56:41
LogInit:Display: Running engine for game: PGK
LogPlatformFile: Not using cached read wrapper
LogInit:Display: RandInit(147404436) SRandInit(147404436).
LogTaskGraph: Started task graph with 5 named threads and 8 total threads with 1 sets of task threads.
LogStats: Stats thread started at 0.107821
LogInit: Using libcurl 7.47.1
LogInit:  - built for x86_64-pc-win32
LogInit:  - supports SSL with OpenSSL/1.0.2g
LogInit:  - supports HTTP deflate (compression) using libz 1.2.8
LogInit:  - other features:
LogInit:      CURL_VERSION_SSL
LogInit:      CURL_VERSION_LIBZ
LogInit:      CURL_VERSION_IPV6
LogInit:      CURL_VERSION_ASYNCHDNS
LogInit:      CURL_VERSION_LARGEFILE
LogInit:      CURL_VERSION_IDN
LogInit:  CurlRequestOptions (configurable via config and command line):
LogInit:  - bVerifyPeer = false  - Libcurl will NOT verify peer certificate
LogInit:  - bUseHttpProxy = false  - Libcurl will NOT use HTTP proxy
LogInit:  - bDontReuseConnections = false  - Libcurl will reuse connections
LogInit:  - CertBundlePath = nullptr  - Libcurl will use whatever was configured at build time.
LogInit: Build: ++UE4+Release-4.16-CL-3561208
LogInit: Engine Version: 4.16.3-3561208+++UE4+Release-4.16
LogInit: Compatible Engine Version: 4.16.0-3452394+++UE4+Release-4.16
LogInit: Net CL: 3452394
LogDevObjectVersion: Number of dev versions registered: 16
LogDevObjectVersion:   Dev-Blueprints (B0D832E4-1F89-4F0D-ACCF-7EB736FD4AA2): 9
LogDevObjectVersion:   Dev-Build (E1C64328-A22C-4D53-A36C-8E866417BD8C): 0
LogDevObjectVersion:   Dev-Core (375EC13C-06E4-48FB-B500-84F0262A717E): 2
LogDevObjectVersion:   Dev-Editor (E4B068ED-F494-42E9-A231-DA0B2E46BB41): 17
LogDevObjectVersion:   Dev-Framework (CFFC743F-43B0-4480-9391-14DF171D2073): 23
LogDevObjectVersion:   Dev-Mobile (B02B49B5-BB20-44E9-A304-32B752E40360): 0
LogDevObjectVersion:   Dev-Networking (A4E4105C-59A1-49B5-A7C5-40C4547EDFEE): 0
LogDevObjectVersion:   Dev-Online (39C831C9-5AE6-47DC-9A44-9C173E1C8E7C): 0
LogDevObjectVersion:   Dev-Physics (78F01B33-EBEA-4F98-B9B4-84EACCB95AA2): 0
LogDevObjectVersion:   Dev-Platform (6631380F-2D4D-43E0-8009-CF276956A95A): 0
LogDevObjectVersion:   Dev-Rendering (12F88B9F-8875-4AFC-A67C-D90C383ABD29): 15
LogDevObjectVersion:   Dev-Sequencer (7B5AE74C-D270-4C10-A958-57980B212A5A): 4
LogDevObjectVersion:   Dev-VR (D7296918-1DD6-4BDD-9DE2-64A83CC13884): 0
LogDevObjectVersion:   Dev-LoadTimes (C2A15278-BFE7-4AFE-6C17-90FF531DF755): 1
LogDevObjectVersion:   Private-Geometry (6EACA3D4-40EC-4CC1-B786-8BED09428FC5): 1
LogDevObjectVersion:   Dev-AnimPhys (29E575DD-E0A3-4627-9D10-D276232CDCEA): 3
LogInit: Compiled (64-bit): Jul 28 2017 11:49:47
LogInit: Compiled with Visual C++: 19.00.24215.01
LogInit: Build Configuration: Development
LogInit: Branch Name: ++UE4+Release-4.16
LogInit: Command line: -EpicPortal 
LogInit: Base directory: P:/silnik/UE_4.16/Engine/Binaries/Win64/
LogInit: Installed Engine Build: 1
LogInit: Presizing for max 8388607 objects, including 0 objects not considered by GC, pre-allocating 0 bytes for permanent pool.
LogInit: Object subsystem initialized
[2018.01.05-10.56.41:564][  0]LogInit: Selected Device Profile: [Windows]
[2018.01.05-10.56.41:564][  0]LogInit: Applying CVar settings loaded from the selected device profile: [Windows]
[2018.01.05-10.56.41:608][  0]LogInit: Computer: GROBKOMP
[2018.01.05-10.56.41:608][  0]LogInit: User: Robert
[2018.01.05-10.56.41:608][  0]LogInit: CPU Page size=4096, Cores=4
[2018.01.05-10.56.41:608][  0]LogInit: High frequency timer resolution =2.249998 MHz
[2018.01.05-10.56.41:608][  0]LogMemory: Memory total: Physical=7.9GB (8GB approx)
[2018.01.05-10.56.41:608][  0]LogMemory: Platform Memory Stats for Windows
[2018.01.05-10.56.41:608][  0]LogMemory: Process Physical Memory: 275.86 MB used, 275.86 MB peak
[2018.01.05-10.56.41:608][  0]LogMemory: Process Virtual Memory: 266.82 MB used, 266.82 MB peak
[2018.01.05-10.56.41:608][  0]LogMemory: Physical Memory: 5345.66 MB used,  2764.55 MB free, 8110.20 MB total
[2018.01.05-10.56.41:608][  0]LogMemory: Virtual Memory: 663.04 MB used,  2764.55 MB free, 134217728.00 MB total
[2018.01.05-10.56.41:674][  0]LogInit: Using OS detected language (pl-PL).
[2018.01.05-10.56.41:674][  0]LogInit: Using OS detected locale (pl-PL).
[2018.01.05-10.56.41:677][  0]LogTextLocalizationManager: No localization for 'pl-PL' exists, so 'en' will be used for the language.
[2018.01.05-10.56.41:678][  0]LogTextLocalizationManager: No localization for 'pl-PL' exists, so 'en' will be used for the locale.
[2018.01.05-10.56.42:825][  0]LogD3D11RHI: D3D11 adapters:
[2018.01.05-10.56.43:556][  0]LogD3D11RHI:    0. 'NVIDIA GeForce GTX 960M' (Feature Level 11_0)
[2018.01.05-10.56.43:556][  0]LogD3D11RHI:       2017/0/4055 MB DedicatedVideo/DedicatedSystem/SharedSystem, Outputs:1, VendorId:0x10de
[2018.01.05-10.56.43:567][  0]LogD3D11RHI:    1. 'Intel(R) HD Graphics 530' (Feature Level 11_0)
[2018.01.05-10.56.43:567][  0]LogD3D11RHI:       128/0/4055 MB DedicatedVideo/DedicatedSystem/SharedSystem, Outputs:0, VendorId:0x8086
[2018.01.05-10.56.43:569][  0]LogD3D11RHI:    2. 'Microsoft Basic Render Driver' (Feature Level 11_0)
[2018.01.05-10.56.43:569][  0]LogD3D11RHI:       0/0/4055 MB DedicatedVideo/DedicatedSystem/SharedSystem, Outputs:0, VendorId:0x1414
[2018.01.05-10.56.43:569][  0]LogD3D11RHI: Chosen D3D11 Adapter: 0
[2018.01.05-10.56.43:575][  0]LogD3D11RHI: Creating new Direct3DDevice
[2018.01.05-10.56.43:575][  0]LogD3D11RHI:     GPU DeviceId: 0x139b (for the marketing name, search the web for "GPU Device Id")
[2018.01.05-10.56.43:575][  0]LogWindows: EnumDisplayDevices:
[2018.01.05-10.56.43:575][  0]LogWindows:    0. 'Intel(R) HD Graphics 530' (P:1 D:1)
[2018.01.05-10.56.43:575][  0]LogWindows:    1. 'Intel(R) HD Graphics 530' (P:0 D:0)
[2018.01.05-10.56.43:575][  0]LogWindows:    2. 'Intel(R) HD Graphics 530' (P:0 D:0)
[2018.01.05-10.56.43:575][  0]LogWindows:    3. 'NVIDIA GeForce GTX 960M' (P:0 D:0)
[2018.01.05-10.56.43:575][  0]LogWindows:    4. 'NVIDIA GeForce GTX 960M' (P:0 D:0)
[2018.01.05-10.56.43:576][  0]LogWindows:    5. 'NVIDIA GeForce GTX 960M' (P:0 D:0)
[2018.01.05-10.56.43:576][  0]LogWindows:    6. 'NVIDIA GeForce GTX 960M' (P:0 D:0)
[2018.01.05-10.56.43:576][  0]LogWindows: DebugString: GetVideoDriverDetailsInvalid PrimaryIsNotTheChoosenAdapter GetVideoDriverDetailsInvalid PrimaryIsNotTheChoosenAdapter GetVideoDriverDetailsInvalid PrimaryIsNotTheChoosenAdapter GetVideoDriverDetailsInvalid PrimaryIsNotTheChoosenAdapter GetVideoDriverDetailsInvalid PrimaryIsNotTheChoosenAdapter GetVideoDriverDetailsInvalid PrimaryIsNotTheChoosenAdapter GetVideoDriverDetailsInvalid PrimaryIsNotTheChoosenAdapter FoundDriverCount:0 
[2018.01.05-10.56.43:576][  0]LogD3D11RHI:     Adapter Name: NVIDIA GeForce GTX 960M
[2018.01.05-10.56.43:576][  0]LogD3D11RHI:   Driver Version: Unknown (internal:Unknown, unified:Unknown)
[2018.01.05-10.56.43:576][  0]LogD3D11RHI:      Driver Date: Unknown
[2018.01.05-10.56.43:576][  0]LogRHI: Texture pool is 1361 MB (70% of 1945 MB)
[2018.01.05-10.56.44:290][  0]LogD3D11RHI: Async texture creation enabled
[2018.01.05-10.56.44:841][  0]LogD3D11RHI: GPU Timing Frequency: 1000.000000 (Debug: 2 1)
[2018.01.05-10.56.44:844][  0]LogShaderCompilers: Guid format shader working directory is 32 characters bigger than the processId version (I:/Projekt/PGK/Intermediate/Shaders/WorkingDirectory/11244/).
[2018.01.05-10.56.44:844][  0]LogShaderCompilers: Cleaned the shader compiler working directory 'C:/Users/Robert/AppData/Local/Temp/UnrealShaderWorkingDir/52B9DA1B4E8903CBA0E60CA2F1E38745/'.
[2018.01.05-10.56.44:844][  0]LogShaderCompilers:Display: Using Local Shader Compiler.
[2018.01.05-10.56.46:509][  0]LogTemp:Display: Loaded TP AllDesktopTargetPlatform
[2018.01.05-10.56.46:559][  0]LogTemp:Display: Loaded TP MacClientTargetPlatform
[2018.01.05-10.56.46:609][  0]LogTemp:Display: Loaded TP MacNoEditorTargetPlatform
[2018.01.05-10.56.46:658][  0]LogTemp:Display: Loaded TP MacServerTargetPlatform
[2018.01.05-10.56.46:711][  0]LogTemp:Display: Loaded TP MacTargetPlatform
[2018.01.05-10.56.46:763][  0]LogTemp:Display: Loaded TP WindowsClientTargetPlatform
[2018.01.05-10.56.46:813][  0]LogTemp:Display: Loaded TP WindowsNoEditorTargetPlatform
[2018.01.05-10.56.46:869][  0]LogTemp:Display: Loaded TP WindowsServerTargetPlatform
[2018.01.05-10.56.46:912][  0]LogTemp:Display: Loaded TP WindowsTargetPlatform
[2018.01.05-10.56.46:958][  0]LogTemp:Display: Loaded TP AndroidTargetPlatform
[2018.01.05-10.56.47:005][  0]LogTemp:Display: Loaded TP Android_ASTCTargetPlatform
[2018.01.05-10.56.47:053][  0]LogTemp:Display: Loaded TP Android_ATCTargetPlatform
[2018.01.05-10.56.47:100][  0]LogTemp:Display: Loaded TP Android_DXTTargetPlatform
[2018.01.05-10.56.47:148][  0]LogTemp:Display: Loaded TP Android_ETC1TargetPlatform
[2018.01.05-10.56.47:196][  0]LogTemp:Display: Loaded TP Android_ETC2TargetPlatform
[2018.01.05-10.56.47:289][  0]LogTemp:Display: Loaded TP Android_MultiTargetPlatform
[2018.01.05-10.56.47:289][  0]LogTemp:Display: Loaded TP Android_PVRTCTargetPlatform
[2018.01.05-10.56.47:328][  0]LogTemp:Display: Loaded TP HTML5TargetPlatform
[2018.01.05-10.56.47:418][  0]LogTemp:Display: Loaded TP IOSTargetPlatform
[2018.01.05-10.56.47:459][  0]LogTemp:Display: Loaded TP TVOSTargetPlatform
[2018.01.05-10.56.47:525][  0]LogTemp:Display: Loaded TP LinuxClientTargetPlatform
[2018.01.05-10.56.47:586][  0]LogTemp:Display: Loaded TP LinuxNoEditorTargetPlatform
[2018.01.05-10.56.47:634][  0]LogTemp:Display: Loaded TP LinuxServerTargetPlatform
[2018.01.05-10.56.47:682][  0]LogTemp:Display: Loaded TP LinuxTargetPlatform
[2018.01.05-10.56.47:682][  0]LogTargetPlatformManager:Display: Building Assets For Windows
[2018.01.05-10.56.48:165][  0]LogDerivedDataCache:Display: Max Cache Size: 512 MB
[2018.01.05-10.56.48:331][  0]LogDerivedDataCache: Loaded boot cache 0.17s 99MB C:/Users/Robert/AppData/Local/UnrealEngine/4.16/DerivedDataCache/Boot.ddc.
[2018.01.05-10.56.48:331][  0]LogDerivedDataCache:Display: Loaded Boot cache: C:/Users/Robert/AppData/Local/UnrealEngine/4.16/DerivedDataCache/Boot.ddc
[2018.01.05-10.56.48:331][  0]LogDerivedDataCache: FDerivedDataBackendGraph:  Pak pak cache file I:/Projekt/PGK/DerivedDataCache/DDC.ddp not found, will not use a pak cache.
[2018.01.05-10.56.48:331][  0]LogDerivedDataCache: Unable to find inner node Pak for hierarchical cache Hierarchy.
[2018.01.05-10.56.48:331][  0]LogDerivedDataCache: FDerivedDataBackendGraph:  CompressedPak pak cache file I:/Projekt/PGK/DerivedDataCache/Compressed.ddp not found, will not use a pak cache.
[2018.01.05-10.56.48:331][  0]LogDerivedDataCache: Unable to find inner node CompressedPak for hierarchical cache Hierarchy.
[2018.01.05-10.56.48:353][  0]LogDerivedDataCache:Display: Pak cache opened for reading ../../../Engine/DerivedDataCache/Compressed.ddp.
[2018.01.05-10.56.48:366][  0]LogDerivedDataCache: Using Local data cache path C:/Users/Robert/AppData/Local/UnrealEngine/Common/DerivedDataCache: Writable
[2018.01.05-10.56.48:384][  0]LogMaterial: Verifying Global Shaders for PCD3D_SM5
[2018.01.05-10.56.48:385][  0]LogSlate: Using Freetype 2.6.0
[2018.01.05-10.56.48:385][  0]LogSlate: SlateFontCache - WITH_FREETYPE: 1, WITH_HARFBUZZ: 1
[2018.01.05-10.56.48:385][  0]LogSlate: SlateFontCache - WITH_FREETYPE: 1, WITH_HARFBUZZ: 1
[2018.01.05-10.56.48:795][  0]LogInit: Selected Device Profile: [Windows]
[2018.01.05-10.56.48:923][  0]LogContentStreaming: Texture pool size is 0.00 MB
[2018.01.05-10.56.49:096][  0]LogMeshUtilities: Using QuadricMeshReduction for automatic static mesh reduction
[2018.01.05-10.56.49:137][  0]LogSimplygon: Simplygon DLL not present - disabling.
[2018.01.05-10.56.49:197][  0]LogMeshUtilities: Using SimplygonSwarm for distributed automatic mesh merging
[2018.01.05-10.56.49:197][  0]LogMeshUtilities: No automatic skeletal mesh reduction module available
[2018.01.05-10.56.49:197][  0]LogMeshUtilities: No automatic mesh merging module available
[2018.01.05-10.56.53:101][  0]LogNetVersion: PGK , NetCL: 3452394, EngineNetVer: 2, GameNetVer: 0 (Checksum: 3392332418)
[2018.01.05-10.56.53:314][  0]LogAssetRegistry: FAssetRegistry took 0.0315 seconds to start up
[2018.01.05-10.56.53:354][  0]LogPackageLocalizationCache: Processed 4 localized package path(s) for 1 prioritized culture(s) in 0.018211 seconds
[2018.01.05-10.56.53:365][  0]LogUObjectArray: 34194 objects as part of root set at end of initial load.
[2018.01.05-10.56.53:365][  0]LogUObjectAllocator: 7260424 out of 0 bytes used by permanent object pool.
[2018.01.05-10.56.53:365][  0]LogUObjectArray: CloseDisregardForGC: 0/0 objects in disregard for GC pool
[2018.01.05-10.56.53:427][  0]LogInit: WinSock: version 1.1 (2.2), MaxSocks=32767, MaxUdp=65467
[2018.01.05-10.56.57:993][  0]LogTcpMessaging: Initializing TcpMessaging bridge
[2018.01.05-10.56.58:033][  0]LogUdpMessaging: Initializing bridge on interface 0.0.0.0:0 to multicast group 230.0.0.1:6666.
[2018.01.05-10.56.58:891][  0]LogMaterial: Uniform references updated for custom material expression Custom.
[2018.01.05-10.56.59:483][  0]SourceControl: Info Source control is disabled
[2018.01.05-10.56.59:485][  0]SourceControl: Info Source control is disabled
[2018.01.05-10.56.59:534][  0]SourceControl: Info Source control is disabled
[2018.01.05-10.56.59:582][  0]SourceControl: Info Source control is disabled
[2018.01.05-10.57.00:286][  0]LogAndroidPermission: UAndroidPermissionCallbackProxy::GetInstance
[2018.01.05-10.57.00:906][  0]LogEngine: Initializing Engine...
[2018.01.05-10.57.00:908][  0]LogHMD: Failed to initialize OpenVR with code 110
[2018.01.05-10.57.01:227][  0]LogStats: UGameplayTagsManager::ConstructGameplayTagTree: Construct from data asset -  0.000 s
[2018.01.05-10.57.01:227][  0]LogStats: UGameplayTagsManager::ConstructGameplayTagTree: GameplayTagTreeChangedEvent.Broadcast -  0.000 s
[2018.01.05-10.57.01:426][  0]LogAIModule: Creating AISystem for world Untitled
[2018.01.05-10.57.01:436][  0]LogInit: XAudio2 using 'Głośniki (Realtek High Definition Audio)' : 2 channels at 48 kHz using 32 bits per sample (channel mask 0x3)
[2018.01.05-10.57.01:508][  0]LogInit: FAudioDevice initialized.
[2018.01.05-10.57.01:600][  0]LogDerivedDataCache: Saved boot cache 0.09s 100MB C:/Users/Robert/AppData/Local/UnrealEngine/4.16/DerivedDataCache/Boot.ddc.
[2018.01.05-10.57.01:625][  0]LogInit: Texture streaming: Enabled
[2018.01.05-10.57.01:716][  0]LogEngineSessionManager: EngineSessionManager initialized
[2018.01.05-10.57.02:381][  0]LogInit: Transaction tracking system initialized
[2018.01.05-10.57.02:741][  0]BlueprintLog: New page: Editor Load
[2018.01.05-10.57.03:683][  0]LocalizationService: Info Localization service is disabled
[2018.01.05-10.57.04:399][  0]LogConsoleResponse:Display: 
[2018.01.05-10.57.06:895][  0]LogCook:Display: Max memory allowance for cook 16384mb min free memory 0mb
[2018.01.05-10.57.06:895][  0]LogCook:Display: Mobile HDR setting 1
[2018.01.05-10.57.07:995][  0]LogFileCache: Scanning file cache for directory 'I:/Projekt/PGK/Content/' took 0.08s
[2018.01.05-10.57.10:741][  0]SourceControl: Info Source control is disabled
[2018.01.05-10.57.10:741][  0]Cmd: MAP LOAD FILE="I:/Projekt/PGK/Content/FirstPersonBP/Maps/FirstPersonExampleMap.umap" TEMPLATE=0 SHOWPROGRESS=1 FEATURELEVEL=3
[2018.01.05-10.57.10:789][  0]LightingResults: New page: Lighting Build
[2018.01.05-10.57.11:107][  0]MapCheck: New page: Map Check
[2018.01.05-10.57.11:107][  0]LightingResults: New page: Lighting Build
[2018.01.05-10.57.28:531][  0]LogMaterial: Missing cached shader map for material st_tile, compiling. 
[2018.01.05-10.57.28:598][  0]LogMaterial:Warning: Failed to compile Material /Game/import/kibel/st_tile.st_tile for platform PCD3D_SM5, Default Material will be used in game.
[2018.01.05-10.57.28:598][  0]LogMaterial:Warning: 	(Node TextureSample) TextureSample> Sampler type is Normal, should be Color for /Game/import/kibel/Dirt_map.Dirt_map
[2018.01.05-10.57.31:797][  0]LogAIModule: Creating AISystem for world FirstPersonExampleMap
[2018.01.05-10.57.34:135][  0]LogEditorServer: Finished looking for orphan Actors (0.000 secs)
[2018.01.05-10.57.34:273][  0]Cmd: MAP CHECKDEP NOCLEARLOG
[2018.01.05-10.57.34:369][  0]MapCheck: Info Map check complete: 0 Error(s), 0 Warning(s), took 96.067ms to complete.
[2018.01.05-10.57.34:369][  0]LogFileHelpers: Loading map 'FirstPersonExampleMap' took 23.628
[2018.01.05-10.57.35:744][  0]LogCollectionManager: Loaded 0 collections in 0.005485 seconds
[2018.01.05-10.57.36:062][  0]LogFileCache: Scanning file cache for directory 'I:/Projekt/PGK/Saved/Collections/' took 0.01s
[2018.01.05-10.57.36:062][  0]LogFileCache: Scanning file cache for directory 'I:/Projekt/PGK/Content/Developers/Robert/Collections/' took 0.01s
[2018.01.05-10.57.36:062][  0]LogFileCache: Scanning file cache for directory 'I:/Projekt/PGK/Content/Collections/' took 0.01s
[2018.01.05-10.57.36:062][  0]LogCollectionManager: Rebuilt the GUID cache for 0 collections in 0.000004 seconds
[2018.01.05-10.57.36:098][  0]LogContentBrowser: Native class hierarchy populated in 0.0125 seconds. Added 2329 classes and 491 folders.
[2018.01.05-10.57.36:348][  0]LogContentBrowser: Native class hierarchy updated for 'WidgetCarousel' in 0.0006 seconds. Added 0 classes and 0 folders.
[2018.01.05-10.57.37:442][  0]LogContentBrowser: Native class hierarchy updated for 'AddContentDialog' in 0.0012 seconds. Added 0 classes and 0 folders.
[2018.01.05-10.57.37:569][  0]LogContentBrowser: Native class hierarchy updated for 'SceneOutliner' in 0.0019 seconds. Added 1 classes and 2 folders.
[2018.01.05-10.57.38:367][  0]LogCrashTracker: Crashtracker disabled due to settings.
[2018.01.05-10.57.38:479][  0]LogSlate: Took 0.000517 seconds to synchronously load lazily loaded font '../../../Engine/Content/Slate/Fonts/Roboto-Regular.ttf' (155K)
[2018.01.05-10.57.38:485][  0]LogSlate: Took 0.000548 seconds to synchronously load lazily loaded font '../../../Engine/Content/Slate/Fonts/Roboto-Bold.ttf' (160K)
[2018.01.05-10.57.38:591][  0]LogSlate: Took 0.011357 seconds to synchronously load lazily loaded font '../../../Engine/Content/Editor/Slate/Fonts/FontAwesome.ttf' (139K)
[2018.01.05-10.57.39:552][  0]LogRenderer: Reallocating scene render targets to support 1180x600 NumSamples 1 (Frame:1).
[2018.01.05-10.57.41:549][  0]LogUObjectGlobals:Warning: Failed to find object 'Class None.'
[2018.01.05-10.57.41:665][  0]LogContentBrowser: Native class hierarchy updated for 'HierarchicalLODOutliner' in 0.0010 seconds. Added 1 classes and 2 folders.
[2018.01.05-10.57.41:665][  0]LogLoad: (Engine Initialization) Total time: 62.07 seconds
[2018.01.05-10.57.41:665][  0]LogLoad: (Engine Initialization) Total Blueprint compile time: 1.74 seconds
[2018.01.05-10.57.41:665][  0]LogExternalProfiler: No external profilers were discovered.  External profiling features will not be available.
[2018.01.05-10.57.41:705][  0]LogOcInput: OculusInput pre-init called
[2018.01.05-10.57.41:705][  0]LogHMD: Starting GearVRController plugin
[2018.01.05-10.57.42:342][  0]LogContentStreaming: Texture pool size now 1000 MB
[2018.01.05-10.57.43:132][  0]LogSlate: Took 0.008169 seconds to synchronously load lazily loaded font '../../../Engine/Content/Slate/Fonts/Roboto-Light.ttf' (159K)
[2018.01.05-10.57.43:152][  1]LogFileCache: Retrieving MD5 hashes for directory 'I:/Projekt/PGK/Content/' took 1.40s
[2018.01.05-10.57.44:315][  2]LogAssetRegistry: Asset discovery search completed in 51.0242 seconds
[2018.01.05-10.57.44:317][  2]LogCollectionManager: Rebuilt the object cache for 0 collections in 0.000000 seconds (found 0 objects)
[2018.01.05-10.57.44:317][  2]LogCollectionManager: Fixed up redirectors for 0 collections in 0.000033 seconds (updated 0 objects)
[2018.01.05-10.58.02:150][612]LogEditorViewport: Clicking on Actor (context menu): Landscape (Landscape1)
[2018.01.05-10.58.05:259][705]LogEditorViewport: Clicking on Actor (LMB): StaticMeshActor (SM_Rock28)
[2018.01.05-10.58.07:966][788]LogEditorViewport: Clicking on Actor (LMB): PointLight (PointLight18)
[2018.01.05-11.01.30:311][820]LogTexture:Display: Building textures: ScotsPine_01_Atlas_Tex (AutoDXT, 4096X4096)
[2018.01.05-11.01.40:290][820]LogTexture:Display: Building textures: ScotsPine_01_Atlas_Normal_Tex (BC5, 4096X4096)
[2018.01.05-11.01.43:154][820]LogTexture:Display: Building textures: ScotsPine_01_Atlas_Specular_Tex (AutoDXT, 4096X4096)
[2018.01.05-11.01.45:805][820]LogMaterial: Missing cached shader map for material ScotsPine_01_Leaves_Mat, compiling. 
[2018.01.05-11.01.46:304][820]LogTexture:Display: Building textures: T_ScotsPine_Bark_03_D_Tex (AutoDXT, 512X4096)
[2018.01.05-11.01.49:692][820]LogTexture:Display: Building textures: T_ScotsPine_Bark_03_N (BC5, 512X4096)
[2018.01.05-11.01.50:135][820]LogMaterial: Missing cached shader map for material ScotsPine_01_Fronds_Mat, compiling. 
[2018.01.05-11.01.50:893][820]LogTexture:Display: Building textures: T_ScotsPine_Bark_01_Tex (AutoDXT, 2048X4096)
[2018.01.05-11.02.05:501][820]LogTexture:Display: Building textures: T_ScotsPine_Bark_01_N_Tex (BC5, 2048X4096)
[2018.01.05-11.02.07:308][820]LogMaterial: Missing cached shader map for material ScotsPine_01_Branches_2_Mat, compiling. 
[2018.01.05-11.02.07:530][820]LogTexture:Display: Building textures: ScotsPine_01_Atlas_Billboards_Normal_Tex (BC5, 2048X2048)
[2018.01.05-11.02.08:360][820]LogTexture:Display: Building textures: ScotsPine_01_Atlas_Billboards_Tex (AutoDXT, 2048X2048)
[2018.01.05-11.02.11:699][820]LogStaticMesh: Building static mesh ScotsPine_01...
[2018.01.05-11.02.11:968][820]LogSlate: Took 0.000299 seconds to synchronously load lazily loaded font '../../../Engine/Content/Slate/Fonts/Roboto-Light.ttf' (159K)
[2018.01.05-11.02.11:996][820]LogSlate: Took 0.000365 seconds to synchronously load lazily loaded font '../../../Engine/Content/Slate/Fonts/Roboto-Regular.ttf' (155K)
[2018.01.05-11.05.34:244][820]LogStaticMesh: Built static mesh [202.57s] /Game/KiteDemo/Environments/Trees/ScotsPine_01/ScotsPine_01.ScotsPine_01
[2018.01.05-11.05.34:668][820]LogMaterial: Missing cached shader map for material ScotsPine_01_Billboard_Mat, compiling. 
[2018.01.05-11.05.34:747][820]LogMaterial: Missing cached shader map for material ScotsPine_01_Branches_Mat, compiling. 
[2018.01.05-11.05.38:864][106]LogActorFactory: Actor Factory created ScotsPine_01
[2018.01.05-11.05.51:072][718]LogActorFactory: Actor Factory created ScotsPine_01
[2018.01.05-11.05.53:372][820]LogEditorViewport: Clicking on Actor (LMB): Landscape (Landscape1)
[2018.01.05-11.06.18:951][879]LogMeshUtilities: Finished distance field build in 44.6s - 64x64x64 distance field, 60120 triangles, Range [0.0, 1.0], ScotsPine_01
[2018.01.05-11.07.40:536][937]LogRenderer: Reallocating scene render targets to support 1180x612 NumSamples 1 (Frame:12733).
[2018.01.05-11.07.40:604][938]LogRenderer: Reallocating scene render targets to support 1180x620 NumSamples 1 (Frame:12735).
[2018.01.05-11.07.40:676][939]LogRenderer: Reallocating scene render targets to support 1180x632 NumSamples 1 (Frame:12737).
[2018.01.05-11.07.40:745][940]LogRenderer: Reallocating scene render targets to support 1180x660 NumSamples 1 (Frame:12739).
[2018.01.05-11.07.40:807][941]LogRenderer: Reallocating scene render targets to support 1180x684 NumSamples 1 (Frame:12741).
[2018.01.05-11.07.40:872][942]LogRenderer: Reallocating scene render targets to support 1180x720 NumSamples 1 (Frame:12743).
[2018.01.05-11.07.40:937][943]LogRenderer: Reallocating scene render targets to support 1180x728 NumSamples 1 (Frame:12745).
[2018.01.05-11.07.41:003][944]LogRenderer: Reallocating scene render targets to support 1180x748 NumSamples 1 (Frame:12747).
[2018.01.05-11.07.41:067][945]LogRenderer: Reallocating scene render targets to support 1180x756 NumSamples 1 (Frame:12749).
[2018.01.05-11.07.41:163][948]LogRenderer: Reallocating scene render targets to support 1180x760 NumSamples 1 (Frame:12751).
[2018.01.05-11.07.41:404][957]LogRenderer: Reallocating scene render targets to support 1180x764 NumSamples 1 (Frame:12757).
[2018.01.05-11.07.41:469][958]LogRenderer: Reallocating scene render targets to support 1180x768 NumSamples 1 (Frame:12759).
[2018.01.05-11.07.41:593][960]LogRenderer: Reallocating scene render targets to support 1180x772 NumSamples 1 (Frame:12763).
[2018.01.05-11.07.41:660][961]LogRenderer: Reallocating scene render targets to support 1180x776 NumSamples 1 (Frame:12765).
[2018.01.05-11.07.41:724][962]LogRenderer: Reallocating scene render targets to support 1180x784 NumSamples 1 (Frame:12767).
[2018.01.05-11.07.41:789][963]LogRenderer: Reallocating scene render targets to support 1180x788 NumSamples 1 (Frame:12769).
[2018.01.05-11.07.43:761][ 61]LogEditorViewport: Clicking on Actor (LMB): StaticMeshActor (SM_Rock30)
[2018.01.05-11.08.59:654][868]LogEditorViewport: Clicking on Actor (LMB): StaticMeshActor (ScotsPine_01)
[2018.01.05-11.10.29:128][910]LogTexture:Display: Building textures: Texture2D_2 (G8, 128X128)
[2018.01.05-11.10.38:627][277]LogTexture:Display: Building textures: Texture2D_1_BaseColor (BGRA8, 8X8)
[2018.01.05-11.10.39:282][278]LogTexture:Display: Building textures: Texture2D_1_BaseColor (BGRA8, 8X8)
[2018.01.05-11.10.39:675][279]LogTexture:Display: Building textures: Texture2D_1_BaseColor (BGRA8, 8X8)
[2018.01.05-11.10.49:045][755]LogTexture:Display: Building textures: Texture2D_1_BaseColor (BGRA8, 8X8)
[2018.01.05-11.11.04:976][556]LogTexture:Display: Building textures: Texture2D_1_BaseColor (BGRA8, 8X8)
[2018.01.05-11.11.05:403][557]LogTexture:Display: Building textures: Texture2D_1_BaseColor (BGRA8, 8X8)
[2018.01.05-11.11.05:739][558]LogTexture:Display: Building textures: Texture2D_1_BaseColor (BGRA8, 8X8)
[2018.01.05-11.11.58:409][691]LogTexture:Display: Building textures: Texture2D_1_BaseColor (BGRA8, 8X8)
[2018.01.05-11.12.02:479][814]LogTexture:Display: Building textures: Texture2D_1_BaseColor (BGRA8, 8X8)
[2018.01.05-11.12.06:970][948]LogTexture:Display: Building textures: Texture2D_1_BaseColor (BGRA8, 8X8)
[2018.01.05-11.12.12:529][112]LogTexture:Display: Building textures: Texture2D_1_BaseColor (BGRA8, 8X8)
[2018.01.05-11.12.20:258][332]LogTexture:Display: Building textures: Texture2D_1_BaseColor (BGRA8, 8X8)
[2018.01.05-11.12.41:607][982]LogTexture:Display: Building textures: Texture2D_1_BaseColor (BGRA8, 8X8)
[2018.01.05-11.12.57:169][449]LogTexture:Display: Building textures: Texture2D_1_BaseColor (BGRA8, 8X8)
[2018.01.05-11.13.07:487][762]LogTexture:Display: Building textures: Texture2D_1_BaseColor (BGRA8, 8X8)
[2018.01.05-11.13.07:859][763]LogTexture:Display: Building textures: Texture2D_1_BaseColor (BGRA8, 8X8)
[2018.01.05-11.13.09:633][827]LogTexture:Display: Building textures: Texture2D_1_BaseColor (BGRA8, 8X8)
[2018.01.05-11.13.17:532][ 64]LogTexture:Display: Building textures: Texture2D_1_BaseColor (BGRA8, 8X8)
[2018.01.05-11.13.31:537][485]LogTexture:Display: Building textures: Texture2D_1_BaseColor (BGRA8, 8X8)
[2018.01.05-11.13.31:976][486]LogTexture:Display: Building textures: Texture2D_1_BaseColor (BGRA8, 8X8)
[2018.01.05-11.13.45:041][890]LogTexture:Display: Building textures: Texture2D_1_BaseColor (BGRA8, 8X8)
[2018.01.05-11.15.17:093][653]LogTexture:Display: Building textures: T_FieldGrass_01_D (AutoDXT, 1024X1024)
[2018.01.05-11.15.18:576][653]LogTexture:Display: Building textures: T_FieldGrass_02_M (AutoDXT, 1024X1024)
[2018.01.05-11.15.19:318][653]LogMaterial: Missing cached shader map for material M_FieldGrass_01, compiling. 
[2018.01.05-11.15.19:409][653]LogStaticMesh: Building static mesh SM_FieldGrass_01...
[2018.01.05-11.15.19:510][653]LogStaticMesh: Built static mesh [0.10s] /Game/KiteDemo/Environments/Foliage/Grass/FieldGrass/SM_FieldGrass_01.SM_FieldGrass_01
[2018.01.05-11.15.19:600][653]LogMaterial: Missing cached shader map for material M_FieldGrass_01, compiling. 
[2018.01.05-11.15.19:657][653]LogMeshUtilities: Finished distance field build in 0.1s - 15x18x8 distance field, 765 triangles, Range [-0.1, 0.9], SM_FieldGrass_01
[2018.01.05-11.15.19:657][653]LogMaterial: Missing cached shader map for material M_FieldGrass_01, compiling. 
[2018.01.05-11.15.19:885][654]LogActorFactory: Actor Factory created SM_FieldGrass_01
[2018.01.05-11.15.21:140][719]LogActorFactory: Actor Factory created SM_FieldGrass_01
[2018.01.05-11.15.24:925][894]Cmd: DELETE
[2018.01.05-11.15.24:925][894]Cmd: ACTOR DELETE
[2018.01.05-11.15.25:100][894]LogEditorActor: Deleted Actor: StaticMeshActor
[2018.01.05-11.15.25:147][894]LogEditorActor: Deleted 1 Actors (0.057 secs)
[2018.01.05-11.15.39:728][320]LogMaterial: Uniform references updated for custom material expression Custom.
[2018.01.05-11.15.39:729][320]LogMaterial: Uniform references updated for custom material expression TemporalAA SampleID.
[2018.01.05-11.15.40:045][320]LogTexture:Display: Building textures: T_Yarrow_D (AutoDXT, 2048X2048)
[2018.01.05-11.15.44:740][320]LogStaticMesh: Building static mesh SM_Yarrow...
[2018.01.05-11.15.44:851][320]LogMeshUtilities: Invalid vertex normals found for mesh. Forcing recomputation of vertex normals for MikkTSpace. Fix mesh or disable "Use MikkTSpace Tangent Space" to avoid forced recomputation of normals.
[2018.01.05-11.15.44:930][320]LogMeshUtilities: Invalid vertex normals found for mesh. Forcing recomputation of vertex normals for MikkTSpace. Fix mesh or disable "Use MikkTSpace Tangent Space" to avoid forced recomputation of normals.
[2018.01.05-11.15.44:959][320]LogStaticMesh: Built static mesh [0.30s] /Game/KiteDemo/Environments/Foliage/Flowers/Yarrow/SM_Yarrow.SM_Yarrow
[2018.01.05-11.15.45:001][320]LogTexture:Display: Building textures: T_HeatherBranch4_Mask2 (AutoDXT, 1024X1024)
[2018.01.05-11.15.45:355][320]LogMeshUtilities: Finished distance field build in 0.0s - 8x8x8 distance field, 2410 triangles, Range [-0.0, 0.8], SM_Yarrow
[2018.01.05-11.15.45:355][320]LogTexture:Display: Building textures: T_HeatherBranch4_D (AutoDXT, 2048X2048)
[2018.01.05-11.15.49:060][320]LogTexture:Display: Building textures: T_HeatherBranch4_N (BC5, 2048X2048)
[2018.01.05-11.15.50:015][320]LogTexture:Display: Building textures: T_Yarrow_N (BC5, 2048X2048)
[2018.01.05-11.15.50:802][320]LogTexture:Display: Building textures: T_Water_Screen_Noise_Soft (AutoDXT, 1024X1024)
[2018.01.05-11.15.51:398][320]LogTexture:Display: Building textures: T_Ice_Noise (AutoDXT, 1024X1024)
[2018.01.05-11.15.52:773][320]LogMaterial: Missing cached shader map for material M_HeatherNew_Master, compiling. 
[2018.01.05-11.15.52:861][320]LogMaterial: Missing cached shader map for material M_HeatherNew_Master, compiling. 
[2018.01.05-11.15.52:988][320]LogActorFactory: Actor Factory created SM_Yarrow
[2018.01.05-11.15.53:006][320]LogActorFactory: Actor Factory created SM_Yarrow
[2018.01.05-11.15.56:180][456]Cmd: DELETE
[2018.01.05-11.15.56:180][456]Cmd: ACTOR DELETE
[2018.01.05-11.15.56:182][456]LogEditorActor: Deleted Actor: StaticMeshActor
[2018.01.05-11.15.56:201][456]LogEditorActor: Deleted 1 Actors (0.022 secs)
[2018.01.05-11.17.19:516][322]LogStaticMesh: Building static mesh SM_Heather_Mesh_Clumps2...
[2018.01.05-11.17.19:553][322]LogMeshUtilities: Invalid vertex normals found for mesh. Forcing recomputation of vertex normals for MikkTSpace. Fix mesh or disable "Use MikkTSpace Tangent Space" to avoid forced recomputation of normals.
[2018.01.05-11.17.19:554][322]LogMeshUtilities: Invalid vertex normals found for mesh. Forcing recomputation of vertex normals for MikkTSpace. Fix mesh or disable "Use MikkTSpace Tangent Space" to avoid forced recomputation of normals.
[2018.01.05-11.17.19:600][322]LogStaticMesh: Built static mesh [0.08s] /Game/KiteDemo/Environments/Foliage/Flowers/Heather/SM_Heather_Mesh_Clumps2.SM_Heather_Mesh_Clumps2
[2018.01.05-11.17.19:740][322]LogTexture:Display: Building textures: T_GDC_TilingRocks_01_DispMask (AutoDXT, 1024X1024)
[2018.01.05-11.17.20:205][322]LogMeshUtilities: Finished distance field build in 0.4s - 24x22x8 distance field, 376 triangles, Range [-0.1, 0.9], SM_Heather_Mesh_Clumps2
[2018.01.05-11.17.20:205][322]LogMaterial: Missing cached shader map for material M_HeatherNew_Master, compiling. 
[2018.01.05-11.17.26:322][512]LogTexture:Display: Building textures: T_Grass_Blobby_Height_01 (AutoDXT, 2048X2048)
[2018.01.05-11.17.26:422][512]LogMemory:Warning: Freeing 33554432 bytes from backup pool to handle out of memory.
[2018.01.05-11.17.26:422][512]LogMemory:Warning: MemoryStats:
	AvailablePhysical 1454309376
	 AvailableVirtual 140733411659776
	     UsedPhysical 1843576832
	 PeakUsedPhysical 2188681216
	      UsedVirtual 2894991360
	  PeakUsedVirtual 3008729088
[2018.01.05-11.17.26:422][512]Allocator Stats for TBB: (not implemented)
[2018.01.05-11.17.26:426][512]LogWindows: Windows GetLastError: Operacja ukończona pomyślnie. (0)
[2018.01.05-11.17.36:576][512]LogCrashTracker: 


[2018.01.05-11.17.36:576][512]LogCrashTracker: 


[2018.01.05-11.17.36:576][512]LogWindows:Error: === Critical error: ===
[2018.01.05-11.17.36:576][512]LogWindows:Error: 
[2018.01.05-11.17.36:576][512]LogWindows:Error: Fatal error: [File:D:\Build\++UE4+Release-4.16+Compile\Sync\Engine\Source\Runtime\Core\Private\GenericPlatform\GenericPlatformMemory.cpp] [Line: 174] 
[2018.01.05-11.17.36:576][512]LogWindows:Error: Ran out of memory allocating 16777216 bytes with alignment 0
[2018.01.05-11.17.36:576][512]LogWindows:Error: 
[2018.01.05-11.17.36:576][512]LogWindows:Error: 
[2018.01.05-11.17.36:576][512]LogWindows:Error: KERNELBASE.dll!0x00000000C9473FB8
[2018.01.05-11.17.36:576][512]LogWindows:Error: UE4Editor-Core.dll!0x000000009B85AFFE
[2018.01.05-11.17.36:576][512]LogWindows:Error: UE4Editor-Core.dll!0x000000009B67249B
[2018.01.05-11.17.36:576][512]LogWindows:Error: UE4Editor-Core.dll!0x000000009B600849
[2018.01.05-11.17.36:576][512]LogWindows:Error: UE4Editor-Core.dll!0x000000009B4D0004
[2018.01.05-11.17.36:576][512]LogWindows:Error: UE4Editor-Core.dll!0x000000009B54D272
[2018.01.05-11.17.36:576][512]LogWindows:Error: UE4Editor-ImageCore.dll!0x00000000C3FB2C4B
[2018.01.05-11.17.36:576][512]LogWindows:Error: UE4Editor-ImageCore.dll!0x00000000C3FB2AAA
[2018.01.05-11.17.36:576][512]LogWindows:Error: UE4Editor-ImageCore.dll!0x00000000C3FB1488
[2018.01.05-11.17.36:576][512]LogWindows:Error: UE4Editor-TextureCompressor.dll!0x000000007F4AD775
[2018.01.05-11.17.36:576][512]LogWindows:Error: UE4Editor-TextureCompressor.dll!0x000000007F4A8E6C
[2018.01.05-11.17.36:576][512]LogWindows:Error: UE4Editor-TextureCompressor.dll!0x000000007F4A7938
[2018.01.05-11.17.36:576][512]LogWindows:Error: UE4Editor-Engine.dll!0x0000000086C4B1CC
[2018.01.05-11.17.36:576][512]LogWindows:Error: UE4Editor-Engine.dll!0x0000000086C5C315
[2018.01.05-11.17.36:576][512]LogWindows:Error: UE4Editor-Engine.dll!0x0000000086C5C4AA
[2018.01.05-11.17.36:576][512]LogWindows:Error: UE4Editor-Engine.dll!0x0000000086C70353
[2018.01.05-11.17.36:576][512]LogWindows:Error: UE4Editor-CoreUObject.dll!0x00000000973CC40F
[2018.01.05-11.17.36:576][512]LogWindows:Error: UE4Editor-CoreUObject.dll!0x0000000097482D8C
[2018.01.05-11.17.36:576][512]LogWindows:Error: UE4Editor-CoreUObject.dll!0x0000000097499393
[2018.01.05-11.17.36:576][512]LogWindows:Error: UE4Editor-CoreUObject.dll!0x000000009749891A
[2018.01.05-11.17.36:576][512]LogWindows:Error: UE4Editor-CoreUObject.dll!0x00000000974ADB28
[2018.01.05-11.17.36:576][512]LogWindows:Error: UE4Editor-CoreUObject.dll!0x00000000974B7C05
[2018.01.05-11.17.36:577][512]LogWindows:Error: UE4Editor-CoreUObject.dll!0x00000000974B73F2
[2018.01.05-11.17.36:577][512]LogWindows:Error: UE4Editor-UnrealEd.dll!0x000000008449F787
[2018.01.05-11.17.36:577][512]LogWindows:Error: UE4Editor-UnrealEd.dll!0x000000008470A817
[2018.01.05-11.17.36:577][512]LogWindows:Error: UE4Editor-UnrealEd.dll!0x00000000847120A5
[2018.01.05-11.17.36:577][512]LogWindows:Error: UE4Editor-ContentBrowser.dll!0x00000000782BAA36
[2018.01.05-11.17.36:577][512]LogWindows:Error: UE4Editor-ContentBrowser.dll!0x00000000781BBE42
[2018.01.05-11.17.36:577][512]LogWindows:Error: UE4Editor-ContentBrowser.dll!0x00000000781BFFD4
[2018.01.05-11.17.36:577][512]LogWindows:Error: UE4Editor-ContentBrowser.dll!0x0000000078263A1A
[2018.01.05-11.17.36:577][512]LogWindows:Error: UE4Editor-ContentBrowser.dll!0x000000007825E1F5
[2018.01.05-11.17.36:577][512]LogWindows:Error: UE4Editor-ContentBrowser.dll!0x00000000782B8FDD
[2018.01.05-11.17.36:577][512]LogWindows:Error: UE4Editor-Slate.dll!0x0000000096C6945E
[2018.01.05-11.17.36:577][512]LogWindows:Error: UE4Editor-Slate.dll!0x0000000096C392BE
[2018.01.05-11.17.36:577][512]LogWindows:Error: UE4Editor-Slate.dll!0x0000000096CDD15C
[2018.01.05-11.17.36:577][512]LogWindows:Error: UE4Editor-Slate.dll!0x0000000096CC7B98
[2018.01.05-11.17.36:577][512]LogWindows:Error: UE4Editor-Slate.dll!0x0000000096CB814C
[2018.01.05-11.17.36:577][512]LogWindows:Error: UE4Editor-Core.dll!0x000000009B8515B0
[2018.01.05-11.17.36:577][512]LogWindows:Error: UE4Editor-Core.dll!0x000000009B83B7D1
[2018.01.05-11.17.36:577][512]LogWindows:Error: UE4Editor-Core.dll!0x000000009B8533DB
[2018.01.05-11.17.36:577][512]LogWindows:Error: UE4Editor-Core.dll!0x000000009B837B22
[2018.01.05-11.17.36:577][512]LogWindows:Error: USER32.dll!0x00000000CCBCB85D
[2018.01.05-11.17.36:577][512]LogWindows:Error: USER32.dll!0x00000000CCBCB1EF
[2018.01.05-11.17.36:577][512]LogWindows:Error: UE4Editor-Core.dll!0x000000009B853CE6
[2018.01.05-11.17.36:577][512]LogWindows:Error: UE4Editor.exe!0x000000007C0FDB44
[2018.01.05-11.17.36:577][512]LogWindows:Error: UE4Editor.exe!0x000000007C0EF0B0
[2018.01.05-11.17.36:577][512]LogWindows:Error: UE4Editor.exe!0x000000007C0EF12A
[2018.01.05-11.17.36:577][512]LogWindows:Error: UE4Editor.exe!0x000000007C100CF9
[2018.01.05-11.17.36:577][512]LogWindows:Error: UE4Editor.exe!0x000000007C1025F7
[2018.01.05-11.17.36:577][512]LogWindows:Error: KERNEL32.DLL!0x00000000CA9E1FE4
[2018.01.05-11.17.36:577][512]LogWindows:Error: ntdll.dll!0x00000000CCF4EF91
[2018.01.05-11.17.36:577][512]LogWindows:Error: ntdll.dll!0x00000000CCF4EF91
[2018.01.05-11.17.36:577][512]LogWindows:Error: 
[2018.01.05-11.17.36:606][512]LogExit: Executing StaticShutdownAfterError
[2018.01.05-11.17.36:617][512]LogWindows: FPlatformMisc::RequestExit(1)
[2018.01.05-11.17.36:635][512]Log file closed, 01/05/18 12:17:36
