Log file open, 12/26/17 13:00:13
LogInit:Display: Running engine for game: PGK
LogPlatformFile: Not using cached read wrapper
LogInit:Display: RandInit(-1688312508) SRandInit(-1688312508).
LogTaskGraph: Started task graph with 5 named threads and 7 total threads with 1 sets of task threads.
LogStats: Stats thread started at 0.791719
LogInit: Using libcurl 7.47.1
LogInit:  - built for x86_64-pc-win32
LogInit:  - supports SSL with OpenSSL/1.0.2g
LogInit:  - supports HTTP deflate (compression) using libz 1.2.8
LogInit:  - other features:
LogInit:      CURL_VERSION_SSL
LogInit:      CURL_VERSION_LIBZ
LogInit:      CURL_VERSION_IPV6
LogInit:      CURL_VERSION_ASYNCHDNS
LogInit:      CURL_VERSION_LARGEFILE
LogInit:      CURL_VERSION_IDN
LogInit:  CurlRequestOptions (configurable via config and command line):
LogInit:  - bVerifyPeer = false  - Libcurl will NOT verify peer certificate
LogInit:  - bUseHttpProxy = false  - Libcurl will NOT use HTTP proxy
LogInit:  - bDontReuseConnections = false  - Libcurl will reuse connections
LogInit:  - CertBundlePath = nullptr  - Libcurl will use whatever was configured at build time.
LogInit: Build: ++UE4+Release-4.16-CL-3561208
LogInit: Engine Version: 4.16.3-3561208+++UE4+Release-4.16
LogInit: Compatible Engine Version: 4.16.0-3452394+++UE4+Release-4.16
LogInit: Net CL: 3452394
LogDevObjectVersion: Number of dev versions registered: 16
LogDevObjectVersion:   Dev-Blueprints (B0D832E4-1F89-4F0D-ACCF-7EB736FD4AA2): 9
LogDevObjectVersion:   Dev-Build (E1C64328-A22C-4D53-A36C-8E866417BD8C): 0
LogDevObjectVersion:   Dev-Core (375EC13C-06E4-48FB-B500-84F0262A717E): 2
LogDevObjectVersion:   Dev-Editor (E4B068ED-F494-42E9-A231-DA0B2E46BB41): 17
LogDevObjectVersion:   Dev-Framework (CFFC743F-43B0-4480-9391-14DF171D2073): 23
LogDevObjectVersion:   Dev-Mobile (B02B49B5-BB20-44E9-A304-32B752E40360): 0
LogDevObjectVersion:   Dev-Networking (A4E4105C-59A1-49B5-A7C5-40C4547EDFEE): 0
LogDevObjectVersion:   Dev-Online (39C831C9-5AE6-47DC-9A44-9C173E1C8E7C): 0
LogDevObjectVersion:   Dev-Physics (78F01B33-EBEA-4F98-B9B4-84EACCB95AA2): 0
LogDevObjectVersion:   Dev-Platform (6631380F-2D4D-43E0-8009-CF276956A95A): 0
LogDevObjectVersion:   Dev-Rendering (12F88B9F-8875-4AFC-A67C-D90C383ABD29): 15
LogDevObjectVersion:   Dev-Sequencer (7B5AE74C-D270-4C10-A958-57980B212A5A): 4
LogDevObjectVersion:   Dev-VR (D7296918-1DD6-4BDD-9DE2-64A83CC13884): 0
LogDevObjectVersion:   Dev-LoadTimes (C2A15278-BFE7-4AFE-6C17-90FF531DF755): 1
LogDevObjectVersion:   Private-Geometry (6EACA3D4-40EC-4CC1-B786-8BED09428FC5): 1
LogDevObjectVersion:   Dev-AnimPhys (29E575DD-E0A3-4627-9D10-D276232CDCEA): 3
LogInit: Compiled (64-bit): Jul 28 2017 11:49:47
LogInit: Compiled with Visual C++: 19.00.24215.01
LogInit: Build Configuration: Development
LogInit: Branch Name: ++UE4+Release-4.16
LogInit: Command line:  
LogInit: Base directory: C:/Program Files/Epic Games/UE_4.16/Engine/Binaries/Win64/
LogInit: Installed Engine Build: 1
LogInit: Presizing for max 8388607 objects, including 0 objects not considered by GC, pre-allocating 0 bytes for permanent pool.
LogInit: Object subsystem initialized
[2017.12.26-12.00.16:359][  0]LogInit: Selected Device Profile: [Windows]
[2017.12.26-12.00.16:359][  0]LogInit: Applying CVar settings loaded from the selected device profile: [Windows]
[2017.12.26-12.00.16:472][  0]LogInit: Computer: DESKTOP-A2RNJUS
[2017.12.26-12.00.16:472][  0]LogInit: User: Admin
[2017.12.26-12.00.16:472][  0]LogInit: CPU Page size=4096, Cores=3
[2017.12.26-12.00.16:472][  0]LogInit: High frequency timer resolution =3.429401 MHz
[2017.12.26-12.00.16:483][  0]LogMemory: Memory total: Physical=3.9GB (4GB approx)
[2017.12.26-12.00.16:483][  0]LogMemory: Platform Memory Stats for Windows
[2017.12.26-12.00.16:483][  0]LogMemory: Process Physical Memory: 273.69 MB used, 273.69 MB peak
[2017.12.26-12.00.16:483][  0]LogMemory: Process Virtual Memory: 266.64 MB used, 266.64 MB peak
[2017.12.26-12.00.16:483][  0]LogMemory: Physical Memory: 3330.17 MB used,  666.17 MB free, 3996.34 MB total
[2017.12.26-12.00.16:483][  0]LogMemory: Virtual Memory: 662.79 MB used,  666.17 MB free, 134217728.00 MB total
[2017.12.26-12.00.17:577][  0]LogInit: Using OS detected language (pl-PL).
[2017.12.26-12.00.17:577][  0]LogInit: Using OS detected locale (pl-PL).
[2017.12.26-12.00.17:730][  0]LogTextLocalizationManager: No localization for 'pl-PL' exists, so 'en' will be used for the language.
[2017.12.26-12.00.17:732][  0]LogTextLocalizationManager: No localization for 'pl-PL' exists, so 'en' will be used for the locale.
[2017.12.26-12.00.24:022][  0]LogD3D11RHI: D3D11 adapters:
[2017.12.26-12.00.24:054][  0]LogD3D11RHI:    0. 'AMD Radeon HD 6670' (Feature Level 11_0)
[2017.12.26-12.00.24:054][  0]LogD3D11RHI:       1012/0/1792 MB DedicatedVideo/DedicatedSystem/SharedSystem, Outputs:2, VendorId:0x1002
[2017.12.26-12.00.24:093][  0]LogD3D11RHI:    1. 'Microsoft Basic Render Driver' (Feature Level 11_0)
[2017.12.26-12.00.24:093][  0]LogD3D11RHI:       0/0/1998 MB DedicatedVideo/DedicatedSystem/SharedSystem, Outputs:0, VendorId:0x1414
[2017.12.26-12.00.24:093][  0]LogD3D11RHI: Chosen D3D11 Adapter: 0
[2017.12.26-12.00.24:120][  0]LogD3D11RHI: Creating new Direct3DDevice
[2017.12.26-12.00.24:120][  0]LogD3D11RHI:     GPU DeviceId: 0x6758 (for the marketing name, search the web for "GPU Device Id")
[2017.12.26-12.00.24:120][  0]LogWindows: EnumDisplayDevices:
[2017.12.26-12.00.24:120][  0]LogWindows:    0. 'AMD Radeon HD 6670' (P:1 D:1)
[2017.12.26-12.00.24:121][  0]LogWindows:    1. 'AMD Radeon HD 6670' (P:0 D:1)
[2017.12.26-12.00.24:121][  0]LogWindows:    2. 'AMD Radeon HD 6670' (P:0 D:0)
[2017.12.26-12.00.24:121][  0]LogWindows: DebugString: GetVideoDriverDetailsInvalid PrimaryIsNotTheChoosenAdapter GetVideoDriverDetailsInvalid PrimaryIsNotTheChoosenAdapter GetVideoDriverDetailsInvalid PrimaryIsNotTheChoosenAdapter FoundDriverCount:0 
[2017.12.26-12.00.24:121][  0]LogD3D11RHI:     Adapter Name: AMD Radeon HD 6670
[2017.12.26-12.00.24:121][  0]LogD3D11RHI:   Driver Version: Unknown (internal:Unknown, unified:Unknown)
[2017.12.26-12.00.24:121][  0]LogD3D11RHI:      Driver Date: Unknown
[2017.12.26-12.00.24:121][  0]LogRHI: Texture pool is 708 MB (70% of 1012 MB)
[2017.12.26-12.00.24:245][  0]LogD3D11RHI: AMD Pre GCN architecture detected, some driver workarounds will be in place
[2017.12.26-12.00.24:279][  0]LogD3D11RHI: Async texture creation enabled
[2017.12.26-12.00.24:656][  0]LogD3D11RHI: GPU Timing Frequency: 27.000000 (Debug: 2 1)
[2017.12.26-12.00.24:706][  0]LogShaderCompilers: Guid format shader working directory is -14 characters bigger than the processId version (../../../../../../Users/Admin/Documents/Unreal Projects/PGK/Intermediate/Shaders/WorkingDirectory/12404/).
[2017.12.26-12.00.24:706][  0]LogShaderCompilers: Cleaned the shader compiler working directory 'C:/Users/Admin/AppData/Local/Temp/UnrealShaderWorkingDir/3D9C7961409DB19FFA304FA0FC5B18B2/'.
[2017.12.26-12.00.24:729][  0]LogShaderCompilers:Display: Using Local Shader Compiler.
[2017.12.26-12.00.33:024][  0]LogTemp:Display: Loaded TP AllDesktopTargetPlatform
[2017.12.26-12.00.33:156][  0]LogTemp:Display: Loaded TP MacClientTargetPlatform
[2017.12.26-12.00.33:290][  0]LogTemp:Display: Loaded TP MacNoEditorTargetPlatform
[2017.12.26-12.00.33:417][  0]LogTemp:Display: Loaded TP MacServerTargetPlatform
[2017.12.26-12.00.33:562][  0]LogTemp:Display: Loaded TP MacTargetPlatform
[2017.12.26-12.00.33:684][  0]LogTemp:Display: Loaded TP WindowsClientTargetPlatform
[2017.12.26-12.00.33:804][  0]LogTemp:Display: Loaded TP WindowsNoEditorTargetPlatform
[2017.12.26-12.00.33:944][  0]LogTemp:Display: Loaded TP WindowsServerTargetPlatform
[2017.12.26-12.00.34:083][  0]LogTemp:Display: Loaded TP WindowsTargetPlatform
[2017.12.26-12.00.34:225][  0]LogTemp:Display: Loaded TP AndroidTargetPlatform
[2017.12.26-12.00.34:374][  0]LogTemp:Display: Loaded TP Android_ASTCTargetPlatform
[2017.12.26-12.00.34:517][  0]LogTemp:Display: Loaded TP Android_ATCTargetPlatform
[2017.12.26-12.00.34:647][  0]LogTemp:Display: Loaded TP Android_DXTTargetPlatform
[2017.12.26-12.00.34:766][  0]LogTemp:Display: Loaded TP Android_ETC1TargetPlatform
[2017.12.26-12.00.34:894][  0]LogTemp:Display: Loaded TP Android_ETC2TargetPlatform
[2017.12.26-12.00.35:142][  0]LogTemp:Display: Loaded TP Android_MultiTargetPlatform
[2017.12.26-12.00.35:142][  0]LogTemp:Display: Loaded TP Android_PVRTCTargetPlatform
[2017.12.26-12.00.35:273][  0]LogTemp:Display: Loaded TP HTML5TargetPlatform
[2017.12.26-12.00.35:550][  0]LogTemp:Display: Loaded TP IOSTargetPlatform
[2017.12.26-12.00.35:615][  0]LogTemp:Display: Loaded TP TVOSTargetPlatform
[2017.12.26-12.00.35:734][  0]LogTemp:Display: Loaded TP LinuxClientTargetPlatform
[2017.12.26-12.00.35:859][  0]LogTemp:Display: Loaded TP LinuxNoEditorTargetPlatform
[2017.12.26-12.00.35:984][  0]LogTemp:Display: Loaded TP LinuxServerTargetPlatform
[2017.12.26-12.00.36:129][  0]LogTemp:Display: Loaded TP LinuxTargetPlatform
[2017.12.26-12.00.36:129][  0]LogTargetPlatformManager:Display: Building Assets For Windows
[2017.12.26-12.00.38:338][  0]LogDerivedDataCache:Display: Max Cache Size: 512 MB
[2017.12.26-12.00.39:116][  0]LogDerivedDataCache: Loaded boot cache 0.78s 90MB C:/Users/Admin/AppData/Local/UnrealEngine/4.16/DerivedDataCache/Boot.ddc.
[2017.12.26-12.00.39:116][  0]LogDerivedDataCache:Display: Loaded Boot cache: C:/Users/Admin/AppData/Local/UnrealEngine/4.16/DerivedDataCache/Boot.ddc
[2017.12.26-12.00.39:116][  0]LogDerivedDataCache: FDerivedDataBackendGraph:  Pak pak cache file ../../../../../../Users/Admin/Documents/Unreal Projects/PGK/DerivedDataCache/DDC.ddp not found, will not use a pak cache.
[2017.12.26-12.00.39:116][  0]LogDerivedDataCache: Unable to find inner node Pak for hierarchical cache Hierarchy.
[2017.12.26-12.00.39:116][  0]LogDerivedDataCache: FDerivedDataBackendGraph:  CompressedPak pak cache file ../../../../../../Users/Admin/Documents/Unreal Projects/PGK/DerivedDataCache/Compressed.ddp not found, will not use a pak cache.
[2017.12.26-12.00.39:116][  0]LogDerivedDataCache: Unable to find inner node CompressedPak for hierarchical cache Hierarchy.
[2017.12.26-12.00.39:236][  0]LogDerivedDataCache:Display: Pak cache opened for reading ../../../Engine/DerivedDataCache/Compressed.ddp.
[2017.12.26-12.00.39:276][  0]LogDerivedDataCache: Using Local data cache path C:/Users/Admin/AppData/Local/UnrealEngine/Common/DerivedDataCache: Writable
[2017.12.26-12.00.39:365][  0]LogMaterial: Verifying Global Shaders for PCD3D_SM5
[2017.12.26-12.00.39:454][  0]LogSlate: Using Freetype 2.6.0
[2017.12.26-12.00.39:594][  0]LogSlate: SlateFontCache - WITH_FREETYPE: 1, WITH_HARFBUZZ: 1
[2017.12.26-12.00.39:594][  0]LogSlate: SlateFontCache - WITH_FREETYPE: 1, WITH_HARFBUZZ: 1
[2017.12.26-12.00.48:660][  0]LogInit: Selected Device Profile: [Windows]
[2017.12.26-12.00.49:826][  0]LogContentStreaming: Texture pool size is 0.00 MB
[2017.12.26-12.00.52:427][  0]LogMeshUtilities: Using QuadricMeshReduction for automatic static mesh reduction
[2017.12.26-12.00.52:670][  0]LogSimplygon: Simplygon DLL not present - disabling.
[2017.12.26-12.00.52:899][  0]LogMeshUtilities: Using SimplygonSwarm for distributed automatic mesh merging
[2017.12.26-12.00.52:899][  0]LogMeshUtilities: No automatic skeletal mesh reduction module available
[2017.12.26-12.00.52:899][  0]LogMeshUtilities: No automatic mesh merging module available
[2017.12.26-12.01.01:666][  0]LogNetVersion: PGK , NetCL: 3452394, EngineNetVer: 2, GameNetVer: 0 (Checksum: 3392332418)
[2017.12.26-12.01.02:041][  0]LogAssetRegistry: FAssetRegistry took 0.0735 seconds to start up
[2017.12.26-12.01.02:408][  0]LogPackageLocalizationCache: Processed 4 localized package path(s) for 1 prioritized culture(s) in 0.226730 seconds
[2017.12.26-12.01.02:458][  0]LogUObjectArray: 34194 objects as part of root set at end of initial load.
[2017.12.26-12.01.02:458][  0]LogUObjectAllocator: 7260416 out of 0 bytes used by permanent object pool.
[2017.12.26-12.01.02:458][  0]LogUObjectArray: CloseDisregardForGC: 0/0 objects in disregard for GC pool
[2017.12.26-12.01.02:706][  0]LogInit: WinSock: version 1.1 (2.2), MaxSocks=32767, MaxUdp=65467
[2017.12.26-12.01.37:809][  0]LogTcpMessaging: Initializing TcpMessaging bridge
[2017.12.26-12.01.37:941][  0]LogUdpMessaging: Initializing bridge on interface 0.0.0.0:0 to multicast group 230.0.0.1:6666.
[2017.12.26-12.01.40:506][  0]LogMaterial: Uniform references updated for custom material expression Custom.
[2017.12.26-12.01.42:173][  0]SourceControl: Info Source control is disabled
[2017.12.26-12.01.42:198][  0]SourceControl: Info Source control is disabled
[2017.12.26-12.01.42:422][  0]SourceControl: Info Source control is disabled
[2017.12.26-12.01.42:596][  0]SourceControl: Info Source control is disabled
[2017.12.26-12.01.45:602][  0]LogAndroidPermission: UAndroidPermissionCallbackProxy::GetInstance
[2017.12.26-12.01.48:513][  0]LogEngine: Initializing Engine...
[2017.12.26-12.01.48:585][  0]LogHMD: Failed to initialize OpenVR with code 110
[2017.12.26-12.01.49:644][  0]LogStats: UGameplayTagsManager::ConstructGameplayTagTree: Construct from data asset -  0.000 s
[2017.12.26-12.01.49:652][  0]LogStats: UGameplayTagsManager::ConstructGameplayTagTree: GameplayTagTreeChangedEvent.Broadcast -  0.007 s
[2017.12.26-12.01.50:695][  0]LogAIModule: Creating AISystem for world Untitled
[2017.12.26-12.01.50:989][  0]LogInit: XAudio2 using 'Speaker (Sound Blaster X-Fi Surround 5.1 Pro)' : 2 channels at 48 kHz using 24 bits per sample (channel mask 0x3)
[2017.12.26-12.01.51:059][  0]LogInit: FAudioDevice initialized.
[2017.12.26-12.01.51:419][  0]LogDerivedDataCache: Saved boot cache 0.35s 90MB C:/Users/Admin/AppData/Local/UnrealEngine/4.16/DerivedDataCache/Boot.ddc.
[2017.12.26-12.01.51:528][  0]LogInit: Texture streaming: Enabled
[2017.12.26-12.01.52:181][  0]LogEngineSessionManager: EngineSessionManager initialized
[2017.12.26-12.01.54:621][  0]LogInit: Transaction tracking system initialized
[2017.12.26-12.01.56:345][  0]BlueprintLog: New page: Editor Load
[2017.12.26-12.02.00:922][  0]LocalizationService: Info Localization service is disabled
[2017.12.26-12.02.04:847][  0]LogConsoleResponse:Display: 
[2017.12.26-12.02.07:235][  0]LogCook:Display: Max memory allowance for cook 16384mb min free memory 0mb
[2017.12.26-12.02.07:236][  0]LogCook:Display: Mobile HDR setting 1
[2017.12.26-12.02.08:664][  0]LogFileCache: Scanning file cache for directory 'C:/Users/Admin/Documents/Unreal Projects/PGK/Content/' took 0.54s
[2017.12.26-12.02.12:237][  0]SourceControl: Info Source control is disabled
[2017.12.26-12.02.12:315][  0]Cmd: MAP LOAD FILE="../../../../../../Users/Admin/Documents/Unreal Projects/PGK/Content/FirstPersonBP/Maps/FirstPersonExampleMap.umap" TEMPLATE=0 SHOWPROGRESS=1 FEATURELEVEL=3
[2017.12.26-12.02.12:366][  0]LightingResults: New page: Lighting Build
[2017.12.26-12.02.12:891][  0]MapCheck: New page: Map Check
[2017.12.26-12.02.12:891][  0]LightingResults: New page: Lighting Build
[2017.12.26-12.02.19:346][  0]LogAIModule: Creating AISystem for world FirstPersonExampleMap
[2017.12.26-12.02.20:169][  0]LogEditorServer: Finished looking for orphan Actors (0.000 secs)
[2017.12.26-12.02.20:349][  0]Cmd: MAP CHECKDEP NOCLEARLOG
[2017.12.26-12.02.20:623][  0]MapCheck: Info Map check complete: 0 Error(s), 0 Warning(s), took 262.399ms to complete.
[2017.12.26-12.02.20:624][  0]LogFileHelpers: Loading map 'FirstPersonExampleMap' took 8.335
[2017.12.26-12.02.23:459][  0]LogCollectionManager: Loaded 0 collections in 0.012868 seconds
[2017.12.26-12.02.23:758][  0]LogFileCache: Scanning file cache for directory 'C:/Users/Admin/Documents/Unreal Projects/PGK/Saved/Collections/' took 0.01s
[2017.12.26-12.02.23:758][  0]LogFileCache: Scanning file cache for directory 'C:/Users/Admin/Documents/Unreal Projects/PGK/Content/Developers/Admin/Collections/' took 0.01s
[2017.12.26-12.02.23:758][  0]LogFileCache: Scanning file cache for directory 'C:/Users/Admin/Documents/Unreal Projects/PGK/Content/Collections/' took 0.01s
[2017.12.26-12.02.23:758][  0]LogCollectionManager: Rebuilt the GUID cache for 0 collections in 0.000003 seconds
[2017.12.26-12.02.23:784][  0]LogContentBrowser: Native class hierarchy populated in 0.0213 seconds. Added 2329 classes and 491 folders.
[2017.12.26-12.02.24:234][  0]LogContentBrowser: Native class hierarchy updated for 'WidgetCarousel' in 0.0014 seconds. Added 0 classes and 0 folders.
[2017.12.26-12.02.25:698][  0]LogContentBrowser: Native class hierarchy updated for 'AddContentDialog' in 0.0010 seconds. Added 0 classes and 0 folders.
[2017.12.26-12.02.26:149][  0]LogContentBrowser: Native class hierarchy updated for 'SceneOutliner' in 0.0011 seconds. Added 1 classes and 2 folders.
[2017.12.26-12.02.26:727][  0]LogCrashTracker: Crashtracker disabled due to settings.
[2017.12.26-12.02.26:958][  0]LogSlate: Took 0.017069 seconds to synchronously load lazily loaded font '../../../Engine/Content/Slate/Fonts/Roboto-Regular.ttf' (155K)
[2017.12.26-12.02.26:983][  0]LogSlate: Took 0.013163 seconds to synchronously load lazily loaded font '../../../Engine/Content/Slate/Fonts/Roboto-Bold.ttf' (160K)
[2017.12.26-12.02.27:101][  0]LogSlate: Took 0.026487 seconds to synchronously load lazily loaded font '../../../Engine/Content/Editor/Slate/Fonts/FontAwesome.ttf' (139K)
[2017.12.26-12.02.27:627][  0]LogRenderer: Reallocating scene render targets to support 1208x600 NumSamples 1 (Frame:1).
[2017.12.26-12.02.29:295][  0]LogContentBrowser: Native class hierarchy updated for 'HierarchicalLODOutliner' in 0.0009 seconds. Added 1 classes and 2 folders.
[2017.12.26-12.02.29:295][  0]LogLoad: (Engine Initialization) Total time: 142.05 seconds
[2017.12.26-12.02.29:295][  0]LogLoad: (Engine Initialization) Total Blueprint compile time: 1.09 seconds
[2017.12.26-12.02.29:295][  0]LogExternalProfiler: Found external profiler: VSPerf
[2017.12.26-12.02.29:295][  0]LogExternalProfiler: Using external profiler: VSPerf
[2017.12.26-12.02.29:690][  0]LogOcInput: OculusInput pre-init called
[2017.12.26-12.02.29:695][  0]LogHMD: Starting GearVRController plugin
[2017.12.26-12.02.29:971][  0]LogContentStreaming: Texture pool size now 1000 MB
[2017.12.26-12.02.30:192][  0]LogSlate: Took 0.007884 seconds to synchronously load lazily loaded font '../../../Engine/Content/Slate/Fonts/Roboto-Light.ttf' (159K)
[2017.12.26-12.02.31:034][  4]LogAssetRegistry: Asset discovery search completed in 89.0158 seconds
[2017.12.26-12.02.31:040][  4]LogCollectionManager: Rebuilt the object cache for 0 collections in 0.000001 seconds (found 0 objects)
[2017.12.26-12.02.31:040][  4]LogCollectionManager: Fixed up redirectors for 0 collections in 0.000108 seconds (updated 0 objects)
[2017.12.26-12.02.32:305][ 23]LogEditorViewport: Clicking on Actor (LMB): FirstPersonCharacter_C (FirstPersonCharacter)
[2017.12.26-12.02.38:678][179]LogSlate: Took 0.000398 seconds to synchronously load lazily loaded font '../../../Engine/Content/Slate/Fonts/Roboto-Light.ttf' (159K)
[2017.12.26-12.02.39:725][179]LogSlate: Took 0.008713 seconds to synchronously load lazily loaded font '../../../Engine/Content/Slate/Fonts/Roboto-Regular.ttf' (155K)
[2017.12.26-12.02.40:239][179]LogContentBrowser: Native class hierarchy updated for 'BlueprintGraph' in 0.0027 seconds. Added 112 classes and 0 folders.
[2017.12.26-12.02.42:643][179]LogSlate: Took 0.014089 seconds to synchronously load lazily loaded font '../../../Engine/Content/Editor/Slate/Fonts/Roboto-BoldCondensed.ttf' (158K)
[2017.12.26-12.02.43:176][180]LogSlate: Took 0.021624 seconds to synchronously load lazily loaded font '../../../Engine/Content/Editor/Slate/Fonts/Roboto-Italic.ttf' (157K)
[2017.12.26-12.03.18:667][885]LogSlate: Took 0.010707 seconds to synchronously load lazily loaded font '../../../Engine/Content/Slate/Fonts/Roboto-Light.ttf' (159K)
[2017.12.26-12.03.32:018][115]LogLinker:Warning: Can't find file '/Game/demo1'
[2017.12.26-12.03.32:019][115]LogLinker:Warning: Can't find file '/Game/demo1'
[2017.12.26-12.03.32:023][115]LogUObjectGlobals:Warning: Failed to find object 'Object /Game/demo1.demo1'
[2017.12.26-12.03.40:293][492]LogEditorActor: Deleted Actor: LevelSequenceActor
[2017.12.26-12.03.40:372][492]LogEditorActor: Deleted 1 Actors (0.193 secs)
[2017.12.26-12.05.07:904][712]BlueprintLog: New page: Compile FirstPersonCharacter
[2017.12.26-12.05.07:989][712]LogBlueprint:Error: [Compiler FirstPersonCharacter] Error This blueprint (self) is not a SceneComponent, therefore ' Target ' must have a connection.
[2017.12.26-12.05.07:990][712]LogBlueprint:Error: [Compiler FirstPersonCharacter] Error This blueprint (self) is not a SceneComponent, therefore ' Target ' must have a connection.
[2017.12.26-12.05.07:990][712]LogBlueprint:Error: [Compiler FirstPersonCharacter] Error This blueprint (self) is not a SkeletalMeshComponent, therefore ' Target ' must have a connection.
[2017.12.26-12.05.09:323][712]BlueprintEditorCompileResults:Error: Error This blueprint (self) is not a SceneComponent, therefore ' Target ' must have a connection.
[2017.12.26-12.05.09:323][712]BlueprintEditorCompileResults:Error: Error This blueprint (self) is not a SceneComponent, therefore ' Target ' must have a connection.
[2017.12.26-12.05.09:323][712]BlueprintEditorCompileResults:Error: Error This blueprint (self) is not a SkeletalMeshComponent, therefore ' Target ' must have a connection.
[2017.12.26-12.05.09:324][712]LogBlueprint:Warning: [Compiler FirstPersonCharacter] Warning [0302.08] Compile of FirstPersonCharacter failed. 3 Fatal Issue(s) 0 Warning(s) [in 1,420 ms] (/Game/FirstPersonBP/Blueprints/FirstPersonCharacter.FirstPersonCharacter)
[2017.12.26-12.05.36:835][223]BlueprintLog: New page: Compile FirstPersonCharacter
[2017.12.26-12.05.36:881][223]LogBlueprint:Error: [Compiler FirstPersonCharacter] Error This blueprint (self) is not a SkeletalMeshComponent, therefore ' Target ' must have a connection.
[2017.12.26-12.05.37:276][223]BlueprintEditorCompileResults:Error: Error This blueprint (self) is not a SkeletalMeshComponent, therefore ' Target ' must have a connection.
[2017.12.26-12.05.37:277][223]LogBlueprint:Warning: [Compiler FirstPersonCharacter] Warning [0330.04] Compile of FirstPersonCharacter failed. 1 Fatal Issue(s) 0 Warning(s) [in 441 ms] (/Game/FirstPersonBP/Blueprints/FirstPersonCharacter.FirstPersonCharacter)
[2017.12.26-12.05.45:625][372]BlueprintLog: New page: Compile FirstPersonCharacter
[2017.12.26-12.05.45:669][372]LogBlueprint:Error: [Compiler FirstPersonCharacter] Error This blueprint (self) is not a AnimInstance, therefore ' Target ' must have a connection.
[2017.12.26-12.05.46:064][372]BlueprintEditorCompileResults:Error: Error This blueprint (self) is not a AnimInstance, therefore ' Target ' must have a connection.
[2017.12.26-12.05.46:065][372]LogBlueprint:Warning: [Compiler FirstPersonCharacter] Warning [0338.82] Compile of FirstPersonCharacter failed. 1 Fatal Issue(s) 0 Warning(s) [in 439 ms] (/Game/FirstPersonBP/Blueprints/FirstPersonCharacter.FirstPersonCharacter)
[2017.12.26-12.05.58:250][589]BlueprintLog: New page: Compile FirstPersonCharacter
[2017.12.26-12.06.04:537][663]LogTemp: Repeting last play command: Selected Viewport
[2017.12.26-12.06.04:902][663]LogBlueprintUserMessages: Early PlayInEditor Detection: Level '/Game/FirstPersonBP/Maps/FirstPersonExampleMap.FirstPersonExampleMap:PersistentLevel' has LevelScriptBlueprint '/Game/FirstPersonBP/Maps/FirstPersonExampleMap.FirstPersonExampleMap:PersistentLevel.FirstPersonExampleMap' with GeneratedClass '/Game/FirstPersonBP/Maps/FirstPersonExampleMap.FirstPersonExampleMap_C' with ClassGeneratedBy '/Game/FirstPersonBP/Maps/FirstPersonExampleMap.FirstPersonExampleMap:PersistentLevel.FirstPersonExampleMap'
[2017.12.26-12.06.04:966][663]LogPlayLevel: PlayLevel: No blueprints needed recompiling
[2017.12.26-12.06.05:157][663]PIE: New page: PIE session: FirstPersonExampleMap (Dec 26, 2017, 2:06:05 PM)
[2017.12.26-12.06.05:169][663]LogPlayLevel: Creating play world package: /Game/FirstPersonBP/Maps/UEDPIE_0_FirstPersonExampleMap
[2017.12.26-12.06.05:313][663]LogPlayLevel: PIE: StaticDuplicateObject took: (0.144069s)
[2017.12.26-12.06.05:314][663]LogAIModule: Creating AISystem for world FirstPersonExampleMap
[2017.12.26-12.06.05:315][663]LogPlayLevel: PIE: World Init took: (0.001202s)
[2017.12.26-12.06.05:330][663]LogPlayLevel: PIE: Created PIE world by copying editor world from /Game/FirstPersonBP/Maps/FirstPersonExampleMap.FirstPersonExampleMap to /Game/FirstPersonBP/Maps/UEDPIE_0_FirstPersonExampleMap.FirstPersonExampleMap (0.160683s)
[2017.12.26-12.06.05:493][663]LogInit: XAudio2 using 'Speaker (Sound Blaster X-Fi Surround 5.1 Pro)' : 2 channels at 48 kHz using 24 bits per sample (channel mask 0x3)
[2017.12.26-12.06.05:507][663]LogInit: FAudioDevice initialized.
[2017.12.26-12.06.05:652][663]LogLoad: Game class is 'FirstPersonGameMode_C'
[2017.12.26-12.06.05:773][663]LogWorld: Bringing World /Game/FirstPersonBP/Maps/UEDPIE_0_FirstPersonExampleMap.FirstPersonExampleMap up for play (max tick rate 0) at 2017.12.26-13.06.05
[2017.12.26-12.06.05:793][663]LogWorld: Bringing up level for play took: 0.023382
[2017.12.26-12.06.07:898][663]LogContentBrowser: Native class hierarchy updated for 'MovieSceneCapture' in 0.0021 seconds. Added 11 classes and 0 folders.
[2017.12.26-12.06.07:958][663]PIE: Info Play in editor start time for /Game/FirstPersonBP/Maps/UEDPIE_0_FirstPersonExampleMap 2.691
[2017.12.26-12.06.07:958][663]LogBlueprintUserMessages: Late PlayInEditor Detection: Level '/Game/FirstPersonBP/Maps/FirstPersonExampleMap.FirstPersonExampleMap:PersistentLevel' has LevelScriptBlueprint '/Game/FirstPersonBP/Maps/FirstPersonExampleMap.FirstPersonExampleMap:PersistentLevel.FirstPersonExampleMap' with GeneratedClass '/Game/FirstPersonBP/Maps/FirstPersonExampleMap.FirstPersonExampleMap_C' with ClassGeneratedBy '/Game/FirstPersonBP/Maps/FirstPersonExampleMap.FirstPersonExampleMap:PersistentLevel.FirstPersonExampleMap'
[2017.12.26-12.06.29:840][ 13]LogBlueprintUserMessages: Early EndPlayMap Detection: Level '/Game/FirstPersonBP/Maps/FirstPersonExampleMap.FirstPersonExampleMap:PersistentLevel' has LevelScriptBlueprint '/Game/FirstPersonBP/Maps/FirstPersonExampleMap.FirstPersonExampleMap:PersistentLevel.FirstPersonExampleMap' with GeneratedClass '/Game/FirstPersonBP/Maps/FirstPersonExampleMap.FirstPersonExampleMap_C' with ClassGeneratedBy '/Game/FirstPersonBP/Maps/FirstPersonExampleMap.FirstPersonExampleMap:PersistentLevel.FirstPersonExampleMap'
[2017.12.26-12.06.30:068][ 13]LogBlueprintUserMessages: Late EndPlayMap Detection: Level '/Game/FirstPersonBP/Maps/FirstPersonExampleMap.FirstPersonExampleMap:PersistentLevel' has LevelScriptBlueprint '/Game/FirstPersonBP/Maps/FirstPersonExampleMap.FirstPersonExampleMap:PersistentLevel.FirstPersonExampleMap' with GeneratedClass '/Game/FirstPersonBP/Maps/FirstPersonExampleMap.FirstPersonExampleMap_C' with ClassGeneratedBy '/Game/FirstPersonBP/Maps/FirstPersonExampleMap.FirstPersonExampleMap:PersistentLevel.FirstPersonExampleMap'
[2017.12.26-12.06.35:967][ 60]LogSavePackage: Save=302.24ms
[2017.12.26-12.06.35:967][ 60]LogSavePackage: Moving '../../../../../../Users/Admin/Documents/Unreal Projects/PGK/Saved/FirstPersonCharacterB2D3643D42C387CF616FE3A775794ED7.tmp' to '../../../../../../Users/Admin/Documents/Unreal Projects/PGK/Content/FirstPersonBP/Blueprints/FirstPersonCharacter.uasset'
[2017.12.26-12.06.36:013][ 60]LogSavePackage:Display: Finished SavePackage ../../../../../../Users/Admin/Documents/Unreal Projects/PGK/Content/FirstPersonBP/Blueprints/FirstPersonCharacter.uasset
[2017.12.26-12.06.46:784][171]LogEditorViewport: Clicking on Actor (LMB): StaticMeshActor (Cube20)
[2017.12.26-12.06.49:268][201]LogEditorViewport: Clicking on Actor (LMB): StaticMeshActor (winda_sciana2)
[2017.12.26-12.06.54:055][264]LogTemp: Repeting last play command: Selected Viewport
[2017.12.26-12.06.54:084][264]LogBlueprintUserMessages: Early PlayInEditor Detection: Level '/Game/FirstPersonBP/Maps/FirstPersonExampleMap.FirstPersonExampleMap:PersistentLevel' has LevelScriptBlueprint '/Game/FirstPersonBP/Maps/FirstPersonExampleMap.FirstPersonExampleMap:PersistentLevel.FirstPersonExampleMap' with GeneratedClass '/Game/FirstPersonBP/Maps/FirstPersonExampleMap.FirstPersonExampleMap_C' with ClassGeneratedBy '/Game/FirstPersonBP/Maps/FirstPersonExampleMap.FirstPersonExampleMap:PersistentLevel.FirstPersonExampleMap'
[2017.12.26-12.06.54:084][264]LogPlayLevel: PlayLevel: No blueprints needed recompiling
[2017.12.26-12.06.54:084][264]PIE: New page: PIE session: FirstPersonExampleMap (Dec 26, 2017, 2:06:54 PM)
[2017.12.26-12.06.54:084][264]LogPlayLevel: Creating play world package: /Game/FirstPersonBP/Maps/UEDPIE_0_FirstPersonExampleMap
[2017.12.26-12.06.54:123][264]LogPlayLevel: PIE: StaticDuplicateObject took: (0.039086s)
[2017.12.26-12.06.54:125][264]LogAIModule: Creating AISystem for world FirstPersonExampleMap
[2017.12.26-12.06.54:125][264]LogPlayLevel: PIE: World Init took: (0.001680s)
[2017.12.26-12.06.54:125][264]LogPlayLevel: PIE: Created PIE world by copying editor world from /Game/FirstPersonBP/Maps/FirstPersonExampleMap.FirstPersonExampleMap to /Game/FirstPersonBP/Maps/UEDPIE_0_FirstPersonExampleMap.FirstPersonExampleMap (0.041119s)
[2017.12.26-12.06.54:201][264]LogInit: XAudio2 using 'Speaker (Sound Blaster X-Fi Surround 5.1 Pro)' : 2 channels at 48 kHz using 24 bits per sample (channel mask 0x3)
[2017.12.26-12.06.54:214][264]LogInit: FAudioDevice initialized.
[2017.12.26-12.06.54:265][264]LogLoad: Game class is 'FirstPersonGameMode_C'
[2017.12.26-12.06.54:271][264]LogWorld: Bringing World /Game/FirstPersonBP/Maps/UEDPIE_0_FirstPersonExampleMap.FirstPersonExampleMap up for play (max tick rate 0) at 2017.12.26-13.06.54
[2017.12.26-12.06.54:271][264]LogWorld: Bringing up level for play took: 0.004482
[2017.12.26-12.06.54:273][264]PIE: Info Play in editor start time for /Game/FirstPersonBP/Maps/UEDPIE_0_FirstPersonExampleMap 1.006
[2017.12.26-12.06.54:273][264]LogBlueprintUserMessages: Late PlayInEditor Detection: Level '/Game/FirstPersonBP/Maps/FirstPersonExampleMap.FirstPersonExampleMap:PersistentLevel' has LevelScriptBlueprint '/Game/FirstPersonBP/Maps/FirstPersonExampleMap.FirstPersonExampleMap:PersistentLevel.FirstPersonExampleMap' with GeneratedClass '/Game/FirstPersonBP/Maps/FirstPersonExampleMap.FirstPersonExampleMap_C' with ClassGeneratedBy '/Game/FirstPersonBP/Maps/FirstPersonExampleMap.FirstPersonExampleMap:PersistentLevel.FirstPersonExampleMap'
[2017.12.26-12.06.55:778][285]LogBlueprintUserMessages: Early EndPlayMap Detection: Level '/Game/FirstPersonBP/Maps/FirstPersonExampleMap.FirstPersonExampleMap:PersistentLevel' has LevelScriptBlueprint '/Game/FirstPersonBP/Maps/FirstPersonExampleMap.FirstPersonExampleMap:PersistentLevel.FirstPersonExampleMap' with GeneratedClass '/Game/FirstPersonBP/Maps/FirstPersonExampleMap.FirstPersonExampleMap_C' with ClassGeneratedBy '/Game/FirstPersonBP/Maps/FirstPersonExampleMap.FirstPersonExampleMap:PersistentLevel.FirstPersonExampleMap'
[2017.12.26-12.06.55:896][285]LogBlueprintUserMessages: Late EndPlayMap Detection: Level '/Game/FirstPersonBP/Maps/FirstPersonExampleMap.FirstPersonExampleMap:PersistentLevel' has LevelScriptBlueprint '/Game/FirstPersonBP/Maps/FirstPersonExampleMap.FirstPersonExampleMap:PersistentLevel.FirstPersonExampleMap' with GeneratedClass '/Game/FirstPersonBP/Maps/FirstPersonExampleMap.FirstPersonExampleMap_C' with ClassGeneratedBy '/Game/FirstPersonBP/Maps/FirstPersonExampleMap.FirstPersonExampleMap:PersistentLevel.FirstPersonExampleMap'
[2017.12.26-12.07.03:173][392]LogEditorViewport: Clicking on Actor (LMB): StaticMeshActor (podloga_kor1)
[2017.12.26-12.07.09:967][485]LogEditorViewport: Clicking on Actor (LMB): StaticMeshActor (SM_Lamp_Wall7)
[2017.12.26-12.07.55:043][156]LogSavePackage: Save=324.54ms
[2017.12.26-12.07.55:043][156]LogSavePackage: Moving '../../../../../../Users/Admin/Documents/Unreal Projects/PGK/Saved/FirstPersonExampleMapD466848B493E21979AEDE991941042CA.tmp' to '../../../../../../Users/Admin/Documents/Unreal Projects/PGK/Content/FirstPersonBP/Maps/FirstPersonExampleMap.umap'
[2017.12.26-12.07.55:056][156]LogSavePackage:Display: Finished SavePackage ../../../../../../Users/Admin/Documents/Unreal Projects/PGK/Content/FirstPersonBP/Maps/FirstPersonExampleMap.umap
[2017.12.26-12.07.55:473][156]LogSavePackage: Save=294.39ms
[2017.12.26-12.07.55:473][156]LogSavePackage: Moving '../../../../../../Users/Admin/Documents/Unreal Projects/PGK/Saved/FirstPersonExampleMap_BuiltData63B040CF4D10A9536CF483B206F44064.tmp' to '../../../../../../Users/Admin/Documents/Unreal Projects/PGK/Content/FirstPersonBP/Maps/FirstPersonExampleMap_BuiltData.uasset'
[2017.12.26-12.07.55:479][156]LogSavePackage:Display: Finished SavePackage ../../../../../../Users/Admin/Documents/Unreal Projects/PGK/Content/FirstPersonBP/Maps/FirstPersonExampleMap_BuiltData.uasset
[2017.12.26-12.08.41:764][684]LogSlate: Only BGRA pngs, bmps or icos are supported in by External Image Picker
[2017.12.26-12.08.43:786][713]LogTemp: Executing iPhonePackager certificates Engine -bundlename com.YourCompany.PGK
[2017.12.26-12.08.43:786][713]LogTemp: CWD: C:\Program Files\Epic Games\UE_4.16\Engine\Binaries\DotNET\IOS
[2017.12.26-12.08.43:786][713]LogTemp: Initial Dir: C:\Program Files\Epic Games\UE_4.16
[2017.12.26-12.08.43:797][713]LogTemp: Env CWD: C:\Program Files\Epic Games\UE_4.16\Engine\Binaries\DotNET\IOS
[2017.12.26-12.08.43:816][713]LogTemp: BranchPath = DESKTOP-A2RNJUS/C/Program Files/Epic Games/UE_4.16/Engine/Binaries --- GameBranchPath = DESKTOP-A2RNJUS/C/Program Files/Epic Games/UE_4.16/Engine/Binaries
[2017.12.26-12.08.44:062][717]LogTemp: IPP ERROR: Could not find provision directory 'C:\Users\Admin\AppData\Local/Apple Computer/MobileDevice/Provisioning Profiles/'.
[2017.12.26-12.09.16:332][174]LogContentStreaming: Texture pool size now 800 MB
[2017.12.26-12.09.16:353][175]LogRenderer: Reallocating scene render targets to support 1208x600 NumSamples 1 (Frame:5692).
[2017.12.26-12.09.18:646][208]LogRenderer: Reallocating scene render targets to support 1208x600 NumSamples 1 (Frame:5725).
[2017.12.26-12.09.18:753][209]LogContentStreaming: Texture pool size now 1000 MB
[2017.12.26-12.10.22:599][158]LogEditorViewport: Clicking on Actor (context menu): StaticMeshActor (sufit_kor1)
[2017.12.26-12.11.32:455][719]Cmd: QUIT_EDITOR
[2017.12.26-12.11.34:208][719]LogWindowsTextInputMethodSystem:Display: IME system now deactivated.
[2017.12.26-12.11.34:208][719]LogWindowsTextInputMethodSystem:Display: IME system now deactivated.
[2017.12.26-12.11.34:325][719]LogExit: Preparing to exit.
[2017.12.26-12.11.36:387][719]LogDirectoryWatcher: A directory notification for 'C:/Users/Admin/Documents/Unreal Projects/PGK/Content/' was aborted.
[2017.12.26-12.11.36:943][719]LogExit: Editor shut down
[2017.12.26-12.11.37:007][719]LogExit: Transaction tracking system shut down
[2017.12.26-12.11.40:658][719]LogObj: Freed 0b from 0 cluster array pools.
[2017.12.26-12.11.40:659][719]LogExit: Object subsystem successfully closed.
[2017.12.26-12.11.40:856][719]LogD3D11RHI: Shutdown
[2017.12.26-12.11.40:856][719]LogD3D11RHI: CleanupD3DDevice
[2017.12.26-12.11.41:158][719]LogD3D11RHI: ~FD3D11DynamicRHI
[2017.12.26-12.11.43:240][719]LogModuleManager: Shutting down and abandoning module ExternalImagePicker (532)
[2017.12.26-12.11.43:266][719]LogModuleManager: Shutting down and abandoning module MovieSceneCapture (530)
[2017.12.26-12.11.43:267][719]LogModuleManager: Shutting down and abandoning module BlueprintGraph (528)
[2017.12.26-12.11.43:267][719]LogModuleManager: Shutting down and abandoning module BlueprintProfiler (526)
[2017.12.26-12.11.43:292][719]LogModuleManager: Shutting down and abandoning module HierarchicalLODOutliner (524)
[2017.12.26-12.11.43:311][719]LogModuleManager: Shutting down and abandoning module CrashTracker (522)
[2017.12.26-12.11.43:311][719]LogModuleManager: Shutting down and abandoning module SceneOutliner (520)
[2017.12.26-12.11.43:311][719]LogModuleManager: Shutting down and abandoning module AddContentDialog (518)
[2017.12.26-12.11.43:341][719]LogDirectoryWatcher: A directory notification for 'C:/Program Files/Epic Games/UE_4.16/FeaturePacks/' was aborted.
[2017.12.26-12.11.43:378][719]LogModuleManager: Shutting down and abandoning module WidgetCarousel (517)
[2017.12.26-12.11.43:378][719]LogModuleManager: Shutting down and abandoning module EditorWidgets (514)
[2017.12.26-12.11.43:378][719]LogModuleManager: Shutting down and abandoning module CollectionManager (512)
[2017.12.26-12.11.43:378][719]LogDirectoryWatcher: A directory notification for 'C:/Users/Admin/Documents/Unreal Projects/PGK/Content/Collections/' was aborted.
[2017.12.26-12.11.43:378][719]LogDirectoryWatcher: A directory notification for 'C:/Users/Admin/Documents/Unreal Projects/PGK/Content/Developers/Admin/Collections/' was aborted.
[2017.12.26-12.11.43:378][719]LogDirectoryWatcher: A directory notification for 'C:/Users/Admin/Documents/Unreal Projects/PGK/Saved/Collections/' was aborted.
[2017.12.26-12.11.43:378][719]LogModuleManager: Shutting down and abandoning module StatsViewer (510)
[2017.12.26-12.11.43:405][719]LogModuleManager: Shutting down and abandoning module FoliageEdit (508)
[2017.12.26-12.11.43:405][719]LogModuleManager: Shutting down and abandoning module LandscapeEditor (506)
[2017.12.26-12.11.43:439][719]LogModuleManager: Shutting down and abandoning module MeshPaintMode (504)
[2017.12.26-12.11.43:439][719]LogModuleManager: Shutting down and abandoning module SceneDepthPickerMode (502)
[2017.12.26-12.11.43:439][719]LogModuleManager: Shutting down and abandoning module ActorPickerMode (500)
[2017.12.26-12.11.43:439][719]LogModuleManager: Shutting down and abandoning module GeometryMode (498)
[2017.12.26-12.11.43:439][719]LogModuleManager: Shutting down and abandoning module TextureAlignMode (496)
[2017.12.26-12.11.43:439][719]LogModuleManager: Shutting down and abandoning module BspMode (494)
[2017.12.26-12.11.43:458][719]LogModuleManager: Shutting down and abandoning module HardwareSurvey (492)
[2017.12.26-12.11.43:468][719]LogModuleManager: Shutting down and abandoning module SequenceRecorderSections (490)
[2017.12.26-12.11.43:484][719]LogModuleManager: Shutting down and abandoning module AutomationWorker (488)
[2017.12.26-12.11.43:517][719]LogModuleManager: Shutting down and abandoning module MatineeToLevelSequence (486)
[2017.12.26-12.11.43:533][719]LogModuleManager: Shutting down and abandoning module LevelSequenceEditor (484)
[2017.12.26-12.11.43:704][719]LogModuleManager: Shutting down and abandoning module PlacementMode (483)
[2017.12.26-12.11.43:704][719]LogModuleManager: Shutting down and abandoning module WmfMediaFactory (480)
[2017.12.26-12.11.43:704][719]LogModuleManager: Shutting down and abandoning module WmfMediaEditor (478)
[2017.12.26-12.11.43:704][719]LogModuleManager: Shutting down and abandoning module AvfMediaFactory (476)
[2017.12.26-12.11.43:704][719]LogModuleManager: Shutting down and abandoning module AvfMediaEditor (474)
[2017.12.26-12.11.43:704][719]LogModuleManager: Shutting down and abandoning module AndroidMediaFactory (472)
[2017.12.26-12.11.43:704][719]LogModuleManager: Shutting down and abandoning module Media (471)
[2017.12.26-12.11.43:704][719]LogModuleManager: Shutting down and abandoning module AndroidMediaEditor (468)
[2017.12.26-12.11.43:704][719]LogModuleManager: Shutting down and abandoning module CharacterAI (466)
[2017.12.26-12.11.43:704][719]LogModuleManager: Shutting down and abandoning module AudioCapture (464)
[2017.12.26-12.11.43:766][719]LogModuleManager: Shutting down and abandoning module SequenceRecorder (463)
[2017.12.26-12.11.43:798][719]LogModuleManager: Shutting down and abandoning module SmartSnapping (460)
[2017.12.26-12.11.43:798][719]LogModuleManager: Shutting down and abandoning module SessionServices (458)
[2017.12.26-12.11.43:798][719]LogModuleManager: Shutting down and abandoning module ViewportSnapping (456)
[2017.12.26-12.11.43:798][719]LogModuleManager: Shutting down and abandoning module ViewportInteraction (454)
[2017.12.26-12.11.43:798][719]LogModuleManager: Shutting down and abandoning module ClothPainter (452)
[2017.12.26-12.11.43:833][719]LogModuleManager: Shutting down and abandoning module LogVisualizer (450)
[2017.12.26-12.11.43:846][719]LogModuleManager: Shutting down and abandoning module IntroTutorials (448)
[2017.12.26-12.11.43:866][719]LogModuleManager: Shutting down and abandoning module GameProjectGeneration (447)
[2017.12.26-12.11.43:919][719]LogModuleManager: Shutting down and abandoning module EditorLiveStreaming (444)
[2017.12.26-12.11.43:919][719]LogModuleManager: Shutting down and abandoning module IOSPlatformEditor (442)
[2017.12.26-12.11.43:919][719]LogModuleManager: Shutting down and abandoning module HTML5PlatformEditor (440)
[2017.12.26-12.11.43:919][719]LogModuleManager: Shutting down and abandoning module AndroidPlatformEditor (438)
[2017.12.26-12.11.43:919][719]LogModuleManager: Shutting down and abandoning module AndroidDeviceDetection (437)
[2017.12.26-12.11.44:536][719]LogModuleManager: Shutting down and abandoning module IOSRuntimeSettings (434)
[2017.12.26-12.11.44:536][719]LogModuleManager: Shutting down and abandoning module AndroidRuntimeSettings (432)
[2017.12.26-12.11.44:537][719]LogModuleManager: Shutting down and abandoning module InputBindingEditor (430)
[2017.12.26-12.11.44:551][719]LogModuleManager: Shutting down and abandoning module MergeActors (428)
[2017.12.26-12.11.44:562][719]LogModuleManager: Shutting down and abandoning module SizeMap (426)
[2017.12.26-12.11.44:562][719]LogModuleManager: Shutting down and abandoning module TreeMap (424)
[2017.12.26-12.11.44:584][719]LogModuleManager: Shutting down and abandoning module ReferenceViewer (422)
[2017.12.26-12.11.44:616][719]LogModuleManager: Shutting down and abandoning module LocalizationDashboard (420)
[2017.12.26-12.11.44:659][719]LogModuleManager: Shutting down and abandoning module LocalizationService (419)
[2017.12.26-12.11.44:699][719]LogModuleManager: Shutting down and abandoning module HardwareTargeting (416)
[2017.12.26-12.11.44:699][719]LogModuleManager: Shutting down and abandoning module DeviceProfileEditor (414)
[2017.12.26-12.11.44:719][719]LogModuleManager: Shutting down and abandoning module UndoHistory (412)
[2017.12.26-12.11.44:740][719]LogModuleManager: Shutting down and abandoning module UserFeedback (410)
[2017.12.26-12.11.44:740][719]LogModuleManager: Shutting down and abandoning module XmlParser (408)
[2017.12.26-12.11.44:757][719]LogModuleManager: Shutting down and abandoning module Blutility (406)
[2017.12.26-12.11.44:776][719]LogModuleManager: Shutting down and abandoning module ProjectSettingsViewer (404)
[2017.12.26-12.11.44:776][719]LogModuleManager: Shutting down and abandoning module ProjectTargetPlatformEditor (403)
[2017.12.26-12.11.44:776][719]LogModuleManager: Shutting down and abandoning module EditorSettingsViewer (400)
[2017.12.26-12.11.44:776][719]LogModuleManager: Shutting down and abandoning module SettingsEditor (398)
[2017.12.26-12.11.44:776][719]LogModuleManager: Shutting down and abandoning module ProjectLauncher (396)
[2017.12.26-12.11.44:796][719]LogModuleManager: Shutting down and abandoning module SessionFrontend (394)
[2017.12.26-12.11.44:827][719]LogModuleManager: Shutting down and abandoning module ProfilerClient (392)
[2017.12.26-12.11.44:871][719]LogModuleManager: Shutting down and abandoning module DeviceManager (390)
[2017.12.26-12.11.44:895][719]LogModuleManager: Shutting down and abandoning module TargetDeviceServices (389)
[2017.12.26-12.11.44:960][719]LogModuleManager: Shutting down and abandoning module AutomationController (386)
[2017.12.26-12.11.45:001][719]LogModuleManager: Shutting down and abandoning module AutomationWindow (384)
[2017.12.26-12.11.45:072][719]LogModuleManager: Shutting down and abandoning module Layers (382)
[2017.12.26-12.11.45:132][719]LogModuleManager: Shutting down and abandoning module ComponentVisualizers (380)
[2017.12.26-12.11.45:132][719]LogModuleManager: Shutting down and abandoning module DetailCustomizations (378)
[2017.12.26-12.11.45:155][719]LogModuleManager: Shutting down and abandoning module PackagesDialog (376)
[2017.12.26-12.11.45:191][719]LogModuleManager: Shutting down and abandoning module Persona (374)
[2017.12.26-12.11.45:214][719]LogModuleManager: Shutting down and abandoning module AdvancedPreviewScene (373)
[2017.12.26-12.11.45:214][719]LogModuleManager: Shutting down and abandoning module AnimGraph (371)
[2017.12.26-12.11.45:214][719]LogModuleManager: Shutting down and abandoning module Kismet (368)
[2017.12.26-12.11.45:227][719]LogModuleManager: Shutting down and abandoning module ClassViewer (366)
[2017.12.26-12.11.45:227][719]LogModuleManager: Shutting down and abandoning module Toolbox (364)
[2017.12.26-12.11.45:248][719]LogModuleManager: Shutting down and abandoning module ModuleUI (362)
[2017.12.26-12.11.45:278][719]LogModuleManager: Shutting down and abandoning module MovieSceneTools (360)
[2017.12.26-12.11.45:310][719]LogModuleManager: Shutting down and abandoning module OutputLog (358)
[2017.12.26-12.11.45:332][719]LogModuleManager: Shutting down and abandoning module GammaUI (356)
[2017.12.26-12.11.45:382][719]LogModuleManager: Shutting down and abandoning module Documentation (354)
[2017.12.26-12.11.45:382][719]LogModuleManager: Shutting down and abandoning module MovieSceneTracks (352)
[2017.12.26-12.11.45:382][719]LogModuleManager: Shutting down and abandoning module MovieScene (350)
[2017.12.26-12.11.45:382][719]LogModuleManager: Shutting down and abandoning module Niagara (348)
[2017.12.26-12.11.45:382][719]LogModuleManager: Shutting down and abandoning module NiagaraEditor (347)
[2017.12.26-12.11.45:479][719]LogModuleManager: Shutting down and abandoning module StreamingPauseRendering (344)
[2017.12.26-12.11.45:479][719]LogModuleManager: Shutting down and abandoning module AnalyticsET (342)
[2017.12.26-12.11.45:479][719]LogModuleManager: Shutting down and abandoning module PortalServices (340)
[2017.12.26-12.11.45:479][719]LogModuleManager: Shutting down and abandoning module PortalRpc (338)
[2017.12.26-12.11.45:479][719]LogModuleManager: Shutting down and abandoning module MessagingRpc (336)
[2017.12.26-12.11.45:479][719]LogModuleManager: Shutting down and abandoning module AIModule (334)
[2017.12.26-12.11.45:479][719]LogModuleManager: Shutting down and abandoning module GameplayDebugger (333)
[2017.12.26-12.11.45:479][719]LogModuleManager: Shutting down and abandoning module AITestSuite (331)
[2017.12.26-12.11.45:493][719]LogModuleManager: Shutting down and abandoning module ProfilerService (328)
[2017.12.26-12.11.45:627][719]LogModuleManager: Shutting down and abandoning module TaskGraph (326)
[2017.12.26-12.11.45:637][719]LogModuleManager: Shutting down and abandoning module SteamVRController (324)
[2017.12.26-12.11.45:637][719]LogModuleManager: Shutting down and abandoning module SteamVR (322)
[2017.12.26-12.11.45:637][719]LogModuleManager: Shutting down and abandoning module ProceduralMeshComponentEditor (320)
[2017.12.26-12.11.45:654][719]LogModuleManager: Shutting down and abandoning module ProceduralMeshComponent (318)
[2017.12.26-12.11.45:677][719]LogModuleManager: Shutting down and abandoning module OculusLibrary (316)
[2017.12.26-12.11.45:677][719]LogModuleManager: Shutting down and abandoning module OculusInput (314)
[2017.12.26-12.11.45:677][719]LogModuleManager: Shutting down and abandoning module MobilePatchingUtils (312)
[2017.12.26-12.11.45:677][719]LogModuleManager: Shutting down and abandoning module CustomMeshComponent (310)
[2017.12.26-12.11.45:678][719]LogModuleManager: Shutting down and abandoning module CableComponent (308)
[2017.12.26-12.11.45:701][719]LogModuleManager: Shutting down and abandoning module ArchVisCharacter (306)
[2017.12.26-12.11.45:701][719]LogModuleManager: Shutting down and abandoning module AndroidPermission (304)
[2017.12.26-12.11.45:701][719]LogModuleManager: Shutting down and abandoning module MediaPlayerEditor (300)
[2017.12.26-12.11.45:753][719]LogModuleManager: Shutting down and abandoning module HTML5Networking (298)
[2017.12.26-12.11.45:754][719]LogModuleManager: Shutting down and abandoning module AlembicImporter (296)
[2017.12.26-12.11.45:791][719]LogModuleManager: Shutting down and abandoning module AlembicLibrary (295)
[2017.12.26-12.11.45:792][719]LogModuleManager: Shutting down and abandoning module GeometryCache (294)
[2017.12.26-12.11.45:819][719]LogModuleManager: Shutting down and abandoning module GeometryCacheEd (293)
[2017.12.26-12.11.45:819][719]LogModuleManager: Shutting down and abandoning module SuperSearchEditor (288)
[2017.12.26-12.11.45:819][719]LogModuleManager: Shutting down and abandoning module SuperSearch (287)
[2017.12.26-12.11.45:819][719]LogModuleManager: Shutting down and abandoning module SpeedTreeImporter (284)
[2017.12.26-12.11.45:819][719]LogModuleManager: Shutting down and abandoning module PluginBrowser (282)
[2017.12.26-12.11.45:843][719]LogModuleManager: Shutting down and abandoning module MobileLauncherProfileWizard (280)
[2017.12.26-12.11.45:869][719]LogModuleManager: Shutting down and abandoning module VisualStudioSourceCodeAccess (278)
[2017.12.26-12.11.45:869][719]LogModuleManager: Shutting down and abandoning module DesktopPlatform (277)
[2017.12.26-12.11.45:869][719]LogModuleManager: Shutting down and abandoning module UObjectPlugin (274)
[2017.12.26-12.11.45:869][719]LogModuleManager: Shutting down and abandoning module SubversionSourceControl (272)
[2017.12.26-12.11.45:895][719]LogModuleManager: Shutting down and abandoning module PerforceSourceControl (270)
[2017.12.26-12.11.45:936][719]LogModuleManager: Shutting down and abandoning module GitSourceControl (268)
[2017.12.26-12.11.45:945][719]LogModuleManager: Shutting down and abandoning module SourceControl (267)
[2017.12.26-12.11.45:964][719]LogModuleManager: Shutting down and abandoning module LightPropagationVolumeEditor (264)
[2017.12.26-12.11.45:964][719]LogModuleManager: Shutting down and abandoning module PaperTiledImporter (262)
[2017.12.26-12.11.45:964][719]LogModuleManager: Shutting down and abandoning module PaperSpriteSheetImporter (260)
[2017.12.26-12.11.45:964][719]LogModuleManager: Shutting down and abandoning module Paper2DEditor (258)
[2017.12.26-12.11.45:975][719]LogModuleManager: Shutting down and abandoning module MeshPaint (257)
[2017.12.26-12.11.45:988][719]LogModuleManager: Shutting down and abandoning module LevelEditor (255)
[2017.12.26-12.11.46:000][719]LogModuleManager: Shutting down and abandoning module PixelInspectorModule (254)
[2017.12.26-12.11.46:026][719]LogModuleManager: Shutting down and abandoning module MainFrame (252)
[2017.12.26-12.11.46:036][719]LogModuleManager: Shutting down and abandoning module HotReload (251)
[2017.12.26-12.11.46:046][719]LogModuleManager: Shutting down and abandoning module PhysXVehiclesEditor (246)
[2017.12.26-12.11.46:055][719]LogModuleManager: Shutting down and abandoning module PhysXVehicles (244)
[2017.12.26-12.11.46:055][719]LogModuleManager: Shutting down and abandoning module LocationServicesBPLibrary (242)
[2017.12.26-12.11.46:055][719]LogModuleManager: Shutting down and abandoning module ImmediatePhysicsEditor (240)
[2017.12.26-12.11.46:055][719]LogModuleManager: Shutting down and abandoning module ImmediatePhysics (238)
[2017.12.26-12.11.46:059][719]LogModuleManager: Shutting down and abandoning module UdpMessaging (236)
[2017.12.26-12.11.46:160][719]LogModuleManager: Shutting down and abandoning module TcpMessaging (234)
[2017.12.26-12.11.46:274][719]LogModuleManager: Shutting down and abandoning module GameplayTagsEditor (232)
[2017.12.26-12.11.46:290][719]LogModuleManager: Shutting down and abandoning module FacialAnimationEditor (230)
[2017.12.26-12.11.46:311][719]LogModuleManager: Shutting down and abandoning module FacialAnimation (228)
[2017.12.26-12.11.46:311][719]LogModuleManager: Shutting down and abandoning module AssetManagerEditor (226)
[2017.12.26-12.11.46:334][719]LogModuleManager: Shutting down and abandoning module GraphEditor (225)
[2017.12.26-12.11.46:335][719]LogModuleManager: Shutting down and abandoning module ContentBrowser (223)
[2017.12.26-12.11.46:337][719]LogModuleManager: Shutting down and abandoning module LightPropagationVolumeRuntime (220)
[2017.12.26-12.11.46:337][719]LogModuleManager: Shutting down and abandoning module Paper2D (218)
[2017.12.26-12.11.46:359][719]LogModuleManager: Shutting down and abandoning module WindowsMoviePlayer (216)
[2017.12.26-12.11.46:359][719]LogModuleManager: Shutting down and abandoning module WmfMedia (214)
[2017.12.26-12.11.46:388][719]LogModuleManager: Shutting down and abandoning module ClothingSystemEditor (212)
[2017.12.26-12.11.46:388][719]LogModuleManager: Shutting down and abandoning module ClothingSystemRuntime (210)
[2017.12.26-12.11.46:411][719]LogModuleManager: Shutting down and abandoning module MediaAssets (208)
[2017.12.26-12.11.46:411][719]LogModuleManager: Shutting down and abandoning module GameLiveStreaming (206)
[2017.12.26-12.11.46:451][719]LogModuleManager: Shutting down and abandoning module VREditor (204)
[2017.12.26-12.11.46:479][719]LogModuleManager: Shutting down and abandoning module StringTableEditor (202)
[2017.12.26-12.11.46:505][719]LogModuleManager: Shutting down and abandoning module GameplayTasksEditor (200)
[2017.12.26-12.11.46:505][719]LogModuleManager: Shutting down and abandoning module BehaviorTreeEditor (198)
[2017.12.26-12.11.46:610][719]LogModuleManager: Shutting down and abandoning module FunctionalTesting (196)
[2017.12.26-12.11.46:610][719]LogModuleManager: Shutting down and abandoning module CollisionAnalyzer (194)
[2017.12.26-12.11.46:972][719]LogModuleManager: Shutting down and abandoning module UMG (192)
[2017.12.26-12.11.46:981][719]LogModuleManager: Shutting down and abandoning module UMGEditor (191)
[2017.12.26-12.11.47:074][719]LogModuleManager: Shutting down and abandoning module Sequencer (190)
[2017.12.26-12.11.47:140][719]LogModuleManager: Shutting down and abandoning module AssetTools (188)
[2017.12.26-12.11.47:254][719]LogModuleManager: Shutting down and abandoning module MessageLog (187)
[2017.12.26-12.11.47:254][719]LogModuleManager: Shutting down and abandoning module WorkspaceMenuStructure (186)
[2017.12.26-12.11.47:254][719]LogModuleManager: Shutting down and abandoning module SlateReflector (180)
[2017.12.26-12.11.47:327][719]LogModuleManager: Shutting down and abandoning module Slate (178)
[2017.12.26-12.11.47:327][719]LogModuleManager: Shutting down and abandoning module EditorStyle (176)
[2017.12.26-12.11.47:334][719]LogModuleManager: Shutting down and abandoning module SourceCodeAccess (174)
[2017.12.26-12.11.47:334][719]LogModuleManager: Shutting down and abandoning module HeadMountedDisplay (172)
[2017.12.26-12.11.47:334][719]LogModuleManager: Shutting down and abandoning module XAudio2 (170)
[2017.12.26-12.11.47:334][719]LogModuleManager: Shutting down and abandoning module Networking (168)
[2017.12.26-12.11.47:334][719]LogModuleManager: Shutting down and abandoning module Core (164)
[2017.12.26-12.11.47:334][719]LogModuleManager: Shutting down and abandoning module AssetRegistry (162)
[2017.12.26-12.11.47:570][719]LogDirectoryWatcher: A directory notification for '../../../Engine/Content/' was aborted.
[2017.12.26-12.11.47:571][719]LogDirectoryWatcher: A directory notification for '../../../../../../Users/Admin/Documents/Unreal Projects/PGK/Content/' was aborted.
[2017.12.26-12.11.47:571][719]LogDirectoryWatcher: A directory notification for '../../../Engine/Plugins/2D/Paper2D/Content/' was aborted.
[2017.12.26-12.11.47:571][719]LogDirectoryWatcher: A directory notification for '../../../Engine/Plugins/Runtime/GearVR/Content/' was aborted.
[2017.12.26-12.11.47:590][719]LogModuleManager: Shutting down and abandoning module DirectoryWatcher (161)
[2017.12.26-12.11.47:598][719]LogModuleManager: Shutting down and abandoning module KismetCompiler (158)
[2017.12.26-12.11.47:598][719]LogModuleManager: Shutting down and abandoning module LevelSequence (156)
[2017.12.26-12.11.47:598][719]LogModuleManager: Shutting down and abandoning module PhysXFormats (154)
[2017.12.26-12.11.47:598][719]LogModuleManager: Shutting down and abandoning module MeshUtilities (152)
[2017.12.26-12.11.47:702][719]LogModuleManager: Shutting down and abandoning module SimplygonSwarm (151)
[2017.12.26-12.11.47:723][719]LogModuleManager: Shutting down and abandoning module SimplygonMeshReduction (149)
[2017.12.26-12.11.47:723][719]LogModuleManager: Shutting down and abandoning module QuadricMeshReduction (147)
[2017.12.26-12.11.47:753][719]LogModuleManager: Shutting down and abandoning module DerivedDataCache (144)
[2017.12.26-12.11.47:767][719]LogDerivedDataCache: Shutdown
[2017.12.26-12.11.47:767][719]LogModuleManager: Shutting down and abandoning module TargetPlatform (142)
[2017.12.26-12.11.47:767][719]LogModuleManager: Shutting down and abandoning module VulkanShaderFormat (141)
[2017.12.26-12.11.47:789][719]LogModuleManager: Shutting down and abandoning module ShaderFormatVectorVM (139)
[2017.12.26-12.11.47:841][719]LogModuleManager: Shutting down and abandoning module ShaderFormatOpenGL (137)
[2017.12.26-12.11.47:890][719]LogModuleManager: Shutting down and abandoning module ShaderFormatD3D (135)
[2017.12.26-12.11.47:922][719]LogModuleManager: Shutting down and abandoning module MetalShaderFormat (133)
[2017.12.26-12.11.47:959][719]LogModuleManager: Shutting down and abandoning module TextureFormatUncompressed (131)
[2017.12.26-12.11.47:959][719]LogModuleManager: Shutting down and abandoning module TextureFormatPVR (129)
[2017.12.26-12.11.47:959][719]LogModuleManager: Shutting down and abandoning module TextureFormatDXT (127)
[2017.12.26-12.11.47:967][719]LogModuleManager: Shutting down and abandoning module TextureFormatIntelISPCTexComp (125)
[2017.12.26-12.11.48:028][719]LogModuleManager: Shutting down and abandoning module TextureFormatASTC (123)
[2017.12.26-12.11.48:028][719]LogModuleManager: Shutting down and abandoning module ImageWrapper (122)
[2017.12.26-12.11.48:028][719]LogModuleManager: Shutting down and abandoning module TextureFormatAndroid (119)
[2017.12.26-12.11.48:028][719]LogModuleManager: Shutting down and abandoning module AudioFormatOpus (117)
[2017.12.26-12.11.48:028][719]LogModuleManager: Shutting down and abandoning module AudioFormatOgg (115)
[2017.12.26-12.11.48:028][719]LogModuleManager: Shutting down and abandoning module AudioFormatADPCM (113)
[2017.12.26-12.11.48:028][719]LogModuleManager: Shutting down and abandoning module LinuxTargetPlatform (111)
[2017.12.26-12.11.48:028][719]LogModuleManager: Shutting down and abandoning module LinuxServerTargetPlatform (109)
[2017.12.26-12.11.48:028][719]LogModuleManager: Shutting down and abandoning module LinuxNoEditorTargetPlatform (107)
[2017.12.26-12.11.48:028][719]LogModuleManager: Shutting down and abandoning module LinuxClientTargetPlatform (105)
[2017.12.26-12.11.48:028][719]LogModuleManager: Shutting down and abandoning module TVOSTargetPlatform (103)
[2017.12.26-12.11.48:028][719]LogModuleManager: Shutting down and abandoning module Messaging (101)
[2017.12.26-12.11.48:028][719]LogModuleManager: Shutting down and abandoning module IOSTargetPlatform (99)
[2017.12.26-12.11.48:028][719]LogModuleManager: Shutting down and abandoning module HTML5TargetPlatform (97)
[2017.12.26-12.11.48:028][719]LogModuleManager: Shutting down and abandoning module Android_PVRTCTargetPlatform (95)
[2017.12.26-12.11.48:058][719]LogModuleManager: Shutting down and abandoning module Android_MultiTargetPlatform (93)
[2017.12.26-12.11.48:058][719]LogModuleManager: Shutting down and abandoning module Android_ETC2TargetPlatform (91)
[2017.12.26-12.11.48:076][719]LogModuleManager: Shutting down and abandoning module Android_ETC1TargetPlatform (89)
[2017.12.26-12.11.48:195][719]LogModuleManager: Shutting down and abandoning module Android_DXTTargetPlatform (87)
[2017.12.26-12.11.48:242][719]LogModuleManager: Shutting down and abandoning module Android_ATCTargetPlatform (85)
[2017.12.26-12.11.48:283][719]LogModuleManager: Shutting down and abandoning module Android_ASTCTargetPlatform (83)
[2017.12.26-12.11.48:283][719]LogModuleManager: Shutting down and abandoning module AndroidTargetPlatform (81)
[2017.12.26-12.11.48:302][719]LogModuleManager: Shutting down and abandoning module WindowsTargetPlatform (79)
[2017.12.26-12.11.48:302][719]LogModuleManager: Shutting down and abandoning module WindowsServerTargetPlatform (77)
[2017.12.26-12.11.48:302][719]LogModuleManager: Shutting down and abandoning module WindowsNoEditorTargetPlatform (75)
[2017.12.26-12.11.48:302][719]LogModuleManager: Shutting down and abandoning module WindowsClientTargetPlatform (73)
[2017.12.26-12.11.48:302][719]LogModuleManager: Shutting down and abandoning module MacTargetPlatform (71)
[2017.12.26-12.11.48:302][719]LogModuleManager: Shutting down and abandoning module MacServerTargetPlatform (69)
[2017.12.26-12.11.48:302][719]LogModuleManager: Shutting down and abandoning module MacNoEditorTargetPlatform (67)
[2017.12.26-12.11.48:302][719]LogModuleManager: Shutting down and abandoning module MacClientTargetPlatform (65)
[2017.12.26-12.11.48:302][719]LogModuleManager: Shutting down and abandoning module AllDesktopTargetPlatform (63)
[2017.12.26-12.11.48:302][719]LogModuleManager: Shutting down and abandoning module InputCore (60)
[2017.12.26-12.11.48:302][719]LogModuleManager: Shutting down and abandoning module Settings (58)
[2017.12.26-12.11.48:302][719]LogModuleManager: Shutting down and abandoning module OculusRift (56)
[2017.12.26-12.11.48:342][719]LogModuleManager: Shutting down and abandoning module GearVRController (54)
[2017.12.26-12.11.48:342][719]LogModuleManager: Shutting down and abandoning module GearVR (52)
[2017.12.26-12.11.48:355][719]LogModuleManager: Shutting down and abandoning module ExampleDeviceProfileSelector (50)
[2017.12.26-12.11.48:356][719]LogModuleManager: Shutting down and abandoning module OnlineBlueprintSupport (48)
[2017.12.26-12.11.48:356][719]LogModuleManager: Shutting down and abandoning module OnlineSubsystem (44)
[2017.12.26-12.11.48:356][719]LogOnline:Display: Unloading online subsystem: NULL
[2017.12.26-12.11.48:411][719]LogModuleManager: Shutting down and abandoning module XMPP (43)
[2017.12.26-12.11.48:433][719]LogModuleManager: Shutting down and abandoning module HTTP (41)
[2017.12.26-12.11.48:433][719]LogHttp:Display: Http module shutting down, but needs to wait on 1 outstanding Http requests:
[2017.12.26-12.11.48:458][719]LogHttp:Display: 	verb=[POST] url=[https://datarouter.ol.epicgames.com/datarouter/api/v1/public/data?SessionID=%7BAB835353-48E2-EA19-F1EB-C882C89A6979%7D&AppID=UEEditor.Rocket.Release&AppVersion=4.16.3-3561208%2B%2B%2BUE4%2BRelease-4.16&UserID=aae8a49749ce98dfa746fdb49696dcf9%7C10f31e859aec4f3697349fedfddfe259%7C565fec22-d8b4-42a4-b7fe-df25e8802acb&AppEnvironment=datacollector-binary&UploadType=eteventstream] status=Processing
[2017.12.26-12.11.48:492][719]LogModuleManager: Shutting down and abandoning module SSL (40)
[2017.12.26-12.11.48:527][719]LogModuleManager: Shutting down and abandoning module HTTPChunkInstaller (36)
[2017.12.26-12.11.48:561][719]LogModuleManager: Shutting down and abandoning module AnimationModifiers (34)
[2017.12.26-12.11.48:591][719]LogModuleManager: Shutting down and abandoning module PropertyEditor (33)
[2017.12.26-12.11.48:591][719]LogModuleManager: Shutting down and abandoning module AudioEditor (30)
[2017.12.26-12.11.48:717][719]LogModuleManager: Shutting down and abandoning module TextureCompressor (28)
[2017.12.26-12.11.48:769][719]LogModuleManager: Shutting down and abandoning module ShaderCore (26)
[2017.12.26-12.11.48:769][719]LogModuleManager: Shutting down and abandoning module Landscape (24)
[2017.12.26-12.11.48:769][719]LogModuleManager: Shutting down and abandoning module SlateRHIRenderer (22)
[2017.12.26-12.11.48:792][719]LogModuleManager: Shutting down and abandoning module OpenGLDrv (20)
[2017.12.26-12.11.48:813][719]LogModuleManager: Shutting down and abandoning module D3D11RHI (18)
[2017.12.26-12.11.48:813][719]LogModuleManager: Shutting down and abandoning module AnimGraphRuntime (16)
[2017.12.26-12.11.48:838][719]LogModuleManager: Shutting down and abandoning module Renderer (14)
[2017.12.26-12.11.48:838][719]LogModuleManager: Shutting down and abandoning module Engine (12)
[2017.12.26-12.11.48:838][719]LogModuleManager: Shutting down and abandoning module CoreUObject (10)
[2017.12.26-12.11.48:838][719]LogModuleManager: Shutting down and abandoning module NetworkFile (8)
[2017.12.26-12.11.48:850][719]LogModuleManager: Shutting down and abandoning module StreamingFile (6)
[2017.12.26-12.11.48:889][719]LogModuleManager: Shutting down and abandoning module SandboxFile (4)
[2017.12.26-12.11.48:889][719]LogModuleManager: Shutting down and abandoning module PakFile (2)
[2017.12.26-12.11.48:967][719]LogExit: Exiting.
[2017.12.26-12.11.48:993][719]Log file closed, 12/26/17 13:11:48
