Log file open, 01/04/18 12:58:03
LogInit:Display: Running engine for game: PGK
LogPlatformFile: Not using cached read wrapper
LogInit:Display: RandInit(-1323748587) SRandInit(-1323748587).
LogTaskGraph: Started task graph with 5 named threads and 8 total threads with 1 sets of task threads.
LogStats: Stats thread started at 0.105953
LogInit: Using libcurl 7.47.1
LogInit:  - built for x86_64-pc-win32
LogInit:  - supports SSL with OpenSSL/1.0.2g
LogInit:  - supports HTTP deflate (compression) using libz 1.2.8
LogInit:  - other features:
LogInit:      CURL_VERSION_SSL
LogInit:      CURL_VERSION_LIBZ
LogInit:      CURL_VERSION_IPV6
LogInit:      CURL_VERSION_ASYNCHDNS
LogInit:      CURL_VERSION_LARGEFILE
LogInit:      CURL_VERSION_IDN
LogInit:  CurlRequestOptions (configurable via config and command line):
LogInit:  - bVerifyPeer = false  - Libcurl will NOT verify peer certificate
LogInit:  - bUseHttpProxy = false  - Libcurl will NOT use HTTP proxy
LogInit:  - bDontReuseConnections = false  - Libcurl will reuse connections
LogInit:  - CertBundlePath = nullptr  - Libcurl will use whatever was configured at build time.
LogInit: Build: ++UE4+Release-4.16-CL-3561208
LogInit: Engine Version: 4.16.3-3561208+++UE4+Release-4.16
LogInit: Compatible Engine Version: 4.16.0-3452394+++UE4+Release-4.16
LogInit: Net CL: 3452394
LogDevObjectVersion: Number of dev versions registered: 16
LogDevObjectVersion:   Dev-Blueprints (B0D832E4-1F89-4F0D-ACCF-7EB736FD4AA2): 9
LogDevObjectVersion:   Dev-Build (E1C64328-A22C-4D53-A36C-8E866417BD8C): 0
LogDevObjectVersion:   Dev-Core (375EC13C-06E4-48FB-B500-84F0262A717E): 2
LogDevObjectVersion:   Dev-Editor (E4B068ED-F494-42E9-A231-DA0B2E46BB41): 17
LogDevObjectVersion:   Dev-Framework (CFFC743F-43B0-4480-9391-14DF171D2073): 23
LogDevObjectVersion:   Dev-Mobile (B02B49B5-BB20-44E9-A304-32B752E40360): 0
LogDevObjectVersion:   Dev-Networking (A4E4105C-59A1-49B5-A7C5-40C4547EDFEE): 0
LogDevObjectVersion:   Dev-Online (39C831C9-5AE6-47DC-9A44-9C173E1C8E7C): 0
LogDevObjectVersion:   Dev-Physics (78F01B33-EBEA-4F98-B9B4-84EACCB95AA2): 0
LogDevObjectVersion:   Dev-Platform (6631380F-2D4D-43E0-8009-CF276956A95A): 0
LogDevObjectVersion:   Dev-Rendering (12F88B9F-8875-4AFC-A67C-D90C383ABD29): 15
LogDevObjectVersion:   Dev-Sequencer (7B5AE74C-D270-4C10-A958-57980B212A5A): 4
LogDevObjectVersion:   Dev-VR (D7296918-1DD6-4BDD-9DE2-64A83CC13884): 0
LogDevObjectVersion:   Dev-LoadTimes (C2A15278-BFE7-4AFE-6C17-90FF531DF755): 1
LogDevObjectVersion:   Private-Geometry (6EACA3D4-40EC-4CC1-B786-8BED09428FC5): 1
LogDevObjectVersion:   Dev-AnimPhys (29E575DD-E0A3-4627-9D10-D276232CDCEA): 3
LogInit: Compiled (64-bit): Jul 28 2017 11:49:47
LogInit: Compiled with Visual C++: 19.00.24215.01
LogInit: Build Configuration: Development
LogInit: Branch Name: ++UE4+Release-4.16
LogInit: Command line: -EpicPortal 
LogInit: Base directory: P:/silnik/UE_4.16/Engine/Binaries/Win64/
LogInit: Installed Engine Build: 1
LogInit: Presizing for max 8388607 objects, including 0 objects not considered by GC, pre-allocating 0 bytes for permanent pool.
LogInit: Object subsystem initialized
[2018.01.04-11.58.03:764][  0]LogInit: Selected Device Profile: [Windows]
[2018.01.04-11.58.03:764][  0]LogInit: Applying CVar settings loaded from the selected device profile: [Windows]
[2018.01.04-11.58.03:773][  0]LogInit: Computer: GROBKOMP
[2018.01.04-11.58.03:773][  0]LogInit: User: Robert
[2018.01.04-11.58.03:773][  0]LogInit: CPU Page size=4096, Cores=4
[2018.01.04-11.58.03:773][  0]LogInit: High frequency timer resolution =2.249998 MHz
[2018.01.04-11.58.03:773][  0]LogMemory: Memory total: Physical=7.9GB (8GB approx)
[2018.01.04-11.58.03:773][  0]LogMemory: Platform Memory Stats for Windows
[2018.01.04-11.58.03:773][  0]LogMemory: Process Physical Memory: 275.47 MB used, 275.47 MB peak
[2018.01.04-11.58.03:773][  0]LogMemory: Process Virtual Memory: 266.75 MB used, 266.75 MB peak
[2018.01.04-11.58.03:773][  0]LogMemory: Physical Memory: 5077.11 MB used,  3033.09 MB free, 8110.20 MB total
[2018.01.04-11.58.03:773][  0]LogMemory: Virtual Memory: 663.04 MB used,  3033.09 MB free, 134217728.00 MB total
[2018.01.04-11.58.03:847][  0]LogInit: Using OS detected language (pl-PL).
[2018.01.04-11.58.03:847][  0]LogInit: Using OS detected locale (pl-PL).
[2018.01.04-11.58.03:853][  0]LogTextLocalizationManager: No localization for 'pl-PL' exists, so 'en' will be used for the language.
[2018.01.04-11.58.03:854][  0]LogTextLocalizationManager: No localization for 'pl-PL' exists, so 'en' will be used for the locale.
[2018.01.04-11.58.05:167][  0]LogD3D11RHI: D3D11 adapters:
[2018.01.04-11.58.06:011][  0]LogD3D11RHI:    0. 'NVIDIA GeForce GTX 960M' (Feature Level 11_0)
[2018.01.04-11.58.06:011][  0]LogD3D11RHI:       2017/0/4055 MB DedicatedVideo/DedicatedSystem/SharedSystem, Outputs:2, VendorId:0x10de
[2018.01.04-11.58.06:021][  0]LogD3D11RHI:    1. 'Intel(R) HD Graphics 530' (Feature Level 11_0)
[2018.01.04-11.58.06:021][  0]LogD3D11RHI:       128/0/4055 MB DedicatedVideo/DedicatedSystem/SharedSystem, Outputs:0, VendorId:0x8086
[2018.01.04-11.58.06:024][  0]LogD3D11RHI:    2. 'Microsoft Basic Render Driver' (Feature Level 11_0)
[2018.01.04-11.58.06:024][  0]LogD3D11RHI:       0/0/4055 MB DedicatedVideo/DedicatedSystem/SharedSystem, Outputs:0, VendorId:0x1414
[2018.01.04-11.58.06:025][  0]LogD3D11RHI: Chosen D3D11 Adapter: 0
[2018.01.04-11.58.06:030][  0]LogD3D11RHI: Creating new Direct3DDevice
[2018.01.04-11.58.06:030][  0]LogD3D11RHI:     GPU DeviceId: 0x139b (for the marketing name, search the web for "GPU Device Id")
[2018.01.04-11.58.06:030][  0]LogWindows: EnumDisplayDevices:
[2018.01.04-11.58.06:030][  0]LogWindows:    0. 'Intel(R) HD Graphics 530' (P:1 D:1)
[2018.01.04-11.58.06:030][  0]LogWindows:    1. 'Intel(R) HD Graphics 530' (P:0 D:1)
[2018.01.04-11.58.06:031][  0]LogWindows:    2. 'Intel(R) HD Graphics 530' (P:0 D:0)
[2018.01.04-11.58.06:031][  0]LogWindows:    3. 'NVIDIA GeForce GTX 960M' (P:0 D:0)
[2018.01.04-11.58.06:031][  0]LogWindows:    4. 'NVIDIA GeForce GTX 960M' (P:0 D:0)
[2018.01.04-11.58.06:031][  0]LogWindows:    5. 'NVIDIA GeForce GTX 960M' (P:0 D:0)
[2018.01.04-11.58.06:031][  0]LogWindows:    6. 'NVIDIA GeForce GTX 960M' (P:0 D:0)
[2018.01.04-11.58.06:031][  0]LogWindows: DebugString: GetVideoDriverDetailsInvalid PrimaryIsNotTheChoosenAdapter GetVideoDriverDetailsInvalid PrimaryIsNotTheChoosenAdapter GetVideoDriverDetailsInvalid PrimaryIsNotTheChoosenAdapter GetVideoDriverDetailsInvalid PrimaryIsNotTheChoosenAdapter GetVideoDriverDetailsInvalid PrimaryIsNotTheChoosenAdapter GetVideoDriverDetailsInvalid PrimaryIsNotTheChoosenAdapter GetVideoDriverDetailsInvalid PrimaryIsNotTheChoosenAdapter FoundDriverCount:0 
[2018.01.04-11.58.06:031][  0]LogD3D11RHI:     Adapter Name: NVIDIA GeForce GTX 960M
[2018.01.04-11.58.06:031][  0]LogD3D11RHI:   Driver Version: Unknown (internal:Unknown, unified:Unknown)
[2018.01.04-11.58.06:031][  0]LogD3D11RHI:      Driver Date: Unknown
[2018.01.04-11.58.06:031][  0]LogRHI: Texture pool is 1361 MB (70% of 1945 MB)
[2018.01.04-11.58.06:667][  0]LogD3D11RHI: Async texture creation enabled
[2018.01.04-11.58.06:912][  0]LogD3D11RHI: GPU Timing Frequency: 1000.000000 (Debug: 2 1)
[2018.01.04-11.58.06:918][  0]LogShaderCompilers: Guid format shader working directory is 33 characters bigger than the processId version (I:/Projekt/PGK/Intermediate/Shaders/WorkingDirectory/8428/).
[2018.01.04-11.58.06:918][  0]LogShaderCompilers: Cleaned the shader compiler working directory 'C:/Users/Robert/AppData/Local/Temp/UnrealShaderWorkingDir/BADD9FD7402A9E83E9EBC484DECACAAC/'.
[2018.01.04-11.58.06:918][  0]LogShaderCompilers:Display: Using Local Shader Compiler.
[2018.01.04-11.58.08:041][  0]LogTemp:Display: Loaded TP AllDesktopTargetPlatform
[2018.01.04-11.58.08:087][  0]LogTemp:Display: Loaded TP MacClientTargetPlatform
[2018.01.04-11.58.08:132][  0]LogTemp:Display: Loaded TP MacNoEditorTargetPlatform
[2018.01.04-11.58.08:177][  0]LogTemp:Display: Loaded TP MacServerTargetPlatform
[2018.01.04-11.58.08:224][  0]LogTemp:Display: Loaded TP MacTargetPlatform
[2018.01.04-11.58.08:270][  0]LogTemp:Display: Loaded TP WindowsClientTargetPlatform
[2018.01.04-11.58.08:315][  0]LogTemp:Display: Loaded TP WindowsNoEditorTargetPlatform
[2018.01.04-11.58.08:363][  0]LogTemp:Display: Loaded TP WindowsServerTargetPlatform
[2018.01.04-11.58.08:402][  0]LogTemp:Display: Loaded TP WindowsTargetPlatform
[2018.01.04-11.58.08:448][  0]LogTemp:Display: Loaded TP AndroidTargetPlatform
[2018.01.04-11.58.08:491][  0]LogTemp:Display: Loaded TP Android_ASTCTargetPlatform
[2018.01.04-11.58.08:539][  0]LogTemp:Display: Loaded TP Android_ATCTargetPlatform
[2018.01.04-11.58.08:585][  0]LogTemp:Display: Loaded TP Android_DXTTargetPlatform
[2018.01.04-11.58.08:630][  0]LogTemp:Display: Loaded TP Android_ETC1TargetPlatform
[2018.01.04-11.58.08:679][  0]LogTemp:Display: Loaded TP Android_ETC2TargetPlatform
[2018.01.04-11.58.08:771][  0]LogTemp:Display: Loaded TP Android_MultiTargetPlatform
[2018.01.04-11.58.08:771][  0]LogTemp:Display: Loaded TP Android_PVRTCTargetPlatform
[2018.01.04-11.58.08:807][  0]LogTemp:Display: Loaded TP HTML5TargetPlatform
[2018.01.04-11.58.08:895][  0]LogTemp:Display: Loaded TP IOSTargetPlatform
[2018.01.04-11.58.08:927][  0]LogTemp:Display: Loaded TP TVOSTargetPlatform
[2018.01.04-11.58.08:975][  0]LogTemp:Display: Loaded TP LinuxClientTargetPlatform
[2018.01.04-11.58.09:020][  0]LogTemp:Display: Loaded TP LinuxNoEditorTargetPlatform
[2018.01.04-11.58.09:069][  0]LogTemp:Display: Loaded TP LinuxServerTargetPlatform
[2018.01.04-11.58.09:115][  0]LogTemp:Display: Loaded TP LinuxTargetPlatform
[2018.01.04-11.58.09:115][  0]LogTargetPlatformManager:Display: Building Assets For Windows
[2018.01.04-11.58.09:585][  0]LogDerivedDataCache:Display: Max Cache Size: 512 MB
[2018.01.04-11.58.09:708][  0]LogDerivedDataCache: Loaded boot cache 0.12s 99MB C:/Users/Robert/AppData/Local/UnrealEngine/4.16/DerivedDataCache/Boot.ddc.
[2018.01.04-11.58.09:708][  0]LogDerivedDataCache:Display: Loaded Boot cache: C:/Users/Robert/AppData/Local/UnrealEngine/4.16/DerivedDataCache/Boot.ddc
[2018.01.04-11.58.09:708][  0]LogDerivedDataCache: FDerivedDataBackendGraph:  Pak pak cache file I:/Projekt/PGK/DerivedDataCache/DDC.ddp not found, will not use a pak cache.
[2018.01.04-11.58.09:708][  0]LogDerivedDataCache: Unable to find inner node Pak for hierarchical cache Hierarchy.
[2018.01.04-11.58.09:708][  0]LogDerivedDataCache: FDerivedDataBackendGraph:  CompressedPak pak cache file I:/Projekt/PGK/DerivedDataCache/Compressed.ddp not found, will not use a pak cache.
[2018.01.04-11.58.09:708][  0]LogDerivedDataCache: Unable to find inner node CompressedPak for hierarchical cache Hierarchy.
[2018.01.04-11.58.09:726][  0]LogDerivedDataCache:Display: Pak cache opened for reading ../../../Engine/DerivedDataCache/Compressed.ddp.
[2018.01.04-11.58.09:739][  0]LogDerivedDataCache: Using Local data cache path C:/Users/Robert/AppData/Local/UnrealEngine/Common/DerivedDataCache: Writable
[2018.01.04-11.58.09:751][  0]LogMaterial: Verifying Global Shaders for PCD3D_SM5
[2018.01.04-11.58.09:751][  0]LogSlate: Using Freetype 2.6.0
[2018.01.04-11.58.09:752][  0]LogSlate: SlateFontCache - WITH_FREETYPE: 1, WITH_HARFBUZZ: 1
[2018.01.04-11.58.09:752][  0]LogSlate: SlateFontCache - WITH_FREETYPE: 1, WITH_HARFBUZZ: 1
[2018.01.04-11.58.10:139][  0]LogInit: Selected Device Profile: [Windows]
[2018.01.04-11.58.10:231][  0]LogContentStreaming: Texture pool size is 0.00 MB
[2018.01.04-11.58.10:397][  0]LogMeshUtilities: Using QuadricMeshReduction for automatic static mesh reduction
[2018.01.04-11.58.10:439][  0]LogSimplygon: Simplygon DLL not present - disabling.
[2018.01.04-11.58.10:488][  0]LogMeshUtilities: Using SimplygonSwarm for distributed automatic mesh merging
[2018.01.04-11.58.10:488][  0]LogMeshUtilities: No automatic skeletal mesh reduction module available
[2018.01.04-11.58.10:488][  0]LogMeshUtilities: No automatic mesh merging module available
[2018.01.04-11.58.11:116][  0]LogNetVersion: PGK , NetCL: 3452394, EngineNetVer: 2, GameNetVer: 0 (Checksum: 3392332418)
[2018.01.04-11.58.11:178][  0]LogAssetRegistry: FAssetRegistry took 0.0266 seconds to start up
[2018.01.04-11.58.11:216][  0]LogPackageLocalizationCache: Processed 4 localized package path(s) for 1 prioritized culture(s) in 0.017572 seconds
[2018.01.04-11.58.11:222][  0]LogUObjectArray: 34194 objects as part of root set at end of initial load.
[2018.01.04-11.58.11:222][  0]LogUObjectAllocator: 7260416 out of 0 bytes used by permanent object pool.
[2018.01.04-11.58.11:222][  0]LogUObjectArray: CloseDisregardForGC: 0/0 objects in disregard for GC pool
[2018.01.04-11.58.11:276][  0]LogInit: WinSock: version 1.1 (2.2), MaxSocks=32767, MaxUdp=65467
[2018.01.04-11.58.13:891][  0]LogTcpMessaging: Initializing TcpMessaging bridge
[2018.01.04-11.58.13:932][  0]LogUdpMessaging: Initializing bridge on interface 0.0.0.0:0 to multicast group 230.0.0.1:6666.
[2018.01.04-11.58.14:472][  0]LogMaterial: Uniform references updated for custom material expression Custom.
[2018.01.04-11.58.14:886][  0]SourceControl: Info Source control is disabled
[2018.01.04-11.58.14:888][  0]SourceControl: Info Source control is disabled
[2018.01.04-11.58.14:939][  0]SourceControl: Info Source control is disabled
[2018.01.04-11.58.14:986][  0]SourceControl: Info Source control is disabled
[2018.01.04-11.58.15:767][  0]LogAndroidPermission: UAndroidPermissionCallbackProxy::GetInstance
[2018.01.04-11.58.16:391][  0]LogEngine: Initializing Engine...
[2018.01.04-11.58.16:392][  0]LogHMD: Failed to initialize OpenVR with code 110
[2018.01.04-11.58.16:670][  0]LogStats: UGameplayTagsManager::ConstructGameplayTagTree: Construct from data asset -  0.000 s
[2018.01.04-11.58.16:670][  0]LogStats: UGameplayTagsManager::ConstructGameplayTagTree: GameplayTagTreeChangedEvent.Broadcast -  0.000 s
[2018.01.04-11.58.16:789][  0]LogAIModule: Creating AISystem for world Untitled
[2018.01.04-11.58.16:801][  0]LogInit: XAudio2 using 'Głośniki (Realtek High Definition Audio)' : 2 channels at 48 kHz using 32 bits per sample (channel mask 0x3)
[2018.01.04-11.58.16:866][  0]LogInit: FAudioDevice initialized.
[2018.01.04-11.58.16:939][  0]LogDerivedDataCache: Saved boot cache 0.07s 99MB C:/Users/Robert/AppData/Local/UnrealEngine/4.16/DerivedDataCache/Boot.ddc.
[2018.01.04-11.58.16:963][  0]LogInit: Texture streaming: Enabled
[2018.01.04-11.58.17:050][  0]LogEngineSessionManager: EngineSessionManager initialized
[2018.01.04-11.58.17:274][  0]LogInit: Transaction tracking system initialized
[2018.01.04-11.58.17:551][  0]BlueprintLog: New page: Editor Load
[2018.01.04-11.58.18:385][  0]LocalizationService: Info Localization service is disabled
[2018.01.04-11.58.19:007][  0]LogConsoleResponse:Display: 
[2018.01.04-11.58.19:169][  0]LogCook:Display: Max memory allowance for cook 16384mb min free memory 0mb
[2018.01.04-11.58.19:169][  0]LogCook:Display: Mobile HDR setting 1
[2018.01.04-11.58.20:112][  0]LogFileCache: Scanning file cache for directory 'I:/Projekt/PGK/Content/' took 0.02s
[2018.01.04-11.58.20:155][  0]SourceControl: Info Source control is disabled
[2018.01.04-11.58.20:350][  0]LogWindowsTextInputMethodSystem:Display: IME system now deactivated.
[2018.01.04-11.58.20:351][  0]LogSlate: Took 0.000374 seconds to synchronously load lazily loaded font '../../../Engine/Content/Slate/Fonts/Roboto-Regular.ttf' (155K)
[2018.01.04-11.58.44:320][  0]LogWindowsTextInputMethodSystem:Display: IME system now deactivated.
[2018.01.04-11.58.44:323][  0]LogWindowsTextInputMethodSystem:Display: IME system now deactivated.
[2018.01.04-11.58.49:187][  0]LogWindowsTextInputMethodSystem:Display: IME system now deactivated.
[2018.01.04-11.58.49:190][  0]LogWindowsTextInputMethodSystem:Display: IME system now deactivated.
[2018.01.04-11.58.49:212][  0]Cmd: MAP LOAD FILE="I:/Projekt/PGK/Content/FirstPersonBP/Maps/FirstPersonExampleMap.umap" TEMPLATE=0 SHOWPROGRESS=1 FEATURELEVEL=3
[2018.01.04-11.58.49:213][  0]LightingResults: New page: Lighting Build
[2018.01.04-11.58.49:290][  0]MapCheck: New page: Map Check
[2018.01.04-11.58.49:290][  0]LightingResults: New page: Lighting Build
[2018.01.04-11.58.49:701][  0]LogLinker:Warning: Can't find file '/Game/FlashLight/default'
[2018.01.04-11.58.49:701][  0]LogLinker:Warning: Can't find file for asset '/Game/FlashLight/default' while loading I:/Projekt/PGK/Content/FirstPersonBP/Maps/FirstPersonExampleMap.umap.
[2018.01.04-11.58.49:701][  0]LoadErrors:Error: Error /Game/FirstPersonBP/Maps/FirstPersonExampleMap : Can't find file for asset. /Game/FlashLight/default
[2018.01.04-11.58.49:747][  0]LogLinker:Warning: Can't find file '/Game/FlashLight/default'
[2018.01.04-11.58.49:747][  0]LogLinker:Warning: Can't find file for asset '/Game/FlashLight/default' while loading I:/Projekt/PGK/Content/FirstPersonBP/Maps/FirstPersonExampleMap.umap.
[2018.01.04-11.58.49:747][  0]LoadErrors:Error: Error /Game/FirstPersonBP/Maps/FirstPersonExampleMap : Can't find file for asset. /Game/FlashLight/default
[2018.01.04-11.58.49:752][  0]LogLinker:Warning: Can't find file '/Game/FlashLight/default'
[2018.01.04-11.58.49:752][  0]LogLinker:Warning: Can't find file for asset '/Game/FlashLight/default' while loading NULL.
[2018.01.04-11.58.49:753][  0]LogLinker:Warning: Can't find file '/Game/FlashLight/default'
[2018.01.04-11.58.49:753][  0]LogLinker:Warning: Can't find file for asset '/Game/FlashLight/default' while loading NULL.
[2018.01.04-11.58.49:855][  0]LogLinker:Warning: Can't find file '/Game/FlashLight/default'
[2018.01.04-11.58.49:855][  0]LoadErrors: Info Failed to load /Game/FlashLight/default.default Referenced by StaticMeshComponent0
[2018.01.04-11.58.49:855][  0]LogLinker:Warning: Can't find file for asset '/Game/FlashLight/default' while loading NULL.
[2018.01.04-11.58.49:855][  0]LoadErrors: Info Failed to load /Game/FlashLight/default.default Referenced by StaticMeshComponent0
[2018.01.04-11.58.49:897][  0]LogMaterial: Missing cached shader map for material st_tile, compiling. 
[2018.01.04-11.58.49:898][  0]LogMaterial:Warning: Failed to compile Material /Game/import/kibel/st_tile.st_tile for platform PCD3D_SM5, Default Material will be used in game.
[2018.01.04-11.58.49:898][  0]LogMaterial:Warning: 	(Node TextureSample) TextureSample> Sampler type is Normal, should be Color for /Game/import/kibel/Dirt_map.Dirt_map
[2018.01.04-11.58.50:284][  0]LogAIModule: Creating AISystem for world FirstPersonExampleMap
[2018.01.04-11.58.50:360][  0]LogEditorServer: Finished looking for orphan Actors (0.000 secs)
[2018.01.04-11.58.50:379][  0]Cmd: MAP CHECKDEP NOCLEARLOG
[2018.01.04-11.58.50:465][  0]MapCheck: Info Map check complete: 0 Error(s), 0 Warning(s), took 85.799ms to complete.
[2018.01.04-11.58.50:465][  0]LogFileHelpers: Loading map 'FirstPersonExampleMap' took 1.253
[2018.01.04-11.58.50:568][  0]LogStats:Warning: MetaData mismatch. Did you assign a stat to two groups? New //STATGROUP_Threads//SplashScreenThread///Thread_a44_0///####STATCAT_Advanced#### old //STATGROUP_Threads//SplashScreenThread///Thread_262c_0///####STATCAT_Advanced####
[2018.01.04-11.58.50:568][  0]LogCollectionManager: Loaded 0 collections in 0.001988 seconds
[2018.01.04-11.58.50:648][  0]LogFileCache: Scanning file cache for directory 'I:/Projekt/PGK/Saved/Collections/' took 0.01s
[2018.01.04-11.58.50:648][  0]LogFileCache: Scanning file cache for directory 'I:/Projekt/PGK/Content/Developers/Robert/Collections/' took 0.01s
[2018.01.04-11.58.50:648][  0]LogFileCache: Scanning file cache for directory 'I:/Projekt/PGK/Content/Collections/' took 0.01s
[2018.01.04-11.58.50:648][  0]LogCollectionManager: Rebuilt the GUID cache for 0 collections in 0.000001 seconds
[2018.01.04-11.58.50:658][  0]LogContentBrowser: Native class hierarchy populated in 0.0101 seconds. Added 2329 classes and 491 folders.
[2018.01.04-11.58.50:716][  0]LogContentBrowser: Native class hierarchy updated for 'WidgetCarousel' in 0.0006 seconds. Added 0 classes and 0 folders.
[2018.01.04-11.58.50:770][  0]LogContentBrowser: Native class hierarchy updated for 'AddContentDialog' in 0.0006 seconds. Added 0 classes and 0 folders.
[2018.01.04-11.58.50:811][  0]LogContentBrowser: Native class hierarchy updated for 'SceneOutliner' in 0.0013 seconds. Added 1 classes and 2 folders.
[2018.01.04-11.58.50:854][  0]LogCrashTracker: Crashtracker disabled due to settings.
[2018.01.04-11.58.50:862][  0]LogSlate: Took 0.000326 seconds to synchronously load lazily loaded font '../../../Engine/Content/Slate/Fonts/Roboto-Bold.ttf' (160K)
[2018.01.04-11.58.50:868][  0]LogSlate: Took 0.000551 seconds to synchronously load lazily loaded font '../../../Engine/Content/Editor/Slate/Fonts/FontAwesome.ttf' (139K)
[2018.01.04-11.58.51:021][  0]LogRenderer: Reallocating scene render targets to support 1240x592 NumSamples 1 (Frame:1).
[2018.01.04-11.58.51:577][  0]LogUObjectGlobals:Warning: Failed to find object 'Class None.'
[2018.01.04-11.58.51:642][  0]LogContentBrowser: Native class hierarchy updated for 'HierarchicalLODOutliner' in 0.0006 seconds. Added 1 classes and 2 folders.
[2018.01.04-11.58.51:642][  0]LogLoad: (Engine Initialization) Total time: 49.87 seconds
[2018.01.04-11.58.51:642][  0]LogLoad: (Engine Initialization) Total Blueprint compile time: 0.16 seconds
[2018.01.04-11.58.51:642][  0]LogExternalProfiler: No external profilers were discovered.  External profiling features will not be available.
[2018.01.04-11.58.51:677][  0]LogOcInput: OculusInput pre-init called
[2018.01.04-11.58.51:677][  0]LogHMD: Starting GearVRController plugin
[2018.01.04-11.58.51:710][  0]LogContentStreaming: Texture pool size now 1000 MB
[2018.01.04-11.58.51:778][  0]LogSlate: Took 0.000304 seconds to synchronously load lazily loaded font '../../../Engine/Content/Slate/Fonts/Roboto-Light.ttf' (159K)
[2018.01.04-11.58.51:822][  1]LogFileCache: Retrieving MD5 hashes for directory 'I:/Projekt/PGK/Content/' took 0.13s
[2018.01.04-11.58.51:844][  1]LogAssetRegistry: Asset discovery search completed in 40.6885 seconds
[2018.01.04-11.58.51:851][  1]LogCollectionManager: Rebuilt the object cache for 0 collections in 0.000003 seconds (found 0 objects)
[2018.01.04-11.58.51:851][  1]LogCollectionManager: Fixed up redirectors for 0 collections in 0.000176 seconds (updated 0 objects)
[2018.01.04-11.58.52:706][ 30]LogSlate: Took 0.000609 seconds to synchronously load lazily loaded font '../../../Engine/Content/Slate/Fonts/Roboto-Light.ttf' (159K)
[2018.01.04-11.59.23:557][956]LogEditorViewport: Clicking on Actor (LMB): PlayerStart (NetworkPlayerStart)
[2018.01.04-11.59.28:075][ 90]LogNavigationPoint: PostEditMove Clear paths rebuilt
[2018.01.04-11.59.31:423][192]LogNavigationPoint: PostEditMove Clear paths rebuilt
[2018.01.04-11.59.35:790][323]LogNavigationPoint: PostEditMove Clear paths rebuilt
[2018.01.04-11.59.37:824][384]LogNavigationPoint: PostEditMove Clear paths rebuilt
[2018.01.04-12.00.14:392][481]LogSlate: Took 0.000344 seconds to synchronously load lazily loaded font '../../../Engine/Content/Editor/Slate/Fonts/Roboto-Italic.ttf' (157K)
[2018.01.04-12.00.41:742][300]LogSlate: Took 0.000227 seconds to synchronously load lazily loaded font '../../../Engine/Content/Slate/Fonts/Roboto-Light.ttf' (159K)
[2018.01.04-12.00.42:199][300]LogContentBrowser: Native class hierarchy updated for 'BlueprintGraph' in 0.0012 seconds. Added 112 classes and 0 folders.
[2018.01.04-12.00.42:839][300]LogSlate: Took 0.000214 seconds to synchronously load lazily loaded font '../../../Engine/Content/Slate/Fonts/Roboto-Regular.ttf' (155K)
[2018.01.04-12.00.43:000][300]LogSlate: Took 0.000299 seconds to synchronously load lazily loaded font '../../../Engine/Content/Editor/Slate/Fonts/Roboto-BoldCondensed.ttf' (158K)
[2018.01.04-12.01.25:403][240]LogActorFactory: Actor Factory created deuflat
[2018.01.04-12.01.26:277][282]LogActorFactory: Actor Factory created deuflat
[2018.01.04-12.01.53:593][457]LogTemp: Repeting last play command: Selected Viewport
[2018.01.04-12.01.53:654][457]LogBlueprintUserMessages: Early PlayInEditor Detection: Level '/Game/FirstPersonBP/Maps/FirstPersonExampleMap.FirstPersonExampleMap:PersistentLevel' has LevelScriptBlueprint '/Game/FirstPersonBP/Maps/FirstPersonExampleMap.FirstPersonExampleMap:PersistentLevel.FirstPersonExampleMap' with GeneratedClass '/Game/FirstPersonBP/Maps/FirstPersonExampleMap.FirstPersonExampleMap_C' with ClassGeneratedBy '/Game/FirstPersonBP/Maps/FirstPersonExampleMap.FirstPersonExampleMap:PersistentLevel.FirstPersonExampleMap'
[2018.01.04-12.01.53:654][457]LogPlayLevel: PlayLevel: No blueprints needed recompiling
[2018.01.04-12.01.53:654][457]PIE: New page: PIE session: FirstPersonExampleMap (Jan 4, 2018, 2:01:53 PM)
[2018.01.04-12.01.53:654][457]LogPlayLevel: Creating play world package: /Game/FirstPersonBP/Maps/UEDPIE_0_FirstPersonExampleMap
[2018.01.04-12.01.53:715][457]LogPlayLevel: PIE: StaticDuplicateObject took: (0.060227s)
[2018.01.04-12.01.53:716][457]LogAIModule: Creating AISystem for world FirstPersonExampleMap
[2018.01.04-12.01.53:717][457]LogPlayLevel: PIE: World Init took: (0.002308s)
[2018.01.04-12.01.53:718][457]LogPlayLevel: PIE: Created PIE world by copying editor world from /Game/FirstPersonBP/Maps/FirstPersonExampleMap.FirstPersonExampleMap to /Game/FirstPersonBP/Maps/UEDPIE_0_FirstPersonExampleMap.FirstPersonExampleMap (0.063520s)
[2018.01.04-12.01.53:746][457]LogInit: XAudio2 using 'Głośniki (Realtek High Definition Audio)' : 2 channels at 48 kHz using 32 bits per sample (channel mask 0x3)
[2018.01.04-12.01.53:768][457]LogInit: FAudioDevice initialized.
[2018.01.04-12.01.53:812][457]LogLoad: Game class is 'FirstPersonGameMode_C'
[2018.01.04-12.01.53:825][457]LogWorld: Bringing World /Game/FirstPersonBP/Maps/UEDPIE_0_FirstPersonExampleMap.FirstPersonExampleMap up for play (max tick rate 60) at 2018.01.04-13.01.53
[2018.01.04-12.01.53:826][457]LogWorld: Bringing up level for play took: 0.012032
[2018.01.04-12.01.53:853][457]LogGameMode: FindPlayerStart: PATHS NOT DEFINED or NO PLAYERSTART with positive rating
[2018.01.04-12.01.53:893][457]LogContentBrowser: Native class hierarchy updated for 'MovieSceneCapture' in 0.0007 seconds. Added 11 classes and 0 folders.
[2018.01.04-12.01.53:895][457]PIE: Info Play in editor start time for /Game/FirstPersonBP/Maps/UEDPIE_0_FirstPersonExampleMap 0.835
[2018.01.04-12.01.53:895][457]LogBlueprintUserMessages: Late PlayInEditor Detection: Level '/Game/FirstPersonBP/Maps/FirstPersonExampleMap.FirstPersonExampleMap:PersistentLevel' has LevelScriptBlueprint '/Game/FirstPersonBP/Maps/FirstPersonExampleMap.FirstPersonExampleMap:PersistentLevel.FirstPersonExampleMap' with GeneratedClass '/Game/FirstPersonBP/Maps/FirstPersonExampleMap.FirstPersonExampleMap_C' with ClassGeneratedBy '/Game/FirstPersonBP/Maps/FirstPersonExampleMap.FirstPersonExampleMap:PersistentLevel.FirstPersonExampleMap'
[2018.01.04-12.02.10:165][954]LogBlueprintUserMessages: Early EndPlayMap Detection: Level '/Game/FirstPersonBP/Maps/FirstPersonExampleMap.FirstPersonExampleMap:PersistentLevel' has LevelScriptBlueprint '/Game/FirstPersonBP/Maps/FirstPersonExampleMap.FirstPersonExampleMap:PersistentLevel.FirstPersonExampleMap' with GeneratedClass '/Game/FirstPersonBP/Maps/FirstPersonExampleMap.FirstPersonExampleMap_C' with ClassGeneratedBy '/Game/FirstPersonBP/Maps/FirstPersonExampleMap.FirstPersonExampleMap:PersistentLevel.FirstPersonExampleMap'
[2018.01.04-12.02.10:228][954]LogBlueprintUserMessages: Late EndPlayMap Detection: Level '/Game/FirstPersonBP/Maps/FirstPersonExampleMap.FirstPersonExampleMap:PersistentLevel' has LevelScriptBlueprint '/Game/FirstPersonBP/Maps/FirstPersonExampleMap.FirstPersonExampleMap:PersistentLevel.FirstPersonExampleMap' with GeneratedClass '/Game/FirstPersonBP/Maps/FirstPersonExampleMap.FirstPersonExampleMap_C' with ClassGeneratedBy '/Game/FirstPersonBP/Maps/FirstPersonExampleMap.FirstPersonExampleMap:PersistentLevel.FirstPersonExampleMap'
[2018.01.04-12.02.47:774][ 81]LogRenderer: Reallocating scene render targets to support 1240x900 NumSamples 1 (Frame:1).
[2018.01.04-12.03.16:372][940]BlueprintLog: New page: Compile FL_actor
[2018.01.04-12.03.17:196][960]Cmd: OBJ SAVEPACKAGE PACKAGE="/Game/FlashLight/FL_actor" FILE="I:/Projekt/PGK/Content/FlashLight/FL_actor.uasset" SILENT=true
[2018.01.04-12.03.17:231][960]LogSavePackage: Save=29.59ms
[2018.01.04-12.03.17:231][960]LogSavePackage: Moving 'I:/Projekt/PGK/Saved/FL_actorC7431D5A4E07CACA77B503AB54F5AB24.tmp' to 'I:/Projekt/PGK/Content/FlashLight/FL_actor.uasset'
[2018.01.04-12.03.17:232][960]LogSavePackage:Display: Finished SavePackage I:/Projekt/PGK/Content/FlashLight/FL_actor.uasset
[2018.01.04-12.03.35:642][488]LogTemp: Repeting last play command: Selected Viewport
[2018.01.04-12.03.35:663][488]LogBlueprintUserMessages: Early PlayInEditor Detection: Level '/Game/FirstPersonBP/Maps/FirstPersonExampleMap.FirstPersonExampleMap:PersistentLevel' has LevelScriptBlueprint '/Game/FirstPersonBP/Maps/FirstPersonExampleMap.FirstPersonExampleMap:PersistentLevel.FirstPersonExampleMap' with GeneratedClass '/Game/FirstPersonBP/Maps/FirstPersonExampleMap.FirstPersonExampleMap_C' with ClassGeneratedBy '/Game/FirstPersonBP/Maps/FirstPersonExampleMap.FirstPersonExampleMap:PersistentLevel.FirstPersonExampleMap'
[2018.01.04-12.03.35:663][488]LogPlayLevel: PlayLevel: No blueprints needed recompiling
[2018.01.04-12.03.35:663][488]PIE: New page: PIE session: FirstPersonExampleMap (Jan 4, 2018, 2:03:35 PM)
[2018.01.04-12.03.35:663][488]LogPlayLevel: Creating play world package: /Game/FirstPersonBP/Maps/UEDPIE_0_FirstPersonExampleMap
[2018.01.04-12.03.35:724][488]LogPlayLevel: PIE: StaticDuplicateObject took: (0.061013s)
[2018.01.04-12.03.35:725][488]LogAIModule: Creating AISystem for world FirstPersonExampleMap
[2018.01.04-12.03.35:726][488]LogPlayLevel: PIE: World Init took: (0.001994s)
[2018.01.04-12.03.35:726][488]LogPlayLevel: PIE: Created PIE world by copying editor world from /Game/FirstPersonBP/Maps/FirstPersonExampleMap.FirstPersonExampleMap to /Game/FirstPersonBP/Maps/UEDPIE_0_FirstPersonExampleMap.FirstPersonExampleMap (0.063729s)
[2018.01.04-12.03.35:754][488]LogInit: XAudio2 using 'Głośniki (Realtek High Definition Audio)' : 2 channels at 48 kHz using 32 bits per sample (channel mask 0x3)
[2018.01.04-12.03.35:776][488]LogInit: FAudioDevice initialized.
[2018.01.04-12.03.35:812][488]LogLoad: Game class is 'FirstPersonGameMode_C'
[2018.01.04-12.03.35:825][488]LogWorld: Bringing World /Game/FirstPersonBP/Maps/UEDPIE_0_FirstPersonExampleMap.FirstPersonExampleMap up for play (max tick rate 60) at 2018.01.04-13.03.35
[2018.01.04-12.03.35:826][488]LogWorld: Bringing up level for play took: 0.012366
[2018.01.04-12.03.35:826][488]LogGameMode: FindPlayerStart: PATHS NOT DEFINED or NO PLAYERSTART with positive rating
[2018.01.04-12.03.35:828][488]PIE: Info Play in editor start time for /Game/FirstPersonBP/Maps/UEDPIE_0_FirstPersonExampleMap 0.767
[2018.01.04-12.03.35:828][488]LogBlueprintUserMessages: Late PlayInEditor Detection: Level '/Game/FirstPersonBP/Maps/FirstPersonExampleMap.FirstPersonExampleMap:PersistentLevel' has LevelScriptBlueprint '/Game/FirstPersonBP/Maps/FirstPersonExampleMap.FirstPersonExampleMap:PersistentLevel.FirstPersonExampleMap' with GeneratedClass '/Game/FirstPersonBP/Maps/FirstPersonExampleMap.FirstPersonExampleMap_C' with ClassGeneratedBy '/Game/FirstPersonBP/Maps/FirstPersonExampleMap.FirstPersonExampleMap:PersistentLevel.FirstPersonExampleMap'
[2018.01.04-12.03.47:642][878]LogBlueprintUserMessages: Early EndPlayMap Detection: Level '/Game/FirstPersonBP/Maps/FirstPersonExampleMap.FirstPersonExampleMap:PersistentLevel' has LevelScriptBlueprint '/Game/FirstPersonBP/Maps/FirstPersonExampleMap.FirstPersonExampleMap:PersistentLevel.FirstPersonExampleMap' with GeneratedClass '/Game/FirstPersonBP/Maps/FirstPersonExampleMap.FirstPersonExampleMap_C' with ClassGeneratedBy '/Game/FirstPersonBP/Maps/FirstPersonExampleMap.FirstPersonExampleMap:PersistentLevel.FirstPersonExampleMap'
[2018.01.04-12.03.47:709][878]LogBlueprintUserMessages: Late EndPlayMap Detection: Level '/Game/FirstPersonBP/Maps/FirstPersonExampleMap.FirstPersonExampleMap:PersistentLevel' has LevelScriptBlueprint '/Game/FirstPersonBP/Maps/FirstPersonExampleMap.FirstPersonExampleMap:PersistentLevel.FirstPersonExampleMap' with GeneratedClass '/Game/FirstPersonBP/Maps/FirstPersonExampleMap.FirstPersonExampleMap_C' with ClassGeneratedBy '/Game/FirstPersonBP/Maps/FirstPersonExampleMap.FirstPersonExampleMap:PersistentLevel.FirstPersonExampleMap'
[2018.01.04-12.04.28:868][114]Cmd: OBJ SAVEPACKAGE PACKAGE="/Game/FlashLight/FL_actor" FILE="I:/Projekt/PGK/Content/FlashLight/FL_actor.uasset" SILENT=true
[2018.01.04-12.04.28:898][114]LogSavePackage: Save=25.53ms
[2018.01.04-12.04.28:898][114]LogSavePackage: Moving 'I:/Projekt/PGK/Saved/FL_actor51CC15D44030A7CF54C8C7A99A11D583.tmp' to 'I:/Projekt/PGK/Content/FlashLight/FL_actor.uasset'
[2018.01.04-12.04.28:900][114]LogSavePackage:Display: Finished SavePackage I:/Projekt/PGK/Content/FlashLight/FL_actor.uasset
[2018.01.04-12.05.29:415][931]LogEditorViewport: Clicking on Actor (LMB): StaticMeshActor (Cube4)
[2018.01.04-12.08.51:430][902]BlueprintLog: New page: Compile FL_actor
[2018.01.04-12.09.43:985][565]Cmd: OBJ SAVEPACKAGE PACKAGE="/Game/FlashLight/FL_actor" FILE="I:/Projekt/PGK/Content/FlashLight/FL_actor.uasset" SILENT=true
[2018.01.04-12.09.44:023][565]LogSavePackage: Save=33.34ms
[2018.01.04-12.09.44:023][565]LogSavePackage: Moving 'I:/Projekt/PGK/Saved/FL_actor98D9F1BB4600CF263B7F9F9356396C0A.tmp' to 'I:/Projekt/PGK/Content/FlashLight/FL_actor.uasset'
[2018.01.04-12.09.44:024][565]LogSavePackage:Display: Finished SavePackage I:/Projekt/PGK/Content/FlashLight/FL_actor.uasset
[2018.01.04-12.09.47:375][668]LogEditorViewport: Clicking on Actor (LMB): StaticMeshActor (deuflat)
[2018.01.04-12.09.58:376][998]LogTemp: Repeting last play command: Selected Viewport
[2018.01.04-12.09.58:399][998]LogBlueprintUserMessages: Early PlayInEditor Detection: Level '/Game/FirstPersonBP/Maps/FirstPersonExampleMap.FirstPersonExampleMap:PersistentLevel' has LevelScriptBlueprint '/Game/FirstPersonBP/Maps/FirstPersonExampleMap.FirstPersonExampleMap:PersistentLevel.FirstPersonExampleMap' with GeneratedClass '/Game/FirstPersonBP/Maps/FirstPersonExampleMap.FirstPersonExampleMap_C' with ClassGeneratedBy '/Game/FirstPersonBP/Maps/FirstPersonExampleMap.FirstPersonExampleMap:PersistentLevel.FirstPersonExampleMap'
[2018.01.04-12.09.58:399][998]LogPlayLevel: PlayLevel: No blueprints needed recompiling
[2018.01.04-12.09.58:399][998]PIE: New page: PIE session: FirstPersonExampleMap (Jan 4, 2018, 2:09:58 PM)
[2018.01.04-12.09.58:399][998]LogPlayLevel: Creating play world package: /Game/FirstPersonBP/Maps/UEDPIE_0_FirstPersonExampleMap
[2018.01.04-12.09.58:473][998]LogPlayLevel: PIE: StaticDuplicateObject took: (0.073206s)
[2018.01.04-12.09.58:474][998]LogAIModule: Creating AISystem for world FirstPersonExampleMap
[2018.01.04-12.09.58:476][998]LogPlayLevel: PIE: World Init took: (0.002820s)
[2018.01.04-12.09.58:476][998]LogPlayLevel: PIE: Created PIE world by copying editor world from /Game/FirstPersonBP/Maps/FirstPersonExampleMap.FirstPersonExampleMap to /Game/FirstPersonBP/Maps/UEDPIE_0_FirstPersonExampleMap.FirstPersonExampleMap (0.076729s)
[2018.01.04-12.09.58:515][998]LogInit: XAudio2 using 'Głośniki (Realtek High Definition Audio)' : 2 channels at 48 kHz using 32 bits per sample (channel mask 0x3)
[2018.01.04-12.09.58:544][998]LogInit: FAudioDevice initialized.
[2018.01.04-12.09.58:583][998]LogLoad: Game class is 'FirstPersonGameMode_C'
[2018.01.04-12.09.58:598][998]LogWorld: Bringing World /Game/FirstPersonBP/Maps/UEDPIE_0_FirstPersonExampleMap.FirstPersonExampleMap up for play (max tick rate 60) at 2018.01.04-13.09.58
[2018.01.04-12.09.58:599][998]LogWorld: Bringing up level for play took: 0.014560
[2018.01.04-12.09.58:599][998]LogGameMode: FindPlayerStart: PATHS NOT DEFINED or NO PLAYERSTART with positive rating
[2018.01.04-12.09.58:601][998]PIE: Info Play in editor start time for /Game/FirstPersonBP/Maps/UEDPIE_0_FirstPersonExampleMap -0.459
[2018.01.04-12.09.58:601][998]LogBlueprintUserMessages: Late PlayInEditor Detection: Level '/Game/FirstPersonBP/Maps/FirstPersonExampleMap.FirstPersonExampleMap:PersistentLevel' has LevelScriptBlueprint '/Game/FirstPersonBP/Maps/FirstPersonExampleMap.FirstPersonExampleMap:PersistentLevel.FirstPersonExampleMap' with GeneratedClass '/Game/FirstPersonBP/Maps/FirstPersonExampleMap.FirstPersonExampleMap_C' with ClassGeneratedBy '/Game/FirstPersonBP/Maps/FirstPersonExampleMap.FirstPersonExampleMap:PersistentLevel.FirstPersonExampleMap'
[2018.01.04-12.10.11:511][392]LogBlueprintUserMessages: Early EndPlayMap Detection: Level '/Game/FirstPersonBP/Maps/FirstPersonExampleMap.FirstPersonExampleMap:PersistentLevel' has LevelScriptBlueprint '/Game/FirstPersonBP/Maps/FirstPersonExampleMap.FirstPersonExampleMap:PersistentLevel.FirstPersonExampleMap' with GeneratedClass '/Game/FirstPersonBP/Maps/FirstPersonExampleMap.FirstPersonExampleMap_C' with ClassGeneratedBy '/Game/FirstPersonBP/Maps/FirstPersonExampleMap.FirstPersonExampleMap:PersistentLevel.FirstPersonExampleMap'
[2018.01.04-12.10.11:570][392]LogBlueprintUserMessages: Late EndPlayMap Detection: Level '/Game/FirstPersonBP/Maps/FirstPersonExampleMap.FirstPersonExampleMap:PersistentLevel' has LevelScriptBlueprint '/Game/FirstPersonBP/Maps/FirstPersonExampleMap.FirstPersonExampleMap:PersistentLevel.FirstPersonExampleMap' with GeneratedClass '/Game/FirstPersonBP/Maps/FirstPersonExampleMap.FirstPersonExampleMap_C' with ClassGeneratedBy '/Game/FirstPersonBP/Maps/FirstPersonExampleMap.FirstPersonExampleMap:PersistentLevel.FirstPersonExampleMap'
[2018.01.04-12.11.13:023][195]LogSavePackage: Save=1240.10ms
[2018.01.04-12.11.13:023][195]LogSavePackage: Moving 'I:/Projekt/PGK/Saved/FirstPersonExampleMap_Auto120C14C594E83B8E53CB2E3BAA6276066.tmp' to 'I:/Projekt/PGK/Saved/Autosaves/Game/FirstPersonBP/Maps/FirstPersonExampleMap_Auto1.umap'
[2018.01.04-12.11.13:027][195]LogSavePackage:Display: Finished SavePackage I:/Projekt/PGK/Saved/Autosaves/Game/FirstPersonBP/Maps/FirstPersonExampleMap_Auto1.umap
[2018.01.04-12.11.13:030][195]LogFileHelpers: Editor autosave (incl. sublevels) for '/Game/FirstPersonBP/Maps/FirstPersonExampleMap' took 1.315
[2018.01.04-12.11.13:030][195]LogFileHelpers: Editor autosave (incl. sublevels) for all levels took 1.315
[2018.01.04-12.12.49:840][138]Cmd: OBJ SAVEPACKAGE PACKAGE="/Game/FlashLight/FL_actor" FILE="I:/Projekt/PGK/Content/FlashLight/FL_actor.uasset" SILENT=true
[2018.01.04-12.12.49:906][138]LogSavePackage: Save=59.37ms
[2018.01.04-12.12.49:906][138]LogSavePackage: Moving 'I:/Projekt/PGK/Saved/FL_actorA420F8F048D06572DDBD978D6F3766C5.tmp' to 'I:/Projekt/PGK/Content/FlashLight/FL_actor.uasset'
[2018.01.04-12.12.49:909][138]LogSavePackage:Display: Finished SavePackage I:/Projekt/PGK/Content/FlashLight/FL_actor.uasset
[2018.01.04-12.12.50:605][162]BlueprintLog: New page: Compile FL_actor
[2018.01.04-12.12.53:652][254]LogTemp: Repeting last play command: Selected Viewport
[2018.01.04-12.12.53:671][254]LogBlueprintUserMessages: Early PlayInEditor Detection: Level '/Game/FirstPersonBP/Maps/FirstPersonExampleMap.FirstPersonExampleMap:PersistentLevel' has LevelScriptBlueprint '/Game/FirstPersonBP/Maps/FirstPersonExampleMap.FirstPersonExampleMap:PersistentLevel.FirstPersonExampleMap' with GeneratedClass '/Game/FirstPersonBP/Maps/FirstPersonExampleMap.FirstPersonExampleMap_C' with ClassGeneratedBy '/Game/FirstPersonBP/Maps/FirstPersonExampleMap.FirstPersonExampleMap:PersistentLevel.FirstPersonExampleMap'
[2018.01.04-12.12.53:671][254]LogPlayLevel: PlayLevel: No blueprints needed recompiling
[2018.01.04-12.12.53:671][254]PIE: New page: PIE session: FirstPersonExampleMap (Jan 4, 2018, 2:12:53 PM)
[2018.01.04-12.12.53:671][254]LogPlayLevel: Creating play world package: /Game/FirstPersonBP/Maps/UEDPIE_0_FirstPersonExampleMap
[2018.01.04-12.12.53:734][254]LogPlayLevel: PIE: StaticDuplicateObject took: (0.062665s)
[2018.01.04-12.12.53:736][254]LogAIModule: Creating AISystem for world FirstPersonExampleMap
[2018.01.04-12.12.53:736][254]LogPlayLevel: PIE: World Init took: (0.001964s)
[2018.01.04-12.12.53:737][254]LogPlayLevel: PIE: Created PIE world by copying editor world from /Game/FirstPersonBP/Maps/FirstPersonExampleMap.FirstPersonExampleMap to /Game/FirstPersonBP/Maps/UEDPIE_0_FirstPersonExampleMap.FirstPersonExampleMap (0.065242s)
[2018.01.04-12.12.53:767][254]LogInit: XAudio2 using 'Głośniki (Realtek High Definition Audio)' : 2 channels at 48 kHz using 32 bits per sample (channel mask 0x3)
[2018.01.04-12.12.53:791][254]LogInit: FAudioDevice initialized.
[2018.01.04-12.12.53:825][254]LogLoad: Game class is 'FirstPersonGameMode_C'
[2018.01.04-12.12.53:838][254]LogWorld: Bringing World /Game/FirstPersonBP/Maps/UEDPIE_0_FirstPersonExampleMap.FirstPersonExampleMap up for play (max tick rate 60) at 2018.01.04-13.12.53
[2018.01.04-12.12.53:839][254]LogWorld: Bringing up level for play took: 0.012552
[2018.01.04-12.12.53:840][254]LogGameMode: FindPlayerStart: PATHS NOT DEFINED or NO PLAYERSTART with positive rating
[2018.01.04-12.12.53:841][254]PIE: Info Play in editor start time for /Game/FirstPersonBP/Maps/UEDPIE_0_FirstPersonExampleMap 0.781
[2018.01.04-12.12.53:841][254]LogBlueprintUserMessages: Late PlayInEditor Detection: Level '/Game/FirstPersonBP/Maps/FirstPersonExampleMap.FirstPersonExampleMap:PersistentLevel' has LevelScriptBlueprint '/Game/FirstPersonBP/Maps/FirstPersonExampleMap.FirstPersonExampleMap:PersistentLevel.FirstPersonExampleMap' with GeneratedClass '/Game/FirstPersonBP/Maps/FirstPersonExampleMap.FirstPersonExampleMap_C' with ClassGeneratedBy '/Game/FirstPersonBP/Maps/FirstPersonExampleMap.FirstPersonExampleMap:PersistentLevel.FirstPersonExampleMap'
[2018.01.04-12.13.17:123][958]LogBlueprintUserMessages: Early EndPlayMap Detection: Level '/Game/FirstPersonBP/Maps/FirstPersonExampleMap.FirstPersonExampleMap:PersistentLevel' has LevelScriptBlueprint '/Game/FirstPersonBP/Maps/FirstPersonExampleMap.FirstPersonExampleMap:PersistentLevel.FirstPersonExampleMap' with GeneratedClass '/Game/FirstPersonBP/Maps/FirstPersonExampleMap.FirstPersonExampleMap_C' with ClassGeneratedBy '/Game/FirstPersonBP/Maps/FirstPersonExampleMap.FirstPersonExampleMap:PersistentLevel.FirstPersonExampleMap'
[2018.01.04-12.13.17:190][958]LogBlueprintUserMessages: Late EndPlayMap Detection: Level '/Game/FirstPersonBP/Maps/FirstPersonExampleMap.FirstPersonExampleMap:PersistentLevel' has LevelScriptBlueprint '/Game/FirstPersonBP/Maps/FirstPersonExampleMap.FirstPersonExampleMap:PersistentLevel.FirstPersonExampleMap' with GeneratedClass '/Game/FirstPersonBP/Maps/FirstPersonExampleMap.FirstPersonExampleMap_C' with ClassGeneratedBy '/Game/FirstPersonBP/Maps/FirstPersonExampleMap.FirstPersonExampleMap:PersistentLevel.FirstPersonExampleMap'
[2018.01.04-12.13.35:095][441]LogTemp: Repeting last play command: Selected Viewport
[2018.01.04-12.13.35:119][441]LogBlueprintUserMessages: Early PlayInEditor Detection: Level '/Game/FirstPersonBP/Maps/FirstPersonExampleMap.FirstPersonExampleMap:PersistentLevel' has LevelScriptBlueprint '/Game/FirstPersonBP/Maps/FirstPersonExampleMap.FirstPersonExampleMap:PersistentLevel.FirstPersonExampleMap' with GeneratedClass '/Game/FirstPersonBP/Maps/FirstPersonExampleMap.FirstPersonExampleMap_C' with ClassGeneratedBy '/Game/FirstPersonBP/Maps/FirstPersonExampleMap.FirstPersonExampleMap:PersistentLevel.FirstPersonExampleMap'
[2018.01.04-12.13.35:119][441]LogPlayLevel: PlayLevel: No blueprints needed recompiling
[2018.01.04-12.13.35:120][441]PIE: New page: PIE session: FirstPersonExampleMap (Jan 4, 2018, 2:13:35 PM)
[2018.01.04-12.13.35:120][441]LogPlayLevel: Creating play world package: /Game/FirstPersonBP/Maps/UEDPIE_0_FirstPersonExampleMap
[2018.01.04-12.13.35:189][441]LogPlayLevel: PIE: StaticDuplicateObject took: (0.068913s)
[2018.01.04-12.13.35:191][441]LogAIModule: Creating AISystem for world FirstPersonExampleMap
[2018.01.04-12.13.35:191][441]LogPlayLevel: PIE: World Init took: (0.001652s)
[2018.01.04-12.13.35:191][441]LogPlayLevel: PIE: Created PIE world by copying editor world from /Game/FirstPersonBP/Maps/FirstPersonExampleMap.FirstPersonExampleMap to /Game/FirstPersonBP/Maps/UEDPIE_0_FirstPersonExampleMap.FirstPersonExampleMap (0.071052s)
[2018.01.04-12.13.35:220][441]LogInit: XAudio2 using 'Głośniki (Realtek High Definition Audio)' : 2 channels at 48 kHz using 32 bits per sample (channel mask 0x3)
[2018.01.04-12.13.35:245][441]LogInit: FAudioDevice initialized.
[2018.01.04-12.13.35:282][441]LogLoad: Game class is 'FirstPersonGameMode_C'
[2018.01.04-12.13.35:295][441]LogWorld: Bringing World /Game/FirstPersonBP/Maps/UEDPIE_0_FirstPersonExampleMap.FirstPersonExampleMap up for play (max tick rate 60) at 2018.01.04-13.13.35
[2018.01.04-12.13.35:296][441]LogWorld: Bringing up level for play took: 0.012979
[2018.01.04-12.13.35:297][441]LogGameMode: FindPlayerStart: PATHS NOT DEFINED or NO PLAYERSTART with positive rating
[2018.01.04-12.13.35:298][441]PIE: Info Play in editor start time for /Game/FirstPersonBP/Maps/UEDPIE_0_FirstPersonExampleMap 0.238
[2018.01.04-12.13.35:298][441]LogBlueprintUserMessages: Late PlayInEditor Detection: Level '/Game/FirstPersonBP/Maps/FirstPersonExampleMap.FirstPersonExampleMap:PersistentLevel' has LevelScriptBlueprint '/Game/FirstPersonBP/Maps/FirstPersonExampleMap.FirstPersonExampleMap:PersistentLevel.FirstPersonExampleMap' with GeneratedClass '/Game/FirstPersonBP/Maps/FirstPersonExampleMap.FirstPersonExampleMap_C' with ClassGeneratedBy '/Game/FirstPersonBP/Maps/FirstPersonExampleMap.FirstPersonExampleMap:PersistentLevel.FirstPersonExampleMap'
[2018.01.04-12.14.00:224][251]LogBlueprintUserMessages: Early EndPlayMap Detection: Level '/Game/FirstPersonBP/Maps/FirstPersonExampleMap.FirstPersonExampleMap:PersistentLevel' has LevelScriptBlueprint '/Game/FirstPersonBP/Maps/FirstPersonExampleMap.FirstPersonExampleMap:PersistentLevel.FirstPersonExampleMap' with GeneratedClass '/Game/FirstPersonBP/Maps/FirstPersonExampleMap.FirstPersonExampleMap_C' with ClassGeneratedBy '/Game/FirstPersonBP/Maps/FirstPersonExampleMap.FirstPersonExampleMap:PersistentLevel.FirstPersonExampleMap'
[2018.01.04-12.14.00:292][251]LogBlueprintUserMessages: Late EndPlayMap Detection: Level '/Game/FirstPersonBP/Maps/FirstPersonExampleMap.FirstPersonExampleMap:PersistentLevel' has LevelScriptBlueprint '/Game/FirstPersonBP/Maps/FirstPersonExampleMap.FirstPersonExampleMap:PersistentLevel.FirstPersonExampleMap' with GeneratedClass '/Game/FirstPersonBP/Maps/FirstPersonExampleMap.FirstPersonExampleMap_C' with ClassGeneratedBy '/Game/FirstPersonBP/Maps/FirstPersonExampleMap.FirstPersonExampleMap:PersistentLevel.FirstPersonExampleMap'
[2018.01.04-12.15.55:963][722]LogEditorViewport: Clicking on Actor (LMB): StaticMeshActor (deuflat)
[2018.01.04-12.15.58:364][794]Cmd: DELETE
[2018.01.04-12.15.58:364][794]Cmd: ACTOR DELETE
[2018.01.04-12.15.58:369][794]LogEditorActor: Deleted Actor: StaticMeshActor
[2018.01.04-12.15.58:407][794]LogEditorActor: Deleted 1 Actors (0.043 secs)
[2018.01.04-12.16.40:456][917]Cmd: OBJ SAVEPACKAGE PACKAGE="/Game/FlashLight/FL_actor" FILE="I:/Projekt/PGK/Content/FlashLight/FL_actor.uasset" SILENT=true
[2018.01.04-12.16.40:495][917]LogSavePackage: Save=34.02ms
[2018.01.04-12.16.40:495][917]LogSavePackage: Moving 'I:/Projekt/PGK/Saved/FL_actor355CAD164BE88F24976685A3895397D5.tmp' to 'I:/Projekt/PGK/Content/FlashLight/FL_actor.uasset'
[2018.01.04-12.16.40:496][917]LogSavePackage:Display: Finished SavePackage I:/Projekt/PGK/Content/FlashLight/FL_actor.uasset
[2018.01.04-12.16.41:683][962]BlueprintLog: New page: Compile FL_actor
[2018.01.04-12.16.45:445][102]LogEditorViewport: Clicking on Actor (LMB): FL_actor_C (FL_actor)
[2018.01.04-12.16.46:921][159]LogEditorViewport: Clicking on Actor (LMB): FL_actor_C (FL_actor)
[2018.01.04-12.16.47:028][159]LogEditorViewport: Clicking on Component (LMB): SceneComponent (DefaultSceneRoot)
[2018.01.04-12.17.20:213][166]Cmd: OBJ SAVEPACKAGE PACKAGE="/Game/FlashLight/FL_actor" FILE="I:/Projekt/PGK/Content/FlashLight/FL_actor.uasset" SILENT=true
[2018.01.04-12.17.20:285][166]LogSavePackage: Save=64.74ms
[2018.01.04-12.17.20:285][166]LogSavePackage: Moving 'I:/Projekt/PGK/Saved/FL_actor3378FA8C4ED6D60AC6BB1FB3E41C053A.tmp' to 'I:/Projekt/PGK/Content/FlashLight/FL_actor.uasset'
[2018.01.04-12.17.20:288][166]LogSavePackage:Display: Finished SavePackage I:/Projekt/PGK/Content/FlashLight/FL_actor.uasset
[2018.01.04-12.17.20:799][184]BlueprintLog: New page: Compile FL_actor
[2018.01.04-12.17.50:070][145]LogTemp: Repeting last play command: Selected Viewport
[2018.01.04-12.17.50:096][145]LogBlueprintUserMessages: Early PlayInEditor Detection: Level '/Game/FirstPersonBP/Maps/FirstPersonExampleMap.FirstPersonExampleMap:PersistentLevel' has LevelScriptBlueprint '/Game/FirstPersonBP/Maps/FirstPersonExampleMap.FirstPersonExampleMap:PersistentLevel.FirstPersonExampleMap' with GeneratedClass '/Game/FirstPersonBP/Maps/FirstPersonExampleMap.FirstPersonExampleMap_C' with ClassGeneratedBy '/Game/FirstPersonBP/Maps/FirstPersonExampleMap.FirstPersonExampleMap:PersistentLevel.FirstPersonExampleMap'
[2018.01.04-12.17.50:097][145]LogPlayLevel: PlayLevel: No blueprints needed recompiling
[2018.01.04-12.17.50:098][145]PIE: New page: PIE session: FirstPersonExampleMap (Jan 4, 2018, 2:17:50 PM)
[2018.01.04-12.17.50:098][145]LogPlayLevel: Creating play world package: /Game/FirstPersonBP/Maps/UEDPIE_0_FirstPersonExampleMap
[2018.01.04-12.17.50:214][145]LogPlayLevel: PIE: StaticDuplicateObject took: (0.114661s)
[2018.01.04-12.17.50:215][145]LogAIModule: Creating AISystem for world FirstPersonExampleMap
[2018.01.04-12.17.50:216][145]LogPlayLevel: PIE: World Init took: (0.002323s)
[2018.01.04-12.17.50:217][145]LogPlayLevel: PIE: Created PIE world by copying editor world from /Game/FirstPersonBP/Maps/FirstPersonExampleMap.FirstPersonExampleMap to /Game/FirstPersonBP/Maps/UEDPIE_0_FirstPersonExampleMap.FirstPersonExampleMap (0.118439s)
[2018.01.04-12.17.50:274][145]LogInit: XAudio2 using 'Głośniki (Realtek High Definition Audio)' : 2 channels at 48 kHz using 32 bits per sample (channel mask 0x3)
[2018.01.04-12.17.50:314][145]LogInit: FAudioDevice initialized.
[2018.01.04-12.17.50:355][145]LogLoad: Game class is 'FirstPersonGameMode_C'
[2018.01.04-12.17.50:377][145]LogWorld: Bringing World /Game/FirstPersonBP/Maps/UEDPIE_0_FirstPersonExampleMap.FirstPersonExampleMap up for play (max tick rate 60) at 2018.01.04-13.17.50
[2018.01.04-12.17.50:379][145]LogWorld: Bringing up level for play took: 0.020820
[2018.01.04-12.17.50:380][145]LogGameMode: FindPlayerStart: PATHS NOT DEFINED or NO PLAYERSTART with positive rating
[2018.01.04-12.17.50:382][145]PIE: Info Play in editor start time for /Game/FirstPersonBP/Maps/UEDPIE_0_FirstPersonExampleMap -0.679
[2018.01.04-12.17.50:382][145]LogBlueprintUserMessages: Late PlayInEditor Detection: Level '/Game/FirstPersonBP/Maps/FirstPersonExampleMap.FirstPersonExampleMap:PersistentLevel' has LevelScriptBlueprint '/Game/FirstPersonBP/Maps/FirstPersonExampleMap.FirstPersonExampleMap:PersistentLevel.FirstPersonExampleMap' with GeneratedClass '/Game/FirstPersonBP/Maps/FirstPersonExampleMap.FirstPersonExampleMap_C' with ClassGeneratedBy '/Game/FirstPersonBP/Maps/FirstPersonExampleMap.FirstPersonExampleMap:PersistentLevel.FirstPersonExampleMap'
[2018.01.04-12.18.03:572][550]LogBlueprintUserMessages: Early EndPlayMap Detection: Level '/Game/FirstPersonBP/Maps/FirstPersonExampleMap.FirstPersonExampleMap:PersistentLevel' has LevelScriptBlueprint '/Game/FirstPersonBP/Maps/FirstPersonExampleMap.FirstPersonExampleMap:PersistentLevel.FirstPersonExampleMap' with GeneratedClass '/Game/FirstPersonBP/Maps/FirstPersonExampleMap.FirstPersonExampleMap_C' with ClassGeneratedBy '/Game/FirstPersonBP/Maps/FirstPersonExampleMap.FirstPersonExampleMap:PersistentLevel.FirstPersonExampleMap'
[2018.01.04-12.18.03:636][550]LogBlueprintUserMessages: Late EndPlayMap Detection: Level '/Game/FirstPersonBP/Maps/FirstPersonExampleMap.FirstPersonExampleMap:PersistentLevel' has LevelScriptBlueprint '/Game/FirstPersonBP/Maps/FirstPersonExampleMap.FirstPersonExampleMap:PersistentLevel.FirstPersonExampleMap' with GeneratedClass '/Game/FirstPersonBP/Maps/FirstPersonExampleMap.FirstPersonExampleMap_C' with ClassGeneratedBy '/Game/FirstPersonBP/Maps/FirstPersonExampleMap.FirstPersonExampleMap:PersistentLevel.FirstPersonExampleMap'
[2018.01.04-12.18.05:352][602]Cmd: OBJ SAVEPACKAGE PACKAGE="/Game/FirstPersonBP/Maps/FirstPersonExampleMap" FILE="I:/Projekt/PGK/Content/FirstPersonBP/Maps/FirstPersonExampleMap.umap" SILENT=true AUTOSAVING=false KEEPDIRTY=false
[2018.01.04-12.18.06:413][602]LogSavePackage: Save=1022.88ms
[2018.01.04-12.18.06:413][602]LogSavePackage: Moving 'I:/Projekt/PGK/Saved/FirstPersonExampleMap3D3172864F4F89B7FB7E7482372EC123.tmp' to 'I:/Projekt/PGK/Content/FirstPersonBP/Maps/FirstPersonExampleMap.umap'
[2018.01.04-12.18.06:416][602]LogSavePackage:Display: Finished SavePackage I:/Projekt/PGK/Content/FirstPersonBP/Maps/FirstPersonExampleMap.umap
[2018.01.04-12.18.06:439][602]Cmd: OBJ SAVEPACKAGE PACKAGE="/Game/FirstPersonBP/Maps/FirstPersonExampleMap_BuiltData" FILE="I:/Projekt/PGK/Content/FirstPersonBP/Maps/FirstPersonExampleMap_BuiltData.uasset" SILENT=true
[2018.01.04-12.18.06:445][602]LogSavePackage: Save=1.35ms
[2018.01.04-12.18.06:445][602]LogSavePackage: Moving 'I:/Projekt/PGK/Saved/FirstPersonExampleMap_BuiltData6C50A05448AB87303C5D6DBE59EFEA8D.tmp' to 'I:/Projekt/PGK/Content/FirstPersonBP/Maps/FirstPersonExampleMap_BuiltData.uasset'
[2018.01.04-12.18.06:446][602]LogSavePackage:Display: Finished SavePackage I:/Projekt/PGK/Content/FirstPersonBP/Maps/FirstPersonExampleMap_BuiltData.uasset
[2018.01.04-12.18.25:669][211]Cmd: OBJ SAVEPACKAGE PACKAGE="/Game/FirstPersonBP/Maps/FirstPersonExampleMap" FILE="I:/Projekt/PGK/Content/FirstPersonBP/Maps/FirstPersonExampleMap.umap" SILENT=true AUTOSAVING=false KEEPDIRTY=false
[2018.01.04-12.18.27:032][211]LogSavePackage: Save=1324.73ms
[2018.01.04-12.18.27:033][211]LogSavePackage: Moving 'I:/Projekt/PGK/Saved/FirstPersonExampleMap168625E54D5B36031CE12798B0034A1B.tmp' to 'I:/Projekt/PGK/Content/FirstPersonBP/Maps/FirstPersonExampleMap.umap'
[2018.01.04-12.18.27:035][211]LogSavePackage:Display: Finished SavePackage I:/Projekt/PGK/Content/FirstPersonBP/Maps/FirstPersonExampleMap.umap
[2018.01.04-12.18.27:057][211]Cmd: OBJ SAVEPACKAGE PACKAGE="/Game/FirstPersonBP/Maps/FirstPersonExampleMap_BuiltData" FILE="I:/Projekt/PGK/Content/FirstPersonBP/Maps/FirstPersonExampleMap_BuiltData.uasset" SILENT=true
[2018.01.04-12.18.27:061][211]LogSavePackage: Save=0.79ms
[2018.01.04-12.18.27:061][211]LogSavePackage: Moving 'I:/Projekt/PGK/Saved/FirstPersonExampleMap_BuiltData3C9BA84D4B7FDB9A38D55487D68F2B2F.tmp' to 'I:/Projekt/PGK/Content/FirstPersonBP/Maps/FirstPersonExampleMap_BuiltData.uasset'
[2018.01.04-12.18.27:062][211]LogSavePackage:Display: Finished SavePackage I:/Projekt/PGK/Content/FirstPersonBP/Maps/FirstPersonExampleMap_BuiltData.uasset
[2018.01.04-12.20.01:591][ 86]LogWindowsTextInputMethodSystem:Display: IME system now deactivated.
[2018.01.04-12.20.01:841][ 87]Cmd: QUIT_EDITOR
[2018.01.04-12.20.02:337][ 87]LogExit: Preparing to exit.
[2018.01.04-12.20.02:680][ 87]LogExit: Editor shut down
[2018.01.04-12.20.02:685][ 87]LogExit: Transaction tracking system shut down
[2018.01.04-12.20.02:869][ 87]LogObj: Freed 0b from 0 cluster array pools.
[2018.01.04-12.20.02:869][ 87]LogExit: Object subsystem successfully closed.
[2018.01.04-12.20.02:893][ 87]LogD3D11RHI: Shutdown
[2018.01.04-12.20.02:893][ 87]LogD3D11RHI: CleanupD3DDevice
[2018.01.04-12.20.03:045][ 87]LogD3D11RHI: ~FD3D11DynamicRHI
[2018.01.04-12.20.03:070][ 87]LogModuleManager: Shutting down and abandoning module HierarchicalLODUtilities (532)
[2018.01.04-12.20.03:070][ 87]LogModuleManager: Shutting down and abandoning module MovieSceneCapture (530)
[2018.01.04-12.20.03:070][ 87]LogModuleManager: Shutting down and abandoning module BlueprintGraph (528)
[2018.01.04-12.20.03:070][ 87]LogModuleManager: Shutting down and abandoning module BlueprintProfiler (526)
[2018.01.04-12.20.03:081][ 87]LogModuleManager: Shutting down and abandoning module HierarchicalLODOutliner (524)
[2018.01.04-12.20.03:081][ 87]LogModuleManager: Shutting down and abandoning module CrashTracker (522)
[2018.01.04-12.20.03:081][ 87]LogModuleManager: Shutting down and abandoning module SceneOutliner (520)
[2018.01.04-12.20.03:081][ 87]LogModuleManager: Shutting down and abandoning module AddContentDialog (518)
[2018.01.04-12.20.03:081][ 87]LogDirectoryWatcher: A directory notification for 'P:/silnik/UE_4.16/FeaturePacks/' was aborted.
[2018.01.04-12.20.03:082][ 87]LogModuleManager: Shutting down and abandoning module WidgetCarousel (517)
[2018.01.04-12.20.03:082][ 87]LogModuleManager: Shutting down and abandoning module EditorWidgets (514)
[2018.01.04-12.20.03:082][ 87]LogModuleManager: Shutting down and abandoning module CollectionManager (512)
[2018.01.04-12.20.03:082][ 87]LogDirectoryWatcher: A directory notification for 'I:/Projekt/PGK/Content/Collections/' was aborted.
[2018.01.04-12.20.03:082][ 87]LogDirectoryWatcher: A directory notification for 'I:/Projekt/PGK/Content/Developers/Robert/Collections/' was aborted.
[2018.01.04-12.20.03:082][ 87]LogDirectoryWatcher: A directory notification for 'I:/Projekt/PGK/Saved/Collections/' was aborted.
[2018.01.04-12.20.03:082][ 87]LogModuleManager: Shutting down and abandoning module StatsViewer (510)
[2018.01.04-12.20.03:082][ 87]LogModuleManager: Shutting down and abandoning module FoliageEdit (508)
[2018.01.04-12.20.03:082][ 87]LogModuleManager: Shutting down and abandoning module LandscapeEditor (506)
[2018.01.04-12.20.03:083][ 87]LogModuleManager: Shutting down and abandoning module MeshPaintMode (504)
[2018.01.04-12.20.03:083][ 87]LogModuleManager: Shutting down and abandoning module SceneDepthPickerMode (502)
[2018.01.04-12.20.03:083][ 87]LogModuleManager: Shutting down and abandoning module ActorPickerMode (500)
[2018.01.04-12.20.03:083][ 87]LogModuleManager: Shutting down and abandoning module GeometryMode (498)
[2018.01.04-12.20.03:083][ 87]LogModuleManager: Shutting down and abandoning module TextureAlignMode (496)
[2018.01.04-12.20.03:083][ 87]LogModuleManager: Shutting down and abandoning module BspMode (494)
[2018.01.04-12.20.03:083][ 87]LogModuleManager: Shutting down and abandoning module HardwareSurvey (492)
[2018.01.04-12.20.03:083][ 87]LogModuleManager: Shutting down and abandoning module SequenceRecorderSections (490)
[2018.01.04-12.20.03:083][ 87]LogModuleManager: Shutting down and abandoning module AutomationWorker (488)
[2018.01.04-12.20.03:083][ 87]LogModuleManager: Shutting down and abandoning module MatineeToLevelSequence (486)
[2018.01.04-12.20.03:083][ 87]LogModuleManager: Shutting down and abandoning module LevelSequenceEditor (484)
[2018.01.04-12.20.03:083][ 87]LogModuleManager: Shutting down and abandoning module PlacementMode (483)
[2018.01.04-12.20.03:083][ 87]LogModuleManager: Shutting down and abandoning module WmfMediaFactory (480)
[2018.01.04-12.20.03:083][ 87]LogModuleManager: Shutting down and abandoning module WmfMediaEditor (478)
[2018.01.04-12.20.03:083][ 87]LogModuleManager: Shutting down and abandoning module AvfMediaFactory (476)
[2018.01.04-12.20.03:083][ 87]LogModuleManager: Shutting down and abandoning module AvfMediaEditor (474)
[2018.01.04-12.20.03:083][ 87]LogModuleManager: Shutting down and abandoning module AndroidMediaFactory (472)
[2018.01.04-12.20.03:083][ 87]LogModuleManager: Shutting down and abandoning module Media (471)
[2018.01.04-12.20.03:083][ 87]LogModuleManager: Shutting down and abandoning module AndroidMediaEditor (468)
[2018.01.04-12.20.03:083][ 87]LogModuleManager: Shutting down and abandoning module CharacterAI (466)
[2018.01.04-12.20.03:083][ 87]LogModuleManager: Shutting down and abandoning module AudioCapture (464)
[2018.01.04-12.20.03:083][ 87]LogModuleManager: Shutting down and abandoning module SequenceRecorder (463)
[2018.01.04-12.20.03:083][ 87]LogModuleManager: Shutting down and abandoning module SmartSnapping (460)
[2018.01.04-12.20.03:083][ 87]LogModuleManager: Shutting down and abandoning module SessionServices (458)
[2018.01.04-12.20.03:083][ 87]LogModuleManager: Shutting down and abandoning module ViewportSnapping (456)
[2018.01.04-12.20.03:083][ 87]LogModuleManager: Shutting down and abandoning module ViewportInteraction (454)
[2018.01.04-12.20.03:083][ 87]LogModuleManager: Shutting down and abandoning module ClothPainter (452)
[2018.01.04-12.20.03:083][ 87]LogModuleManager: Shutting down and abandoning module LogVisualizer (450)
[2018.01.04-12.20.03:083][ 87]LogModuleManager: Shutting down and abandoning module IntroTutorials (448)
[2018.01.04-12.20.03:083][ 87]LogModuleManager: Shutting down and abandoning module GameProjectGeneration (447)
[2018.01.04-12.20.03:083][ 87]LogModuleManager: Shutting down and abandoning module EditorLiveStreaming (444)
[2018.01.04-12.20.03:083][ 87]LogModuleManager: Shutting down and abandoning module IOSPlatformEditor (442)
[2018.01.04-12.20.03:083][ 87]LogModuleManager: Shutting down and abandoning module HTML5PlatformEditor (440)
[2018.01.04-12.20.03:083][ 87]LogModuleManager: Shutting down and abandoning module AndroidPlatformEditor (438)
[2018.01.04-12.20.03:083][ 87]LogModuleManager: Shutting down and abandoning module AndroidDeviceDetection (437)
[2018.01.04-12.20.03:260][ 87]LogModuleManager: Shutting down and abandoning module IOSRuntimeSettings (434)
[2018.01.04-12.20.03:260][ 87]LogModuleManager: Shutting down and abandoning module AndroidRuntimeSettings (432)
[2018.01.04-12.20.03:260][ 87]LogModuleManager: Shutting down and abandoning module InputBindingEditor (430)
[2018.01.04-12.20.03:260][ 87]LogModuleManager: Shutting down and abandoning module MergeActors (428)
[2018.01.04-12.20.03:260][ 87]LogModuleManager: Shutting down and abandoning module SizeMap (426)
[2018.01.04-12.20.03:260][ 87]LogModuleManager: Shutting down and abandoning module TreeMap (424)
[2018.01.04-12.20.03:260][ 87]LogModuleManager: Shutting down and abandoning module ReferenceViewer (422)
[2018.01.04-12.20.03:260][ 87]LogModuleManager: Shutting down and abandoning module LocalizationDashboard (420)
[2018.01.04-12.20.03:260][ 87]LogModuleManager: Shutting down and abandoning module LocalizationService (419)
[2018.01.04-12.20.03:260][ 87]LogModuleManager: Shutting down and abandoning module HardwareTargeting (416)
[2018.01.04-12.20.03:260][ 87]LogModuleManager: Shutting down and abandoning module DeviceProfileEditor (414)
[2018.01.04-12.20.03:260][ 87]LogModuleManager: Shutting down and abandoning module UndoHistory (412)
[2018.01.04-12.20.03:260][ 87]LogModuleManager: Shutting down and abandoning module UserFeedback (410)
[2018.01.04-12.20.03:260][ 87]LogModuleManager: Shutting down and abandoning module XmlParser (408)
[2018.01.04-12.20.03:260][ 87]LogModuleManager: Shutting down and abandoning module Blutility (406)
[2018.01.04-12.20.03:260][ 87]LogModuleManager: Shutting down and abandoning module ProjectSettingsViewer (404)
[2018.01.04-12.20.03:261][ 87]LogModuleManager: Shutting down and abandoning module ProjectTargetPlatformEditor (403)
[2018.01.04-12.20.03:261][ 87]LogModuleManager: Shutting down and abandoning module EditorSettingsViewer (400)
[2018.01.04-12.20.03:261][ 87]LogModuleManager: Shutting down and abandoning module SettingsEditor (398)
[2018.01.04-12.20.03:261][ 87]LogModuleManager: Shutting down and abandoning module ProjectLauncher (396)
[2018.01.04-12.20.03:261][ 87]LogModuleManager: Shutting down and abandoning module SessionFrontend (394)
[2018.01.04-12.20.03:261][ 87]LogModuleManager: Shutting down and abandoning module ProfilerClient (392)
[2018.01.04-12.20.03:261][ 87]LogModuleManager: Shutting down and abandoning module DeviceManager (390)
[2018.01.04-12.20.03:261][ 87]LogModuleManager: Shutting down and abandoning module TargetDeviceServices (389)
[2018.01.04-12.20.03:304][ 87]LogModuleManager: Shutting down and abandoning module AutomationController (386)
[2018.01.04-12.20.03:304][ 87]LogModuleManager: Shutting down and abandoning module AutomationWindow (384)
[2018.01.04-12.20.03:304][ 87]LogModuleManager: Shutting down and abandoning module Layers (382)
[2018.01.04-12.20.03:304][ 87]LogModuleManager: Shutting down and abandoning module ComponentVisualizers (380)
[2018.01.04-12.20.03:304][ 87]LogModuleManager: Shutting down and abandoning module DetailCustomizations (378)
[2018.01.04-12.20.03:304][ 87]LogModuleManager: Shutting down and abandoning module PackagesDialog (376)
[2018.01.04-12.20.03:304][ 87]LogModuleManager: Shutting down and abandoning module Persona (374)
[2018.01.04-12.20.03:304][ 87]LogModuleManager: Shutting down and abandoning module AdvancedPreviewScene (373)
[2018.01.04-12.20.03:305][ 87]LogModuleManager: Shutting down and abandoning module AnimGraph (371)
[2018.01.04-12.20.03:305][ 87]LogModuleManager: Shutting down and abandoning module Kismet (368)
[2018.01.04-12.20.03:323][ 87]LogModuleManager: Shutting down and abandoning module ClassViewer (366)
[2018.01.04-12.20.03:323][ 87]LogModuleManager: Shutting down and abandoning module Toolbox (364)
[2018.01.04-12.20.03:323][ 87]LogModuleManager: Shutting down and abandoning module ModuleUI (362)
[2018.01.04-12.20.03:323][ 87]LogModuleManager: Shutting down and abandoning module MovieSceneTools (360)
[2018.01.04-12.20.03:323][ 87]LogModuleManager: Shutting down and abandoning module OutputLog (358)
[2018.01.04-12.20.03:323][ 87]LogModuleManager: Shutting down and abandoning module GammaUI (356)
[2018.01.04-12.20.03:323][ 87]LogModuleManager: Shutting down and abandoning module Documentation (354)
[2018.01.04-12.20.03:323][ 87]LogModuleManager: Shutting down and abandoning module MovieSceneTracks (352)
[2018.01.04-12.20.03:323][ 87]LogModuleManager: Shutting down and abandoning module MovieScene (350)
[2018.01.04-12.20.03:323][ 87]LogModuleManager: Shutting down and abandoning module Niagara (348)
[2018.01.04-12.20.03:323][ 87]LogModuleManager: Shutting down and abandoning module NiagaraEditor (347)
[2018.01.04-12.20.03:323][ 87]LogModuleManager: Shutting down and abandoning module StreamingPauseRendering (344)
[2018.01.04-12.20.03:323][ 87]LogModuleManager: Shutting down and abandoning module AnalyticsET (342)
[2018.01.04-12.20.03:323][ 87]LogModuleManager: Shutting down and abandoning module PortalServices (340)
[2018.01.04-12.20.03:323][ 87]LogModuleManager: Shutting down and abandoning module PortalRpc (338)
[2018.01.04-12.20.03:323][ 87]LogModuleManager: Shutting down and abandoning module MessagingRpc (336)
[2018.01.04-12.20.03:324][ 87]LogModuleManager: Shutting down and abandoning module AIModule (334)
[2018.01.04-12.20.03:324][ 87]LogModuleManager: Shutting down and abandoning module GameplayDebugger (333)
[2018.01.04-12.20.03:324][ 87]LogModuleManager: Shutting down and abandoning module AITestSuite (331)
[2018.01.04-12.20.03:324][ 87]LogModuleManager: Shutting down and abandoning module ProfilerService (328)
[2018.01.04-12.20.03:537][ 87]LogModuleManager: Shutting down and abandoning module TaskGraph (326)
[2018.01.04-12.20.03:537][ 87]LogModuleManager: Shutting down and abandoning module SteamVRController (324)
[2018.01.04-12.20.03:537][ 87]LogModuleManager: Shutting down and abandoning module SteamVR (322)
[2018.01.04-12.20.03:537][ 87]LogModuleManager: Shutting down and abandoning module ProceduralMeshComponentEditor (320)
[2018.01.04-12.20.03:537][ 87]LogModuleManager: Shutting down and abandoning module ProceduralMeshComponent (318)
[2018.01.04-12.20.03:537][ 87]LogModuleManager: Shutting down and abandoning module OculusLibrary (316)
[2018.01.04-12.20.03:537][ 87]LogModuleManager: Shutting down and abandoning module OculusInput (314)
[2018.01.04-12.20.03:537][ 87]LogModuleManager: Shutting down and abandoning module MobilePatchingUtils (312)
[2018.01.04-12.20.03:537][ 87]LogModuleManager: Shutting down and abandoning module CustomMeshComponent (310)
[2018.01.04-12.20.03:537][ 87]LogModuleManager: Shutting down and abandoning module CableComponent (308)
[2018.01.04-12.20.03:537][ 87]LogModuleManager: Shutting down and abandoning module ArchVisCharacter (306)
[2018.01.04-12.20.03:537][ 87]LogModuleManager: Shutting down and abandoning module AndroidPermission (304)
[2018.01.04-12.20.03:537][ 87]LogModuleManager: Shutting down and abandoning module MediaPlayerEditor (300)
[2018.01.04-12.20.03:537][ 87]LogModuleManager: Shutting down and abandoning module HTML5Networking (298)
[2018.01.04-12.20.03:537][ 87]LogModuleManager: Shutting down and abandoning module AlembicImporter (296)
[2018.01.04-12.20.03:537][ 87]LogModuleManager: Shutting down and abandoning module AlembicLibrary (295)
[2018.01.04-12.20.03:537][ 87]LogModuleManager: Shutting down and abandoning module GeometryCache (294)
[2018.01.04-12.20.03:537][ 87]LogModuleManager: Shutting down and abandoning module GeometryCacheEd (293)
[2018.01.04-12.20.03:537][ 87]LogModuleManager: Shutting down and abandoning module SuperSearchEditor (288)
[2018.01.04-12.20.03:538][ 87]LogModuleManager: Shutting down and abandoning module SuperSearch (287)
[2018.01.04-12.20.03:538][ 87]LogModuleManager: Shutting down and abandoning module SpeedTreeImporter (284)
[2018.01.04-12.20.03:538][ 87]LogModuleManager: Shutting down and abandoning module PluginBrowser (282)
[2018.01.04-12.20.03:538][ 87]LogModuleManager: Shutting down and abandoning module MobileLauncherProfileWizard (280)
[2018.01.04-12.20.03:538][ 87]LogModuleManager: Shutting down and abandoning module VisualStudioSourceCodeAccess (278)
[2018.01.04-12.20.03:538][ 87]LogModuleManager: Shutting down and abandoning module DesktopPlatform (277)
[2018.01.04-12.20.03:538][ 87]LogModuleManager: Shutting down and abandoning module UObjectPlugin (274)
[2018.01.04-12.20.03:538][ 87]LogModuleManager: Shutting down and abandoning module SubversionSourceControl (272)
[2018.01.04-12.20.03:538][ 87]LogModuleManager: Shutting down and abandoning module PerforceSourceControl (270)
[2018.01.04-12.20.03:538][ 87]LogModuleManager: Shutting down and abandoning module GitSourceControl (268)
[2018.01.04-12.20.03:538][ 87]LogModuleManager: Shutting down and abandoning module SourceControl (267)
[2018.01.04-12.20.03:538][ 87]LogModuleManager: Shutting down and abandoning module LightPropagationVolumeEditor (264)
[2018.01.04-12.20.03:538][ 87]LogModuleManager: Shutting down and abandoning module PaperTiledImporter (262)
[2018.01.04-12.20.03:538][ 87]LogModuleManager: Shutting down and abandoning module PaperSpriteSheetImporter (260)
[2018.01.04-12.20.03:538][ 87]LogModuleManager: Shutting down and abandoning module Paper2DEditor (258)
[2018.01.04-12.20.03:538][ 87]LogModuleManager: Shutting down and abandoning module MeshPaint (257)
[2018.01.04-12.20.03:538][ 87]LogModuleManager: Shutting down and abandoning module LevelEditor (255)
[2018.01.04-12.20.03:539][ 87]LogModuleManager: Shutting down and abandoning module PixelInspectorModule (254)
[2018.01.04-12.20.03:539][ 87]LogModuleManager: Shutting down and abandoning module MainFrame (252)
[2018.01.04-12.20.03:539][ 87]LogModuleManager: Shutting down and abandoning module HotReload (251)
[2018.01.04-12.20.03:540][ 87]LogModuleManager: Shutting down and abandoning module PhysXVehiclesEditor (246)
[2018.01.04-12.20.03:540][ 87]LogModuleManager: Shutting down and abandoning module PhysXVehicles (244)
[2018.01.04-12.20.03:540][ 87]LogModuleManager: Shutting down and abandoning module LocationServicesBPLibrary (242)
[2018.01.04-12.20.03:540][ 87]LogModuleManager: Shutting down and abandoning module ImmediatePhysicsEditor (240)
[2018.01.04-12.20.03:540][ 87]LogModuleManager: Shutting down and abandoning module ImmediatePhysics (238)
[2018.01.04-12.20.03:540][ 87]LogModuleManager: Shutting down and abandoning module UdpMessaging (236)
[2018.01.04-12.20.03:640][ 87]LogModuleManager: Shutting down and abandoning module TcpMessaging (234)
[2018.01.04-12.20.03:741][ 87]LogModuleManager: Shutting down and abandoning module GameplayTagsEditor (232)
[2018.01.04-12.20.03:741][ 87]LogModuleManager: Shutting down and abandoning module FacialAnimationEditor (230)
[2018.01.04-12.20.03:741][ 87]LogModuleManager: Shutting down and abandoning module FacialAnimation (228)
[2018.01.04-12.20.03:741][ 87]LogModuleManager: Shutting down and abandoning module AssetManagerEditor (226)
[2018.01.04-12.20.03:741][ 87]LogModuleManager: Shutting down and abandoning module GraphEditor (225)
[2018.01.04-12.20.03:741][ 87]LogModuleManager: Shutting down and abandoning module ContentBrowser (223)
[2018.01.04-12.20.03:743][ 87]LogModuleManager: Shutting down and abandoning module LightPropagationVolumeRuntime (220)
[2018.01.04-12.20.03:743][ 87]LogModuleManager: Shutting down and abandoning module Paper2D (218)
[2018.01.04-12.20.03:743][ 87]LogModuleManager: Shutting down and abandoning module WindowsMoviePlayer (216)
[2018.01.04-12.20.03:743][ 87]LogModuleManager: Shutting down and abandoning module WmfMedia (214)
[2018.01.04-12.20.03:749][ 87]LogModuleManager: Shutting down and abandoning module ClothingSystemEditor (212)
[2018.01.04-12.20.03:749][ 87]LogModuleManager: Shutting down and abandoning module ClothingSystemRuntime (210)
[2018.01.04-12.20.03:749][ 87]LogModuleManager: Shutting down and abandoning module MediaAssets (208)
[2018.01.04-12.20.03:749][ 87]LogModuleManager: Shutting down and abandoning module GameLiveStreaming (206)
[2018.01.04-12.20.03:749][ 87]LogModuleManager: Shutting down and abandoning module VREditor (204)
[2018.01.04-12.20.03:749][ 87]LogModuleManager: Shutting down and abandoning module StringTableEditor (202)
[2018.01.04-12.20.03:749][ 87]LogModuleManager: Shutting down and abandoning module GameplayTasksEditor (200)
[2018.01.04-12.20.03:749][ 87]LogModuleManager: Shutting down and abandoning module BehaviorTreeEditor (198)
[2018.01.04-12.20.03:749][ 87]LogModuleManager: Shutting down and abandoning module FunctionalTesting (196)
[2018.01.04-12.20.03:749][ 87]LogModuleManager: Shutting down and abandoning module CollisionAnalyzer (194)
[2018.01.04-12.20.03:749][ 87]LogModuleManager: Shutting down and abandoning module UMG (192)
[2018.01.04-12.20.03:749][ 87]LogModuleManager: Shutting down and abandoning module UMGEditor (191)
[2018.01.04-12.20.03:749][ 87]LogModuleManager: Shutting down and abandoning module Sequencer (190)
[2018.01.04-12.20.03:750][ 87]LogModuleManager: Shutting down and abandoning module AssetTools (188)
[2018.01.04-12.20.03:750][ 87]LogModuleManager: Shutting down and abandoning module MessageLog (187)
[2018.01.04-12.20.03:750][ 87]LogModuleManager: Shutting down and abandoning module WorkspaceMenuStructure (186)
[2018.01.04-12.20.03:750][ 87]LogModuleManager: Shutting down and abandoning module SlateReflector (180)
[2018.01.04-12.20.03:750][ 87]LogModuleManager: Shutting down and abandoning module Slate (178)
[2018.01.04-12.20.03:750][ 87]LogModuleManager: Shutting down and abandoning module EditorStyle (176)
[2018.01.04-12.20.03:755][ 87]LogModuleManager: Shutting down and abandoning module SourceCodeAccess (174)
[2018.01.04-12.20.03:756][ 87]LogModuleManager: Shutting down and abandoning module HeadMountedDisplay (172)
[2018.01.04-12.20.03:756][ 87]LogModuleManager: Shutting down and abandoning module XAudio2 (170)
[2018.01.04-12.20.03:756][ 87]LogModuleManager: Shutting down and abandoning module Networking (168)
[2018.01.04-12.20.03:756][ 87]LogModuleManager: Shutting down and abandoning module Core (164)
[2018.01.04-12.20.03:756][ 87]LogModuleManager: Shutting down and abandoning module AssetRegistry (162)
[2018.01.04-12.20.03:917][ 87]LogDirectoryWatcher: A directory notification for '../../../Engine/Content/' was aborted.
[2018.01.04-12.20.03:917][ 87]LogDirectoryWatcher: A directory notification for 'I:/Projekt/PGK/Content/' was aborted.
[2018.01.04-12.20.03:917][ 87]LogDirectoryWatcher: A directory notification for '../../../Engine/Plugins/2D/Paper2D/Content/' was aborted.
[2018.01.04-12.20.03:917][ 87]LogDirectoryWatcher: A directory notification for '../../../Engine/Plugins/Runtime/GearVR/Content/' was aborted.
[2018.01.04-12.20.03:920][ 87]LogModuleManager: Shutting down and abandoning module DirectoryWatcher (161)
[2018.01.04-12.20.03:921][ 87]LogModuleManager: Shutting down and abandoning module KismetCompiler (158)
[2018.01.04-12.20.03:921][ 87]LogModuleManager: Shutting down and abandoning module LevelSequence (156)
[2018.01.04-12.20.03:921][ 87]LogModuleManager: Shutting down and abandoning module PhysXFormats (154)
[2018.01.04-12.20.03:921][ 87]LogModuleManager: Shutting down and abandoning module MeshUtilities (152)
[2018.01.04-12.20.03:921][ 87]LogModuleManager: Shutting down and abandoning module SimplygonSwarm (151)
[2018.01.04-12.20.03:921][ 87]LogModuleManager: Shutting down and abandoning module SimplygonMeshReduction (149)
[2018.01.04-12.20.03:921][ 87]LogModuleManager: Shutting down and abandoning module QuadricMeshReduction (147)
[2018.01.04-12.20.03:921][ 87]LogModuleManager: Shutting down and abandoning module DerivedDataCache (144)
[2018.01.04-12.20.03:973][ 87]LogDerivedDataCache: Shutdown
[2018.01.04-12.20.03:973][ 87]LogModuleManager: Shutting down and abandoning module TargetPlatform (142)
[2018.01.04-12.20.03:973][ 87]LogModuleManager: Shutting down and abandoning module VulkanShaderFormat (141)
[2018.01.04-12.20.03:973][ 87]LogModuleManager: Shutting down and abandoning module ShaderFormatVectorVM (139)
[2018.01.04-12.20.03:973][ 87]LogModuleManager: Shutting down and abandoning module ShaderFormatOpenGL (137)
[2018.01.04-12.20.03:973][ 87]LogModuleManager: Shutting down and abandoning module ShaderFormatD3D (135)
[2018.01.04-12.20.03:973][ 87]LogModuleManager: Shutting down and abandoning module MetalShaderFormat (133)
[2018.01.04-12.20.03:973][ 87]LogModuleManager: Shutting down and abandoning module TextureFormatUncompressed (131)
[2018.01.04-12.20.03:973][ 87]LogModuleManager: Shutting down and abandoning module TextureFormatPVR (129)
[2018.01.04-12.20.03:973][ 87]LogModuleManager: Shutting down and abandoning module TextureFormatDXT (127)
[2018.01.04-12.20.03:973][ 87]LogModuleManager: Shutting down and abandoning module TextureFormatIntelISPCTexComp (125)
[2018.01.04-12.20.03:973][ 87]LogModuleManager: Shutting down and abandoning module TextureFormatASTC (123)
[2018.01.04-12.20.03:973][ 87]LogModuleManager: Shutting down and abandoning module ImageWrapper (122)
[2018.01.04-12.20.03:973][ 87]LogModuleManager: Shutting down and abandoning module TextureFormatAndroid (119)
[2018.01.04-12.20.03:973][ 87]LogModuleManager: Shutting down and abandoning module AudioFormatOpus (117)
[2018.01.04-12.20.03:973][ 87]LogModuleManager: Shutting down and abandoning module AudioFormatOgg (115)
[2018.01.04-12.20.03:973][ 87]LogModuleManager: Shutting down and abandoning module AudioFormatADPCM (113)
[2018.01.04-12.20.03:973][ 87]LogModuleManager: Shutting down and abandoning module LinuxTargetPlatform (111)
[2018.01.04-12.20.03:973][ 87]LogModuleManager: Shutting down and abandoning module LinuxServerTargetPlatform (109)
[2018.01.04-12.20.03:973][ 87]LogModuleManager: Shutting down and abandoning module LinuxNoEditorTargetPlatform (107)
[2018.01.04-12.20.03:973][ 87]LogModuleManager: Shutting down and abandoning module LinuxClientTargetPlatform (105)
[2018.01.04-12.20.03:973][ 87]LogModuleManager: Shutting down and abandoning module TVOSTargetPlatform (103)
[2018.01.04-12.20.03:973][ 87]LogModuleManager: Shutting down and abandoning module Messaging (101)
[2018.01.04-12.20.03:973][ 87]LogModuleManager: Shutting down and abandoning module IOSTargetPlatform (99)
[2018.01.04-12.20.03:974][ 87]LogModuleManager: Shutting down and abandoning module HTML5TargetPlatform (97)
[2018.01.04-12.20.03:974][ 87]LogModuleManager: Shutting down and abandoning module Android_PVRTCTargetPlatform (95)
[2018.01.04-12.20.03:974][ 87]LogModuleManager: Shutting down and abandoning module Android_MultiTargetPlatform (93)
[2018.01.04-12.20.03:974][ 87]LogModuleManager: Shutting down and abandoning module Android_ETC2TargetPlatform (91)
[2018.01.04-12.20.03:974][ 87]LogModuleManager: Shutting down and abandoning module Android_ETC1TargetPlatform (89)
[2018.01.04-12.20.03:974][ 87]LogModuleManager: Shutting down and abandoning module Android_DXTTargetPlatform (87)
[2018.01.04-12.20.03:974][ 87]LogModuleManager: Shutting down and abandoning module Android_ATCTargetPlatform (85)
[2018.01.04-12.20.03:974][ 87]LogModuleManager: Shutting down and abandoning module Android_ASTCTargetPlatform (83)
[2018.01.04-12.20.03:974][ 87]LogModuleManager: Shutting down and abandoning module AndroidTargetPlatform (81)
[2018.01.04-12.20.03:974][ 87]LogModuleManager: Shutting down and abandoning module WindowsTargetPlatform (79)
[2018.01.04-12.20.03:974][ 87]LogModuleManager: Shutting down and abandoning module WindowsServerTargetPlatform (77)
[2018.01.04-12.20.03:974][ 87]LogModuleManager: Shutting down and abandoning module WindowsNoEditorTargetPlatform (75)
[2018.01.04-12.20.03:974][ 87]LogModuleManager: Shutting down and abandoning module WindowsClientTargetPlatform (73)
[2018.01.04-12.20.03:974][ 87]LogModuleManager: Shutting down and abandoning module MacTargetPlatform (71)
[2018.01.04-12.20.03:974][ 87]LogModuleManager: Shutting down and abandoning module MacServerTargetPlatform (69)
[2018.01.04-12.20.03:974][ 87]LogModuleManager: Shutting down and abandoning module MacNoEditorTargetPlatform (67)
[2018.01.04-12.20.03:974][ 87]LogModuleManager: Shutting down and abandoning module MacClientTargetPlatform (65)
[2018.01.04-12.20.03:974][ 87]LogModuleManager: Shutting down and abandoning module AllDesktopTargetPlatform (63)
[2018.01.04-12.20.03:974][ 87]LogModuleManager: Shutting down and abandoning module InputCore (60)
[2018.01.04-12.20.03:974][ 87]LogModuleManager: Shutting down and abandoning module Settings (58)
[2018.01.04-12.20.03:974][ 87]LogModuleManager: Shutting down and abandoning module OculusRift (56)
[2018.01.04-12.20.03:974][ 87]LogModuleManager: Shutting down and abandoning module GearVRController (54)
[2018.01.04-12.20.03:974][ 87]LogModuleManager: Shutting down and abandoning module GearVR (52)
[2018.01.04-12.20.03:974][ 87]LogModuleManager: Shutting down and abandoning module ExampleDeviceProfileSelector (50)
[2018.01.04-12.20.03:974][ 87]LogModuleManager: Shutting down and abandoning module OnlineBlueprintSupport (48)
[2018.01.04-12.20.03:974][ 87]LogModuleManager: Shutting down and abandoning module OnlineSubsystem (44)
[2018.01.04-12.20.03:974][ 87]LogOnline:Display: Unloading online subsystem: NULL
[2018.01.04-12.20.03:974][ 87]LogModuleManager: Shutting down and abandoning module XMPP (43)
[2018.01.04-12.20.03:974][ 87]LogModuleManager: Shutting down and abandoning module HTTP (41)
[2018.01.04-12.20.03:974][ 87]LogHttp:Display: Http module shutting down, but needs to wait on 1 outstanding Http requests:
[2018.01.04-12.20.03:974][ 87]LogHttp:Display: 	verb=[POST] url=[https://datarouter.ol.epicgames.com/datarouter/api/v1/public/data?SessionID=%7B90C1DF22-46DF-6CE7-7D8E-B7AB4E5A2D49%7D&AppID=UEEditor.Rocket.Release&AppVersion=4.16.3-3561208%2B%2B%2BUE4%2BRelease-4.16&UserID=29637ffe4c58a1c3c8e01ea6909a8eb4%7C4b55de0784454aa7bd2b02757aa35777%7C0a577216-477d-4061-b982-e092ed939e1e&AppEnvironment=datacollector-binary&UploadType=eteventstream] status=Processing
[2018.01.04-12.20.04:006][ 87]LogModuleManager: Shutting down and abandoning module SSL (40)
[2018.01.04-12.20.04:008][ 87]LogModuleManager: Shutting down and abandoning module HTTPChunkInstaller (36)
[2018.01.04-12.20.04:008][ 87]LogModuleManager: Shutting down and abandoning module AnimationModifiers (34)
[2018.01.04-12.20.04:008][ 87]LogModuleManager: Shutting down and abandoning module PropertyEditor (33)
[2018.01.04-12.20.04:008][ 87]LogModuleManager: Shutting down and abandoning module AudioEditor (30)
[2018.01.04-12.20.04:008][ 87]LogModuleManager: Shutting down and abandoning module TextureCompressor (28)
[2018.01.04-12.20.04:008][ 87]LogModuleManager: Shutting down and abandoning module ShaderCore (26)
[2018.01.04-12.20.04:008][ 87]LogModuleManager: Shutting down and abandoning module Landscape (24)
[2018.01.04-12.20.04:008][ 87]LogModuleManager: Shutting down and abandoning module SlateRHIRenderer (22)
[2018.01.04-12.20.04:010][ 87]LogModuleManager: Shutting down and abandoning module OpenGLDrv (20)
[2018.01.04-12.20.04:010][ 87]LogModuleManager: Shutting down and abandoning module D3D11RHI (18)
[2018.01.04-12.20.04:010][ 87]LogModuleManager: Shutting down and abandoning module AnimGraphRuntime (16)
[2018.01.04-12.20.04:010][ 87]LogModuleManager: Shutting down and abandoning module Renderer (14)
[2018.01.04-12.20.04:010][ 87]LogModuleManager: Shutting down and abandoning module Engine (12)
[2018.01.04-12.20.04:010][ 87]LogModuleManager: Shutting down and abandoning module CoreUObject (10)
[2018.01.04-12.20.04:010][ 87]LogModuleManager: Shutting down and abandoning module NetworkFile (8)
[2018.01.04-12.20.04:010][ 87]LogModuleManager: Shutting down and abandoning module StreamingFile (6)
[2018.01.04-12.20.04:010][ 87]LogModuleManager: Shutting down and abandoning module SandboxFile (4)
[2018.01.04-12.20.04:010][ 87]LogModuleManager: Shutting down and abandoning module PakFile (2)
[2018.01.04-12.20.04:012][ 87]LogExit: Exiting.
[2018.01.04-12.20.04:024][ 87]Log file closed, 01/04/18 13:20:04
