Log file open, 12/27/17 20:33:16
LogInit:Display: Running engine for game: PGK
LogPlatformFile: Not using cached read wrapper
LogInit:Display: RandInit(1320117702) SRandInit(1320117702).
LogTaskGraph: Started task graph with 5 named threads and 7 total threads with 1 sets of task threads.
LogStats: Stats thread started at 0.228196
LogInit: Using libcurl 7.47.1
LogInit:  - built for x86_64-pc-win32
LogInit:  - supports SSL with OpenSSL/1.0.2g
LogInit:  - supports HTTP deflate (compression) using libz 1.2.8
LogInit:  - other features:
LogInit:      CURL_VERSION_SSL
LogInit:      CURL_VERSION_LIBZ
LogInit:      CURL_VERSION_IPV6
LogInit:      CURL_VERSION_ASYNCHDNS
LogInit:      CURL_VERSION_LARGEFILE
LogInit:      CURL_VERSION_IDN
LogInit:  CurlRequestOptions (configurable via config and command line):
LogInit:  - bVerifyPeer = false  - Libcurl will NOT verify peer certificate
LogInit:  - bUseHttpProxy = false  - Libcurl will NOT use HTTP proxy
LogInit:  - bDontReuseConnections = false  - Libcurl will reuse connections
LogInit:  - CertBundlePath = nullptr  - Libcurl will use whatever was configured at build time.
LogInit: Build: ++UE4+Release-4.16-CL-3561208
LogInit: Engine Version: 4.16.3-3561208+++UE4+Release-4.16
LogInit: Compatible Engine Version: 4.16.0-3452394+++UE4+Release-4.16
LogInit: Net CL: 3452394
LogDevObjectVersion: Number of dev versions registered: 16
LogDevObjectVersion:   Dev-Blueprints (B0D832E4-1F89-4F0D-ACCF-7EB736FD4AA2): 9
LogDevObjectVersion:   Dev-Build (E1C64328-A22C-4D53-A36C-8E866417BD8C): 0
LogDevObjectVersion:   Dev-Core (375EC13C-06E4-48FB-B500-84F0262A717E): 2
LogDevObjectVersion:   Dev-Editor (E4B068ED-F494-42E9-A231-DA0B2E46BB41): 17
LogDevObjectVersion:   Dev-Framework (CFFC743F-43B0-4480-9391-14DF171D2073): 23
LogDevObjectVersion:   Dev-Mobile (B02B49B5-BB20-44E9-A304-32B752E40360): 0
LogDevObjectVersion:   Dev-Networking (A4E4105C-59A1-49B5-A7C5-40C4547EDFEE): 0
LogDevObjectVersion:   Dev-Online (39C831C9-5AE6-47DC-9A44-9C173E1C8E7C): 0
LogDevObjectVersion:   Dev-Physics (78F01B33-EBEA-4F98-B9B4-84EACCB95AA2): 0
LogDevObjectVersion:   Dev-Platform (6631380F-2D4D-43E0-8009-CF276956A95A): 0
LogDevObjectVersion:   Dev-Rendering (12F88B9F-8875-4AFC-A67C-D90C383ABD29): 15
LogDevObjectVersion:   Dev-Sequencer (7B5AE74C-D270-4C10-A958-57980B212A5A): 4
LogDevObjectVersion:   Dev-VR (D7296918-1DD6-4BDD-9DE2-64A83CC13884): 0
LogDevObjectVersion:   Dev-LoadTimes (C2A15278-BFE7-4AFE-6C17-90FF531DF755): 1
LogDevObjectVersion:   Private-Geometry (6EACA3D4-40EC-4CC1-B786-8BED09428FC5): 1
LogDevObjectVersion:   Dev-AnimPhys (29E575DD-E0A3-4627-9D10-D276232CDCEA): 3
LogInit: Compiled (64-bit): Jul 28 2017 11:49:47
LogInit: Compiled with Visual C++: 19.00.24215.01
LogInit: Build Configuration: Development
LogInit: Branch Name: ++UE4+Release-4.16
LogInit: Command line:  
LogInit: Base directory: C:/Program Files/Epic Games/UE_4.16/Engine/Binaries/Win64/
LogInit: Installed Engine Build: 1
LogInit: Presizing for max 8388607 objects, including 0 objects not considered by GC, pre-allocating 0 bytes for permanent pool.
LogInit: Object subsystem initialized
[2017.12.27-19.33.17:944][  0]LogInit: Selected Device Profile: [Windows]
[2017.12.27-19.33.17:944][  0]LogInit: Applying CVar settings loaded from the selected device profile: [Windows]
[2017.12.27-19.33.18:034][  0]LogInit: Computer: DESKTOP-A2RNJUS
[2017.12.27-19.33.18:034][  0]LogInit: User: Admin
[2017.12.27-19.33.18:034][  0]LogInit: CPU Page size=4096, Cores=3
[2017.12.27-19.33.18:034][  0]LogInit: High frequency timer resolution =3.429401 MHz
[2017.12.27-19.33.18:034][  0]LogMemory: Memory total: Physical=3.9GB (4GB approx)
[2017.12.27-19.33.18:034][  0]LogMemory: Platform Memory Stats for Windows
[2017.12.27-19.33.18:034][  0]LogMemory: Process Physical Memory: 273.30 MB used, 273.30 MB peak
[2017.12.27-19.33.18:034][  0]LogMemory: Process Virtual Memory: 266.62 MB used, 266.62 MB peak
[2017.12.27-19.33.18:034][  0]LogMemory: Physical Memory: 2420.08 MB used,  1576.26 MB free, 3996.34 MB total
[2017.12.27-19.33.18:034][  0]LogMemory: Virtual Memory: 662.79 MB used,  1576.26 MB free, 134217728.00 MB total
[2017.12.27-19.33.18:963][  0]LogInit: Using OS detected language (pl-PL).
[2017.12.27-19.33.18:963][  0]LogInit: Using OS detected locale (pl-PL).
[2017.12.27-19.33.19:086][  0]LogTextLocalizationManager: No localization for 'pl-PL' exists, so 'en' will be used for the language.
[2017.12.27-19.33.19:087][  0]LogTextLocalizationManager: No localization for 'pl-PL' exists, so 'en' will be used for the locale.
[2017.12.27-19.33.22:371][  0]LogD3D11RHI: D3D11 adapters:
[2017.12.27-19.33.22:401][  0]LogD3D11RHI:    0. 'AMD Radeon HD 6670' (Feature Level 11_0)
[2017.12.27-19.33.22:401][  0]LogD3D11RHI:       1012/0/1792 MB DedicatedVideo/DedicatedSystem/SharedSystem, Outputs:2, VendorId:0x1002
[2017.12.27-19.33.22:416][  0]LogD3D11RHI:    1. 'Microsoft Basic Render Driver' (Feature Level 11_0)
[2017.12.27-19.33.22:416][  0]LogD3D11RHI:       0/0/1998 MB DedicatedVideo/DedicatedSystem/SharedSystem, Outputs:0, VendorId:0x1414
[2017.12.27-19.33.22:416][  0]LogD3D11RHI: Chosen D3D11 Adapter: 0
[2017.12.27-19.33.22:425][  0]LogD3D11RHI: Creating new Direct3DDevice
[2017.12.27-19.33.22:425][  0]LogD3D11RHI:     GPU DeviceId: 0x6758 (for the marketing name, search the web for "GPU Device Id")
[2017.12.27-19.33.22:425][  0]LogWindows: EnumDisplayDevices:
[2017.12.27-19.33.22:425][  0]LogWindows:    0. 'AMD Radeon HD 6670' (P:1 D:1)
[2017.12.27-19.33.22:425][  0]LogWindows:    1. 'AMD Radeon HD 6670' (P:0 D:1)
[2017.12.27-19.33.22:426][  0]LogWindows:    2. 'AMD Radeon HD 6670' (P:0 D:0)
[2017.12.27-19.33.22:426][  0]LogWindows: DebugString: GetVideoDriverDetailsInvalid PrimaryIsNotTheChoosenAdapter GetVideoDriverDetailsInvalid PrimaryIsNotTheChoosenAdapter GetVideoDriverDetailsInvalid PrimaryIsNotTheChoosenAdapter FoundDriverCount:0 
[2017.12.27-19.33.22:426][  0]LogD3D11RHI:     Adapter Name: AMD Radeon HD 6670
[2017.12.27-19.33.22:426][  0]LogD3D11RHI:   Driver Version: Unknown (internal:Unknown, unified:Unknown)
[2017.12.27-19.33.22:426][  0]LogD3D11RHI:      Driver Date: Unknown
[2017.12.27-19.33.22:426][  0]LogRHI: Texture pool is 708 MB (70% of 1012 MB)
[2017.12.27-19.33.22:737][  0]LogD3D11RHI: AMD Pre GCN architecture detected, some driver workarounds will be in place
[2017.12.27-19.33.22:768][  0]LogD3D11RHI: Async texture creation enabled
[2017.12.27-19.33.23:046][  0]LogD3D11RHI: GPU Timing Frequency: 27.000000 (Debug: 2 1)
[2017.12.27-19.33.23:075][  0]LogShaderCompilers: Guid format shader working directory is -13 characters bigger than the processId version (../../../../../../Users/Admin/Documents/Unreal Projects/PGK/Intermediate/Shaders/WorkingDirectory/3176/).
[2017.12.27-19.33.23:075][  0]LogShaderCompilers: Cleaned the shader compiler working directory 'C:/Users/Admin/AppData/Local/Temp/UnrealShaderWorkingDir/6D5DE4D44278CA291375C4A7A9721B83/'.
[2017.12.27-19.33.23:080][  0]LogShaderCompilers:Display: Using Local Shader Compiler.
[2017.12.27-19.33.27:395][  0]LogTemp:Display: Loaded TP AllDesktopTargetPlatform
[2017.12.27-19.33.27:524][  0]LogTemp:Display: Loaded TP MacClientTargetPlatform
[2017.12.27-19.33.27:649][  0]LogTemp:Display: Loaded TP MacNoEditorTargetPlatform
[2017.12.27-19.33.27:803][  0]LogTemp:Display: Loaded TP MacServerTargetPlatform
[2017.12.27-19.33.28:035][  0]LogTemp:Display: Loaded TP MacTargetPlatform
[2017.12.27-19.33.28:192][  0]LogTemp:Display: Loaded TP WindowsClientTargetPlatform
[2017.12.27-19.33.28:333][  0]LogTemp:Display: Loaded TP WindowsNoEditorTargetPlatform
[2017.12.27-19.33.28:489][  0]LogTemp:Display: Loaded TP WindowsServerTargetPlatform
[2017.12.27-19.33.28:656][  0]LogTemp:Display: Loaded TP WindowsTargetPlatform
[2017.12.27-19.33.28:848][  0]LogTemp:Display: Loaded TP AndroidTargetPlatform
[2017.12.27-19.33.28:999][  0]LogTemp:Display: Loaded TP Android_ASTCTargetPlatform
[2017.12.27-19.33.29:154][  0]LogTemp:Display: Loaded TP Android_ATCTargetPlatform
[2017.12.27-19.33.29:315][  0]LogTemp:Display: Loaded TP Android_DXTTargetPlatform
[2017.12.27-19.33.29:469][  0]LogTemp:Display: Loaded TP Android_ETC1TargetPlatform
[2017.12.27-19.33.29:610][  0]LogTemp:Display: Loaded TP Android_ETC2TargetPlatform
[2017.12.27-19.33.29:948][  0]LogTemp:Display: Loaded TP Android_MultiTargetPlatform
[2017.12.27-19.33.29:948][  0]LogTemp:Display: Loaded TP Android_PVRTCTargetPlatform
[2017.12.27-19.33.30:148][  0]LogTemp:Display: Loaded TP HTML5TargetPlatform
[2017.12.27-19.33.30:503][  0]LogTemp:Display: Loaded TP IOSTargetPlatform
[2017.12.27-19.33.30:599][  0]LogTemp:Display: Loaded TP TVOSTargetPlatform
[2017.12.27-19.33.30:776][  0]LogTemp:Display: Loaded TP LinuxClientTargetPlatform
[2017.12.27-19.33.30:920][  0]LogTemp:Display: Loaded TP LinuxNoEditorTargetPlatform
[2017.12.27-19.33.31:066][  0]LogTemp:Display: Loaded TP LinuxServerTargetPlatform
[2017.12.27-19.33.31:229][  0]LogTemp:Display: Loaded TP LinuxTargetPlatform
[2017.12.27-19.33.31:229][  0]LogTargetPlatformManager:Display: Building Assets For Windows
[2017.12.27-19.33.33:596][  0]LogDerivedDataCache:Display: Max Cache Size: 512 MB
[2017.12.27-19.33.34:262][  0]LogDerivedDataCache: Loaded boot cache 0.67s 90MB C:/Users/Admin/AppData/Local/UnrealEngine/4.16/DerivedDataCache/Boot.ddc.
[2017.12.27-19.33.34:263][  0]LogDerivedDataCache:Display: Loaded Boot cache: C:/Users/Admin/AppData/Local/UnrealEngine/4.16/DerivedDataCache/Boot.ddc
[2017.12.27-19.33.34:263][  0]LogDerivedDataCache: FDerivedDataBackendGraph:  Pak pak cache file ../../../../../../Users/Admin/Documents/Unreal Projects/PGK/DerivedDataCache/DDC.ddp not found, will not use a pak cache.
[2017.12.27-19.33.34:263][  0]LogDerivedDataCache: Unable to find inner node Pak for hierarchical cache Hierarchy.
[2017.12.27-19.33.34:263][  0]LogDerivedDataCache: FDerivedDataBackendGraph:  CompressedPak pak cache file ../../../../../../Users/Admin/Documents/Unreal Projects/PGK/DerivedDataCache/Compressed.ddp not found, will not use a pak cache.
[2017.12.27-19.33.34:263][  0]LogDerivedDataCache: Unable to find inner node CompressedPak for hierarchical cache Hierarchy.
[2017.12.27-19.33.34:337][  0]LogDerivedDataCache:Display: Pak cache opened for reading ../../../Engine/DerivedDataCache/Compressed.ddp.
[2017.12.27-19.33.34:394][  0]LogDerivedDataCache: Using Local data cache path C:/Users/Admin/AppData/Local/UnrealEngine/Common/DerivedDataCache: Writable
[2017.12.27-19.33.34:410][  0]LogMaterial: Verifying Global Shaders for PCD3D_SM5
[2017.12.27-19.33.34:411][  0]LogSlate: Using Freetype 2.6.0
[2017.12.27-19.33.34:436][  0]LogSlate: SlateFontCache - WITH_FREETYPE: 1, WITH_HARFBUZZ: 1
[2017.12.27-19.33.34:436][  0]LogSlate: SlateFontCache - WITH_FREETYPE: 1, WITH_HARFBUZZ: 1
[2017.12.27-19.33.39:031][  0]LogInit: Selected Device Profile: [Windows]
[2017.12.27-19.33.39:430][  0]LogContentStreaming: Texture pool size is 0.00 MB
[2017.12.27-19.33.40:034][  0]LogMeshUtilities: Using QuadricMeshReduction for automatic static mesh reduction
[2017.12.27-19.33.40:288][  0]LogSimplygon: Simplygon DLL not present - disabling.
[2017.12.27-19.33.40:461][  0]LogMeshUtilities: Using SimplygonSwarm for distributed automatic mesh merging
[2017.12.27-19.33.40:461][  0]LogMeshUtilities: No automatic skeletal mesh reduction module available
[2017.12.27-19.33.40:461][  0]LogMeshUtilities: No automatic mesh merging module available
[2017.12.27-19.33.43:396][  0]LogNetVersion: PGK , NetCL: 3452394, EngineNetVer: 2, GameNetVer: 0 (Checksum: 3392332418)
[2017.12.27-19.33.43:554][  0]LogAssetRegistry: FAssetRegistry took 0.0288 seconds to start up
[2017.12.27-19.33.43:698][  0]LogPackageLocalizationCache: Processed 4 localized package path(s) for 1 prioritized culture(s) in 0.094747 seconds
[2017.12.27-19.33.43:706][  0]LogUObjectArray: 34194 objects as part of root set at end of initial load.
[2017.12.27-19.33.43:706][  0]LogUObjectAllocator: 7260424 out of 0 bytes used by permanent object pool.
[2017.12.27-19.33.43:706][  0]LogUObjectArray: CloseDisregardForGC: 0/0 objects in disregard for GC pool
[2017.12.27-19.33.43:937][  0]LogInit: WinSock: version 1.1 (2.2), MaxSocks=32767, MaxUdp=65467
[2017.12.27-19.34.29:904][  0]LogTcpMessaging: Initializing TcpMessaging bridge
[2017.12.27-19.34.30:022][  0]LogUdpMessaging: Initializing bridge on interface 0.0.0.0:0 to multicast group 230.0.0.1:6666.
[2017.12.27-19.34.31:978][  0]LogMaterial: Uniform references updated for custom material expression Custom.
[2017.12.27-19.34.33:312][  0]SourceControl: Info Source control is disabled
[2017.12.27-19.34.33:321][  0]SourceControl: Info Source control is disabled
[2017.12.27-19.34.33:499][  0]SourceControl: Info Source control is disabled
[2017.12.27-19.34.33:670][  0]SourceControl: Info Source control is disabled
[2017.12.27-19.34.36:258][  0]LogAndroidPermission: UAndroidPermissionCallbackProxy::GetInstance
[2017.12.27-19.34.38:477][  0]LogEngine: Initializing Engine...
[2017.12.27-19.34.38:492][  0]LogHMD: Failed to initialize OpenVR with code 110
[2017.12.27-19.34.39:167][  0]LogStats: UGameplayTagsManager::ConstructGameplayTagTree: Construct from data asset -  0.000 s
[2017.12.27-19.34.39:167][  0]LogStats: UGameplayTagsManager::ConstructGameplayTagTree: GameplayTagTreeChangedEvent.Broadcast -  0.000 s
[2017.12.27-19.34.39:860][  0]LogAIModule: Creating AISystem for world Untitled
[2017.12.27-19.34.40:121][  0]LogInit: XAudio2 using 'Speaker (Sound Blaster X-Fi Surround 5.1 Pro)' : 2 channels at 48 kHz using 24 bits per sample (channel mask 0x3)
[2017.12.27-19.34.40:237][  0]LogInit: FAudioDevice initialized.
[2017.12.27-19.34.40:361][  0]LogDerivedDataCache: Saved boot cache 0.12s 90MB C:/Users/Admin/AppData/Local/UnrealEngine/4.16/DerivedDataCache/Boot.ddc.
[2017.12.27-19.34.40:405][  0]LogInit: Texture streaming: Enabled
[2017.12.27-19.34.40:826][  0]LogEngineSessionManager: EngineSessionManager initialized
[2017.12.27-19.34.42:563][  0]LogInit: Transaction tracking system initialized
[2017.12.27-19.34.43:807][  0]BlueprintLog: New page: Editor Load
[2017.12.27-19.34.48:180][  0]LocalizationService: Info Localization service is disabled
[2017.12.27-19.34.50:727][  0]LogConsoleResponse:Display: 
[2017.12.27-19.34.52:038][  0]LogFileCache: Scanning file cache for directory 'C:/Users/Admin/Documents/Unreal Projects/PGK/Content/' took 0.02s
[2017.12.27-19.34.52:038][  0]LogCook:Display: Max memory allowance for cook 16384mb min free memory 0mb
[2017.12.27-19.34.52:038][  0]LogCook:Display: Mobile HDR setting 1
[2017.12.27-19.34.56:266][  0]SourceControl: Info Source control is disabled
[2017.12.27-19.34.56:313][  0]Cmd: MAP LOAD FILE="../../../../../../Users/Admin/Documents/Unreal Projects/PGK/Content/FirstPersonBP/Maps/FirstPersonExampleMap.umap" TEMPLATE=0 SHOWPROGRESS=1 FEATURELEVEL=3
[2017.12.27-19.34.56:315][  0]LightingResults: New page: Lighting Build
[2017.12.27-19.34.56:647][  0]MapCheck: New page: Map Check
[2017.12.27-19.34.56:647][  0]LightingResults: New page: Lighting Build
[2017.12.27-19.35.00:525][  0]LogStaticMesh: Building static mesh kibel_Laye...
[2017.12.27-19.35.01:050][  0]LogStaticMesh: Built static mesh [0.56s] /Game/import/kibel/kibel_Laye.kibel_Laye
[2017.12.27-19.35.01:267][  0]LogMaterial: Missing cached shader map for material hol_duzy, compiling. 
[2017.12.27-19.35.01:589][  0]LogTexture:Display: Building textures: Dirt_map (AutoDXT, 1600X1600)
[2017.12.27-19.35.04:419][  0]LogMaterial: Missing cached shader map for material Dirt_map_Mat, compiling. 
[2017.12.27-19.35.04:629][  0]LogMaterial: Missing cached shader map for material hol_maly, compiling. 
[2017.12.27-19.35.04:720][  0]LogMaterial: Missing cached shader map for material st_tile, compiling. 
[2017.12.27-19.35.04:726][  0]LogMaterial:Warning: Failed to compile Material /Game/import/kibel/st_tile.st_tile for platform PCD3D_SM5, Default Material will be used in game.
[2017.12.27-19.35.04:726][  0]LogMaterial:Warning: 	(Node TextureSample) TextureSample> Sampler type is Normal, should be Color for /Game/import/kibel/Dirt_map.Dirt_map
[2017.12.27-19.35.05:235][  0]LogAIModule: Creating AISystem for world FirstPersonExampleMap
[2017.12.27-19.35.05:874][  0]LogEditorServer: Finished looking for orphan Actors (0.001 secs)
[2017.12.27-19.35.06:058][  0]Cmd: MAP CHECKDEP NOCLEARLOG
[2017.12.27-19.35.06:324][  0]MapCheck: Info Map check complete: 0 Error(s), 0 Warning(s), took 260.373ms to complete.
[2017.12.27-19.35.06:324][  0]LogFileHelpers: Loading map 'FirstPersonExampleMap' took 10.037
[2017.12.27-19.35.07:594][  0]LogCollectionManager: Loaded 0 collections in 0.005899 seconds
[2017.12.27-19.35.07:922][  0]LogFileCache: Scanning file cache for directory 'C:/Users/Admin/Documents/Unreal Projects/PGK/Saved/Collections/' took 0.01s
[2017.12.27-19.35.07:923][  0]LogFileCache: Scanning file cache for directory 'C:/Users/Admin/Documents/Unreal Projects/PGK/Content/Developers/Admin/Collections/' took 0.01s
[2017.12.27-19.35.07:923][  0]LogFileCache: Scanning file cache for directory 'C:/Users/Admin/Documents/Unreal Projects/PGK/Content/Collections/' took 0.01s
[2017.12.27-19.35.07:923][  0]LogCollectionManager: Rebuilt the GUID cache for 0 collections in 0.000011 seconds
[2017.12.27-19.35.07:969][  0]LogContentBrowser: Native class hierarchy populated in 0.0455 seconds. Added 2329 classes and 491 folders.
[2017.12.27-19.35.08:297][  0]LogContentBrowser: Native class hierarchy updated for 'WidgetCarousel' in 0.0015 seconds. Added 0 classes and 0 folders.
[2017.12.27-19.35.09:063][  0]LogContentBrowser: Native class hierarchy updated for 'AddContentDialog' in 0.0010 seconds. Added 0 classes and 0 folders.
[2017.12.27-19.35.09:349][  0]LogContentBrowser: Native class hierarchy updated for 'SceneOutliner' in 0.0013 seconds. Added 1 classes and 2 folders.
[2017.12.27-19.35.10:295][  0]LogCrashTracker: Crashtracker disabled due to settings.
[2017.12.27-19.35.10:436][  0]LogSlate: Took 0.009084 seconds to synchronously load lazily loaded font '../../../Engine/Content/Slate/Fonts/Roboto-Regular.ttf' (155K)
[2017.12.27-19.35.10:456][  0]LogSlate: Took 0.012277 seconds to synchronously load lazily loaded font '../../../Engine/Content/Slate/Fonts/Roboto-Bold.ttf' (160K)
[2017.12.27-19.35.10:540][  0]LogSlate: Took 0.009648 seconds to synchronously load lazily loaded font '../../../Engine/Content/Editor/Slate/Fonts/FontAwesome.ttf' (139K)
[2017.12.27-19.35.11:000][  0]LogRenderer: Reallocating scene render targets to support 1208x600 NumSamples 1 (Frame:1).
[2017.12.27-19.35.12:181][  0]LogUObjectGlobals:Warning: Failed to find object 'Class None.'
[2017.12.27-19.35.12:382][  0]LogContentBrowser: Native class hierarchy updated for 'HierarchicalLODOutliner' in 0.0009 seconds. Added 1 classes and 2 folders.
[2017.12.27-19.35.12:382][  0]LogLoad: (Engine Initialization) Total time: 122.16 seconds
[2017.12.27-19.35.12:382][  0]LogLoad: (Engine Initialization) Total Blueprint compile time: 0.45 seconds
[2017.12.27-19.35.12:382][  0]LogExternalProfiler: Found external profiler: VSPerf
[2017.12.27-19.35.12:382][  0]LogExternalProfiler: Using external profiler: VSPerf
[2017.12.27-19.35.12:455][  0]LogOcInput: OculusInput pre-init called
[2017.12.27-19.35.12:468][  0]LogHMD: Starting GearVRController plugin
[2017.12.27-19.35.12:885][  0]LogContentStreaming: Texture pool size now 1000 MB
[2017.12.27-19.35.13:035][  1]LogFileCache: Retrieving MD5 hashes for directory 'C:/Users/Admin/Documents/Unreal Projects/PGK/Content/' took 0.50s
[2017.12.27-19.35.13:182][  1]LogSlate: Took 0.024512 seconds to synchronously load lazily loaded font '../../../Engine/Content/Slate/Fonts/Roboto-Light.ttf' (159K)
[2017.12.27-19.35.13:427][  4]LogAssetRegistry: Asset discovery search completed in 89.8954 seconds
[2017.12.27-19.35.13:430][  4]LogCollectionManager: Rebuilt the object cache for 0 collections in 0.000004 seconds (found 0 objects)
[2017.12.27-19.35.13:430][  4]LogCollectionManager: Fixed up redirectors for 0 collections in 0.000113 seconds (updated 0 objects)
[2017.12.27-19.36.00:936][907]MapCheck: New page: Map Check
[2017.12.27-19.36.01:076][907]LightingResults: New page: Lighting Build - Dec 27, 2017, 9:36:01 PM
[2017.12.27-19.36.02:008][907]LogSwarmInterface: [OpenConnection] Registering TCP channel ...
[2017.12.27-19.36.02:516][907]LogSwarmInterface: [OpenConnection] Connecting to agent ...
[2017.12.27-19.36.05:065][907]LogSwarmInterface: [TryOpenConnection] Testing the Agent
[2017.12.27-19.36.06:956][907]LogSwarmInterface: [TryOpenConnection] Opening Connection to Agent
[2017.12.27-19.36.06:956][907]LogSwarmInterface: [TryOpenConnection] Local Process ID is 3176
[2017.12.27-19.36.17:856][907]LogStaticLightingSystem:Warning: No importance volume found, so the scene bounding box was used.  You can optimize your scene's quality and lighting build times by adding importance volumes.
[2017.12.27-19.36.17:870][907]LogStaticLightingSystem: Running Lightmass w/ ImmediateImport mode ENABLED
[2017.12.27-19.36.17:870][907]LogStaticLightingSystem: Running Lightmass w/ ImmediateProcess mode ENABLED
[2017.12.27-19.36.17:870][907]LogStaticLightingSystem: Running Lightmass w/ Sorting mode ENABLED
[2017.12.27-19.36.17:870][907]LogStaticLightingSystem: Running Lightmass w/ Mapping paddings ENABLED
[2017.12.27-19.36.17:870][907]LogStaticLightingSystem: Running Lightmass w/ Mapping debug paddings DISABLED
[2017.12.27-19.36.19:459][907]LogEditorBuildUtils: Build time 0:18
[2017.12.27-19.36.19:777][909]LogMaterial: Missing cached shader map for material FLightmassMaterialRenderer hol_maly, compiling. 
[2017.12.27-19.36.19:795][909]LogMaterial: Missing cached shader map for material FLightmassMaterialRenderer hol_maly, compiling. 
[2017.12.27-19.36.19:861][910]LogMaterial: Missing cached shader map for material FLightmassMaterialRenderer hol_duzy, compiling. 
[2017.12.27-19.36.19:886][910]LogMaterial: Missing cached shader map for material FLightmassMaterialRenderer hol_duzy, compiling. 
[2017.12.27-19.36.19:954][911]LogMaterial: Missing cached shader map for material FLightmassMaterialRenderer Dirt_map_Mat, compiling. 
[2017.12.27-19.36.19:973][911]LogMaterial: Missing cached shader map for material FLightmassMaterialRenderer Dirt_map_Mat, compiling. 
[2017.12.27-19.36.36:859][128]Job is a success!
[2017.12.27-19.36.37:044][129]LogSlate: Took 0.000334 seconds to synchronously load lazily loaded font '../../../Engine/Content/Slate/Fonts/Roboto-Light.ttf' (159K)
[2017.12.27-19.36.37:325][129]LogMaterial:Warning: Material /Game/import/kibel/Dirt_map_Mat.Dirt_map_Mat needed to have new flag set bUsedWithStaticLighting !
[2017.12.27-19.36.37:330][129]LogMaterial: Missing cached shader map for material Dirt_map_Mat, compiling. 
[2017.12.27-19.36.39:459][129]LogTexture:Display: Building textures: HQ_Lightmap1_1 (AutoDXT, 1024X1024)
[2017.12.27-19.36.39:459][129]LogTexture:Display: Building textures: SkyOcclusion1_2 (AutoDXT, 1024X512)
[2017.12.27-19.36.39:459][129]LogTexture:Display: Building textures: LQ_Lightmap_1_1 (DXT1, 1024X1024)
[2017.12.27-19.36.39:459][129]LogTexture:Display: Building textures: SkyOcclusion1_1 (AutoDXT, 1024X512)
[2017.12.27-19.36.39:459][129]LogTexture:Display: Building textures: HQ_Lightmap1_2 (AutoDXT, 1024X1024)
[2017.12.27-19.36.39:459][129]LogTexture:Display: Building textures: LQ_Lightmap_1_2 (DXT1, 1024X1024)
[2017.12.27-19.36.39:459][129]LogTexture:Display: Building textures: SkyOcclusion0_3 (AutoDXT, 64X32)
[2017.12.27-19.36.39:459][129]LogTexture:Display: Building textures: HQ_Lightmap0_3 (AutoDXT, 64X64)
[2017.12.27-19.36.39:459][129]LogTexture:Display: Building textures: LQ_Lightmap_0_3 (DXT1, 64X64)
[2017.12.27-19.36.39:662][129]LogTexture:Display: Building textures: ShadowMapTexture2D_1 (G8, 32X32)
[2017.12.27-19.36.40:114][129]LogTexture:Display: Building textures: ShadowMapTexture2D_0 (G8, 1024X1024)
[2017.12.27-19.36.40:808][129]Lightmass on DESKTOP-A2RNJUS: 15.0 sec total, 496 ms importing, 100 ms setup, 1.87 sec photons, 12.1 sec processing, 0 ms extra exporting [82/82 mappings]. Threads: 1:00 min total, 34.5 sec processing.
[2017.12.27-19.36.40:963][129]LogStaticLightingSystem: Illumination: 39.7 sec (2.04 sec encoding lightmaps, 655 ms encoding shadowmaps)
[2017.12.27-19.36.40:963][129]LogStaticLightingSystem: Lightmap texture memory:  5.3 MB (5.3 MB streaming, 0.0 MB non-streaming), 6 textures
[2017.12.27-19.36.40:963][129]LogStaticLightingSystem: Shadowmap texture memory: 1.3 MB (1.3 MB streaming, 0.0 MB non-streaming), 2 textures
[2017.12.27-19.36.47:898][129]DumpUnbuiltLightIteractions
[2017.12.27-19.36.47:898][129]Lights with unbuilt interactions: 0
[2017.12.27-19.36.47:898][129]
[2017.12.27-19.36.47:898][129]Primitives with unbuilt interactions: 0
[2017.12.27-19.36.47:925][130]Cmd: MAP CHECK NOTIFYRESULTS
[2017.12.27-19.36.47:925][130]MapCheck: New page: FirstPersonExampleMap - Dec 27, 2017, 9:36:47 PM
[2017.12.27-19.36.48:384][130]MapCheck: Info Map check complete: 0 Error(s), 0 Warning(s), took 459.424ms to complete.
[2017.12.27-19.37.50:074][781]LogWindowsTextInputMethodSystem:Display: IME system now deactivated.
[2017.12.27-19.37.50:074][781]LogWindowsTextInputMethodSystem:Display: IME system now deactivated.
[2017.12.27-19.37.50:760][782]Cmd: QUIT_EDITOR
[2017.12.27-19.37.51:048][782]LogExit: Preparing to exit.
[2017.12.27-19.37.52:921][782]LogDirectoryWatcher: A directory notification for 'C:/Users/Admin/Documents/Unreal Projects/PGK/Content/' was aborted.
[2017.12.27-19.37.53:267][782]LogExit: Editor shut down
[2017.12.27-19.37.53:281][782]LogExit: Transaction tracking system shut down
[2017.12.27-19.37.57:312][782]LogObj: Freed 0b from 0 cluster array pools.
[2017.12.27-19.37.57:313][782]LogExit: Object subsystem successfully closed.
[2017.12.27-19.37.57:672][782]LogD3D11RHI: Shutdown
[2017.12.27-19.37.57:672][782]LogD3D11RHI: CleanupD3DDevice
[2017.12.27-19.37.57:897][782]LogD3D11RHI: ~FD3D11DynamicRHI
[2017.12.27-19.37.58:714][782]LogModuleManager: Shutting down and abandoning module HierarchicalLODOutliner (524)
[2017.12.27-19.37.58:715][782]LogModuleManager: Shutting down and abandoning module CrashTracker (522)
[2017.12.27-19.37.58:715][782]LogModuleManager: Shutting down and abandoning module SceneOutliner (520)
[2017.12.27-19.37.58:715][782]LogModuleManager: Shutting down and abandoning module AddContentDialog (518)
[2017.12.27-19.37.58:729][782]LogDirectoryWatcher: A directory notification for 'C:/Program Files/Epic Games/UE_4.16/FeaturePacks/' was aborted.
[2017.12.27-19.37.58:734][782]LogModuleManager: Shutting down and abandoning module WidgetCarousel (517)
[2017.12.27-19.37.58:734][782]LogModuleManager: Shutting down and abandoning module EditorWidgets (514)
[2017.12.27-19.37.58:734][782]LogModuleManager: Shutting down and abandoning module CollectionManager (512)
[2017.12.27-19.37.58:734][782]LogDirectoryWatcher: A directory notification for 'C:/Users/Admin/Documents/Unreal Projects/PGK/Content/Collections/' was aborted.
[2017.12.27-19.37.58:734][782]LogDirectoryWatcher: A directory notification for 'C:/Users/Admin/Documents/Unreal Projects/PGK/Content/Developers/Admin/Collections/' was aborted.
[2017.12.27-19.37.58:734][782]LogDirectoryWatcher: A directory notification for 'C:/Users/Admin/Documents/Unreal Projects/PGK/Saved/Collections/' was aborted.
[2017.12.27-19.37.58:734][782]LogModuleManager: Shutting down and abandoning module StatsViewer (510)
[2017.12.27-19.37.58:734][782]LogModuleManager: Shutting down and abandoning module FoliageEdit (508)
[2017.12.27-19.37.58:734][782]LogModuleManager: Shutting down and abandoning module LandscapeEditor (506)
[2017.12.27-19.37.58:799][782]LogModuleManager: Shutting down and abandoning module MeshPaintMode (504)
[2017.12.27-19.37.58:799][782]LogModuleManager: Shutting down and abandoning module SceneDepthPickerMode (502)
[2017.12.27-19.37.58:799][782]LogModuleManager: Shutting down and abandoning module ActorPickerMode (500)
[2017.12.27-19.37.58:799][782]LogModuleManager: Shutting down and abandoning module GeometryMode (498)
[2017.12.27-19.37.58:799][782]LogModuleManager: Shutting down and abandoning module TextureAlignMode (496)
[2017.12.27-19.37.58:799][782]LogModuleManager: Shutting down and abandoning module BspMode (494)
[2017.12.27-19.37.58:799][782]LogModuleManager: Shutting down and abandoning module HardwareSurvey (492)
[2017.12.27-19.37.58:799][782]LogModuleManager: Shutting down and abandoning module SequenceRecorderSections (490)
[2017.12.27-19.37.58:799][782]LogModuleManager: Shutting down and abandoning module AutomationWorker (488)
[2017.12.27-19.37.58:799][782]LogModuleManager: Shutting down and abandoning module MatineeToLevelSequence (486)
[2017.12.27-19.37.58:800][782]LogModuleManager: Shutting down and abandoning module LevelSequenceEditor (484)
[2017.12.27-19.37.58:829][782]LogModuleManager: Shutting down and abandoning module PlacementMode (483)
[2017.12.27-19.37.58:829][782]LogModuleManager: Shutting down and abandoning module WmfMediaFactory (480)
[2017.12.27-19.37.58:829][782]LogModuleManager: Shutting down and abandoning module WmfMediaEditor (478)
[2017.12.27-19.37.58:829][782]LogModuleManager: Shutting down and abandoning module AvfMediaFactory (476)
[2017.12.27-19.37.58:829][782]LogModuleManager: Shutting down and abandoning module AvfMediaEditor (474)
[2017.12.27-19.37.58:829][782]LogModuleManager: Shutting down and abandoning module AndroidMediaFactory (472)
[2017.12.27-19.37.58:829][782]LogModuleManager: Shutting down and abandoning module Media (471)
[2017.12.27-19.37.58:829][782]LogModuleManager: Shutting down and abandoning module AndroidMediaEditor (468)
[2017.12.27-19.37.58:829][782]LogModuleManager: Shutting down and abandoning module CharacterAI (466)
[2017.12.27-19.37.58:829][782]LogModuleManager: Shutting down and abandoning module AudioCapture (464)
[2017.12.27-19.37.58:841][782]LogModuleManager: Shutting down and abandoning module SequenceRecorder (463)
[2017.12.27-19.37.58:848][782]LogModuleManager: Shutting down and abandoning module SmartSnapping (460)
[2017.12.27-19.37.58:848][782]LogModuleManager: Shutting down and abandoning module SessionServices (458)
[2017.12.27-19.37.58:848][782]LogModuleManager: Shutting down and abandoning module ViewportSnapping (456)
[2017.12.27-19.37.58:848][782]LogModuleManager: Shutting down and abandoning module ViewportInteraction (454)
[2017.12.27-19.37.58:848][782]LogModuleManager: Shutting down and abandoning module ClothPainter (452)
[2017.12.27-19.37.58:858][782]LogModuleManager: Shutting down and abandoning module LogVisualizer (450)
[2017.12.27-19.37.58:858][782]LogModuleManager: Shutting down and abandoning module IntroTutorials (448)
[2017.12.27-19.37.58:939][782]LogModuleManager: Shutting down and abandoning module GameProjectGeneration (447)
[2017.12.27-19.37.59:008][782]LogModuleManager: Shutting down and abandoning module EditorLiveStreaming (444)
[2017.12.27-19.37.59:008][782]LogModuleManager: Shutting down and abandoning module IOSPlatformEditor (442)
[2017.12.27-19.37.59:008][782]LogModuleManager: Shutting down and abandoning module HTML5PlatformEditor (440)
[2017.12.27-19.37.59:008][782]LogModuleManager: Shutting down and abandoning module AndroidPlatformEditor (438)
[2017.12.27-19.37.59:008][782]LogModuleManager: Shutting down and abandoning module AndroidDeviceDetection (437)
[2017.12.27-19.37.59:491][782]LogModuleManager: Shutting down and abandoning module IOSRuntimeSettings (434)
[2017.12.27-19.37.59:491][782]LogModuleManager: Shutting down and abandoning module AndroidRuntimeSettings (432)
[2017.12.27-19.37.59:491][782]LogModuleManager: Shutting down and abandoning module InputBindingEditor (430)
[2017.12.27-19.37.59:491][782]LogModuleManager: Shutting down and abandoning module MergeActors (428)
[2017.12.27-19.37.59:491][782]LogModuleManager: Shutting down and abandoning module SizeMap (426)
[2017.12.27-19.37.59:492][782]LogModuleManager: Shutting down and abandoning module TreeMap (424)
[2017.12.27-19.37.59:492][782]LogModuleManager: Shutting down and abandoning module ReferenceViewer (422)
[2017.12.27-19.37.59:492][782]LogModuleManager: Shutting down and abandoning module LocalizationDashboard (420)
[2017.12.27-19.37.59:492][782]LogModuleManager: Shutting down and abandoning module LocalizationService (419)
[2017.12.27-19.37.59:492][782]LogModuleManager: Shutting down and abandoning module HardwareTargeting (416)
[2017.12.27-19.37.59:492][782]LogModuleManager: Shutting down and abandoning module DeviceProfileEditor (414)
[2017.12.27-19.37.59:492][782]LogModuleManager: Shutting down and abandoning module UndoHistory (412)
[2017.12.27-19.37.59:492][782]LogModuleManager: Shutting down and abandoning module UserFeedback (410)
[2017.12.27-19.37.59:492][782]LogModuleManager: Shutting down and abandoning module XmlParser (408)
[2017.12.27-19.37.59:492][782]LogModuleManager: Shutting down and abandoning module Blutility (406)
[2017.12.27-19.37.59:492][782]LogModuleManager: Shutting down and abandoning module ProjectSettingsViewer (404)
[2017.12.27-19.37.59:492][782]LogModuleManager: Shutting down and abandoning module ProjectTargetPlatformEditor (403)
[2017.12.27-19.37.59:492][782]LogModuleManager: Shutting down and abandoning module EditorSettingsViewer (400)
[2017.12.27-19.37.59:492][782]LogModuleManager: Shutting down and abandoning module SettingsEditor (398)
[2017.12.27-19.37.59:492][782]LogModuleManager: Shutting down and abandoning module ProjectLauncher (396)
[2017.12.27-19.37.59:492][782]LogModuleManager: Shutting down and abandoning module SessionFrontend (394)
[2017.12.27-19.37.59:492][782]LogModuleManager: Shutting down and abandoning module ProfilerClient (392)
[2017.12.27-19.37.59:492][782]LogModuleManager: Shutting down and abandoning module DeviceManager (390)
[2017.12.27-19.37.59:492][782]LogModuleManager: Shutting down and abandoning module TargetDeviceServices (389)
[2017.12.27-19.37.59:558][782]LogModuleManager: Shutting down and abandoning module AutomationController (386)
[2017.12.27-19.37.59:558][782]LogModuleManager: Shutting down and abandoning module AutomationWindow (384)
[2017.12.27-19.37.59:558][782]LogModuleManager: Shutting down and abandoning module Layers (382)
[2017.12.27-19.37.59:558][782]LogModuleManager: Shutting down and abandoning module ComponentVisualizers (380)
[2017.12.27-19.37.59:558][782]LogModuleManager: Shutting down and abandoning module DetailCustomizations (378)
[2017.12.27-19.38.00:017][782]LogModuleManager: Shutting down and abandoning module PackagesDialog (376)
[2017.12.27-19.38.00:017][782]LogModuleManager: Shutting down and abandoning module Persona (374)
[2017.12.27-19.38.00:122][782]LogModuleManager: Shutting down and abandoning module AdvancedPreviewScene (373)
[2017.12.27-19.38.00:122][782]LogModuleManager: Shutting down and abandoning module AnimGraph (371)
[2017.12.27-19.38.00:122][782]LogModuleManager: Shutting down and abandoning module Kismet (368)
[2017.12.27-19.38.00:241][782]LogModuleManager: Shutting down and abandoning module ClassViewer (366)
[2017.12.27-19.38.00:241][782]LogModuleManager: Shutting down and abandoning module Toolbox (364)
[2017.12.27-19.38.00:241][782]LogModuleManager: Shutting down and abandoning module ModuleUI (362)
[2017.12.27-19.38.00:241][782]LogModuleManager: Shutting down and abandoning module MovieSceneTools (360)
[2017.12.27-19.38.00:336][782]LogModuleManager: Shutting down and abandoning module OutputLog (358)
[2017.12.27-19.38.00:336][782]LogModuleManager: Shutting down and abandoning module GammaUI (356)
[2017.12.27-19.38.00:336][782]LogModuleManager: Shutting down and abandoning module Documentation (354)
[2017.12.27-19.38.00:336][782]LogModuleManager: Shutting down and abandoning module MovieSceneTracks (352)
[2017.12.27-19.38.00:336][782]LogModuleManager: Shutting down and abandoning module MovieScene (350)
[2017.12.27-19.38.00:336][782]LogModuleManager: Shutting down and abandoning module Niagara (348)
[2017.12.27-19.38.00:336][782]LogModuleManager: Shutting down and abandoning module NiagaraEditor (347)
[2017.12.27-19.38.00:463][782]LogModuleManager: Shutting down and abandoning module StreamingPauseRendering (344)
[2017.12.27-19.38.00:463][782]LogModuleManager: Shutting down and abandoning module AnalyticsET (342)
[2017.12.27-19.38.00:463][782]LogModuleManager: Shutting down and abandoning module PortalServices (340)
[2017.12.27-19.38.00:463][782]LogModuleManager: Shutting down and abandoning module PortalRpc (338)
[2017.12.27-19.38.00:463][782]LogModuleManager: Shutting down and abandoning module MessagingRpc (336)
[2017.12.27-19.38.00:463][782]LogModuleManager: Shutting down and abandoning module AIModule (334)
[2017.12.27-19.38.00:463][782]LogModuleManager: Shutting down and abandoning module GameplayDebugger (333)
[2017.12.27-19.38.00:490][782]LogModuleManager: Shutting down and abandoning module AITestSuite (331)
[2017.12.27-19.38.00:535][782]LogModuleManager: Shutting down and abandoning module ProfilerService (328)
[2017.12.27-19.38.00:770][782]LogModuleManager: Shutting down and abandoning module TaskGraph (326)
[2017.12.27-19.38.00:837][782]LogModuleManager: Shutting down and abandoning module SteamVRController (324)
[2017.12.27-19.38.00:837][782]LogModuleManager: Shutting down and abandoning module SteamVR (322)
[2017.12.27-19.38.00:837][782]LogModuleManager: Shutting down and abandoning module ProceduralMeshComponentEditor (320)
[2017.12.27-19.38.00:995][782]LogModuleManager: Shutting down and abandoning module ProceduralMeshComponent (318)
[2017.12.27-19.38.01:035][782]LogModuleManager: Shutting down and abandoning module OculusLibrary (316)
[2017.12.27-19.38.01:035][782]LogModuleManager: Shutting down and abandoning module OculusInput (314)
[2017.12.27-19.38.01:035][782]LogModuleManager: Shutting down and abandoning module MobilePatchingUtils (312)
[2017.12.27-19.38.01:035][782]LogModuleManager: Shutting down and abandoning module CustomMeshComponent (310)
[2017.12.27-19.38.01:035][782]LogModuleManager: Shutting down and abandoning module CableComponent (308)
[2017.12.27-19.38.01:075][782]LogModuleManager: Shutting down and abandoning module ArchVisCharacter (306)
[2017.12.27-19.38.01:075][782]LogModuleManager: Shutting down and abandoning module AndroidPermission (304)
[2017.12.27-19.38.01:075][782]LogModuleManager: Shutting down and abandoning module MediaPlayerEditor (300)
[2017.12.27-19.38.01:291][782]LogModuleManager: Shutting down and abandoning module HTML5Networking (298)
[2017.12.27-19.38.01:291][782]LogModuleManager: Shutting down and abandoning module AlembicImporter (296)
[2017.12.27-19.38.01:307][782]LogModuleManager: Shutting down and abandoning module AlembicLibrary (295)
[2017.12.27-19.38.01:307][782]LogModuleManager: Shutting down and abandoning module GeometryCache (294)
[2017.12.27-19.38.01:360][782]LogModuleManager: Shutting down and abandoning module GeometryCacheEd (293)
[2017.12.27-19.38.01:360][782]LogModuleManager: Shutting down and abandoning module SuperSearchEditor (288)
[2017.12.27-19.38.01:360][782]LogModuleManager: Shutting down and abandoning module SuperSearch (287)
[2017.12.27-19.38.01:360][782]LogModuleManager: Shutting down and abandoning module SpeedTreeImporter (284)
[2017.12.27-19.38.01:360][782]LogModuleManager: Shutting down and abandoning module PluginBrowser (282)
[2017.12.27-19.38.01:385][782]LogModuleManager: Shutting down and abandoning module MobileLauncherProfileWizard (280)
[2017.12.27-19.38.01:418][782]LogModuleManager: Shutting down and abandoning module VisualStudioSourceCodeAccess (278)
[2017.12.27-19.38.01:418][782]LogModuleManager: Shutting down and abandoning module DesktopPlatform (277)
[2017.12.27-19.38.01:418][782]LogModuleManager: Shutting down and abandoning module UObjectPlugin (274)
[2017.12.27-19.38.01:418][782]LogModuleManager: Shutting down and abandoning module SubversionSourceControl (272)
[2017.12.27-19.38.01:463][782]LogModuleManager: Shutting down and abandoning module PerforceSourceControl (270)
[2017.12.27-19.38.01:506][782]LogModuleManager: Shutting down and abandoning module GitSourceControl (268)
[2017.12.27-19.38.01:520][782]LogModuleManager: Shutting down and abandoning module SourceControl (267)
[2017.12.27-19.38.01:535][782]LogModuleManager: Shutting down and abandoning module LightPropagationVolumeEditor (264)
[2017.12.27-19.38.01:535][782]LogModuleManager: Shutting down and abandoning module PaperTiledImporter (262)
[2017.12.27-19.38.01:535][782]LogModuleManager: Shutting down and abandoning module PaperSpriteSheetImporter (260)
[2017.12.27-19.38.01:535][782]LogModuleManager: Shutting down and abandoning module Paper2DEditor (258)
[2017.12.27-19.38.01:619][782]LogModuleManager: Shutting down and abandoning module MeshPaint (257)
[2017.12.27-19.38.01:638][782]LogModuleManager: Shutting down and abandoning module LevelEditor (255)
[2017.12.27-19.38.01:639][782]LogModuleManager: Shutting down and abandoning module PixelInspectorModule (254)
[2017.12.27-19.38.01:684][782]LogModuleManager: Shutting down and abandoning module MainFrame (252)
[2017.12.27-19.38.01:702][782]LogModuleManager: Shutting down and abandoning module HotReload (251)
[2017.12.27-19.38.01:721][782]LogModuleManager: Shutting down and abandoning module PhysXVehiclesEditor (246)
[2017.12.27-19.38.01:738][782]LogModuleManager: Shutting down and abandoning module PhysXVehicles (244)
[2017.12.27-19.38.01:738][782]LogModuleManager: Shutting down and abandoning module LocationServicesBPLibrary (242)
[2017.12.27-19.38.01:738][782]LogModuleManager: Shutting down and abandoning module ImmediatePhysicsEditor (240)
[2017.12.27-19.38.01:738][782]LogModuleManager: Shutting down and abandoning module ImmediatePhysics (238)
[2017.12.27-19.38.01:767][782]LogModuleManager: Shutting down and abandoning module UdpMessaging (236)
[2017.12.27-19.38.01:868][782]LogModuleManager: Shutting down and abandoning module TcpMessaging (234)
[2017.12.27-19.38.02:007][782]LogModuleManager: Shutting down and abandoning module GameplayTagsEditor (232)
[2017.12.27-19.38.02:048][782]LogModuleManager: Shutting down and abandoning module FacialAnimationEditor (230)
[2017.12.27-19.38.02:061][782]LogModuleManager: Shutting down and abandoning module FacialAnimation (228)
[2017.12.27-19.38.02:061][782]LogModuleManager: Shutting down and abandoning module AssetManagerEditor (226)
[2017.12.27-19.38.02:109][782]LogModuleManager: Shutting down and abandoning module GraphEditor (225)
[2017.12.27-19.38.02:552][782]LogModuleManager: Shutting down and abandoning module ContentBrowser (223)
[2017.12.27-19.38.02:554][782]LogModuleManager: Shutting down and abandoning module LightPropagationVolumeRuntime (220)
[2017.12.27-19.38.02:554][782]LogModuleManager: Shutting down and abandoning module Paper2D (218)
[2017.12.27-19.38.02:554][782]LogModuleManager: Shutting down and abandoning module WindowsMoviePlayer (216)
[2017.12.27-19.38.02:554][782]LogModuleManager: Shutting down and abandoning module WmfMedia (214)
[2017.12.27-19.38.02:589][782]LogModuleManager: Shutting down and abandoning module ClothingSystemEditor (212)
[2017.12.27-19.38.02:589][782]LogModuleManager: Shutting down and abandoning module ClothingSystemRuntime (210)
[2017.12.27-19.38.02:692][782]LogModuleManager: Shutting down and abandoning module MediaAssets (208)
[2017.12.27-19.38.02:692][782]LogModuleManager: Shutting down and abandoning module GameLiveStreaming (206)
[2017.12.27-19.38.02:776][782]LogModuleManager: Shutting down and abandoning module VREditor (204)
[2017.12.27-19.38.02:920][782]LogModuleManager: Shutting down and abandoning module StringTableEditor (202)
[2017.12.27-19.38.02:946][782]LogModuleManager: Shutting down and abandoning module GameplayTasksEditor (200)
[2017.12.27-19.38.02:946][782]LogModuleManager: Shutting down and abandoning module BehaviorTreeEditor (198)
[2017.12.27-19.38.02:993][782]LogModuleManager: Shutting down and abandoning module FunctionalTesting (196)
[2017.12.27-19.38.02:993][782]LogModuleManager: Shutting down and abandoning module CollisionAnalyzer (194)
[2017.12.27-19.38.03:280][782]LogModuleManager: Shutting down and abandoning module UMG (192)
[2017.12.27-19.38.03:428][782]LogModuleManager: Shutting down and abandoning module UMGEditor (191)
[2017.12.27-19.38.03:675][782]LogModuleManager: Shutting down and abandoning module Sequencer (190)
[2017.12.27-19.38.03:918][782]LogModuleManager: Shutting down and abandoning module AssetTools (188)
[2017.12.27-19.38.04:360][782]LogModuleManager: Shutting down and abandoning module MessageLog (187)
[2017.12.27-19.38.04:428][782]LogModuleManager: Shutting down and abandoning module WorkspaceMenuStructure (186)
[2017.12.27-19.38.04:428][782]LogModuleManager: Shutting down and abandoning module SlateReflector (180)
[2017.12.27-19.38.05:209][782]LogModuleManager: Shutting down and abandoning module Slate (178)
[2017.12.27-19.38.05:209][782]LogModuleManager: Shutting down and abandoning module EditorStyle (176)
[2017.12.27-19.38.05:216][782]LogModuleManager: Shutting down and abandoning module SourceCodeAccess (174)
[2017.12.27-19.38.05:216][782]LogModuleManager: Shutting down and abandoning module HeadMountedDisplay (172)
[2017.12.27-19.38.05:216][782]LogModuleManager: Shutting down and abandoning module XAudio2 (170)
[2017.12.27-19.38.05:216][782]LogModuleManager: Shutting down and abandoning module Networking (168)
[2017.12.27-19.38.05:216][782]LogModuleManager: Shutting down and abandoning module Core (164)
[2017.12.27-19.38.05:216][782]LogModuleManager: Shutting down and abandoning module AssetRegistry (162)
[2017.12.27-19.38.05:408][782]LogDirectoryWatcher: A directory notification for '../../../Engine/Content/' was aborted.
[2017.12.27-19.38.05:408][782]LogDirectoryWatcher: A directory notification for '../../../../../../Users/Admin/Documents/Unreal Projects/PGK/Content/' was aborted.
[2017.12.27-19.38.05:409][782]LogDirectoryWatcher: A directory notification for '../../../Engine/Plugins/2D/Paper2D/Content/' was aborted.
[2017.12.27-19.38.05:409][782]LogDirectoryWatcher: A directory notification for '../../../Engine/Plugins/Runtime/GearVR/Content/' was aborted.
[2017.12.27-19.38.05:470][782]LogModuleManager: Shutting down and abandoning module DirectoryWatcher (161)
[2017.12.27-19.38.05:471][782]LogModuleManager: Shutting down and abandoning module KismetCompiler (158)
[2017.12.27-19.38.05:472][782]LogModuleManager: Shutting down and abandoning module LevelSequence (156)
[2017.12.27-19.38.05:472][782]LogModuleManager: Shutting down and abandoning module PhysXFormats (154)
[2017.12.27-19.38.05:472][782]LogModuleManager: Shutting down and abandoning module MeshUtilities (152)
[2017.12.27-19.38.05:495][782]LogModuleManager: Shutting down and abandoning module SimplygonSwarm (151)
[2017.12.27-19.38.05:565][782]LogModuleManager: Shutting down and abandoning module SimplygonMeshReduction (149)
[2017.12.27-19.38.05:565][782]LogModuleManager: Shutting down and abandoning module QuadricMeshReduction (147)
[2017.12.27-19.38.06:166][782]LogModuleManager: Shutting down and abandoning module DerivedDataCache (144)
[2017.12.27-19.38.06:263][782]LogDerivedDataCache: Shutdown
[2017.12.27-19.38.06:263][782]LogModuleManager: Shutting down and abandoning module TargetPlatform (142)
[2017.12.27-19.38.06:263][782]LogModuleManager: Shutting down and abandoning module VulkanShaderFormat (141)
[2017.12.27-19.38.06:365][782]LogModuleManager: Shutting down and abandoning module ShaderFormatVectorVM (139)
[2017.12.27-19.38.06:468][782]LogModuleManager: Shutting down and abandoning module ShaderFormatOpenGL (137)
[2017.12.27-19.38.06:573][782]LogModuleManager: Shutting down and abandoning module ShaderFormatD3D (135)
[2017.12.27-19.38.06:596][782]LogModuleManager: Shutting down and abandoning module MetalShaderFormat (133)
[2017.12.27-19.38.06:937][782]LogModuleManager: Shutting down and abandoning module TextureFormatUncompressed (131)
[2017.12.27-19.38.06:938][782]LogModuleManager: Shutting down and abandoning module TextureFormatPVR (129)
[2017.12.27-19.38.06:938][782]LogModuleManager: Shutting down and abandoning module TextureFormatDXT (127)
[2017.12.27-19.38.06:938][782]LogModuleManager: Shutting down and abandoning module TextureFormatIntelISPCTexComp (125)
[2017.12.27-19.38.07:011][782]LogModuleManager: Shutting down and abandoning module TextureFormatASTC (123)
[2017.12.27-19.38.07:011][782]LogModuleManager: Shutting down and abandoning module ImageWrapper (122)
[2017.12.27-19.38.07:011][782]LogModuleManager: Shutting down and abandoning module TextureFormatAndroid (119)
[2017.12.27-19.38.07:011][782]LogModuleManager: Shutting down and abandoning module AudioFormatOpus (117)
[2017.12.27-19.38.07:012][782]LogModuleManager: Shutting down and abandoning module AudioFormatOgg (115)
[2017.12.27-19.38.07:012][782]LogModuleManager: Shutting down and abandoning module AudioFormatADPCM (113)
[2017.12.27-19.38.07:012][782]LogModuleManager: Shutting down and abandoning module LinuxTargetPlatform (111)
[2017.12.27-19.38.07:012][782]LogModuleManager: Shutting down and abandoning module LinuxServerTargetPlatform (109)
[2017.12.27-19.38.07:012][782]LogModuleManager: Shutting down and abandoning module LinuxNoEditorTargetPlatform (107)
[2017.12.27-19.38.07:012][782]LogModuleManager: Shutting down and abandoning module LinuxClientTargetPlatform (105)
[2017.12.27-19.38.07:012][782]LogModuleManager: Shutting down and abandoning module TVOSTargetPlatform (103)
[2017.12.27-19.38.07:012][782]LogModuleManager: Shutting down and abandoning module Messaging (101)
[2017.12.27-19.38.07:012][782]LogModuleManager: Shutting down and abandoning module IOSTargetPlatform (99)
[2017.12.27-19.38.07:012][782]LogModuleManager: Shutting down and abandoning module HTML5TargetPlatform (97)
[2017.12.27-19.38.07:012][782]LogModuleManager: Shutting down and abandoning module Android_PVRTCTargetPlatform (95)
[2017.12.27-19.38.07:107][782]LogModuleManager: Shutting down and abandoning module Android_MultiTargetPlatform (93)
[2017.12.27-19.38.07:107][782]LogModuleManager: Shutting down and abandoning module Android_ETC2TargetPlatform (91)
[2017.12.27-19.38.07:175][782]LogModuleManager: Shutting down and abandoning module Android_ETC1TargetPlatform (89)
[2017.12.27-19.38.07:252][782]LogModuleManager: Shutting down and abandoning module Android_DXTTargetPlatform (87)
[2017.12.27-19.38.07:333][782]LogModuleManager: Shutting down and abandoning module Android_ATCTargetPlatform (85)
[2017.12.27-19.38.07:442][782]LogModuleManager: Shutting down and abandoning module Android_ASTCTargetPlatform (83)
[2017.12.27-19.38.07:442][782]LogModuleManager: Shutting down and abandoning module AndroidTargetPlatform (81)
[2017.12.27-19.38.07:543][782]LogModuleManager: Shutting down and abandoning module WindowsTargetPlatform (79)
[2017.12.27-19.38.07:543][782]LogModuleManager: Shutting down and abandoning module WindowsServerTargetPlatform (77)
[2017.12.27-19.38.07:543][782]LogModuleManager: Shutting down and abandoning module WindowsNoEditorTargetPlatform (75)
[2017.12.27-19.38.07:544][782]LogModuleManager: Shutting down and abandoning module WindowsClientTargetPlatform (73)
[2017.12.27-19.38.07:544][782]LogModuleManager: Shutting down and abandoning module MacTargetPlatform (71)
[2017.12.27-19.38.07:544][782]LogModuleManager: Shutting down and abandoning module MacServerTargetPlatform (69)
[2017.12.27-19.38.07:544][782]LogModuleManager: Shutting down and abandoning module MacNoEditorTargetPlatform (67)
[2017.12.27-19.38.07:544][782]LogModuleManager: Shutting down and abandoning module MacClientTargetPlatform (65)
[2017.12.27-19.38.07:544][782]LogModuleManager: Shutting down and abandoning module AllDesktopTargetPlatform (63)
[2017.12.27-19.38.07:544][782]LogModuleManager: Shutting down and abandoning module InputCore (60)
[2017.12.27-19.38.07:544][782]LogModuleManager: Shutting down and abandoning module Settings (58)
[2017.12.27-19.38.07:544][782]LogModuleManager: Shutting down and abandoning module OculusRift (56)
[2017.12.27-19.38.07:651][782]LogModuleManager: Shutting down and abandoning module GearVRController (54)
[2017.12.27-19.38.07:651][782]LogModuleManager: Shutting down and abandoning module GearVR (52)
[2017.12.27-19.38.07:683][782]LogModuleManager: Shutting down and abandoning module ExampleDeviceProfileSelector (50)
[2017.12.27-19.38.07:683][782]LogModuleManager: Shutting down and abandoning module OnlineBlueprintSupport (48)
[2017.12.27-19.38.07:683][782]LogModuleManager: Shutting down and abandoning module OnlineSubsystem (44)
[2017.12.27-19.38.07:683][782]LogOnline:Display: Unloading online subsystem: NULL
[2017.12.27-19.38.07:727][782]LogModuleManager: Shutting down and abandoning module XMPP (43)
[2017.12.27-19.38.07:765][782]LogModuleManager: Shutting down and abandoning module HTTP (41)
[2017.12.27-19.38.07:765][782]LogHttp:Display: Http module shutting down, but needs to wait on 1 outstanding Http requests:
[2017.12.27-19.38.07:799][782]LogHttp:Display: 	verb=[POST] url=[https://datarouter.ol.epicgames.com/datarouter/api/v1/public/data?SessionID=%7B46F6D246-43AE-40F6-3FBA-B981DA565CD9%7D&AppID=UEEditor.Rocket.Release&AppVersion=4.16.3-3561208%2B%2B%2BUE4%2BRelease-4.16&UserID=aae8a49749ce98dfa746fdb49696dcf9%7C10f31e859aec4f3697349fedfddfe259%7C565fec22-d8b4-42a4-b7fe-df25e8802acb&AppEnvironment=datacollector-binary&UploadType=eteventstream] status=Processing
[2017.12.27-19.38.07:825][782]LogModuleManager: Shutting down and abandoning module SSL (40)
[2017.12.27-19.38.08:192][782]LogModuleManager: Shutting down and abandoning module HTTPChunkInstaller (36)
[2017.12.27-19.38.08:227][782]LogModuleManager: Shutting down and abandoning module AnimationModifiers (34)
[2017.12.27-19.38.08:257][782]LogModuleManager: Shutting down and abandoning module PropertyEditor (33)
[2017.12.27-19.38.08:258][782]LogModuleManager: Shutting down and abandoning module AudioEditor (30)
[2017.12.27-19.38.08:675][782]LogModuleManager: Shutting down and abandoning module TextureCompressor (28)
[2017.12.27-19.38.08:675][782]LogModuleManager: Shutting down and abandoning module ShaderCore (26)
[2017.12.27-19.38.08:675][782]LogModuleManager: Shutting down and abandoning module Landscape (24)
[2017.12.27-19.38.08:675][782]LogModuleManager: Shutting down and abandoning module SlateRHIRenderer (22)
[2017.12.27-19.38.08:734][782]LogModuleManager: Shutting down and abandoning module OpenGLDrv (20)
[2017.12.27-19.38.08:754][782]LogModuleManager: Shutting down and abandoning module D3D11RHI (18)
[2017.12.27-19.38.08:754][782]LogModuleManager: Shutting down and abandoning module AnimGraphRuntime (16)
[2017.12.27-19.38.08:771][782]LogModuleManager: Shutting down and abandoning module Renderer (14)
[2017.12.27-19.38.08:771][782]LogModuleManager: Shutting down and abandoning module Engine (12)
[2017.12.27-19.38.08:771][782]LogModuleManager: Shutting down and abandoning module CoreUObject (10)
[2017.12.27-19.38.08:771][782]LogModuleManager: Shutting down and abandoning module NetworkFile (8)
[2017.12.27-19.38.08:791][782]LogModuleManager: Shutting down and abandoning module StreamingFile (6)
[2017.12.27-19.38.08:805][782]LogModuleManager: Shutting down and abandoning module SandboxFile (4)
[2017.12.27-19.38.08:846][782]LogModuleManager: Shutting down and abandoning module PakFile (2)
[2017.12.27-19.38.08:927][782]LogExit: Exiting.
[2017.12.27-19.38.08:947][782]Log file closed, 12/27/17 20:38:08
