Log file open, 01/17/18 21:48:43
LogInit:Display: Running engine for game: PGK
LogPlatformFile: Not using cached read wrapper
LogInit:Display: RandInit(-970067099) SRandInit(-970067099).
LogTaskGraph: Started task graph with 5 named threads and 8 total threads with 1 sets of task threads.
LogStats: Stats thread started at 0.117522
LogInit: Using libcurl 7.47.1
LogInit:  - built for x86_64-pc-win32
LogInit:  - supports SSL with OpenSSL/1.0.2g
LogInit:  - supports HTTP deflate (compression) using libz 1.2.8
LogInit:  - other features:
LogInit:      CURL_VERSION_SSL
LogInit:      CURL_VERSION_LIBZ
LogInit:      CURL_VERSION_IPV6
LogInit:      CURL_VERSION_ASYNCHDNS
LogInit:      CURL_VERSION_LARGEFILE
LogInit:      CURL_VERSION_IDN
LogInit:  CurlRequestOptions (configurable via config and command line):
LogInit:  - bVerifyPeer = false  - Libcurl will NOT verify peer certificate
LogInit:  - bUseHttpProxy = false  - Libcurl will NOT use HTTP proxy
LogInit:  - bDontReuseConnections = false  - Libcurl will reuse connections
LogInit:  - CertBundlePath = nullptr  - Libcurl will use whatever was configured at build time.
LogInit: Build: ++UE4+Release-4.16-CL-3561208
LogInit: Engine Version: 4.16.3-3561208+++UE4+Release-4.16
LogInit: Compatible Engine Version: 4.16.0-3452394+++UE4+Release-4.16
LogInit: Net CL: 3452394
LogDevObjectVersion: Number of dev versions registered: 16
LogDevObjectVersion:   Dev-Blueprints (B0D832E4-1F89-4F0D-ACCF-7EB736FD4AA2): 9
LogDevObjectVersion:   Dev-Build (E1C64328-A22C-4D53-A36C-8E866417BD8C): 0
LogDevObjectVersion:   Dev-Core (375EC13C-06E4-48FB-B500-84F0262A717E): 2
LogDevObjectVersion:   Dev-Editor (E4B068ED-F494-42E9-A231-DA0B2E46BB41): 17
LogDevObjectVersion:   Dev-Framework (CFFC743F-43B0-4480-9391-14DF171D2073): 23
LogDevObjectVersion:   Dev-Mobile (B02B49B5-BB20-44E9-A304-32B752E40360): 0
LogDevObjectVersion:   Dev-Networking (A4E4105C-59A1-49B5-A7C5-40C4547EDFEE): 0
LogDevObjectVersion:   Dev-Online (39C831C9-5AE6-47DC-9A44-9C173E1C8E7C): 0
LogDevObjectVersion:   Dev-Physics (78F01B33-EBEA-4F98-B9B4-84EACCB95AA2): 0
LogDevObjectVersion:   Dev-Platform (6631380F-2D4D-43E0-8009-CF276956A95A): 0
LogDevObjectVersion:   Dev-Rendering (12F88B9F-8875-4AFC-A67C-D90C383ABD29): 15
LogDevObjectVersion:   Dev-Sequencer (7B5AE74C-D270-4C10-A958-57980B212A5A): 4
LogDevObjectVersion:   Dev-VR (D7296918-1DD6-4BDD-9DE2-64A83CC13884): 0
LogDevObjectVersion:   Dev-LoadTimes (C2A15278-BFE7-4AFE-6C17-90FF531DF755): 1
LogDevObjectVersion:   Private-Geometry (6EACA3D4-40EC-4CC1-B786-8BED09428FC5): 1
LogDevObjectVersion:   Dev-AnimPhys (29E575DD-E0A3-4627-9D10-D276232CDCEA): 3
LogInit: Compiled (64-bit): Jul 28 2017 11:49:47
LogInit: Compiled with Visual C++: 19.00.24215.01
LogInit: Build Configuration: Development
LogInit: Branch Name: ++UE4+Release-4.16
LogInit: Command line:  
LogInit: Base directory: P:/silnik/UE_4.16/Engine/Binaries/Win64/
LogInit: Installed Engine Build: 1
LogInit: Presizing for max 8388607 objects, including 0 objects not considered by GC, pre-allocating 0 bytes for permanent pool.
LogInit: Object subsystem initialized
[2018.01.17-20.48.44:181][  0]LogInit: Selected Device Profile: [Windows]
[2018.01.17-20.48.44:181][  0]LogInit: Applying CVar settings loaded from the selected device profile: [Windows]
[2018.01.17-20.48.44:189][  0]LogInit: Computer: GROBKOMP
[2018.01.17-20.48.44:189][  0]LogInit: User: Robert
[2018.01.17-20.48.44:189][  0]LogInit: CPU Page size=4096, Cores=4
[2018.01.17-20.48.44:189][  0]LogInit: High frequency timer resolution =2.249999 MHz
[2018.01.17-20.48.44:190][  0]LogMemory: Memory total: Physical=7.9GB (8GB approx)
[2018.01.17-20.48.44:190][  0]LogMemory: Platform Memory Stats for Windows
[2018.01.17-20.48.44:190][  0]LogMemory: Process Physical Memory: 275.86 MB used, 275.86 MB peak
[2018.01.17-20.48.44:190][  0]LogMemory: Process Virtual Memory: 266.74 MB used, 266.74 MB peak
[2018.01.17-20.48.44:190][  0]LogMemory: Physical Memory: 4470.99 MB used,  3639.21 MB free, 8110.20 MB total
[2018.01.17-20.48.44:190][  0]LogMemory: Virtual Memory: 663.04 MB used,  3639.21 MB free, 134217728.00 MB total
[2018.01.17-20.48.44:269][  0]LogInit: Using OS detected language (pl-PL).
[2018.01.17-20.48.44:269][  0]LogInit: Using OS detected locale (pl-PL).
[2018.01.17-20.48.44:273][  0]LogTextLocalizationManager: No localization for 'pl-PL' exists, so 'en' will be used for the language.
[2018.01.17-20.48.44:274][  0]LogTextLocalizationManager: No localization for 'pl-PL' exists, so 'en' will be used for the locale.
[2018.01.17-20.48.45:378][  0]LogD3D11RHI: D3D11 adapters:
[2018.01.17-20.48.46:125][  0]LogD3D11RHI:    0. 'NVIDIA GeForce GTX 960M' (Feature Level 11_0)
[2018.01.17-20.48.46:125][  0]LogD3D11RHI:       2017/0/4055 MB DedicatedVideo/DedicatedSystem/SharedSystem, Outputs:1, VendorId:0x10de
[2018.01.17-20.48.46:136][  0]LogD3D11RHI:    1. 'Intel(R) HD Graphics 530' (Feature Level 11_0)
[2018.01.17-20.48.46:136][  0]LogD3D11RHI:       128/0/4055 MB DedicatedVideo/DedicatedSystem/SharedSystem, Outputs:0, VendorId:0x8086
[2018.01.17-20.48.46:139][  0]LogD3D11RHI:    2. 'Microsoft Basic Render Driver' (Feature Level 11_0)
[2018.01.17-20.48.46:139][  0]LogD3D11RHI:       0/0/4055 MB DedicatedVideo/DedicatedSystem/SharedSystem, Outputs:0, VendorId:0x1414
[2018.01.17-20.48.46:139][  0]LogD3D11RHI: Chosen D3D11 Adapter: 0
[2018.01.17-20.48.46:145][  0]LogD3D11RHI: Creating new Direct3DDevice
[2018.01.17-20.48.46:145][  0]LogD3D11RHI:     GPU DeviceId: 0x139b (for the marketing name, search the web for "GPU Device Id")
[2018.01.17-20.48.46:145][  0]LogWindows: EnumDisplayDevices:
[2018.01.17-20.48.46:145][  0]LogWindows:    0. 'Intel(R) HD Graphics 530' (P:1 D:1)
[2018.01.17-20.48.46:145][  0]LogWindows:    1. 'Intel(R) HD Graphics 530' (P:0 D:0)
[2018.01.17-20.48.46:145][  0]LogWindows:    2. 'Intel(R) HD Graphics 530' (P:0 D:0)
[2018.01.17-20.48.46:145][  0]LogWindows:    3. 'NVIDIA GeForce GTX 960M' (P:0 D:0)
[2018.01.17-20.48.46:146][  0]LogWindows:    4. 'NVIDIA GeForce GTX 960M' (P:0 D:0)
[2018.01.17-20.48.46:146][  0]LogWindows:    5. 'NVIDIA GeForce GTX 960M' (P:0 D:0)
[2018.01.17-20.48.46:146][  0]LogWindows:    6. 'NVIDIA GeForce GTX 960M' (P:0 D:0)
[2018.01.17-20.48.46:146][  0]LogWindows: DebugString: GetVideoDriverDetailsInvalid PrimaryIsNotTheChoosenAdapter GetVideoDriverDetailsInvalid PrimaryIsNotTheChoosenAdapter GetVideoDriverDetailsInvalid PrimaryIsNotTheChoosenAdapter GetVideoDriverDetailsInvalid PrimaryIsNotTheChoosenAdapter GetVideoDriverDetailsInvalid PrimaryIsNotTheChoosenAdapter GetVideoDriverDetailsInvalid PrimaryIsNotTheChoosenAdapter GetVideoDriverDetailsInvalid PrimaryIsNotTheChoosenAdapter FoundDriverCount:0 
[2018.01.17-20.48.46:146][  0]LogD3D11RHI:     Adapter Name: NVIDIA GeForce GTX 960M
[2018.01.17-20.48.46:146][  0]LogD3D11RHI:   Driver Version: Unknown (internal:Unknown, unified:Unknown)
[2018.01.17-20.48.46:146][  0]LogD3D11RHI:      Driver Date: Unknown
[2018.01.17-20.48.46:146][  0]LogRHI: Texture pool is 1361 MB (70% of 1945 MB)
[2018.01.17-20.48.46:870][  0]LogD3D11RHI: Async texture creation enabled
[2018.01.17-20.48.47:161][  0]LogD3D11RHI: GPU Timing Frequency: 1000.000000 (Debug: 2 1)
[2018.01.17-20.48.47:163][  0]LogShaderCompilers: Guid format shader working directory is 33 characters bigger than the processId version (I:/Projekt/PGK/Intermediate/Shaders/WorkingDirectory/3148/).
[2018.01.17-20.48.47:163][  0]LogShaderCompilers: Cleaned the shader compiler working directory 'C:/Users/Robert/AppData/Local/Temp/UnrealShaderWorkingDir/AB1089B84647E204DB30A1932644093A/'.
[2018.01.17-20.48.47:163][  0]LogShaderCompilers:Display: Using Local Shader Compiler.
[2018.01.17-20.48.48:504][  0]LogTemp:Display: Loaded TP AllDesktopTargetPlatform
[2018.01.17-20.48.48:570][  0]LogTemp:Display: Loaded TP MacClientTargetPlatform
[2018.01.17-20.48.48:639][  0]LogTemp:Display: Loaded TP MacNoEditorTargetPlatform
[2018.01.17-20.48.48:711][  0]LogTemp:Display: Loaded TP MacServerTargetPlatform
[2018.01.17-20.48.48:762][  0]LogTemp:Display: Loaded TP MacTargetPlatform
[2018.01.17-20.48.48:812][  0]LogTemp:Display: Loaded TP WindowsClientTargetPlatform
[2018.01.17-20.48.48:871][  0]LogTemp:Display: Loaded TP WindowsNoEditorTargetPlatform
[2018.01.17-20.48.48:938][  0]LogTemp:Display: Loaded TP WindowsServerTargetPlatform
[2018.01.17-20.48.49:007][  0]LogTemp:Display: Loaded TP WindowsTargetPlatform
[2018.01.17-20.48.49:084][  0]LogTemp:Display: Loaded TP AndroidTargetPlatform
[2018.01.17-20.48.49:147][  0]LogTemp:Display: Loaded TP Android_ASTCTargetPlatform
[2018.01.17-20.48.49:203][  0]LogTemp:Display: Loaded TP Android_ATCTargetPlatform
[2018.01.17-20.48.49:248][  0]LogTemp:Display: Loaded TP Android_DXTTargetPlatform
[2018.01.17-20.48.49:295][  0]LogTemp:Display: Loaded TP Android_ETC1TargetPlatform
[2018.01.17-20.48.49:345][  0]LogTemp:Display: Loaded TP Android_ETC2TargetPlatform
[2018.01.17-20.48.49:448][  0]LogTemp:Display: Loaded TP Android_MultiTargetPlatform
[2018.01.17-20.48.49:448][  0]LogTemp:Display: Loaded TP Android_PVRTCTargetPlatform
[2018.01.17-20.48.49:483][  0]LogTemp:Display: Loaded TP HTML5TargetPlatform
[2018.01.17-20.48.49:567][  0]LogTemp:Display: Loaded TP IOSTargetPlatform
[2018.01.17-20.48.49:593][  0]LogTemp:Display: Loaded TP TVOSTargetPlatform
[2018.01.17-20.48.49:640][  0]LogTemp:Display: Loaded TP LinuxClientTargetPlatform
[2018.01.17-20.48.49:687][  0]LogTemp:Display: Loaded TP LinuxNoEditorTargetPlatform
[2018.01.17-20.48.49:737][  0]LogTemp:Display: Loaded TP LinuxServerTargetPlatform
[2018.01.17-20.48.49:789][  0]LogTemp:Display: Loaded TP LinuxTargetPlatform
[2018.01.17-20.48.49:789][  0]LogTargetPlatformManager:Display: Building Assets For Windows
[2018.01.17-20.48.50:322][  0]LogDerivedDataCache:Display: Max Cache Size: 512 MB
[2018.01.17-20.48.50:445][  0]LogDerivedDataCache: Loaded boot cache 0.12s 100MB C:/Users/Robert/AppData/Local/UnrealEngine/4.16/DerivedDataCache/Boot.ddc.
[2018.01.17-20.48.50:445][  0]LogDerivedDataCache:Display: Loaded Boot cache: C:/Users/Robert/AppData/Local/UnrealEngine/4.16/DerivedDataCache/Boot.ddc
[2018.01.17-20.48.50:446][  0]LogDerivedDataCache: FDerivedDataBackendGraph:  Pak pak cache file I:/Projekt/PGK/DerivedDataCache/DDC.ddp not found, will not use a pak cache.
[2018.01.17-20.48.50:446][  0]LogDerivedDataCache: Unable to find inner node Pak for hierarchical cache Hierarchy.
[2018.01.17-20.48.50:446][  0]LogDerivedDataCache: FDerivedDataBackendGraph:  CompressedPak pak cache file I:/Projekt/PGK/DerivedDataCache/Compressed.ddp not found, will not use a pak cache.
[2018.01.17-20.48.50:446][  0]LogDerivedDataCache: Unable to find inner node CompressedPak for hierarchical cache Hierarchy.
[2018.01.17-20.48.50:464][  0]LogDerivedDataCache:Display: Pak cache opened for reading ../../../Engine/DerivedDataCache/Compressed.ddp.
[2018.01.17-20.48.50:477][  0]LogDerivedDataCache: Using Local data cache path C:/Users/Robert/AppData/Local/UnrealEngine/Common/DerivedDataCache: Writable
[2018.01.17-20.48.50:489][  0]LogMaterial: Verifying Global Shaders for PCD3D_SM5
[2018.01.17-20.48.50:489][  0]LogSlate: Using Freetype 2.6.0
[2018.01.17-20.48.50:490][  0]LogSlate: SlateFontCache - WITH_FREETYPE: 1, WITH_HARFBUZZ: 1
[2018.01.17-20.48.50:490][  0]LogSlate: SlateFontCache - WITH_FREETYPE: 1, WITH_HARFBUZZ: 1
[2018.01.17-20.48.50:869][  0]LogInit: Selected Device Profile: [Windows]
[2018.01.17-20.48.50:962][  0]LogContentStreaming: Texture pool size is 0.00 MB
[2018.01.17-20.48.51:122][  0]LogMeshUtilities: Using QuadricMeshReduction for automatic static mesh reduction
[2018.01.17-20.48.51:162][  0]LogSimplygon: Simplygon DLL not present - disabling.
[2018.01.17-20.48.51:212][  0]LogMeshUtilities: Using SimplygonSwarm for distributed automatic mesh merging
[2018.01.17-20.48.51:212][  0]LogMeshUtilities: No automatic skeletal mesh reduction module available
[2018.01.17-20.48.51:212][  0]LogMeshUtilities: No automatic mesh merging module available
[2018.01.17-20.48.51:872][  0]LogNetVersion: PGK , NetCL: 3452394, EngineNetVer: 2, GameNetVer: 0 (Checksum: 3392332418)
[2018.01.17-20.48.51:937][  0]LogAssetRegistry: FAssetRegistry took 0.0270 seconds to start up
[2018.01.17-20.48.51:971][  0]LogPackageLocalizationCache: Processed 4 localized package path(s) for 1 prioritized culture(s) in 0.014312 seconds
[2018.01.17-20.48.51:979][  0]LogUObjectArray: 34194 objects as part of root set at end of initial load.
[2018.01.17-20.48.51:979][  0]LogUObjectAllocator: 7260424 out of 0 bytes used by permanent object pool.
[2018.01.17-20.48.51:979][  0]LogUObjectArray: CloseDisregardForGC: 0/0 objects in disregard for GC pool
[2018.01.17-20.48.52:036][  0]LogInit: WinSock: version 1.1 (2.2), MaxSocks=32767, MaxUdp=65467
[2018.01.17-20.48.54:600][  0]LogTcpMessaging: Initializing TcpMessaging bridge
[2018.01.17-20.48.54:645][  0]LogUdpMessaging: Initializing bridge on interface 0.0.0.0:0 to multicast group 230.0.0.1:6666.
[2018.01.17-20.48.55:328][  0]LogMaterial: Uniform references updated for custom material expression Custom.
[2018.01.17-20.48.55:755][  0]SourceControl: Info Source control is disabled
[2018.01.17-20.48.55:756][  0]SourceControl: Info Source control is disabled
[2018.01.17-20.48.55:806][  0]SourceControl: Info Source control is disabled
[2018.01.17-20.48.55:852][  0]SourceControl: Info Source control is disabled
[2018.01.17-20.48.56:647][  0]LogAndroidPermission: UAndroidPermissionCallbackProxy::GetInstance
[2018.01.17-20.48.57:401][  0]LogEngine: Initializing Engine...
[2018.01.17-20.48.57:402][  0]LogHMD: Failed to initialize OpenVR with code 110
[2018.01.17-20.48.57:677][  0]LogStats: UGameplayTagsManager::ConstructGameplayTagTree: Construct from data asset -  0.000 s
[2018.01.17-20.48.57:677][  0]LogStats: UGameplayTagsManager::ConstructGameplayTagTree: GameplayTagTreeChangedEvent.Broadcast -  0.000 s
[2018.01.17-20.48.57:796][  0]LogAIModule: Creating AISystem for world Untitled
[2018.01.17-20.48.57:811][  0]LogInit: XAudio2 using 'Głośniki (Realtek High Definition Audio)' : 2 channels at 48 kHz using 32 bits per sample (channel mask 0x3)
[2018.01.17-20.48.57:913][  0]LogInit: FAudioDevice initialized.
[2018.01.17-20.48.58:034][  0]LogDerivedDataCache: Saved boot cache 0.12s 88MB C:/Users/Robert/AppData/Local/UnrealEngine/4.16/DerivedDataCache/Boot.ddc.
[2018.01.17-20.48.58:063][  0]LogInit: Texture streaming: Enabled
[2018.01.17-20.48.58:156][  0]LogEngineSessionManager: EngineSessionManager initialized
[2018.01.17-20.48.58:370][  0]LogInit: Transaction tracking system initialized
[2018.01.17-20.48.58:673][  0]BlueprintLog: New page: Editor Load
[2018.01.17-20.48.59:663][  0]LocalizationService: Info Localization service is disabled
[2018.01.17-20.49.00:502][  0]LogConsoleResponse:Display: 
[2018.01.17-20.49.00:668][  0]LogCook:Display: Max memory allowance for cook 16384mb min free memory 0mb
[2018.01.17-20.49.00:668][  0]LogCook:Display: Mobile HDR setting 1
[2018.01.17-20.49.01:731][  0]LogFileCache: Scanning file cache for directory 'I:/Projekt/PGK/Content/' took 0.02s
[2018.01.17-20.49.01:776][  0]SourceControl: Info Source control is disabled
[2018.01.17-20.49.01:776][  0]Cmd: MAP LOAD FILE="I:/Projekt/PGK/Content/FirstPersonBP/Maps/FirstPersonExampleMap.umap" TEMPLATE=0 SHOWPROGRESS=1 FEATURELEVEL=3
[2018.01.17-20.49.01:777][  0]LightingResults: New page: Lighting Build
[2018.01.17-20.49.01:815][  0]MapCheck: New page: Map Check
[2018.01.17-20.49.01:815][  0]LightingResults: New page: Lighting Build
[2018.01.17-20.49.02:310][  0]LogLinker:Warning: Can't find file '/Game/import/bed/Bed'
[2018.01.17-20.49.02:310][  0]LogLinker:Warning: Can't find file for asset '/Game/import/bed/Bed' while loading I:/Projekt/PGK/Content/import/bed/BunkFBX.uasset.
[2018.01.17-20.49.02:310][  0]LoadErrors:Error: Error /Game/import/bed/BunkFBX : Can't find file for asset. /Game/import/bed/Bed
[2018.01.17-20.49.02:310][  0]LogLinker:Warning: Can't find file '/Game/import/bed/Drawer'
[2018.01.17-20.49.02:310][  0]LogLinker:Warning: Can't find file for asset '/Game/import/bed/Drawer' while loading I:/Projekt/PGK/Content/import/bed/BunkFBX.uasset.
[2018.01.17-20.49.02:310][  0]LoadErrors:Error: Error /Game/import/bed/BunkFBX : Can't find file for asset. /Game/import/bed/Drawer
[2018.01.17-20.49.02:310][  0]LogLinker:Warning: Can't find file '/Game/import/bed/Main'
[2018.01.17-20.49.02:310][  0]LogLinker:Warning: Can't find file for asset '/Game/import/bed/Main' while loading I:/Projekt/PGK/Content/import/bed/BunkFBX.uasset.
[2018.01.17-20.49.02:310][  0]LoadErrors:Error: Error /Game/import/bed/BunkFBX : Can't find file for asset. /Game/import/bed/Main
[2018.01.17-20.49.02:310][  0]LogLinker:Warning: Can't find file '/Game/import/bed/Metal'
[2018.01.17-20.49.02:311][  0]LogLinker:Warning: Can't find file for asset '/Game/import/bed/Metal' while loading I:/Projekt/PGK/Content/import/bed/BunkFBX.uasset.
[2018.01.17-20.49.02:311][  0]LoadErrors:Error: Error /Game/import/bed/BunkFBX : Can't find file for asset. /Game/import/bed/Metal
[2018.01.17-20.49.02:311][  0]LogLinker:Warning: Can't find file '/Game/import/bed/Bed'
[2018.01.17-20.49.02:311][  0]LogLinker:Warning: Can't find file for asset '/Game/import/bed/Bed' while loading I:/Projekt/PGK/Content/import/bed/BunkFBX.uasset.
[2018.01.17-20.49.02:311][  0]LoadErrors:Error: Error /Game/import/bed/BunkFBX : Can't find file for asset. /Game/import/bed/Bed
[2018.01.17-20.49.02:311][  0]LogLinker:Warning: Can't find file '/Game/import/bed/Drawer'
[2018.01.17-20.49.02:311][  0]LogLinker:Warning: Can't find file for asset '/Game/import/bed/Drawer' while loading I:/Projekt/PGK/Content/import/bed/BunkFBX.uasset.
[2018.01.17-20.49.02:311][  0]LoadErrors:Error: Error /Game/import/bed/BunkFBX : Can't find file for asset. /Game/import/bed/Drawer
[2018.01.17-20.49.02:311][  0]LogLinker:Warning: Can't find file '/Game/import/bed/Main'
[2018.01.17-20.49.02:311][  0]LogLinker:Warning: Can't find file for asset '/Game/import/bed/Main' while loading I:/Projekt/PGK/Content/import/bed/BunkFBX.uasset.
[2018.01.17-20.49.02:311][  0]LoadErrors:Error: Error /Game/import/bed/BunkFBX : Can't find file for asset. /Game/import/bed/Main
[2018.01.17-20.49.02:311][  0]LogLinker:Warning: Can't find file '/Game/import/bed/Metal'
[2018.01.17-20.49.02:311][  0]LogLinker:Warning: Can't find file for asset '/Game/import/bed/Metal' while loading I:/Projekt/PGK/Content/import/bed/BunkFBX.uasset.
[2018.01.17-20.49.02:311][  0]LoadErrors:Error: Error /Game/import/bed/BunkFBX : Can't find file for asset. /Game/import/bed/Metal
[2018.01.17-20.49.02:339][  0]LogLinker:Warning: Can't find file '/Game/import/wardrobe/lambert2'
[2018.01.17-20.49.02:339][  0]LogLinker:Warning: Can't find file for asset '/Game/import/wardrobe/lambert2' while loading I:/Projekt/PGK/Content/import/wardrobe/wardrobe.uasset.
[2018.01.17-20.49.02:339][  0]LoadErrors:Error: Error /Game/import/wardrobe/wardrobe : Can't find file for asset. /Game/import/wardrobe/lambert2
[2018.01.17-20.49.02:339][  0]LogLinker:Warning: Can't find file '/Game/import/wardrobe/lambert2'
[2018.01.17-20.49.02:339][  0]LogLinker:Warning: Can't find file for asset '/Game/import/wardrobe/lambert2' while loading I:/Projekt/PGK/Content/import/wardrobe/wardrobe.uasset.
[2018.01.17-20.49.02:339][  0]LoadErrors:Error: Error /Game/import/wardrobe/wardrobe : Can't find file for asset. /Game/import/wardrobe/lambert2
[2018.01.17-20.49.02:341][  0]LogLinker:Warning: Can't find file '/Game/import/wardrobe/box'
[2018.01.17-20.49.02:341][  0]LogLinker:Warning: Can't find file for asset '/Game/import/wardrobe/box' while loading I:/Projekt/PGK/Content/import/wardrobe/wardrobe3.uasset.
[2018.01.17-20.49.02:341][  0]LoadErrors:Error: Error /Game/import/wardrobe/wardrobe3 : Can't find file for asset. /Game/import/wardrobe/box
[2018.01.17-20.49.02:341][  0]LogLinker:Warning: Can't find file '/Game/import/wardrobe/st_gold'
[2018.01.17-20.49.02:341][  0]LogLinker:Warning: Can't find file for asset '/Game/import/wardrobe/st_gold' while loading I:/Projekt/PGK/Content/import/wardrobe/wardrobe3.uasset.
[2018.01.17-20.49.02:341][  0]LoadErrors:Error: Error /Game/import/wardrobe/wardrobe3 : Can't find file for asset. /Game/import/wardrobe/st_gold
[2018.01.17-20.49.02:341][  0]LogLinker:Warning: Can't find file '/Game/import/wardrobe/box'
[2018.01.17-20.49.02:341][  0]LogLinker:Warning: Can't find file for asset '/Game/import/wardrobe/box' while loading I:/Projekt/PGK/Content/import/wardrobe/wardrobe3.uasset.
[2018.01.17-20.49.02:341][  0]LoadErrors:Error: Error /Game/import/wardrobe/wardrobe3 : Can't find file for asset. /Game/import/wardrobe/box
[2018.01.17-20.49.02:341][  0]LogLinker:Warning: Can't find file '/Game/import/wardrobe/st_gold'
[2018.01.17-20.49.02:342][  0]LogLinker:Warning: Can't find file for asset '/Game/import/wardrobe/st_gold' while loading I:/Projekt/PGK/Content/import/wardrobe/wardrobe3.uasset.
[2018.01.17-20.49.02:342][  0]LoadErrors:Error: Error /Game/import/wardrobe/wardrobe3 : Can't find file for asset. /Game/import/wardrobe/st_gold
[2018.01.17-20.49.02:342][  0]LogLinker:Warning: Can't find file '/Game/import/wardrobe/wardrobe3_PhysicsAsset'
[2018.01.17-20.49.02:342][  0]LogLinker:Warning: Can't find file for asset '/Game/import/wardrobe/wardrobe3_PhysicsAsset' while loading I:/Projekt/PGK/Content/import/wardrobe/wardrobe3.uasset.
[2018.01.17-20.49.02:342][  0]LoadErrors:Error: Error /Game/import/wardrobe/wardrobe3 : Can't find file for asset. /Game/import/wardrobe/wardrobe3_PhysicsAsset
[2018.01.17-20.49.02:342][  0]LogLinker:Warning: Can't find file '/Game/import/wardrobe/wardrobe3_Skeleton'
[2018.01.17-20.49.02:342][  0]LogLinker:Warning: Can't find file for asset '/Game/import/wardrobe/wardrobe3_Skeleton' while loading I:/Projekt/PGK/Content/import/wardrobe/wardrobe3.uasset.
[2018.01.17-20.49.02:342][  0]LoadErrors:Error: Error /Game/import/wardrobe/wardrobe3 : Can't find file for asset. /Game/import/wardrobe/wardrobe3_Skeleton
[2018.01.17-20.49.02:342][  0]LogLinker:Warning: Can't find file '/Game/import/wardrobe/wardrobe3_PhysicsAsset'
[2018.01.17-20.49.02:342][  0]LogLinker:Warning: Can't find file for asset '/Game/import/wardrobe/wardrobe3_PhysicsAsset' while loading I:/Projekt/PGK/Content/import/wardrobe/wardrobe3.uasset.
[2018.01.17-20.49.02:342][  0]LoadErrors:Error: Error /Game/import/wardrobe/wardrobe3 : Can't find file for asset. /Game/import/wardrobe/wardrobe3_PhysicsAsset
[2018.01.17-20.49.02:342][  0]LogLinker:Warning: Can't find file '/Game/import/wardrobe/wardrobe3_Skeleton'
[2018.01.17-20.49.02:342][  0]LogLinker:Warning: Can't find file for asset '/Game/import/wardrobe/wardrobe3_Skeleton' while loading I:/Projekt/PGK/Content/import/wardrobe/wardrobe3.uasset.
[2018.01.17-20.49.02:342][  0]LoadErrors:Error: Error /Game/import/wardrobe/wardrobe3 : Can't find file for asset. /Game/import/wardrobe/wardrobe3_Skeleton
[2018.01.17-20.49.02:343][  0]LogLinker:Warning: Can't find file '/Game/import/wardrobe/None'
[2018.01.17-20.49.02:343][  0]LogLinker:Warning: Can't find file for asset '/Game/import/wardrobe/None' while loading I:/Projekt/PGK/Content/import/wardrobe/wardrobe4.uasset.
[2018.01.17-20.49.02:343][  0]LoadErrors:Error: Error /Game/import/wardrobe/wardrobe4 : Can't find file for asset. /Game/import/wardrobe/None
[2018.01.17-20.49.02:343][  0]LogLinker:Warning: Can't find file '/Game/import/wardrobe/None'
[2018.01.17-20.49.02:343][  0]LogLinker:Warning: Can't find file for asset '/Game/import/wardrobe/None' while loading I:/Projekt/PGK/Content/import/wardrobe/wardrobe4.uasset.
[2018.01.17-20.49.02:344][  0]LoadErrors:Error: Error /Game/import/wardrobe/wardrobe4 : Can't find file for asset. /Game/import/wardrobe/None
[2018.01.17-20.49.02:523][  0]LogLinker:Warning: Can't find file '/Game/import/wardrobe/None'
[2018.01.17-20.49.02:523][  0]LoadErrors: Info Failed to load /Game/import/wardrobe/None.Material_0 Referenced by wardrobe4
[2018.01.17-20.49.02:524][  0]LogLinker:Warning: Can't find file for asset '/Game/import/wardrobe/None' while loading NULL.
[2018.01.17-20.49.02:524][  0]LoadErrors: Info Failed to load /Game/import/wardrobe/None.Material_0 Referenced by wardrobe4
[2018.01.17-20.49.02:524][  0]LogLinker:Warning: Can't find file '/Game/import/wardrobe/wardrobe3_Skeleton'
[2018.01.17-20.49.02:524][  0]LoadErrors: Info Failed to load /Game/import/wardrobe/wardrobe3_Skeleton.wardrobe3_Skeleton Referenced by wardrobe3
[2018.01.17-20.49.02:524][  0]LogLinker:Warning: Can't find file for asset '/Game/import/wardrobe/wardrobe3_Skeleton' while loading NULL.
[2018.01.17-20.49.02:524][  0]LoadErrors: Info Failed to load /Game/import/wardrobe/wardrobe3_Skeleton.wardrobe3_Skeleton Referenced by wardrobe3
[2018.01.17-20.49.02:525][  0]LogLinker:Warning: Can't find file '/Game/import/wardrobe/wardrobe3_PhysicsAsset'
[2018.01.17-20.49.02:525][  0]LoadErrors: Info Failed to load /Game/import/wardrobe/wardrobe3_PhysicsAsset.wardrobe3_PhysicsAsset Referenced by wardrobe3
[2018.01.17-20.49.02:525][  0]LogLinker:Warning: Can't find file for asset '/Game/import/wardrobe/wardrobe3_PhysicsAsset' while loading NULL.
[2018.01.17-20.49.02:525][  0]LoadErrors: Info Failed to load /Game/import/wardrobe/wardrobe3_PhysicsAsset.wardrobe3_PhysicsAsset Referenced by wardrobe3
[2018.01.17-20.49.02:525][  0]LogLinker:Warning: Can't find file '/Game/import/wardrobe/st_gold'
[2018.01.17-20.49.02:525][  0]LoadErrors: Info Failed to load /Game/import/wardrobe/st_gold.st_gold Referenced by wardrobe3
[2018.01.17-20.49.02:525][  0]LogLinker:Warning: Can't find file for asset '/Game/import/wardrobe/st_gold' while loading NULL.
[2018.01.17-20.49.02:525][  0]LoadErrors: Info Failed to load /Game/import/wardrobe/st_gold.st_gold Referenced by wardrobe3
[2018.01.17-20.49.02:525][  0]LogLinker:Warning: Can't find file '/Game/import/wardrobe/box'
[2018.01.17-20.49.02:525][  0]LoadErrors: Info Failed to load /Game/import/wardrobe/box.box Referenced by wardrobe3
[2018.01.17-20.49.02:525][  0]LogLinker:Warning: Can't find file for asset '/Game/import/wardrobe/box' while loading NULL.
[2018.01.17-20.49.02:525][  0]LoadErrors: Info Failed to load /Game/import/wardrobe/box.box Referenced by wardrobe3
[2018.01.17-20.49.02:536][  0]LogLinker:Warning: Can't find file '/Game/import/wardrobe/lambert2'
[2018.01.17-20.49.02:536][  0]LoadErrors: Info Failed to load /Game/import/wardrobe/lambert2.lambert2 Referenced by wardrobe
[2018.01.17-20.49.02:536][  0]LogLinker:Warning: Can't find file for asset '/Game/import/wardrobe/lambert2' while loading NULL.
[2018.01.17-20.49.02:536][  0]LoadErrors: Info Failed to load /Game/import/wardrobe/lambert2.lambert2 Referenced by wardrobe
[2018.01.17-20.49.02:541][  0]LogLinker:Warning: Can't find file '/Game/import/bed/Main'
[2018.01.17-20.49.02:541][  0]LoadErrors: Info Failed to load /Game/import/bed/Main.Main Referenced by BunkFBX
[2018.01.17-20.49.02:541][  0]LogLinker:Warning: Can't find file for asset '/Game/import/bed/Main' while loading NULL.
[2018.01.17-20.49.02:541][  0]LoadErrors: Info Failed to load /Game/import/bed/Main.Main Referenced by BunkFBX
[2018.01.17-20.49.02:542][  0]LogLinker:Warning: Can't find file '/Game/import/bed/Bed'
[2018.01.17-20.49.02:542][  0]LoadErrors: Info Failed to load /Game/import/bed/Bed.Bed Referenced by BunkFBX
[2018.01.17-20.49.02:542][  0]LogLinker:Warning: Can't find file for asset '/Game/import/bed/Bed' while loading NULL.
[2018.01.17-20.49.02:542][  0]LoadErrors: Info Failed to load /Game/import/bed/Bed.Bed Referenced by BunkFBX
[2018.01.17-20.49.02:542][  0]LogLinker:Warning: Can't find file '/Game/import/bed/Drawer'
[2018.01.17-20.49.02:542][  0]LoadErrors: Info Failed to load /Game/import/bed/Drawer.Drawer Referenced by BunkFBX
[2018.01.17-20.49.02:542][  0]LogLinker:Warning: Can't find file for asset '/Game/import/bed/Drawer' while loading NULL.
[2018.01.17-20.49.02:542][  0]LoadErrors: Info Failed to load /Game/import/bed/Drawer.Drawer Referenced by BunkFBX
[2018.01.17-20.49.02:542][  0]LogLinker:Warning: Can't find file '/Game/import/bed/Metal'
[2018.01.17-20.49.02:542][  0]LoadErrors: Info Failed to load /Game/import/bed/Metal.Metal Referenced by BunkFBX
[2018.01.17-20.49.02:542][  0]LogLinker:Warning: Can't find file for asset '/Game/import/bed/Metal' while loading NULL.
[2018.01.17-20.49.02:542][  0]LoadErrors: Info Failed to load /Game/import/bed/Metal.Metal Referenced by BunkFBX
[2018.01.17-20.49.03:132][  0]LogMaterial: Missing cached shader map for material st_tile, compiling. 
[2018.01.17-20.49.03:133][  0]LogMaterial:Warning: Failed to compile Material /Game/import/kibel/st_tile.st_tile for platform PCD3D_SM5, Default Material will be used in game.
[2018.01.17-20.49.03:133][  0]LogMaterial:Warning: 	(Node TextureSample) TextureSample> Sampler type is Normal, should be Color for /Game/import/kibel/Dirt_map.Dirt_map
[2018.01.17-20.49.03:598][  0]LogAIModule: Creating AISystem for world FirstPersonExampleMap
[2018.01.17-20.49.03:685][  0]LogEditorServer: Finished looking for orphan Actors (0.000 secs)
[2018.01.17-20.49.03:709][  0]Cmd: MAP CHECKDEP NOCLEARLOG
[2018.01.17-20.49.03:791][  0]MapCheck: Info Map check complete: 0 Error(s), 0 Warning(s), took 82.505ms to complete.
[2018.01.17-20.49.03:792][  0]LogFileHelpers: Loading map 'FirstPersonExampleMap' took 2.015
[2018.01.17-20.49.03:927][  0]LogCollectionManager: Loaded 0 collections in 0.001968 seconds
[2018.01.17-20.49.04:010][  0]LogFileCache: Scanning file cache for directory 'I:/Projekt/PGK/Saved/Collections/' took 0.01s
[2018.01.17-20.49.04:010][  0]LogFileCache: Scanning file cache for directory 'I:/Projekt/PGK/Content/Developers/Robert/Collections/' took 0.01s
[2018.01.17-20.49.04:010][  0]LogFileCache: Scanning file cache for directory 'I:/Projekt/PGK/Content/Collections/' took 0.01s
[2018.01.17-20.49.04:010][  0]LogCollectionManager: Rebuilt the GUID cache for 0 collections in 0.000003 seconds
[2018.01.17-20.49.04:023][  0]LogContentBrowser: Native class hierarchy populated in 0.0125 seconds. Added 2329 classes and 491 folders.
[2018.01.17-20.49.04:083][  0]LogContentBrowser: Native class hierarchy updated for 'WidgetCarousel' in 0.0007 seconds. Added 0 classes and 0 folders.
[2018.01.17-20.49.04:137][  0]LogContentBrowser: Native class hierarchy updated for 'AddContentDialog' in 0.0008 seconds. Added 0 classes and 0 folders.
[2018.01.17-20.49.04:177][  0]LogContentBrowser: Native class hierarchy updated for 'SceneOutliner' in 0.0010 seconds. Added 1 classes and 2 folders.
[2018.01.17-20.49.04:216][  0]LogCrashTracker: Crashtracker disabled due to settings.
[2018.01.17-20.49.04:223][  0]LogSlate: Took 0.000364 seconds to synchronously load lazily loaded font '../../../Engine/Content/Slate/Fonts/Roboto-Regular.ttf' (155K)
[2018.01.17-20.49.04:226][  0]LogSlate: Took 0.000237 seconds to synchronously load lazily loaded font '../../../Engine/Content/Slate/Fonts/Roboto-Bold.ttf' (160K)
[2018.01.17-20.49.04:230][  0]LogSlate: Took 0.000280 seconds to synchronously load lazily loaded font '../../../Engine/Content/Editor/Slate/Fonts/FontAwesome.ttf' (139K)
[2018.01.17-20.49.04:352][  0]LogRenderer: Reallocating scene render targets to support 1180x600 NumSamples 1 (Frame:1).
[2018.01.17-20.49.04:642][  0]LogUObjectGlobals:Warning: Failed to find object 'Class None.'
[2018.01.17-20.49.04:711][  0]LogContentBrowser: Native class hierarchy updated for 'HierarchicalLODOutliner' in 0.0007 seconds. Added 1 classes and 2 folders.
[2018.01.17-20.49.04:711][  0]LogLoad: (Engine Initialization) Total time: 22.47 seconds
[2018.01.17-20.49.04:711][  0]LogLoad: (Engine Initialization) Total Blueprint compile time: 0.22 seconds
[2018.01.17-20.49.04:711][  0]LogExternalProfiler: No external profilers were discovered.  External profiling features will not be available.
[2018.01.17-20.49.04:750][  0]LogOcInput: OculusInput pre-init called
[2018.01.17-20.49.04:750][  0]LogHMD: Starting GearVRController plugin
[2018.01.17-20.49.04:784][  0]LogContentStreaming: Texture pool size now 1000 MB
[2018.01.17-20.49.04:854][  0]LogSlate: Took 0.000349 seconds to synchronously load lazily loaded font '../../../Engine/Content/Slate/Fonts/Roboto-Light.ttf' (159K)
[2018.01.17-20.49.04:900][  1]LogFileCache: Retrieving MD5 hashes for directory 'I:/Projekt/PGK/Content/' took 0.14s
[2018.01.17-20.49.04:997][  2]LogAssetRegistry: Asset discovery search completed in 13.0820 seconds
[2018.01.17-20.49.05:004][  2]LogCollectionManager: Rebuilt the object cache for 0 collections in 0.000001 seconds (found 0 objects)
[2018.01.17-20.49.05:004][  2]LogCollectionManager: Fixed up redirectors for 0 collections in 0.000064 seconds (updated 0 objects)
[2018.01.17-20.49.31:550][492]LogMaterial: Missing cached shader map for material 1_Mat, compiling. 
[2018.01.17-20.49.59:852][ 58]LogMaterial: Missing cached shader map for material 2_Mat, compiling. 
[2018.01.17-20.50.05:748][306]LogMaterial: Missing cached shader map for material 3_Mat, compiling. 
[2018.01.17-20.50.10:433][489]LogMaterial: Missing cached shader map for material 4_Mat, compiling. 
[2018.01.17-20.50.15:629][638]LogMaterial: Missing cached shader map for material 5_Mat, compiling. 
[2018.01.17-20.50.20:753][712]LogSlate: Took 0.000478 seconds to synchronously load lazily loaded font '../../../Engine/Content/Slate/Fonts/Roboto-Light.ttf' (159K)
[2018.01.17-20.50.20:830][712]Cmd: OBJ SAVEPACKAGE PACKAGE="/Game/import/history/5_Mat" FILE="I:/Projekt/PGK/Content/import/history/5_Mat.uasset" SILENT=true
[2018.01.17-20.50.20:875][712]LogSavePackage: Save=41.95ms
[2018.01.17-20.50.20:875][712]LogSavePackage: Moving 'I:/Projekt/PGK/Saved/5_MatF374FBB8401036173AC8E290ED175C1B.tmp' to 'I:/Projekt/PGK/Content/import/history/5_Mat.uasset'
[2018.01.17-20.50.20:880][712]LogSavePackage:Display: Finished SavePackage I:/Projekt/PGK/Content/import/history/5_Mat.uasset
[2018.01.17-20.50.22:028][729]Cmd: OBJ SAVEPACKAGE PACKAGE="/Game/import/history/5_Mat" FILE="I:/Projekt/PGK/Content/import/history/5_Mat.uasset" SILENT=true
[2018.01.17-20.50.22:041][729]LogSavePackage: Save=3.72ms
[2018.01.17-20.50.22:041][729]LogSavePackage: Moving 'I:/Projekt/PGK/Saved/5_Mat4E51E72B485595783E53C99F285D0BAE.tmp' to 'I:/Projekt/PGK/Content/import/history/5_Mat.uasset'
[2018.01.17-20.50.22:043][729]LogSavePackage:Display: Finished SavePackage I:/Projekt/PGK/Content/import/history/5_Mat.uasset
[2018.01.17-20.50.23:654][755]LogEditorViewport: Clicking on Actor (LMB): StaticMeshActor (Cube5)
[2018.01.17-20.54.21:739][466]Cmd: OBJ SAVEPACKAGE PACKAGE="/Game/FirstPersonBP/Maps/FirstPersonExampleMap" FILE="I:/Projekt/PGK/Content/FirstPersonBP/Maps/FirstPersonExampleMap.umap" SILENT=true AUTOSAVING=false KEEPDIRTY=false
[2018.01.17-20.54.23:208][466]LogSavePackage: Save=1426.91ms
[2018.01.17-20.54.23:208][466]LogSavePackage: Moving 'I:/Projekt/PGK/Saved/FirstPersonExampleMap68875E1A480B265FAF513B92F04F0E86.tmp' to 'I:/Projekt/PGK/Content/FirstPersonBP/Maps/FirstPersonExampleMap.umap'
[2018.01.17-20.54.23:210][466]LogSavePackage:Display: Finished SavePackage I:/Projekt/PGK/Content/FirstPersonBP/Maps/FirstPersonExampleMap.umap
[2018.01.17-20.54.23:236][466]Cmd: OBJ SAVEPACKAGE PACKAGE="/Game/FirstPersonBP/Maps/FirstPersonExampleMap_BuiltData" FILE="I:/Projekt/PGK/Content/FirstPersonBP/Maps/FirstPersonExampleMap_BuiltData.uasset" SILENT=true
[2018.01.17-20.54.23:243][466]LogSavePackage: Save=1.82ms
[2018.01.17-20.54.23:243][466]LogSavePackage: Moving 'I:/Projekt/PGK/Saved/FirstPersonExampleMap_BuiltDataA6E4C7374A377C577483C48C840647F8.tmp' to 'I:/Projekt/PGK/Content/FirstPersonBP/Maps/FirstPersonExampleMap_BuiltData.uasset'
[2018.01.17-20.54.23:244][466]LogSavePackage:Display: Finished SavePackage I:/Projekt/PGK/Content/FirstPersonBP/Maps/FirstPersonExampleMap_BuiltData.uasset
[2018.01.17-20.54.25:888][482]Cmd: OBJ SAVEPACKAGE PACKAGE="/Game/import/history/1_Mat" FILE="I:/Projekt/PGK/Content/import/history/1_Mat.uasset" SILENT=true
[2018.01.17-20.54.25:905][482]LogSavePackage: Save=15.73ms
[2018.01.17-20.54.25:905][482]LogSavePackage: Moving 'I:/Projekt/PGK/Saved/1_MatEFDCA2274DC15C860ED258BD4E7DC491.tmp' to 'I:/Projekt/PGK/Content/import/history/1_Mat.uasset'
[2018.01.17-20.54.25:909][482]LogSavePackage:Display: Finished SavePackage I:/Projekt/PGK/Content/import/history/1_Mat.uasset
[2018.01.17-20.54.25:962][482]Cmd: OBJ SAVEPACKAGE PACKAGE="/Game/import/history/2_Mat" FILE="I:/Projekt/PGK/Content/import/history/2_Mat.uasset" SILENT=true
[2018.01.17-20.54.26:028][482]LogSavePackage: Save=15.17ms
[2018.01.17-20.54.26:028][482]LogSavePackage: Moving 'I:/Projekt/PGK/Saved/2_Mat14E0C3824672FB50A4AD35B37B8DBB00.tmp' to 'I:/Projekt/PGK/Content/import/history/2_Mat.uasset'
[2018.01.17-20.54.26:030][482]LogSavePackage:Display: Finished SavePackage I:/Projekt/PGK/Content/import/history/2_Mat.uasset
[2018.01.17-20.54.26:080][482]Cmd: OBJ SAVEPACKAGE PACKAGE="/Game/import/history/3_Mat" FILE="I:/Projekt/PGK/Content/import/history/3_Mat.uasset" SILENT=true
[2018.01.17-20.54.26:095][482]LogSavePackage: Save=14.30ms
[2018.01.17-20.54.26:095][482]LogSavePackage: Moving 'I:/Projekt/PGK/Saved/3_MatE19DD07D4FE2AF8A7E634085151031DE.tmp' to 'I:/Projekt/PGK/Content/import/history/3_Mat.uasset'
[2018.01.17-20.54.26:097][482]LogSavePackage:Display: Finished SavePackage I:/Projekt/PGK/Content/import/history/3_Mat.uasset
[2018.01.17-20.54.26:146][482]Cmd: OBJ SAVEPACKAGE PACKAGE="/Game/import/history/4_Mat" FILE="I:/Projekt/PGK/Content/import/history/4_Mat.uasset" SILENT=true
[2018.01.17-20.54.26:162][482]LogSavePackage: Save=15.16ms
[2018.01.17-20.54.26:162][482]LogSavePackage: Moving 'I:/Projekt/PGK/Saved/4_MatB29F49184A6125667E8A87912745196F.tmp' to 'I:/Projekt/PGK/Content/import/history/4_Mat.uasset'
[2018.01.17-20.54.26:164][482]LogSavePackage:Display: Finished SavePackage I:/Projekt/PGK/Content/import/history/4_Mat.uasset
[2018.01.17-20.54.26:252][482]LogWindowsTextInputMethodSystem:Display: IME system now deactivated.
[2018.01.17-20.54.26:608][483]Cmd: QUIT_EDITOR
[2018.01.17-20.54.26:838][483]LogExit: Preparing to exit.
[2018.01.17-20.54.28:086][483]LogExit: Editor shut down
[2018.01.17-20.54.28:090][483]LogExit: Transaction tracking system shut down
[2018.01.17-20.54.28:942][483]LogObj: Freed 0b from 0 cluster array pools.
[2018.01.17-20.54.28:942][483]LogExit: Object subsystem successfully closed.
[2018.01.17-20.54.28:973][483]LogD3D11RHI: Shutdown
[2018.01.17-20.54.28:973][483]LogD3D11RHI: CleanupD3DDevice
[2018.01.17-20.54.29:240][483]LogD3D11RHI: ~FD3D11DynamicRHI
[2018.01.17-20.54.29:903][483]LogModuleManager: Shutting down and abandoning module HierarchicalLODOutliner (524)
[2018.01.17-20.54.29:909][483]LogModuleManager: Shutting down and abandoning module CrashTracker (522)
[2018.01.17-20.54.29:909][483]LogModuleManager: Shutting down and abandoning module SceneOutliner (520)
[2018.01.17-20.54.29:909][483]LogModuleManager: Shutting down and abandoning module AddContentDialog (518)
[2018.01.17-20.54.29:909][483]LogDirectoryWatcher: A directory notification for 'P:/silnik/UE_4.16/FeaturePacks/' was aborted.
[2018.01.17-20.54.29:911][483]LogModuleManager: Shutting down and abandoning module WidgetCarousel (517)
[2018.01.17-20.54.29:911][483]LogModuleManager: Shutting down and abandoning module EditorWidgets (514)
[2018.01.17-20.54.29:911][483]LogModuleManager: Shutting down and abandoning module CollectionManager (512)
[2018.01.17-20.54.29:911][483]LogDirectoryWatcher: A directory notification for 'I:/Projekt/PGK/Content/Collections/' was aborted.
[2018.01.17-20.54.29:911][483]LogDirectoryWatcher: A directory notification for 'I:/Projekt/PGK/Content/Developers/Robert/Collections/' was aborted.
[2018.01.17-20.54.29:911][483]LogDirectoryWatcher: A directory notification for 'I:/Projekt/PGK/Saved/Collections/' was aborted.
[2018.01.17-20.54.29:911][483]LogModuleManager: Shutting down and abandoning module StatsViewer (510)
[2018.01.17-20.54.29:911][483]LogModuleManager: Shutting down and abandoning module FoliageEdit (508)
[2018.01.17-20.54.29:911][483]LogModuleManager: Shutting down and abandoning module LandscapeEditor (506)
[2018.01.17-20.54.29:930][483]LogModuleManager: Shutting down and abandoning module MeshPaintMode (504)
[2018.01.17-20.54.29:930][483]LogModuleManager: Shutting down and abandoning module SceneDepthPickerMode (502)
[2018.01.17-20.54.29:930][483]LogModuleManager: Shutting down and abandoning module ActorPickerMode (500)
[2018.01.17-20.54.29:930][483]LogModuleManager: Shutting down and abandoning module GeometryMode (498)
[2018.01.17-20.54.29:930][483]LogModuleManager: Shutting down and abandoning module TextureAlignMode (496)
[2018.01.17-20.54.29:930][483]LogModuleManager: Shutting down and abandoning module BspMode (494)
[2018.01.17-20.54.29:943][483]LogModuleManager: Shutting down and abandoning module HardwareSurvey (492)
[2018.01.17-20.54.29:946][483]LogModuleManager: Shutting down and abandoning module SequenceRecorderSections (490)
[2018.01.17-20.54.29:950][483]LogModuleManager: Shutting down and abandoning module AutomationWorker (488)
[2018.01.17-20.54.29:960][483]LogModuleManager: Shutting down and abandoning module MatineeToLevelSequence (486)
[2018.01.17-20.54.29:995][483]LogModuleManager: Shutting down and abandoning module LevelSequenceEditor (484)
[2018.01.17-20.54.30:086][483]LogModuleManager: Shutting down and abandoning module PlacementMode (483)
[2018.01.17-20.54.30:086][483]LogModuleManager: Shutting down and abandoning module WmfMediaFactory (480)
[2018.01.17-20.54.30:086][483]LogModuleManager: Shutting down and abandoning module WmfMediaEditor (478)
[2018.01.17-20.54.30:086][483]LogModuleManager: Shutting down and abandoning module AvfMediaFactory (476)
[2018.01.17-20.54.30:086][483]LogModuleManager: Shutting down and abandoning module AvfMediaEditor (474)
[2018.01.17-20.54.30:086][483]LogModuleManager: Shutting down and abandoning module AndroidMediaFactory (472)
[2018.01.17-20.54.30:086][483]LogModuleManager: Shutting down and abandoning module Media (471)
[2018.01.17-20.54.30:086][483]LogModuleManager: Shutting down and abandoning module AndroidMediaEditor (468)
[2018.01.17-20.54.30:086][483]LogModuleManager: Shutting down and abandoning module CharacterAI (466)
[2018.01.17-20.54.30:086][483]LogModuleManager: Shutting down and abandoning module AudioCapture (464)
[2018.01.17-20.54.30:101][483]LogModuleManager: Shutting down and abandoning module SequenceRecorder (463)
[2018.01.17-20.54.30:101][483]LogModuleManager: Shutting down and abandoning module SmartSnapping (460)
[2018.01.17-20.54.30:101][483]LogModuleManager: Shutting down and abandoning module SessionServices (458)
[2018.01.17-20.54.30:101][483]LogModuleManager: Shutting down and abandoning module ViewportSnapping (456)
[2018.01.17-20.54.30:101][483]LogModuleManager: Shutting down and abandoning module ViewportInteraction (454)
[2018.01.17-20.54.30:101][483]LogModuleManager: Shutting down and abandoning module ClothPainter (452)
[2018.01.17-20.54.30:173][483]LogModuleManager: Shutting down and abandoning module LogVisualizer (450)
[2018.01.17-20.54.30:208][483]LogModuleManager: Shutting down and abandoning module IntroTutorials (448)
[2018.01.17-20.54.30:247][483]LogModuleManager: Shutting down and abandoning module GameProjectGeneration (447)
[2018.01.17-20.54.30:247][483]LogModuleManager: Shutting down and abandoning module EditorLiveStreaming (444)
[2018.01.17-20.54.30:247][483]LogModuleManager: Shutting down and abandoning module IOSPlatformEditor (442)
[2018.01.17-20.54.30:253][483]LogModuleManager: Shutting down and abandoning module HTML5PlatformEditor (440)
[2018.01.17-20.54.30:253][483]LogModuleManager: Shutting down and abandoning module AndroidPlatformEditor (438)
[2018.01.17-20.54.30:253][483]LogModuleManager: Shutting down and abandoning module AndroidDeviceDetection (437)
[2018.01.17-20.54.30:307][483]LogModuleManager: Shutting down and abandoning module IOSRuntimeSettings (434)
[2018.01.17-20.54.30:308][483]LogModuleManager: Shutting down and abandoning module AndroidRuntimeSettings (432)
[2018.01.17-20.54.30:308][483]LogModuleManager: Shutting down and abandoning module InputBindingEditor (430)
[2018.01.17-20.54.30:353][483]LogModuleManager: Shutting down and abandoning module MergeActors (428)
[2018.01.17-20.54.30:357][483]LogModuleManager: Shutting down and abandoning module SizeMap (426)
[2018.01.17-20.54.30:357][483]LogModuleManager: Shutting down and abandoning module TreeMap (424)
[2018.01.17-20.54.30:370][483]LogModuleManager: Shutting down and abandoning module ReferenceViewer (422)
[2018.01.17-20.54.30:383][483]LogModuleManager: Shutting down and abandoning module LocalizationDashboard (420)
[2018.01.17-20.54.30:403][483]LogModuleManager: Shutting down and abandoning module LocalizationService (419)
[2018.01.17-20.54.30:410][483]LogModuleManager: Shutting down and abandoning module HardwareTargeting (416)
[2018.01.17-20.54.30:410][483]LogModuleManager: Shutting down and abandoning module DeviceProfileEditor (414)
[2018.01.17-20.54.30:422][483]LogModuleManager: Shutting down and abandoning module UndoHistory (412)
[2018.01.17-20.54.30:432][483]LogModuleManager: Shutting down and abandoning module UserFeedback (410)
[2018.01.17-20.54.30:432][483]LogModuleManager: Shutting down and abandoning module XmlParser (408)
[2018.01.17-20.54.30:443][483]LogModuleManager: Shutting down and abandoning module Blutility (406)
[2018.01.17-20.54.30:446][483]LogModuleManager: Shutting down and abandoning module ProjectSettingsViewer (404)
[2018.01.17-20.54.30:446][483]LogModuleManager: Shutting down and abandoning module ProjectTargetPlatformEditor (403)
[2018.01.17-20.54.30:446][483]LogModuleManager: Shutting down and abandoning module EditorSettingsViewer (400)
[2018.01.17-20.54.30:446][483]LogModuleManager: Shutting down and abandoning module SettingsEditor (398)
[2018.01.17-20.54.30:456][483]LogModuleManager: Shutting down and abandoning module ProjectLauncher (396)
[2018.01.17-20.54.30:492][483]LogModuleManager: Shutting down and abandoning module SessionFrontend (394)
[2018.01.17-20.54.30:510][483]LogModuleManager: Shutting down and abandoning module ProfilerClient (392)
[2018.01.17-20.54.30:536][483]LogModuleManager: Shutting down and abandoning module DeviceManager (390)
[2018.01.17-20.54.30:546][483]LogModuleManager: Shutting down and abandoning module TargetDeviceServices (389)
[2018.01.17-20.54.30:588][483]LogModuleManager: Shutting down and abandoning module AutomationController (386)
[2018.01.17-20.54.30:626][483]LogModuleManager: Shutting down and abandoning module AutomationWindow (384)
[2018.01.17-20.54.30:651][483]LogModuleManager: Shutting down and abandoning module Layers (382)
[2018.01.17-20.54.30:691][483]LogModuleManager: Shutting down and abandoning module ComponentVisualizers (380)
[2018.01.17-20.54.30:691][483]LogModuleManager: Shutting down and abandoning module DetailCustomizations (378)
[2018.01.17-20.54.30:691][483]LogModuleManager: Shutting down and abandoning module PackagesDialog (376)
[2018.01.17-20.54.30:692][483]LogModuleManager: Shutting down and abandoning module Persona (374)
[2018.01.17-20.54.30:731][483]LogModuleManager: Shutting down and abandoning module AdvancedPreviewScene (373)
[2018.01.17-20.54.30:731][483]LogModuleManager: Shutting down and abandoning module AnimGraph (371)
[2018.01.17-20.54.30:731][483]LogModuleManager: Shutting down and abandoning module Kismet (368)
[2018.01.17-20.54.30:732][483]LogModuleManager: Shutting down and abandoning module ClassViewer (366)
[2018.01.17-20.54.30:732][483]LogModuleManager: Shutting down and abandoning module Toolbox (364)
[2018.01.17-20.54.30:744][483]LogModuleManager: Shutting down and abandoning module ModuleUI (362)
[2018.01.17-20.54.30:756][483]LogModuleManager: Shutting down and abandoning module MovieSceneTools (360)
[2018.01.17-20.54.30:756][483]LogModuleManager: Shutting down and abandoning module OutputLog (358)
[2018.01.17-20.54.30:779][483]LogModuleManager: Shutting down and abandoning module GammaUI (356)
[2018.01.17-20.54.30:788][483]LogModuleManager: Shutting down and abandoning module Documentation (354)
[2018.01.17-20.54.30:789][483]LogModuleManager: Shutting down and abandoning module MovieSceneTracks (352)
[2018.01.17-20.54.30:789][483]LogModuleManager: Shutting down and abandoning module MovieScene (350)
[2018.01.17-20.54.30:789][483]LogModuleManager: Shutting down and abandoning module Niagara (348)
[2018.01.17-20.54.30:789][483]LogModuleManager: Shutting down and abandoning module NiagaraEditor (347)
[2018.01.17-20.54.30:827][483]LogModuleManager: Shutting down and abandoning module StreamingPauseRendering (344)
[2018.01.17-20.54.30:827][483]LogModuleManager: Shutting down and abandoning module AnalyticsET (342)
[2018.01.17-20.54.30:827][483]LogModuleManager: Shutting down and abandoning module PortalServices (340)
[2018.01.17-20.54.30:827][483]LogModuleManager: Shutting down and abandoning module PortalRpc (338)
[2018.01.17-20.54.30:827][483]LogModuleManager: Shutting down and abandoning module MessagingRpc (336)
[2018.01.17-20.54.30:827][483]LogModuleManager: Shutting down and abandoning module AIModule (334)
[2018.01.17-20.54.30:827][483]LogModuleManager: Shutting down and abandoning module GameplayDebugger (333)
[2018.01.17-20.54.30:827][483]LogModuleManager: Shutting down and abandoning module AITestSuite (331)
[2018.01.17-20.54.30:837][483]LogModuleManager: Shutting down and abandoning module ProfilerService (328)
[2018.01.17-20.54.31:059][483]LogModuleManager: Shutting down and abandoning module TaskGraph (326)
[2018.01.17-20.54.31:108][483]LogModuleManager: Shutting down and abandoning module SteamVRController (324)
[2018.01.17-20.54.31:108][483]LogModuleManager: Shutting down and abandoning module SteamVR (322)
[2018.01.17-20.54.31:108][483]LogModuleManager: Shutting down and abandoning module ProceduralMeshComponentEditor (320)
[2018.01.17-20.54.31:118][483]LogModuleManager: Shutting down and abandoning module ProceduralMeshComponent (318)
[2018.01.17-20.54.31:122][483]LogModuleManager: Shutting down and abandoning module OculusLibrary (316)
[2018.01.17-20.54.31:122][483]LogModuleManager: Shutting down and abandoning module OculusInput (314)
[2018.01.17-20.54.31:122][483]LogModuleManager: Shutting down and abandoning module MobilePatchingUtils (312)
[2018.01.17-20.54.31:122][483]LogModuleManager: Shutting down and abandoning module CustomMeshComponent (310)
[2018.01.17-20.54.31:122][483]LogModuleManager: Shutting down and abandoning module CableComponent (308)
[2018.01.17-20.54.31:134][483]LogModuleManager: Shutting down and abandoning module ArchVisCharacter (306)
[2018.01.17-20.54.31:134][483]LogModuleManager: Shutting down and abandoning module AndroidPermission (304)
[2018.01.17-20.54.31:134][483]LogModuleManager: Shutting down and abandoning module MediaPlayerEditor (300)
[2018.01.17-20.54.31:151][483]LogModuleManager: Shutting down and abandoning module HTML5Networking (298)
[2018.01.17-20.54.31:151][483]LogModuleManager: Shutting down and abandoning module AlembicImporter (296)
[2018.01.17-20.54.31:162][483]LogModuleManager: Shutting down and abandoning module AlembicLibrary (295)
[2018.01.17-20.54.31:162][483]LogModuleManager: Shutting down and abandoning module GeometryCache (294)
[2018.01.17-20.54.31:167][483]LogModuleManager: Shutting down and abandoning module GeometryCacheEd (293)
[2018.01.17-20.54.31:167][483]LogModuleManager: Shutting down and abandoning module SuperSearchEditor (288)
[2018.01.17-20.54.31:167][483]LogModuleManager: Shutting down and abandoning module SuperSearch (287)
[2018.01.17-20.54.31:167][483]LogModuleManager: Shutting down and abandoning module SpeedTreeImporter (284)
[2018.01.17-20.54.31:167][483]LogModuleManager: Shutting down and abandoning module PluginBrowser (282)
[2018.01.17-20.54.31:186][483]LogModuleManager: Shutting down and abandoning module MobileLauncherProfileWizard (280)
[2018.01.17-20.54.31:212][483]LogModuleManager: Shutting down and abandoning module VisualStudioSourceCodeAccess (278)
[2018.01.17-20.54.31:218][483]LogModuleManager: Shutting down and abandoning module DesktopPlatform (277)
[2018.01.17-20.54.31:218][483]LogModuleManager: Shutting down and abandoning module UObjectPlugin (274)
[2018.01.17-20.54.31:218][483]LogModuleManager: Shutting down and abandoning module SubversionSourceControl (272)
[2018.01.17-20.54.31:226][483]LogModuleManager: Shutting down and abandoning module PerforceSourceControl (270)
[2018.01.17-20.54.31:254][483]LogModuleManager: Shutting down and abandoning module GitSourceControl (268)
[2018.01.17-20.54.31:268][483]LogModuleManager: Shutting down and abandoning module SourceControl (267)
[2018.01.17-20.54.31:268][483]LogModuleManager: Shutting down and abandoning module LightPropagationVolumeEditor (264)
[2018.01.17-20.54.31:268][483]LogModuleManager: Shutting down and abandoning module PaperTiledImporter (262)
[2018.01.17-20.54.31:268][483]LogModuleManager: Shutting down and abandoning module PaperSpriteSheetImporter (260)
[2018.01.17-20.54.31:268][483]LogModuleManager: Shutting down and abandoning module Paper2DEditor (258)
[2018.01.17-20.54.31:279][483]LogModuleManager: Shutting down and abandoning module MeshPaint (257)
[2018.01.17-20.54.31:294][483]LogModuleManager: Shutting down and abandoning module LevelEditor (255)
[2018.01.17-20.54.31:318][483]LogModuleManager: Shutting down and abandoning module PixelInspectorModule (254)
[2018.01.17-20.54.31:332][483]LogModuleManager: Shutting down and abandoning module MainFrame (252)
[2018.01.17-20.54.31:341][483]LogModuleManager: Shutting down and abandoning module HotReload (251)
[2018.01.17-20.54.31:346][483]LogModuleManager: Shutting down and abandoning module PhysXVehiclesEditor (246)
[2018.01.17-20.54.31:356][483]LogModuleManager: Shutting down and abandoning module PhysXVehicles (244)
[2018.01.17-20.54.31:356][483]LogModuleManager: Shutting down and abandoning module LocationServicesBPLibrary (242)
[2018.01.17-20.54.31:356][483]LogModuleManager: Shutting down and abandoning module ImmediatePhysicsEditor (240)
[2018.01.17-20.54.31:356][483]LogModuleManager: Shutting down and abandoning module ImmediatePhysics (238)
[2018.01.17-20.54.31:370][483]LogModuleManager: Shutting down and abandoning module UdpMessaging (236)
[2018.01.17-20.54.31:471][483]LogModuleManager: Shutting down and abandoning module TcpMessaging (234)
[2018.01.17-20.54.31:599][483]LogModuleManager: Shutting down and abandoning module GameplayTagsEditor (232)
[2018.01.17-20.54.31:689][483]LogModuleManager: Shutting down and abandoning module FacialAnimationEditor (230)
[2018.01.17-20.54.31:693][483]LogModuleManager: Shutting down and abandoning module FacialAnimation (228)
[2018.01.17-20.54.31:693][483]LogModuleManager: Shutting down and abandoning module AssetManagerEditor (226)
[2018.01.17-20.54.31:701][483]LogModuleManager: Shutting down and abandoning module GraphEditor (225)
[2018.01.17-20.54.31:702][483]LogModuleManager: Shutting down and abandoning module ContentBrowser (223)
[2018.01.17-20.54.31:704][483]LogModuleManager: Shutting down and abandoning module LightPropagationVolumeRuntime (220)
[2018.01.17-20.54.31:704][483]LogModuleManager: Shutting down and abandoning module Paper2D (218)
[2018.01.17-20.54.31:709][483]LogModuleManager: Shutting down and abandoning module WindowsMoviePlayer (216)
[2018.01.17-20.54.31:709][483]LogModuleManager: Shutting down and abandoning module WmfMedia (214)
[2018.01.17-20.54.31:720][483]LogModuleManager: Shutting down and abandoning module ClothingSystemEditor (212)
[2018.01.17-20.54.31:720][483]LogModuleManager: Shutting down and abandoning module ClothingSystemRuntime (210)
[2018.01.17-20.54.31:732][483]LogModuleManager: Shutting down and abandoning module MediaAssets (208)
[2018.01.17-20.54.31:732][483]LogModuleManager: Shutting down and abandoning module GameLiveStreaming (206)
[2018.01.17-20.54.31:737][483]LogModuleManager: Shutting down and abandoning module VREditor (204)
[2018.01.17-20.54.31:741][483]LogModuleManager: Shutting down and abandoning module StringTableEditor (202)
[2018.01.17-20.54.31:759][483]LogModuleManager: Shutting down and abandoning module GameplayTasksEditor (200)
[2018.01.17-20.54.31:759][483]LogModuleManager: Shutting down and abandoning module BehaviorTreeEditor (198)
[2018.01.17-20.54.31:804][483]LogModuleManager: Shutting down and abandoning module FunctionalTesting (196)
[2018.01.17-20.54.31:804][483]LogModuleManager: Shutting down and abandoning module CollisionAnalyzer (194)
[2018.01.17-20.54.31:815][483]LogModuleManager: Shutting down and abandoning module UMG (192)
[2018.01.17-20.54.31:815][483]LogModuleManager: Shutting down and abandoning module UMGEditor (191)
[2018.01.17-20.54.31:815][483]LogModuleManager: Shutting down and abandoning module Sequencer (190)
[2018.01.17-20.54.31:815][483]LogModuleManager: Shutting down and abandoning module AssetTools (188)
[2018.01.17-20.54.31:835][483]LogModuleManager: Shutting down and abandoning module MessageLog (187)
[2018.01.17-20.54.31:835][483]LogModuleManager: Shutting down and abandoning module WorkspaceMenuStructure (186)
[2018.01.17-20.54.31:835][483]LogModuleManager: Shutting down and abandoning module SlateReflector (180)
[2018.01.17-20.54.31:863][483]LogModuleManager: Shutting down and abandoning module Slate (178)
[2018.01.17-20.54.31:863][483]LogModuleManager: Shutting down and abandoning module EditorStyle (176)
[2018.01.17-20.54.31:869][483]LogModuleManager: Shutting down and abandoning module SourceCodeAccess (174)
[2018.01.17-20.54.31:869][483]LogModuleManager: Shutting down and abandoning module HeadMountedDisplay (172)
[2018.01.17-20.54.31:869][483]LogModuleManager: Shutting down and abandoning module XAudio2 (170)
[2018.01.17-20.54.31:869][483]LogModuleManager: Shutting down and abandoning module Networking (168)
[2018.01.17-20.54.31:869][483]LogModuleManager: Shutting down and abandoning module Core (164)
[2018.01.17-20.54.31:869][483]LogModuleManager: Shutting down and abandoning module AssetRegistry (162)
[2018.01.17-20.54.32:116][483]LogDirectoryWatcher: A directory notification for '../../../Engine/Content/' was aborted.
[2018.01.17-20.54.32:116][483]LogDirectoryWatcher: A directory notification for 'I:/Projekt/PGK/Content/' was aborted.
[2018.01.17-20.54.32:116][483]LogDirectoryWatcher: A directory notification for '../../../Engine/Plugins/2D/Paper2D/Content/' was aborted.
[2018.01.17-20.54.32:116][483]LogDirectoryWatcher: A directory notification for '../../../Engine/Plugins/Runtime/GearVR/Content/' was aborted.
[2018.01.17-20.54.32:142][483]LogModuleManager: Shutting down and abandoning module DirectoryWatcher (161)
[2018.01.17-20.54.32:143][483]LogModuleManager: Shutting down and abandoning module KismetCompiler (158)
[2018.01.17-20.54.32:143][483]LogModuleManager: Shutting down and abandoning module LevelSequence (156)
[2018.01.17-20.54.32:143][483]LogModuleManager: Shutting down and abandoning module PhysXFormats (154)
[2018.01.17-20.54.32:143][483]LogModuleManager: Shutting down and abandoning module MeshUtilities (152)
[2018.01.17-20.54.32:159][483]LogModuleManager: Shutting down and abandoning module SimplygonSwarm (151)
[2018.01.17-20.54.32:171][483]LogModuleManager: Shutting down and abandoning module SimplygonMeshReduction (149)
[2018.01.17-20.54.32:172][483]LogModuleManager: Shutting down and abandoning module QuadricMeshReduction (147)
[2018.01.17-20.54.32:179][483]LogModuleManager: Shutting down and abandoning module DerivedDataCache (144)
[2018.01.17-20.54.32:198][483]LogDerivedDataCache: Shutdown
[2018.01.17-20.54.32:198][483]LogModuleManager: Shutting down and abandoning module TargetPlatform (142)
[2018.01.17-20.54.32:198][483]LogModuleManager: Shutting down and abandoning module VulkanShaderFormat (141)
[2018.01.17-20.54.32:198][483]LogModuleManager: Shutting down and abandoning module ShaderFormatVectorVM (139)
[2018.01.17-20.54.32:198][483]LogModuleManager: Shutting down and abandoning module ShaderFormatOpenGL (137)
[2018.01.17-20.54.32:198][483]LogModuleManager: Shutting down and abandoning module ShaderFormatD3D (135)
[2018.01.17-20.54.32:198][483]LogModuleManager: Shutting down and abandoning module MetalShaderFormat (133)
[2018.01.17-20.54.32:198][483]LogModuleManager: Shutting down and abandoning module TextureFormatUncompressed (131)
[2018.01.17-20.54.32:198][483]LogModuleManager: Shutting down and abandoning module TextureFormatPVR (129)
[2018.01.17-20.54.32:198][483]LogModuleManager: Shutting down and abandoning module TextureFormatDXT (127)
[2018.01.17-20.54.32:198][483]LogModuleManager: Shutting down and abandoning module TextureFormatIntelISPCTexComp (125)
[2018.01.17-20.54.32:199][483]LogModuleManager: Shutting down and abandoning module TextureFormatASTC (123)
[2018.01.17-20.54.32:199][483]LogModuleManager: Shutting down and abandoning module ImageWrapper (122)
[2018.01.17-20.54.32:199][483]LogModuleManager: Shutting down and abandoning module TextureFormatAndroid (119)
[2018.01.17-20.54.32:199][483]LogModuleManager: Shutting down and abandoning module AudioFormatOpus (117)
[2018.01.17-20.54.32:199][483]LogModuleManager: Shutting down and abandoning module AudioFormatOgg (115)
[2018.01.17-20.54.32:199][483]LogModuleManager: Shutting down and abandoning module AudioFormatADPCM (113)
[2018.01.17-20.54.32:199][483]LogModuleManager: Shutting down and abandoning module LinuxTargetPlatform (111)
[2018.01.17-20.54.32:199][483]LogModuleManager: Shutting down and abandoning module LinuxServerTargetPlatform (109)
[2018.01.17-20.54.32:199][483]LogModuleManager: Shutting down and abandoning module LinuxNoEditorTargetPlatform (107)
[2018.01.17-20.54.32:199][483]LogModuleManager: Shutting down and abandoning module LinuxClientTargetPlatform (105)
[2018.01.17-20.54.32:199][483]LogModuleManager: Shutting down and abandoning module TVOSTargetPlatform (103)
[2018.01.17-20.54.32:199][483]LogModuleManager: Shutting down and abandoning module Messaging (101)
[2018.01.17-20.54.32:199][483]LogModuleManager: Shutting down and abandoning module IOSTargetPlatform (99)
[2018.01.17-20.54.32:199][483]LogModuleManager: Shutting down and abandoning module HTML5TargetPlatform (97)
[2018.01.17-20.54.32:199][483]LogModuleManager: Shutting down and abandoning module Android_PVRTCTargetPlatform (95)
[2018.01.17-20.54.32:199][483]LogModuleManager: Shutting down and abandoning module Android_MultiTargetPlatform (93)
[2018.01.17-20.54.32:199][483]LogModuleManager: Shutting down and abandoning module Android_ETC2TargetPlatform (91)
[2018.01.17-20.54.32:199][483]LogModuleManager: Shutting down and abandoning module Android_ETC1TargetPlatform (89)
[2018.01.17-20.54.32:199][483]LogModuleManager: Shutting down and abandoning module Android_DXTTargetPlatform (87)
[2018.01.17-20.54.32:199][483]LogModuleManager: Shutting down and abandoning module Android_ATCTargetPlatform (85)
[2018.01.17-20.54.32:199][483]LogModuleManager: Shutting down and abandoning module Android_ASTCTargetPlatform (83)
[2018.01.17-20.54.32:199][483]LogModuleManager: Shutting down and abandoning module AndroidTargetPlatform (81)
[2018.01.17-20.54.32:199][483]LogModuleManager: Shutting down and abandoning module WindowsTargetPlatform (79)
[2018.01.17-20.54.32:199][483]LogModuleManager: Shutting down and abandoning module WindowsServerTargetPlatform (77)
[2018.01.17-20.54.32:199][483]LogModuleManager: Shutting down and abandoning module WindowsNoEditorTargetPlatform (75)
[2018.01.17-20.54.32:200][483]LogModuleManager: Shutting down and abandoning module WindowsClientTargetPlatform (73)
[2018.01.17-20.54.32:200][483]LogModuleManager: Shutting down and abandoning module MacTargetPlatform (71)
[2018.01.17-20.54.32:200][483]LogModuleManager: Shutting down and abandoning module MacServerTargetPlatform (69)
[2018.01.17-20.54.32:200][483]LogModuleManager: Shutting down and abandoning module MacNoEditorTargetPlatform (67)
[2018.01.17-20.54.32:200][483]LogModuleManager: Shutting down and abandoning module MacClientTargetPlatform (65)
[2018.01.17-20.54.32:200][483]LogModuleManager: Shutting down and abandoning module AllDesktopTargetPlatform (63)
[2018.01.17-20.54.32:200][483]LogModuleManager: Shutting down and abandoning module InputCore (60)
[2018.01.17-20.54.32:200][483]LogModuleManager: Shutting down and abandoning module Settings (58)
[2018.01.17-20.54.32:200][483]LogModuleManager: Shutting down and abandoning module OculusRift (56)
[2018.01.17-20.54.32:200][483]LogModuleManager: Shutting down and abandoning module GearVRController (54)
[2018.01.17-20.54.32:200][483]LogModuleManager: Shutting down and abandoning module GearVR (52)
[2018.01.17-20.54.32:200][483]LogModuleManager: Shutting down and abandoning module ExampleDeviceProfileSelector (50)
[2018.01.17-20.54.32:200][483]LogModuleManager: Shutting down and abandoning module OnlineBlueprintSupport (48)
[2018.01.17-20.54.32:200][483]LogModuleManager: Shutting down and abandoning module OnlineSubsystem (44)
[2018.01.17-20.54.32:200][483]LogOnline:Display: Unloading online subsystem: NULL
[2018.01.17-20.54.32:217][483]LogModuleManager: Shutting down and abandoning module XMPP (43)
[2018.01.17-20.54.32:218][483]LogModuleManager: Shutting down and abandoning module HTTP (41)
[2018.01.17-20.54.32:218][483]LogHttp:Display: Http module shutting down, but needs to wait on 1 outstanding Http requests:
[2018.01.17-20.54.32:218][483]LogHttp:Display: 	verb=[POST] url=[https://datarouter.ol.epicgames.com/datarouter/api/v1/public/data?SessionID=%7B45361ED3-4447-4681-3CE7-BBA99C413F2B%7D&AppID=UEEditor.Rocket.Release&AppVersion=4.16.3-3561208%2B%2B%2BUE4%2BRelease-4.16&UserID=29637ffe4c58a1c3c8e01ea6909a8eb4%7C4b55de0784454aa7bd2b02757aa35777%7C0a577216-477d-4061-b982-e092ed939e1e&AppEnvironment=datacollector-binary&UploadType=eteventstream] status=Processing
[2018.01.17-20.54.32:231][483]LogModuleManager: Shutting down and abandoning module SSL (40)
[2018.01.17-20.54.32:233][483]LogModuleManager: Shutting down and abandoning module HTTPChunkInstaller (36)
[2018.01.17-20.54.32:233][483]LogModuleManager: Shutting down and abandoning module AnimationModifiers (34)
[2018.01.17-20.54.32:233][483]LogModuleManager: Shutting down and abandoning module PropertyEditor (33)
[2018.01.17-20.54.32:233][483]LogModuleManager: Shutting down and abandoning module AudioEditor (30)
[2018.01.17-20.54.32:233][483]LogModuleManager: Shutting down and abandoning module TextureCompressor (28)
[2018.01.17-20.54.32:233][483]LogModuleManager: Shutting down and abandoning module ShaderCore (26)
[2018.01.17-20.54.32:233][483]LogModuleManager: Shutting down and abandoning module Landscape (24)
[2018.01.17-20.54.32:233][483]LogModuleManager: Shutting down and abandoning module SlateRHIRenderer (22)
[2018.01.17-20.54.32:234][483]LogModuleManager: Shutting down and abandoning module OpenGLDrv (20)
[2018.01.17-20.54.32:234][483]LogModuleManager: Shutting down and abandoning module D3D11RHI (18)
[2018.01.17-20.54.32:234][483]LogModuleManager: Shutting down and abandoning module AnimGraphRuntime (16)
[2018.01.17-20.54.32:234][483]LogModuleManager: Shutting down and abandoning module Renderer (14)
[2018.01.17-20.54.32:234][483]LogModuleManager: Shutting down and abandoning module Engine (12)
[2018.01.17-20.54.32:234][483]LogModuleManager: Shutting down and abandoning module CoreUObject (10)
[2018.01.17-20.54.32:234][483]LogModuleManager: Shutting down and abandoning module NetworkFile (8)
[2018.01.17-20.54.32:234][483]LogModuleManager: Shutting down and abandoning module StreamingFile (6)
[2018.01.17-20.54.32:234][483]LogModuleManager: Shutting down and abandoning module SandboxFile (4)
[2018.01.17-20.54.32:234][483]LogModuleManager: Shutting down and abandoning module PakFile (2)
[2018.01.17-20.54.32:236][483]LogExit: Exiting.
[2018.01.17-20.54.32:251][483]Log file closed, 01/17/18 21:54:32
