Log file open, 01/09/18 10:16:58
LogInit:Display: Running engine for game: PGK
LogPlatformFile: Not using cached read wrapper
LogInit:Display: RandInit(-77041125) SRandInit(-77041125).
LogTaskGraph: Started task graph with 5 named threads and 8 total threads with 1 sets of task threads.
LogStats: Stats thread started at 0.179096
LogInit: Using libcurl 7.47.1
LogInit:  - built for x86_64-pc-win32
LogInit:  - supports SSL with OpenSSL/1.0.2g
LogInit:  - supports HTTP deflate (compression) using libz 1.2.8
LogInit:  - other features:
LogInit:      CURL_VERSION_SSL
LogInit:      CURL_VERSION_LIBZ
LogInit:      CURL_VERSION_IPV6
LogInit:      CURL_VERSION_ASYNCHDNS
LogInit:      CURL_VERSION_LARGEFILE
LogInit:      CURL_VERSION_IDN
LogInit:  CurlRequestOptions (configurable via config and command line):
LogInit:  - bVerifyPeer = false  - Libcurl will NOT verify peer certificate
LogInit:  - bUseHttpProxy = false  - Libcurl will NOT use HTTP proxy
LogInit:  - bDontReuseConnections = false  - Libcurl will reuse connections
LogInit:  - CertBundlePath = nullptr  - Libcurl will use whatever was configured at build time.
LogInit: Build: ++UE4+Release-4.16-CL-3561208
LogInit: Engine Version: 4.16.3-3561208+++UE4+Release-4.16
LogInit: Compatible Engine Version: 4.16.0-3452394+++UE4+Release-4.16
LogInit: Net CL: 3452394
LogDevObjectVersion: Number of dev versions registered: 16
LogDevObjectVersion:   Dev-Blueprints (B0D832E4-1F89-4F0D-ACCF-7EB736FD4AA2): 9
LogDevObjectVersion:   Dev-Build (E1C64328-A22C-4D53-A36C-8E866417BD8C): 0
LogDevObjectVersion:   Dev-Core (375EC13C-06E4-48FB-B500-84F0262A717E): 2
LogDevObjectVersion:   Dev-Editor (E4B068ED-F494-42E9-A231-DA0B2E46BB41): 17
LogDevObjectVersion:   Dev-Framework (CFFC743F-43B0-4480-9391-14DF171D2073): 23
LogDevObjectVersion:   Dev-Mobile (B02B49B5-BB20-44E9-A304-32B752E40360): 0
LogDevObjectVersion:   Dev-Networking (A4E4105C-59A1-49B5-A7C5-40C4547EDFEE): 0
LogDevObjectVersion:   Dev-Online (39C831C9-5AE6-47DC-9A44-9C173E1C8E7C): 0
LogDevObjectVersion:   Dev-Physics (78F01B33-EBEA-4F98-B9B4-84EACCB95AA2): 0
LogDevObjectVersion:   Dev-Platform (6631380F-2D4D-43E0-8009-CF276956A95A): 0
LogDevObjectVersion:   Dev-Rendering (12F88B9F-8875-4AFC-A67C-D90C383ABD29): 15
LogDevObjectVersion:   Dev-Sequencer (7B5AE74C-D270-4C10-A958-57980B212A5A): 4
LogDevObjectVersion:   Dev-VR (D7296918-1DD6-4BDD-9DE2-64A83CC13884): 0
LogDevObjectVersion:   Dev-LoadTimes (C2A15278-BFE7-4AFE-6C17-90FF531DF755): 1
LogDevObjectVersion:   Private-Geometry (6EACA3D4-40EC-4CC1-B786-8BED09428FC5): 1
LogDevObjectVersion:   Dev-AnimPhys (29E575DD-E0A3-4627-9D10-D276232CDCEA): 3
LogInit: Compiled (64-bit): Jul 28 2017 11:49:47
LogInit: Compiled with Visual C++: 19.00.24215.01
LogInit: Build Configuration: Development
LogInit: Branch Name: ++UE4+Release-4.16
LogInit: Command line: -EpicPortal 
LogInit: Base directory: P:/silnik/UE_4.16/Engine/Binaries/Win64/
LogInit: Installed Engine Build: 1
LogInit: Presizing for max 8388607 objects, including 0 objects not considered by GC, pre-allocating 0 bytes for permanent pool.
LogInit: Object subsystem initialized
[2018.01.09-09.16.59:130][  0]LogInit: Selected Device Profile: [Windows]
[2018.01.09-09.16.59:130][  0]LogInit: Applying CVar settings loaded from the selected device profile: [Windows]
[2018.01.09-09.16.59:187][  0]LogInit: Computer: GROBKOMP
[2018.01.09-09.16.59:187][  0]LogInit: User: Robert
[2018.01.09-09.16.59:187][  0]LogInit: CPU Page size=4096, Cores=4
[2018.01.09-09.16.59:187][  0]LogInit: High frequency timer resolution =2.249998 MHz
[2018.01.09-09.16.59:188][  0]LogMemory: Memory total: Physical=7.9GB (8GB approx)
[2018.01.09-09.16.59:188][  0]LogMemory: Platform Memory Stats for Windows
[2018.01.09-09.16.59:188][  0]LogMemory: Process Physical Memory: 275.79 MB used, 275.79 MB peak
[2018.01.09-09.16.59:188][  0]LogMemory: Process Virtual Memory: 266.77 MB used, 266.77 MB peak
[2018.01.09-09.16.59:188][  0]LogMemory: Physical Memory: 4682.81 MB used,  3427.39 MB free, 8110.20 MB total
[2018.01.09-09.16.59:188][  0]LogMemory: Virtual Memory: 663.04 MB used,  3427.39 MB free, 134217728.00 MB total
[2018.01.09-09.16.59:337][  0]LogInit: Using OS detected language (pl-PL).
[2018.01.09-09.16.59:337][  0]LogInit: Using OS detected locale (pl-PL).
[2018.01.09-09.16.59:344][  0]LogTextLocalizationManager: No localization for 'pl-PL' exists, so 'en' will be used for the language.
[2018.01.09-09.16.59:345][  0]LogTextLocalizationManager: No localization for 'pl-PL' exists, so 'en' will be used for the locale.
[2018.01.09-09.17.01:293][  0]LogD3D11RHI: D3D11 adapters:
[2018.01.09-09.17.02:585][  0]LogD3D11RHI:    0. 'NVIDIA GeForce GTX 960M' (Feature Level 11_0)
[2018.01.09-09.17.02:585][  0]LogD3D11RHI:       2017/0/4055 MB DedicatedVideo/DedicatedSystem/SharedSystem, Outputs:1, VendorId:0x10de
[2018.01.09-09.17.02:602][  0]LogD3D11RHI:    1. 'Intel(R) HD Graphics 530' (Feature Level 11_0)
[2018.01.09-09.17.02:602][  0]LogD3D11RHI:       128/0/4055 MB DedicatedVideo/DedicatedSystem/SharedSystem, Outputs:0, VendorId:0x8086
[2018.01.09-09.17.02:606][  0]LogD3D11RHI:    2. 'Microsoft Basic Render Driver' (Feature Level 11_0)
[2018.01.09-09.17.02:606][  0]LogD3D11RHI:       0/0/4055 MB DedicatedVideo/DedicatedSystem/SharedSystem, Outputs:0, VendorId:0x1414
[2018.01.09-09.17.02:606][  0]LogD3D11RHI: Chosen D3D11 Adapter: 0
[2018.01.09-09.17.02:616][  0]LogD3D11RHI: Creating new Direct3DDevice
[2018.01.09-09.17.02:616][  0]LogD3D11RHI:     GPU DeviceId: 0x139b (for the marketing name, search the web for "GPU Device Id")
[2018.01.09-09.17.02:616][  0]LogWindows: EnumDisplayDevices:
[2018.01.09-09.17.02:616][  0]LogWindows:    0. 'Intel(R) HD Graphics 530' (P:1 D:1)
[2018.01.09-09.17.02:616][  0]LogWindows:    1. 'Intel(R) HD Graphics 530' (P:0 D:0)
[2018.01.09-09.17.02:617][  0]LogWindows:    2. 'Intel(R) HD Graphics 530' (P:0 D:0)
[2018.01.09-09.17.02:617][  0]LogWindows:    3. 'NVIDIA GeForce GTX 960M' (P:0 D:0)
[2018.01.09-09.17.02:617][  0]LogWindows:    4. 'NVIDIA GeForce GTX 960M' (P:0 D:0)
[2018.01.09-09.17.02:618][  0]LogWindows:    5. 'NVIDIA GeForce GTX 960M' (P:0 D:0)
[2018.01.09-09.17.02:618][  0]LogWindows:    6. 'NVIDIA GeForce GTX 960M' (P:0 D:0)
[2018.01.09-09.17.02:618][  0]LogWindows: DebugString: GetVideoDriverDetailsInvalid PrimaryIsNotTheChoosenAdapter GetVideoDriverDetailsInvalid PrimaryIsNotTheChoosenAdapter GetVideoDriverDetailsInvalid PrimaryIsNotTheChoosenAdapter GetVideoDriverDetailsInvalid PrimaryIsNotTheChoosenAdapter GetVideoDriverDetailsInvalid PrimaryIsNotTheChoosenAdapter GetVideoDriverDetailsInvalid PrimaryIsNotTheChoosenAdapter GetVideoDriverDetailsInvalid PrimaryIsNotTheChoosenAdapter FoundDriverCount:0 
[2018.01.09-09.17.02:618][  0]LogD3D11RHI:     Adapter Name: NVIDIA GeForce GTX 960M
[2018.01.09-09.17.02:618][  0]LogD3D11RHI:   Driver Version: Unknown (internal:Unknown, unified:Unknown)
[2018.01.09-09.17.02:618][  0]LogD3D11RHI:      Driver Date: Unknown
[2018.01.09-09.17.02:618][  0]LogRHI: Texture pool is 1361 MB (70% of 1945 MB)
[2018.01.09-09.17.03:822][  0]LogD3D11RHI: Async texture creation enabled
[2018.01.09-09.17.04:264][  0]LogD3D11RHI: GPU Timing Frequency: 1000.000000 (Debug: 2 1)
[2018.01.09-09.17.04:267][  0]LogShaderCompilers: Guid format shader working directory is 33 characters bigger than the processId version (I:/Projekt/PGK/Intermediate/Shaders/WorkingDirectory/5140/).
[2018.01.09-09.17.04:268][  0]LogShaderCompilers: Cleaned the shader compiler working directory 'C:/Users/Robert/AppData/Local/Temp/UnrealShaderWorkingDir/80923B1040EDEE8C0B1D8F9C25803924/'.
[2018.01.09-09.17.04:268][  0]LogShaderCompilers:Display: Using Local Shader Compiler.
[2018.01.09-09.17.06:736][  0]LogTemp:Display: Loaded TP AllDesktopTargetPlatform
[2018.01.09-09.17.06:829][  0]LogTemp:Display: Loaded TP MacClientTargetPlatform
[2018.01.09-09.17.06:920][  0]LogTemp:Display: Loaded TP MacNoEditorTargetPlatform
[2018.01.09-09.17.07:015][  0]LogTemp:Display: Loaded TP MacServerTargetPlatform
[2018.01.09-09.17.07:107][  0]LogTemp:Display: Loaded TP MacTargetPlatform
[2018.01.09-09.17.07:198][  0]LogTemp:Display: Loaded TP WindowsClientTargetPlatform
[2018.01.09-09.17.07:290][  0]LogTemp:Display: Loaded TP WindowsNoEditorTargetPlatform
[2018.01.09-09.17.07:382][  0]LogTemp:Display: Loaded TP WindowsServerTargetPlatform
[2018.01.09-09.17.07:460][  0]LogTemp:Display: Loaded TP WindowsTargetPlatform
[2018.01.09-09.17.07:547][  0]LogTemp:Display: Loaded TP AndroidTargetPlatform
[2018.01.09-09.17.07:635][  0]LogTemp:Display: Loaded TP Android_ASTCTargetPlatform
[2018.01.09-09.17.07:725][  0]LogTemp:Display: Loaded TP Android_ATCTargetPlatform
[2018.01.09-09.17.07:814][  0]LogTemp:Display: Loaded TP Android_DXTTargetPlatform
[2018.01.09-09.17.07:902][  0]LogTemp:Display: Loaded TP Android_ETC1TargetPlatform
[2018.01.09-09.17.07:990][  0]LogTemp:Display: Loaded TP Android_ETC2TargetPlatform
[2018.01.09-09.17.08:167][  0]LogTemp:Display: Loaded TP Android_MultiTargetPlatform
[2018.01.09-09.17.08:167][  0]LogTemp:Display: Loaded TP Android_PVRTCTargetPlatform
[2018.01.09-09.17.08:233][  0]LogTemp:Display: Loaded TP HTML5TargetPlatform
[2018.01.09-09.17.08:381][  0]LogTemp:Display: Loaded TP IOSTargetPlatform
[2018.01.09-09.17.08:433][  0]LogTemp:Display: Loaded TP TVOSTargetPlatform
[2018.01.09-09.17.08:521][  0]LogTemp:Display: Loaded TP LinuxClientTargetPlatform
[2018.01.09-09.17.08:608][  0]LogTemp:Display: Loaded TP LinuxNoEditorTargetPlatform
[2018.01.09-09.17.08:696][  0]LogTemp:Display: Loaded TP LinuxServerTargetPlatform
[2018.01.09-09.17.08:784][  0]LogTemp:Display: Loaded TP LinuxTargetPlatform
[2018.01.09-09.17.08:784][  0]LogTargetPlatformManager:Display: Building Assets For Windows
[2018.01.09-09.17.09:645][  0]LogDerivedDataCache:Display: Max Cache Size: 512 MB
[2018.01.09-09.17.09:811][  0]LogDerivedDataCache: Loaded boot cache 0.17s 100MB C:/Users/Robert/AppData/Local/UnrealEngine/4.16/DerivedDataCache/Boot.ddc.
[2018.01.09-09.17.09:811][  0]LogDerivedDataCache:Display: Loaded Boot cache: C:/Users/Robert/AppData/Local/UnrealEngine/4.16/DerivedDataCache/Boot.ddc
[2018.01.09-09.17.09:811][  0]LogDerivedDataCache: FDerivedDataBackendGraph:  Pak pak cache file I:/Projekt/PGK/DerivedDataCache/DDC.ddp not found, will not use a pak cache.
[2018.01.09-09.17.09:811][  0]LogDerivedDataCache: Unable to find inner node Pak for hierarchical cache Hierarchy.
[2018.01.09-09.17.09:811][  0]LogDerivedDataCache: FDerivedDataBackendGraph:  CompressedPak pak cache file I:/Projekt/PGK/DerivedDataCache/Compressed.ddp not found, will not use a pak cache.
[2018.01.09-09.17.09:811][  0]LogDerivedDataCache: Unable to find inner node CompressedPak for hierarchical cache Hierarchy.
[2018.01.09-09.17.09:845][  0]LogDerivedDataCache:Display: Pak cache opened for reading ../../../Engine/DerivedDataCache/Compressed.ddp.
[2018.01.09-09.17.09:860][  0]LogDerivedDataCache: Using Local data cache path C:/Users/Robert/AppData/Local/UnrealEngine/Common/DerivedDataCache: Writable
[2018.01.09-09.17.09:931][  0]LogMaterial: Verifying Global Shaders for PCD3D_SM5
[2018.01.09-09.17.09:931][  0]LogSlate: Using Freetype 2.6.0
[2018.01.09-09.17.09:934][  0]LogSlate: SlateFontCache - WITH_FREETYPE: 1, WITH_HARFBUZZ: 1
[2018.01.09-09.17.09:934][  0]LogSlate: SlateFontCache - WITH_FREETYPE: 1, WITH_HARFBUZZ: 1
[2018.01.09-09.17.10:759][  0]LogInit: Selected Device Profile: [Windows]
[2018.01.09-09.17.10:889][  0]LogContentStreaming: Texture pool size is 0.00 MB
[2018.01.09-09.17.11:220][  0]LogMeshUtilities: Using QuadricMeshReduction for automatic static mesh reduction
[2018.01.09-09.17.11:297][  0]LogSimplygon: Simplygon DLL not present - disabling.
[2018.01.09-09.17.11:407][  0]LogMeshUtilities: Using SimplygonSwarm for distributed automatic mesh merging
[2018.01.09-09.17.11:407][  0]LogMeshUtilities: No automatic skeletal mesh reduction module available
[2018.01.09-09.17.11:407][  0]LogMeshUtilities: No automatic mesh merging module available
[2018.01.09-09.17.12:875][  0]LogNetVersion: PGK , NetCL: 3452394, EngineNetVer: 2, GameNetVer: 0 (Checksum: 3392332418)
[2018.01.09-09.17.12:994][  0]LogAssetRegistry: FAssetRegistry took 0.0324 seconds to start up
[2018.01.09-09.17.13:067][  0]LogPackageLocalizationCache: Processed 4 localized package path(s) for 1 prioritized culture(s) in 0.037012 seconds
[2018.01.09-09.17.13:077][  0]LogUObjectArray: 34194 objects as part of root set at end of initial load.
[2018.01.09-09.17.13:077][  0]LogUObjectAllocator: 7260424 out of 0 bytes used by permanent object pool.
[2018.01.09-09.17.13:077][  0]LogUObjectArray: CloseDisregardForGC: 0/0 objects in disregard for GC pool
[2018.01.09-09.17.13:182][  0]LogInit: WinSock: version 1.1 (2.2), MaxSocks=32767, MaxUdp=65467
[2018.01.09-09.17.18:055][  0]LogTcpMessaging: Initializing TcpMessaging bridge
[2018.01.09-09.17.18:124][  0]LogUdpMessaging: Initializing bridge on interface 0.0.0.0:0 to multicast group 230.0.0.1:6666.
[2018.01.09-09.17.19:090][  0]LogMaterial: Uniform references updated for custom material expression Custom.
[2018.01.09-09.17.19:861][  0]SourceControl: Info Source control is disabled
[2018.01.09-09.17.19:863][  0]SourceControl: Info Source control is disabled
[2018.01.09-09.17.19:955][  0]SourceControl: Info Source control is disabled
[2018.01.09-09.17.20:048][  0]SourceControl: Info Source control is disabled
[2018.01.09-09.17.21:478][  0]LogAndroidPermission: UAndroidPermissionCallbackProxy::GetInstance
[2018.01.09-09.17.22:621][  0]LogEngine: Initializing Engine...
[2018.01.09-09.17.22:623][  0]LogHMD: Failed to initialize OpenVR with code 110
[2018.01.09-09.17.22:992][  0]LogStats: UGameplayTagsManager::ConstructGameplayTagTree: Construct from data asset -  0.000 s
[2018.01.09-09.17.22:992][  0]LogStats: UGameplayTagsManager::ConstructGameplayTagTree: GameplayTagTreeChangedEvent.Broadcast -  0.000 s
[2018.01.09-09.17.23:216][  0]LogAIModule: Creating AISystem for world Untitled
[2018.01.09-09.17.23:236][  0]LogInit: XAudio2 using 'Głośniki (Realtek High Definition Audio)' : 2 channels at 48 kHz using 32 bits per sample (channel mask 0x3)
[2018.01.09-09.17.23:346][  0]LogInit: FAudioDevice initialized.
[2018.01.09-09.17.23:444][  0]LogDerivedDataCache: Saved boot cache 0.10s 100MB C:/Users/Robert/AppData/Local/UnrealEngine/4.16/DerivedDataCache/Boot.ddc.
[2018.01.09-09.17.23:468][  0]LogInit: Texture streaming: Enabled
[2018.01.09-09.17.23:628][  0]LogEngineSessionManager: EngineSessionManager initialized
[2018.01.09-09.17.24:021][  0]LogInit: Transaction tracking system initialized
[2018.01.09-09.17.24:569][  0]BlueprintLog: New page: Editor Load
[2018.01.09-09.17.26:203][  0]LocalizationService: Info Localization service is disabled
[2018.01.09-09.17.27:397][  0]LogConsoleResponse:Display: 
[2018.01.09-09.17.28:547][  0]LogCook:Display: Max memory allowance for cook 16384mb min free memory 0mb
[2018.01.09-09.17.28:547][  0]LogCook:Display: Mobile HDR setting 1
[2018.01.09-09.17.29:870][  0]LogFileCache: Scanning file cache for directory 'I:/Projekt/PGK/Content/' took 0.08s
[2018.01.09-09.17.31:066][  0]SourceControl: Info Source control is disabled
[2018.01.09-09.17.31:066][  0]Cmd: MAP LOAD FILE="I:/Projekt/PGK/Content/FirstPersonBP/Maps/FirstPersonExampleMap.umap" TEMPLATE=0 SHOWPROGRESS=1 FEATURELEVEL=3
[2018.01.09-09.17.31:103][  0]LightingResults: New page: Lighting Build
[2018.01.09-09.17.31:219][  0]MapCheck: New page: Map Check
[2018.01.09-09.17.31:219][  0]LightingResults: New page: Lighting Build
[2018.01.09-09.17.44:530][  0]LogMaterial: Missing cached shader map for material st_tile, compiling. 
[2018.01.09-09.17.44:575][  0]LogMaterial:Warning: Failed to compile Material /Game/import/kibel/st_tile.st_tile for platform PCD3D_SM5, Default Material will be used in game.
[2018.01.09-09.17.44:575][  0]LogMaterial:Warning: 	(Node TextureSample) TextureSample> Sampler type is Normal, should be Color for /Game/import/kibel/Dirt_map.Dirt_map
[2018.01.09-09.17.48:737][  0]LogAIModule: Creating AISystem for world FirstPersonExampleMap
[2018.01.09-09.17.51:152][  0]LogEditorServer: Finished looking for orphan Actors (0.000 secs)
[2018.01.09-09.17.51:226][  0]Cmd: MAP CHECKDEP NOCLEARLOG
[2018.01.09-09.17.51:456][  0]MapCheck: Info Map check complete: 0 Error(s), 0 Warning(s), took 229.375ms to complete.
[2018.01.09-09.17.51:456][  0]LogFileHelpers: Loading map 'FirstPersonExampleMap' took 20.390
[2018.01.09-09.17.52:504][  0]LogCollectionManager: Loaded 0 collections in 0.006474 seconds
[2018.01.09-09.17.53:072][  0]LogFileCache: Scanning file cache for directory 'I:/Projekt/PGK/Saved/Collections/' took 0.01s
[2018.01.09-09.17.53:072][  0]LogFileCache: Scanning file cache for directory 'I:/Projekt/PGK/Content/Developers/Robert/Collections/' took 0.01s
[2018.01.09-09.17.53:072][  0]LogFileCache: Scanning file cache for directory 'I:/Projekt/PGK/Content/Collections/' took 0.01s
[2018.01.09-09.17.53:072][  0]LogCollectionManager: Rebuilt the GUID cache for 0 collections in 0.000004 seconds
[2018.01.09-09.17.53:144][  0]LogContentBrowser: Native class hierarchy populated in 0.0425 seconds. Added 2329 classes and 491 folders.
[2018.01.09-09.17.53:460][  0]LogContentBrowser: Native class hierarchy updated for 'WidgetCarousel' in 0.0016 seconds. Added 0 classes and 0 folders.
[2018.01.09-09.17.54:627][  0]LogContentBrowser: Native class hierarchy updated for 'AddContentDialog' in 0.0019 seconds. Added 0 classes and 0 folders.
[2018.01.09-09.17.54:813][  0]LogContentBrowser: Native class hierarchy updated for 'SceneOutliner' in 0.0021 seconds. Added 1 classes and 2 folders.
[2018.01.09-09.17.55:350][  0]LogCrashTracker: Crashtracker disabled due to settings.
[2018.01.09-09.17.55:423][  0]LogSlate: Took 0.000690 seconds to synchronously load lazily loaded font '../../../Engine/Content/Slate/Fonts/Roboto-Regular.ttf' (155K)
[2018.01.09-09.17.55:430][  0]LogSlate: Took 0.000736 seconds to synchronously load lazily loaded font '../../../Engine/Content/Slate/Fonts/Roboto-Bold.ttf' (160K)
[2018.01.09-09.17.55:486][  0]LogSlate: Took 0.016150 seconds to synchronously load lazily loaded font '../../../Engine/Content/Editor/Slate/Fonts/FontAwesome.ttf' (139K)
[2018.01.09-09.17.56:152][  0]LogRenderer: Reallocating scene render targets to support 1180x600 NumSamples 1 (Frame:1).
[2018.01.09-09.17.57:557][  0]LogUObjectGlobals:Warning: Failed to find object 'Class None.'
[2018.01.09-09.17.57:695][  0]LogContentBrowser: Native class hierarchy updated for 'HierarchicalLODOutliner' in 0.0020 seconds. Added 1 classes and 2 folders.
[2018.01.09-09.17.57:695][  0]LogLoad: (Engine Initialization) Total time: 63.40 seconds
[2018.01.09-09.17.57:695][  0]LogLoad: (Engine Initialization) Total Blueprint compile time: 0.51 seconds
[2018.01.09-09.17.57:695][  0]LogExternalProfiler: No external profilers were discovered.  External profiling features will not be available.
[2018.01.09-09.17.57:749][  0]LogWindowsTextInputMethodSystem:Display: IME system now deactivated.
[2018.01.09-09.17.57:751][  0]LogOcInput: OculusInput pre-init called
[2018.01.09-09.17.57:751][  0]LogHMD: Starting GearVRController plugin
[2018.01.09-09.17.57:821][  0]LogContentStreaming: Texture pool size now 1000 MB
[2018.01.09-09.17.58:200][  0]LogSlate: Took 0.006701 seconds to synchronously load lazily loaded font '../../../Engine/Content/Slate/Fonts/Roboto-Light.ttf' (159K)
[2018.01.09-09.17.58:283][  1]LogFileCache: Retrieving MD5 hashes for directory 'I:/Projekt/PGK/Content/' took 0.51s
[2018.01.09-09.17.58:642][  4]LogAssetRegistry: Asset discovery search completed in 45.6698 seconds
[2018.01.09-09.17.58:646][  4]LogCollectionManager: Rebuilt the object cache for 0 collections in 0.000002 seconds (found 0 objects)
[2018.01.09-09.17.58:646][  4]LogCollectionManager: Fixed up redirectors for 0 collections in 0.000070 seconds (updated 0 objects)
[2018.01.09-09.22.30:045][292]LogTemp: Repeting last play command: Selected Viewport
[2018.01.09-09.22.35:796][292]LogBlueprintUserMessages: Early PlayInEditor Detection: Level '/Game/FirstPersonBP/Maps/FirstPersonExampleMap.FirstPersonExampleMap:PersistentLevel' has LevelScriptBlueprint '/Game/FirstPersonBP/Maps/FirstPersonExampleMap.FirstPersonExampleMap:PersistentLevel.FirstPersonExampleMap' with GeneratedClass '/Game/FirstPersonBP/Maps/FirstPersonExampleMap.FirstPersonExampleMap_C' with ClassGeneratedBy '/Game/FirstPersonBP/Maps/FirstPersonExampleMap.FirstPersonExampleMap:PersistentLevel.FirstPersonExampleMap'
[2018.01.09-09.22.35:796][292]LogPlayLevel: PlayLevel: No blueprints needed recompiling
[2018.01.09-09.22.35:841][292]PIE: New page: PIE session: FirstPersonExampleMap (Jan 9, 2018, 11:22:35 AM)
[2018.01.09-09.22.35:845][292]LogPlayLevel: Creating play world package: /Game/FirstPersonBP/Maps/UEDPIE_0_FirstPersonExampleMap
[2018.01.09-09.22.36:068][292]LogPlayLevel: PIE: StaticDuplicateObject took: (0.222929s)
[2018.01.09-09.22.36:071][292]LogAIModule: Creating AISystem for world FirstPersonExampleMap
[2018.01.09-09.22.36:071][292]LogPlayLevel: PIE: World Init took: (0.003080s)
[2018.01.09-09.22.36:073][292]LogPlayLevel: PIE: Created PIE world by copying editor world from /Game/FirstPersonBP/Maps/FirstPersonExampleMap.FirstPersonExampleMap to /Game/FirstPersonBP/Maps/UEDPIE_0_FirstPersonExampleMap.FirstPersonExampleMap (0.227479s)
[2018.01.09-09.22.36:114][292]LogInit: XAudio2 using 'Głośniki (Realtek High Definition Audio)' : 2 channels at 48 kHz using 32 bits per sample (channel mask 0x3)
[2018.01.09-09.22.36:157][292]LogInit: FAudioDevice initialized.
[2018.01.09-09.22.36:276][292]LogLoad: Game class is 'FirstPersonGameMode_C'
[2018.01.09-09.22.36:388][292]LogWorld: Bringing World /Game/FirstPersonBP/Maps/UEDPIE_0_FirstPersonExampleMap.FirstPersonExampleMap up for play (max tick rate 60) at 2018.01.09-10.22.36
[2018.01.09-09.22.36:446][292]LogWorld: Bringing up level for play took: 0.146764
[2018.01.09-09.22.36:532][292]LogGameMode: FindPlayerStart: PATHS NOT DEFINED or NO PLAYERSTART with positive rating
[2018.01.09-09.22.36:774][292]LogContentBrowser: Native class hierarchy updated for 'MovieSceneCapture' in 0.0023 seconds. Added 11 classes and 0 folders.
[2018.01.09-09.22.36:804][292]PIE: Info Play in editor start time for /Game/FirstPersonBP/Maps/UEDPIE_0_FirstPersonExampleMap 0.859
[2018.01.09-09.22.36:806][292]LogBlueprintUserMessages: Late PlayInEditor Detection: Level '/Game/FirstPersonBP/Maps/FirstPersonExampleMap.FirstPersonExampleMap:PersistentLevel' has LevelScriptBlueprint '/Game/FirstPersonBP/Maps/FirstPersonExampleMap.FirstPersonExampleMap:PersistentLevel.FirstPersonExampleMap' with GeneratedClass '/Game/FirstPersonBP/Maps/FirstPersonExampleMap.FirstPersonExampleMap_C' with ClassGeneratedBy '/Game/FirstPersonBP/Maps/FirstPersonExampleMap.FirstPersonExampleMap:PersistentLevel.FirstPersonExampleMap'
[2018.01.09-09.24.17:268][ 71]LogBlueprintUserMessages: Early EndPlayMap Detection: Level '/Game/FirstPersonBP/Maps/FirstPersonExampleMap.FirstPersonExampleMap:PersistentLevel' has LevelScriptBlueprint '/Game/FirstPersonBP/Maps/FirstPersonExampleMap.FirstPersonExampleMap:PersistentLevel.FirstPersonExampleMap' with GeneratedClass '/Game/FirstPersonBP/Maps/FirstPersonExampleMap.FirstPersonExampleMap_C' with ClassGeneratedBy '/Game/FirstPersonBP/Maps/FirstPersonExampleMap.FirstPersonExampleMap:PersistentLevel.FirstPersonExampleMap'
[2018.01.09-09.24.17:351][ 71]LogBlueprintUserMessages: Late EndPlayMap Detection: Level '/Game/FirstPersonBP/Maps/FirstPersonExampleMap.FirstPersonExampleMap:PersistentLevel' has LevelScriptBlueprint '/Game/FirstPersonBP/Maps/FirstPersonExampleMap.FirstPersonExampleMap:PersistentLevel.FirstPersonExampleMap' with GeneratedClass '/Game/FirstPersonBP/Maps/FirstPersonExampleMap.FirstPersonExampleMap_C' with ClassGeneratedBy '/Game/FirstPersonBP/Maps/FirstPersonExampleMap.FirstPersonExampleMap:PersistentLevel.FirstPersonExampleMap'
[2018.01.09-09.24.25:596][235]LogSlate: Took 0.014360 seconds to synchronously load lazily loaded font '../../../Engine/Content/Editor/Slate/Fonts/Roboto-Italic.ttf' (157K)
[2018.01.09-09.24.31:957][333]LogSlate: Took 0.000490 seconds to synchronously load lazily loaded font '../../../Engine/Content/Slate/Fonts/Roboto-Light.ttf' (159K)
[2018.01.09-09.24.33:612][333]LogContentBrowser: Native class hierarchy updated for 'BlueprintGraph' in 0.0030 seconds. Added 112 classes and 0 folders.
[2018.01.09-09.24.36:277][333]LogSlate: Took 0.016306 seconds to synchronously load lazily loaded font '../../../Engine/Content/Editor/Slate/Fonts/Roboto-BoldCondensed.ttf' (158K)
[2018.01.09-09.24.59:965][827]LogRenderer: Reallocating scene render targets to support 1180x900 NumSamples 1 (Frame:1).
[2018.01.09-09.25.40:273][258]LogTemp: Repeting last play command: Selected Viewport
[2018.01.09-09.25.40:308][258]LogBlueprintUserMessages: Early PlayInEditor Detection: Level '/Game/FirstPersonBP/Maps/FirstPersonExampleMap.FirstPersonExampleMap:PersistentLevel' has LevelScriptBlueprint '/Game/FirstPersonBP/Maps/FirstPersonExampleMap.FirstPersonExampleMap:PersistentLevel.FirstPersonExampleMap' with GeneratedClass '/Game/FirstPersonBP/Maps/FirstPersonExampleMap.FirstPersonExampleMap_C' with ClassGeneratedBy '/Game/FirstPersonBP/Maps/FirstPersonExampleMap.FirstPersonExampleMap:PersistentLevel.FirstPersonExampleMap'
[2018.01.09-09.25.40:309][258]BlueprintLog: New page: Pre-Play auto-recompile
[2018.01.09-09.25.40:309][258]LogPlayLevel: [PlayLevel] Compiling FirstPersonCharacter before play...
[2018.01.09-09.25.40:766][258]LogPlayLevel: PlayLevel: Blueprint regeneration took 457 ms (1 blueprints)
[2018.01.09-09.25.40:767][258]PIE: New page: PIE session: FirstPersonExampleMap (Jan 9, 2018, 11:25:40 AM)
[2018.01.09-09.25.40:767][258]LogPlayLevel: Creating play world package: /Game/FirstPersonBP/Maps/UEDPIE_0_FirstPersonExampleMap
[2018.01.09-09.25.40:868][258]LogPlayLevel: PIE: StaticDuplicateObject took: (0.101309s)
[2018.01.09-09.25.40:871][258]LogAIModule: Creating AISystem for world FirstPersonExampleMap
[2018.01.09-09.25.40:872][258]LogPlayLevel: PIE: World Init took: (0.003611s)
[2018.01.09-09.25.40:872][258]LogPlayLevel: PIE: Created PIE world by copying editor world from /Game/FirstPersonBP/Maps/FirstPersonExampleMap.FirstPersonExampleMap to /Game/FirstPersonBP/Maps/UEDPIE_0_FirstPersonExampleMap.FirstPersonExampleMap (0.105579s)
[2018.01.09-09.25.40:950][258]LogInit: XAudio2 using 'Głośniki (Realtek High Definition Audio)' : 2 channels at 48 kHz using 32 bits per sample (channel mask 0x3)
[2018.01.09-09.25.40:990][258]LogInit: FAudioDevice initialized.
[2018.01.09-09.25.41:025][258]LogLoad: Game class is 'FirstPersonGameMode_C'
[2018.01.09-09.25.41:048][258]LogWorld: Bringing World /Game/FirstPersonBP/Maps/UEDPIE_0_FirstPersonExampleMap.FirstPersonExampleMap up for play (max tick rate 0) at 2018.01.09-10.25.41
[2018.01.09-09.25.41:050][258]LogWorld: Bringing up level for play took: 0.022665
[2018.01.09-09.25.41:051][258]LogGameMode: FindPlayerStart: PATHS NOT DEFINED or NO PLAYERSTART with positive rating
[2018.01.09-09.25.41:052][258]PIE: Info Play in editor start time for /Game/FirstPersonBP/Maps/UEDPIE_0_FirstPersonExampleMap 1.107
[2018.01.09-09.25.41:053][258]LogBlueprintUserMessages: Late PlayInEditor Detection: Level '/Game/FirstPersonBP/Maps/FirstPersonExampleMap.FirstPersonExampleMap:PersistentLevel' has LevelScriptBlueprint '/Game/FirstPersonBP/Maps/FirstPersonExampleMap.FirstPersonExampleMap:PersistentLevel.FirstPersonExampleMap' with GeneratedClass '/Game/FirstPersonBP/Maps/FirstPersonExampleMap.FirstPersonExampleMap_C' with ClassGeneratedBy '/Game/FirstPersonBP/Maps/FirstPersonExampleMap.FirstPersonExampleMap:PersistentLevel.FirstPersonExampleMap'
[2018.01.09-09.26.03:686][848]LogBlueprintUserMessages: Early EndPlayMap Detection: Level '/Game/FirstPersonBP/Maps/FirstPersonExampleMap.FirstPersonExampleMap:PersistentLevel' has LevelScriptBlueprint '/Game/FirstPersonBP/Maps/FirstPersonExampleMap.FirstPersonExampleMap:PersistentLevel.FirstPersonExampleMap' with GeneratedClass '/Game/FirstPersonBP/Maps/FirstPersonExampleMap.FirstPersonExampleMap_C' with ClassGeneratedBy '/Game/FirstPersonBP/Maps/FirstPersonExampleMap.FirstPersonExampleMap:PersistentLevel.FirstPersonExampleMap'
[2018.01.09-09.26.03:945][848]LogBlueprintUserMessages: Late EndPlayMap Detection: Level '/Game/FirstPersonBP/Maps/FirstPersonExampleMap.FirstPersonExampleMap:PersistentLevel' has LevelScriptBlueprint '/Game/FirstPersonBP/Maps/FirstPersonExampleMap.FirstPersonExampleMap:PersistentLevel.FirstPersonExampleMap' with GeneratedClass '/Game/FirstPersonBP/Maps/FirstPersonExampleMap.FirstPersonExampleMap_C' with ClassGeneratedBy '/Game/FirstPersonBP/Maps/FirstPersonExampleMap.FirstPersonExampleMap:PersistentLevel.FirstPersonExampleMap'
[2018.01.09-09.26.08:837][906]Cmd: OBJ SAVEPACKAGE PACKAGE="/Game/FirstPersonBP/Blueprints/FirstPersonCharacter" FILE="I:/Projekt/PGK/Content/FirstPersonBP/Blueprints/FirstPersonCharacter.uasset" SILENT=true
[2018.01.09-09.26.09:351][906]LogSavePackage: Save=414.68ms
[2018.01.09-09.26.09:351][906]LogSavePackage: Moving 'I:/Projekt/PGK/Saved/FirstPersonCharacter6923FB4B44591902304440BD49AFF4CD.tmp' to 'I:/Projekt/PGK/Content/FirstPersonBP/Blueprints/FirstPersonCharacter.uasset'
[2018.01.09-09.26.09:358][906]LogSavePackage:Display: Finished SavePackage I:/Projekt/PGK/Content/FirstPersonBP/Blueprints/FirstPersonCharacter.uasset
[2018.01.09-09.26.39:676][193]Cmd: OBJ SAVEPACKAGE PACKAGE="/Game/FirstPersonBP/Blueprints/FirstPersonCharacter" FILE="I:/Projekt/PGK/Content/FirstPersonBP/Blueprints/FirstPersonCharacter.uasset" SILENT=true
[2018.01.09-09.26.40:030][193]LogSavePackage: Save=344.89ms
[2018.01.09-09.26.40:030][193]LogSavePackage: Moving 'I:/Projekt/PGK/Saved/FirstPersonCharacterB3A4BD4144821F4C99188DA63F5B8A67.tmp' to 'I:/Projekt/PGK/Content/FirstPersonBP/Blueprints/FirstPersonCharacter.uasset'
[2018.01.09-09.26.40:035][193]LogSavePackage:Display: Finished SavePackage I:/Projekt/PGK/Content/FirstPersonBP/Blueprints/FirstPersonCharacter.uasset
[2018.01.09-09.26.40:500][199]BlueprintLog: New page: Compile FirstPersonCharacter
[2018.01.09-09.26.44:311][252]LogTemp: Repeting last play command: Selected Viewport
[2018.01.09-09.26.44:338][252]LogBlueprintUserMessages: Early PlayInEditor Detection: Level '/Game/FirstPersonBP/Maps/FirstPersonExampleMap.FirstPersonExampleMap:PersistentLevel' has LevelScriptBlueprint '/Game/FirstPersonBP/Maps/FirstPersonExampleMap.FirstPersonExampleMap:PersistentLevel.FirstPersonExampleMap' with GeneratedClass '/Game/FirstPersonBP/Maps/FirstPersonExampleMap.FirstPersonExampleMap_C' with ClassGeneratedBy '/Game/FirstPersonBP/Maps/FirstPersonExampleMap.FirstPersonExampleMap:PersistentLevel.FirstPersonExampleMap'
[2018.01.09-09.26.44:338][252]LogPlayLevel: PlayLevel: No blueprints needed recompiling
[2018.01.09-09.26.44:338][252]PIE: New page: PIE session: FirstPersonExampleMap (Jan 9, 2018, 11:26:44 AM)
[2018.01.09-09.26.44:338][252]LogPlayLevel: Creating play world package: /Game/FirstPersonBP/Maps/UEDPIE_0_FirstPersonExampleMap
[2018.01.09-09.26.44:440][252]LogPlayLevel: PIE: StaticDuplicateObject took: (0.102043s)
[2018.01.09-09.26.44:442][252]LogAIModule: Creating AISystem for world FirstPersonExampleMap
[2018.01.09-09.26.44:442][252]LogPlayLevel: PIE: World Init took: (0.002059s)
[2018.01.09-09.26.44:443][252]LogPlayLevel: PIE: Created PIE world by copying editor world from /Game/FirstPersonBP/Maps/FirstPersonExampleMap.FirstPersonExampleMap to /Game/FirstPersonBP/Maps/UEDPIE_0_FirstPersonExampleMap.FirstPersonExampleMap (0.104958s)
[2018.01.09-09.26.44:513][252]LogInit: XAudio2 using 'Głośniki (Realtek High Definition Audio)' : 2 channels at 48 kHz using 32 bits per sample (channel mask 0x3)
[2018.01.09-09.26.44:551][252]LogInit: FAudioDevice initialized.
[2018.01.09-09.26.44:589][252]LogLoad: Game class is 'FirstPersonGameMode_C'
[2018.01.09-09.26.44:612][252]LogWorld: Bringing World /Game/FirstPersonBP/Maps/UEDPIE_0_FirstPersonExampleMap.FirstPersonExampleMap up for play (max tick rate 0) at 2018.01.09-10.26.44
[2018.01.09-09.26.44:613][252]LogWorld: Bringing up level for play took: 0.022204
[2018.01.09-09.26.44:614][252]LogGameMode: FindPlayerStart: PATHS NOT DEFINED or NO PLAYERSTART with positive rating
[2018.01.09-09.26.44:616][252]PIE: Info Play in editor start time for /Game/FirstPersonBP/Maps/UEDPIE_0_FirstPersonExampleMap 0.67
[2018.01.09-09.26.44:616][252]LogBlueprintUserMessages: Late PlayInEditor Detection: Level '/Game/FirstPersonBP/Maps/FirstPersonExampleMap.FirstPersonExampleMap:PersistentLevel' has LevelScriptBlueprint '/Game/FirstPersonBP/Maps/FirstPersonExampleMap.FirstPersonExampleMap:PersistentLevel.FirstPersonExampleMap' with GeneratedClass '/Game/FirstPersonBP/Maps/FirstPersonExampleMap.FirstPersonExampleMap_C' with ClassGeneratedBy '/Game/FirstPersonBP/Maps/FirstPersonExampleMap.FirstPersonExampleMap:PersistentLevel.FirstPersonExampleMap'
[2018.01.09-09.27.16:819][ 73]LogBlueprintUserMessages: Early EndPlayMap Detection: Level '/Game/FirstPersonBP/Maps/FirstPersonExampleMap.FirstPersonExampleMap:PersistentLevel' has LevelScriptBlueprint '/Game/FirstPersonBP/Maps/FirstPersonExampleMap.FirstPersonExampleMap:PersistentLevel.FirstPersonExampleMap' with GeneratedClass '/Game/FirstPersonBP/Maps/FirstPersonExampleMap.FirstPersonExampleMap_C' with ClassGeneratedBy '/Game/FirstPersonBP/Maps/FirstPersonExampleMap.FirstPersonExampleMap:PersistentLevel.FirstPersonExampleMap'
[2018.01.09-09.27.17:024][ 73]LogBlueprintUserMessages: Late EndPlayMap Detection: Level '/Game/FirstPersonBP/Maps/FirstPersonExampleMap.FirstPersonExampleMap:PersistentLevel' has LevelScriptBlueprint '/Game/FirstPersonBP/Maps/FirstPersonExampleMap.FirstPersonExampleMap:PersistentLevel.FirstPersonExampleMap' with GeneratedClass '/Game/FirstPersonBP/Maps/FirstPersonExampleMap.FirstPersonExampleMap_C' with ClassGeneratedBy '/Game/FirstPersonBP/Maps/FirstPersonExampleMap.FirstPersonExampleMap:PersistentLevel.FirstPersonExampleMap'
[2018.01.09-09.27.53:815][621]Cmd: OBJ SAVEPACKAGE PACKAGE="/Game/FirstPersonBP/Blueprints/FirstPersonCharacter" FILE="I:/Projekt/PGK/Content/FirstPersonBP/Blueprints/FirstPersonCharacter.uasset" SILENT=true
[2018.01.09-09.27.54:182][621]LogSavePackage: Save=354.91ms
[2018.01.09-09.27.54:182][621]LogSavePackage: Moving 'I:/Projekt/PGK/Saved/FirstPersonCharacter9EA55A0A48244E24D46BDB9591A13868.tmp' to 'I:/Projekt/PGK/Content/FirstPersonBP/Blueprints/FirstPersonCharacter.uasset'
[2018.01.09-09.27.54:186][621]LogSavePackage:Display: Finished SavePackage I:/Projekt/PGK/Content/FirstPersonBP/Blueprints/FirstPersonCharacter.uasset
[2018.01.09-09.27.57:696][684]LogTemp: Repeting last play command: Selected Viewport
[2018.01.09-09.27.57:723][684]LogBlueprintUserMessages: Early PlayInEditor Detection: Level '/Game/FirstPersonBP/Maps/FirstPersonExampleMap.FirstPersonExampleMap:PersistentLevel' has LevelScriptBlueprint '/Game/FirstPersonBP/Maps/FirstPersonExampleMap.FirstPersonExampleMap:PersistentLevel.FirstPersonExampleMap' with GeneratedClass '/Game/FirstPersonBP/Maps/FirstPersonExampleMap.FirstPersonExampleMap_C' with ClassGeneratedBy '/Game/FirstPersonBP/Maps/FirstPersonExampleMap.FirstPersonExampleMap:PersistentLevel.FirstPersonExampleMap'
[2018.01.09-09.27.57:724][684]BlueprintLog: New page: Pre-Play auto-recompile
[2018.01.09-09.27.57:724][684]LogPlayLevel: [PlayLevel] Compiling FirstPersonCharacter before play...
[2018.01.09-09.27.58:081][684]LogPlayLevel: PlayLevel: Blueprint regeneration took 357 ms (1 blueprints)
[2018.01.09-09.27.58:081][684]PIE: New page: PIE session: FirstPersonExampleMap (Jan 9, 2018, 11:27:58 AM)
[2018.01.09-09.27.58:081][684]LogPlayLevel: Creating play world package: /Game/FirstPersonBP/Maps/UEDPIE_0_FirstPersonExampleMap
[2018.01.09-09.27.58:178][684]LogPlayLevel: PIE: StaticDuplicateObject took: (0.097163s)
[2018.01.09-09.27.58:180][684]LogAIModule: Creating AISystem for world FirstPersonExampleMap
[2018.01.09-09.27.58:180][684]LogPlayLevel: PIE: World Init took: (0.001840s)
[2018.01.09-09.27.58:181][684]LogPlayLevel: PIE: Created PIE world by copying editor world from /Game/FirstPersonBP/Maps/FirstPersonExampleMap.FirstPersonExampleMap to /Game/FirstPersonBP/Maps/UEDPIE_0_FirstPersonExampleMap.FirstPersonExampleMap (0.099665s)
[2018.01.09-09.27.58:251][684]LogInit: XAudio2 using 'Głośniki (Realtek High Definition Audio)' : 2 channels at 48 kHz using 32 bits per sample (channel mask 0x3)
[2018.01.09-09.27.58:312][684]LogInit: FAudioDevice initialized.
[2018.01.09-09.27.58:354][684]LogLoad: Game class is 'FirstPersonGameMode_C'
[2018.01.09-09.27.58:392][684]LogWorld: Bringing World /Game/FirstPersonBP/Maps/UEDPIE_0_FirstPersonExampleMap.FirstPersonExampleMap up for play (max tick rate 0) at 2018.01.09-10.27.58
[2018.01.09-09.27.58:394][684]LogWorld: Bringing up level for play took: 0.035906
[2018.01.09-09.27.58:395][684]LogGameMode: FindPlayerStart: PATHS NOT DEFINED or NO PLAYERSTART with positive rating
[2018.01.09-09.27.58:398][684]PIE: Info Play in editor start time for /Game/FirstPersonBP/Maps/UEDPIE_0_FirstPersonExampleMap 0.453
[2018.01.09-09.27.58:399][684]LogBlueprintUserMessages: Late PlayInEditor Detection: Level '/Game/FirstPersonBP/Maps/FirstPersonExampleMap.FirstPersonExampleMap:PersistentLevel' has LevelScriptBlueprint '/Game/FirstPersonBP/Maps/FirstPersonExampleMap.FirstPersonExampleMap:PersistentLevel.FirstPersonExampleMap' with GeneratedClass '/Game/FirstPersonBP/Maps/FirstPersonExampleMap.FirstPersonExampleMap_C' with ClassGeneratedBy '/Game/FirstPersonBP/Maps/FirstPersonExampleMap.FirstPersonExampleMap:PersistentLevel.FirstPersonExampleMap'
[2018.01.09-09.28.20:359][221]LogBlueprintUserMessages: Early EndPlayMap Detection: Level '/Game/FirstPersonBP/Maps/FirstPersonExampleMap.FirstPersonExampleMap:PersistentLevel' has LevelScriptBlueprint '/Game/FirstPersonBP/Maps/FirstPersonExampleMap.FirstPersonExampleMap:PersistentLevel.FirstPersonExampleMap' with GeneratedClass '/Game/FirstPersonBP/Maps/FirstPersonExampleMap.FirstPersonExampleMap_C' with ClassGeneratedBy '/Game/FirstPersonBP/Maps/FirstPersonExampleMap.FirstPersonExampleMap:PersistentLevel.FirstPersonExampleMap'
[2018.01.09-09.28.20:552][221]LogBlueprintUserMessages: Late EndPlayMap Detection: Level '/Game/FirstPersonBP/Maps/FirstPersonExampleMap.FirstPersonExampleMap:PersistentLevel' has LevelScriptBlueprint '/Game/FirstPersonBP/Maps/FirstPersonExampleMap.FirstPersonExampleMap:PersistentLevel.FirstPersonExampleMap' with GeneratedClass '/Game/FirstPersonBP/Maps/FirstPersonExampleMap.FirstPersonExampleMap_C' with ClassGeneratedBy '/Game/FirstPersonBP/Maps/FirstPersonExampleMap.FirstPersonExampleMap:PersistentLevel.FirstPersonExampleMap'
[2018.01.09-09.28.36:504][362]Cmd: OBJ SAVEPACKAGE PACKAGE="/Game/FirstPersonBP/Blueprints/FirstPersonCharacter" FILE="I:/Projekt/PGK/Content/FirstPersonBP/Blueprints/FirstPersonCharacter.uasset" SILENT=true
[2018.01.09-09.28.36:829][362]LogSavePackage: Save=316.87ms
[2018.01.09-09.28.36:829][362]LogSavePackage: Moving 'I:/Projekt/PGK/Saved/FirstPersonCharacter5B203EFE4C5D0E74D04125A74B4EB61A.tmp' to 'I:/Projekt/PGK/Content/FirstPersonBP/Blueprints/FirstPersonCharacter.uasset'
[2018.01.09-09.28.36:834][362]LogSavePackage:Display: Finished SavePackage I:/Projekt/PGK/Content/FirstPersonBP/Blueprints/FirstPersonCharacter.uasset
[2018.01.09-09.28.41:842][417]LogTemp: Repeting last play command: Selected Viewport
[2018.01.09-09.28.41:868][417]LogBlueprintUserMessages: Early PlayInEditor Detection: Level '/Game/FirstPersonBP/Maps/FirstPersonExampleMap.FirstPersonExampleMap:PersistentLevel' has LevelScriptBlueprint '/Game/FirstPersonBP/Maps/FirstPersonExampleMap.FirstPersonExampleMap:PersistentLevel.FirstPersonExampleMap' with GeneratedClass '/Game/FirstPersonBP/Maps/FirstPersonExampleMap.FirstPersonExampleMap_C' with ClassGeneratedBy '/Game/FirstPersonBP/Maps/FirstPersonExampleMap.FirstPersonExampleMap:PersistentLevel.FirstPersonExampleMap'
[2018.01.09-09.28.41:868][417]BlueprintLog: New page: Pre-Play auto-recompile
[2018.01.09-09.28.41:868][417]LogPlayLevel: [PlayLevel] Compiling FirstPersonCharacter before play...
[2018.01.09-09.28.42:217][417]LogPlayLevel: PlayLevel: Blueprint regeneration took 348 ms (1 blueprints)
[2018.01.09-09.28.42:217][417]PIE: New page: PIE session: FirstPersonExampleMap (Jan 9, 2018, 11:28:42 AM)
[2018.01.09-09.28.42:217][417]LogPlayLevel: Creating play world package: /Game/FirstPersonBP/Maps/UEDPIE_0_FirstPersonExampleMap
[2018.01.09-09.28.42:313][417]LogPlayLevel: PIE: StaticDuplicateObject took: (0.095699s)
[2018.01.09-09.28.42:316][417]LogAIModule: Creating AISystem for world FirstPersonExampleMap
[2018.01.09-09.28.42:316][417]LogPlayLevel: PIE: World Init took: (0.002743s)
[2018.01.09-09.28.42:317][417]LogPlayLevel: PIE: Created PIE world by copying editor world from /Game/FirstPersonBP/Maps/FirstPersonExampleMap.FirstPersonExampleMap to /Game/FirstPersonBP/Maps/UEDPIE_0_FirstPersonExampleMap.FirstPersonExampleMap (0.099439s)
[2018.01.09-09.28.42:387][417]LogInit: XAudio2 using 'Głośniki (Realtek High Definition Audio)' : 2 channels at 48 kHz using 32 bits per sample (channel mask 0x3)
[2018.01.09-09.28.42:448][417]LogInit: FAudioDevice initialized.
[2018.01.09-09.28.42:498][417]LogLoad: Game class is 'FirstPersonGameMode_C'
[2018.01.09-09.28.42:540][417]LogWorld: Bringing World /Game/FirstPersonBP/Maps/UEDPIE_0_FirstPersonExampleMap.FirstPersonExampleMap up for play (max tick rate 0) at 2018.01.09-10.28.42
[2018.01.09-09.28.42:543][417]LogWorld: Bringing up level for play took: 0.040543
[2018.01.09-09.28.42:544][417]LogGameMode: FindPlayerStart: PATHS NOT DEFINED or NO PLAYERSTART with positive rating
[2018.01.09-09.28.42:547][417]PIE: Info Play in editor start time for /Game/FirstPersonBP/Maps/UEDPIE_0_FirstPersonExampleMap 0.601
[2018.01.09-09.28.42:548][417]LogBlueprintUserMessages: Late PlayInEditor Detection: Level '/Game/FirstPersonBP/Maps/FirstPersonExampleMap.FirstPersonExampleMap:PersistentLevel' has LevelScriptBlueprint '/Game/FirstPersonBP/Maps/FirstPersonExampleMap.FirstPersonExampleMap:PersistentLevel.FirstPersonExampleMap' with GeneratedClass '/Game/FirstPersonBP/Maps/FirstPersonExampleMap.FirstPersonExampleMap_C' with ClassGeneratedBy '/Game/FirstPersonBP/Maps/FirstPersonExampleMap.FirstPersonExampleMap:PersistentLevel.FirstPersonExampleMap'
[2018.01.09-09.29.30:692][670]LogBlueprintUserMessages: Early EndPlayMap Detection: Level '/Game/FirstPersonBP/Maps/FirstPersonExampleMap.FirstPersonExampleMap:PersistentLevel' has LevelScriptBlueprint '/Game/FirstPersonBP/Maps/FirstPersonExampleMap.FirstPersonExampleMap:PersistentLevel.FirstPersonExampleMap' with GeneratedClass '/Game/FirstPersonBP/Maps/FirstPersonExampleMap.FirstPersonExampleMap_C' with ClassGeneratedBy '/Game/FirstPersonBP/Maps/FirstPersonExampleMap.FirstPersonExampleMap:PersistentLevel.FirstPersonExampleMap'
[2018.01.09-09.29.30:913][670]LogBlueprintUserMessages: Late EndPlayMap Detection: Level '/Game/FirstPersonBP/Maps/FirstPersonExampleMap.FirstPersonExampleMap:PersistentLevel' has LevelScriptBlueprint '/Game/FirstPersonBP/Maps/FirstPersonExampleMap.FirstPersonExampleMap:PersistentLevel.FirstPersonExampleMap' with GeneratedClass '/Game/FirstPersonBP/Maps/FirstPersonExampleMap.FirstPersonExampleMap_C' with ClassGeneratedBy '/Game/FirstPersonBP/Maps/FirstPersonExampleMap.FirstPersonExampleMap:PersistentLevel.FirstPersonExampleMap'
[2018.01.09-09.30.00:358][ 45]Cmd: OBJ SAVEPACKAGE PACKAGE="/Game/FirstPersonBP/Blueprints/FirstPersonCharacter" FILE="I:/Projekt/PGK/Content/FirstPersonBP/Blueprints/FirstPersonCharacter.uasset" SILENT=true
[2018.01.09-09.30.00:771][ 45]LogSavePackage: Save=401.26ms
[2018.01.09-09.30.00:771][ 45]LogSavePackage: Moving 'I:/Projekt/PGK/Saved/FirstPersonCharacterDE0853C2487CF7E4C1420EB8C1D4D9BD.tmp' to 'I:/Projekt/PGK/Content/FirstPersonBP/Blueprints/FirstPersonCharacter.uasset'
[2018.01.09-09.30.00:776][ 45]LogSavePackage:Display: Finished SavePackage I:/Projekt/PGK/Content/FirstPersonBP/Blueprints/FirstPersonCharacter.uasset
[2018.01.09-09.30.02:289][ 62]BlueprintLog: New page: Compile FirstPersonCharacter
[2018.01.09-09.30.04:696][ 96]LogEditorViewport: Clicking on Actor (LMB): StaticMeshActor (SM_Rock58)
[2018.01.09-09.30.07:821][149]LogEditorViewport: Clicking on Actor (context menu): StaticMeshActor (SM_Rock58)
[2018.01.09-09.30.10:921][165]LogRenderer: Reallocating scene render targets to support 1432x924 NumSamples 1 (Frame:1).
[2018.01.09-09.30.10:921][165]LogStaticMesh: Allocated 512x138x64 distance field atlas = 8.6Mb, with 68 objects containing 6.4Mb backing data
[2018.01.09-09.31.02:638][164]LogStaticMesh: Building static mesh SM_Rock...
[2018.01.09-09.31.02:786][164]LogStaticMesh: Built static mesh [0.15s] /Game/StarterContent/Props/SM_Rock.SM_Rock
[2018.01.09-09.31.10:587][217]LogMeshUtilities: Finished distance field build in 7.7s - 27x35x43 distance field, 1228 triangles, Range [-0.3, 1.0], SM_Rock
[2018.01.09-09.31.10:587][217]LogStaticMesh:Warning: Main thread blocked for 3.378s for async distance field build of SM_Rock to complete!  This can happen if the mesh is rebuilt excessively.
[2018.01.09-09.33.28:397][204]Cmd: QUIT_EDITOR
[2018.01.09-09.33.29:435][204]LogWindowsTextInputMethodSystem:Display: IME system now deactivated.
[2018.01.09-09.33.29:468][204]LogExit: Preparing to exit.
[2018.01.09-09.33.30:837][204]LogExit: Editor shut down
[2018.01.09-09.33.30:846][204]LogExit: Transaction tracking system shut down
[2018.01.09-09.33.31:097][204]LogObj: Freed 0b from 0 cluster array pools.
[2018.01.09-09.33.31:097][204]LogExit: Object subsystem successfully closed.
[2018.01.09-09.33.31:126][204]LogD3D11RHI: Shutdown
[2018.01.09-09.33.31:126][204]LogD3D11RHI: CleanupD3DDevice
[2018.01.09-09.33.31:369][204]LogD3D11RHI: ~FD3D11DynamicRHI
[2018.01.09-09.33.31:420][204]LogModuleManager: Shutting down and abandoning module StaticMeshEditor (532)
[2018.01.09-09.33.31:420][204]LogModuleManager: Shutting down and abandoning module BlueprintGraph (530)
[2018.01.09-09.33.31:420][204]LogModuleManager: Shutting down and abandoning module BlueprintProfiler (528)
[2018.01.09-09.33.31:464][204]LogModuleManager: Shutting down and abandoning module MovieSceneCapture (526)
[2018.01.09-09.33.31:464][204]LogModuleManager: Shutting down and abandoning module HierarchicalLODOutliner (524)
[2018.01.09-09.33.31:464][204]LogModuleManager: Shutting down and abandoning module CrashTracker (522)
[2018.01.09-09.33.31:464][204]LogModuleManager: Shutting down and abandoning module SceneOutliner (520)
[2018.01.09-09.33.31:464][204]LogModuleManager: Shutting down and abandoning module AddContentDialog (518)
[2018.01.09-09.33.31:464][204]LogDirectoryWatcher: A directory notification for 'P:/silnik/UE_4.16/FeaturePacks/' was aborted.
[2018.01.09-09.33.31:467][204]LogModuleManager: Shutting down and abandoning module WidgetCarousel (517)
[2018.01.09-09.33.31:467][204]LogModuleManager: Shutting down and abandoning module EditorWidgets (514)
[2018.01.09-09.33.31:467][204]LogModuleManager: Shutting down and abandoning module CollectionManager (512)
[2018.01.09-09.33.31:467][204]LogDirectoryWatcher: A directory notification for 'I:/Projekt/PGK/Content/Collections/' was aborted.
[2018.01.09-09.33.31:467][204]LogDirectoryWatcher: A directory notification for 'I:/Projekt/PGK/Content/Developers/Robert/Collections/' was aborted.
[2018.01.09-09.33.31:467][204]LogDirectoryWatcher: A directory notification for 'I:/Projekt/PGK/Saved/Collections/' was aborted.
[2018.01.09-09.33.31:468][204]LogModuleManager: Shutting down and abandoning module StatsViewer (510)
[2018.01.09-09.33.31:468][204]LogModuleManager: Shutting down and abandoning module FoliageEdit (508)
[2018.01.09-09.33.31:468][204]LogModuleManager: Shutting down and abandoning module LandscapeEditor (506)
[2018.01.09-09.33.31:468][204]LogModuleManager: Shutting down and abandoning module MeshPaintMode (504)
[2018.01.09-09.33.31:468][204]LogModuleManager: Shutting down and abandoning module SceneDepthPickerMode (502)
[2018.01.09-09.33.31:468][204]LogModuleManager: Shutting down and abandoning module ActorPickerMode (500)
[2018.01.09-09.33.31:468][204]LogModuleManager: Shutting down and abandoning module GeometryMode (498)
[2018.01.09-09.33.31:468][204]LogModuleManager: Shutting down and abandoning module TextureAlignMode (496)
[2018.01.09-09.33.31:468][204]LogModuleManager: Shutting down and abandoning module BspMode (494)
[2018.01.09-09.33.31:468][204]LogModuleManager: Shutting down and abandoning module HardwareSurvey (492)
[2018.01.09-09.33.31:468][204]LogModuleManager: Shutting down and abandoning module SequenceRecorderSections (490)
[2018.01.09-09.33.31:468][204]LogModuleManager: Shutting down and abandoning module AutomationWorker (488)
[2018.01.09-09.33.31:468][204]LogModuleManager: Shutting down and abandoning module MatineeToLevelSequence (486)
[2018.01.09-09.33.31:468][204]LogModuleManager: Shutting down and abandoning module LevelSequenceEditor (484)
[2018.01.09-09.33.31:468][204]LogModuleManager: Shutting down and abandoning module PlacementMode (483)
[2018.01.09-09.33.31:469][204]LogModuleManager: Shutting down and abandoning module WmfMediaFactory (480)
[2018.01.09-09.33.31:469][204]LogModuleManager: Shutting down and abandoning module WmfMediaEditor (478)
[2018.01.09-09.33.31:469][204]LogModuleManager: Shutting down and abandoning module AvfMediaFactory (476)
[2018.01.09-09.33.31:469][204]LogModuleManager: Shutting down and abandoning module AvfMediaEditor (474)
[2018.01.09-09.33.31:469][204]LogModuleManager: Shutting down and abandoning module AndroidMediaFactory (472)
[2018.01.09-09.33.31:469][204]LogModuleManager: Shutting down and abandoning module Media (471)
[2018.01.09-09.33.31:469][204]LogModuleManager: Shutting down and abandoning module AndroidMediaEditor (468)
[2018.01.09-09.33.31:469][204]LogModuleManager: Shutting down and abandoning module CharacterAI (466)
[2018.01.09-09.33.31:469][204]LogModuleManager: Shutting down and abandoning module AudioCapture (464)
[2018.01.09-09.33.31:469][204]LogModuleManager: Shutting down and abandoning module SequenceRecorder (463)
[2018.01.09-09.33.31:469][204]LogModuleManager: Shutting down and abandoning module SmartSnapping (460)
[2018.01.09-09.33.31:469][204]LogModuleManager: Shutting down and abandoning module SessionServices (458)
[2018.01.09-09.33.31:469][204]LogModuleManager: Shutting down and abandoning module ViewportSnapping (456)
[2018.01.09-09.33.31:469][204]LogModuleManager: Shutting down and abandoning module ViewportInteraction (454)
[2018.01.09-09.33.31:469][204]LogModuleManager: Shutting down and abandoning module ClothPainter (452)
[2018.01.09-09.33.31:469][204]LogModuleManager: Shutting down and abandoning module LogVisualizer (450)
[2018.01.09-09.33.31:469][204]LogModuleManager: Shutting down and abandoning module IntroTutorials (448)
[2018.01.09-09.33.31:469][204]LogModuleManager: Shutting down and abandoning module GameProjectGeneration (447)
[2018.01.09-09.33.31:469][204]LogModuleManager: Shutting down and abandoning module EditorLiveStreaming (444)
[2018.01.09-09.33.31:470][204]LogModuleManager: Shutting down and abandoning module IOSPlatformEditor (442)
[2018.01.09-09.33.31:470][204]LogModuleManager: Shutting down and abandoning module HTML5PlatformEditor (440)
[2018.01.09-09.33.31:470][204]LogModuleManager: Shutting down and abandoning module AndroidPlatformEditor (438)
[2018.01.09-09.33.31:470][204]LogModuleManager: Shutting down and abandoning module AndroidDeviceDetection (437)
[2018.01.09-09.33.32:183][204]LogModuleManager: Shutting down and abandoning module IOSRuntimeSettings (434)
[2018.01.09-09.33.32:183][204]LogModuleManager: Shutting down and abandoning module AndroidRuntimeSettings (432)
[2018.01.09-09.33.32:183][204]LogModuleManager: Shutting down and abandoning module InputBindingEditor (430)
[2018.01.09-09.33.32:183][204]LogModuleManager: Shutting down and abandoning module MergeActors (428)
[2018.01.09-09.33.32:183][204]LogModuleManager: Shutting down and abandoning module SizeMap (426)
[2018.01.09-09.33.32:183][204]LogModuleManager: Shutting down and abandoning module TreeMap (424)
[2018.01.09-09.33.32:183][204]LogModuleManager: Shutting down and abandoning module ReferenceViewer (422)
[2018.01.09-09.33.32:183][204]LogModuleManager: Shutting down and abandoning module LocalizationDashboard (420)
[2018.01.09-09.33.32:183][204]LogModuleManager: Shutting down and abandoning module LocalizationService (419)
[2018.01.09-09.33.32:183][204]LogModuleManager: Shutting down and abandoning module HardwareTargeting (416)
[2018.01.09-09.33.32:183][204]LogModuleManager: Shutting down and abandoning module DeviceProfileEditor (414)
[2018.01.09-09.33.32:183][204]LogModuleManager: Shutting down and abandoning module UndoHistory (412)
[2018.01.09-09.33.32:183][204]LogModuleManager: Shutting down and abandoning module UserFeedback (410)
[2018.01.09-09.33.32:183][204]LogModuleManager: Shutting down and abandoning module XmlParser (408)
[2018.01.09-09.33.32:183][204]LogModuleManager: Shutting down and abandoning module Blutility (406)
[2018.01.09-09.33.32:183][204]LogModuleManager: Shutting down and abandoning module ProjectSettingsViewer (404)
[2018.01.09-09.33.32:184][204]LogModuleManager: Shutting down and abandoning module ProjectTargetPlatformEditor (403)
[2018.01.09-09.33.32:184][204]LogModuleManager: Shutting down and abandoning module EditorSettingsViewer (400)
[2018.01.09-09.33.32:184][204]LogModuleManager: Shutting down and abandoning module SettingsEditor (398)
[2018.01.09-09.33.32:184][204]LogModuleManager: Shutting down and abandoning module ProjectLauncher (396)
[2018.01.09-09.33.32:184][204]LogModuleManager: Shutting down and abandoning module SessionFrontend (394)
[2018.01.09-09.33.32:184][204]LogModuleManager: Shutting down and abandoning module ProfilerClient (392)
[2018.01.09-09.33.32:184][204]LogModuleManager: Shutting down and abandoning module DeviceManager (390)
[2018.01.09-09.33.32:184][204]LogModuleManager: Shutting down and abandoning module TargetDeviceServices (389)
[2018.01.09-09.33.32:228][204]LogModuleManager: Shutting down and abandoning module AutomationController (386)
[2018.01.09-09.33.32:228][204]LogModuleManager: Shutting down and abandoning module AutomationWindow (384)
[2018.01.09-09.33.32:228][204]LogModuleManager: Shutting down and abandoning module Layers (382)
[2018.01.09-09.33.32:228][204]LogModuleManager: Shutting down and abandoning module ComponentVisualizers (380)
[2018.01.09-09.33.32:228][204]LogModuleManager: Shutting down and abandoning module DetailCustomizations (378)
[2018.01.09-09.33.32:228][204]LogModuleManager: Shutting down and abandoning module PackagesDialog (376)
[2018.01.09-09.33.32:228][204]LogModuleManager: Shutting down and abandoning module Persona (374)
[2018.01.09-09.33.32:228][204]LogModuleManager: Shutting down and abandoning module AdvancedPreviewScene (373)
[2018.01.09-09.33.32:229][204]LogModuleManager: Shutting down and abandoning module AnimGraph (371)
[2018.01.09-09.33.32:229][204]LogModuleManager: Shutting down and abandoning module Kismet (368)
[2018.01.09-09.33.32:242][204]LogModuleManager: Shutting down and abandoning module ClassViewer (366)
[2018.01.09-09.33.32:242][204]LogModuleManager: Shutting down and abandoning module Toolbox (364)
[2018.01.09-09.33.32:242][204]LogModuleManager: Shutting down and abandoning module ModuleUI (362)
[2018.01.09-09.33.32:242][204]LogModuleManager: Shutting down and abandoning module MovieSceneTools (360)
[2018.01.09-09.33.32:242][204]LogModuleManager: Shutting down and abandoning module OutputLog (358)
[2018.01.09-09.33.32:242][204]LogModuleManager: Shutting down and abandoning module GammaUI (356)
[2018.01.09-09.33.32:242][204]LogModuleManager: Shutting down and abandoning module Documentation (354)
[2018.01.09-09.33.32:242][204]LogModuleManager: Shutting down and abandoning module MovieSceneTracks (352)
[2018.01.09-09.33.32:242][204]LogModuleManager: Shutting down and abandoning module MovieScene (350)
[2018.01.09-09.33.32:242][204]LogModuleManager: Shutting down and abandoning module Niagara (348)
[2018.01.09-09.33.32:242][204]LogModuleManager: Shutting down and abandoning module NiagaraEditor (347)
[2018.01.09-09.33.32:243][204]LogModuleManager: Shutting down and abandoning module StreamingPauseRendering (344)
[2018.01.09-09.33.32:243][204]LogModuleManager: Shutting down and abandoning module AnalyticsET (342)
[2018.01.09-09.33.32:243][204]LogModuleManager: Shutting down and abandoning module PortalServices (340)
[2018.01.09-09.33.32:243][204]LogModuleManager: Shutting down and abandoning module PortalRpc (338)
[2018.01.09-09.33.32:243][204]LogModuleManager: Shutting down and abandoning module MessagingRpc (336)
[2018.01.09-09.33.32:243][204]LogModuleManager: Shutting down and abandoning module AIModule (334)
[2018.01.09-09.33.32:243][204]LogModuleManager: Shutting down and abandoning module GameplayDebugger (333)
[2018.01.09-09.33.32:243][204]LogModuleManager: Shutting down and abandoning module AITestSuite (331)
[2018.01.09-09.33.32:243][204]LogModuleManager: Shutting down and abandoning module ProfilerService (328)
[2018.01.09-09.33.32:360][204]LogModuleManager: Shutting down and abandoning module TaskGraph (326)
[2018.01.09-09.33.32:360][204]LogModuleManager: Shutting down and abandoning module SteamVRController (324)
[2018.01.09-09.33.32:360][204]LogModuleManager: Shutting down and abandoning module SteamVR (322)
[2018.01.09-09.33.32:360][204]LogModuleManager: Shutting down and abandoning module ProceduralMeshComponentEditor (320)
[2018.01.09-09.33.32:360][204]LogModuleManager: Shutting down and abandoning module ProceduralMeshComponent (318)
[2018.01.09-09.33.32:360][204]LogModuleManager: Shutting down and abandoning module OculusLibrary (316)
[2018.01.09-09.33.32:360][204]LogModuleManager: Shutting down and abandoning module OculusInput (314)
[2018.01.09-09.33.32:360][204]LogModuleManager: Shutting down and abandoning module MobilePatchingUtils (312)
[2018.01.09-09.33.32:360][204]LogModuleManager: Shutting down and abandoning module CustomMeshComponent (310)
[2018.01.09-09.33.32:360][204]LogModuleManager: Shutting down and abandoning module CableComponent (308)
[2018.01.09-09.33.32:360][204]LogModuleManager: Shutting down and abandoning module ArchVisCharacter (306)
[2018.01.09-09.33.32:360][204]LogModuleManager: Shutting down and abandoning module AndroidPermission (304)
[2018.01.09-09.33.32:360][204]LogModuleManager: Shutting down and abandoning module MediaPlayerEditor (300)
[2018.01.09-09.33.32:360][204]LogModuleManager: Shutting down and abandoning module HTML5Networking (298)
[2018.01.09-09.33.32:360][204]LogModuleManager: Shutting down and abandoning module AlembicImporter (296)
[2018.01.09-09.33.32:360][204]LogModuleManager: Shutting down and abandoning module AlembicLibrary (295)
[2018.01.09-09.33.32:360][204]LogModuleManager: Shutting down and abandoning module GeometryCache (294)
[2018.01.09-09.33.32:360][204]LogModuleManager: Shutting down and abandoning module GeometryCacheEd (293)
[2018.01.09-09.33.32:360][204]LogModuleManager: Shutting down and abandoning module SuperSearchEditor (288)
[2018.01.09-09.33.32:360][204]LogModuleManager: Shutting down and abandoning module SuperSearch (287)
[2018.01.09-09.33.32:360][204]LogModuleManager: Shutting down and abandoning module SpeedTreeImporter (284)
[2018.01.09-09.33.32:360][204]LogModuleManager: Shutting down and abandoning module PluginBrowser (282)
[2018.01.09-09.33.32:360][204]LogModuleManager: Shutting down and abandoning module MobileLauncherProfileWizard (280)
[2018.01.09-09.33.32:360][204]LogModuleManager: Shutting down and abandoning module VisualStudioSourceCodeAccess (278)
[2018.01.09-09.33.32:360][204]LogModuleManager: Shutting down and abandoning module DesktopPlatform (277)
[2018.01.09-09.33.32:361][204]LogModuleManager: Shutting down and abandoning module UObjectPlugin (274)
[2018.01.09-09.33.32:361][204]LogModuleManager: Shutting down and abandoning module SubversionSourceControl (272)
[2018.01.09-09.33.32:361][204]LogModuleManager: Shutting down and abandoning module PerforceSourceControl (270)
[2018.01.09-09.33.32:361][204]LogModuleManager: Shutting down and abandoning module GitSourceControl (268)
[2018.01.09-09.33.32:361][204]LogModuleManager: Shutting down and abandoning module SourceControl (267)
[2018.01.09-09.33.32:361][204]LogModuleManager: Shutting down and abandoning module LightPropagationVolumeEditor (264)
[2018.01.09-09.33.32:361][204]LogModuleManager: Shutting down and abandoning module PaperTiledImporter (262)
[2018.01.09-09.33.32:361][204]LogModuleManager: Shutting down and abandoning module PaperSpriteSheetImporter (260)
[2018.01.09-09.33.32:361][204]LogModuleManager: Shutting down and abandoning module Paper2DEditor (258)
[2018.01.09-09.33.32:361][204]LogModuleManager: Shutting down and abandoning module MeshPaint (257)
[2018.01.09-09.33.32:361][204]LogModuleManager: Shutting down and abandoning module LevelEditor (255)
[2018.01.09-09.33.32:363][204]LogModuleManager: Shutting down and abandoning module PixelInspectorModule (254)
[2018.01.09-09.33.32:363][204]LogModuleManager: Shutting down and abandoning module MainFrame (252)
[2018.01.09-09.33.32:363][204]LogModuleManager: Shutting down and abandoning module HotReload (251)
[2018.01.09-09.33.32:364][204]LogModuleManager: Shutting down and abandoning module PhysXVehiclesEditor (246)
[2018.01.09-09.33.32:364][204]LogModuleManager: Shutting down and abandoning module PhysXVehicles (244)
[2018.01.09-09.33.32:364][204]LogModuleManager: Shutting down and abandoning module LocationServicesBPLibrary (242)
[2018.01.09-09.33.32:364][204]LogModuleManager: Shutting down and abandoning module ImmediatePhysicsEditor (240)
[2018.01.09-09.33.32:364][204]LogModuleManager: Shutting down and abandoning module ImmediatePhysics (238)
[2018.01.09-09.33.32:364][204]LogModuleManager: Shutting down and abandoning module UdpMessaging (236)
[2018.01.09-09.33.32:466][204]LogModuleManager: Shutting down and abandoning module TcpMessaging (234)
[2018.01.09-09.33.32:567][204]LogModuleManager: Shutting down and abandoning module GameplayTagsEditor (232)
[2018.01.09-09.33.32:567][204]LogModuleManager: Shutting down and abandoning module FacialAnimationEditor (230)
[2018.01.09-09.33.32:567][204]LogModuleManager: Shutting down and abandoning module FacialAnimation (228)
[2018.01.09-09.33.32:567][204]LogModuleManager: Shutting down and abandoning module AssetManagerEditor (226)
[2018.01.09-09.33.32:567][204]LogModuleManager: Shutting down and abandoning module GraphEditor (225)
[2018.01.09-09.33.32:567][204]LogModuleManager: Shutting down and abandoning module ContentBrowser (223)
[2018.01.09-09.33.32:570][204]LogModuleManager: Shutting down and abandoning module LightPropagationVolumeRuntime (220)
[2018.01.09-09.33.32:570][204]LogModuleManager: Shutting down and abandoning module Paper2D (218)
[2018.01.09-09.33.32:570][204]LogModuleManager: Shutting down and abandoning module WindowsMoviePlayer (216)
[2018.01.09-09.33.32:570][204]LogModuleManager: Shutting down and abandoning module WmfMedia (214)
[2018.01.09-09.33.32:575][204]LogModuleManager: Shutting down and abandoning module ClothingSystemEditor (212)
[2018.01.09-09.33.32:575][204]LogModuleManager: Shutting down and abandoning module ClothingSystemRuntime (210)
[2018.01.09-09.33.32:575][204]LogModuleManager: Shutting down and abandoning module MediaAssets (208)
[2018.01.09-09.33.32:575][204]LogModuleManager: Shutting down and abandoning module GameLiveStreaming (206)
[2018.01.09-09.33.32:575][204]LogModuleManager: Shutting down and abandoning module VREditor (204)
[2018.01.09-09.33.32:576][204]LogModuleManager: Shutting down and abandoning module StringTableEditor (202)
[2018.01.09-09.33.32:576][204]LogModuleManager: Shutting down and abandoning module GameplayTasksEditor (200)
[2018.01.09-09.33.32:576][204]LogModuleManager: Shutting down and abandoning module BehaviorTreeEditor (198)
[2018.01.09-09.33.32:576][204]LogModuleManager: Shutting down and abandoning module FunctionalTesting (196)
[2018.01.09-09.33.32:576][204]LogModuleManager: Shutting down and abandoning module CollisionAnalyzer (194)
[2018.01.09-09.33.32:576][204]LogModuleManager: Shutting down and abandoning module UMG (192)
[2018.01.09-09.33.32:576][204]LogModuleManager: Shutting down and abandoning module UMGEditor (191)
[2018.01.09-09.33.32:576][204]LogModuleManager: Shutting down and abandoning module Sequencer (190)
[2018.01.09-09.33.32:576][204]LogModuleManager: Shutting down and abandoning module AssetTools (188)
[2018.01.09-09.33.32:576][204]LogModuleManager: Shutting down and abandoning module MessageLog (187)
[2018.01.09-09.33.32:576][204]LogModuleManager: Shutting down and abandoning module WorkspaceMenuStructure (186)
[2018.01.09-09.33.32:576][204]LogModuleManager: Shutting down and abandoning module SlateReflector (180)
[2018.01.09-09.33.32:577][204]LogModuleManager: Shutting down and abandoning module Slate (178)
[2018.01.09-09.33.32:577][204]LogModuleManager: Shutting down and abandoning module EditorStyle (176)
[2018.01.09-09.33.32:583][204]LogModuleManager: Shutting down and abandoning module SourceCodeAccess (174)
[2018.01.09-09.33.32:583][204]LogModuleManager: Shutting down and abandoning module HeadMountedDisplay (172)
[2018.01.09-09.33.32:583][204]LogModuleManager: Shutting down and abandoning module XAudio2 (170)
[2018.01.09-09.33.32:583][204]LogModuleManager: Shutting down and abandoning module Networking (168)
[2018.01.09-09.33.32:583][204]LogModuleManager: Shutting down and abandoning module Core (164)
[2018.01.09-09.33.32:583][204]LogModuleManager: Shutting down and abandoning module AssetRegistry (162)
[2018.01.09-09.33.32:686][204]LogDirectoryWatcher: A directory notification for '../../../Engine/Content/' was aborted.
[2018.01.09-09.33.32:686][204]LogDirectoryWatcher: A directory notification for 'I:/Projekt/PGK/Content/' was aborted.
[2018.01.09-09.33.32:686][204]LogDirectoryWatcher: A directory notification for '../../../Engine/Plugins/2D/Paper2D/Content/' was aborted.
[2018.01.09-09.33.32:686][204]LogDirectoryWatcher: A directory notification for '../../../Engine/Plugins/Runtime/GearVR/Content/' was aborted.
[2018.01.09-09.33.32:692][204]LogModuleManager: Shutting down and abandoning module DirectoryWatcher (161)
[2018.01.09-09.33.32:692][204]LogModuleManager: Shutting down and abandoning module KismetCompiler (158)
[2018.01.09-09.33.32:692][204]LogModuleManager: Shutting down and abandoning module LevelSequence (156)
[2018.01.09-09.33.32:692][204]LogModuleManager: Shutting down and abandoning module PhysXFormats (154)
[2018.01.09-09.33.32:692][204]LogModuleManager: Shutting down and abandoning module MeshUtilities (152)
[2018.01.09-09.33.32:693][204]LogModuleManager: Shutting down and abandoning module SimplygonSwarm (151)
[2018.01.09-09.33.32:693][204]LogModuleManager: Shutting down and abandoning module SimplygonMeshReduction (149)
[2018.01.09-09.33.32:693][204]LogModuleManager: Shutting down and abandoning module QuadricMeshReduction (147)
[2018.01.09-09.33.32:693][204]LogModuleManager: Shutting down and abandoning module DerivedDataCache (144)
[2018.01.09-09.33.32:787][204]LogDerivedDataCache: Shutdown
[2018.01.09-09.33.32:787][204]LogModuleManager: Shutting down and abandoning module TargetPlatform (142)
[2018.01.09-09.33.32:787][204]LogModuleManager: Shutting down and abandoning module VulkanShaderFormat (141)
[2018.01.09-09.33.32:787][204]LogModuleManager: Shutting down and abandoning module ShaderFormatVectorVM (139)
[2018.01.09-09.33.32:787][204]LogModuleManager: Shutting down and abandoning module ShaderFormatOpenGL (137)
[2018.01.09-09.33.32:787][204]LogModuleManager: Shutting down and abandoning module ShaderFormatD3D (135)
[2018.01.09-09.33.32:787][204]LogModuleManager: Shutting down and abandoning module MetalShaderFormat (133)
[2018.01.09-09.33.32:787][204]LogModuleManager: Shutting down and abandoning module TextureFormatUncompressed (131)
[2018.01.09-09.33.32:787][204]LogModuleManager: Shutting down and abandoning module TextureFormatPVR (129)
[2018.01.09-09.33.32:787][204]LogModuleManager: Shutting down and abandoning module TextureFormatDXT (127)
[2018.01.09-09.33.32:787][204]LogModuleManager: Shutting down and abandoning module TextureFormatIntelISPCTexComp (125)
[2018.01.09-09.33.32:787][204]LogModuleManager: Shutting down and abandoning module TextureFormatASTC (123)
[2018.01.09-09.33.32:787][204]LogModuleManager: Shutting down and abandoning module ImageWrapper (122)
[2018.01.09-09.33.32:787][204]LogModuleManager: Shutting down and abandoning module TextureFormatAndroid (119)
[2018.01.09-09.33.32:787][204]LogModuleManager: Shutting down and abandoning module AudioFormatOpus (117)
[2018.01.09-09.33.32:787][204]LogModuleManager: Shutting down and abandoning module AudioFormatOgg (115)
[2018.01.09-09.33.32:787][204]LogModuleManager: Shutting down and abandoning module AudioFormatADPCM (113)
[2018.01.09-09.33.32:787][204]LogModuleManager: Shutting down and abandoning module LinuxTargetPlatform (111)
[2018.01.09-09.33.32:787][204]LogModuleManager: Shutting down and abandoning module LinuxServerTargetPlatform (109)
[2018.01.09-09.33.32:787][204]LogModuleManager: Shutting down and abandoning module LinuxNoEditorTargetPlatform (107)
[2018.01.09-09.33.32:787][204]LogModuleManager: Shutting down and abandoning module LinuxClientTargetPlatform (105)
[2018.01.09-09.33.32:787][204]LogModuleManager: Shutting down and abandoning module TVOSTargetPlatform (103)
[2018.01.09-09.33.32:787][204]LogModuleManager: Shutting down and abandoning module Messaging (101)
[2018.01.09-09.33.32:787][204]LogModuleManager: Shutting down and abandoning module IOSTargetPlatform (99)
[2018.01.09-09.33.32:787][204]LogModuleManager: Shutting down and abandoning module HTML5TargetPlatform (97)
[2018.01.09-09.33.32:787][204]LogModuleManager: Shutting down and abandoning module Android_PVRTCTargetPlatform (95)
[2018.01.09-09.33.32:787][204]LogModuleManager: Shutting down and abandoning module Android_MultiTargetPlatform (93)
[2018.01.09-09.33.32:787][204]LogModuleManager: Shutting down and abandoning module Android_ETC2TargetPlatform (91)
[2018.01.09-09.33.32:787][204]LogModuleManager: Shutting down and abandoning module Android_ETC1TargetPlatform (89)
[2018.01.09-09.33.32:787][204]LogModuleManager: Shutting down and abandoning module Android_DXTTargetPlatform (87)
[2018.01.09-09.33.32:787][204]LogModuleManager: Shutting down and abandoning module Android_ATCTargetPlatform (85)
[2018.01.09-09.33.32:787][204]LogModuleManager: Shutting down and abandoning module Android_ASTCTargetPlatform (83)
[2018.01.09-09.33.32:787][204]LogModuleManager: Shutting down and abandoning module AndroidTargetPlatform (81)
[2018.01.09-09.33.32:787][204]LogModuleManager: Shutting down and abandoning module WindowsTargetPlatform (79)
[2018.01.09-09.33.32:787][204]LogModuleManager: Shutting down and abandoning module WindowsServerTargetPlatform (77)
[2018.01.09-09.33.32:787][204]LogModuleManager: Shutting down and abandoning module WindowsNoEditorTargetPlatform (75)
[2018.01.09-09.33.32:787][204]LogModuleManager: Shutting down and abandoning module WindowsClientTargetPlatform (73)
[2018.01.09-09.33.32:787][204]LogModuleManager: Shutting down and abandoning module MacTargetPlatform (71)
[2018.01.09-09.33.32:787][204]LogModuleManager: Shutting down and abandoning module MacServerTargetPlatform (69)
[2018.01.09-09.33.32:787][204]LogModuleManager: Shutting down and abandoning module MacNoEditorTargetPlatform (67)
[2018.01.09-09.33.32:787][204]LogModuleManager: Shutting down and abandoning module MacClientTargetPlatform (65)
[2018.01.09-09.33.32:787][204]LogModuleManager: Shutting down and abandoning module AllDesktopTargetPlatform (63)
[2018.01.09-09.33.32:787][204]LogModuleManager: Shutting down and abandoning module InputCore (60)
[2018.01.09-09.33.32:787][204]LogModuleManager: Shutting down and abandoning module Settings (58)
[2018.01.09-09.33.32:787][204]LogModuleManager: Shutting down and abandoning module OculusRift (56)
[2018.01.09-09.33.32:787][204]LogModuleManager: Shutting down and abandoning module GearVRController (54)
[2018.01.09-09.33.32:787][204]LogModuleManager: Shutting down and abandoning module GearVR (52)
[2018.01.09-09.33.32:787][204]LogModuleManager: Shutting down and abandoning module ExampleDeviceProfileSelector (50)
[2018.01.09-09.33.32:787][204]LogModuleManager: Shutting down and abandoning module OnlineBlueprintSupport (48)
[2018.01.09-09.33.32:787][204]LogModuleManager: Shutting down and abandoning module OnlineSubsystem (44)
[2018.01.09-09.33.32:787][204]LogOnline:Display: Unloading online subsystem: NULL
[2018.01.09-09.33.32:787][204]LogModuleManager: Shutting down and abandoning module XMPP (43)
[2018.01.09-09.33.32:787][204]LogModuleManager: Shutting down and abandoning module HTTP (41)
[2018.01.09-09.33.32:787][204]LogHttp:Display: Http module shutting down, but needs to wait on 1 outstanding Http requests:
[2018.01.09-09.33.32:787][204]LogHttp:Display: 	verb=[POST] url=[https://datarouter.ol.epicgames.com/datarouter/api/v1/public/data?SessionID=%7BDD3370F7-4E7F-4228-F9B3-93A042636917%7D&AppID=UEEditor.Rocket.Release&AppVersion=4.16.3-3561208%2B%2B%2BUE4%2BRelease-4.16&UserID=29637ffe4c58a1c3c8e01ea6909a8eb4%7C4b55de0784454aa7bd2b02757aa35777%7C0a577216-477d-4061-b982-e092ed939e1e&AppEnvironment=datacollector-binary&UploadType=eteventstream] status=Processing
[2018.01.09-09.33.32:820][204]LogModuleManager: Shutting down and abandoning module SSL (40)
[2018.01.09-09.33.32:825][204]LogModuleManager: Shutting down and abandoning module HTTPChunkInstaller (36)
[2018.01.09-09.33.32:825][204]LogModuleManager: Shutting down and abandoning module AnimationModifiers (34)
[2018.01.09-09.33.32:825][204]LogModuleManager: Shutting down and abandoning module PropertyEditor (33)
[2018.01.09-09.33.32:825][204]LogModuleManager: Shutting down and abandoning module AudioEditor (30)
[2018.01.09-09.33.32:825][204]LogModuleManager: Shutting down and abandoning module TextureCompressor (28)
[2018.01.09-09.33.32:826][204]LogModuleManager: Shutting down and abandoning module ShaderCore (26)
[2018.01.09-09.33.32:826][204]LogModuleManager: Shutting down and abandoning module Landscape (24)
[2018.01.09-09.33.32:826][204]LogModuleManager: Shutting down and abandoning module SlateRHIRenderer (22)
[2018.01.09-09.33.32:831][204]LogModuleManager: Shutting down and abandoning module OpenGLDrv (20)
[2018.01.09-09.33.32:831][204]LogModuleManager: Shutting down and abandoning module D3D11RHI (18)
[2018.01.09-09.33.32:831][204]LogModuleManager: Shutting down and abandoning module AnimGraphRuntime (16)
[2018.01.09-09.33.32:831][204]LogModuleManager: Shutting down and abandoning module Renderer (14)
[2018.01.09-09.33.32:831][204]LogModuleManager: Shutting down and abandoning module Engine (12)
[2018.01.09-09.33.32:831][204]LogModuleManager: Shutting down and abandoning module CoreUObject (10)
[2018.01.09-09.33.32:831][204]LogModuleManager: Shutting down and abandoning module NetworkFile (8)
[2018.01.09-09.33.32:831][204]LogModuleManager: Shutting down and abandoning module StreamingFile (6)
[2018.01.09-09.33.32:832][204]LogModuleManager: Shutting down and abandoning module SandboxFile (4)
[2018.01.09-09.33.32:832][204]LogModuleManager: Shutting down and abandoning module PakFile (2)
[2018.01.09-09.33.32:837][204]LogExit: Exiting.
[2018.01.09-09.33.32:869][204]Log file closed, 01/09/18 10:33:32
