Log file open, 01/04/18 13:34:20
LogInit:Display: Running engine for game: PGK
LogPlatformFile: Not using cached read wrapper
LogInit:Display: RandInit(-713716335) SRandInit(-713716335).
LogTaskGraph: Started task graph with 5 named threads and 8 total threads with 1 sets of task threads.
LogStats: Stats thread started at 0.101956
LogInit: Using libcurl 7.47.1
LogInit:  - built for x86_64-pc-win32
LogInit:  - supports SSL with OpenSSL/1.0.2g
LogInit:  - supports HTTP deflate (compression) using libz 1.2.8
LogInit:  - other features:
LogInit:      CURL_VERSION_SSL
LogInit:      CURL_VERSION_LIBZ
LogInit:      CURL_VERSION_IPV6
LogInit:      CURL_VERSION_ASYNCHDNS
LogInit:      CURL_VERSION_LARGEFILE
LogInit:      CURL_VERSION_IDN
LogInit:  CurlRequestOptions (configurable via config and command line):
LogInit:  - bVerifyPeer = false  - Libcurl will NOT verify peer certificate
LogInit:  - bUseHttpProxy = false  - Libcurl will NOT use HTTP proxy
LogInit:  - bDontReuseConnections = false  - Libcurl will reuse connections
LogInit:  - CertBundlePath = nullptr  - Libcurl will use whatever was configured at build time.
LogInit: Build: ++UE4+Release-4.16-CL-3561208
LogInit: Engine Version: 4.16.3-3561208+++UE4+Release-4.16
LogInit: Compatible Engine Version: 4.16.0-3452394+++UE4+Release-4.16
LogInit: Net CL: 3452394
LogDevObjectVersion: Number of dev versions registered: 16
LogDevObjectVersion:   Dev-Blueprints (B0D832E4-1F89-4F0D-ACCF-7EB736FD4AA2): 9
LogDevObjectVersion:   Dev-Build (E1C64328-A22C-4D53-A36C-8E866417BD8C): 0
LogDevObjectVersion:   Dev-Core (375EC13C-06E4-48FB-B500-84F0262A717E): 2
LogDevObjectVersion:   Dev-Editor (E4B068ED-F494-42E9-A231-DA0B2E46BB41): 17
LogDevObjectVersion:   Dev-Framework (CFFC743F-43B0-4480-9391-14DF171D2073): 23
LogDevObjectVersion:   Dev-Mobile (B02B49B5-BB20-44E9-A304-32B752E40360): 0
LogDevObjectVersion:   Dev-Networking (A4E4105C-59A1-49B5-A7C5-40C4547EDFEE): 0
LogDevObjectVersion:   Dev-Online (39C831C9-5AE6-47DC-9A44-9C173E1C8E7C): 0
LogDevObjectVersion:   Dev-Physics (78F01B33-EBEA-4F98-B9B4-84EACCB95AA2): 0
LogDevObjectVersion:   Dev-Platform (6631380F-2D4D-43E0-8009-CF276956A95A): 0
LogDevObjectVersion:   Dev-Rendering (12F88B9F-8875-4AFC-A67C-D90C383ABD29): 15
LogDevObjectVersion:   Dev-Sequencer (7B5AE74C-D270-4C10-A958-57980B212A5A): 4
LogDevObjectVersion:   Dev-VR (D7296918-1DD6-4BDD-9DE2-64A83CC13884): 0
LogDevObjectVersion:   Dev-LoadTimes (C2A15278-BFE7-4AFE-6C17-90FF531DF755): 1
LogDevObjectVersion:   Private-Geometry (6EACA3D4-40EC-4CC1-B786-8BED09428FC5): 1
LogDevObjectVersion:   Dev-AnimPhys (29E575DD-E0A3-4627-9D10-D276232CDCEA): 3
LogInit: Compiled (64-bit): Jul 28 2017 11:49:47
LogInit: Compiled with Visual C++: 19.00.24215.01
LogInit: Build Configuration: Development
LogInit: Branch Name: ++UE4+Release-4.16
LogInit: Command line: -EpicPortal 
LogInit: Base directory: P:/silnik/UE_4.16/Engine/Binaries/Win64/
LogInit: Installed Engine Build: 1
LogInit: Presizing for max 8388607 objects, including 0 objects not considered by GC, pre-allocating 0 bytes for permanent pool.
LogInit: Object subsystem initialized
[2018.01.04-12.34.20:642][  0]LogInit: Selected Device Profile: [Windows]
[2018.01.04-12.34.20:642][  0]LogInit: Applying CVar settings loaded from the selected device profile: [Windows]
[2018.01.04-12.34.20:651][  0]LogInit: Computer: GROBKOMP
[2018.01.04-12.34.20:651][  0]LogInit: User: Robert
[2018.01.04-12.34.20:651][  0]LogInit: CPU Page size=4096, Cores=4
[2018.01.04-12.34.20:651][  0]LogInit: High frequency timer resolution =2.249998 MHz
[2018.01.04-12.34.20:652][  0]LogMemory: Memory total: Physical=7.9GB (8GB approx)
[2018.01.04-12.34.20:652][  0]LogMemory: Platform Memory Stats for Windows
[2018.01.04-12.34.20:652][  0]LogMemory: Process Physical Memory: 275.47 MB used, 275.47 MB peak
[2018.01.04-12.34.20:652][  0]LogMemory: Process Virtual Memory: 266.76 MB used, 266.76 MB peak
[2018.01.04-12.34.20:652][  0]LogMemory: Physical Memory: 4827.86 MB used,  3282.35 MB free, 8110.20 MB total
[2018.01.04-12.34.20:652][  0]LogMemory: Virtual Memory: 663.04 MB used,  3282.35 MB free, 134217728.00 MB total
[2018.01.04-12.34.20:723][  0]LogInit: Using OS detected language (pl-PL).
[2018.01.04-12.34.20:724][  0]LogInit: Using OS detected locale (pl-PL).
[2018.01.04-12.34.20:727][  0]LogTextLocalizationManager: No localization for 'pl-PL' exists, so 'en' will be used for the language.
[2018.01.04-12.34.20:728][  0]LogTextLocalizationManager: No localization for 'pl-PL' exists, so 'en' will be used for the locale.
[2018.01.04-12.34.22:484][  0]LogD3D11RHI: D3D11 adapters:
[2018.01.04-12.34.23:463][  0]LogD3D11RHI:    0. 'NVIDIA GeForce GTX 960M' (Feature Level 11_0)
[2018.01.04-12.34.23:463][  0]LogD3D11RHI:       2017/0/4055 MB DedicatedVideo/DedicatedSystem/SharedSystem, Outputs:2, VendorId:0x10de
[2018.01.04-12.34.23:475][  0]LogD3D11RHI:    1. 'Intel(R) HD Graphics 530' (Feature Level 11_0)
[2018.01.04-12.34.23:475][  0]LogD3D11RHI:       128/0/4055 MB DedicatedVideo/DedicatedSystem/SharedSystem, Outputs:0, VendorId:0x8086
[2018.01.04-12.34.23:478][  0]LogD3D11RHI:    2. 'Microsoft Basic Render Driver' (Feature Level 11_0)
[2018.01.04-12.34.23:478][  0]LogD3D11RHI:       0/0/4055 MB DedicatedVideo/DedicatedSystem/SharedSystem, Outputs:0, VendorId:0x1414
[2018.01.04-12.34.23:478][  0]LogD3D11RHI: Chosen D3D11 Adapter: 0
[2018.01.04-12.34.23:484][  0]LogD3D11RHI: Creating new Direct3DDevice
[2018.01.04-12.34.23:484][  0]LogD3D11RHI:     GPU DeviceId: 0x139b (for the marketing name, search the web for "GPU Device Id")
[2018.01.04-12.34.23:484][  0]LogWindows: EnumDisplayDevices:
[2018.01.04-12.34.23:484][  0]LogWindows:    0. 'Intel(R) HD Graphics 530' (P:1 D:1)
[2018.01.04-12.34.23:485][  0]LogWindows:    1. 'Intel(R) HD Graphics 530' (P:0 D:1)
[2018.01.04-12.34.23:485][  0]LogWindows:    2. 'Intel(R) HD Graphics 530' (P:0 D:0)
[2018.01.04-12.34.23:485][  0]LogWindows:    3. 'NVIDIA GeForce GTX 960M' (P:0 D:0)
[2018.01.04-12.34.23:485][  0]LogWindows:    4. 'NVIDIA GeForce GTX 960M' (P:0 D:0)
[2018.01.04-12.34.23:485][  0]LogWindows:    5. 'NVIDIA GeForce GTX 960M' (P:0 D:0)
[2018.01.04-12.34.23:485][  0]LogWindows:    6. 'NVIDIA GeForce GTX 960M' (P:0 D:0)
[2018.01.04-12.34.23:485][  0]LogWindows: DebugString: GetVideoDriverDetailsInvalid PrimaryIsNotTheChoosenAdapter GetVideoDriverDetailsInvalid PrimaryIsNotTheChoosenAdapter GetVideoDriverDetailsInvalid PrimaryIsNotTheChoosenAdapter GetVideoDriverDetailsInvalid PrimaryIsNotTheChoosenAdapter GetVideoDriverDetailsInvalid PrimaryIsNotTheChoosenAdapter GetVideoDriverDetailsInvalid PrimaryIsNotTheChoosenAdapter GetVideoDriverDetailsInvalid PrimaryIsNotTheChoosenAdapter FoundDriverCount:0 
[2018.01.04-12.34.23:485][  0]LogD3D11RHI:     Adapter Name: NVIDIA GeForce GTX 960M
[2018.01.04-12.34.23:485][  0]LogD3D11RHI:   Driver Version: Unknown (internal:Unknown, unified:Unknown)
[2018.01.04-12.34.23:485][  0]LogD3D11RHI:      Driver Date: Unknown
[2018.01.04-12.34.23:485][  0]LogRHI: Texture pool is 1361 MB (70% of 1945 MB)
[2018.01.04-12.34.24:167][  0]LogD3D11RHI: Async texture creation enabled
[2018.01.04-12.34.24:402][  0]LogD3D11RHI: GPU Timing Frequency: 1000.000000 (Debug: 2 1)
[2018.01.04-12.34.24:409][  0]LogShaderCompilers: Guid format shader working directory is 33 characters bigger than the processId version (I:/Projekt/PGK/Intermediate/Shaders/WorkingDirectory/5124/).
[2018.01.04-12.34.24:409][  0]LogShaderCompilers: Cleaned the shader compiler working directory 'C:/Users/Robert/AppData/Local/Temp/UnrealShaderWorkingDir/45274569450F79C3830F88A2132A00CA/'.
[2018.01.04-12.34.24:409][  0]LogShaderCompilers:Display: Using Local Shader Compiler.
[2018.01.04-12.34.26:206][  0]LogTemp:Display: Loaded TP AllDesktopTargetPlatform
[2018.01.04-12.34.26:293][  0]LogTemp:Display: Loaded TP MacClientTargetPlatform
[2018.01.04-12.34.26:389][  0]LogTemp:Display: Loaded TP MacNoEditorTargetPlatform
[2018.01.04-12.34.26:538][  0]LogTemp:Display: Loaded TP MacServerTargetPlatform
[2018.01.04-12.34.26:632][  0]LogTemp:Display: Loaded TP MacTargetPlatform
[2018.01.04-12.34.26:799][  0]LogTemp:Display: Loaded TP WindowsClientTargetPlatform
[2018.01.04-12.34.26:916][  0]LogTemp:Display: Loaded TP WindowsNoEditorTargetPlatform
[2018.01.04-12.34.27:044][  0]LogTemp:Display: Loaded TP WindowsServerTargetPlatform
[2018.01.04-12.34.27:154][  0]LogTemp:Display: Loaded TP WindowsTargetPlatform
[2018.01.04-12.34.27:224][  0]LogTemp:Display: Loaded TP AndroidTargetPlatform
[2018.01.04-12.34.27:287][  0]LogTemp:Display: Loaded TP Android_ASTCTargetPlatform
[2018.01.04-12.34.27:345][  0]LogTemp:Display: Loaded TP Android_ATCTargetPlatform
[2018.01.04-12.34.27:426][  0]LogTemp:Display: Loaded TP Android_DXTTargetPlatform
[2018.01.04-12.34.27:542][  0]LogTemp:Display: Loaded TP Android_ETC1TargetPlatform
[2018.01.04-12.34.27:673][  0]LogTemp:Display: Loaded TP Android_ETC2TargetPlatform
[2018.01.04-12.34.27:873][  0]LogTemp:Display: Loaded TP Android_MultiTargetPlatform
[2018.01.04-12.34.27:873][  0]LogTemp:Display: Loaded TP Android_PVRTCTargetPlatform
[2018.01.04-12.34.28:023][  0]LogTemp:Display: Loaded TP HTML5TargetPlatform
[2018.01.04-12.34.28:239][  0]LogTemp:Display: Loaded TP IOSTargetPlatform
[2018.01.04-12.34.28:270][  0]LogTemp:Display: Loaded TP TVOSTargetPlatform
[2018.01.04-12.34.28:335][  0]LogTemp:Display: Loaded TP LinuxClientTargetPlatform
[2018.01.04-12.34.28:405][  0]LogTemp:Display: Loaded TP LinuxNoEditorTargetPlatform
[2018.01.04-12.34.28:464][  0]LogTemp:Display: Loaded TP LinuxServerTargetPlatform
[2018.01.04-12.34.28:525][  0]LogTemp:Display: Loaded TP LinuxTargetPlatform
[2018.01.04-12.34.28:525][  0]LogTargetPlatformManager:Display: Building Assets For Windows
[2018.01.04-12.34.29:292][  0]LogDerivedDataCache:Display: Max Cache Size: 512 MB
[2018.01.04-12.34.29:436][  0]LogDerivedDataCache: Loaded boot cache 0.14s 99MB C:/Users/Robert/AppData/Local/UnrealEngine/4.16/DerivedDataCache/Boot.ddc.
[2018.01.04-12.34.29:436][  0]LogDerivedDataCache:Display: Loaded Boot cache: C:/Users/Robert/AppData/Local/UnrealEngine/4.16/DerivedDataCache/Boot.ddc
[2018.01.04-12.34.29:436][  0]LogDerivedDataCache: FDerivedDataBackendGraph:  Pak pak cache file I:/Projekt/PGK/DerivedDataCache/DDC.ddp not found, will not use a pak cache.
[2018.01.04-12.34.29:436][  0]LogDerivedDataCache: Unable to find inner node Pak for hierarchical cache Hierarchy.
[2018.01.04-12.34.29:437][  0]LogDerivedDataCache: FDerivedDataBackendGraph:  CompressedPak pak cache file I:/Projekt/PGK/DerivedDataCache/Compressed.ddp not found, will not use a pak cache.
[2018.01.04-12.34.29:437][  0]LogDerivedDataCache: Unable to find inner node CompressedPak for hierarchical cache Hierarchy.
[2018.01.04-12.34.29:458][  0]LogDerivedDataCache:Display: Pak cache opened for reading ../../../Engine/DerivedDataCache/Compressed.ddp.
[2018.01.04-12.34.29:470][  0]LogDerivedDataCache: Using Local data cache path C:/Users/Robert/AppData/Local/UnrealEngine/Common/DerivedDataCache: Writable
[2018.01.04-12.34.29:483][  0]LogMaterial: Verifying Global Shaders for PCD3D_SM5
[2018.01.04-12.34.29:483][  0]LogSlate: Using Freetype 2.6.0
[2018.01.04-12.34.29:484][  0]LogSlate: SlateFontCache - WITH_FREETYPE: 1, WITH_HARFBUZZ: 1
[2018.01.04-12.34.29:484][  0]LogSlate: SlateFontCache - WITH_FREETYPE: 1, WITH_HARFBUZZ: 1
[2018.01.04-12.34.29:926][  0]LogInit: Selected Device Profile: [Windows]
[2018.01.04-12.34.30:043][  0]LogContentStreaming: Texture pool size is 0.00 MB
[2018.01.04-12.34.30:225][  0]LogMeshUtilities: Using QuadricMeshReduction for automatic static mesh reduction
[2018.01.04-12.34.30:288][  0]LogSimplygon: Simplygon DLL not present - disabling.
[2018.01.04-12.34.30:358][  0]LogMeshUtilities: Using SimplygonSwarm for distributed automatic mesh merging
[2018.01.04-12.34.30:358][  0]LogMeshUtilities: No automatic skeletal mesh reduction module available
[2018.01.04-12.34.30:358][  0]LogMeshUtilities: No automatic mesh merging module available
[2018.01.04-12.34.31:179][  0]LogNetVersion: PGK , NetCL: 3452394, EngineNetVer: 2, GameNetVer: 0 (Checksum: 3392332418)
[2018.01.04-12.34.31:249][  0]LogAssetRegistry: FAssetRegistry took 0.0268 seconds to start up
[2018.01.04-12.34.31:287][  0]LogPackageLocalizationCache: Processed 4 localized package path(s) for 1 prioritized culture(s) in 0.017171 seconds
[2018.01.04-12.34.31:294][  0]LogUObjectArray: 34194 objects as part of root set at end of initial load.
[2018.01.04-12.34.31:294][  0]LogUObjectAllocator: 7260424 out of 0 bytes used by permanent object pool.
[2018.01.04-12.34.31:294][  0]LogUObjectArray: CloseDisregardForGC: 0/0 objects in disregard for GC pool
[2018.01.04-12.34.31:356][  0]LogInit: WinSock: version 1.1 (2.2), MaxSocks=32767, MaxUdp=65467
[2018.01.04-12.34.34:672][  0]LogTcpMessaging: Initializing TcpMessaging bridge
[2018.01.04-12.34.34:766][  0]LogUdpMessaging: Initializing bridge on interface 0.0.0.0:0 to multicast group 230.0.0.1:6666.
[2018.01.04-12.34.35:340][  0]LogMaterial: Uniform references updated for custom material expression Custom.
[2018.01.04-12.34.35:769][  0]SourceControl: Info Source control is disabled
[2018.01.04-12.34.35:770][  0]SourceControl: Info Source control is disabled
[2018.01.04-12.34.35:818][  0]SourceControl: Info Source control is disabled
[2018.01.04-12.34.35:867][  0]SourceControl: Info Source control is disabled
[2018.01.04-12.34.36:604][  0]LogAndroidPermission: UAndroidPermissionCallbackProxy::GetInstance
[2018.01.04-12.34.37:255][  0]LogEngine: Initializing Engine...
[2018.01.04-12.34.37:256][  0]LogHMD: Failed to initialize OpenVR with code 110
[2018.01.04-12.34.37:497][  0]LogStats: UGameplayTagsManager::ConstructGameplayTagTree: Construct from data asset -  0.000 s
[2018.01.04-12.34.37:497][  0]LogStats: UGameplayTagsManager::ConstructGameplayTagTree: GameplayTagTreeChangedEvent.Broadcast -  0.000 s
[2018.01.04-12.34.37:626][  0]LogAIModule: Creating AISystem for world Untitled
[2018.01.04-12.34.37:637][  0]LogInit: XAudio2 using 'Głośniki (Realtek High Definition Audio)' : 2 channels at 48 kHz using 32 bits per sample (channel mask 0x3)
[2018.01.04-12.34.37:666][  0]LogInit: FAudioDevice initialized.
[2018.01.04-12.34.37:746][  0]LogDerivedDataCache: Saved boot cache 0.08s 99MB C:/Users/Robert/AppData/Local/UnrealEngine/4.16/DerivedDataCache/Boot.ddc.
[2018.01.04-12.34.37:771][  0]LogInit: Texture streaming: Enabled
[2018.01.04-12.34.37:871][  0]LogEngineSessionManager: EngineSessionManager initialized
[2018.01.04-12.34.38:095][  0]LogInit: Transaction tracking system initialized
[2018.01.04-12.34.38:434][  0]BlueprintLog: New page: Editor Load
[2018.01.04-12.34.39:598][  0]LocalizationService: Info Localization service is disabled
[2018.01.04-12.34.40:495][  0]LogConsoleResponse:Display: 
[2018.01.04-12.34.40:689][  0]LogCook:Display: Max memory allowance for cook 16384mb min free memory 0mb
[2018.01.04-12.34.40:689][  0]LogCook:Display: Mobile HDR setting 1
[2018.01.04-12.34.41:460][  0]LogFileCache: Scanning file cache for directory 'I:/Projekt/PGK/Content/' took 0.02s
[2018.01.04-12.34.41:994][  0]SourceControl: Info Source control is disabled
[2018.01.04-12.34.41:994][  0]Cmd: MAP LOAD FILE="I:/Projekt/PGK/Content/FirstPersonBP/Maps/FirstPersonExampleMap.umap" TEMPLATE=0 SHOWPROGRESS=1 FEATURELEVEL=3
[2018.01.04-12.34.41:995][  0]LightingResults: New page: Lighting Build
[2018.01.04-12.34.42:035][  0]MapCheck: New page: Map Check
[2018.01.04-12.34.42:035][  0]LightingResults: New page: Lighting Build
[2018.01.04-12.34.43:019][  0]LogMaterial: Missing cached shader map for material st_tile, compiling. 
[2018.01.04-12.34.43:020][  0]LogMaterial:Warning: Failed to compile Material /Game/import/kibel/st_tile.st_tile for platform PCD3D_SM5, Default Material will be used in game.
[2018.01.04-12.34.43:020][  0]LogMaterial:Warning: 	(Node TextureSample) TextureSample> Sampler type is Normal, should be Color for /Game/import/kibel/Dirt_map.Dirt_map
[2018.01.04-12.34.43:028][  0]LogAIModule: Creating AISystem for world FirstPersonExampleMap
[2018.01.04-12.34.43:095][  0]LogEditorServer: Finished looking for orphan Actors (0.000 secs)
[2018.01.04-12.34.43:117][  0]Cmd: MAP CHECKDEP NOCLEARLOG
[2018.01.04-12.34.43:188][  0]MapCheck: Info Map check complete: 0 Error(s), 0 Warning(s), took 70.869ms to complete.
[2018.01.04-12.34.43:188][  0]LogFileHelpers: Loading map 'FirstPersonExampleMap' took 1.194
[2018.01.04-12.34.43:356][  0]LogCollectionManager: Loaded 0 collections in 0.002324 seconds
[2018.01.04-12.34.43:439][  0]LogFileCache: Scanning file cache for directory 'I:/Projekt/PGK/Saved/Collections/' took 0.01s
[2018.01.04-12.34.43:439][  0]LogFileCache: Scanning file cache for directory 'I:/Projekt/PGK/Content/Developers/Robert/Collections/' took 0.01s
[2018.01.04-12.34.43:439][  0]LogFileCache: Scanning file cache for directory 'I:/Projekt/PGK/Content/Collections/' took 0.01s
[2018.01.04-12.34.43:439][  0]LogCollectionManager: Rebuilt the GUID cache for 0 collections in 0.000002 seconds
[2018.01.04-12.34.43:450][  0]LogContentBrowser: Native class hierarchy populated in 0.0103 seconds. Added 2329 classes and 491 folders.
[2018.01.04-12.34.43:511][  0]LogContentBrowser: Native class hierarchy updated for 'WidgetCarousel' in 0.0011 seconds. Added 0 classes and 0 folders.
[2018.01.04-12.34.43:567][  0]LogContentBrowser: Native class hierarchy updated for 'AddContentDialog' in 0.0006 seconds. Added 0 classes and 0 folders.
[2018.01.04-12.34.43:610][  0]LogContentBrowser: Native class hierarchy updated for 'SceneOutliner' in 0.0009 seconds. Added 1 classes and 2 folders.
[2018.01.04-12.34.43:651][  0]LogCrashTracker: Crashtracker disabled due to settings.
[2018.01.04-12.34.43:660][  0]LogSlate: Took 0.000303 seconds to synchronously load lazily loaded font '../../../Engine/Content/Slate/Fonts/Roboto-Regular.ttf' (155K)
[2018.01.04-12.34.43:663][  0]LogSlate: Took 0.000332 seconds to synchronously load lazily loaded font '../../../Engine/Content/Slate/Fonts/Roboto-Bold.ttf' (160K)
[2018.01.04-12.34.43:671][  0]LogSlate: Took 0.000400 seconds to synchronously load lazily loaded font '../../../Engine/Content/Editor/Slate/Fonts/FontAwesome.ttf' (139K)
[2018.01.04-12.34.43:832][  0]LogRenderer: Reallocating scene render targets to support 1240x592 NumSamples 1 (Frame:1).
[2018.01.04-12.34.44:331][  0]LogUObjectGlobals:Warning: Failed to find object 'Class None.'
[2018.01.04-12.34.44:418][  0]LogContentBrowser: Native class hierarchy updated for 'HierarchicalLODOutliner' in 0.0007 seconds. Added 1 classes and 2 folders.
[2018.01.04-12.34.44:419][  0]LogLoad: (Engine Initialization) Total time: 25.73 seconds
[2018.01.04-12.34.44:419][  0]LogLoad: (Engine Initialization) Total Blueprint compile time: 0.20 seconds
[2018.01.04-12.34.44:419][  0]LogExternalProfiler: No external profilers were discovered.  External profiling features will not be available.
[2018.01.04-12.34.44:458][  0]LogOcInput: OculusInput pre-init called
[2018.01.04-12.34.44:458][  0]LogHMD: Starting GearVRController plugin
[2018.01.04-12.34.44:497][  0]LogContentStreaming: Texture pool size now 1000 MB
[2018.01.04-12.34.44:559][  0]LogSlate: Took 0.000361 seconds to synchronously load lazily loaded font '../../../Engine/Content/Slate/Fonts/Roboto-Light.ttf' (159K)
[2018.01.04-12.34.44:577][  1]LogFileCache: Retrieving MD5 hashes for directory 'I:/Projekt/PGK/Content/' took 0.10s
[2018.01.04-12.34.44:603][  1]LogAssetRegistry: Asset discovery search completed in 13.3760 seconds
[2018.01.04-12.34.44:606][  1]LogCollectionManager: Rebuilt the object cache for 0 collections in 0.000001 seconds (found 0 objects)
[2018.01.04-12.34.44:606][  1]LogCollectionManager: Fixed up redirectors for 0 collections in 0.000341 seconds (updated 0 objects)
[2018.01.04-12.36.06:832][471]Cmd: DELETE
[2018.01.04-12.36.06:832][471]Cmd: ACTOR DELETE
[2018.01.04-12.36.06:836][471]LogEditorActor: Deleted Actor: TriggerBox
[2018.01.04-12.36.06:851][471]LogEditorActor: Deleted 1 Actors (0.018 secs)
[2018.01.04-12.36.15:250][722]Cmd: BRUSH ADD SELECTNEWBRUSH
[2018.01.04-12.37.40:813][290]LogEditorViewport: Clicking on Actor (LMB): StaticMeshActor (Cube4)
[2018.01.04-12.38.47:858][301]LogEditorViewport: Clicking on Actor (LMB): StaticMeshActor (Cube4)
[2018.01.04-12.38.55:725][537]LogEditorViewport: Clicking on Actor (LMB): StaticMeshActor (Cube22)
[2018.01.04-12.39.46:226][ 51]Cmd: BRUSH ADD SELECTNEWBRUSH
[2018.01.04-12.39.49:134][139]Cmd: DELETE
[2018.01.04-12.39.49:134][139]Cmd: ACTOR DELETE
[2018.01.04-12.39.49:139][139]LogEditorActor: Deleted Actor: Brush
[2018.01.04-12.39.49:206][139]LogEditorActor: Deleted 1 Actors (0.072 secs)
[2018.01.04-12.39.52:839][249]LogActorFactory: Actor Factory created Cube
[2018.01.04-12.39.53:818][279]LogActorFactory: Actor Factory created Cube
[2018.01.04-12.40.49:937][963]LogTemp: Repeting last play command: Selected Viewport
[2018.01.04-12.40.49:988][963]LogBlueprintUserMessages: Early PlayInEditor Detection: Level '/Game/FirstPersonBP/Maps/FirstPersonExampleMap.FirstPersonExampleMap:PersistentLevel' has LevelScriptBlueprint '/Game/FirstPersonBP/Maps/FirstPersonExampleMap.FirstPersonExampleMap:PersistentLevel.FirstPersonExampleMap' with GeneratedClass '/Game/FirstPersonBP/Maps/FirstPersonExampleMap.FirstPersonExampleMap_C' with ClassGeneratedBy '/Game/FirstPersonBP/Maps/FirstPersonExampleMap.FirstPersonExampleMap:PersistentLevel.FirstPersonExampleMap'
[2018.01.04-12.40.49:988][963]LogPlayLevel: PlayLevel: No blueprints needed recompiling
[2018.01.04-12.40.49:988][963]PIE: New page: PIE session: FirstPersonExampleMap (Jan 4, 2018, 2:40:49 PM)
[2018.01.04-12.40.49:988][963]LogPlayLevel: Creating play world package: /Game/FirstPersonBP/Maps/UEDPIE_0_FirstPersonExampleMap
[2018.01.04-12.40.50:060][963]LogPlayLevel: PIE: StaticDuplicateObject took: (0.071381s)
[2018.01.04-12.40.50:061][963]LogAIModule: Creating AISystem for world FirstPersonExampleMap
[2018.01.04-12.40.50:061][963]LogPlayLevel: PIE: World Init took: (0.001605s)
[2018.01.04-12.40.50:062][963]LogPlayLevel: PIE: Created PIE world by copying editor world from /Game/FirstPersonBP/Maps/FirstPersonExampleMap.FirstPersonExampleMap to /Game/FirstPersonBP/Maps/UEDPIE_0_FirstPersonExampleMap.FirstPersonExampleMap (0.073546s)
[2018.01.04-12.40.50:096][963]LogInit: XAudio2 using 'Głośniki (Realtek High Definition Audio)' : 2 channels at 48 kHz using 32 bits per sample (channel mask 0x3)
[2018.01.04-12.40.50:124][963]LogInit: FAudioDevice initialized.
[2018.01.04-12.40.50:169][963]LogLoad: Game class is 'FirstPersonGameMode_C'
[2018.01.04-12.40.50:186][963]LogWorld: Bringing World /Game/FirstPersonBP/Maps/UEDPIE_0_FirstPersonExampleMap.FirstPersonExampleMap up for play (max tick rate 60) at 2018.01.04-13.40.50
[2018.01.04-12.40.50:186][963]LogWorld: Bringing up level for play took: 0.014110
[2018.01.04-12.40.50:187][963]LogGameMode: FindPlayerStart: PATHS NOT DEFINED or NO PLAYERSTART with positive rating
[2018.01.04-12.40.50:239][963]LogContentBrowser: Native class hierarchy updated for 'MovieSceneCapture' in 0.0011 seconds. Added 11 classes and 0 folders.
[2018.01.04-12.40.50:241][963]PIE: Info Play in editor start time for /Game/FirstPersonBP/Maps/UEDPIE_0_FirstPersonExampleMap 0.278
[2018.01.04-12.40.50:241][963]LogBlueprintUserMessages: Late PlayInEditor Detection: Level '/Game/FirstPersonBP/Maps/FirstPersonExampleMap.FirstPersonExampleMap:PersistentLevel' has LevelScriptBlueprint '/Game/FirstPersonBP/Maps/FirstPersonExampleMap.FirstPersonExampleMap:PersistentLevel.FirstPersonExampleMap' with GeneratedClass '/Game/FirstPersonBP/Maps/FirstPersonExampleMap.FirstPersonExampleMap_C' with ClassGeneratedBy '/Game/FirstPersonBP/Maps/FirstPersonExampleMap.FirstPersonExampleMap:PersistentLevel.FirstPersonExampleMap'
[2018.01.04-12.41.07:340][485]LogBlueprintUserMessages: Early EndPlayMap Detection: Level '/Game/FirstPersonBP/Maps/FirstPersonExampleMap.FirstPersonExampleMap:PersistentLevel' has LevelScriptBlueprint '/Game/FirstPersonBP/Maps/FirstPersonExampleMap.FirstPersonExampleMap:PersistentLevel.FirstPersonExampleMap' with GeneratedClass '/Game/FirstPersonBP/Maps/FirstPersonExampleMap.FirstPersonExampleMap_C' with ClassGeneratedBy '/Game/FirstPersonBP/Maps/FirstPersonExampleMap.FirstPersonExampleMap:PersistentLevel.FirstPersonExampleMap'
[2018.01.04-12.41.07:407][485]LogBlueprintUserMessages: Late EndPlayMap Detection: Level '/Game/FirstPersonBP/Maps/FirstPersonExampleMap.FirstPersonExampleMap:PersistentLevel' has LevelScriptBlueprint '/Game/FirstPersonBP/Maps/FirstPersonExampleMap.FirstPersonExampleMap:PersistentLevel.FirstPersonExampleMap' with GeneratedClass '/Game/FirstPersonBP/Maps/FirstPersonExampleMap.FirstPersonExampleMap_C' with ClassGeneratedBy '/Game/FirstPersonBP/Maps/FirstPersonExampleMap.FirstPersonExampleMap:PersistentLevel.FirstPersonExampleMap'
[2018.01.04-12.41.11:005][595]LogEditorViewport: Clicking on Actor (LMB): StaticMeshActor (Cube66)
[2018.01.04-12.41.16:472][759]LogTemp: Repeting last play command: Selected Viewport
[2018.01.04-12.41.16:495][759]LogBlueprintUserMessages: Early PlayInEditor Detection: Level '/Game/FirstPersonBP/Maps/FirstPersonExampleMap.FirstPersonExampleMap:PersistentLevel' has LevelScriptBlueprint '/Game/FirstPersonBP/Maps/FirstPersonExampleMap.FirstPersonExampleMap:PersistentLevel.FirstPersonExampleMap' with GeneratedClass '/Game/FirstPersonBP/Maps/FirstPersonExampleMap.FirstPersonExampleMap_C' with ClassGeneratedBy '/Game/FirstPersonBP/Maps/FirstPersonExampleMap.FirstPersonExampleMap:PersistentLevel.FirstPersonExampleMap'
[2018.01.04-12.41.16:495][759]LogPlayLevel: PlayLevel: No blueprints needed recompiling
[2018.01.04-12.41.16:496][759]PIE: New page: PIE session: FirstPersonExampleMap (Jan 4, 2018, 2:41:16 PM)
[2018.01.04-12.41.16:496][759]LogPlayLevel: Creating play world package: /Game/FirstPersonBP/Maps/UEDPIE_0_FirstPersonExampleMap
[2018.01.04-12.41.16:582][759]LogPlayLevel: PIE: StaticDuplicateObject took: (0.086718s)
[2018.01.04-12.41.16:585][759]LogAIModule: Creating AISystem for world FirstPersonExampleMap
[2018.01.04-12.41.16:585][759]LogPlayLevel: PIE: World Init took: (0.002300s)
[2018.01.04-12.41.16:586][759]LogPlayLevel: PIE: Created PIE world by copying editor world from /Game/FirstPersonBP/Maps/FirstPersonExampleMap.FirstPersonExampleMap to /Game/FirstPersonBP/Maps/UEDPIE_0_FirstPersonExampleMap.FirstPersonExampleMap (0.089969s)
[2018.01.04-12.41.16:620][759]LogInit: XAudio2 using 'Głośniki (Realtek High Definition Audio)' : 2 channels at 48 kHz using 32 bits per sample (channel mask 0x3)
[2018.01.04-12.41.16:652][759]LogInit: FAudioDevice initialized.
[2018.01.04-12.41.16:691][759]LogLoad: Game class is 'FirstPersonGameMode_C'
[2018.01.04-12.41.16:710][759]LogWorld: Bringing World /Game/FirstPersonBP/Maps/UEDPIE_0_FirstPersonExampleMap.FirstPersonExampleMap up for play (max tick rate 60) at 2018.01.04-13.41.16
[2018.01.04-12.41.16:712][759]LogWorld: Bringing up level for play took: 0.018057
[2018.01.04-12.41.16:712][759]LogGameMode: FindPlayerStart: PATHS NOT DEFINED or NO PLAYERSTART with positive rating
[2018.01.04-12.41.16:714][759]PIE: Info Play in editor start time for /Game/FirstPersonBP/Maps/UEDPIE_0_FirstPersonExampleMap 0.751
[2018.01.04-12.41.16:714][759]LogBlueprintUserMessages: Late PlayInEditor Detection: Level '/Game/FirstPersonBP/Maps/FirstPersonExampleMap.FirstPersonExampleMap:PersistentLevel' has LevelScriptBlueprint '/Game/FirstPersonBP/Maps/FirstPersonExampleMap.FirstPersonExampleMap:PersistentLevel.FirstPersonExampleMap' with GeneratedClass '/Game/FirstPersonBP/Maps/FirstPersonExampleMap.FirstPersonExampleMap_C' with ClassGeneratedBy '/Game/FirstPersonBP/Maps/FirstPersonExampleMap.FirstPersonExampleMap:PersistentLevel.FirstPersonExampleMap'
[2018.01.04-12.41.26:408][ 57]LogBlueprintUserMessages: Early EndPlayMap Detection: Level '/Game/FirstPersonBP/Maps/FirstPersonExampleMap.FirstPersonExampleMap:PersistentLevel' has LevelScriptBlueprint '/Game/FirstPersonBP/Maps/FirstPersonExampleMap.FirstPersonExampleMap:PersistentLevel.FirstPersonExampleMap' with GeneratedClass '/Game/FirstPersonBP/Maps/FirstPersonExampleMap.FirstPersonExampleMap_C' with ClassGeneratedBy '/Game/FirstPersonBP/Maps/FirstPersonExampleMap.FirstPersonExampleMap:PersistentLevel.FirstPersonExampleMap'
[2018.01.04-12.41.26:480][ 57]LogBlueprintUserMessages: Late EndPlayMap Detection: Level '/Game/FirstPersonBP/Maps/FirstPersonExampleMap.FirstPersonExampleMap:PersistentLevel' has LevelScriptBlueprint '/Game/FirstPersonBP/Maps/FirstPersonExampleMap.FirstPersonExampleMap:PersistentLevel.FirstPersonExampleMap' with GeneratedClass '/Game/FirstPersonBP/Maps/FirstPersonExampleMap.FirstPersonExampleMap_C' with ClassGeneratedBy '/Game/FirstPersonBP/Maps/FirstPersonExampleMap.FirstPersonExampleMap:PersistentLevel.FirstPersonExampleMap'
[2018.01.04-12.41.30:540][181]LogEditorViewport: Clicking on Actor (LMB): FL_actor_C (FL_actor)
[2018.01.04-12.41.36:708][366]LogSlate: Took 0.000430 seconds to synchronously load lazily loaded font '../../../Engine/Content/Editor/Slate/Fonts/Roboto-Italic.ttf' (157K)
[2018.01.04-12.41.46:308][654]LogEditorViewport: Clicking on Actor (LMB): FirstPersonCharacter_C (FirstPersonCharacter)
[2018.01.04-12.41.58:362][973]LogEditorViewport: Clicking on Actor (LMB): StaticMeshActor (sciana_winda_kor1)
[2018.01.04-12.42.03:009][155]LogEditorViewport: Clicking on Actor (LMB): StaticMeshActor (Cube66)
[2018.01.04-12.42.30:975][994]Cmd: EDIT COPY
[2018.01.04-12.42.31:209][  1]Cmd: EDIT PASTE
[2018.01.04-12.42.45:210][421]LogTemp: Repeting last play command: Selected Viewport
[2018.01.04-12.42.45:228][421]LogBlueprintUserMessages: Early PlayInEditor Detection: Level '/Game/FirstPersonBP/Maps/FirstPersonExampleMap.FirstPersonExampleMap:PersistentLevel' has LevelScriptBlueprint '/Game/FirstPersonBP/Maps/FirstPersonExampleMap.FirstPersonExampleMap:PersistentLevel.FirstPersonExampleMap' with GeneratedClass '/Game/FirstPersonBP/Maps/FirstPersonExampleMap.FirstPersonExampleMap_C' with ClassGeneratedBy '/Game/FirstPersonBP/Maps/FirstPersonExampleMap.FirstPersonExampleMap:PersistentLevel.FirstPersonExampleMap'
[2018.01.04-12.42.45:228][421]LogPlayLevel: PlayLevel: No blueprints needed recompiling
[2018.01.04-12.42.45:228][421]PIE: New page: PIE session: FirstPersonExampleMap (Jan 4, 2018, 2:42:45 PM)
[2018.01.04-12.42.45:228][421]LogPlayLevel: Creating play world package: /Game/FirstPersonBP/Maps/UEDPIE_0_FirstPersonExampleMap
[2018.01.04-12.42.45:293][421]LogPlayLevel: PIE: StaticDuplicateObject took: (0.065322s)
[2018.01.04-12.42.45:294][421]LogAIModule: Creating AISystem for world FirstPersonExampleMap
[2018.01.04-12.42.45:295][421]LogPlayLevel: PIE: World Init took: (0.001285s)
[2018.01.04-12.42.45:295][421]LogPlayLevel: PIE: Created PIE world by copying editor world from /Game/FirstPersonBP/Maps/FirstPersonExampleMap.FirstPersonExampleMap to /Game/FirstPersonBP/Maps/UEDPIE_0_FirstPersonExampleMap.FirstPersonExampleMap (0.067040s)
[2018.01.04-12.42.45:334][421]LogInit: XAudio2 using 'Głośniki (Realtek High Definition Audio)' : 2 channels at 48 kHz using 32 bits per sample (channel mask 0x3)
[2018.01.04-12.42.45:357][421]LogInit: FAudioDevice initialized.
[2018.01.04-12.42.45:394][421]LogLoad: Game class is 'FirstPersonGameMode_C'
[2018.01.04-12.42.45:409][421]LogWorld: Bringing World /Game/FirstPersonBP/Maps/UEDPIE_0_FirstPersonExampleMap.FirstPersonExampleMap up for play (max tick rate 60) at 2018.01.04-13.42.45
[2018.01.04-12.42.45:409][421]LogWorld: Bringing up level for play took: 0.012687
[2018.01.04-12.42.45:410][421]LogGameMode: FindPlayerStart: PATHS NOT DEFINED or NO PLAYERSTART with positive rating
[2018.01.04-12.42.45:411][421]PIE: Info Play in editor start time for /Game/FirstPersonBP/Maps/UEDPIE_0_FirstPersonExampleMap -0.552
[2018.01.04-12.42.45:411][421]LogBlueprintUserMessages: Late PlayInEditor Detection: Level '/Game/FirstPersonBP/Maps/FirstPersonExampleMap.FirstPersonExampleMap:PersistentLevel' has LevelScriptBlueprint '/Game/FirstPersonBP/Maps/FirstPersonExampleMap.FirstPersonExampleMap:PersistentLevel.FirstPersonExampleMap' with GeneratedClass '/Game/FirstPersonBP/Maps/FirstPersonExampleMap.FirstPersonExampleMap_C' with ClassGeneratedBy '/Game/FirstPersonBP/Maps/FirstPersonExampleMap.FirstPersonExampleMap:PersistentLevel.FirstPersonExampleMap'
[2018.01.04-12.44.22:982][354]LogBlueprintUserMessages: Early EndPlayMap Detection: Level '/Game/FirstPersonBP/Maps/FirstPersonExampleMap.FirstPersonExampleMap:PersistentLevel' has LevelScriptBlueprint '/Game/FirstPersonBP/Maps/FirstPersonExampleMap.FirstPersonExampleMap:PersistentLevel.FirstPersonExampleMap' with GeneratedClass '/Game/FirstPersonBP/Maps/FirstPersonExampleMap.FirstPersonExampleMap_C' with ClassGeneratedBy '/Game/FirstPersonBP/Maps/FirstPersonExampleMap.FirstPersonExampleMap:PersistentLevel.FirstPersonExampleMap'
[2018.01.04-12.44.23:049][354]LogBlueprintUserMessages: Late EndPlayMap Detection: Level '/Game/FirstPersonBP/Maps/FirstPersonExampleMap.FirstPersonExampleMap:PersistentLevel' has LevelScriptBlueprint '/Game/FirstPersonBP/Maps/FirstPersonExampleMap.FirstPersonExampleMap:PersistentLevel.FirstPersonExampleMap' with GeneratedClass '/Game/FirstPersonBP/Maps/FirstPersonExampleMap.FirstPersonExampleMap_C' with ClassGeneratedBy '/Game/FirstPersonBP/Maps/FirstPersonExampleMap.FirstPersonExampleMap:PersistentLevel.FirstPersonExampleMap'
[2018.01.04-12.45.14:813][909]LogEditorViewport: Clicking on Actor (LMB): StaticMeshActor (SM_Rock33)
[2018.01.04-12.45.27:447][288]LogTemp: Repeting last play command: Selected Viewport
[2018.01.04-12.45.27:460][288]LogBlueprintUserMessages: Early PlayInEditor Detection: Level '/Game/FirstPersonBP/Maps/FirstPersonExampleMap.FirstPersonExampleMap:PersistentLevel' has LevelScriptBlueprint '/Game/FirstPersonBP/Maps/FirstPersonExampleMap.FirstPersonExampleMap:PersistentLevel.FirstPersonExampleMap' with GeneratedClass '/Game/FirstPersonBP/Maps/FirstPersonExampleMap.FirstPersonExampleMap_C' with ClassGeneratedBy '/Game/FirstPersonBP/Maps/FirstPersonExampleMap.FirstPersonExampleMap:PersistentLevel.FirstPersonExampleMap'
[2018.01.04-12.45.27:460][288]LogPlayLevel: PlayLevel: No blueprints needed recompiling
[2018.01.04-12.45.27:460][288]PIE: New page: PIE session: FirstPersonExampleMap (Jan 4, 2018, 2:45:27 PM)
[2018.01.04-12.45.27:461][288]LogPlayLevel: Creating play world package: /Game/FirstPersonBP/Maps/UEDPIE_0_FirstPersonExampleMap
[2018.01.04-12.45.27:522][288]LogPlayLevel: PIE: StaticDuplicateObject took: (0.061205s)
[2018.01.04-12.45.27:523][288]LogAIModule: Creating AISystem for world FirstPersonExampleMap
[2018.01.04-12.45.27:523][288]LogPlayLevel: PIE: World Init took: (0.001371s)
[2018.01.04-12.45.27:524][288]LogPlayLevel: PIE: Created PIE world by copying editor world from /Game/FirstPersonBP/Maps/FirstPersonExampleMap.FirstPersonExampleMap to /Game/FirstPersonBP/Maps/UEDPIE_0_FirstPersonExampleMap.FirstPersonExampleMap (0.063194s)
[2018.01.04-12.45.27:550][288]LogInit: XAudio2 using 'Głośniki (Realtek High Definition Audio)' : 2 channels at 48 kHz using 32 bits per sample (channel mask 0x3)
[2018.01.04-12.45.27:575][288]LogInit: FAudioDevice initialized.
[2018.01.04-12.45.27:613][288]LogLoad: Game class is 'FirstPersonGameMode_C'
[2018.01.04-12.45.27:624][288]LogWorld: Bringing World /Game/FirstPersonBP/Maps/UEDPIE_0_FirstPersonExampleMap.FirstPersonExampleMap up for play (max tick rate 60) at 2018.01.04-13.45.27
[2018.01.04-12.45.27:625][288]LogWorld: Bringing up level for play took: 0.010267
[2018.01.04-12.45.27:625][288]LogGameMode: FindPlayerStart: PATHS NOT DEFINED or NO PLAYERSTART with positive rating
[2018.01.04-12.45.27:626][288]PIE: Info Play in editor start time for /Game/FirstPersonBP/Maps/UEDPIE_0_FirstPersonExampleMap -0.337
[2018.01.04-12.45.27:626][288]LogBlueprintUserMessages: Late PlayInEditor Detection: Level '/Game/FirstPersonBP/Maps/FirstPersonExampleMap.FirstPersonExampleMap:PersistentLevel' has LevelScriptBlueprint '/Game/FirstPersonBP/Maps/FirstPersonExampleMap.FirstPersonExampleMap:PersistentLevel.FirstPersonExampleMap' with GeneratedClass '/Game/FirstPersonBP/Maps/FirstPersonExampleMap.FirstPersonExampleMap_C' with ClassGeneratedBy '/Game/FirstPersonBP/Maps/FirstPersonExampleMap.FirstPersonExampleMap:PersistentLevel.FirstPersonExampleMap'
[2018.01.04-12.47.40:752][287]LogBlueprintUserMessages: Early EndPlayMap Detection: Level '/Game/FirstPersonBP/Maps/FirstPersonExampleMap.FirstPersonExampleMap:PersistentLevel' has LevelScriptBlueprint '/Game/FirstPersonBP/Maps/FirstPersonExampleMap.FirstPersonExampleMap:PersistentLevel.FirstPersonExampleMap' with GeneratedClass '/Game/FirstPersonBP/Maps/FirstPersonExampleMap.FirstPersonExampleMap_C' with ClassGeneratedBy '/Game/FirstPersonBP/Maps/FirstPersonExampleMap.FirstPersonExampleMap:PersistentLevel.FirstPersonExampleMap'
[2018.01.04-12.47.40:818][287]LogBlueprintUserMessages: Late EndPlayMap Detection: Level '/Game/FirstPersonBP/Maps/FirstPersonExampleMap.FirstPersonExampleMap:PersistentLevel' has LevelScriptBlueprint '/Game/FirstPersonBP/Maps/FirstPersonExampleMap.FirstPersonExampleMap:PersistentLevel.FirstPersonExampleMap' with GeneratedClass '/Game/FirstPersonBP/Maps/FirstPersonExampleMap.FirstPersonExampleMap_C' with ClassGeneratedBy '/Game/FirstPersonBP/Maps/FirstPersonExampleMap.FirstPersonExampleMap:PersistentLevel.FirstPersonExampleMap'
[2018.01.04-12.47.49:551][551]LogTemp: Repeting last play command: Selected Viewport
[2018.01.04-12.47.49:567][551]LogBlueprintUserMessages: Early PlayInEditor Detection: Level '/Game/FirstPersonBP/Maps/FirstPersonExampleMap.FirstPersonExampleMap:PersistentLevel' has LevelScriptBlueprint '/Game/FirstPersonBP/Maps/FirstPersonExampleMap.FirstPersonExampleMap:PersistentLevel.FirstPersonExampleMap' with GeneratedClass '/Game/FirstPersonBP/Maps/FirstPersonExampleMap.FirstPersonExampleMap_C' with ClassGeneratedBy '/Game/FirstPersonBP/Maps/FirstPersonExampleMap.FirstPersonExampleMap:PersistentLevel.FirstPersonExampleMap'
[2018.01.04-12.47.49:567][551]LogPlayLevel: PlayLevel: No blueprints needed recompiling
[2018.01.04-12.47.49:567][551]PIE: New page: PIE session: FirstPersonExampleMap (Jan 4, 2018, 2:47:49 PM)
[2018.01.04-12.47.49:567][551]LogPlayLevel: Creating play world package: /Game/FirstPersonBP/Maps/UEDPIE_0_FirstPersonExampleMap
[2018.01.04-12.47.49:633][551]LogPlayLevel: PIE: StaticDuplicateObject took: (0.065967s)
[2018.01.04-12.47.49:635][551]LogAIModule: Creating AISystem for world FirstPersonExampleMap
[2018.01.04-12.47.49:636][551]LogPlayLevel: PIE: World Init took: (0.001861s)
[2018.01.04-12.47.49:636][551]LogPlayLevel: PIE: Created PIE world by copying editor world from /Game/FirstPersonBP/Maps/FirstPersonExampleMap.FirstPersonExampleMap to /Game/FirstPersonBP/Maps/UEDPIE_0_FirstPersonExampleMap.FirstPersonExampleMap (0.068331s)
[2018.01.04-12.47.49:660][551]LogInit: XAudio2 using 'Głośniki (Realtek High Definition Audio)' : 2 channels at 48 kHz using 32 bits per sample (channel mask 0x3)
[2018.01.04-12.47.49:684][551]LogInit: FAudioDevice initialized.
[2018.01.04-12.47.49:720][551]LogLoad: Game class is 'FirstPersonGameMode_C'
[2018.01.04-12.47.49:735][551]LogWorld: Bringing World /Game/FirstPersonBP/Maps/UEDPIE_0_FirstPersonExampleMap.FirstPersonExampleMap up for play (max tick rate 60) at 2018.01.04-13.47.49
[2018.01.04-12.47.49:735][551]LogWorld: Bringing up level for play took: 0.013456
[2018.01.04-12.47.49:736][551]LogGameMode: FindPlayerStart: PATHS NOT DEFINED or NO PLAYERSTART with positive rating
[2018.01.04-12.47.49:737][551]PIE: Info Play in editor start time for /Game/FirstPersonBP/Maps/UEDPIE_0_FirstPersonExampleMap -0.226
[2018.01.04-12.47.49:737][551]LogBlueprintUserMessages: Late PlayInEditor Detection: Level '/Game/FirstPersonBP/Maps/FirstPersonExampleMap.FirstPersonExampleMap:PersistentLevel' has LevelScriptBlueprint '/Game/FirstPersonBP/Maps/FirstPersonExampleMap.FirstPersonExampleMap:PersistentLevel.FirstPersonExampleMap' with GeneratedClass '/Game/FirstPersonBP/Maps/FirstPersonExampleMap.FirstPersonExampleMap_C' with ClassGeneratedBy '/Game/FirstPersonBP/Maps/FirstPersonExampleMap.FirstPersonExampleMap:PersistentLevel.FirstPersonExampleMap'
[2018.01.04-12.49.58:423][417]LogBlueprintUserMessages: Early EndPlayMap Detection: Level '/Game/FirstPersonBP/Maps/FirstPersonExampleMap.FirstPersonExampleMap:PersistentLevel' has LevelScriptBlueprint '/Game/FirstPersonBP/Maps/FirstPersonExampleMap.FirstPersonExampleMap:PersistentLevel.FirstPersonExampleMap' with GeneratedClass '/Game/FirstPersonBP/Maps/FirstPersonExampleMap.FirstPersonExampleMap_C' with ClassGeneratedBy '/Game/FirstPersonBP/Maps/FirstPersonExampleMap.FirstPersonExampleMap:PersistentLevel.FirstPersonExampleMap'
[2018.01.04-12.49.58:494][417]LogBlueprintUserMessages: Late EndPlayMap Detection: Level '/Game/FirstPersonBP/Maps/FirstPersonExampleMap.FirstPersonExampleMap:PersistentLevel' has LevelScriptBlueprint '/Game/FirstPersonBP/Maps/FirstPersonExampleMap.FirstPersonExampleMap:PersistentLevel.FirstPersonExampleMap' with GeneratedClass '/Game/FirstPersonBP/Maps/FirstPersonExampleMap.FirstPersonExampleMap_C' with ClassGeneratedBy '/Game/FirstPersonBP/Maps/FirstPersonExampleMap.FirstPersonExampleMap:PersistentLevel.FirstPersonExampleMap'
[2018.01.04-12.50.20:055][ 61]LogMaterial: Missing cached shader map for material T_Rock_Basalt_Mat, compiling. 
[2018.01.04-12.50.55:627][133]LogTemp: Repeting last play command: Selected Viewport
[2018.01.04-12.50.55:640][133]LogBlueprintUserMessages: Early PlayInEditor Detection: Level '/Game/FirstPersonBP/Maps/FirstPersonExampleMap.FirstPersonExampleMap:PersistentLevel' has LevelScriptBlueprint '/Game/FirstPersonBP/Maps/FirstPersonExampleMap.FirstPersonExampleMap:PersistentLevel.FirstPersonExampleMap' with GeneratedClass '/Game/FirstPersonBP/Maps/FirstPersonExampleMap.FirstPersonExampleMap_C' with ClassGeneratedBy '/Game/FirstPersonBP/Maps/FirstPersonExampleMap.FirstPersonExampleMap:PersistentLevel.FirstPersonExampleMap'
[2018.01.04-12.50.55:640][133]LogPlayLevel: PlayLevel: No blueprints needed recompiling
[2018.01.04-12.50.55:640][133]PIE: New page: PIE session: FirstPersonExampleMap (Jan 4, 2018, 2:50:55 PM)
[2018.01.04-12.50.55:640][133]LogPlayLevel: Creating play world package: /Game/FirstPersonBP/Maps/UEDPIE_0_FirstPersonExampleMap
[2018.01.04-12.50.55:714][133]LogPlayLevel: PIE: StaticDuplicateObject took: (0.073830s)
[2018.01.04-12.50.55:715][133]LogAIModule: Creating AISystem for world FirstPersonExampleMap
[2018.01.04-12.50.55:716][133]LogPlayLevel: PIE: World Init took: (0.001358s)
[2018.01.04-12.50.55:716][133]LogPlayLevel: PIE: Created PIE world by copying editor world from /Game/FirstPersonBP/Maps/FirstPersonExampleMap.FirstPersonExampleMap to /Game/FirstPersonBP/Maps/UEDPIE_0_FirstPersonExampleMap.FirstPersonExampleMap (0.075727s)
[2018.01.04-12.50.55:736][133]LogInit: XAudio2 using 'Głośniki (Realtek High Definition Audio)' : 2 channels at 48 kHz using 32 bits per sample (channel mask 0x3)
[2018.01.04-12.50.55:761][133]LogInit: FAudioDevice initialized.
[2018.01.04-12.50.55:796][133]LogLoad: Game class is 'FirstPersonGameMode_C'
[2018.01.04-12.50.55:809][133]LogWorld: Bringing World /Game/FirstPersonBP/Maps/UEDPIE_0_FirstPersonExampleMap.FirstPersonExampleMap up for play (max tick rate 60) at 2018.01.04-13.50.55
[2018.01.04-12.50.55:809][133]LogWorld: Bringing up level for play took: 0.011640
[2018.01.04-12.50.55:810][133]LogGameMode: FindPlayerStart: PATHS NOT DEFINED or NO PLAYERSTART with positive rating
[2018.01.04-12.50.55:811][133]PIE: Info Play in editor start time for /Game/FirstPersonBP/Maps/UEDPIE_0_FirstPersonExampleMap -0.152
[2018.01.04-12.50.55:811][133]LogBlueprintUserMessages: Late PlayInEditor Detection: Level '/Game/FirstPersonBP/Maps/FirstPersonExampleMap.FirstPersonExampleMap:PersistentLevel' has LevelScriptBlueprint '/Game/FirstPersonBP/Maps/FirstPersonExampleMap.FirstPersonExampleMap:PersistentLevel.FirstPersonExampleMap' with GeneratedClass '/Game/FirstPersonBP/Maps/FirstPersonExampleMap.FirstPersonExampleMap_C' with ClassGeneratedBy '/Game/FirstPersonBP/Maps/FirstPersonExampleMap.FirstPersonExampleMap:PersistentLevel.FirstPersonExampleMap'
[2018.01.04-12.52.39:432][247]LogBlueprintUserMessages: Early EndPlayMap Detection: Level '/Game/FirstPersonBP/Maps/FirstPersonExampleMap.FirstPersonExampleMap:PersistentLevel' has LevelScriptBlueprint '/Game/FirstPersonBP/Maps/FirstPersonExampleMap.FirstPersonExampleMap:PersistentLevel.FirstPersonExampleMap' with GeneratedClass '/Game/FirstPersonBP/Maps/FirstPersonExampleMap.FirstPersonExampleMap_C' with ClassGeneratedBy '/Game/FirstPersonBP/Maps/FirstPersonExampleMap.FirstPersonExampleMap:PersistentLevel.FirstPersonExampleMap'
[2018.01.04-12.52.39:510][247]LogBlueprintUserMessages: Late EndPlayMap Detection: Level '/Game/FirstPersonBP/Maps/FirstPersonExampleMap.FirstPersonExampleMap:PersistentLevel' has LevelScriptBlueprint '/Game/FirstPersonBP/Maps/FirstPersonExampleMap.FirstPersonExampleMap:PersistentLevel.FirstPersonExampleMap' with GeneratedClass '/Game/FirstPersonBP/Maps/FirstPersonExampleMap.FirstPersonExampleMap_C' with ClassGeneratedBy '/Game/FirstPersonBP/Maps/FirstPersonExampleMap.FirstPersonExampleMap:PersistentLevel.FirstPersonExampleMap'
[2018.01.04-12.52.43:852][378]LogEditorViewport: Clicking on Actor (CTRL LMB): Landscape (Landscape1)
[2018.01.04-12.52.52:732][646]Cmd: TRANSACTION UNDO
[2018.01.04-12.52.52:732][646]LogEditorTransaction: Undo Move Actors
[2018.01.04-12.52.52:910][646]LogSlate: Took 0.000438 seconds to synchronously load lazily loaded font '../../../Engine/Content/Slate/Fonts/Roboto-Light.ttf' (159K)
[2018.01.04-12.52.55:532][730]LogEditorViewport: Clicking on Actor (LMB): StaticMeshActor (SM_Rock30)
[2018.01.04-12.54.19:901][261]LogEditorViewport: Clicking on Actor (LMB): PointLight (PointLight16)
[2018.01.04-12.56.00:149][268]LogSlate: Took 0.000253 seconds to synchronously load lazily loaded font '../../../Engine/Content/Slate/Fonts/Roboto-Light.ttf' (159K)
[2018.01.04-12.56.00:188][268]Cmd: OBJ SAVEPACKAGE PACKAGE="/Game/FirstPersonBP/Maps/FirstPersonExampleMap" FILE="I:/Projekt/PGK/Content/FirstPersonBP/Maps/FirstPersonExampleMap.umap" SILENT=true AUTOSAVING=false KEEPDIRTY=false
[2018.01.04-12.56.01:202][268]LogSavePackage: Save=980.77ms
[2018.01.04-12.56.01:202][268]LogSavePackage: Moving 'I:/Projekt/PGK/Saved/FirstPersonExampleMap25FDD70540FEBAA4098C01A24CB63F0E.tmp' to 'I:/Projekt/PGK/Content/FirstPersonBP/Maps/FirstPersonExampleMap.umap'
[2018.01.04-12.56.01:206][268]LogSavePackage:Display: Finished SavePackage I:/Projekt/PGK/Content/FirstPersonBP/Maps/FirstPersonExampleMap.umap
[2018.01.04-12.56.01:237][268]Cmd: OBJ SAVEPACKAGE PACKAGE="/Game/FirstPersonBP/Maps/FirstPersonExampleMap_BuiltData" FILE="I:/Projekt/PGK/Content/FirstPersonBP/Maps/FirstPersonExampleMap_BuiltData.uasset" SILENT=true
[2018.01.04-12.56.01:244][268]LogSavePackage: Save=1.57ms
[2018.01.04-12.56.01:244][268]LogSavePackage: Moving 'I:/Projekt/PGK/Saved/FirstPersonExampleMap_BuiltData0915A1454779A4F4C6DEEA91FD060D45.tmp' to 'I:/Projekt/PGK/Content/FirstPersonBP/Maps/FirstPersonExampleMap_BuiltData.uasset'
[2018.01.04-12.56.01:245][268]LogSavePackage:Display: Finished SavePackage I:/Projekt/PGK/Content/FirstPersonBP/Maps/FirstPersonExampleMap_BuiltData.uasset
[2018.01.04-12.56.08:172][457]Cmd: OBJ SAVEPACKAGE PACKAGE="/Game/StarterContent/Textures/T_Rock_Basalt_Mat" FILE="I:/Projekt/PGK/Content/StarterContent/Textures/T_Rock_Basalt_Mat.uasset" SILENT=true
[2018.01.04-12.56.08:192][457]LogSavePackage: Save=17.80ms
[2018.01.04-12.56.08:192][457]LogSavePackage: Moving 'I:/Projekt/PGK/Saved/T_Rock_Basalt_Mat9AECC50B4E6973F8E6950387C420806A.tmp' to 'I:/Projekt/PGK/Content/StarterContent/Textures/T_Rock_Basalt_Mat.uasset'
[2018.01.04-12.56.08:194][457]LogSavePackage:Display: Finished SavePackage I:/Projekt/PGK/Content/StarterContent/Textures/T_Rock_Basalt_Mat.uasset
[2018.01.04-12.56.08:256][457]LogWindowsTextInputMethodSystem:Display: IME system now deactivated.
[2018.01.04-12.56.08:567][458]Cmd: QUIT_EDITOR
[2018.01.04-12.56.08:832][458]LogExit: Preparing to exit.
[2018.01.04-12.56.09:409][458]LogExit: Editor shut down
[2018.01.04-12.56.09:414][458]LogExit: Transaction tracking system shut down
[2018.01.04-12.56.09:485][458]LogObj: Freed 0b from 0 cluster array pools.
[2018.01.04-12.56.09:485][458]LogExit: Object subsystem successfully closed.
[2018.01.04-12.56.09:509][458]LogD3D11RHI: Shutdown
[2018.01.04-12.56.09:509][458]LogD3D11RHI: CleanupD3DDevice
[2018.01.04-12.56.09:669][458]LogD3D11RHI: ~FD3D11DynamicRHI
[2018.01.04-12.56.09:678][458]LogModuleManager: Shutting down and abandoning module MovieSceneCapture (526)
[2018.01.04-12.56.09:678][458]LogModuleManager: Shutting down and abandoning module HierarchicalLODOutliner (524)
[2018.01.04-12.56.09:678][458]LogModuleManager: Shutting down and abandoning module CrashTracker (522)
[2018.01.04-12.56.09:678][458]LogModuleManager: Shutting down and abandoning module SceneOutliner (520)
[2018.01.04-12.56.09:678][458]LogModuleManager: Shutting down and abandoning module AddContentDialog (518)
[2018.01.04-12.56.09:678][458]LogDirectoryWatcher: A directory notification for 'P:/silnik/UE_4.16/FeaturePacks/' was aborted.
[2018.01.04-12.56.09:679][458]LogModuleManager: Shutting down and abandoning module WidgetCarousel (517)
[2018.01.04-12.56.09:679][458]LogModuleManager: Shutting down and abandoning module EditorWidgets (514)
[2018.01.04-12.56.09:679][458]LogModuleManager: Shutting down and abandoning module CollectionManager (512)
[2018.01.04-12.56.09:679][458]LogDirectoryWatcher: A directory notification for 'I:/Projekt/PGK/Content/Collections/' was aborted.
[2018.01.04-12.56.09:679][458]LogDirectoryWatcher: A directory notification for 'I:/Projekt/PGK/Content/Developers/Robert/Collections/' was aborted.
[2018.01.04-12.56.09:679][458]LogDirectoryWatcher: A directory notification for 'I:/Projekt/PGK/Saved/Collections/' was aborted.
[2018.01.04-12.56.09:679][458]LogModuleManager: Shutting down and abandoning module StatsViewer (510)
[2018.01.04-12.56.09:679][458]LogModuleManager: Shutting down and abandoning module FoliageEdit (508)
[2018.01.04-12.56.09:679][458]LogModuleManager: Shutting down and abandoning module LandscapeEditor (506)
[2018.01.04-12.56.09:679][458]LogModuleManager: Shutting down and abandoning module MeshPaintMode (504)
[2018.01.04-12.56.09:679][458]LogModuleManager: Shutting down and abandoning module SceneDepthPickerMode (502)
[2018.01.04-12.56.09:679][458]LogModuleManager: Shutting down and abandoning module ActorPickerMode (500)
[2018.01.04-12.56.09:679][458]LogModuleManager: Shutting down and abandoning module GeometryMode (498)
[2018.01.04-12.56.09:679][458]LogModuleManager: Shutting down and abandoning module TextureAlignMode (496)
[2018.01.04-12.56.09:679][458]LogModuleManager: Shutting down and abandoning module BspMode (494)
[2018.01.04-12.56.09:679][458]LogModuleManager: Shutting down and abandoning module HardwareSurvey (492)
[2018.01.04-12.56.09:679][458]LogModuleManager: Shutting down and abandoning module SequenceRecorderSections (490)
[2018.01.04-12.56.09:679][458]LogModuleManager: Shutting down and abandoning module AutomationWorker (488)
[2018.01.04-12.56.09:679][458]LogModuleManager: Shutting down and abandoning module MatineeToLevelSequence (486)
[2018.01.04-12.56.09:679][458]LogModuleManager: Shutting down and abandoning module LevelSequenceEditor (484)
[2018.01.04-12.56.09:679][458]LogModuleManager: Shutting down and abandoning module PlacementMode (483)
[2018.01.04-12.56.09:679][458]LogModuleManager: Shutting down and abandoning module WmfMediaFactory (480)
[2018.01.04-12.56.09:679][458]LogModuleManager: Shutting down and abandoning module WmfMediaEditor (478)
[2018.01.04-12.56.09:679][458]LogModuleManager: Shutting down and abandoning module AvfMediaFactory (476)
[2018.01.04-12.56.09:679][458]LogModuleManager: Shutting down and abandoning module AvfMediaEditor (474)
[2018.01.04-12.56.09:679][458]LogModuleManager: Shutting down and abandoning module AndroidMediaFactory (472)
[2018.01.04-12.56.09:679][458]LogModuleManager: Shutting down and abandoning module Media (471)
[2018.01.04-12.56.09:679][458]LogModuleManager: Shutting down and abandoning module AndroidMediaEditor (468)
[2018.01.04-12.56.09:679][458]LogModuleManager: Shutting down and abandoning module CharacterAI (466)
[2018.01.04-12.56.09:679][458]LogModuleManager: Shutting down and abandoning module AudioCapture (464)
[2018.01.04-12.56.09:679][458]LogModuleManager: Shutting down and abandoning module SequenceRecorder (463)
[2018.01.04-12.56.09:679][458]LogModuleManager: Shutting down and abandoning module SmartSnapping (460)
[2018.01.04-12.56.09:679][458]LogModuleManager: Shutting down and abandoning module SessionServices (458)
[2018.01.04-12.56.09:679][458]LogModuleManager: Shutting down and abandoning module ViewportSnapping (456)
[2018.01.04-12.56.09:679][458]LogModuleManager: Shutting down and abandoning module ViewportInteraction (454)
[2018.01.04-12.56.09:679][458]LogModuleManager: Shutting down and abandoning module ClothPainter (452)
[2018.01.04-12.56.09:679][458]LogModuleManager: Shutting down and abandoning module LogVisualizer (450)
[2018.01.04-12.56.09:679][458]LogModuleManager: Shutting down and abandoning module IntroTutorials (448)
[2018.01.04-12.56.09:680][458]LogModuleManager: Shutting down and abandoning module GameProjectGeneration (447)
[2018.01.04-12.56.09:680][458]LogModuleManager: Shutting down and abandoning module EditorLiveStreaming (444)
[2018.01.04-12.56.09:680][458]LogModuleManager: Shutting down and abandoning module IOSPlatformEditor (442)
[2018.01.04-12.56.09:680][458]LogModuleManager: Shutting down and abandoning module HTML5PlatformEditor (440)
[2018.01.04-12.56.09:680][458]LogModuleManager: Shutting down and abandoning module AndroidPlatformEditor (438)
[2018.01.04-12.56.09:680][458]LogModuleManager: Shutting down and abandoning module AndroidDeviceDetection (437)
[2018.01.04-12.56.10:544][458]LogModuleManager: Shutting down and abandoning module IOSRuntimeSettings (434)
[2018.01.04-12.56.10:544][458]LogModuleManager: Shutting down and abandoning module AndroidRuntimeSettings (432)
[2018.01.04-12.56.10:544][458]LogModuleManager: Shutting down and abandoning module InputBindingEditor (430)
[2018.01.04-12.56.10:544][458]LogModuleManager: Shutting down and abandoning module MergeActors (428)
[2018.01.04-12.56.10:544][458]LogModuleManager: Shutting down and abandoning module SizeMap (426)
[2018.01.04-12.56.10:544][458]LogModuleManager: Shutting down and abandoning module TreeMap (424)
[2018.01.04-12.56.10:544][458]LogModuleManager: Shutting down and abandoning module ReferenceViewer (422)
[2018.01.04-12.56.10:544][458]LogModuleManager: Shutting down and abandoning module LocalizationDashboard (420)
[2018.01.04-12.56.10:544][458]LogModuleManager: Shutting down and abandoning module LocalizationService (419)
[2018.01.04-12.56.10:544][458]LogModuleManager: Shutting down and abandoning module HardwareTargeting (416)
[2018.01.04-12.56.10:544][458]LogModuleManager: Shutting down and abandoning module DeviceProfileEditor (414)
[2018.01.04-12.56.10:544][458]LogModuleManager: Shutting down and abandoning module UndoHistory (412)
[2018.01.04-12.56.10:544][458]LogModuleManager: Shutting down and abandoning module UserFeedback (410)
[2018.01.04-12.56.10:544][458]LogModuleManager: Shutting down and abandoning module XmlParser (408)
[2018.01.04-12.56.10:544][458]LogModuleManager: Shutting down and abandoning module Blutility (406)
[2018.01.04-12.56.10:544][458]LogModuleManager: Shutting down and abandoning module ProjectSettingsViewer (404)
[2018.01.04-12.56.10:545][458]LogModuleManager: Shutting down and abandoning module ProjectTargetPlatformEditor (403)
[2018.01.04-12.56.10:545][458]LogModuleManager: Shutting down and abandoning module EditorSettingsViewer (400)
[2018.01.04-12.56.10:545][458]LogModuleManager: Shutting down and abandoning module SettingsEditor (398)
[2018.01.04-12.56.10:545][458]LogModuleManager: Shutting down and abandoning module ProjectLauncher (396)
[2018.01.04-12.56.10:545][458]LogModuleManager: Shutting down and abandoning module SessionFrontend (394)
[2018.01.04-12.56.10:545][458]LogModuleManager: Shutting down and abandoning module ProfilerClient (392)
[2018.01.04-12.56.10:545][458]LogModuleManager: Shutting down and abandoning module DeviceManager (390)
[2018.01.04-12.56.10:545][458]LogModuleManager: Shutting down and abandoning module TargetDeviceServices (389)
[2018.01.04-12.56.10:587][458]LogModuleManager: Shutting down and abandoning module AutomationController (386)
[2018.01.04-12.56.10:587][458]LogModuleManager: Shutting down and abandoning module AutomationWindow (384)
[2018.01.04-12.56.10:587][458]LogModuleManager: Shutting down and abandoning module Layers (382)
[2018.01.04-12.56.10:587][458]LogModuleManager: Shutting down and abandoning module ComponentVisualizers (380)
[2018.01.04-12.56.10:587][458]LogModuleManager: Shutting down and abandoning module DetailCustomizations (378)
[2018.01.04-12.56.10:587][458]LogModuleManager: Shutting down and abandoning module PackagesDialog (376)
[2018.01.04-12.56.10:587][458]LogModuleManager: Shutting down and abandoning module Persona (374)
[2018.01.04-12.56.10:587][458]LogModuleManager: Shutting down and abandoning module AdvancedPreviewScene (373)
[2018.01.04-12.56.10:587][458]LogModuleManager: Shutting down and abandoning module AnimGraph (371)
[2018.01.04-12.56.10:588][458]LogModuleManager: Shutting down and abandoning module Kismet (368)
[2018.01.04-12.56.10:589][458]LogModuleManager: Shutting down and abandoning module ClassViewer (366)
[2018.01.04-12.56.10:589][458]LogModuleManager: Shutting down and abandoning module Toolbox (364)
[2018.01.04-12.56.10:589][458]LogModuleManager: Shutting down and abandoning module ModuleUI (362)
[2018.01.04-12.56.10:589][458]LogModuleManager: Shutting down and abandoning module MovieSceneTools (360)
[2018.01.04-12.56.10:589][458]LogModuleManager: Shutting down and abandoning module OutputLog (358)
[2018.01.04-12.56.10:589][458]LogModuleManager: Shutting down and abandoning module GammaUI (356)
[2018.01.04-12.56.10:589][458]LogModuleManager: Shutting down and abandoning module Documentation (354)
[2018.01.04-12.56.10:590][458]LogModuleManager: Shutting down and abandoning module MovieSceneTracks (352)
[2018.01.04-12.56.10:590][458]LogModuleManager: Shutting down and abandoning module MovieScene (350)
[2018.01.04-12.56.10:590][458]LogModuleManager: Shutting down and abandoning module Niagara (348)
[2018.01.04-12.56.10:590][458]LogModuleManager: Shutting down and abandoning module NiagaraEditor (347)
[2018.01.04-12.56.10:590][458]LogModuleManager: Shutting down and abandoning module StreamingPauseRendering (344)
[2018.01.04-12.56.10:590][458]LogModuleManager: Shutting down and abandoning module AnalyticsET (342)
[2018.01.04-12.56.10:590][458]LogModuleManager: Shutting down and abandoning module PortalServices (340)
[2018.01.04-12.56.10:590][458]LogModuleManager: Shutting down and abandoning module PortalRpc (338)
[2018.01.04-12.56.10:590][458]LogModuleManager: Shutting down and abandoning module MessagingRpc (336)
[2018.01.04-12.56.10:590][458]LogModuleManager: Shutting down and abandoning module AIModule (334)
[2018.01.04-12.56.10:590][458]LogModuleManager: Shutting down and abandoning module GameplayDebugger (333)
[2018.01.04-12.56.10:590][458]LogModuleManager: Shutting down and abandoning module AITestSuite (331)
[2018.01.04-12.56.10:590][458]LogModuleManager: Shutting down and abandoning module ProfilerService (328)
[2018.01.04-12.56.10:629][458]LogModuleManager: Shutting down and abandoning module TaskGraph (326)
[2018.01.04-12.56.10:629][458]LogModuleManager: Shutting down and abandoning module SteamVRController (324)
[2018.01.04-12.56.10:629][458]LogModuleManager: Shutting down and abandoning module SteamVR (322)
[2018.01.04-12.56.10:629][458]LogModuleManager: Shutting down and abandoning module ProceduralMeshComponentEditor (320)
[2018.01.04-12.56.10:629][458]LogModuleManager: Shutting down and abandoning module ProceduralMeshComponent (318)
[2018.01.04-12.56.10:629][458]LogModuleManager: Shutting down and abandoning module OculusLibrary (316)
[2018.01.04-12.56.10:629][458]LogModuleManager: Shutting down and abandoning module OculusInput (314)
[2018.01.04-12.56.10:629][458]LogModuleManager: Shutting down and abandoning module MobilePatchingUtils (312)
[2018.01.04-12.56.10:629][458]LogModuleManager: Shutting down and abandoning module CustomMeshComponent (310)
[2018.01.04-12.56.10:629][458]LogModuleManager: Shutting down and abandoning module CableComponent (308)
[2018.01.04-12.56.10:629][458]LogModuleManager: Shutting down and abandoning module ArchVisCharacter (306)
[2018.01.04-12.56.10:629][458]LogModuleManager: Shutting down and abandoning module AndroidPermission (304)
[2018.01.04-12.56.10:629][458]LogModuleManager: Shutting down and abandoning module MediaPlayerEditor (300)
[2018.01.04-12.56.10:629][458]LogModuleManager: Shutting down and abandoning module HTML5Networking (298)
[2018.01.04-12.56.10:629][458]LogModuleManager: Shutting down and abandoning module AlembicImporter (296)
[2018.01.04-12.56.10:629][458]LogModuleManager: Shutting down and abandoning module AlembicLibrary (295)
[2018.01.04-12.56.10:630][458]LogModuleManager: Shutting down and abandoning module GeometryCache (294)
[2018.01.04-12.56.10:630][458]LogModuleManager: Shutting down and abandoning module GeometryCacheEd (293)
[2018.01.04-12.56.10:630][458]LogModuleManager: Shutting down and abandoning module SuperSearchEditor (288)
[2018.01.04-12.56.10:630][458]LogModuleManager: Shutting down and abandoning module SuperSearch (287)
[2018.01.04-12.56.10:630][458]LogModuleManager: Shutting down and abandoning module SpeedTreeImporter (284)
[2018.01.04-12.56.10:630][458]LogModuleManager: Shutting down and abandoning module PluginBrowser (282)
[2018.01.04-12.56.10:630][458]LogModuleManager: Shutting down and abandoning module MobileLauncherProfileWizard (280)
[2018.01.04-12.56.10:630][458]LogModuleManager: Shutting down and abandoning module VisualStudioSourceCodeAccess (278)
[2018.01.04-12.56.10:630][458]LogModuleManager: Shutting down and abandoning module DesktopPlatform (277)
[2018.01.04-12.56.10:630][458]LogModuleManager: Shutting down and abandoning module UObjectPlugin (274)
[2018.01.04-12.56.10:630][458]LogModuleManager: Shutting down and abandoning module SubversionSourceControl (272)
[2018.01.04-12.56.10:630][458]LogModuleManager: Shutting down and abandoning module PerforceSourceControl (270)
[2018.01.04-12.56.10:630][458]LogModuleManager: Shutting down and abandoning module GitSourceControl (268)
[2018.01.04-12.56.10:630][458]LogModuleManager: Shutting down and abandoning module SourceControl (267)
[2018.01.04-12.56.10:630][458]LogModuleManager: Shutting down and abandoning module LightPropagationVolumeEditor (264)
[2018.01.04-12.56.10:630][458]LogModuleManager: Shutting down and abandoning module PaperTiledImporter (262)
[2018.01.04-12.56.10:630][458]LogModuleManager: Shutting down and abandoning module PaperSpriteSheetImporter (260)
[2018.01.04-12.56.10:630][458]LogModuleManager: Shutting down and abandoning module Paper2DEditor (258)
[2018.01.04-12.56.10:630][458]LogModuleManager: Shutting down and abandoning module MeshPaint (257)
[2018.01.04-12.56.10:630][458]LogModuleManager: Shutting down and abandoning module LevelEditor (255)
[2018.01.04-12.56.10:632][458]LogModuleManager: Shutting down and abandoning module PixelInspectorModule (254)
[2018.01.04-12.56.10:632][458]LogModuleManager: Shutting down and abandoning module MainFrame (252)
[2018.01.04-12.56.10:632][458]LogModuleManager: Shutting down and abandoning module HotReload (251)
[2018.01.04-12.56.10:633][458]LogModuleManager: Shutting down and abandoning module PhysXVehiclesEditor (246)
[2018.01.04-12.56.10:633][458]LogModuleManager: Shutting down and abandoning module PhysXVehicles (244)
[2018.01.04-12.56.10:633][458]LogModuleManager: Shutting down and abandoning module LocationServicesBPLibrary (242)
[2018.01.04-12.56.10:633][458]LogModuleManager: Shutting down and abandoning module ImmediatePhysicsEditor (240)
[2018.01.04-12.56.10:633][458]LogModuleManager: Shutting down and abandoning module ImmediatePhysics (238)
[2018.01.04-12.56.10:633][458]LogModuleManager: Shutting down and abandoning module UdpMessaging (236)
[2018.01.04-12.56.10:734][458]LogModuleManager: Shutting down and abandoning module TcpMessaging (234)
[2018.01.04-12.56.10:835][458]LogModuleManager: Shutting down and abandoning module GameplayTagsEditor (232)
[2018.01.04-12.56.10:835][458]LogModuleManager: Shutting down and abandoning module FacialAnimationEditor (230)
[2018.01.04-12.56.10:835][458]LogModuleManager: Shutting down and abandoning module FacialAnimation (228)
[2018.01.04-12.56.10:835][458]LogModuleManager: Shutting down and abandoning module AssetManagerEditor (226)
[2018.01.04-12.56.10:835][458]LogModuleManager: Shutting down and abandoning module GraphEditor (225)
[2018.01.04-12.56.10:835][458]LogModuleManager: Shutting down and abandoning module ContentBrowser (223)
[2018.01.04-12.56.10:838][458]LogModuleManager: Shutting down and abandoning module LightPropagationVolumeRuntime (220)
[2018.01.04-12.56.10:838][458]LogModuleManager: Shutting down and abandoning module Paper2D (218)
[2018.01.04-12.56.10:838][458]LogModuleManager: Shutting down and abandoning module WindowsMoviePlayer (216)
[2018.01.04-12.56.10:838][458]LogModuleManager: Shutting down and abandoning module WmfMedia (214)
[2018.01.04-12.56.10:843][458]LogModuleManager: Shutting down and abandoning module ClothingSystemEditor (212)
[2018.01.04-12.56.10:843][458]LogModuleManager: Shutting down and abandoning module ClothingSystemRuntime (210)
[2018.01.04-12.56.10:843][458]LogModuleManager: Shutting down and abandoning module MediaAssets (208)
[2018.01.04-12.56.10:843][458]LogModuleManager: Shutting down and abandoning module GameLiveStreaming (206)
[2018.01.04-12.56.10:844][458]LogModuleManager: Shutting down and abandoning module VREditor (204)
[2018.01.04-12.56.10:844][458]LogModuleManager: Shutting down and abandoning module StringTableEditor (202)
[2018.01.04-12.56.10:844][458]LogModuleManager: Shutting down and abandoning module GameplayTasksEditor (200)
[2018.01.04-12.56.10:844][458]LogModuleManager: Shutting down and abandoning module BehaviorTreeEditor (198)
[2018.01.04-12.56.10:844][458]LogModuleManager: Shutting down and abandoning module FunctionalTesting (196)
[2018.01.04-12.56.10:844][458]LogModuleManager: Shutting down and abandoning module CollisionAnalyzer (194)
[2018.01.04-12.56.10:844][458]LogModuleManager: Shutting down and abandoning module UMG (192)
[2018.01.04-12.56.10:844][458]LogModuleManager: Shutting down and abandoning module UMGEditor (191)
[2018.01.04-12.56.10:844][458]LogModuleManager: Shutting down and abandoning module Sequencer (190)
[2018.01.04-12.56.10:844][458]LogModuleManager: Shutting down and abandoning module AssetTools (188)
[2018.01.04-12.56.10:844][458]LogModuleManager: Shutting down and abandoning module MessageLog (187)
[2018.01.04-12.56.10:844][458]LogModuleManager: Shutting down and abandoning module WorkspaceMenuStructure (186)
[2018.01.04-12.56.10:844][458]LogModuleManager: Shutting down and abandoning module SlateReflector (180)
[2018.01.04-12.56.10:845][458]LogModuleManager: Shutting down and abandoning module Slate (178)
[2018.01.04-12.56.10:845][458]LogModuleManager: Shutting down and abandoning module EditorStyle (176)
[2018.01.04-12.56.10:850][458]LogModuleManager: Shutting down and abandoning module SourceCodeAccess (174)
[2018.01.04-12.56.10:850][458]LogModuleManager: Shutting down and abandoning module HeadMountedDisplay (172)
[2018.01.04-12.56.10:850][458]LogModuleManager: Shutting down and abandoning module XAudio2 (170)
[2018.01.04-12.56.10:850][458]LogModuleManager: Shutting down and abandoning module Networking (168)
[2018.01.04-12.56.10:850][458]LogModuleManager: Shutting down and abandoning module Core (164)
[2018.01.04-12.56.10:850][458]LogModuleManager: Shutting down and abandoning module AssetRegistry (162)
[2018.01.04-12.56.11:043][458]LogDirectoryWatcher: A directory notification for '../../../Engine/Content/' was aborted.
[2018.01.04-12.56.11:043][458]LogDirectoryWatcher: A directory notification for 'I:/Projekt/PGK/Content/' was aborted.
[2018.01.04-12.56.11:044][458]LogDirectoryWatcher: A directory notification for '../../../Engine/Plugins/2D/Paper2D/Content/' was aborted.
[2018.01.04-12.56.11:044][458]LogDirectoryWatcher: A directory notification for '../../../Engine/Plugins/Runtime/GearVR/Content/' was aborted.
[2018.01.04-12.56.11:047][458]LogModuleManager: Shutting down and abandoning module DirectoryWatcher (161)
[2018.01.04-12.56.11:047][458]LogModuleManager: Shutting down and abandoning module KismetCompiler (158)
[2018.01.04-12.56.11:047][458]LogModuleManager: Shutting down and abandoning module LevelSequence (156)
[2018.01.04-12.56.11:047][458]LogModuleManager: Shutting down and abandoning module PhysXFormats (154)
[2018.01.04-12.56.11:047][458]LogModuleManager: Shutting down and abandoning module MeshUtilities (152)
[2018.01.04-12.56.11:048][458]LogModuleManager: Shutting down and abandoning module SimplygonSwarm (151)
[2018.01.04-12.56.11:048][458]LogModuleManager: Shutting down and abandoning module SimplygonMeshReduction (149)
[2018.01.04-12.56.11:048][458]LogModuleManager: Shutting down and abandoning module QuadricMeshReduction (147)
[2018.01.04-12.56.11:048][458]LogModuleManager: Shutting down and abandoning module DerivedDataCache (144)
[2018.01.04-12.56.11:090][458]LogDerivedDataCache: Shutdown
[2018.01.04-12.56.11:090][458]LogModuleManager: Shutting down and abandoning module TargetPlatform (142)
[2018.01.04-12.56.11:090][458]LogModuleManager: Shutting down and abandoning module VulkanShaderFormat (141)
[2018.01.04-12.56.11:090][458]LogModuleManager: Shutting down and abandoning module ShaderFormatVectorVM (139)
[2018.01.04-12.56.11:091][458]LogModuleManager: Shutting down and abandoning module ShaderFormatOpenGL (137)
[2018.01.04-12.56.11:091][458]LogModuleManager: Shutting down and abandoning module ShaderFormatD3D (135)
[2018.01.04-12.56.11:091][458]LogModuleManager: Shutting down and abandoning module MetalShaderFormat (133)
[2018.01.04-12.56.11:091][458]LogModuleManager: Shutting down and abandoning module TextureFormatUncompressed (131)
[2018.01.04-12.56.11:091][458]LogModuleManager: Shutting down and abandoning module TextureFormatPVR (129)
[2018.01.04-12.56.11:091][458]LogModuleManager: Shutting down and abandoning module TextureFormatDXT (127)
[2018.01.04-12.56.11:091][458]LogModuleManager: Shutting down and abandoning module TextureFormatIntelISPCTexComp (125)
[2018.01.04-12.56.11:091][458]LogModuleManager: Shutting down and abandoning module TextureFormatASTC (123)
[2018.01.04-12.56.11:091][458]LogModuleManager: Shutting down and abandoning module ImageWrapper (122)
[2018.01.04-12.56.11:091][458]LogModuleManager: Shutting down and abandoning module TextureFormatAndroid (119)
[2018.01.04-12.56.11:091][458]LogModuleManager: Shutting down and abandoning module AudioFormatOpus (117)
[2018.01.04-12.56.11:091][458]LogModuleManager: Shutting down and abandoning module AudioFormatOgg (115)
[2018.01.04-12.56.11:091][458]LogModuleManager: Shutting down and abandoning module AudioFormatADPCM (113)
[2018.01.04-12.56.11:091][458]LogModuleManager: Shutting down and abandoning module LinuxTargetPlatform (111)
[2018.01.04-12.56.11:091][458]LogModuleManager: Shutting down and abandoning module LinuxServerTargetPlatform (109)
[2018.01.04-12.56.11:091][458]LogModuleManager: Shutting down and abandoning module LinuxNoEditorTargetPlatform (107)
[2018.01.04-12.56.11:091][458]LogModuleManager: Shutting down and abandoning module LinuxClientTargetPlatform (105)
[2018.01.04-12.56.11:091][458]LogModuleManager: Shutting down and abandoning module TVOSTargetPlatform (103)
[2018.01.04-12.56.11:091][458]LogModuleManager: Shutting down and abandoning module Messaging (101)
[2018.01.04-12.56.11:091][458]LogModuleManager: Shutting down and abandoning module IOSTargetPlatform (99)
[2018.01.04-12.56.11:091][458]LogModuleManager: Shutting down and abandoning module HTML5TargetPlatform (97)
[2018.01.04-12.56.11:091][458]LogModuleManager: Shutting down and abandoning module Android_PVRTCTargetPlatform (95)
[2018.01.04-12.56.11:091][458]LogModuleManager: Shutting down and abandoning module Android_MultiTargetPlatform (93)
[2018.01.04-12.56.11:091][458]LogModuleManager: Shutting down and abandoning module Android_ETC2TargetPlatform (91)
[2018.01.04-12.56.11:091][458]LogModuleManager: Shutting down and abandoning module Android_ETC1TargetPlatform (89)
[2018.01.04-12.56.11:091][458]LogModuleManager: Shutting down and abandoning module Android_DXTTargetPlatform (87)
[2018.01.04-12.56.11:091][458]LogModuleManager: Shutting down and abandoning module Android_ATCTargetPlatform (85)
[2018.01.04-12.56.11:091][458]LogModuleManager: Shutting down and abandoning module Android_ASTCTargetPlatform (83)
[2018.01.04-12.56.11:091][458]LogModuleManager: Shutting down and abandoning module AndroidTargetPlatform (81)
[2018.01.04-12.56.11:091][458]LogModuleManager: Shutting down and abandoning module WindowsTargetPlatform (79)
[2018.01.04-12.56.11:091][458]LogModuleManager: Shutting down and abandoning module WindowsServerTargetPlatform (77)
[2018.01.04-12.56.11:092][458]LogModuleManager: Shutting down and abandoning module WindowsNoEditorTargetPlatform (75)
[2018.01.04-12.56.11:092][458]LogModuleManager: Shutting down and abandoning module WindowsClientTargetPlatform (73)
[2018.01.04-12.56.11:092][458]LogModuleManager: Shutting down and abandoning module MacTargetPlatform (71)
[2018.01.04-12.56.11:092][458]LogModuleManager: Shutting down and abandoning module MacServerTargetPlatform (69)
[2018.01.04-12.56.11:092][458]LogModuleManager: Shutting down and abandoning module MacNoEditorTargetPlatform (67)
[2018.01.04-12.56.11:092][458]LogModuleManager: Shutting down and abandoning module MacClientTargetPlatform (65)
[2018.01.04-12.56.11:092][458]LogModuleManager: Shutting down and abandoning module AllDesktopTargetPlatform (63)
[2018.01.04-12.56.11:092][458]LogModuleManager: Shutting down and abandoning module InputCore (60)
[2018.01.04-12.56.11:092][458]LogModuleManager: Shutting down and abandoning module Settings (58)
[2018.01.04-12.56.11:092][458]LogModuleManager: Shutting down and abandoning module OculusRift (56)
[2018.01.04-12.56.11:092][458]LogModuleManager: Shutting down and abandoning module GearVRController (54)
[2018.01.04-12.56.11:092][458]LogModuleManager: Shutting down and abandoning module GearVR (52)
[2018.01.04-12.56.11:092][458]LogModuleManager: Shutting down and abandoning module ExampleDeviceProfileSelector (50)
[2018.01.04-12.56.11:092][458]LogModuleManager: Shutting down and abandoning module OnlineBlueprintSupport (48)
[2018.01.04-12.56.11:092][458]LogModuleManager: Shutting down and abandoning module OnlineSubsystem (44)
[2018.01.04-12.56.11:092][458]LogOnline:Display: Unloading online subsystem: NULL
[2018.01.04-12.56.11:092][458]LogModuleManager: Shutting down and abandoning module XMPP (43)
[2018.01.04-12.56.11:092][458]LogModuleManager: Shutting down and abandoning module HTTP (41)
[2018.01.04-12.56.11:092][458]LogHttp:Display: Http module shutting down, but needs to wait on 1 outstanding Http requests:
[2018.01.04-12.56.11:092][458]LogHttp:Display: 	verb=[POST] url=[https://datarouter.ol.epicgames.com/datarouter/api/v1/public/data?SessionID=%7BB9B1EB8E-4BFF-9F8D-5C48-73B51CCB3406%7D&AppID=UEEditor.Rocket.Release&AppVersion=4.16.3-3561208%2B%2B%2BUE4%2BRelease-4.16&UserID=29637ffe4c58a1c3c8e01ea6909a8eb4%7C4b55de0784454aa7bd2b02757aa35777%7C0a577216-477d-4061-b982-e092ed939e1e&AppEnvironment=datacollector-binary&UploadType=eteventstream] status=Processing
[2018.01.04-12.56.11:120][458]LogModuleManager: Shutting down and abandoning module SSL (40)
[2018.01.04-12.56.11:123][458]LogModuleManager: Shutting down and abandoning module HTTPChunkInstaller (36)
[2018.01.04-12.56.11:123][458]LogModuleManager: Shutting down and abandoning module AnimationModifiers (34)
[2018.01.04-12.56.11:123][458]LogModuleManager: Shutting down and abandoning module PropertyEditor (33)
[2018.01.04-12.56.11:123][458]LogModuleManager: Shutting down and abandoning module AudioEditor (30)
[2018.01.04-12.56.11:123][458]LogModuleManager: Shutting down and abandoning module TextureCompressor (28)
[2018.01.04-12.56.11:123][458]LogModuleManager: Shutting down and abandoning module ShaderCore (26)
[2018.01.04-12.56.11:123][458]LogModuleManager: Shutting down and abandoning module Landscape (24)
[2018.01.04-12.56.11:123][458]LogModuleManager: Shutting down and abandoning module SlateRHIRenderer (22)
[2018.01.04-12.56.11:125][458]LogModuleManager: Shutting down and abandoning module OpenGLDrv (20)
[2018.01.04-12.56.11:125][458]LogModuleManager: Shutting down and abandoning module D3D11RHI (18)
[2018.01.04-12.56.11:125][458]LogModuleManager: Shutting down and abandoning module AnimGraphRuntime (16)
[2018.01.04-12.56.11:125][458]LogModuleManager: Shutting down and abandoning module Renderer (14)
[2018.01.04-12.56.11:125][458]LogModuleManager: Shutting down and abandoning module Engine (12)
[2018.01.04-12.56.11:125][458]LogModuleManager: Shutting down and abandoning module CoreUObject (10)
[2018.01.04-12.56.11:125][458]LogModuleManager: Shutting down and abandoning module NetworkFile (8)
[2018.01.04-12.56.11:125][458]LogModuleManager: Shutting down and abandoning module StreamingFile (6)
[2018.01.04-12.56.11:125][458]LogModuleManager: Shutting down and abandoning module SandboxFile (4)
[2018.01.04-12.56.11:125][458]LogModuleManager: Shutting down and abandoning module PakFile (2)
[2018.01.04-12.56.11:130][458]LogExit: Exiting.
[2018.01.04-12.56.11:157][458]Log file closed, 01/04/18 13:56:11
