Log file open, 01/17/18 21:55:05
LogInit:Display: Running engine for game: PGK
LogPlatformFile: Not using cached read wrapper
LogInit:Display: RandInit(-112271803) SRandInit(-112271803).
LogTaskGraph: Started task graph with 5 named threads and 8 total threads with 1 sets of task threads.
LogStats: Stats thread started at 0.123823
LogInit: Using libcurl 7.47.1
LogInit:  - built for x86_64-pc-win32
LogInit:  - supports SSL with OpenSSL/1.0.2g
LogInit:  - supports HTTP deflate (compression) using libz 1.2.8
LogInit:  - other features:
LogInit:      CURL_VERSION_SSL
LogInit:      CURL_VERSION_LIBZ
LogInit:      CURL_VERSION_IPV6
LogInit:      CURL_VERSION_ASYNCHDNS
LogInit:      CURL_VERSION_LARGEFILE
LogInit:      CURL_VERSION_IDN
LogInit:  CurlRequestOptions (configurable via config and command line):
LogInit:  - bVerifyPeer = false  - Libcurl will NOT verify peer certificate
LogInit:  - bUseHttpProxy = false  - Libcurl will NOT use HTTP proxy
LogInit:  - bDontReuseConnections = false  - Libcurl will reuse connections
LogInit:  - CertBundlePath = nullptr  - Libcurl will use whatever was configured at build time.
LogInit: Build: ++UE4+Release-4.16-CL-3561208
LogInit: Engine Version: 4.16.3-3561208+++UE4+Release-4.16
LogInit: Compatible Engine Version: 4.16.0-3452394+++UE4+Release-4.16
LogInit: Net CL: 3452394
LogDevObjectVersion: Number of dev versions registered: 16
LogDevObjectVersion:   Dev-Blueprints (B0D832E4-1F89-4F0D-ACCF-7EB736FD4AA2): 9
LogDevObjectVersion:   Dev-Build (E1C64328-A22C-4D53-A36C-8E866417BD8C): 0
LogDevObjectVersion:   Dev-Core (375EC13C-06E4-48FB-B500-84F0262A717E): 2
LogDevObjectVersion:   Dev-Editor (E4B068ED-F494-42E9-A231-DA0B2E46BB41): 17
LogDevObjectVersion:   Dev-Framework (CFFC743F-43B0-4480-9391-14DF171D2073): 23
LogDevObjectVersion:   Dev-Mobile (B02B49B5-BB20-44E9-A304-32B752E40360): 0
LogDevObjectVersion:   Dev-Networking (A4E4105C-59A1-49B5-A7C5-40C4547EDFEE): 0
LogDevObjectVersion:   Dev-Online (39C831C9-5AE6-47DC-9A44-9C173E1C8E7C): 0
LogDevObjectVersion:   Dev-Physics (78F01B33-EBEA-4F98-B9B4-84EACCB95AA2): 0
LogDevObjectVersion:   Dev-Platform (6631380F-2D4D-43E0-8009-CF276956A95A): 0
LogDevObjectVersion:   Dev-Rendering (12F88B9F-8875-4AFC-A67C-D90C383ABD29): 15
LogDevObjectVersion:   Dev-Sequencer (7B5AE74C-D270-4C10-A958-57980B212A5A): 4
LogDevObjectVersion:   Dev-VR (D7296918-1DD6-4BDD-9DE2-64A83CC13884): 0
LogDevObjectVersion:   Dev-LoadTimes (C2A15278-BFE7-4AFE-6C17-90FF531DF755): 1
LogDevObjectVersion:   Private-Geometry (6EACA3D4-40EC-4CC1-B786-8BED09428FC5): 1
LogDevObjectVersion:   Dev-AnimPhys (29E575DD-E0A3-4627-9D10-D276232CDCEA): 3
LogInit: Compiled (64-bit): Jul 28 2017 11:49:47
LogInit: Compiled with Visual C++: 19.00.24215.01
LogInit: Build Configuration: Development
LogInit: Branch Name: ++UE4+Release-4.16
LogInit: Command line:  
LogInit: Base directory: P:/silnik/UE_4.16/Engine/Binaries/Win64/
LogInit: Installed Engine Build: 1
LogInit: Presizing for max 8388607 objects, including 0 objects not considered by GC, pre-allocating 0 bytes for permanent pool.
LogInit: Object subsystem initialized
[2018.01.17-20.55.05:660][  0]LogInit: Selected Device Profile: [Windows]
[2018.01.17-20.55.05:660][  0]LogInit: Applying CVar settings loaded from the selected device profile: [Windows]
[2018.01.17-20.55.05:668][  0]LogInit: Computer: GROBKOMP
[2018.01.17-20.55.05:668][  0]LogInit: User: Robert
[2018.01.17-20.55.05:668][  0]LogInit: CPU Page size=4096, Cores=4
[2018.01.17-20.55.05:668][  0]LogInit: High frequency timer resolution =2.249999 MHz
[2018.01.17-20.55.05:668][  0]LogMemory: Memory total: Physical=7.9GB (8GB approx)
[2018.01.17-20.55.05:668][  0]LogMemory: Platform Memory Stats for Windows
[2018.01.17-20.55.05:668][  0]LogMemory: Process Physical Memory: 275.86 MB used, 275.86 MB peak
[2018.01.17-20.55.05:668][  0]LogMemory: Process Virtual Memory: 266.73 MB used, 266.73 MB peak
[2018.01.17-20.55.05:668][  0]LogMemory: Physical Memory: 4578.11 MB used,  3532.10 MB free, 8110.20 MB total
[2018.01.17-20.55.05:668][  0]LogMemory: Virtual Memory: 663.04 MB used,  3532.10 MB free, 134217728.00 MB total
[2018.01.17-20.55.05:747][  0]LogInit: Using OS detected language (pl-PL).
[2018.01.17-20.55.05:747][  0]LogInit: Using OS detected locale (pl-PL).
[2018.01.17-20.55.05:751][  0]LogTextLocalizationManager: No localization for 'pl-PL' exists, so 'en' will be used for the language.
[2018.01.17-20.55.05:751][  0]LogTextLocalizationManager: No localization for 'pl-PL' exists, so 'en' will be used for the locale.
[2018.01.17-20.55.06:816][  0]LogD3D11RHI: D3D11 adapters:
[2018.01.17-20.55.07:517][  0]LogD3D11RHI:    0. 'NVIDIA GeForce GTX 960M' (Feature Level 11_0)
[2018.01.17-20.55.07:517][  0]LogD3D11RHI:       2017/0/4055 MB DedicatedVideo/DedicatedSystem/SharedSystem, Outputs:1, VendorId:0x10de
[2018.01.17-20.55.07:529][  0]LogD3D11RHI:    1. 'Intel(R) HD Graphics 530' (Feature Level 11_0)
[2018.01.17-20.55.07:529][  0]LogD3D11RHI:       128/0/4055 MB DedicatedVideo/DedicatedSystem/SharedSystem, Outputs:0, VendorId:0x8086
[2018.01.17-20.55.07:533][  0]LogD3D11RHI:    2. 'Microsoft Basic Render Driver' (Feature Level 11_0)
[2018.01.17-20.55.07:533][  0]LogD3D11RHI:       0/0/4055 MB DedicatedVideo/DedicatedSystem/SharedSystem, Outputs:0, VendorId:0x1414
[2018.01.17-20.55.07:533][  0]LogD3D11RHI: Chosen D3D11 Adapter: 0
[2018.01.17-20.55.07:541][  0]LogD3D11RHI: Creating new Direct3DDevice
[2018.01.17-20.55.07:541][  0]LogD3D11RHI:     GPU DeviceId: 0x139b (for the marketing name, search the web for "GPU Device Id")
[2018.01.17-20.55.07:541][  0]LogWindows: EnumDisplayDevices:
[2018.01.17-20.55.07:541][  0]LogWindows:    0. 'Intel(R) HD Graphics 530' (P:1 D:1)
[2018.01.17-20.55.07:542][  0]LogWindows:    1. 'Intel(R) HD Graphics 530' (P:0 D:0)
[2018.01.17-20.55.07:542][  0]LogWindows:    2. 'Intel(R) HD Graphics 530' (P:0 D:0)
[2018.01.17-20.55.07:542][  0]LogWindows:    3. 'NVIDIA GeForce GTX 960M' (P:0 D:0)
[2018.01.17-20.55.07:542][  0]LogWindows:    4. 'NVIDIA GeForce GTX 960M' (P:0 D:0)
[2018.01.17-20.55.07:542][  0]LogWindows:    5. 'NVIDIA GeForce GTX 960M' (P:0 D:0)
[2018.01.17-20.55.07:542][  0]LogWindows:    6. 'NVIDIA GeForce GTX 960M' (P:0 D:0)
[2018.01.17-20.55.07:542][  0]LogWindows: DebugString: GetVideoDriverDetailsInvalid PrimaryIsNotTheChoosenAdapter GetVideoDriverDetailsInvalid PrimaryIsNotTheChoosenAdapter GetVideoDriverDetailsInvalid PrimaryIsNotTheChoosenAdapter GetVideoDriverDetailsInvalid PrimaryIsNotTheChoosenAdapter GetVideoDriverDetailsInvalid PrimaryIsNotTheChoosenAdapter GetVideoDriverDetailsInvalid PrimaryIsNotTheChoosenAdapter GetVideoDriverDetailsInvalid PrimaryIsNotTheChoosenAdapter FoundDriverCount:0 
[2018.01.17-20.55.07:542][  0]LogD3D11RHI:     Adapter Name: NVIDIA GeForce GTX 960M
[2018.01.17-20.55.07:542][  0]LogD3D11RHI:   Driver Version: Unknown (internal:Unknown, unified:Unknown)
[2018.01.17-20.55.07:542][  0]LogD3D11RHI:      Driver Date: Unknown
[2018.01.17-20.55.07:542][  0]LogRHI: Texture pool is 1361 MB (70% of 1945 MB)
[2018.01.17-20.55.08:187][  0]LogD3D11RHI: Async texture creation enabled
[2018.01.17-20.55.08:405][  0]LogD3D11RHI: GPU Timing Frequency: 1000.000000 (Debug: 2 1)
[2018.01.17-20.55.08:407][  0]LogShaderCompilers: Guid format shader working directory is 33 characters bigger than the processId version (I:/Projekt/PGK/Intermediate/Shaders/WorkingDirectory/3796/).
[2018.01.17-20.55.08:407][  0]LogShaderCompilers: Cleaned the shader compiler working directory 'C:/Users/Robert/AppData/Local/Temp/UnrealShaderWorkingDir/4F25985F4DF8BDBEFFE1AEBED64307C1/'.
[2018.01.17-20.55.08:407][  0]LogShaderCompilers:Display: Using Local Shader Compiler.
[2018.01.17-20.55.09:564][  0]LogTemp:Display: Loaded TP AllDesktopTargetPlatform
[2018.01.17-20.55.09:612][  0]LogTemp:Display: Loaded TP MacClientTargetPlatform
[2018.01.17-20.55.09:660][  0]LogTemp:Display: Loaded TP MacNoEditorTargetPlatform
[2018.01.17-20.55.09:707][  0]LogTemp:Display: Loaded TP MacServerTargetPlatform
[2018.01.17-20.55.09:759][  0]LogTemp:Display: Loaded TP MacTargetPlatform
[2018.01.17-20.55.09:809][  0]LogTemp:Display: Loaded TP WindowsClientTargetPlatform
[2018.01.17-20.55.09:857][  0]LogTemp:Display: Loaded TP WindowsNoEditorTargetPlatform
[2018.01.17-20.55.09:913][  0]LogTemp:Display: Loaded TP WindowsServerTargetPlatform
[2018.01.17-20.55.09:955][  0]LogTemp:Display: Loaded TP WindowsTargetPlatform
[2018.01.17-20.55.10:002][  0]LogTemp:Display: Loaded TP AndroidTargetPlatform
[2018.01.17-20.55.10:055][  0]LogTemp:Display: Loaded TP Android_ASTCTargetPlatform
[2018.01.17-20.55.10:104][  0]LogTemp:Display: Loaded TP Android_ATCTargetPlatform
[2018.01.17-20.55.10:151][  0]LogTemp:Display: Loaded TP Android_DXTTargetPlatform
[2018.01.17-20.55.10:206][  0]LogTemp:Display: Loaded TP Android_ETC1TargetPlatform
[2018.01.17-20.55.10:253][  0]LogTemp:Display: Loaded TP Android_ETC2TargetPlatform
[2018.01.17-20.55.10:351][  0]LogTemp:Display: Loaded TP Android_MultiTargetPlatform
[2018.01.17-20.55.10:351][  0]LogTemp:Display: Loaded TP Android_PVRTCTargetPlatform
[2018.01.17-20.55.10:389][  0]LogTemp:Display: Loaded TP HTML5TargetPlatform
[2018.01.17-20.55.10:479][  0]LogTemp:Display: Loaded TP IOSTargetPlatform
[2018.01.17-20.55.10:506][  0]LogTemp:Display: Loaded TP TVOSTargetPlatform
[2018.01.17-20.55.10:554][  0]LogTemp:Display: Loaded TP LinuxClientTargetPlatform
[2018.01.17-20.55.10:604][  0]LogTemp:Display: Loaded TP LinuxNoEditorTargetPlatform
[2018.01.17-20.55.10:653][  0]LogTemp:Display: Loaded TP LinuxServerTargetPlatform
[2018.01.17-20.55.10:701][  0]LogTemp:Display: Loaded TP LinuxTargetPlatform
[2018.01.17-20.55.10:701][  0]LogTargetPlatformManager:Display: Building Assets For Windows
[2018.01.17-20.55.11:165][  0]LogDerivedDataCache:Display: Max Cache Size: 512 MB
[2018.01.17-20.55.11:281][  0]LogDerivedDataCache: Loaded boot cache 0.12s 88MB C:/Users/Robert/AppData/Local/UnrealEngine/4.16/DerivedDataCache/Boot.ddc.
[2018.01.17-20.55.11:281][  0]LogDerivedDataCache:Display: Loaded Boot cache: C:/Users/Robert/AppData/Local/UnrealEngine/4.16/DerivedDataCache/Boot.ddc
[2018.01.17-20.55.11:282][  0]LogDerivedDataCache: FDerivedDataBackendGraph:  Pak pak cache file I:/Projekt/PGK/DerivedDataCache/DDC.ddp not found, will not use a pak cache.
[2018.01.17-20.55.11:282][  0]LogDerivedDataCache: Unable to find inner node Pak for hierarchical cache Hierarchy.
[2018.01.17-20.55.11:282][  0]LogDerivedDataCache: FDerivedDataBackendGraph:  CompressedPak pak cache file I:/Projekt/PGK/DerivedDataCache/Compressed.ddp not found, will not use a pak cache.
[2018.01.17-20.55.11:282][  0]LogDerivedDataCache: Unable to find inner node CompressedPak for hierarchical cache Hierarchy.
[2018.01.17-20.55.11:300][  0]LogDerivedDataCache:Display: Pak cache opened for reading ../../../Engine/DerivedDataCache/Compressed.ddp.
[2018.01.17-20.55.11:313][  0]LogDerivedDataCache: Using Local data cache path C:/Users/Robert/AppData/Local/UnrealEngine/Common/DerivedDataCache: Writable
[2018.01.17-20.55.11:325][  0]LogMaterial: Verifying Global Shaders for PCD3D_SM5
[2018.01.17-20.55.11:325][  0]LogSlate: Using Freetype 2.6.0
[2018.01.17-20.55.11:326][  0]LogSlate: SlateFontCache - WITH_FREETYPE: 1, WITH_HARFBUZZ: 1
[2018.01.17-20.55.11:326][  0]LogSlate: SlateFontCache - WITH_FREETYPE: 1, WITH_HARFBUZZ: 1
[2018.01.17-20.55.11:715][  0]LogInit: Selected Device Profile: [Windows]
[2018.01.17-20.55.11:813][  0]LogContentStreaming: Texture pool size is 0.00 MB
[2018.01.17-20.55.11:987][  0]LogMeshUtilities: Using QuadricMeshReduction for automatic static mesh reduction
[2018.01.17-20.55.12:032][  0]LogSimplygon: Simplygon DLL not present - disabling.
[2018.01.17-20.55.12:081][  0]LogMeshUtilities: Using SimplygonSwarm for distributed automatic mesh merging
[2018.01.17-20.55.12:081][  0]LogMeshUtilities: No automatic skeletal mesh reduction module available
[2018.01.17-20.55.12:081][  0]LogMeshUtilities: No automatic mesh merging module available
[2018.01.17-20.55.12:721][  0]LogNetVersion: PGK , NetCL: 3452394, EngineNetVer: 2, GameNetVer: 0 (Checksum: 3392332418)
[2018.01.17-20.55.12:789][  0]LogAssetRegistry: FAssetRegistry took 0.0263 seconds to start up
[2018.01.17-20.55.12:825][  0]LogPackageLocalizationCache: Processed 4 localized package path(s) for 1 prioritized culture(s) in 0.016280 seconds
[2018.01.17-20.55.12:831][  0]LogUObjectArray: 34194 objects as part of root set at end of initial load.
[2018.01.17-20.55.12:832][  0]LogUObjectAllocator: 7260424 out of 0 bytes used by permanent object pool.
[2018.01.17-20.55.12:832][  0]LogUObjectArray: CloseDisregardForGC: 0/0 objects in disregard for GC pool
[2018.01.17-20.55.12:887][  0]LogInit: WinSock: version 1.1 (2.2), MaxSocks=32767, MaxUdp=65467
[2018.01.17-20.55.15:517][  0]LogTcpMessaging: Initializing TcpMessaging bridge
[2018.01.17-20.55.15:557][  0]LogUdpMessaging: Initializing bridge on interface 0.0.0.0:0 to multicast group 230.0.0.1:6666.
[2018.01.17-20.55.16:107][  0]LogMaterial: Uniform references updated for custom material expression Custom.
[2018.01.17-20.55.16:511][  0]SourceControl: Info Source control is disabled
[2018.01.17-20.55.16:512][  0]SourceControl: Info Source control is disabled
[2018.01.17-20.55.16:566][  0]SourceControl: Info Source control is disabled
[2018.01.17-20.55.16:615][  0]SourceControl: Info Source control is disabled
[2018.01.17-20.55.17:286][  0]LogAndroidPermission: UAndroidPermissionCallbackProxy::GetInstance
[2018.01.17-20.55.17:880][  0]LogEngine: Initializing Engine...
[2018.01.17-20.55.17:881][  0]LogHMD: Failed to initialize OpenVR with code 110
[2018.01.17-20.55.18:157][  0]LogStats: UGameplayTagsManager::ConstructGameplayTagTree: Construct from data asset -  0.000 s
[2018.01.17-20.55.18:157][  0]LogStats: UGameplayTagsManager::ConstructGameplayTagTree: GameplayTagTreeChangedEvent.Broadcast -  0.000 s
[2018.01.17-20.55.18:278][  0]LogAIModule: Creating AISystem for world Untitled
[2018.01.17-20.55.18:288][  0]LogInit: XAudio2 using 'Głośniki (Realtek High Definition Audio)' : 2 channels at 48 kHz using 32 bits per sample (channel mask 0x3)
[2018.01.17-20.55.18:357][  0]LogInit: FAudioDevice initialized.
[2018.01.17-20.55.18:424][  0]LogDerivedDataCache: Saved boot cache 0.07s 88MB C:/Users/Robert/AppData/Local/UnrealEngine/4.16/DerivedDataCache/Boot.ddc.
[2018.01.17-20.55.18:444][  0]LogInit: Texture streaming: Enabled
[2018.01.17-20.55.18:533][  0]LogEngineSessionManager: EngineSessionManager initialized
[2018.01.17-20.55.18:582][  0]LogEngineSessionManager: EngineSessionManager sent abnormal shutdown report. Type=AbnormalShutdown, SessionId={D9FC06E6-4F97-2CEC-7618-24A0D6DDC53C}
[2018.01.17-20.55.18:797][  0]LogInit: Transaction tracking system initialized
[2018.01.17-20.55.19:090][  0]BlueprintLog: New page: Editor Load
[2018.01.17-20.55.19:956][  0]LocalizationService: Info Localization service is disabled
[2018.01.17-20.55.20:599][  0]LogConsoleResponse:Display: 
[2018.01.17-20.55.20:764][  0]LogCook:Display: Max memory allowance for cook 16384mb min free memory 0mb
[2018.01.17-20.55.20:764][  0]LogCook:Display: Mobile HDR setting 1
[2018.01.17-20.55.21:740][  0]LogFileCache: Scanning file cache for directory 'I:/Projekt/PGK/Content/' took 0.02s
[2018.01.17-20.55.21:784][  0]SourceControl: Info Source control is disabled
[2018.01.17-20.55.21:784][  0]Cmd: MAP LOAD FILE="I:/Projekt/PGK/Content/FirstPersonBP/Maps/FirstPersonExampleMap.umap" TEMPLATE=0 SHOWPROGRESS=1 FEATURELEVEL=3
[2018.01.17-20.55.21:785][  0]LightingResults: New page: Lighting Build
[2018.01.17-20.55.21:823][  0]MapCheck: New page: Map Check
[2018.01.17-20.55.21:823][  0]LightingResults: New page: Lighting Build
[2018.01.17-20.55.22:264][  0]LogLinker:Warning: Can't find file '/Game/import/bed/Bed'
[2018.01.17-20.55.22:265][  0]LogLinker:Warning: Can't find file for asset '/Game/import/bed/Bed' while loading I:/Projekt/PGK/Content/import/bed/BunkFBX.uasset.
[2018.01.17-20.55.22:265][  0]LoadErrors:Error: Error /Game/import/bed/BunkFBX : Can't find file for asset. /Game/import/bed/Bed
[2018.01.17-20.55.22:265][  0]LogLinker:Warning: Can't find file '/Game/import/bed/Drawer'
[2018.01.17-20.55.22:265][  0]LogLinker:Warning: Can't find file for asset '/Game/import/bed/Drawer' while loading I:/Projekt/PGK/Content/import/bed/BunkFBX.uasset.
[2018.01.17-20.55.22:265][  0]LoadErrors:Error: Error /Game/import/bed/BunkFBX : Can't find file for asset. /Game/import/bed/Drawer
[2018.01.17-20.55.22:265][  0]LogLinker:Warning: Can't find file '/Game/import/bed/Main'
[2018.01.17-20.55.22:265][  0]LogLinker:Warning: Can't find file for asset '/Game/import/bed/Main' while loading I:/Projekt/PGK/Content/import/bed/BunkFBX.uasset.
[2018.01.17-20.55.22:265][  0]LoadErrors:Error: Error /Game/import/bed/BunkFBX : Can't find file for asset. /Game/import/bed/Main
[2018.01.17-20.55.22:265][  0]LogLinker:Warning: Can't find file '/Game/import/bed/Metal'
[2018.01.17-20.55.22:265][  0]LogLinker:Warning: Can't find file for asset '/Game/import/bed/Metal' while loading I:/Projekt/PGK/Content/import/bed/BunkFBX.uasset.
[2018.01.17-20.55.22:265][  0]LoadErrors:Error: Error /Game/import/bed/BunkFBX : Can't find file for asset. /Game/import/bed/Metal
[2018.01.17-20.55.22:265][  0]LogLinker:Warning: Can't find file '/Game/import/bed/Bed'
[2018.01.17-20.55.22:265][  0]LogLinker:Warning: Can't find file for asset '/Game/import/bed/Bed' while loading I:/Projekt/PGK/Content/import/bed/BunkFBX.uasset.
[2018.01.17-20.55.22:265][  0]LoadErrors:Error: Error /Game/import/bed/BunkFBX : Can't find file for asset. /Game/import/bed/Bed
[2018.01.17-20.55.22:265][  0]LogLinker:Warning: Can't find file '/Game/import/bed/Drawer'
[2018.01.17-20.55.22:265][  0]LogLinker:Warning: Can't find file for asset '/Game/import/bed/Drawer' while loading I:/Projekt/PGK/Content/import/bed/BunkFBX.uasset.
[2018.01.17-20.55.22:265][  0]LoadErrors:Error: Error /Game/import/bed/BunkFBX : Can't find file for asset. /Game/import/bed/Drawer
[2018.01.17-20.55.22:265][  0]LogLinker:Warning: Can't find file '/Game/import/bed/Main'
[2018.01.17-20.55.22:265][  0]LogLinker:Warning: Can't find file for asset '/Game/import/bed/Main' while loading I:/Projekt/PGK/Content/import/bed/BunkFBX.uasset.
[2018.01.17-20.55.22:265][  0]LoadErrors:Error: Error /Game/import/bed/BunkFBX : Can't find file for asset. /Game/import/bed/Main
[2018.01.17-20.55.22:266][  0]LogLinker:Warning: Can't find file '/Game/import/bed/Metal'
[2018.01.17-20.55.22:266][  0]LogLinker:Warning: Can't find file for asset '/Game/import/bed/Metal' while loading I:/Projekt/PGK/Content/import/bed/BunkFBX.uasset.
[2018.01.17-20.55.22:266][  0]LoadErrors:Error: Error /Game/import/bed/BunkFBX : Can't find file for asset. /Game/import/bed/Metal
[2018.01.17-20.55.22:294][  0]LogLinker:Warning: Can't find file '/Game/import/wardrobe/lambert2'
[2018.01.17-20.55.22:294][  0]LogLinker:Warning: Can't find file for asset '/Game/import/wardrobe/lambert2' while loading I:/Projekt/PGK/Content/import/wardrobe/wardrobe.uasset.
[2018.01.17-20.55.22:294][  0]LoadErrors:Error: Error /Game/import/wardrobe/wardrobe : Can't find file for asset. /Game/import/wardrobe/lambert2
[2018.01.17-20.55.22:294][  0]LogLinker:Warning: Can't find file '/Game/import/wardrobe/lambert2'
[2018.01.17-20.55.22:294][  0]LogLinker:Warning: Can't find file for asset '/Game/import/wardrobe/lambert2' while loading I:/Projekt/PGK/Content/import/wardrobe/wardrobe.uasset.
[2018.01.17-20.55.22:294][  0]LoadErrors:Error: Error /Game/import/wardrobe/wardrobe : Can't find file for asset. /Game/import/wardrobe/lambert2
[2018.01.17-20.55.22:296][  0]LogLinker:Warning: Can't find file '/Game/import/wardrobe/box'
[2018.01.17-20.55.22:296][  0]LogLinker:Warning: Can't find file for asset '/Game/import/wardrobe/box' while loading I:/Projekt/PGK/Content/import/wardrobe/wardrobe3.uasset.
[2018.01.17-20.55.22:296][  0]LoadErrors:Error: Error /Game/import/wardrobe/wardrobe3 : Can't find file for asset. /Game/import/wardrobe/box
[2018.01.17-20.55.22:296][  0]LogLinker:Warning: Can't find file '/Game/import/wardrobe/st_gold'
[2018.01.17-20.55.22:296][  0]LogLinker:Warning: Can't find file for asset '/Game/import/wardrobe/st_gold' while loading I:/Projekt/PGK/Content/import/wardrobe/wardrobe3.uasset.
[2018.01.17-20.55.22:296][  0]LoadErrors:Error: Error /Game/import/wardrobe/wardrobe3 : Can't find file for asset. /Game/import/wardrobe/st_gold
[2018.01.17-20.55.22:296][  0]LogLinker:Warning: Can't find file '/Game/import/wardrobe/box'
[2018.01.17-20.55.22:296][  0]LogLinker:Warning: Can't find file for asset '/Game/import/wardrobe/box' while loading I:/Projekt/PGK/Content/import/wardrobe/wardrobe3.uasset.
[2018.01.17-20.55.22:296][  0]LoadErrors:Error: Error /Game/import/wardrobe/wardrobe3 : Can't find file for asset. /Game/import/wardrobe/box
[2018.01.17-20.55.22:296][  0]LogLinker:Warning: Can't find file '/Game/import/wardrobe/st_gold'
[2018.01.17-20.55.22:296][  0]LogLinker:Warning: Can't find file for asset '/Game/import/wardrobe/st_gold' while loading I:/Projekt/PGK/Content/import/wardrobe/wardrobe3.uasset.
[2018.01.17-20.55.22:296][  0]LoadErrors:Error: Error /Game/import/wardrobe/wardrobe3 : Can't find file for asset. /Game/import/wardrobe/st_gold
[2018.01.17-20.55.22:296][  0]LogLinker:Warning: Can't find file '/Game/import/wardrobe/wardrobe3_PhysicsAsset'
[2018.01.17-20.55.22:296][  0]LogLinker:Warning: Can't find file for asset '/Game/import/wardrobe/wardrobe3_PhysicsAsset' while loading I:/Projekt/PGK/Content/import/wardrobe/wardrobe3.uasset.
[2018.01.17-20.55.22:296][  0]LoadErrors:Error: Error /Game/import/wardrobe/wardrobe3 : Can't find file for asset. /Game/import/wardrobe/wardrobe3_PhysicsAsset
[2018.01.17-20.55.22:296][  0]LogLinker:Warning: Can't find file '/Game/import/wardrobe/wardrobe3_Skeleton'
[2018.01.17-20.55.22:296][  0]LogLinker:Warning: Can't find file for asset '/Game/import/wardrobe/wardrobe3_Skeleton' while loading I:/Projekt/PGK/Content/import/wardrobe/wardrobe3.uasset.
[2018.01.17-20.55.22:296][  0]LoadErrors:Error: Error /Game/import/wardrobe/wardrobe3 : Can't find file for asset. /Game/import/wardrobe/wardrobe3_Skeleton
[2018.01.17-20.55.22:297][  0]LogLinker:Warning: Can't find file '/Game/import/wardrobe/wardrobe3_PhysicsAsset'
[2018.01.17-20.55.22:297][  0]LogLinker:Warning: Can't find file for asset '/Game/import/wardrobe/wardrobe3_PhysicsAsset' while loading I:/Projekt/PGK/Content/import/wardrobe/wardrobe3.uasset.
[2018.01.17-20.55.22:297][  0]LoadErrors:Error: Error /Game/import/wardrobe/wardrobe3 : Can't find file for asset. /Game/import/wardrobe/wardrobe3_PhysicsAsset
[2018.01.17-20.55.22:297][  0]LogLinker:Warning: Can't find file '/Game/import/wardrobe/wardrobe3_Skeleton'
[2018.01.17-20.55.22:297][  0]LogLinker:Warning: Can't find file for asset '/Game/import/wardrobe/wardrobe3_Skeleton' while loading I:/Projekt/PGK/Content/import/wardrobe/wardrobe3.uasset.
[2018.01.17-20.55.22:297][  0]LoadErrors:Error: Error /Game/import/wardrobe/wardrobe3 : Can't find file for asset. /Game/import/wardrobe/wardrobe3_Skeleton
[2018.01.17-20.55.22:298][  0]LogLinker:Warning: Can't find file '/Game/import/wardrobe/None'
[2018.01.17-20.55.22:298][  0]LogLinker:Warning: Can't find file for asset '/Game/import/wardrobe/None' while loading I:/Projekt/PGK/Content/import/wardrobe/wardrobe4.uasset.
[2018.01.17-20.55.22:298][  0]LoadErrors:Error: Error /Game/import/wardrobe/wardrobe4 : Can't find file for asset. /Game/import/wardrobe/None
[2018.01.17-20.55.22:298][  0]LogLinker:Warning: Can't find file '/Game/import/wardrobe/None'
[2018.01.17-20.55.22:298][  0]LogLinker:Warning: Can't find file for asset '/Game/import/wardrobe/None' while loading I:/Projekt/PGK/Content/import/wardrobe/wardrobe4.uasset.
[2018.01.17-20.55.22:298][  0]LoadErrors:Error: Error /Game/import/wardrobe/wardrobe4 : Can't find file for asset. /Game/import/wardrobe/None
[2018.01.17-20.55.22:522][  0]LogLinker:Warning: Can't find file '/Game/import/wardrobe/None'
[2018.01.17-20.55.22:523][  0]LoadErrors: Info Failed to load /Game/import/wardrobe/None.Material_0 Referenced by wardrobe4
[2018.01.17-20.55.22:523][  0]LogLinker:Warning: Can't find file for asset '/Game/import/wardrobe/None' while loading NULL.
[2018.01.17-20.55.22:523][  0]LoadErrors: Info Failed to load /Game/import/wardrobe/None.Material_0 Referenced by wardrobe4
[2018.01.17-20.55.22:523][  0]LogLinker:Warning: Can't find file '/Game/import/wardrobe/wardrobe3_Skeleton'
[2018.01.17-20.55.22:523][  0]LoadErrors: Info Failed to load /Game/import/wardrobe/wardrobe3_Skeleton.wardrobe3_Skeleton Referenced by wardrobe3
[2018.01.17-20.55.22:523][  0]LogLinker:Warning: Can't find file for asset '/Game/import/wardrobe/wardrobe3_Skeleton' while loading NULL.
[2018.01.17-20.55.22:523][  0]LoadErrors: Info Failed to load /Game/import/wardrobe/wardrobe3_Skeleton.wardrobe3_Skeleton Referenced by wardrobe3
[2018.01.17-20.55.22:523][  0]LogLinker:Warning: Can't find file '/Game/import/wardrobe/wardrobe3_PhysicsAsset'
[2018.01.17-20.55.22:524][  0]LoadErrors: Info Failed to load /Game/import/wardrobe/wardrobe3_PhysicsAsset.wardrobe3_PhysicsAsset Referenced by wardrobe3
[2018.01.17-20.55.22:524][  0]LogLinker:Warning: Can't find file for asset '/Game/import/wardrobe/wardrobe3_PhysicsAsset' while loading NULL.
[2018.01.17-20.55.22:524][  0]LoadErrors: Info Failed to load /Game/import/wardrobe/wardrobe3_PhysicsAsset.wardrobe3_PhysicsAsset Referenced by wardrobe3
[2018.01.17-20.55.22:524][  0]LogLinker:Warning: Can't find file '/Game/import/wardrobe/st_gold'
[2018.01.17-20.55.22:524][  0]LoadErrors: Info Failed to load /Game/import/wardrobe/st_gold.st_gold Referenced by wardrobe3
[2018.01.17-20.55.22:524][  0]LogLinker:Warning: Can't find file for asset '/Game/import/wardrobe/st_gold' while loading NULL.
[2018.01.17-20.55.22:524][  0]LoadErrors: Info Failed to load /Game/import/wardrobe/st_gold.st_gold Referenced by wardrobe3
[2018.01.17-20.55.22:524][  0]LogLinker:Warning: Can't find file '/Game/import/wardrobe/box'
[2018.01.17-20.55.22:524][  0]LoadErrors: Info Failed to load /Game/import/wardrobe/box.box Referenced by wardrobe3
[2018.01.17-20.55.22:524][  0]LogLinker:Warning: Can't find file for asset '/Game/import/wardrobe/box' while loading NULL.
[2018.01.17-20.55.22:524][  0]LoadErrors: Info Failed to load /Game/import/wardrobe/box.box Referenced by wardrobe3
[2018.01.17-20.55.22:533][  0]LogLinker:Warning: Can't find file '/Game/import/wardrobe/lambert2'
[2018.01.17-20.55.22:533][  0]LoadErrors: Info Failed to load /Game/import/wardrobe/lambert2.lambert2 Referenced by wardrobe
[2018.01.17-20.55.22:533][  0]LogLinker:Warning: Can't find file for asset '/Game/import/wardrobe/lambert2' while loading NULL.
[2018.01.17-20.55.22:533][  0]LoadErrors: Info Failed to load /Game/import/wardrobe/lambert2.lambert2 Referenced by wardrobe
[2018.01.17-20.55.22:542][  0]LogLinker:Warning: Can't find file '/Game/import/bed/Main'
[2018.01.17-20.55.22:542][  0]LoadErrors: Info Failed to load /Game/import/bed/Main.Main Referenced by BunkFBX
[2018.01.17-20.55.22:542][  0]LogLinker:Warning: Can't find file for asset '/Game/import/bed/Main' while loading NULL.
[2018.01.17-20.55.22:542][  0]LoadErrors: Info Failed to load /Game/import/bed/Main.Main Referenced by BunkFBX
[2018.01.17-20.55.22:542][  0]LogLinker:Warning: Can't find file '/Game/import/bed/Bed'
[2018.01.17-20.55.22:543][  0]LoadErrors: Info Failed to load /Game/import/bed/Bed.Bed Referenced by BunkFBX
[2018.01.17-20.55.22:543][  0]LogLinker:Warning: Can't find file for asset '/Game/import/bed/Bed' while loading NULL.
[2018.01.17-20.55.22:543][  0]LoadErrors: Info Failed to load /Game/import/bed/Bed.Bed Referenced by BunkFBX
[2018.01.17-20.55.22:543][  0]LogLinker:Warning: Can't find file '/Game/import/bed/Drawer'
[2018.01.17-20.55.22:543][  0]LoadErrors: Info Failed to load /Game/import/bed/Drawer.Drawer Referenced by BunkFBX
[2018.01.17-20.55.22:543][  0]LogLinker:Warning: Can't find file for asset '/Game/import/bed/Drawer' while loading NULL.
[2018.01.17-20.55.22:543][  0]LoadErrors: Info Failed to load /Game/import/bed/Drawer.Drawer Referenced by BunkFBX
[2018.01.17-20.55.22:543][  0]LogLinker:Warning: Can't find file '/Game/import/bed/Metal'
[2018.01.17-20.55.22:543][  0]LoadErrors: Info Failed to load /Game/import/bed/Metal.Metal Referenced by BunkFBX
[2018.01.17-20.55.22:543][  0]LogLinker:Warning: Can't find file for asset '/Game/import/bed/Metal' while loading NULL.
[2018.01.17-20.55.22:543][  0]LoadErrors: Info Failed to load /Game/import/bed/Metal.Metal Referenced by BunkFBX
[2018.01.17-20.55.23:163][  0]LogMaterial: Missing cached shader map for material st_tile, compiling. 
[2018.01.17-20.55.23:164][  0]LogMaterial:Warning: Failed to compile Material /Game/import/kibel/st_tile.st_tile for platform PCD3D_SM5, Default Material will be used in game.
[2018.01.17-20.55.23:164][  0]LogMaterial:Warning: 	(Node TextureSample) TextureSample> Sampler type is Normal, should be Color for /Game/import/kibel/Dirt_map.Dirt_map
[2018.01.17-20.55.23:471][  0]LogAIModule: Creating AISystem for world FirstPersonExampleMap
[2018.01.17-20.55.23:547][  0]LogEditorServer: Finished looking for orphan Actors (0.000 secs)
[2018.01.17-20.55.23:572][  0]Cmd: MAP CHECKDEP NOCLEARLOG
[2018.01.17-20.55.23:659][  0]MapCheck: Info Map check complete: 0 Error(s), 0 Warning(s), took 86.282ms to complete.
[2018.01.17-20.55.23:659][  0]LogFileHelpers: Loading map 'FirstPersonExampleMap' took 1.874
[2018.01.17-20.55.23:810][  0]LogCollectionManager: Loaded 0 collections in 0.002222 seconds
[2018.01.17-20.55.23:887][  0]LogFileCache: Scanning file cache for directory 'I:/Projekt/PGK/Saved/Collections/' took 0.01s
[2018.01.17-20.55.23:887][  0]LogFileCache: Scanning file cache for directory 'I:/Projekt/PGK/Content/Developers/Robert/Collections/' took 0.01s
[2018.01.17-20.55.23:887][  0]LogFileCache: Scanning file cache for directory 'I:/Projekt/PGK/Content/Collections/' took 0.01s
[2018.01.17-20.55.23:887][  0]LogCollectionManager: Rebuilt the GUID cache for 0 collections in 0.000002 seconds
[2018.01.17-20.55.23:897][  0]LogContentBrowser: Native class hierarchy populated in 0.0103 seconds. Added 2329 classes and 491 folders.
[2018.01.17-20.55.23:956][  0]LogContentBrowser: Native class hierarchy updated for 'WidgetCarousel' in 0.0007 seconds. Added 0 classes and 0 folders.
[2018.01.17-20.55.24:015][  0]LogContentBrowser: Native class hierarchy updated for 'AddContentDialog' in 0.0006 seconds. Added 0 classes and 0 folders.
[2018.01.17-20.55.24:058][  0]LogContentBrowser: Native class hierarchy updated for 'SceneOutliner' in 0.0006 seconds. Added 1 classes and 2 folders.
[2018.01.17-20.55.24:098][  0]LogCrashTracker: Crashtracker disabled due to settings.
[2018.01.17-20.55.24:105][  0]LogSlate: Took 0.000316 seconds to synchronously load lazily loaded font '../../../Engine/Content/Slate/Fonts/Roboto-Regular.ttf' (155K)
[2018.01.17-20.55.24:107][  0]LogSlate: Took 0.000349 seconds to synchronously load lazily loaded font '../../../Engine/Content/Slate/Fonts/Roboto-Bold.ttf' (160K)
[2018.01.17-20.55.24:117][  0]LogSlate: Took 0.001441 seconds to synchronously load lazily loaded font '../../../Engine/Content/Editor/Slate/Fonts/FontAwesome.ttf' (139K)
[2018.01.17-20.55.24:231][  0]LogRenderer: Reallocating scene render targets to support 1180x600 NumSamples 1 (Frame:1).
[2018.01.17-20.55.24:513][  0]LogUObjectGlobals:Warning: Failed to find object 'Class None.'
[2018.01.17-20.55.24:582][  0]LogContentBrowser: Native class hierarchy updated for 'HierarchicalLODOutliner' in 0.0007 seconds. Added 1 classes and 2 folders.
[2018.01.17-20.55.24:582][  0]LogLoad: (Engine Initialization) Total time: 21.11 seconds
[2018.01.17-20.55.24:582][  0]LogLoad: (Engine Initialization) Total Blueprint compile time: 0.18 seconds
[2018.01.17-20.55.24:582][  0]LogExternalProfiler: No external profilers were discovered.  External profiling features will not be available.
[2018.01.17-20.55.24:623][  0]LogOcInput: OculusInput pre-init called
[2018.01.17-20.55.24:623][  0]LogHMD: Starting GearVRController plugin
[2018.01.17-20.55.24:656][  0]LogContentStreaming: Texture pool size now 1000 MB
[2018.01.17-20.55.24:756][  1]LogFileCache: Retrieving MD5 hashes for directory 'I:/Projekt/PGK/Content/' took 0.12s
[2018.01.17-20.55.24:809][  2]LogAssetRegistry: Asset discovery search completed in 12.0426 seconds
[2018.01.17-20.55.24:812][  2]LogCollectionManager: Rebuilt the object cache for 0 collections in 0.000000 seconds (found 0 objects)
[2018.01.17-20.55.24:812][  2]LogCollectionManager: Fixed up redirectors for 0 collections in 0.000044 seconds (updated 0 objects)
[2018.01.17-20.55.27:702][ 48]LogSlate: Took 0.000420 seconds to synchronously load lazily loaded font '../../../Engine/Content/Slate/Fonts/Roboto-Light.ttf' (159K)
[2018.01.17-20.55.28:754][ 86]LogSlate: Took 0.000359 seconds to synchronously load lazily loaded font '../../../Engine/Content/Slate/Fonts/Roboto-Light.ttf' (159K)
[2018.01.17-20.55.33:914][156]AssetReimport: New page: Outstanding source content changes 10:55:33 PM
[2018.01.17-20.55.33:972][157]LogFactory: FactoryCreateFile: StaticMesh with FbxFactory (0 0 I:/Projekt/PGK/Content/import/slender/Slender.fbx)
[2018.01.17-20.55.34:067][157]LogFbx: ItemName: GlobalSettings, ItemCount : 1
[2018.01.17-20.55.34:067][157]LogFbx: ItemName: NodeAttribute, ItemCount : 64
[2018.01.17-20.55.34:067][157]LogFbx: ItemName: Geometry, ItemCount : 2
[2018.01.17-20.55.34:067][157]LogFbx: ItemName: Model, ItemCount : 67
[2018.01.17-20.55.34:067][157]LogFbx: ItemName: Pose, ItemCount : 2
[2018.01.17-20.55.34:067][157]LogFbx: ItemName: Deformer, ItemCount : 129
[2018.01.17-20.55.34:067][157]LogFbx: ItemName: Material, ItemCount : 2
[2018.01.17-20.55.34:116][157]LogFbx: Loading FBX Scene from I:/Projekt/PGK/Content/import/slender/Slender.fbx
[2018.01.17-20.55.34:200][157]LogFbx: FBX Scene Loaded Succesfully
[2018.01.17-20.55.38:032][157]LogFbx: Loading FBX Scene from I:/Projekt/PGK/Content/import/slender/Slender.fbx
[2018.01.17-20.55.38:064][157]LogFbx: FBX Scene Loaded Succesfully
[2018.01.17-20.55.38:073][157]LogFbx: =================================================
[2018.01.17-20.55.38:073][157]LogFbx: Dumping Node START [phymodel] 
[2018.01.17-20.55.38:073][157]LogFbx: 	Total Deformer Count -1705443384.
[2018.01.17-20.55.38:073][157]LogFbx: 		[Node 1] mdldecompiler.qc_skeleton (Type Skin).
[2018.01.17-20.55.38:073][157]LogFbx: =================================================
[2018.01.17-20.55.38:073][157]LogFbx: 	Attribute (phymodel.001) Type (4).
[2018.01.17-20.55.38:073][157]LogFbx: 		[Node Attribute Child 1] phymodel (Type Mesh).
[2018.01.17-20.55.38:073][157]LogFbx: Dumping Node END [phymodel]
[2018.01.17-20.55.38:073][157]LogFbx: =================================================
[2018.01.17-20.55.38:073][157]LogFbx: Dumping Node START [slender] 
[2018.01.17-20.55.38:073][157]LogFbx: 	Total Deformer Count -1705443384.
[2018.01.17-20.55.38:073][157]LogFbx: 		[Node 1] mdldecompiler.qc_skeleton (Type Skin).
[2018.01.17-20.55.38:073][157]LogFbx: =================================================
[2018.01.17-20.55.38:073][157]LogFbx: 	Attribute (slender.001) Type (4).
[2018.01.17-20.55.38:074][157]LogFbx: 		[Node Attribute Child 1] slender (Type Mesh).
[2018.01.17-20.55.38:074][157]LogFbx: Dumping Node END [slender]
[2018.01.17-20.55.38:075][157]LogFbx: =================================================
[2018.01.17-20.55.38:075][157]LogFbx: Dumping Node START [phymodel] 
[2018.01.17-20.55.38:075][157]LogFbx: 	Total Deformer Count -1705443664.
[2018.01.17-20.55.38:075][157]LogFbx: 		[Node 1] mdldecompiler.qc_skeleton (Type Skin).
[2018.01.17-20.55.38:075][157]LogFbx: =================================================
[2018.01.17-20.55.38:075][157]LogFbx: 	Attribute (phymodel.001) Type (4).
[2018.01.17-20.55.38:075][157]LogFbx: 		[Node Attribute Child 1] phymodel (Type Mesh).
[2018.01.17-20.55.38:075][157]LogFbx: Dumping Node END [phymodel]
[2018.01.17-20.55.38:075][157]LogFbx: =================================================
[2018.01.17-20.55.38:075][157]LogFbx: Dumping Node START [slender] 
[2018.01.17-20.55.38:075][157]LogFbx: 	Total Deformer Count -1705443664.
[2018.01.17-20.55.38:075][157]LogFbx: 		[Node 1] mdldecompiler.qc_skeleton (Type Skin).
[2018.01.17-20.55.38:075][157]LogFbx: =================================================
[2018.01.17-20.55.38:075][157]LogFbx: 	Attribute (slender.001) Type (4).
[2018.01.17-20.55.38:075][157]LogFbx: 		[Node Attribute Child 1] slender (Type Mesh).
[2018.01.17-20.55.38:075][157]LogFbx: Dumping Node END [slender]
[2018.01.17-20.55.38:117][157]LogFbx: Valid bind pose for Pose (phymodel.001) - phymodel
[2018.01.17-20.55.38:117][157]LogFbx: Valid bind pose for Pose (slender.001) - phymodel
[2018.01.17-20.55.38:120][157]LogLinker: Can't find file '/Game/import/slender/phy_bmp'
[2018.01.17-20.55.38:120][157]LogLinker: Can't find file '/Game/import/slender/phy_bmp'
[2018.01.17-20.55.38:123][157]LogMaterial: Missing cached shader map for material phy_bmp, compiling. 
[2018.01.17-20.55.38:213][157]LogMaterial: Missing cached shader map for material phy_bmp, compiling. 
[2018.01.17-20.55.38:265][157]LogLinker: Can't find file '/Game/import/slender/slender_d_bmp'
[2018.01.17-20.55.38:265][157]LogLinker: Can't find file '/Game/import/slender/slender_d_bmp'
[2018.01.17-20.55.38:268][157]LogMaterial: Missing cached shader map for material slender_d_bmp, compiling. 
[2018.01.17-20.55.38:301][157]LogMaterial: Missing cached shader map for material slender_d_bmp, compiling. 
[2018.01.17-20.55.38:721][157]LogSkeletalMesh: Section 0: 374 vertices, 18 active bones
[2018.01.17-20.55.38:721][157]LogSkeletalMesh: Section 1: 3363 vertices, 64 active bones
[2018.01.17-20.55.38:728][157]LogSkeletalMesh: Section 0: Material=0, 676 triangles
[2018.01.17-20.55.38:728][157]LogSkeletalMesh: Section 1: Material=1, 5279 triangles
[2018.01.17-20.55.38:755][157]LogLinker: Can't find file '/Game/import/slender/Slender_Skeleton'
[2018.01.17-20.55.38:755][157]LogLinker: Can't find file '/Game/import/slender/Slender_Skeleton'
[2018.01.17-20.55.38:791][157]LogLinker: Can't find file '/Game/import/slender/Slender_PhysicsAsset'
[2018.01.17-20.55.38:791][157]LogLinker: Can't find file '/Game/import/slender/Slender_PhysicsAsset'
[2018.01.17-20.55.38:957][158]LogFactory: FactoryCreateFile: Texture with ReimportTextureFactory (0 0 I:/Projekt/PGK/Content/import/slender/slender_d.png)
[2018.01.17-20.55.40:603][159]LogFactory: FactoryCreateFile: Texture with ReimportTextureFactory (0 0 I:/Projekt/PGK/Content/import/slender/slender_n.png)
[2018.01.17-20.55.41:903][160]LogSlate: Took 0.000192 seconds to synchronously load lazily loaded font '../../../Engine/Content/Slate/Fonts/Roboto-Light.ttf' (159K)
[2018.01.17-20.55.42:003][160]Cmd: OBJ SAVEPACKAGE PACKAGE="/Game/import/slender/Slender" FILE="I:/Projekt/PGK/Content/import/slender/Slender.uasset" SILENT=true
[2018.01.17-20.55.42:028][160]LogSavePackage: Save=23.03ms
[2018.01.17-20.55.42:028][160]LogSavePackage: Moving 'I:/Projekt/PGK/Saved/SlenderA0474AB349EBAED94415DEA199AE8518.tmp' to 'I:/Projekt/PGK/Content/import/slender/Slender.uasset'
[2018.01.17-20.55.42:030][160]LogSavePackage:Display: Finished SavePackage I:/Projekt/PGK/Content/import/slender/Slender.uasset
[2018.01.17-20.55.42:051][160]Cmd: OBJ SAVEPACKAGE PACKAGE="/Game/import/slender/slender_d" FILE="I:/Projekt/PGK/Content/import/slender/slender_d.uasset" SILENT=true
[2018.01.17-20.55.42:609][160]LogSavePackage: Save=557.18ms
[2018.01.17-20.55.42:609][160]LogSavePackage: Moving 'I:/Projekt/PGK/Saved/slender_d3CA0C00E4FCC551147C1D4A9BFC2EADA.tmp' to 'I:/Projekt/PGK/Content/import/slender/slender_d.uasset'
[2018.01.17-20.55.42:611][160]LogSavePackage:Display: Finished SavePackage I:/Projekt/PGK/Content/import/slender/slender_d.uasset
[2018.01.17-20.55.42:639][160]Cmd: OBJ SAVEPACKAGE PACKAGE="/Game/import/slender/slender_n" FILE="I:/Projekt/PGK/Content/import/slender/slender_n.uasset" SILENT=true
[2018.01.17-20.55.43:255][160]LogSavePackage: Save=614.11ms
[2018.01.17-20.55.43:255][160]LogSavePackage: Moving 'I:/Projekt/PGK/Saved/slender_nCEC03C3E4ADE2E9661AC5D8CBD4AF68F.tmp' to 'I:/Projekt/PGK/Content/import/slender/slender_n.uasset'
[2018.01.17-20.55.43:258][160]LogSavePackage:Display: Finished SavePackage I:/Projekt/PGK/Content/import/slender/slender_n.uasset
[2018.01.17-20.55.46:351][204]AssetReimport: Info Importing new asset /Game/import/slender/Slender.
[2018.01.17-20.55.46:351][204]AssetReimport: Info Importing new asset /Game/import/slender/slender_d.
[2018.01.17-20.55.46:351][204]AssetReimport: Info Importing new asset /Game/import/slender/slender_n.
[2018.01.17-20.55.56:411][459]LogEditorViewport: Clicking on Actor (LMB): StaticMeshActor (Cube4)
[2018.01.17-20.56.49:724][187]Cmd: DELETE
[2018.01.17-20.56.49:724][187]Cmd: ACTOR DELETE
[2018.01.17-20.56.49:730][187]LogEditorActor: Deleted Actor: SkeletalMeshActor
[2018.01.17-20.56.49:790][187]LogEditorActor: Deleted 1 Actors (0.065 secs)
[2018.01.17-20.56.53:377][239]LogEditorViewport: Clicking on Actor (LMB): SkeletalMeshActor (Slender_PhysicsAsset)
[2018.01.17-20.57.04:591][393]Cmd: DELETE
[2018.01.17-20.57.04:591][393]Cmd: ACTOR DELETE
[2018.01.17-20.57.04:595][393]LogEditorActor: Deleted Actor: SkeletalMeshActor
[2018.01.17-20.57.04:660][393]LogEditorActor: Deleted 1 Actors (0.070 secs)
[2018.01.17-20.57.06:919][424]LogEditorViewport: Clicking on Actor (LMB): SkeletalMeshActor (Slender_PhysicsAsset)
[2018.01.17-20.57.09:620][463]LogSlate: Took 0.000479 seconds to synchronously load lazily loaded font '../../../Engine/Content/Editor/Slate/Fonts/Roboto-Italic.ttf' (157K)
[2018.01.17-20.57.12:270][502]Cmd: DELETE
[2018.01.17-20.57.12:270][502]Cmd: ACTOR DELETE
[2018.01.17-20.57.12:277][502]LogEditorActor: Deleted Actor: SkeletalMeshActor
[2018.01.17-20.57.12:304][502]LogEditorActor: Deleted 1 Actors (0.035 secs)
[2018.01.17-20.57.20:369][619]Cmd: OBJ SAVEPACKAGE PACKAGE="/Game/FirstPersonBP/Maps/FirstPersonExampleMap" FILE="I:/Projekt/PGK/Content/FirstPersonBP/Maps/FirstPersonExampleMap.umap" SILENT=true AUTOSAVING=false KEEPDIRTY=false
[2018.01.17-20.57.22:235][619]LogSavePackage: Save=1819.89ms
[2018.01.17-20.57.22:235][619]LogSavePackage: Moving 'I:/Projekt/PGK/Saved/FirstPersonExampleMap561EEFDD4CD32176036E6AA3FA6FA364.tmp' to 'I:/Projekt/PGK/Content/FirstPersonBP/Maps/FirstPersonExampleMap.umap'
[2018.01.17-20.57.22:239][619]LogSavePackage:Display: Finished SavePackage I:/Projekt/PGK/Content/FirstPersonBP/Maps/FirstPersonExampleMap.umap
[2018.01.17-20.57.22:267][619]Cmd: OBJ SAVEPACKAGE PACKAGE="/Game/FirstPersonBP/Maps/FirstPersonExampleMap_BuiltData" FILE="I:/Projekt/PGK/Content/FirstPersonBP/Maps/FirstPersonExampleMap_BuiltData.uasset" SILENT=true
[2018.01.17-20.57.22:272][619]LogSavePackage: Save=1.71ms
[2018.01.17-20.57.22:272][619]LogSavePackage: Moving 'I:/Projekt/PGK/Saved/FirstPersonExampleMap_BuiltDataD9F91523474CE8B02002F99C01D1803F.tmp' to 'I:/Projekt/PGK/Content/FirstPersonBP/Maps/FirstPersonExampleMap_BuiltData.uasset'
[2018.01.17-20.57.22:273][619]LogSavePackage:Display: Finished SavePackage I:/Projekt/PGK/Content/FirstPersonBP/Maps/FirstPersonExampleMap_BuiltData.uasset
[2018.01.17-21.03.07:873][963]AssetReimport: New page: Outstanding source content changes 11:03:07 PM
[2018.01.17-21.03.07:887][964]LogFactory: FactoryCreateFile: Texture with ReimportTextureFactory (0 0 I:/Projekt/PGK/Content/import/syf/syf3.png)
[2018.01.17-21.03.08:528][965]LogFactory: FactoryCreateFile: Texture with ReimportTextureFactory (0 0 I:/Projekt/PGK/Content/import/syf/syf2.png)
[2018.01.17-21.03.09:219][966]LogFactory: FactoryCreateFile: Texture with ReimportTextureFactory (0 0 I:/Projekt/PGK/Content/import/syf/syf1.png)
[2018.01.17-21.03.09:943][967]Cmd: OBJ SAVEPACKAGE PACKAGE="/Game/import/syf/syf3" FILE="I:/Projekt/PGK/Content/import/syf/syf3.uasset" SILENT=true
[2018.01.17-21.03.10:135][967]LogSavePackage: Save=191.22ms
[2018.01.17-21.03.10:135][967]LogSavePackage: Moving 'I:/Projekt/PGK/Saved/syf3E42D9A0C403655C8C151A981A8A69D2C.tmp' to 'I:/Projekt/PGK/Content/import/syf/syf3.uasset'
[2018.01.17-21.03.10:138][967]LogSavePackage:Display: Finished SavePackage I:/Projekt/PGK/Content/import/syf/syf3.uasset
[2018.01.17-21.03.10:157][967]Cmd: OBJ SAVEPACKAGE PACKAGE="/Game/import/syf/syf2" FILE="I:/Projekt/PGK/Content/import/syf/syf2.uasset" SILENT=true
[2018.01.17-21.03.10:422][967]LogSavePackage: Save=214.48ms
[2018.01.17-21.03.10:422][967]LogSavePackage: Moving 'I:/Projekt/PGK/Saved/syf295DADA504CCE918677CFA59CEDBCF70A.tmp' to 'I:/Projekt/PGK/Content/import/syf/syf2.uasset'
[2018.01.17-21.03.10:424][967]LogSavePackage:Display: Finished SavePackage I:/Projekt/PGK/Content/import/syf/syf2.uasset
[2018.01.17-21.03.10:441][967]Cmd: OBJ SAVEPACKAGE PACKAGE="/Game/import/syf/syf1" FILE="I:/Projekt/PGK/Content/import/syf/syf1.uasset" SILENT=true
[2018.01.17-21.03.10:640][967]LogSavePackage: Save=198.54ms
[2018.01.17-21.03.10:640][967]LogSavePackage: Moving 'I:/Projekt/PGK/Saved/syf145F11EFD4372E1489E605EBA83B54D08.tmp' to 'I:/Projekt/PGK/Content/import/syf/syf1.uasset'
[2018.01.17-21.03.10:642][967]LogSavePackage:Display: Finished SavePackage I:/Projekt/PGK/Content/import/syf/syf1.uasset
[2018.01.17-21.03.13:661][  9]AssetReimport: Info Importing new asset /Game/import/syf/syf3.
[2018.01.17-21.03.13:662][  9]AssetReimport: Info Importing new asset /Game/import/syf/syf2.
[2018.01.17-21.03.13:662][  9]AssetReimport: Info Importing new asset /Game/import/syf/syf1.
[2018.01.17-21.07.11:660][623]LogFileHelpers: Editor autosave (incl. sublevels) for '/Game/FirstPersonBP/Maps/FirstPersonExampleMap' took 0.014
[2018.01.17-21.07.11:746][623]OBJ SavePackage: Generating thumbnails for [1] asset(s) in package [/Game/import/slender/slender_d_bmp] ([1] browsable assets)...
[2018.01.17-21.07.11:800][623]OBJ SavePackage:     Rendered thumbnail for [Material /Game/import/slender/slender_d_bmp.slender_d_bmp]
[2018.01.17-21.07.11:800][623]OBJ SavePackage: Finished generating thumbnails for package [/Game/import/slender/slender_d_bmp]
[2018.01.17-21.07.11:800][623]Cmd: OBJ SAVEPACKAGE PACKAGE="/Game/import/slender/slender_d_bmp" FILE="I:/Projekt/PGK/Saved/Autosaves/Game/import/slender/slender_d_bmp_Auto1.uasset" SILENT=false AUTOSAVING=true
[2018.01.17-21.07.11:863][623]LogSavePackage: Save=43.19ms
[2018.01.17-21.07.11:863][623]LogSavePackage: Moving 'I:/Projekt/PGK/Saved/slender_d_bmp_Auto189E9376F43332C935EB93BB5A5566CA4.tmp' to 'I:/Projekt/PGK/Saved/Autosaves/Game/import/slender/slender_d_bmp_Auto1.uasset'
[2018.01.17-21.07.11:865][623]LogSavePackage:Display: Finished SavePackage I:/Projekt/PGK/Saved/Autosaves/Game/import/slender/slender_d_bmp_Auto1.uasset
[2018.01.17-21.07.11:867][623]OBJ SavePackage: Generating thumbnails for [1] asset(s) in package [/Game/import/slender/phy_bmp] ([1] browsable assets)...
[2018.01.17-21.07.11:905][623]OBJ SavePackage:     Rendered thumbnail for [Material /Game/import/slender/phy_bmp.phy_bmp]
[2018.01.17-21.07.11:905][623]OBJ SavePackage: Finished generating thumbnails for package [/Game/import/slender/phy_bmp]
[2018.01.17-21.07.11:905][623]Cmd: OBJ SAVEPACKAGE PACKAGE="/Game/import/slender/phy_bmp" FILE="I:/Projekt/PGK/Saved/Autosaves/Game/import/slender/phy_bmp_Auto1.uasset" SILENT=false AUTOSAVING=true
[2018.01.17-21.07.11:918][623]LogSavePackage: Save=11.75ms
[2018.01.17-21.07.11:918][623]LogSavePackage: Moving 'I:/Projekt/PGK/Saved/phy_bmp_Auto1E22856FF4DBFA998E44414A8F9DEFF63.tmp' to 'I:/Projekt/PGK/Saved/Autosaves/Game/import/slender/phy_bmp_Auto1.uasset'
[2018.01.17-21.07.11:919][623]LogSavePackage:Display: Finished SavePackage I:/Projekt/PGK/Saved/Autosaves/Game/import/slender/phy_bmp_Auto1.uasset
[2018.01.17-21.07.11:920][623]OBJ SavePackage: Generating thumbnails for [0] asset(s) in package [/Game/import/slender/Slender_Skeleton] ([1] browsable assets)...
[2018.01.17-21.07.11:920][623]OBJ SavePackage: Finished generating thumbnails for package [/Game/import/slender/Slender_Skeleton]
[2018.01.17-21.07.11:920][623]Cmd: OBJ SAVEPACKAGE PACKAGE="/Game/import/slender/Slender_Skeleton" FILE="I:/Projekt/PGK/Saved/Autosaves/Game/import/slender/Slender_Skeleton_Auto1.uasset" SILENT=false AUTOSAVING=true
[2018.01.17-21.07.11:923][623]LogSavePackage: Save=1.74ms
[2018.01.17-21.07.11:923][623]LogSavePackage: Moving 'I:/Projekt/PGK/Saved/Slender_Skeleton_Auto1F8E7488A4E88C302B46758BF2A799996.tmp' to 'I:/Projekt/PGK/Saved/Autosaves/Game/import/slender/Slender_Skeleton_Auto1.uasset'
[2018.01.17-21.07.11:924][623]LogSavePackage:Display: Finished SavePackage I:/Projekt/PGK/Saved/Autosaves/Game/import/slender/Slender_Skeleton_Auto1.uasset
[2018.01.17-21.07.11:925][623]OBJ SavePackage: Generating thumbnails for [0] asset(s) in package [/Game/import/slender/Slender_PhysicsAsset] ([1] browsable assets)...
[2018.01.17-21.07.11:925][623]OBJ SavePackage: Finished generating thumbnails for package [/Game/import/slender/Slender_PhysicsAsset]
[2018.01.17-21.07.11:925][623]Cmd: OBJ SAVEPACKAGE PACKAGE="/Game/import/slender/Slender_PhysicsAsset" FILE="I:/Projekt/PGK/Saved/Autosaves/Game/import/slender/Slender_PhysicsAsset_Auto1.uasset" SILENT=false AUTOSAVING=true
[2018.01.17-21.07.11:933][623]LogSavePackage: Save=6.35ms
[2018.01.17-21.07.11:933][623]LogSavePackage: Moving 'I:/Projekt/PGK/Saved/Slender_PhysicsAsset_Auto1C134456847838846DBFB00B0FAA8F6FE.tmp' to 'I:/Projekt/PGK/Saved/Autosaves/Game/import/slender/Slender_PhysicsAsset_Auto1.uasset'
[2018.01.17-21.07.11:934][623]LogSavePackage:Display: Finished SavePackage I:/Projekt/PGK/Saved/Autosaves/Game/import/slender/Slender_PhysicsAsset_Auto1.uasset
[2018.01.17-21.07.11:934][623]LogFileHelpers: Auto-saving content packages took 0.219
[2018.01.17-21.07.20:331][445]AssetReimport: New page: Outstanding source content changes 11:07:20 PM
[2018.01.17-21.07.20:354][446]LogFactory: FactoryCreateFile: Texture with ReimportTextureFactory (0 0 I:/Projekt/PGK/Content/import/plane/blood12.png)
[2018.01.17-21.07.21:398][447]Cmd: OBJ SAVEPACKAGE PACKAGE="/Game/import/plane/blood12" FILE="I:/Projekt/PGK/Content/import/plane/blood12.uasset" SILENT=true
[2018.01.17-21.07.21:629][447]LogSavePackage: Save=230.62ms
[2018.01.17-21.07.21:630][447]LogSavePackage: Moving 'I:/Projekt/PGK/Saved/blood12CAA7C6694035CEE4014D6182C3DB0FFE.tmp' to 'I:/Projekt/PGK/Content/import/plane/blood12.uasset'
[2018.01.17-21.07.21:631][447]LogSavePackage:Display: Finished SavePackage I:/Projekt/PGK/Content/import/plane/blood12.uasset
[2018.01.17-21.07.24:660][489]AssetReimport: Info Importing new asset /Game/import/plane/blood12.
[2018.01.17-21.08.37:403][723]Cmd: OBJ SAVEPACKAGE PACKAGE="/Game/FirstPersonBP/Maps/FirstPersonExampleMap" FILE="I:/Projekt/PGK/Content/FirstPersonBP/Maps/FirstPersonExampleMap.umap" SILENT=true AUTOSAVING=false KEEPDIRTY=false
[2018.01.17-21.08.38:941][723]LogSavePackage: Save=1495.13ms
[2018.01.17-21.08.38:941][723]LogSavePackage: Moving 'I:/Projekt/PGK/Saved/FirstPersonExampleMap9043116540FFB9BB53E165B30A09CF8E.tmp' to 'I:/Projekt/PGK/Content/FirstPersonBP/Maps/FirstPersonExampleMap.umap'
[2018.01.17-21.08.38:944][723]LogSavePackage:Display: Finished SavePackage I:/Projekt/PGK/Content/FirstPersonBP/Maps/FirstPersonExampleMap.umap
[2018.01.17-21.08.38:967][723]Cmd: OBJ SAVEPACKAGE PACKAGE="/Game/FirstPersonBP/Maps/FirstPersonExampleMap_BuiltData" FILE="I:/Projekt/PGK/Content/FirstPersonBP/Maps/FirstPersonExampleMap_BuiltData.uasset" SILENT=true
[2018.01.17-21.08.38:972][723]LogSavePackage: Save=0.81ms
[2018.01.17-21.08.38:972][723]LogSavePackage: Moving 'I:/Projekt/PGK/Saved/FirstPersonExampleMap_BuiltData32D6F27542934F1A4DB1409A943FFCB6.tmp' to 'I:/Projekt/PGK/Content/FirstPersonBP/Maps/FirstPersonExampleMap_BuiltData.uasset'
[2018.01.17-21.08.38:973][723]LogSavePackage:Display: Finished SavePackage I:/Projekt/PGK/Content/FirstPersonBP/Maps/FirstPersonExampleMap_BuiltData.uasset
[2018.01.17-21.08.42:075][744]Cmd: OBJ SAVEPACKAGE PACKAGE="/Game/import/slender/phy_bmp" FILE="I:/Projekt/PGK/Content/import/slender/phy_bmp.uasset" SILENT=true
[2018.01.17-21.08.42:088][744]LogSavePackage: Save=12.30ms
[2018.01.17-21.08.42:088][744]LogSavePackage: Moving 'I:/Projekt/PGK/Saved/phy_bmpF8558F2844800F6B2C719A8FBA142860.tmp' to 'I:/Projekt/PGK/Content/import/slender/phy_bmp.uasset'
[2018.01.17-21.08.42:090][744]LogSavePackage:Display: Finished SavePackage I:/Projekt/PGK/Content/import/slender/phy_bmp.uasset
[2018.01.17-21.08.42:134][744]Cmd: OBJ SAVEPACKAGE PACKAGE="/Game/import/slender/slender_d_bmp" FILE="I:/Projekt/PGK/Content/import/slender/slender_d_bmp.uasset" SILENT=true
[2018.01.17-21.08.42:148][744]LogSavePackage: Save=12.09ms
[2018.01.17-21.08.42:148][744]LogSavePackage: Moving 'I:/Projekt/PGK/Saved/slender_d_bmp82891B03490A694126DE64824F2B36E8.tmp' to 'I:/Projekt/PGK/Content/import/slender/slender_d_bmp.uasset'
[2018.01.17-21.08.42:150][744]LogSavePackage:Display: Finished SavePackage I:/Projekt/PGK/Content/import/slender/slender_d_bmp.uasset
[2018.01.17-21.08.42:155][744]Cmd: OBJ SAVEPACKAGE PACKAGE="/Game/import/slender/Slender_PhysicsAsset" FILE="I:/Projekt/PGK/Content/import/slender/Slender_PhysicsAsset.uasset" SILENT=true
[2018.01.17-21.08.42:161][744]LogSavePackage: Save=5.14ms
[2018.01.17-21.08.42:162][744]LogSavePackage: Moving 'I:/Projekt/PGK/Saved/Slender_PhysicsAsset99E64E3E4BF123FC79147196A77EF0C7.tmp' to 'I:/Projekt/PGK/Content/import/slender/Slender_PhysicsAsset.uasset'
[2018.01.17-21.08.42:163][744]LogSavePackage:Display: Finished SavePackage I:/Projekt/PGK/Content/import/slender/Slender_PhysicsAsset.uasset
[2018.01.17-21.08.42:168][744]Cmd: OBJ SAVEPACKAGE PACKAGE="/Game/import/slender/Slender_Skeleton" FILE="I:/Projekt/PGK/Content/import/slender/Slender_Skeleton.uasset" SILENT=true
[2018.01.17-21.08.42:251][744]LogSavePackage: Save=2.23ms
[2018.01.17-21.08.42:251][744]LogSavePackage: Moving 'I:/Projekt/PGK/Saved/Slender_Skeleton8823E327440E83662E2C8C8DDED446A5.tmp' to 'I:/Projekt/PGK/Content/import/slender/Slender_Skeleton.uasset'
[2018.01.17-21.08.42:253][744]LogSavePackage:Display: Finished SavePackage I:/Projekt/PGK/Content/import/slender/Slender_Skeleton.uasset
[2018.01.17-21.08.42:321][744]LogWindowsTextInputMethodSystem:Display: IME system now deactivated.
[2018.01.17-21.08.42:566][745]Cmd: QUIT_EDITOR
[2018.01.17-21.08.42:662][745]LogExit: Preparing to exit.
[2018.01.17-21.08.43:038][745]LogExit: Editor shut down
[2018.01.17-21.08.43:043][745]LogExit: Transaction tracking system shut down
[2018.01.17-21.08.43:149][745]LogObj: Freed 0b from 0 cluster array pools.
[2018.01.17-21.08.43:162][745]LogExit: Object subsystem successfully closed.
[2018.01.17-21.08.43:183][745]LogD3D11RHI: Shutdown
[2018.01.17-21.08.43:183][745]LogD3D11RHI: CleanupD3DDevice
[2018.01.17-21.08.43:357][745]LogD3D11RHI: ~FD3D11DynamicRHI
[2018.01.17-21.08.43:366][745]LogModuleManager: Shutting down and abandoning module HierarchicalLODOutliner (524)
[2018.01.17-21.08.43:366][745]LogModuleManager: Shutting down and abandoning module CrashTracker (522)
[2018.01.17-21.08.43:366][745]LogModuleManager: Shutting down and abandoning module SceneOutliner (520)
[2018.01.17-21.08.43:366][745]LogModuleManager: Shutting down and abandoning module AddContentDialog (518)
[2018.01.17-21.08.43:366][745]LogDirectoryWatcher: A directory notification for 'P:/silnik/UE_4.16/FeaturePacks/' was aborted.
[2018.01.17-21.08.43:367][745]LogModuleManager: Shutting down and abandoning module WidgetCarousel (517)
[2018.01.17-21.08.43:367][745]LogModuleManager: Shutting down and abandoning module EditorWidgets (514)
[2018.01.17-21.08.43:367][745]LogModuleManager: Shutting down and abandoning module CollectionManager (512)
[2018.01.17-21.08.43:367][745]LogDirectoryWatcher: A directory notification for 'I:/Projekt/PGK/Content/Collections/' was aborted.
[2018.01.17-21.08.43:367][745]LogDirectoryWatcher: A directory notification for 'I:/Projekt/PGK/Content/Developers/Robert/Collections/' was aborted.
[2018.01.17-21.08.43:367][745]LogDirectoryWatcher: A directory notification for 'I:/Projekt/PGK/Saved/Collections/' was aborted.
[2018.01.17-21.08.43:367][745]LogModuleManager: Shutting down and abandoning module StatsViewer (510)
[2018.01.17-21.08.43:367][745]LogModuleManager: Shutting down and abandoning module FoliageEdit (508)
[2018.01.17-21.08.43:367][745]LogModuleManager: Shutting down and abandoning module LandscapeEditor (506)
[2018.01.17-21.08.43:367][745]LogModuleManager: Shutting down and abandoning module MeshPaintMode (504)
[2018.01.17-21.08.43:367][745]LogModuleManager: Shutting down and abandoning module SceneDepthPickerMode (502)
[2018.01.17-21.08.43:367][745]LogModuleManager: Shutting down and abandoning module ActorPickerMode (500)
[2018.01.17-21.08.43:367][745]LogModuleManager: Shutting down and abandoning module GeometryMode (498)
[2018.01.17-21.08.43:367][745]LogModuleManager: Shutting down and abandoning module TextureAlignMode (496)
[2018.01.17-21.08.43:367][745]LogModuleManager: Shutting down and abandoning module BspMode (494)
[2018.01.17-21.08.43:367][745]LogModuleManager: Shutting down and abandoning module HardwareSurvey (492)
[2018.01.17-21.08.43:367][745]LogModuleManager: Shutting down and abandoning module SequenceRecorderSections (490)
[2018.01.17-21.08.43:367][745]LogModuleManager: Shutting down and abandoning module AutomationWorker (488)
[2018.01.17-21.08.43:367][745]LogModuleManager: Shutting down and abandoning module MatineeToLevelSequence (486)
[2018.01.17-21.08.43:367][745]LogModuleManager: Shutting down and abandoning module LevelSequenceEditor (484)
[2018.01.17-21.08.43:368][745]LogModuleManager: Shutting down and abandoning module PlacementMode (483)
[2018.01.17-21.08.43:368][745]LogModuleManager: Shutting down and abandoning module WmfMediaFactory (480)
[2018.01.17-21.08.43:368][745]LogModuleManager: Shutting down and abandoning module WmfMediaEditor (478)
[2018.01.17-21.08.43:368][745]LogModuleManager: Shutting down and abandoning module AvfMediaFactory (476)
[2018.01.17-21.08.43:368][745]LogModuleManager: Shutting down and abandoning module AvfMediaEditor (474)
[2018.01.17-21.08.43:368][745]LogModuleManager: Shutting down and abandoning module AndroidMediaFactory (472)
[2018.01.17-21.08.43:368][745]LogModuleManager: Shutting down and abandoning module Media (471)
[2018.01.17-21.08.43:368][745]LogModuleManager: Shutting down and abandoning module AndroidMediaEditor (468)
[2018.01.17-21.08.43:368][745]LogModuleManager: Shutting down and abandoning module CharacterAI (466)
[2018.01.17-21.08.43:368][745]LogModuleManager: Shutting down and abandoning module AudioCapture (464)
[2018.01.17-21.08.43:368][745]LogModuleManager: Shutting down and abandoning module SequenceRecorder (463)
[2018.01.17-21.08.43:368][745]LogModuleManager: Shutting down and abandoning module SmartSnapping (460)
[2018.01.17-21.08.43:368][745]LogModuleManager: Shutting down and abandoning module SessionServices (458)
[2018.01.17-21.08.43:368][745]LogModuleManager: Shutting down and abandoning module ViewportSnapping (456)
[2018.01.17-21.08.43:368][745]LogModuleManager: Shutting down and abandoning module ViewportInteraction (454)
[2018.01.17-21.08.43:368][745]LogModuleManager: Shutting down and abandoning module ClothPainter (452)
[2018.01.17-21.08.43:368][745]LogModuleManager: Shutting down and abandoning module LogVisualizer (450)
[2018.01.17-21.08.43:368][745]LogModuleManager: Shutting down and abandoning module IntroTutorials (448)
[2018.01.17-21.08.43:368][745]LogModuleManager: Shutting down and abandoning module GameProjectGeneration (447)
[2018.01.17-21.08.43:368][745]LogModuleManager: Shutting down and abandoning module EditorLiveStreaming (444)
[2018.01.17-21.08.43:368][745]LogModuleManager: Shutting down and abandoning module IOSPlatformEditor (442)
[2018.01.17-21.08.43:368][745]LogModuleManager: Shutting down and abandoning module HTML5PlatformEditor (440)
[2018.01.17-21.08.43:368][745]LogModuleManager: Shutting down and abandoning module AndroidPlatformEditor (438)
[2018.01.17-21.08.43:368][745]LogModuleManager: Shutting down and abandoning module AndroidDeviceDetection (437)
[2018.01.17-21.08.43:949][745]LogModuleManager: Shutting down and abandoning module IOSRuntimeSettings (434)
[2018.01.17-21.08.43:949][745]LogModuleManager: Shutting down and abandoning module AndroidRuntimeSettings (432)
[2018.01.17-21.08.43:949][745]LogModuleManager: Shutting down and abandoning module InputBindingEditor (430)
[2018.01.17-21.08.43:949][745]LogModuleManager: Shutting down and abandoning module MergeActors (428)
[2018.01.17-21.08.43:949][745]LogModuleManager: Shutting down and abandoning module SizeMap (426)
[2018.01.17-21.08.43:949][745]LogModuleManager: Shutting down and abandoning module TreeMap (424)
[2018.01.17-21.08.43:949][745]LogModuleManager: Shutting down and abandoning module ReferenceViewer (422)
[2018.01.17-21.08.43:949][745]LogModuleManager: Shutting down and abandoning module LocalizationDashboard (420)
[2018.01.17-21.08.43:949][745]LogModuleManager: Shutting down and abandoning module LocalizationService (419)
[2018.01.17-21.08.43:949][745]LogModuleManager: Shutting down and abandoning module HardwareTargeting (416)
[2018.01.17-21.08.43:949][745]LogModuleManager: Shutting down and abandoning module DeviceProfileEditor (414)
[2018.01.17-21.08.43:949][745]LogModuleManager: Shutting down and abandoning module UndoHistory (412)
[2018.01.17-21.08.43:949][745]LogModuleManager: Shutting down and abandoning module UserFeedback (410)
[2018.01.17-21.08.43:949][745]LogModuleManager: Shutting down and abandoning module XmlParser (408)
[2018.01.17-21.08.43:949][745]LogModuleManager: Shutting down and abandoning module Blutility (406)
[2018.01.17-21.08.43:949][745]LogModuleManager: Shutting down and abandoning module ProjectSettingsViewer (404)
[2018.01.17-21.08.43:950][745]LogModuleManager: Shutting down and abandoning module ProjectTargetPlatformEditor (403)
[2018.01.17-21.08.43:950][745]LogModuleManager: Shutting down and abandoning module EditorSettingsViewer (400)
[2018.01.17-21.08.43:950][745]LogModuleManager: Shutting down and abandoning module SettingsEditor (398)
[2018.01.17-21.08.43:950][745]LogModuleManager: Shutting down and abandoning module ProjectLauncher (396)
[2018.01.17-21.08.43:950][745]LogModuleManager: Shutting down and abandoning module SessionFrontend (394)
[2018.01.17-21.08.43:950][745]LogModuleManager: Shutting down and abandoning module ProfilerClient (392)
[2018.01.17-21.08.43:950][745]LogModuleManager: Shutting down and abandoning module DeviceManager (390)
[2018.01.17-21.08.43:950][745]LogModuleManager: Shutting down and abandoning module TargetDeviceServices (389)
[2018.01.17-21.08.43:994][745]LogModuleManager: Shutting down and abandoning module AutomationController (386)
[2018.01.17-21.08.43:994][745]LogModuleManager: Shutting down and abandoning module AutomationWindow (384)
[2018.01.17-21.08.43:994][745]LogModuleManager: Shutting down and abandoning module Layers (382)
[2018.01.17-21.08.43:994][745]LogModuleManager: Shutting down and abandoning module ComponentVisualizers (380)
[2018.01.17-21.08.43:994][745]LogModuleManager: Shutting down and abandoning module DetailCustomizations (378)
[2018.01.17-21.08.43:994][745]LogModuleManager: Shutting down and abandoning module PackagesDialog (376)
[2018.01.17-21.08.43:994][745]LogModuleManager: Shutting down and abandoning module Persona (374)
[2018.01.17-21.08.43:994][745]LogModuleManager: Shutting down and abandoning module AdvancedPreviewScene (373)
[2018.01.17-21.08.43:994][745]LogModuleManager: Shutting down and abandoning module AnimGraph (371)
[2018.01.17-21.08.43:994][745]LogModuleManager: Shutting down and abandoning module Kismet (368)
[2018.01.17-21.08.43:995][745]LogModuleManager: Shutting down and abandoning module ClassViewer (366)
[2018.01.17-21.08.43:995][745]LogModuleManager: Shutting down and abandoning module Toolbox (364)
[2018.01.17-21.08.43:995][745]LogModuleManager: Shutting down and abandoning module ModuleUI (362)
[2018.01.17-21.08.43:995][745]LogModuleManager: Shutting down and abandoning module MovieSceneTools (360)
[2018.01.17-21.08.43:995][745]LogModuleManager: Shutting down and abandoning module OutputLog (358)
[2018.01.17-21.08.43:995][745]LogModuleManager: Shutting down and abandoning module GammaUI (356)
[2018.01.17-21.08.43:995][745]LogModuleManager: Shutting down and abandoning module Documentation (354)
[2018.01.17-21.08.43:995][745]LogModuleManager: Shutting down and abandoning module MovieSceneTracks (352)
[2018.01.17-21.08.43:995][745]LogModuleManager: Shutting down and abandoning module MovieScene (350)
[2018.01.17-21.08.43:995][745]LogModuleManager: Shutting down and abandoning module Niagara (348)
[2018.01.17-21.08.43:995][745]LogModuleManager: Shutting down and abandoning module NiagaraEditor (347)
[2018.01.17-21.08.43:995][745]LogModuleManager: Shutting down and abandoning module StreamingPauseRendering (344)
[2018.01.17-21.08.43:995][745]LogModuleManager: Shutting down and abandoning module AnalyticsET (342)
[2018.01.17-21.08.43:995][745]LogModuleManager: Shutting down and abandoning module PortalServices (340)
[2018.01.17-21.08.43:995][745]LogModuleManager: Shutting down and abandoning module PortalRpc (338)
[2018.01.17-21.08.43:995][745]LogModuleManager: Shutting down and abandoning module MessagingRpc (336)
[2018.01.17-21.08.43:995][745]LogModuleManager: Shutting down and abandoning module AIModule (334)
[2018.01.17-21.08.43:995][745]LogModuleManager: Shutting down and abandoning module GameplayDebugger (333)
[2018.01.17-21.08.43:995][745]LogModuleManager: Shutting down and abandoning module AITestSuite (331)
[2018.01.17-21.08.43:995][745]LogModuleManager: Shutting down and abandoning module ProfilerService (328)
[2018.01.17-21.08.44:026][745]LogModuleManager: Shutting down and abandoning module TaskGraph (326)
[2018.01.17-21.08.44:026][745]LogModuleManager: Shutting down and abandoning module SteamVRController (324)
[2018.01.17-21.08.44:026][745]LogModuleManager: Shutting down and abandoning module SteamVR (322)
[2018.01.17-21.08.44:026][745]LogModuleManager: Shutting down and abandoning module ProceduralMeshComponentEditor (320)
[2018.01.17-21.08.44:026][745]LogModuleManager: Shutting down and abandoning module ProceduralMeshComponent (318)
[2018.01.17-21.08.44:026][745]LogModuleManager: Shutting down and abandoning module OculusLibrary (316)
[2018.01.17-21.08.44:026][745]LogModuleManager: Shutting down and abandoning module OculusInput (314)
[2018.01.17-21.08.44:026][745]LogModuleManager: Shutting down and abandoning module MobilePatchingUtils (312)
[2018.01.17-21.08.44:026][745]LogModuleManager: Shutting down and abandoning module CustomMeshComponent (310)
[2018.01.17-21.08.44:026][745]LogModuleManager: Shutting down and abandoning module CableComponent (308)
[2018.01.17-21.08.44:026][745]LogModuleManager: Shutting down and abandoning module ArchVisCharacter (306)
[2018.01.17-21.08.44:026][745]LogModuleManager: Shutting down and abandoning module AndroidPermission (304)
[2018.01.17-21.08.44:026][745]LogModuleManager: Shutting down and abandoning module MediaPlayerEditor (300)
[2018.01.17-21.08.44:026][745]LogModuleManager: Shutting down and abandoning module HTML5Networking (298)
[2018.01.17-21.08.44:026][745]LogModuleManager: Shutting down and abandoning module AlembicImporter (296)
[2018.01.17-21.08.44:026][745]LogModuleManager: Shutting down and abandoning module AlembicLibrary (295)
[2018.01.17-21.08.44:026][745]LogModuleManager: Shutting down and abandoning module GeometryCache (294)
[2018.01.17-21.08.44:026][745]LogModuleManager: Shutting down and abandoning module GeometryCacheEd (293)
[2018.01.17-21.08.44:026][745]LogModuleManager: Shutting down and abandoning module SuperSearchEditor (288)
[2018.01.17-21.08.44:026][745]LogModuleManager: Shutting down and abandoning module SuperSearch (287)
[2018.01.17-21.08.44:027][745]LogModuleManager: Shutting down and abandoning module SpeedTreeImporter (284)
[2018.01.17-21.08.44:027][745]LogModuleManager: Shutting down and abandoning module PluginBrowser (282)
[2018.01.17-21.08.44:027][745]LogModuleManager: Shutting down and abandoning module MobileLauncherProfileWizard (280)
[2018.01.17-21.08.44:027][745]LogModuleManager: Shutting down and abandoning module VisualStudioSourceCodeAccess (278)
[2018.01.17-21.08.44:027][745]LogModuleManager: Shutting down and abandoning module DesktopPlatform (277)
[2018.01.17-21.08.44:027][745]LogModuleManager: Shutting down and abandoning module UObjectPlugin (274)
[2018.01.17-21.08.44:027][745]LogModuleManager: Shutting down and abandoning module SubversionSourceControl (272)
[2018.01.17-21.08.44:027][745]LogModuleManager: Shutting down and abandoning module PerforceSourceControl (270)
[2018.01.17-21.08.44:027][745]LogModuleManager: Shutting down and abandoning module GitSourceControl (268)
[2018.01.17-21.08.44:027][745]LogModuleManager: Shutting down and abandoning module SourceControl (267)
[2018.01.17-21.08.44:027][745]LogModuleManager: Shutting down and abandoning module LightPropagationVolumeEditor (264)
[2018.01.17-21.08.44:027][745]LogModuleManager: Shutting down and abandoning module PaperTiledImporter (262)
[2018.01.17-21.08.44:027][745]LogModuleManager: Shutting down and abandoning module PaperSpriteSheetImporter (260)
[2018.01.17-21.08.44:027][745]LogModuleManager: Shutting down and abandoning module Paper2DEditor (258)
[2018.01.17-21.08.44:027][745]LogModuleManager: Shutting down and abandoning module MeshPaint (257)
[2018.01.17-21.08.44:027][745]LogModuleManager: Shutting down and abandoning module LevelEditor (255)
[2018.01.17-21.08.44:028][745]LogModuleManager: Shutting down and abandoning module PixelInspectorModule (254)
[2018.01.17-21.08.44:028][745]LogModuleManager: Shutting down and abandoning module MainFrame (252)
[2018.01.17-21.08.44:028][745]LogModuleManager: Shutting down and abandoning module HotReload (251)
[2018.01.17-21.08.44:028][745]LogModuleManager: Shutting down and abandoning module PhysXVehiclesEditor (246)
[2018.01.17-21.08.44:028][745]LogModuleManager: Shutting down and abandoning module PhysXVehicles (244)
[2018.01.17-21.08.44:028][745]LogModuleManager: Shutting down and abandoning module LocationServicesBPLibrary (242)
[2018.01.17-21.08.44:028][745]LogModuleManager: Shutting down and abandoning module ImmediatePhysicsEditor (240)
[2018.01.17-21.08.44:028][745]LogModuleManager: Shutting down and abandoning module ImmediatePhysics (238)
[2018.01.17-21.08.44:028][745]LogModuleManager: Shutting down and abandoning module UdpMessaging (236)
[2018.01.17-21.08.44:132][745]LogModuleManager: Shutting down and abandoning module TcpMessaging (234)
[2018.01.17-21.08.44:232][745]LogModuleManager: Shutting down and abandoning module GameplayTagsEditor (232)
[2018.01.17-21.08.44:232][745]LogModuleManager: Shutting down and abandoning module FacialAnimationEditor (230)
[2018.01.17-21.08.44:232][745]LogModuleManager: Shutting down and abandoning module FacialAnimation (228)
[2018.01.17-21.08.44:232][745]LogModuleManager: Shutting down and abandoning module AssetManagerEditor (226)
[2018.01.17-21.08.44:232][745]LogModuleManager: Shutting down and abandoning module GraphEditor (225)
[2018.01.17-21.08.44:232][745]LogModuleManager: Shutting down and abandoning module ContentBrowser (223)
[2018.01.17-21.08.44:233][745]LogModuleManager: Shutting down and abandoning module LightPropagationVolumeRuntime (220)
[2018.01.17-21.08.44:233][745]LogModuleManager: Shutting down and abandoning module Paper2D (218)
[2018.01.17-21.08.44:233][745]LogModuleManager: Shutting down and abandoning module WindowsMoviePlayer (216)
[2018.01.17-21.08.44:233][745]LogModuleManager: Shutting down and abandoning module WmfMedia (214)
[2018.01.17-21.08.44:235][745]LogModuleManager: Shutting down and abandoning module ClothingSystemEditor (212)
[2018.01.17-21.08.44:235][745]LogModuleManager: Shutting down and abandoning module ClothingSystemRuntime (210)
[2018.01.17-21.08.44:235][745]LogModuleManager: Shutting down and abandoning module MediaAssets (208)
[2018.01.17-21.08.44:235][745]LogModuleManager: Shutting down and abandoning module GameLiveStreaming (206)
[2018.01.17-21.08.44:236][745]LogModuleManager: Shutting down and abandoning module VREditor (204)
[2018.01.17-21.08.44:236][745]LogModuleManager: Shutting down and abandoning module StringTableEditor (202)
[2018.01.17-21.08.44:236][745]LogModuleManager: Shutting down and abandoning module GameplayTasksEditor (200)
[2018.01.17-21.08.44:236][745]LogModuleManager: Shutting down and abandoning module BehaviorTreeEditor (198)
[2018.01.17-21.08.44:236][745]LogModuleManager: Shutting down and abandoning module FunctionalTesting (196)
[2018.01.17-21.08.44:236][745]LogModuleManager: Shutting down and abandoning module CollisionAnalyzer (194)
[2018.01.17-21.08.44:236][745]LogModuleManager: Shutting down and abandoning module UMG (192)
[2018.01.17-21.08.44:236][745]LogModuleManager: Shutting down and abandoning module UMGEditor (191)
[2018.01.17-21.08.44:236][745]LogModuleManager: Shutting down and abandoning module Sequencer (190)
[2018.01.17-21.08.44:236][745]LogModuleManager: Shutting down and abandoning module AssetTools (188)
[2018.01.17-21.08.44:236][745]LogModuleManager: Shutting down and abandoning module MessageLog (187)
[2018.01.17-21.08.44:236][745]LogModuleManager: Shutting down and abandoning module WorkspaceMenuStructure (186)
[2018.01.17-21.08.44:236][745]LogModuleManager: Shutting down and abandoning module SlateReflector (180)
[2018.01.17-21.08.44:236][745]LogModuleManager: Shutting down and abandoning module Slate (178)
[2018.01.17-21.08.44:236][745]LogModuleManager: Shutting down and abandoning module EditorStyle (176)
[2018.01.17-21.08.44:239][745]LogModuleManager: Shutting down and abandoning module SourceCodeAccess (174)
[2018.01.17-21.08.44:239][745]LogModuleManager: Shutting down and abandoning module HeadMountedDisplay (172)
[2018.01.17-21.08.44:239][745]LogModuleManager: Shutting down and abandoning module XAudio2 (170)
[2018.01.17-21.08.44:239][745]LogModuleManager: Shutting down and abandoning module Networking (168)
[2018.01.17-21.08.44:239][745]LogModuleManager: Shutting down and abandoning module Core (164)
[2018.01.17-21.08.44:239][745]LogModuleManager: Shutting down and abandoning module AssetRegistry (162)
[2018.01.17-21.08.44:312][745]LogDirectoryWatcher: A directory notification for '../../../Engine/Content/' was aborted.
[2018.01.17-21.08.44:312][745]LogDirectoryWatcher: A directory notification for 'I:/Projekt/PGK/Content/' was aborted.
[2018.01.17-21.08.44:312][745]LogDirectoryWatcher: A directory notification for '../../../Engine/Plugins/2D/Paper2D/Content/' was aborted.
[2018.01.17-21.08.44:312][745]LogDirectoryWatcher: A directory notification for '../../../Engine/Plugins/Runtime/GearVR/Content/' was aborted.
[2018.01.17-21.08.44:315][745]LogModuleManager: Shutting down and abandoning module DirectoryWatcher (161)
[2018.01.17-21.08.44:316][745]LogModuleManager: Shutting down and abandoning module KismetCompiler (158)
[2018.01.17-21.08.44:316][745]LogModuleManager: Shutting down and abandoning module LevelSequence (156)
[2018.01.17-21.08.44:316][745]LogModuleManager: Shutting down and abandoning module PhysXFormats (154)
[2018.01.17-21.08.44:316][745]LogModuleManager: Shutting down and abandoning module MeshUtilities (152)
[2018.01.17-21.08.44:316][745]LogModuleManager: Shutting down and abandoning module SimplygonSwarm (151)
[2018.01.17-21.08.44:316][745]LogModuleManager: Shutting down and abandoning module SimplygonMeshReduction (149)
[2018.01.17-21.08.44:316][745]LogModuleManager: Shutting down and abandoning module QuadricMeshReduction (147)
[2018.01.17-21.08.44:316][745]LogModuleManager: Shutting down and abandoning module DerivedDataCache (144)
[2018.01.17-21.08.44:333][745]LogDerivedDataCache: Shutdown
[2018.01.17-21.08.44:333][745]LogModuleManager: Shutting down and abandoning module TargetPlatform (142)
[2018.01.17-21.08.44:333][745]LogModuleManager: Shutting down and abandoning module VulkanShaderFormat (141)
[2018.01.17-21.08.44:333][745]LogModuleManager: Shutting down and abandoning module ShaderFormatVectorVM (139)
[2018.01.17-21.08.44:333][745]LogModuleManager: Shutting down and abandoning module ShaderFormatOpenGL (137)
[2018.01.17-21.08.44:333][745]LogModuleManager: Shutting down and abandoning module ShaderFormatD3D (135)
[2018.01.17-21.08.44:333][745]LogModuleManager: Shutting down and abandoning module MetalShaderFormat (133)
[2018.01.17-21.08.44:333][745]LogModuleManager: Shutting down and abandoning module TextureFormatUncompressed (131)
[2018.01.17-21.08.44:333][745]LogModuleManager: Shutting down and abandoning module TextureFormatPVR (129)
[2018.01.17-21.08.44:334][745]LogModuleManager: Shutting down and abandoning module TextureFormatDXT (127)
[2018.01.17-21.08.44:334][745]LogModuleManager: Shutting down and abandoning module TextureFormatIntelISPCTexComp (125)
[2018.01.17-21.08.44:334][745]LogModuleManager: Shutting down and abandoning module TextureFormatASTC (123)
[2018.01.17-21.08.44:334][745]LogModuleManager: Shutting down and abandoning module ImageWrapper (122)
[2018.01.17-21.08.44:334][745]LogModuleManager: Shutting down and abandoning module TextureFormatAndroid (119)
[2018.01.17-21.08.44:334][745]LogModuleManager: Shutting down and abandoning module AudioFormatOpus (117)
[2018.01.17-21.08.44:334][745]LogModuleManager: Shutting down and abandoning module AudioFormatOgg (115)
[2018.01.17-21.08.44:334][745]LogModuleManager: Shutting down and abandoning module AudioFormatADPCM (113)
[2018.01.17-21.08.44:334][745]LogModuleManager: Shutting down and abandoning module LinuxTargetPlatform (111)
[2018.01.17-21.08.44:334][745]LogModuleManager: Shutting down and abandoning module LinuxServerTargetPlatform (109)
[2018.01.17-21.08.44:334][745]LogModuleManager: Shutting down and abandoning module LinuxNoEditorTargetPlatform (107)
[2018.01.17-21.08.44:334][745]LogModuleManager: Shutting down and abandoning module LinuxClientTargetPlatform (105)
[2018.01.17-21.08.44:334][745]LogModuleManager: Shutting down and abandoning module TVOSTargetPlatform (103)
[2018.01.17-21.08.44:334][745]LogModuleManager: Shutting down and abandoning module Messaging (101)
[2018.01.17-21.08.44:334][745]LogModuleManager: Shutting down and abandoning module IOSTargetPlatform (99)
[2018.01.17-21.08.44:334][745]LogModuleManager: Shutting down and abandoning module HTML5TargetPlatform (97)
[2018.01.17-21.08.44:334][745]LogModuleManager: Shutting down and abandoning module Android_PVRTCTargetPlatform (95)
[2018.01.17-21.08.44:334][745]LogModuleManager: Shutting down and abandoning module Android_MultiTargetPlatform (93)
[2018.01.17-21.08.44:334][745]LogModuleManager: Shutting down and abandoning module Android_ETC2TargetPlatform (91)
[2018.01.17-21.08.44:334][745]LogModuleManager: Shutting down and abandoning module Android_ETC1TargetPlatform (89)
[2018.01.17-21.08.44:334][745]LogModuleManager: Shutting down and abandoning module Android_DXTTargetPlatform (87)
[2018.01.17-21.08.44:334][745]LogModuleManager: Shutting down and abandoning module Android_ATCTargetPlatform (85)
[2018.01.17-21.08.44:334][745]LogModuleManager: Shutting down and abandoning module Android_ASTCTargetPlatform (83)
[2018.01.17-21.08.44:334][745]LogModuleManager: Shutting down and abandoning module AndroidTargetPlatform (81)
[2018.01.17-21.08.44:334][745]LogModuleManager: Shutting down and abandoning module WindowsTargetPlatform (79)
[2018.01.17-21.08.44:334][745]LogModuleManager: Shutting down and abandoning module WindowsServerTargetPlatform (77)
[2018.01.17-21.08.44:334][745]LogModuleManager: Shutting down and abandoning module WindowsNoEditorTargetPlatform (75)
[2018.01.17-21.08.44:334][745]LogModuleManager: Shutting down and abandoning module WindowsClientTargetPlatform (73)
[2018.01.17-21.08.44:334][745]LogModuleManager: Shutting down and abandoning module MacTargetPlatform (71)
[2018.01.17-21.08.44:334][745]LogModuleManager: Shutting down and abandoning module MacServerTargetPlatform (69)
[2018.01.17-21.08.44:334][745]LogModuleManager: Shutting down and abandoning module MacNoEditorTargetPlatform (67)
[2018.01.17-21.08.44:334][745]LogModuleManager: Shutting down and abandoning module MacClientTargetPlatform (65)
[2018.01.17-21.08.44:334][745]LogModuleManager: Shutting down and abandoning module AllDesktopTargetPlatform (63)
[2018.01.17-21.08.44:334][745]LogModuleManager: Shutting down and abandoning module InputCore (60)
[2018.01.17-21.08.44:334][745]LogModuleManager: Shutting down and abandoning module Settings (58)
[2018.01.17-21.08.44:334][745]LogModuleManager: Shutting down and abandoning module OculusRift (56)
[2018.01.17-21.08.44:334][745]LogModuleManager: Shutting down and abandoning module GearVRController (54)
[2018.01.17-21.08.44:334][745]LogModuleManager: Shutting down and abandoning module GearVR (52)
[2018.01.17-21.08.44:334][745]LogModuleManager: Shutting down and abandoning module ExampleDeviceProfileSelector (50)
[2018.01.17-21.08.44:334][745]LogModuleManager: Shutting down and abandoning module OnlineBlueprintSupport (48)
[2018.01.17-21.08.44:334][745]LogModuleManager: Shutting down and abandoning module OnlineSubsystem (44)
[2018.01.17-21.08.44:334][745]LogOnline:Display: Unloading online subsystem: NULL
[2018.01.17-21.08.44:335][745]LogModuleManager: Shutting down and abandoning module XMPP (43)
[2018.01.17-21.08.44:335][745]LogModuleManager: Shutting down and abandoning module HTTP (41)
[2018.01.17-21.08.44:335][745]LogHttp:Display: Http module shutting down, but needs to wait on 1 outstanding Http requests:
[2018.01.17-21.08.44:335][745]LogHttp:Display: 	verb=[POST] url=[https://datarouter.ol.epicgames.com/datarouter/api/v1/public/data?SessionID=%7BEC4A50FF-4158-220F-B70D-EFA9C27F635D%7D&AppID=UEEditor.Rocket.Release&AppVersion=4.16.3-3561208%2B%2B%2BUE4%2BRelease-4.16&UserID=29637ffe4c58a1c3c8e01ea6909a8eb4%7C4b55de0784454aa7bd2b02757aa35777%7C0a577216-477d-4061-b982-e092ed939e1e&AppEnvironment=datacollector-binary&UploadType=eteventstream] status=Processing
[2018.01.17-21.08.44:347][745]LogModuleManager: Shutting down and abandoning module SSL (40)
[2018.01.17-21.08.44:349][745]LogModuleManager: Shutting down and abandoning module HTTPChunkInstaller (36)
[2018.01.17-21.08.44:349][745]LogModuleManager: Shutting down and abandoning module AnimationModifiers (34)
[2018.01.17-21.08.44:349][745]LogModuleManager: Shutting down and abandoning module PropertyEditor (33)
[2018.01.17-21.08.44:349][745]LogModuleManager: Shutting down and abandoning module AudioEditor (30)
[2018.01.17-21.08.44:349][745]LogModuleManager: Shutting down and abandoning module TextureCompressor (28)
[2018.01.17-21.08.44:349][745]LogModuleManager: Shutting down and abandoning module ShaderCore (26)
[2018.01.17-21.08.44:349][745]LogModuleManager: Shutting down and abandoning module Landscape (24)
[2018.01.17-21.08.44:349][745]LogModuleManager: Shutting down and abandoning module SlateRHIRenderer (22)
[2018.01.17-21.08.44:350][745]LogModuleManager: Shutting down and abandoning module OpenGLDrv (20)
[2018.01.17-21.08.44:350][745]LogModuleManager: Shutting down and abandoning module D3D11RHI (18)
[2018.01.17-21.08.44:350][745]LogModuleManager: Shutting down and abandoning module AnimGraphRuntime (16)
[2018.01.17-21.08.44:350][745]LogModuleManager: Shutting down and abandoning module Renderer (14)
[2018.01.17-21.08.44:350][745]LogModuleManager: Shutting down and abandoning module Engine (12)
[2018.01.17-21.08.44:350][745]LogModuleManager: Shutting down and abandoning module CoreUObject (10)
[2018.01.17-21.08.44:350][745]LogModuleManager: Shutting down and abandoning module NetworkFile (8)
[2018.01.17-21.08.44:350][745]LogModuleManager: Shutting down and abandoning module StreamingFile (6)
[2018.01.17-21.08.44:350][745]LogModuleManager: Shutting down and abandoning module SandboxFile (4)
[2018.01.17-21.08.44:350][745]LogModuleManager: Shutting down and abandoning module PakFile (2)
[2018.01.17-21.08.44:352][745]LogExit: Exiting.
[2018.01.17-21.08.44:366][745]Log file closed, 01/17/18 22:08:44
