Log file open, 01/13/18 12:22:21
LogInit:Display: Running engine for game: PGK
LogPlatformFile: Not using cached read wrapper
LogInit:Display: RandInit(51915144) SRandInit(51915144).
LogTaskGraph: Started task graph with 5 named threads and 8 total threads with 1 sets of task threads.
LogStats: Stats thread started at 0.110026
LogInit: Using libcurl 7.47.1
LogInit:  - built for x86_64-pc-win32
LogInit:  - supports SSL with OpenSSL/1.0.2g
LogInit:  - supports HTTP deflate (compression) using libz 1.2.8
LogInit:  - other features:
LogInit:      CURL_VERSION_SSL
LogInit:      CURL_VERSION_LIBZ
LogInit:      CURL_VERSION_IPV6
LogInit:      CURL_VERSION_ASYNCHDNS
LogInit:      CURL_VERSION_LARGEFILE
LogInit:      CURL_VERSION_IDN
LogInit:  CurlRequestOptions (configurable via config and command line):
LogInit:  - bVerifyPeer = false  - Libcurl will NOT verify peer certificate
LogInit:  - bUseHttpProxy = false  - Libcurl will NOT use HTTP proxy
LogInit:  - bDontReuseConnections = false  - Libcurl will reuse connections
LogInit:  - CertBundlePath = nullptr  - Libcurl will use whatever was configured at build time.
LogInit: Build: ++UE4+Release-4.16-CL-3561208
LogInit: Engine Version: 4.16.3-3561208+++UE4+Release-4.16
LogInit: Compatible Engine Version: 4.16.0-3452394+++UE4+Release-4.16
LogInit: Net CL: 3452394
LogDevObjectVersion: Number of dev versions registered: 16
LogDevObjectVersion:   Dev-Blueprints (B0D832E4-1F89-4F0D-ACCF-7EB736FD4AA2): 9
LogDevObjectVersion:   Dev-Build (E1C64328-A22C-4D53-A36C-8E866417BD8C): 0
LogDevObjectVersion:   Dev-Core (375EC13C-06E4-48FB-B500-84F0262A717E): 2
LogDevObjectVersion:   Dev-Editor (E4B068ED-F494-42E9-A231-DA0B2E46BB41): 17
LogDevObjectVersion:   Dev-Framework (CFFC743F-43B0-4480-9391-14DF171D2073): 23
LogDevObjectVersion:   Dev-Mobile (B02B49B5-BB20-44E9-A304-32B752E40360): 0
LogDevObjectVersion:   Dev-Networking (A4E4105C-59A1-49B5-A7C5-40C4547EDFEE): 0
LogDevObjectVersion:   Dev-Online (39C831C9-5AE6-47DC-9A44-9C173E1C8E7C): 0
LogDevObjectVersion:   Dev-Physics (78F01B33-EBEA-4F98-B9B4-84EACCB95AA2): 0
LogDevObjectVersion:   Dev-Platform (6631380F-2D4D-43E0-8009-CF276956A95A): 0
LogDevObjectVersion:   Dev-Rendering (12F88B9F-8875-4AFC-A67C-D90C383ABD29): 15
LogDevObjectVersion:   Dev-Sequencer (7B5AE74C-D270-4C10-A958-57980B212A5A): 4
LogDevObjectVersion:   Dev-VR (D7296918-1DD6-4BDD-9DE2-64A83CC13884): 0
LogDevObjectVersion:   Dev-LoadTimes (C2A15278-BFE7-4AFE-6C17-90FF531DF755): 1
LogDevObjectVersion:   Private-Geometry (6EACA3D4-40EC-4CC1-B786-8BED09428FC5): 1
LogDevObjectVersion:   Dev-AnimPhys (29E575DD-E0A3-4627-9D10-D276232CDCEA): 3
LogInit: Compiled (64-bit): Jul 28 2017 11:49:47
LogInit: Compiled with Visual C++: 19.00.24215.01
LogInit: Build Configuration: Development
LogInit: Branch Name: ++UE4+Release-4.16
LogInit: Command line: -EpicPortal 
LogInit: Base directory: P:/silnik/UE_4.16/Engine/Binaries/Win64/
LogInit: Installed Engine Build: 1
LogInit: Presizing for max 8388607 objects, including 0 objects not considered by GC, pre-allocating 0 bytes for permanent pool.
LogInit: Object subsystem initialized
[2018.01.13-11.22.21:740][  0]LogInit: Selected Device Profile: [Windows]
[2018.01.13-11.22.21:740][  0]LogInit: Applying CVar settings loaded from the selected device profile: [Windows]
[2018.01.13-11.22.21:751][  0]LogInit: Computer: GROBKOMP
[2018.01.13-11.22.21:751][  0]LogInit: User: Robert
[2018.01.13-11.22.21:751][  0]LogInit: CPU Page size=4096, Cores=4
[2018.01.13-11.22.21:751][  0]LogInit: High frequency timer resolution =2.249998 MHz
[2018.01.13-11.22.21:751][  0]LogMemory: Memory total: Physical=7.9GB (8GB approx)
[2018.01.13-11.22.21:751][  0]LogMemory: Platform Memory Stats for Windows
[2018.01.13-11.22.21:751][  0]LogMemory: Process Physical Memory: 275.84 MB used, 275.84 MB peak
[2018.01.13-11.22.21:751][  0]LogMemory: Process Virtual Memory: 266.75 MB used, 266.75 MB peak
[2018.01.13-11.22.21:751][  0]LogMemory: Physical Memory: 4782.11 MB used,  3328.09 MB free, 8110.20 MB total
[2018.01.13-11.22.21:751][  0]LogMemory: Virtual Memory: 663.04 MB used,  3328.09 MB free, 134217728.00 MB total
[2018.01.13-11.22.21:821][  0]LogInit: Using OS detected language (pl-PL).
[2018.01.13-11.22.21:821][  0]LogInit: Using OS detected locale (pl-PL).
[2018.01.13-11.22.21:826][  0]LogTextLocalizationManager: No localization for 'pl-PL' exists, so 'en' will be used for the language.
[2018.01.13-11.22.21:827][  0]LogTextLocalizationManager: No localization for 'pl-PL' exists, so 'en' will be used for the locale.
[2018.01.13-11.22.22:955][  0]LogD3D11RHI: D3D11 adapters:
[2018.01.13-11.22.23:689][  0]LogD3D11RHI:    0. 'NVIDIA GeForce GTX 960M' (Feature Level 11_0)
[2018.01.13-11.22.23:689][  0]LogD3D11RHI:       2017/0/4055 MB DedicatedVideo/DedicatedSystem/SharedSystem, Outputs:1, VendorId:0x10de
[2018.01.13-11.22.23:700][  0]LogD3D11RHI:    1. 'Intel(R) HD Graphics 530' (Feature Level 11_0)
[2018.01.13-11.22.23:700][  0]LogD3D11RHI:       128/0/4055 MB DedicatedVideo/DedicatedSystem/SharedSystem, Outputs:0, VendorId:0x8086
[2018.01.13-11.22.23:703][  0]LogD3D11RHI:    2. 'Microsoft Basic Render Driver' (Feature Level 11_0)
[2018.01.13-11.22.23:703][  0]LogD3D11RHI:       0/0/4055 MB DedicatedVideo/DedicatedSystem/SharedSystem, Outputs:0, VendorId:0x1414
[2018.01.13-11.22.23:703][  0]LogD3D11RHI: Chosen D3D11 Adapter: 0
[2018.01.13-11.22.23:709][  0]LogD3D11RHI: Creating new Direct3DDevice
[2018.01.13-11.22.23:709][  0]LogD3D11RHI:     GPU DeviceId: 0x139b (for the marketing name, search the web for "GPU Device Id")
[2018.01.13-11.22.23:709][  0]LogWindows: EnumDisplayDevices:
[2018.01.13-11.22.23:710][  0]LogWindows:    0. 'Intel(R) HD Graphics 530' (P:1 D:1)
[2018.01.13-11.22.23:710][  0]LogWindows:    1. 'Intel(R) HD Graphics 530' (P:0 D:0)
[2018.01.13-11.22.23:710][  0]LogWindows:    2. 'Intel(R) HD Graphics 530' (P:0 D:0)
[2018.01.13-11.22.23:710][  0]LogWindows:    3. 'NVIDIA GeForce GTX 960M' (P:0 D:0)
[2018.01.13-11.22.23:710][  0]LogWindows:    4. 'NVIDIA GeForce GTX 960M' (P:0 D:0)
[2018.01.13-11.22.23:710][  0]LogWindows:    5. 'NVIDIA GeForce GTX 960M' (P:0 D:0)
[2018.01.13-11.22.23:710][  0]LogWindows:    6. 'NVIDIA GeForce GTX 960M' (P:0 D:0)
[2018.01.13-11.22.23:710][  0]LogWindows: DebugString: GetVideoDriverDetailsInvalid PrimaryIsNotTheChoosenAdapter GetVideoDriverDetailsInvalid PrimaryIsNotTheChoosenAdapter GetVideoDriverDetailsInvalid PrimaryIsNotTheChoosenAdapter GetVideoDriverDetailsInvalid PrimaryIsNotTheChoosenAdapter GetVideoDriverDetailsInvalid PrimaryIsNotTheChoosenAdapter GetVideoDriverDetailsInvalid PrimaryIsNotTheChoosenAdapter GetVideoDriverDetailsInvalid PrimaryIsNotTheChoosenAdapter FoundDriverCount:0 
[2018.01.13-11.22.23:710][  0]LogD3D11RHI:     Adapter Name: NVIDIA GeForce GTX 960M
[2018.01.13-11.22.23:710][  0]LogD3D11RHI:   Driver Version: Unknown (internal:Unknown, unified:Unknown)
[2018.01.13-11.22.23:710][  0]LogD3D11RHI:      Driver Date: Unknown
[2018.01.13-11.22.23:710][  0]LogRHI: Texture pool is 1361 MB (70% of 1945 MB)
[2018.01.13-11.22.24:300][  0]LogD3D11RHI: Async texture creation enabled
[2018.01.13-11.22.24:486][  0]LogD3D11RHI: GPU Timing Frequency: 1000.000000 (Debug: 2 1)
[2018.01.13-11.22.24:487][  0]LogShaderCompilers: Guid format shader working directory is 32 characters bigger than the processId version (I:/Projekt/PGK/Intermediate/Shaders/WorkingDirectory/10220/).
[2018.01.13-11.22.24:487][  0]LogShaderCompilers: Cleaned the shader compiler working directory 'C:/Users/Robert/AppData/Local/Temp/UnrealShaderWorkingDir/E58493674B47B3E819FD46B1DB576CA7/'.
[2018.01.13-11.22.24:487][  0]LogShaderCompilers:Display: Using Local Shader Compiler.
[2018.01.13-11.22.25:625][  0]LogTemp:Display: Loaded TP AllDesktopTargetPlatform
[2018.01.13-11.22.25:672][  0]LogTemp:Display: Loaded TP MacClientTargetPlatform
[2018.01.13-11.22.25:720][  0]LogTemp:Display: Loaded TP MacNoEditorTargetPlatform
[2018.01.13-11.22.25:765][  0]LogTemp:Display: Loaded TP MacServerTargetPlatform
[2018.01.13-11.22.25:812][  0]LogTemp:Display: Loaded TP MacTargetPlatform
[2018.01.13-11.22.25:858][  0]LogTemp:Display: Loaded TP WindowsClientTargetPlatform
[2018.01.13-11.22.25:903][  0]LogTemp:Display: Loaded TP WindowsNoEditorTargetPlatform
[2018.01.13-11.22.25:950][  0]LogTemp:Display: Loaded TP WindowsServerTargetPlatform
[2018.01.13-11.22.25:992][  0]LogTemp:Display: Loaded TP WindowsTargetPlatform
[2018.01.13-11.22.26:038][  0]LogTemp:Display: Loaded TP AndroidTargetPlatform
[2018.01.13-11.22.26:084][  0]LogTemp:Display: Loaded TP Android_ASTCTargetPlatform
[2018.01.13-11.22.26:128][  0]LogTemp:Display: Loaded TP Android_ATCTargetPlatform
[2018.01.13-11.22.26:171][  0]LogTemp:Display: Loaded TP Android_DXTTargetPlatform
[2018.01.13-11.22.26:215][  0]LogTemp:Display: Loaded TP Android_ETC1TargetPlatform
[2018.01.13-11.22.26:258][  0]LogTemp:Display: Loaded TP Android_ETC2TargetPlatform
[2018.01.13-11.22.26:347][  0]LogTemp:Display: Loaded TP Android_MultiTargetPlatform
[2018.01.13-11.22.26:347][  0]LogTemp:Display: Loaded TP Android_PVRTCTargetPlatform
[2018.01.13-11.22.26:380][  0]LogTemp:Display: Loaded TP HTML5TargetPlatform
[2018.01.13-11.22.26:465][  0]LogTemp:Display: Loaded TP IOSTargetPlatform
[2018.01.13-11.22.26:515][  0]LogTemp:Display: Loaded TP TVOSTargetPlatform
[2018.01.13-11.22.26:563][  0]LogTemp:Display: Loaded TP LinuxClientTargetPlatform
[2018.01.13-11.22.26:608][  0]LogTemp:Display: Loaded TP LinuxNoEditorTargetPlatform
[2018.01.13-11.22.26:652][  0]LogTemp:Display: Loaded TP LinuxServerTargetPlatform
[2018.01.13-11.22.26:696][  0]LogTemp:Display: Loaded TP LinuxTargetPlatform
[2018.01.13-11.22.26:696][  0]LogTargetPlatformManager:Display: Building Assets For Windows
[2018.01.13-11.22.27:128][  0]LogDerivedDataCache:Display: Max Cache Size: 512 MB
[2018.01.13-11.22.27:250][  0]LogDerivedDataCache: Loaded boot cache 0.12s 100MB C:/Users/Robert/AppData/Local/UnrealEngine/4.16/DerivedDataCache/Boot.ddc.
[2018.01.13-11.22.27:251][  0]LogDerivedDataCache:Display: Loaded Boot cache: C:/Users/Robert/AppData/Local/UnrealEngine/4.16/DerivedDataCache/Boot.ddc
[2018.01.13-11.22.27:251][  0]LogDerivedDataCache: FDerivedDataBackendGraph:  Pak pak cache file I:/Projekt/PGK/DerivedDataCache/DDC.ddp not found, will not use a pak cache.
[2018.01.13-11.22.27:251][  0]LogDerivedDataCache: Unable to find inner node Pak for hierarchical cache Hierarchy.
[2018.01.13-11.22.27:251][  0]LogDerivedDataCache: FDerivedDataBackendGraph:  CompressedPak pak cache file I:/Projekt/PGK/DerivedDataCache/Compressed.ddp not found, will not use a pak cache.
[2018.01.13-11.22.27:251][  0]LogDerivedDataCache: Unable to find inner node CompressedPak for hierarchical cache Hierarchy.
[2018.01.13-11.22.27:267][  0]LogDerivedDataCache:Display: Pak cache opened for reading ../../../Engine/DerivedDataCache/Compressed.ddp.
[2018.01.13-11.22.27:281][  0]LogDerivedDataCache: Using Local data cache path C:/Users/Robert/AppData/Local/UnrealEngine/Common/DerivedDataCache: Writable
[2018.01.13-11.22.27:292][  0]LogMaterial: Verifying Global Shaders for PCD3D_SM5
[2018.01.13-11.22.27:292][  0]LogSlate: Using Freetype 2.6.0
[2018.01.13-11.22.27:293][  0]LogSlate: SlateFontCache - WITH_FREETYPE: 1, WITH_HARFBUZZ: 1
[2018.01.13-11.22.27:293][  0]LogSlate: SlateFontCache - WITH_FREETYPE: 1, WITH_HARFBUZZ: 1
[2018.01.13-11.22.27:652][  0]LogInit: Selected Device Profile: [Windows]
[2018.01.13-11.22.27:748][  0]LogContentStreaming: Texture pool size is 0.00 MB
[2018.01.13-11.22.27:902][  0]LogMeshUtilities: Using QuadricMeshReduction for automatic static mesh reduction
[2018.01.13-11.22.27:942][  0]LogSimplygon: Simplygon DLL not present - disabling.
[2018.01.13-11.22.27:990][  0]LogMeshUtilities: Using SimplygonSwarm for distributed automatic mesh merging
[2018.01.13-11.22.27:990][  0]LogMeshUtilities: No automatic skeletal mesh reduction module available
[2018.01.13-11.22.27:990][  0]LogMeshUtilities: No automatic mesh merging module available
[2018.01.13-11.22.28:722][  0]LogNetVersion: PGK , NetCL: 3452394, EngineNetVer: 2, GameNetVer: 0 (Checksum: 3392332418)
[2018.01.13-11.22.28:788][  0]LogAssetRegistry: FAssetRegistry took 0.0269 seconds to start up
[2018.01.13-11.22.28:824][  0]LogPackageLocalizationCache: Processed 4 localized package path(s) for 1 prioritized culture(s) in 0.016717 seconds
[2018.01.13-11.22.28:831][  0]LogUObjectArray: 34194 objects as part of root set at end of initial load.
[2018.01.13-11.22.28:831][  0]LogUObjectAllocator: 7260416 out of 0 bytes used by permanent object pool.
[2018.01.13-11.22.28:831][  0]LogUObjectArray: CloseDisregardForGC: 0/0 objects in disregard for GC pool
[2018.01.13-11.22.28:909][  0]LogInit: WinSock: version 1.1 (2.2), MaxSocks=32767, MaxUdp=65467
[2018.01.13-11.22.33:895][  0]LogTcpMessaging: Initializing TcpMessaging bridge
[2018.01.13-11.22.33:978][  0]LogUdpMessaging: Initializing bridge on interface 0.0.0.0:0 to multicast group 230.0.0.1:6666.
[2018.01.13-11.22.34:940][  0]LogMaterial: Uniform references updated for custom material expression Custom.
[2018.01.13-11.22.35:565][  0]SourceControl: Info Source control is disabled
[2018.01.13-11.22.35:577][  0]SourceControl: Info Source control is disabled
[2018.01.13-11.22.35:692][  0]SourceControl: Info Source control is disabled
[2018.01.13-11.22.35:810][  0]SourceControl: Info Source control is disabled
[2018.01.13-11.22.36:984][  0]LogAndroidPermission: UAndroidPermissionCallbackProxy::GetInstance
[2018.01.13-11.22.37:831][  0]LogEngine: Initializing Engine...
[2018.01.13-11.22.37:832][  0]LogHMD: Failed to initialize OpenVR with code 110
[2018.01.13-11.22.38:176][  0]LogStats: UGameplayTagsManager::ConstructGameplayTagTree: Construct from data asset -  0.000 s
[2018.01.13-11.22.38:176][  0]LogStats: UGameplayTagsManager::ConstructGameplayTagTree: GameplayTagTreeChangedEvent.Broadcast -  0.000 s
[2018.01.13-11.22.38:361][  0]LogAIModule: Creating AISystem for world Untitled
[2018.01.13-11.22.38:378][  0]LogInit: XAudio2 using 'Głośniki (Realtek High Definition Audio)' : 2 channels at 48 kHz using 32 bits per sample (channel mask 0x3)
[2018.01.13-11.22.38:414][  0]LogInit: FAudioDevice initialized.
[2018.01.13-11.22.38:515][  0]LogDerivedDataCache: Saved boot cache 0.10s 100MB C:/Users/Robert/AppData/Local/UnrealEngine/4.16/DerivedDataCache/Boot.ddc.
[2018.01.13-11.22.38:549][  0]LogInit: Texture streaming: Enabled
[2018.01.13-11.22.38:689][  0]LogEngineSessionManager: EngineSessionManager initialized
[2018.01.13-11.22.39:018][  0]LogInit: Transaction tracking system initialized
[2018.01.13-11.22.39:428][  0]BlueprintLog: New page: Editor Load
[2018.01.13-11.22.40:579][  0]LocalizationService: Info Localization service is disabled
[2018.01.13-11.22.41:429][  0]LogConsoleResponse:Display: 
[2018.01.13-11.22.41:873][  0]LogCook:Display: Max memory allowance for cook 16384mb min free memory 0mb
[2018.01.13-11.22.41:873][  0]LogCook:Display: Mobile HDR setting 1
[2018.01.13-11.22.42:880][  0]LogFileCache: Scanning file cache for directory 'I:/Projekt/PGK/Content/' took 0.04s
[2018.01.13-11.22.43:312][  0]SourceControl: Info Source control is disabled
[2018.01.13-11.22.43:312][  0]Cmd: MAP LOAD FILE="I:/Projekt/PGK/Content/FirstPersonBP/Maps/FirstPersonExampleMap.umap" TEMPLATE=0 SHOWPROGRESS=1 FEATURELEVEL=3
[2018.01.13-11.22.43:313][  0]LightingResults: New page: Lighting Build
[2018.01.13-11.22.43:363][  0]MapCheck: New page: Map Check
[2018.01.13-11.22.43:363][  0]LightingResults: New page: Lighting Build
[2018.01.13-11.22.46:120][  0]LogLinker:Warning: Can't find file '/Game/import/bed/Bed'
[2018.01.13-11.22.46:120][  0]LogLinker:Warning: Can't find file for asset '/Game/import/bed/Bed' while loading I:/Projekt/PGK/Content/import/bed/BunkFBX.uasset.
[2018.01.13-11.22.46:120][  0]LoadErrors:Error: Error /Game/import/bed/BunkFBX : Can't find file for asset. /Game/import/bed/Bed
[2018.01.13-11.22.46:121][  0]LogLinker:Warning: Can't find file '/Game/import/bed/Drawer'
[2018.01.13-11.22.46:121][  0]LogLinker:Warning: Can't find file for asset '/Game/import/bed/Drawer' while loading I:/Projekt/PGK/Content/import/bed/BunkFBX.uasset.
[2018.01.13-11.22.46:121][  0]LoadErrors:Error: Error /Game/import/bed/BunkFBX : Can't find file for asset. /Game/import/bed/Drawer
[2018.01.13-11.22.46:121][  0]LogLinker:Warning: Can't find file '/Game/import/bed/Main'
[2018.01.13-11.22.46:121][  0]LogLinker:Warning: Can't find file for asset '/Game/import/bed/Main' while loading I:/Projekt/PGK/Content/import/bed/BunkFBX.uasset.
[2018.01.13-11.22.46:121][  0]LoadErrors:Error: Error /Game/import/bed/BunkFBX : Can't find file for asset. /Game/import/bed/Main
[2018.01.13-11.22.46:121][  0]LogLinker:Warning: Can't find file '/Game/import/bed/Metal'
[2018.01.13-11.22.46:121][  0]LogLinker:Warning: Can't find file for asset '/Game/import/bed/Metal' while loading I:/Projekt/PGK/Content/import/bed/BunkFBX.uasset.
[2018.01.13-11.22.46:121][  0]LoadErrors:Error: Error /Game/import/bed/BunkFBX : Can't find file for asset. /Game/import/bed/Metal
[2018.01.13-11.22.46:122][  0]LogLinker:Warning: Can't find file '/Game/import/bed/Bed'
[2018.01.13-11.22.46:122][  0]LogLinker:Warning: Can't find file for asset '/Game/import/bed/Bed' while loading I:/Projekt/PGK/Content/import/bed/BunkFBX.uasset.
[2018.01.13-11.22.46:122][  0]LoadErrors:Error: Error /Game/import/bed/BunkFBX : Can't find file for asset. /Game/import/bed/Bed
[2018.01.13-11.22.46:122][  0]LogLinker:Warning: Can't find file '/Game/import/bed/Drawer'
[2018.01.13-11.22.46:122][  0]LogLinker:Warning: Can't find file for asset '/Game/import/bed/Drawer' while loading I:/Projekt/PGK/Content/import/bed/BunkFBX.uasset.
[2018.01.13-11.22.46:122][  0]LoadErrors:Error: Error /Game/import/bed/BunkFBX : Can't find file for asset. /Game/import/bed/Drawer
[2018.01.13-11.22.46:122][  0]LogLinker:Warning: Can't find file '/Game/import/bed/Main'
[2018.01.13-11.22.46:122][  0]LogLinker:Warning: Can't find file for asset '/Game/import/bed/Main' while loading I:/Projekt/PGK/Content/import/bed/BunkFBX.uasset.
[2018.01.13-11.22.46:122][  0]LoadErrors:Error: Error /Game/import/bed/BunkFBX : Can't find file for asset. /Game/import/bed/Main
[2018.01.13-11.22.46:122][  0]LogLinker:Warning: Can't find file '/Game/import/bed/Metal'
[2018.01.13-11.22.46:122][  0]LogLinker:Warning: Can't find file for asset '/Game/import/bed/Metal' while loading I:/Projekt/PGK/Content/import/bed/BunkFBX.uasset.
[2018.01.13-11.22.46:122][  0]LoadErrors:Error: Error /Game/import/bed/BunkFBX : Can't find file for asset. /Game/import/bed/Metal
[2018.01.13-11.22.46:692][  0]LogLinker:Warning: Can't find file '/Game/import/wardrobe/lambert2'
[2018.01.13-11.22.46:692][  0]LogLinker:Warning: Can't find file for asset '/Game/import/wardrobe/lambert2' while loading I:/Projekt/PGK/Content/import/wardrobe/wardrobe.uasset.
[2018.01.13-11.22.46:692][  0]LoadErrors:Error: Error /Game/import/wardrobe/wardrobe : Can't find file for asset. /Game/import/wardrobe/lambert2
[2018.01.13-11.22.46:692][  0]LogLinker:Warning: Can't find file '/Game/import/wardrobe/lambert2'
[2018.01.13-11.22.46:692][  0]LogLinker:Warning: Can't find file for asset '/Game/import/wardrobe/lambert2' while loading I:/Projekt/PGK/Content/import/wardrobe/wardrobe.uasset.
[2018.01.13-11.22.46:692][  0]LoadErrors:Error: Error /Game/import/wardrobe/wardrobe : Can't find file for asset. /Game/import/wardrobe/lambert2
[2018.01.13-11.22.46:737][  0]LogLinker:Warning: Can't find file '/Game/import/wardrobe/box'
[2018.01.13-11.22.46:737][  0]LogLinker:Warning: Can't find file for asset '/Game/import/wardrobe/box' while loading I:/Projekt/PGK/Content/import/wardrobe/wardrobe3.uasset.
[2018.01.13-11.22.46:737][  0]LoadErrors:Error: Error /Game/import/wardrobe/wardrobe3 : Can't find file for asset. /Game/import/wardrobe/box
[2018.01.13-11.22.46:737][  0]LogLinker:Warning: Can't find file '/Game/import/wardrobe/st_gold'
[2018.01.13-11.22.46:737][  0]LogLinker:Warning: Can't find file for asset '/Game/import/wardrobe/st_gold' while loading I:/Projekt/PGK/Content/import/wardrobe/wardrobe3.uasset.
[2018.01.13-11.22.46:737][  0]LoadErrors:Error: Error /Game/import/wardrobe/wardrobe3 : Can't find file for asset. /Game/import/wardrobe/st_gold
[2018.01.13-11.22.46:738][  0]LogLinker:Warning: Can't find file '/Game/import/wardrobe/box'
[2018.01.13-11.22.46:738][  0]LogLinker:Warning: Can't find file for asset '/Game/import/wardrobe/box' while loading I:/Projekt/PGK/Content/import/wardrobe/wardrobe3.uasset.
[2018.01.13-11.22.46:738][  0]LoadErrors:Error: Error /Game/import/wardrobe/wardrobe3 : Can't find file for asset. /Game/import/wardrobe/box
[2018.01.13-11.22.46:738][  0]LogLinker:Warning: Can't find file '/Game/import/wardrobe/st_gold'
[2018.01.13-11.22.46:738][  0]LogLinker:Warning: Can't find file for asset '/Game/import/wardrobe/st_gold' while loading I:/Projekt/PGK/Content/import/wardrobe/wardrobe3.uasset.
[2018.01.13-11.22.46:738][  0]LoadErrors:Error: Error /Game/import/wardrobe/wardrobe3 : Can't find file for asset. /Game/import/wardrobe/st_gold
[2018.01.13-11.22.46:738][  0]LogLinker:Warning: Can't find file '/Game/import/wardrobe/wardrobe3_PhysicsAsset'
[2018.01.13-11.22.46:738][  0]LogLinker:Warning: Can't find file for asset '/Game/import/wardrobe/wardrobe3_PhysicsAsset' while loading I:/Projekt/PGK/Content/import/wardrobe/wardrobe3.uasset.
[2018.01.13-11.22.46:738][  0]LoadErrors:Error: Error /Game/import/wardrobe/wardrobe3 : Can't find file for asset. /Game/import/wardrobe/wardrobe3_PhysicsAsset
[2018.01.13-11.22.46:738][  0]LogLinker:Warning: Can't find file '/Game/import/wardrobe/wardrobe3_Skeleton'
[2018.01.13-11.22.46:738][  0]LogLinker:Warning: Can't find file for asset '/Game/import/wardrobe/wardrobe3_Skeleton' while loading I:/Projekt/PGK/Content/import/wardrobe/wardrobe3.uasset.
[2018.01.13-11.22.46:738][  0]LoadErrors:Error: Error /Game/import/wardrobe/wardrobe3 : Can't find file for asset. /Game/import/wardrobe/wardrobe3_Skeleton
[2018.01.13-11.22.46:739][  0]LogLinker:Warning: Can't find file '/Game/import/wardrobe/wardrobe3_PhysicsAsset'
[2018.01.13-11.22.46:739][  0]LogLinker:Warning: Can't find file for asset '/Game/import/wardrobe/wardrobe3_PhysicsAsset' while loading I:/Projekt/PGK/Content/import/wardrobe/wardrobe3.uasset.
[2018.01.13-11.22.46:739][  0]LoadErrors:Error: Error /Game/import/wardrobe/wardrobe3 : Can't find file for asset. /Game/import/wardrobe/wardrobe3_PhysicsAsset
[2018.01.13-11.22.46:739][  0]LogLinker:Warning: Can't find file '/Game/import/wardrobe/wardrobe3_Skeleton'
[2018.01.13-11.22.46:739][  0]LogLinker:Warning: Can't find file for asset '/Game/import/wardrobe/wardrobe3_Skeleton' while loading I:/Projekt/PGK/Content/import/wardrobe/wardrobe3.uasset.
[2018.01.13-11.22.46:739][  0]LoadErrors:Error: Error /Game/import/wardrobe/wardrobe3 : Can't find file for asset. /Game/import/wardrobe/wardrobe3_Skeleton
[2018.01.13-11.22.46:756][  0]LogLinker:Warning: Can't find file '/Game/import/wardrobe/None'
[2018.01.13-11.22.46:756][  0]LogLinker:Warning: Can't find file for asset '/Game/import/wardrobe/None' while loading I:/Projekt/PGK/Content/import/wardrobe/wardrobe4.uasset.
[2018.01.13-11.22.46:756][  0]LoadErrors:Error: Error /Game/import/wardrobe/wardrobe4 : Can't find file for asset. /Game/import/wardrobe/None
[2018.01.13-11.22.46:756][  0]LogLinker:Warning: Can't find file '/Game/import/wardrobe/None'
[2018.01.13-11.22.46:756][  0]LogLinker:Warning: Can't find file for asset '/Game/import/wardrobe/None' while loading I:/Projekt/PGK/Content/import/wardrobe/wardrobe4.uasset.
[2018.01.13-11.22.46:756][  0]LoadErrors:Error: Error /Game/import/wardrobe/wardrobe4 : Can't find file for asset. /Game/import/wardrobe/None
[2018.01.13-11.22.48:573][  0]LogLinker:Warning: Can't find file '/Game/import/wardrobe/None'
[2018.01.13-11.22.48:574][  0]LoadErrors: Info Failed to load /Game/import/wardrobe/None.Material_0 Referenced by wardrobe4
[2018.01.13-11.22.48:574][  0]LogLinker:Warning: Can't find file for asset '/Game/import/wardrobe/None' while loading NULL.
[2018.01.13-11.22.48:574][  0]LoadErrors: Info Failed to load /Game/import/wardrobe/None.Material_0 Referenced by wardrobe4
[2018.01.13-11.22.48:591][  0]LogLinker:Warning: Can't find file '/Game/import/wardrobe/wardrobe3_Skeleton'
[2018.01.13-11.22.48:591][  0]LoadErrors: Info Failed to load /Game/import/wardrobe/wardrobe3_Skeleton.wardrobe3_Skeleton Referenced by wardrobe3
[2018.01.13-11.22.48:591][  0]LogLinker:Warning: Can't find file for asset '/Game/import/wardrobe/wardrobe3_Skeleton' while loading NULL.
[2018.01.13-11.22.48:591][  0]LoadErrors: Info Failed to load /Game/import/wardrobe/wardrobe3_Skeleton.wardrobe3_Skeleton Referenced by wardrobe3
[2018.01.13-11.22.48:592][  0]LogLinker:Warning: Can't find file '/Game/import/wardrobe/wardrobe3_PhysicsAsset'
[2018.01.13-11.22.48:592][  0]LoadErrors: Info Failed to load /Game/import/wardrobe/wardrobe3_PhysicsAsset.wardrobe3_PhysicsAsset Referenced by wardrobe3
[2018.01.13-11.22.48:592][  0]LogLinker:Warning: Can't find file for asset '/Game/import/wardrobe/wardrobe3_PhysicsAsset' while loading NULL.
[2018.01.13-11.22.48:592][  0]LoadErrors: Info Failed to load /Game/import/wardrobe/wardrobe3_PhysicsAsset.wardrobe3_PhysicsAsset Referenced by wardrobe3
[2018.01.13-11.22.48:592][  0]LogLinker:Warning: Can't find file '/Game/import/wardrobe/st_gold'
[2018.01.13-11.22.48:592][  0]LoadErrors: Info Failed to load /Game/import/wardrobe/st_gold.st_gold Referenced by wardrobe3
[2018.01.13-11.22.48:592][  0]LogLinker:Warning: Can't find file for asset '/Game/import/wardrobe/st_gold' while loading NULL.
[2018.01.13-11.22.48:592][  0]LoadErrors: Info Failed to load /Game/import/wardrobe/st_gold.st_gold Referenced by wardrobe3
[2018.01.13-11.22.48:592][  0]LogLinker:Warning: Can't find file '/Game/import/wardrobe/box'
[2018.01.13-11.22.48:592][  0]LoadErrors: Info Failed to load /Game/import/wardrobe/box.box Referenced by wardrobe3
[2018.01.13-11.22.48:592][  0]LogLinker:Warning: Can't find file for asset '/Game/import/wardrobe/box' while loading NULL.
[2018.01.13-11.22.48:592][  0]LoadErrors: Info Failed to load /Game/import/wardrobe/box.box Referenced by wardrobe3
[2018.01.13-11.22.48:609][  0]LogLinker:Warning: Can't find file '/Game/import/wardrobe/lambert2'
[2018.01.13-11.22.48:609][  0]LoadErrors: Info Failed to load /Game/import/wardrobe/lambert2.lambert2 Referenced by wardrobe
[2018.01.13-11.22.48:609][  0]LogLinker:Warning: Can't find file for asset '/Game/import/wardrobe/lambert2' while loading NULL.
[2018.01.13-11.22.48:609][  0]LoadErrors: Info Failed to load /Game/import/wardrobe/lambert2.lambert2 Referenced by wardrobe
[2018.01.13-11.22.48:643][  0]LogLinker:Warning: Can't find file '/Game/import/bed/Main'
[2018.01.13-11.22.48:643][  0]LoadErrors: Info Failed to load /Game/import/bed/Main.Main Referenced by BunkFBX
[2018.01.13-11.22.48:643][  0]LogLinker:Warning: Can't find file for asset '/Game/import/bed/Main' while loading NULL.
[2018.01.13-11.22.48:643][  0]LoadErrors: Info Failed to load /Game/import/bed/Main.Main Referenced by BunkFBX
[2018.01.13-11.22.48:643][  0]LogLinker:Warning: Can't find file '/Game/import/bed/Bed'
[2018.01.13-11.22.48:643][  0]LoadErrors: Info Failed to load /Game/import/bed/Bed.Bed Referenced by BunkFBX
[2018.01.13-11.22.48:643][  0]LogLinker:Warning: Can't find file for asset '/Game/import/bed/Bed' while loading NULL.
[2018.01.13-11.22.48:643][  0]LoadErrors: Info Failed to load /Game/import/bed/Bed.Bed Referenced by BunkFBX
[2018.01.13-11.22.48:643][  0]LogLinker:Warning: Can't find file '/Game/import/bed/Drawer'
[2018.01.13-11.22.48:643][  0]LoadErrors: Info Failed to load /Game/import/bed/Drawer.Drawer Referenced by BunkFBX
[2018.01.13-11.22.48:643][  0]LogLinker:Warning: Can't find file for asset '/Game/import/bed/Drawer' while loading NULL.
[2018.01.13-11.22.48:643][  0]LoadErrors: Info Failed to load /Game/import/bed/Drawer.Drawer Referenced by BunkFBX
[2018.01.13-11.22.48:644][  0]LogLinker:Warning: Can't find file '/Game/import/bed/Metal'
[2018.01.13-11.22.48:644][  0]LoadErrors: Info Failed to load /Game/import/bed/Metal.Metal Referenced by BunkFBX
[2018.01.13-11.22.48:644][  0]LogLinker:Warning: Can't find file for asset '/Game/import/bed/Metal' while loading NULL.
[2018.01.13-11.22.48:644][  0]LoadErrors: Info Failed to load /Game/import/bed/Metal.Metal Referenced by BunkFBX
[2018.01.13-11.22.57:267][  0]LogMaterial: Missing cached shader map for material st_tile, compiling. 
[2018.01.13-11.22.57:268][  0]LogMaterial:Warning: Failed to compile Material /Game/import/kibel/st_tile.st_tile for platform PCD3D_SM5, Default Material will be used in game.
[2018.01.13-11.22.57:268][  0]LogMaterial:Warning: 	(Node TextureSample) TextureSample> Sampler type is Normal, should be Color for /Game/import/kibel/Dirt_map.Dirt_map
[2018.01.13-11.22.59:094][  0]LogAIModule: Creating AISystem for world FirstPersonExampleMap
[2018.01.13-11.22.59:355][  0]LogEditorServer: Finished looking for orphan Actors (0.000 secs)
[2018.01.13-11.22.59:388][  0]Cmd: MAP CHECKDEP NOCLEARLOG
[2018.01.13-11.22.59:487][  0]MapCheck: Info Map check complete: 0 Error(s), 0 Warning(s), took 99.417ms to complete.
[2018.01.13-11.22.59:487][  0]LogFileHelpers: Loading map 'FirstPersonExampleMap' took 16.176
[2018.01.13-11.22.59:719][  0]LogCollectionManager: Loaded 0 collections in 0.002077 seconds
[2018.01.13-11.22.59:806][  0]LogFileCache: Scanning file cache for directory 'I:/Projekt/PGK/Saved/Collections/' took 0.01s
[2018.01.13-11.22.59:806][  0]LogFileCache: Scanning file cache for directory 'I:/Projekt/PGK/Content/Developers/Robert/Collections/' took 0.01s
[2018.01.13-11.22.59:806][  0]LogFileCache: Scanning file cache for directory 'I:/Projekt/PGK/Content/Collections/' took 0.01s
[2018.01.13-11.22.59:806][  0]LogCollectionManager: Rebuilt the GUID cache for 0 collections in 0.000001 seconds
[2018.01.13-11.22.59:818][  0]LogContentBrowser: Native class hierarchy populated in 0.0120 seconds. Added 2329 classes and 491 folders.
[2018.01.13-11.22.59:893][  0]LogContentBrowser: Native class hierarchy updated for 'WidgetCarousel' in 0.0041 seconds. Added 0 classes and 0 folders.
[2018.01.13-11.23.00:842][  0]LogContentBrowser: Native class hierarchy updated for 'AddContentDialog' in 0.0007 seconds. Added 0 classes and 0 folders.
[2018.01.13-11.23.01:023][  0]LogContentBrowser: Native class hierarchy updated for 'SceneOutliner' in 0.0012 seconds. Added 1 classes and 2 folders.
[2018.01.13-11.23.01:137][  0]LogCrashTracker: Crashtracker disabled due to settings.
[2018.01.13-11.23.01:151][  0]LogSlate: Took 0.000408 seconds to synchronously load lazily loaded font '../../../Engine/Content/Slate/Fonts/Roboto-Regular.ttf' (155K)
[2018.01.13-11.23.01:153][  0]LogSlate: Took 0.000284 seconds to synchronously load lazily loaded font '../../../Engine/Content/Slate/Fonts/Roboto-Bold.ttf' (160K)
[2018.01.13-11.23.01:209][  0]LogSlate: Took 0.013517 seconds to synchronously load lazily loaded font '../../../Engine/Content/Editor/Slate/Fonts/FontAwesome.ttf' (139K)
[2018.01.13-11.23.01:488][  0]LogRenderer: Reallocating scene render targets to support 1180x600 NumSamples 1 (Frame:1).
[2018.01.13-11.23.01:869][  0]LogUObjectGlobals:Warning: Failed to find object 'Class None.'
[2018.01.13-11.23.01:935][  0]LogContentBrowser: Native class hierarchy updated for 'HierarchicalLODOutliner' in 0.0007 seconds. Added 1 classes and 2 folders.
[2018.01.13-11.23.01:936][  0]LogLoad: (Engine Initialization) Total time: 42.19 seconds
[2018.01.13-11.23.01:936][  0]LogLoad: (Engine Initialization) Total Blueprint compile time: 0.33 seconds
[2018.01.13-11.23.01:936][  0]LogExternalProfiler: No external profilers were discovered.  External profiling features will not be available.
[2018.01.13-11.23.01:976][  0]LogOcInput: OculusInput pre-init called
[2018.01.13-11.23.01:976][  0]LogHMD: Starting GearVRController plugin
[2018.01.13-11.23.02:013][  0]LogContentStreaming: Texture pool size now 1000 MB
[2018.01.13-11.23.02:670][  0]LogSlate: Took 0.184607 seconds to synchronously load lazily loaded font '../../../Engine/Content/Slate/Fonts/Roboto-Light.ttf' (159K)
[2018.01.13-11.23.02:759][  1]LogAssetRegistry: Asset discovery search completed in 33.9937 seconds
[2018.01.13-11.23.02:761][  1]LogCollectionManager: Rebuilt the object cache for 0 collections in 0.000000 seconds (found 0 objects)
[2018.01.13-11.23.02:761][  1]LogCollectionManager: Fixed up redirectors for 0 collections in 0.000072 seconds (updated 0 objects)
[2018.01.13-11.23.07:783][ 78]LogFileCache: Retrieving MD5 hashes for directory 'I:/Projekt/PGK/Content/' took 5.79s
[2018.01.13-11.32.06:823][678]LogSlate: Took 0.000422 seconds to synchronously load lazily loaded font '../../../Engine/Content/Slate/Fonts/Roboto-Light.ttf' (159K)
[2018.01.13-11.32.07:112][678]LogContentBrowser: Native class hierarchy updated for 'TextureEditor' in 0.0013 seconds. Added 1 classes and 2 folders.
[2018.01.13-11.32.11:008][751]Cmd: OBJ SAVEPACKAGE PACKAGE="/Game/import/plane/krew" FILE="I:/Projekt/PGK/Content/import/plane/krew.uasset" SILENT=true
[2018.01.13-11.32.11:043][751]LogSavePackage: Save=24.64ms
[2018.01.13-11.32.11:043][751]LogSavePackage: Moving 'I:/Projekt/PGK/Saved/krew9A470E1B48E28929F011D29203BE104A.tmp' to 'I:/Projekt/PGK/Content/import/plane/krew.uasset'
[2018.01.13-11.32.11:045][751]LogSavePackage:Display: Finished SavePackage I:/Projekt/PGK/Content/import/plane/krew.uasset
[2018.01.13-11.34.59:547][483]LogEditorViewport: Clicking on Actor (LMB): StaticMeshActor (Plane8)
[2018.01.13-11.35.08:826][622]LogEditorViewport: Clicking on Actor (LMB): StaticMeshActor (Cube5)
[2018.01.13-11.36.13:976][643]LogMaterial: Missing cached shader map for material krew_Mat, compiling. 
[2018.01.13-11.36.19:912][724]LogMaterial: Missing cached shader map for material krew_Mat, compiling. 
[2018.01.13-11.36.20:715][724]LogMaterial: Missing cached shader map for material krew_Mat, compiling. 
[2018.01.13-11.36.20:801][724]LogMaterial: Missing cached shader map for material krew_Mat, compiling. 
[2018.01.13-11.36.20:855][724]LogMaterial: Missing cached shader map for material FMatExpressionPreview MaterialExpressionTextureSample_0, compiling. 
[2018.01.13-11.36.20:895][724]LogSlate: Took 0.011581 seconds to synchronously load lazily loaded font '../../../Engine/Content/Editor/Slate/Fonts/Roboto-BoldCondensed.ttf' (158K)
[2018.01.13-11.36.22:367][739]MaterialEditorStats: Info Base pass shader: 71 instructions
[2018.01.13-11.36.22:367][739]MaterialEditorStats: Info Vertex shader: 31 instructions
[2018.01.13-11.36.22:367][739]MaterialEditorStats: Info Texture samplers: 2/16
[2018.01.13-11.36.22:367][739]MaterialEditorStats: Info User interpolators: 2/4 Scalars (1/4 Vectors) (TexCoords: 2, Custom: 0)
[2018.01.13-11.36.24:589][769]LogMaterial: Missing cached shader map for material krew_Mat, compiling. 
[2018.01.13-11.36.26:643][799]MaterialEditorStats: Info Base pass shader: 71 instructions
[2018.01.13-11.36.26:643][799]MaterialEditorStats: Info Vertex shader: 31 instructions
[2018.01.13-11.36.26:643][799]MaterialEditorStats: Info Texture samplers: 2/16
[2018.01.13-11.36.26:643][799]MaterialEditorStats: Info User interpolators: 2/4 Scalars (1/4 Vectors) (TexCoords: 2, Custom: 0)
[2018.01.13-11.36.30:814][968]LogMaterial: Missing cached shader map for material krew_Mat, compiling. 
[2018.01.13-11.36.30:878][968]LogMaterial: Missing cached shader map for material krew_Mat, compiling. 
[2018.01.13-11.36.32:216][988]MaterialEditorStats: Info Base pass shader: 71 instructions
[2018.01.13-11.36.32:216][988]MaterialEditorStats: Info Vertex shader: 31 instructions
[2018.01.13-11.36.32:217][988]MaterialEditorStats: Info Texture samplers: 2/16
[2018.01.13-11.36.32:217][988]MaterialEditorStats: Info User interpolators: 2/4 Scalars (1/4 Vectors) (TexCoords: 2, Custom: 0)
[2018.01.13-11.37.03:888][484]LogMaterial: Missing cached shader map for material krew_Mat, compiling. 
[2018.01.13-11.37.03:925][484]LogMaterial: Missing cached shader map for material FMatExpressionPreview MaterialExpressionTextureSample_0, compiling. 
[2018.01.13-11.37.07:077][530]MaterialEditorStats: Info Base pass shader: 74 instructions
[2018.01.13-11.37.07:077][530]MaterialEditorStats: Info Vertex shader: 31 instructions
[2018.01.13-11.37.07:077][530]MaterialEditorStats: Info Texture samplers: 2/16
[2018.01.13-11.37.07:077][530]MaterialEditorStats: Info User interpolators: 2/4 Scalars (1/4 Vectors) (TexCoords: 2, Custom: 0)
[2018.01.13-11.37.23:381][762]LogMaterialEditor: Saving and Compiling material krew_Mat
[2018.01.13-11.37.24:365][762]LogMaterial: Missing cached shader map for material krew_Mat, compiling. 
[2018.01.13-11.37.24:489][762]LogMaterial: Missing cached shader map for material krew_Mat, compiling. 
[2018.01.13-11.37.24:570][762]LogMaterial: Missing cached shader map for material krew_Mat, compiling. 
[2018.01.13-11.37.24:625][762]LogMaterial: Missing cached shader map for material FDebugViewModeMaterialProxy krew_Mat, compiling. 
[2018.01.13-11.37.28:290][762]TextureStreamingBuild:Display: Compiling optional shaders took 3.672 seconds.
[2018.01.13-11.37.34:718][762]LogSlate: Took 0.000250 seconds to synchronously load lazily loaded font '../../../Engine/Content/Slate/Fonts/Roboto-Regular.ttf' (155K)
[2018.01.13-11.37.34:788][762]Cmd: OBJ SAVEPACKAGE PACKAGE="/Game/import/plane/krew_Mat" FILE="I:/Projekt/PGK/Content/import/plane/krew_Mat.uasset" SILENT=true
[2018.01.13-11.37.34:808][762]LogSavePackage: Save=17.93ms
[2018.01.13-11.37.34:808][762]LogSavePackage: Moving 'I:/Projekt/PGK/Saved/krew_MatF7C67CC34D9B3D0EA9FE3C9DBC4A90EE.tmp' to 'I:/Projekt/PGK/Content/import/plane/krew_Mat.uasset'
[2018.01.13-11.37.34:810][762]LogSavePackage:Display: Finished SavePackage I:/Projekt/PGK/Content/import/plane/krew_Mat.uasset
[2018.01.13-11.37.34:824][762]MaterialEditorStats: Info Base pass shader: 74 instructions
[2018.01.13-11.37.34:824][762]MaterialEditorStats: Info Vertex shader: 33 instructions
[2018.01.13-11.37.34:824][762]MaterialEditorStats: Info Texture samplers: 2/16
[2018.01.13-11.37.34:824][762]MaterialEditorStats: Info User interpolators: 2/4 Scalars (1/4 Vectors) (TexCoords: 2, Custom: 0)
[2018.01.13-11.38.00:545][121]LogMaterialEditor: Saving and Compiling material krew_Mat
[2018.01.13-11.38.00:633][121]Cmd: OBJ SAVEPACKAGE PACKAGE="/Game/import/plane/krew_Mat" FILE="I:/Projekt/PGK/Content/import/plane/krew_Mat.uasset" SILENT=true
[2018.01.13-11.38.00:646][121]LogSavePackage: Save=4.37ms
[2018.01.13-11.38.00:646][121]LogSavePackage: Moving 'I:/Projekt/PGK/Saved/krew_Mat45BB4D9443CCEB05F68C62BAC9D76C67.tmp' to 'I:/Projekt/PGK/Content/import/plane/krew_Mat.uasset'
[2018.01.13-11.38.00:648][121]LogSavePackage:Display: Finished SavePackage I:/Projekt/PGK/Content/import/plane/krew_Mat.uasset
[2018.01.13-11.38.10:808][297]LogMaterial: Missing cached shader map for material krew2_Mat, compiling. 
[2018.01.13-11.38.15:086][420]LogMaterial: Missing cached shader map for material krew3_Mat, compiling. 
[2018.01.13-11.38.19:513][568]LogMaterial: Missing cached shader map for material plama-krwi-krwawy-odcisk_Mat, compiling. 
[2018.01.13-11.38.21:582][597]LogMaterial: Missing cached shader map for material krew2_Mat, compiling. 
[2018.01.13-11.38.21:677][597]LogMaterial: Missing cached shader map for material krew2_Mat, compiling. 
[2018.01.13-11.38.21:710][597]LogMaterial: Missing cached shader map for material krew2_Mat, compiling. 
[2018.01.13-11.38.21:770][597]LogMaterial: Missing cached shader map for material FMatExpressionPreview MaterialExpressionTextureSample_0, compiling. 
[2018.01.13-11.38.23:443][620]MaterialEditorStats: Info Base pass shader: 71 instructions
[2018.01.13-11.38.23:443][620]MaterialEditorStats: Info Vertex shader: 31 instructions
[2018.01.13-11.38.23:443][620]MaterialEditorStats: Info Texture samplers: 2/16
[2018.01.13-11.38.23:443][620]MaterialEditorStats: Info User interpolators: 2/4 Scalars (1/4 Vectors) (TexCoords: 2, Custom: 0)
[2018.01.13-11.38.25:228][692]LogMaterial: Missing cached shader map for material krew2_Mat, compiling. 
[2018.01.13-11.38.25:240][692]LogMaterial: Missing cached shader map for material krew2_Mat, compiling. 
[2018.01.13-11.38.27:269][756]LogMaterial: Missing cached shader map for material krew2_Mat, compiling. 
[2018.01.13-11.38.27:301][756]LogMaterial: Missing cached shader map for material FMatExpressionPreview MaterialExpressionTextureSample_0, compiling. 
[2018.01.13-11.38.29:708][791]LogMaterial: Missing cached shader map for material krew2_Mat, compiling. 
[2018.01.13-11.38.32:565][833]MaterialEditorStats: Info Base pass shader: 74 instructions
[2018.01.13-11.38.32:565][833]MaterialEditorStats: Info Vertex shader: 31 instructions
[2018.01.13-11.38.32:565][833]MaterialEditorStats: Info Texture samplers: 2/16
[2018.01.13-11.38.32:565][833]MaterialEditorStats: Info User interpolators: 2/4 Scalars (1/4 Vectors) (TexCoords: 2, Custom: 0)
[2018.01.13-11.38.35:055][869]LogMaterialEditor: Saving and Compiling material krew2_Mat
[2018.01.13-11.38.36:056][869]LogMaterial: Missing cached shader map for material krew2_Mat, compiling. 
[2018.01.13-11.38.36:159][869]LogMaterial: Missing cached shader map for material krew2_Mat, compiling. 
[2018.01.13-11.38.36:197][869]LogMaterial: Missing cached shader map for material krew2_Mat, compiling. 
[2018.01.13-11.38.36:259][869]LogMaterial: Missing cached shader map for material FDebugViewModeMaterialProxy krew2_Mat, compiling. 
[2018.01.13-11.38.37:929][869]TextureStreamingBuild:Display: Compiling optional shaders took 1.688 seconds.
[2018.01.13-11.38.40:326][869]Cmd: OBJ SAVEPACKAGE PACKAGE="/Game/import/plane/krew2_Mat" FILE="I:/Projekt/PGK/Content/import/plane/krew2_Mat.uasset" SILENT=true
[2018.01.13-11.38.40:343][869]LogSavePackage: Save=14.70ms
[2018.01.13-11.38.40:343][869]LogSavePackage: Moving 'I:/Projekt/PGK/Saved/krew2_Mat203EE8F74D45E5475CD9F58C32C37C8E.tmp' to 'I:/Projekt/PGK/Content/import/plane/krew2_Mat.uasset'
[2018.01.13-11.38.40:344][869]LogSavePackage:Display: Finished SavePackage I:/Projekt/PGK/Content/import/plane/krew2_Mat.uasset
[2018.01.13-11.38.40:354][869]MaterialEditorStats: Info Base pass shader: 74 instructions
[2018.01.13-11.38.40:354][869]MaterialEditorStats: Info Vertex shader: 33 instructions
[2018.01.13-11.38.40:354][869]MaterialEditorStats: Info Texture samplers: 2/16
[2018.01.13-11.38.40:354][869]MaterialEditorStats: Info User interpolators: 2/4 Scalars (1/4 Vectors) (TexCoords: 2, Custom: 0)
[2018.01.13-11.38.45:730][946]LogMaterial: Missing cached shader map for material krew3_Mat, compiling. 
[2018.01.13-11.38.45:865][946]LogMaterial: Missing cached shader map for material krew3_Mat, compiling. 
[2018.01.13-11.38.45:911][946]LogMaterial: Missing cached shader map for material krew3_Mat, compiling. 
[2018.01.13-11.38.45:969][946]LogMaterial: Missing cached shader map for material FMatExpressionPreview MaterialExpressionTextureSample_0, compiling. 
[2018.01.13-11.38.48:040][974]MaterialEditorStats: Info Base pass shader: 71 instructions
[2018.01.13-11.38.48:041][974]MaterialEditorStats: Info Vertex shader: 31 instructions
[2018.01.13-11.38.48:041][974]MaterialEditorStats: Info Texture samplers: 2/16
[2018.01.13-11.38.48:041][974]MaterialEditorStats: Info User interpolators: 2/4 Scalars (1/4 Vectors) (TexCoords: 2, Custom: 0)
[2018.01.13-11.38.49:564][ 28]LogMaterial: Missing cached shader map for material krew3_Mat, compiling. 
[2018.01.13-11.38.49:584][ 28]LogMaterial: Missing cached shader map for material krew3_Mat, compiling. 
[2018.01.13-11.38.52:063][104]LogMaterial: Missing cached shader map for material krew3_Mat, compiling. 
[2018.01.13-11.38.52:087][104]LogMaterial: Missing cached shader map for material FMatExpressionPreview MaterialExpressionTextureSample_0, compiling. 
[2018.01.13-11.38.54:642][142]MaterialEditorStats: Info Base pass shader: 74 instructions
[2018.01.13-11.38.54:642][142]MaterialEditorStats: Info Vertex shader: 31 instructions
[2018.01.13-11.38.54:642][142]MaterialEditorStats: Info Texture samplers: 2/16
[2018.01.13-11.38.54:642][142]MaterialEditorStats: Info User interpolators: 2/4 Scalars (1/4 Vectors) (TexCoords: 2, Custom: 0)
[2018.01.13-11.38.56:708][171]LogMaterial: Missing cached shader map for material krew3_Mat, compiling. 
[2018.01.13-11.39.00:698][228]MaterialEditorStats: Info Base pass shader: 74 instructions
[2018.01.13-11.39.00:698][228]MaterialEditorStats: Info Vertex shader: 31 instructions
[2018.01.13-11.39.00:698][228]MaterialEditorStats: Info Texture samplers: 2/16
[2018.01.13-11.39.00:698][228]MaterialEditorStats: Info User interpolators: 2/4 Scalars (1/4 Vectors) (TexCoords: 2, Custom: 0)
[2018.01.13-11.39.10:409][367]LogMaterialEditor: Saving and Compiling material krew3_Mat
[2018.01.13-11.39.11:330][367]LogMaterial: Missing cached shader map for material krew3_Mat, compiling. 
[2018.01.13-11.39.11:404][367]LogMaterial: Missing cached shader map for material krew3_Mat, compiling. 
[2018.01.13-11.39.11:439][367]LogMaterial: Missing cached shader map for material krew3_Mat, compiling. 
[2018.01.13-11.39.11:543][367]LogMaterial: Missing cached shader map for material FDebugViewModeMaterialProxy krew3_Mat, compiling. 
[2018.01.13-11.39.12:965][367]TextureStreamingBuild:Display: Compiling optional shaders took 1.480 seconds.
[2018.01.13-11.39.15:266][367]Cmd: OBJ SAVEPACKAGE PACKAGE="/Game/import/plane/krew3_Mat" FILE="I:/Projekt/PGK/Content/import/plane/krew3_Mat.uasset" SILENT=true
[2018.01.13-11.39.15:282][367]LogSavePackage: Save=15.18ms
[2018.01.13-11.39.15:282][367]LogSavePackage: Moving 'I:/Projekt/PGK/Saved/krew3_Mat749C4F45459E6685F379B7BA98FA2EBA.tmp' to 'I:/Projekt/PGK/Content/import/plane/krew3_Mat.uasset'
[2018.01.13-11.39.15:284][367]LogSavePackage:Display: Finished SavePackage I:/Projekt/PGK/Content/import/plane/krew3_Mat.uasset
[2018.01.13-11.39.15:296][367]MaterialEditorStats: Info Base pass shader: 74 instructions
[2018.01.13-11.39.15:296][367]MaterialEditorStats: Info Vertex shader: 33 instructions
[2018.01.13-11.39.15:296][367]MaterialEditorStats: Info Texture samplers: 2/16
[2018.01.13-11.39.15:296][367]MaterialEditorStats: Info User interpolators: 2/4 Scalars (1/4 Vectors) (TexCoords: 2, Custom: 0)
[2018.01.13-11.39.21:984][456]LogMaterial: Missing cached shader map for material plama-krwi-krwawy-odcisk_Mat, compiling. 
[2018.01.13-11.39.22:114][456]LogMaterial: Missing cached shader map for material plama-krwi-krwawy-odcisk_Mat, compiling. 
[2018.01.13-11.39.22:149][456]LogMaterial: Missing cached shader map for material plama-krwi-krwawy-odcisk_Mat, compiling. 
[2018.01.13-11.39.22:209][456]LogMaterial: Missing cached shader map for material FMatExpressionPreview MaterialExpressionTextureSample_0, compiling. 
[2018.01.13-11.39.25:363][529]LogMaterial: Missing cached shader map for material plama-krwi-krwawy-odcisk_Mat, compiling. 
[2018.01.13-11.39.25:375][529]LogMaterial: Missing cached shader map for material plama-krwi-krwawy-odcisk_Mat, compiling. 
[2018.01.13-11.39.26:464][546]MaterialEditorStats: Info Base pass shader: 71 instructions
[2018.01.13-11.39.26:464][546]MaterialEditorStats: Info Vertex shader: 31 instructions
[2018.01.13-11.39.26:464][546]MaterialEditorStats: Info Texture samplers: 2/16
[2018.01.13-11.39.26:464][546]MaterialEditorStats: Info User interpolators: 2/4 Scalars (1/4 Vectors) (TexCoords: 2, Custom: 0)
[2018.01.13-11.39.27:692][603]LogMaterial: Missing cached shader map for material plama-krwi-krwawy-odcisk_Mat, compiling. 
[2018.01.13-11.39.27:775][603]LogMaterial: Missing cached shader map for material FMatExpressionPreview MaterialExpressionTextureSample_0, compiling. 
[2018.01.13-11.39.30:217][639]MaterialEditorStats: Info Base pass shader: 74 instructions
[2018.01.13-11.39.30:217][639]MaterialEditorStats: Info Vertex shader: 31 instructions
[2018.01.13-11.39.30:217][639]MaterialEditorStats: Info Texture samplers: 2/16
[2018.01.13-11.39.30:217][639]MaterialEditorStats: Info User interpolators: 2/4 Scalars (1/4 Vectors) (TexCoords: 2, Custom: 0)
[2018.01.13-11.39.36:753][733]LogMaterial: Missing cached shader map for material plama-krwi-krwawy-odcisk_Mat, compiling. 
[2018.01.13-11.39.40:640][789]MaterialEditorStats: Info Base pass shader: 74 instructions
[2018.01.13-11.39.40:641][789]MaterialEditorStats: Info Vertex shader: 31 instructions
[2018.01.13-11.39.40:641][789]MaterialEditorStats: Info Texture samplers: 2/16
[2018.01.13-11.39.40:641][789]MaterialEditorStats: Info User interpolators: 2/4 Scalars (1/4 Vectors) (TexCoords: 2, Custom: 0)
[2018.01.13-11.39.44:679][847]LogMaterialEditor: Saving and Compiling material plama-krwi-krwawy-odcisk_Mat
[2018.01.13-11.39.45:939][847]LogMaterial: Missing cached shader map for material plama-krwi-krwawy-odcisk_Mat, compiling. 
[2018.01.13-11.39.46:010][847]LogMaterial: Missing cached shader map for material plama-krwi-krwawy-odcisk_Mat, compiling. 
[2018.01.13-11.39.46:044][847]LogMaterial: Missing cached shader map for material plama-krwi-krwawy-odcisk_Mat, compiling. 
[2018.01.13-11.39.46:097][847]LogMaterial: Missing cached shader map for material FDebugViewModeMaterialProxy plama-krwi-krwawy-odcisk_Mat, compiling. 
[2018.01.13-11.39.47:586][847]TextureStreamingBuild:Display: Compiling optional shaders took 1.496 seconds.
[2018.01.13-11.39.49:985][847]Cmd: OBJ SAVEPACKAGE PACKAGE="/Game/import/plane/plama-krwi-krwawy-odcisk_Mat" FILE="I:/Projekt/PGK/Content/import/plane/plama-krwi-krwawy-odcisk_Mat.uasset" SILENT=true
[2018.01.13-11.39.50:003][847]LogSavePackage: Save=15.99ms
[2018.01.13-11.39.50:003][847]LogSavePackage: Moving 'I:/Projekt/PGK/Saved/plama-krwi-krwawy-odcisk_Mat56A3C01442E11101B70DCEBAC60C14CB.tmp' to 'I:/Projekt/PGK/Content/import/plane/plama-krwi-krwawy-odcisk_Mat.uasset'
[2018.01.13-11.39.50:004][847]LogSavePackage:Display: Finished SavePackage I:/Projekt/PGK/Content/import/plane/plama-krwi-krwawy-odcisk_Mat.uasset
[2018.01.13-11.39.50:017][847]MaterialEditorStats: Info Base pass shader: 74 instructions
[2018.01.13-11.39.50:017][847]MaterialEditorStats: Info Vertex shader: 33 instructions
[2018.01.13-11.39.50:017][847]MaterialEditorStats: Info Texture samplers: 2/16
[2018.01.13-11.39.50:017][847]MaterialEditorStats: Info User interpolators: 2/4 Scalars (1/4 Vectors) (TexCoords: 2, Custom: 0)
[2018.01.13-11.41.48:128][825]LogActorFactory: Actor Factory created Plane
[2018.01.13-11.41.48:915][837]LogActorFactory: Actor Factory created Plane
[2018.01.13-11.42.39:309][100]LogEditorViewport: Clicking on Actor (LMB): StaticMeshActor (Wall_Door_400x306)
[2018.01.13-11.42.47:249][295]LogEditorViewport: Clicking on Actor (LMB): StaticMeshActor (SM_Door3)
[2018.01.13-11.42.51:065][383]LogEditorViewport: Clicking on Actor (LMB): StaticMeshActor (SM_Door3)
[2018.01.13-11.42.51:697][396]LogEditorViewport: Clicking on Actor (LMB): StaticMeshActor (SM_Door3)
[2018.01.13-11.42.52:250][407]LogEditorViewport: Clicking on Actor (LMB): StaticMeshActor (SM_Door3)
[2018.01.13-11.42.52:761][416]LogEditorViewport: Clicking on Actor (LMB): StaticMeshActor (SM_Door3)
[2018.01.13-11.42.55:643][481]LogEditorViewport: Clicking on Actor (LMB): StaticMeshActor (Plane9)
[2018.01.13-11.43.05:129][709]LogEditorViewport: Clicking on Actor (LMB): StaticMeshActor (SM_DoorFrame3)
[2018.01.13-11.43.13:734][920]LogEditorViewport: Clicking on Actor (context menu): SkeletalMeshActor (wardrobe6)
[2018.01.13-11.43.14:104][921]LogAnimation:Warning: SkeletalMesh wardrobe3 has no skeleton. This needs to fixed before an animation can be set
[2018.01.13-11.43.14:656][942]LogActorFactory: Actor Factory created Plane
[2018.01.13-11.43.15:615][956]LogActorFactory: Actor Factory created Plane
[2018.01.13-11.43.27:999][226]LogActorFactory: Actor Factory created Plane
[2018.01.13-11.43.28:716][235]LogActorFactory: Actor Factory created Plane
[2018.01.13-11.43.33:094][343]LogActorFactory: Actor Factory created Plane
[2018.01.13-11.43.33:548][349]LogActorFactory: Actor Factory created Plane
[2018.01.13-11.43.47:539][641]LogEditorViewport: Clicking on Actor (LMB): StaticMeshActor (Plane11)
[2018.01.13-11.43.48:664][664]Cmd: DELETE
[2018.01.13-11.43.48:664][664]Cmd: ACTOR DELETE
[2018.01.13-11.43.48:670][664]LogEditorActor: Deleted Actor: StaticMeshActor
[2018.01.13-11.43.48:707][664]LogEditorActor: Deleted 1 Actors (0.043 secs)
[2018.01.13-11.43.51:631][729]LogEditorViewport: Clicking on Actor (LMB): StaticMeshActor (Plane10)
[2018.01.13-11.43.57:061][837]Cmd: TRANSACTION UNDO
[2018.01.13-11.43.57:061][837]LogEditorTransaction: Undo Move Actors
[2018.01.13-11.43.57:183][837]LogSlate: Took 0.000638 seconds to synchronously load lazily loaded font '../../../Engine/Content/Slate/Fonts/Roboto-Light.ttf' (159K)
[2018.01.13-11.43.57:294][839]Cmd: TRANSACTION UNDO
[2018.01.13-11.43.57:294][839]LogEditorTransaction: Undo Move Actors
[2018.01.13-11.43.57:747][854]Cmd: TRANSACTION UNDO
[2018.01.13-11.43.57:747][854]LogEditorTransaction: Undo Clicking on Actors
[2018.01.13-11.43.58:370][877]Cmd: TRANSACTION UNDO
[2018.01.13-11.43.58:370][877]LogEditorTransaction: Undo Delete Actors
[2018.01.13-11.44.00:531][923]LogEditorViewport: Clicking on Actor (LMB): StaticMeshActor (Plane10)
[2018.01.13-11.44.05:419][ 17]LogEditorViewport: Clicking on Actor (LMB): StaticMeshActor (Cube5)
[2018.01.13-11.44.07:009][ 47]LogEditorViewport: Clicking on Actor (LMB): StaticMeshActor (Cube5)
[2018.01.13-11.44.07:586][ 59]LogEditorViewport: Clicking on Actor (LMB): StaticMeshActor (Plane11)
[2018.01.13-11.44.35:259][655]LogEditorViewport: Clicking on Actor (LMB): StaticMeshActor (Plane12)
[2018.01.13-11.44.50:459][973]LogEditorViewport: Clicking on Actor (LMB): StaticMeshActor (SM_Door3)
[2018.01.13-11.44.51:604][994]LogEditorViewport: Clicking on Actor (LMB): StaticMeshActor (Wall_Door_400x303)
[2018.01.13-11.45.28:248][875]LogMaterial: Missing cached shader map for material PreviewMaterial_0, compiling. 
[2018.01.13-11.45.28:481][875]LogMaterial: Missing cached shader map for material PreviewMaterial_0, compiling. 
[2018.01.13-11.45.28:545][875]LogMaterial: Missing cached shader map for material PreviewMaterial_0, compiling. 
[2018.01.13-11.45.28:642][875]LogMaterial: Missing cached shader map for material FMatExpressionPreview MaterialExpressionTextureSample_0, compiling. 
[2018.01.13-11.45.30:890][914]LogMaterial: Missing cached shader map for material PreviewMaterial_0, compiling. 
[2018.01.13-11.45.34:004][975]MaterialEditorStats: Info Base pass shader: 74 instructions
[2018.01.13-11.45.34:004][975]MaterialEditorStats: Info Vertex shader: 31 instructions
[2018.01.13-11.45.34:004][975]MaterialEditorStats: Info Texture samplers: 2/16
[2018.01.13-11.45.34:004][975]MaterialEditorStats: Info User interpolators: 2/4 Scalars (1/4 Vectors) (TexCoords: 2, Custom: 0)
[2018.01.13-11.45.41:920][138]LogActorFactory: Actor Factory created Plane
[2018.01.13-11.45.43:162][156]LogActorFactory: Actor Factory created Plane
[2018.01.13-11.45.44:555][180]Cmd: DELETE
[2018.01.13-11.45.44:555][180]Cmd: ACTOR DELETE
[2018.01.13-11.45.44:562][180]LogEditorActor: Deleted Actor: StaticMeshActor
[2018.01.13-11.45.44:612][180]LogEditorActor: Deleted 1 Actors (0.057 secs)
[2018.01.13-11.45.46:269][211]LogActorFactory: Actor Factory created Plane
[2018.01.13-11.45.47:077][222]LogActorFactory: Actor Factory created Plane
[2018.01.13-11.46.31:232][170]LogEditorViewport: Clicking on Actor (LMB): StaticMeshActor (Wall_Door_400x306)
[2018.01.13-11.46.55:961][751]LogEditorViewport: Clicking on Actor (LMB): StaticMeshActor (SM_Chair_17)
[2018.01.13-11.46.57:314][782]Cmd: EDIT COPY
[2018.01.13-11.46.57:663][791]Cmd: EDIT PASTE
[2018.01.13-11.47.53:794][961]LogEditorViewport: Clicking on Actor (LMB): StaticMeshActor (sciana_kor9)
[2018.01.13-11.47.54:914][982]LogEditorViewport: Clicking on Actor (LMB): StaticMeshActor (Plane11)
[2018.01.13-11.48.01:051][111]LogEditorViewport: Clicking on Actor (LMB): StaticMeshActor (SM_Chair_19)
[2018.01.13-11.48.03:969][167]LogEditorViewport: Clicking on Actor (LMB): StaticMeshActor (Cube5)
[2018.01.13-11.48.04:926][184]LogEditorViewport: Clicking on Actor (LMB): StaticMeshActor (Plane12)
[2018.01.13-11.48.07:516][234]LogEditorViewport: Clicking on Actor (LMB): StaticMeshActor (SM_Chair_19)
[2018.01.13-11.48.08:292][248]LogEditorViewport: Clicking on Actor (LMB): StaticMeshActor (Cube5)
[2018.01.13-11.48.12:252][334]LogEditorViewport: Clicking on Actor (LMB): StaticMeshActor (Plane11)
[2018.01.13-11.48.32:224][762]LogEditorViewport: Clicking on Actor (LMB): StaticMeshActor (Cube5)
[2018.01.13-11.48.33:877][798]LogEditorViewport: Clicking on Actor (LMB): SkeletalMeshActor (wardrobe3)
[2018.01.13-11.48.34:119][799]LogAnimation:Warning: SkeletalMesh wardrobe3 has no skeleton. This needs to fixed before an animation can be set
[2018.01.13-11.48.51:089][207]LogEditorViewport: Clicking on Actor (LMB): StaticMeshActor (Plane11)
[2018.01.13-11.48.55:425][305]LogEditorViewport: Clicking on Actor (LMB): StaticMeshActor (SM_DoorFrame3)
[2018.01.13-11.48.56:080][318]LogEditorViewport: Clicking on Actor (LMB): StaticMeshActor (Wall_Door_400x306)
[2018.01.13-11.49.10:372][670]LogEditorViewport: Clicking on Actor (LMB): StaticMeshActor (Plane10)
[2018.01.13-11.49.11:719][697]Cmd: EDIT COPY
[2018.01.13-11.49.12:204][708]Cmd: EDIT PASTE
[2018.01.13-11.49.24:136][973]LogEditorViewport: Clicking on Actor (LMB): StaticMeshActor (Cube5)
[2018.01.13-11.50.04:870][951]Cmd: OBJ SAVEPACKAGE PACKAGE="/Game/FirstPersonBP/Maps/FirstPersonExampleMap" FILE="I:/Projekt/PGK/Content/FirstPersonBP/Maps/FirstPersonExampleMap.umap" SILENT=true AUTOSAVING=false KEEPDIRTY=false
[2018.01.13-11.50.06:815][951]LogSavePackage: Save=1890.54ms
[2018.01.13-11.50.06:815][951]LogSavePackage: Moving 'I:/Projekt/PGK/Saved/FirstPersonExampleMapBE87554E4F0BDB31D616378EE1B81211.tmp' to 'I:/Projekt/PGK/Content/FirstPersonBP/Maps/FirstPersonExampleMap.umap'
[2018.01.13-11.50.06:819][951]LogSavePackage:Display: Finished SavePackage I:/Projekt/PGK/Content/FirstPersonBP/Maps/FirstPersonExampleMap.umap
[2018.01.13-11.50.06:845][951]Cmd: OBJ SAVEPACKAGE PACKAGE="/Game/FirstPersonBP/Maps/FirstPersonExampleMap_BuiltData" FILE="I:/Projekt/PGK/Content/FirstPersonBP/Maps/FirstPersonExampleMap_BuiltData.uasset" SILENT=true
[2018.01.13-11.50.06:852][951]LogSavePackage: Save=1.34ms
[2018.01.13-11.50.06:852][951]LogSavePackage: Moving 'I:/Projekt/PGK/Saved/FirstPersonExampleMap_BuiltDataCE83E4884700D98FE205228C76A6D2E6.tmp' to 'I:/Projekt/PGK/Content/FirstPersonBP/Maps/FirstPersonExampleMap_BuiltData.uasset'
[2018.01.13-11.50.06:852][951]LogSavePackage:Display: Finished SavePackage I:/Projekt/PGK/Content/FirstPersonBP/Maps/FirstPersonExampleMap_BuiltData.uasset
[2018.01.13-11.51.29:807][ 12]Cmd: OBJ SAVEPACKAGE PACKAGE="/Game/FirstPersonBP/Maps/FirstPersonExampleMap" FILE="I:/Projekt/PGK/Content/FirstPersonBP/Maps/FirstPersonExampleMap.umap" SILENT=true AUTOSAVING=false KEEPDIRTY=false
[2018.01.13-11.51.31:618][ 12]LogSavePackage: Save=1765.77ms
[2018.01.13-11.51.31:618][ 12]LogSavePackage: Moving 'I:/Projekt/PGK/Saved/FirstPersonExampleMap9AFAB27643C700C62DE77EA691818324.tmp' to 'I:/Projekt/PGK/Content/FirstPersonBP/Maps/FirstPersonExampleMap.umap'
[2018.01.13-11.51.31:620][ 12]LogSavePackage:Display: Finished SavePackage I:/Projekt/PGK/Content/FirstPersonBP/Maps/FirstPersonExampleMap.umap
[2018.01.13-11.51.31:643][ 12]Cmd: OBJ SAVEPACKAGE PACKAGE="/Game/FirstPersonBP/Maps/FirstPersonExampleMap_BuiltData" FILE="I:/Projekt/PGK/Content/FirstPersonBP/Maps/FirstPersonExampleMap_BuiltData.uasset" SILENT=true
[2018.01.13-11.51.31:647][ 12]LogSavePackage: Save=0.95ms
[2018.01.13-11.51.31:647][ 12]LogSavePackage: Moving 'I:/Projekt/PGK/Saved/FirstPersonExampleMap_BuiltData87DC4D874D815F504883689C41997DA1.tmp' to 'I:/Projekt/PGK/Content/FirstPersonBP/Maps/FirstPersonExampleMap_BuiltData.uasset'
[2018.01.13-11.51.31:648][ 12]LogSavePackage:Display: Finished SavePackage I:/Projekt/PGK/Content/FirstPersonBP/Maps/FirstPersonExampleMap_BuiltData.uasset
[2018.01.13-11.51.34:670][ 85]LogWindowsTextInputMethodSystem:Display: IME system now deactivated.
[2018.01.13-11.51.34:942][ 86]Cmd: QUIT_EDITOR
[2018.01.13-11.51.35:033][ 86]LogExit: Preparing to exit.
[2018.01.13-11.51.35:989][ 86]LogExit: Editor shut down
[2018.01.13-11.51.36:003][ 86]LogExit: Transaction tracking system shut down
[2018.01.13-11.51.36:152][ 86]LogObj: Freed 0b from 0 cluster array pools.
[2018.01.13-11.51.36:152][ 86]LogExit: Object subsystem successfully closed.
[2018.01.13-11.51.36:184][ 86]LogD3D11RHI: Shutdown
[2018.01.13-11.51.36:184][ 86]LogD3D11RHI: CleanupD3DDevice
[2018.01.13-11.51.36:351][ 86]LogD3D11RHI: ~FD3D11DynamicRHI
[2018.01.13-11.51.36:361][ 86]LogModuleManager: Shutting down and abandoning module MaterialEditor (528)
[2018.01.13-11.51.36:361][ 86]LogModuleManager: Shutting down and abandoning module TextureEditor (526)
[2018.01.13-11.51.36:361][ 86]LogModuleManager: Shutting down and abandoning module HierarchicalLODOutliner (524)
[2018.01.13-11.51.36:361][ 86]LogModuleManager: Shutting down and abandoning module CrashTracker (522)
[2018.01.13-11.51.36:361][ 86]LogModuleManager: Shutting down and abandoning module SceneOutliner (520)
[2018.01.13-11.51.36:361][ 86]LogModuleManager: Shutting down and abandoning module AddContentDialog (518)
[2018.01.13-11.51.36:361][ 86]LogDirectoryWatcher: A directory notification for 'P:/silnik/UE_4.16/FeaturePacks/' was aborted.
[2018.01.13-11.51.36:365][ 86]LogModuleManager: Shutting down and abandoning module WidgetCarousel (517)
[2018.01.13-11.51.36:365][ 86]LogModuleManager: Shutting down and abandoning module EditorWidgets (514)
[2018.01.13-11.51.36:365][ 86]LogModuleManager: Shutting down and abandoning module CollectionManager (512)
[2018.01.13-11.51.36:365][ 86]LogDirectoryWatcher: A directory notification for 'I:/Projekt/PGK/Content/Collections/' was aborted.
[2018.01.13-11.51.36:365][ 86]LogDirectoryWatcher: A directory notification for 'I:/Projekt/PGK/Content/Developers/Robert/Collections/' was aborted.
[2018.01.13-11.51.36:365][ 86]LogDirectoryWatcher: A directory notification for 'I:/Projekt/PGK/Saved/Collections/' was aborted.
[2018.01.13-11.51.36:365][ 86]LogModuleManager: Shutting down and abandoning module StatsViewer (510)
[2018.01.13-11.51.36:365][ 86]LogModuleManager: Shutting down and abandoning module FoliageEdit (508)
[2018.01.13-11.51.36:365][ 86]LogModuleManager: Shutting down and abandoning module LandscapeEditor (506)
[2018.01.13-11.51.36:365][ 86]LogModuleManager: Shutting down and abandoning module MeshPaintMode (504)
[2018.01.13-11.51.36:365][ 86]LogModuleManager: Shutting down and abandoning module SceneDepthPickerMode (502)
[2018.01.13-11.51.36:365][ 86]LogModuleManager: Shutting down and abandoning module ActorPickerMode (500)
[2018.01.13-11.51.36:365][ 86]LogModuleManager: Shutting down and abandoning module GeometryMode (498)
[2018.01.13-11.51.36:365][ 86]LogModuleManager: Shutting down and abandoning module TextureAlignMode (496)
[2018.01.13-11.51.36:365][ 86]LogModuleManager: Shutting down and abandoning module BspMode (494)
[2018.01.13-11.51.36:365][ 86]LogModuleManager: Shutting down and abandoning module HardwareSurvey (492)
[2018.01.13-11.51.36:365][ 86]LogModuleManager: Shutting down and abandoning module SequenceRecorderSections (490)
[2018.01.13-11.51.36:365][ 86]LogModuleManager: Shutting down and abandoning module AutomationWorker (488)
[2018.01.13-11.51.36:365][ 86]LogModuleManager: Shutting down and abandoning module MatineeToLevelSequence (486)
[2018.01.13-11.51.36:365][ 86]LogModuleManager: Shutting down and abandoning module LevelSequenceEditor (484)
[2018.01.13-11.51.36:366][ 86]LogModuleManager: Shutting down and abandoning module PlacementMode (483)
[2018.01.13-11.51.36:366][ 86]LogModuleManager: Shutting down and abandoning module WmfMediaFactory (480)
[2018.01.13-11.51.36:366][ 86]LogModuleManager: Shutting down and abandoning module WmfMediaEditor (478)
[2018.01.13-11.51.36:366][ 86]LogModuleManager: Shutting down and abandoning module AvfMediaFactory (476)
[2018.01.13-11.51.36:366][ 86]LogModuleManager: Shutting down and abandoning module AvfMediaEditor (474)
[2018.01.13-11.51.36:366][ 86]LogModuleManager: Shutting down and abandoning module AndroidMediaFactory (472)
[2018.01.13-11.51.36:366][ 86]LogModuleManager: Shutting down and abandoning module Media (471)
[2018.01.13-11.51.36:366][ 86]LogModuleManager: Shutting down and abandoning module AndroidMediaEditor (468)
[2018.01.13-11.51.36:366][ 86]LogModuleManager: Shutting down and abandoning module CharacterAI (466)
[2018.01.13-11.51.36:366][ 86]LogModuleManager: Shutting down and abandoning module AudioCapture (464)
[2018.01.13-11.51.36:366][ 86]LogModuleManager: Shutting down and abandoning module SequenceRecorder (463)
[2018.01.13-11.51.36:366][ 86]LogModuleManager: Shutting down and abandoning module SmartSnapping (460)
[2018.01.13-11.51.36:366][ 86]LogModuleManager: Shutting down and abandoning module SessionServices (458)
[2018.01.13-11.51.36:366][ 86]LogModuleManager: Shutting down and abandoning module ViewportSnapping (456)
[2018.01.13-11.51.36:366][ 86]LogModuleManager: Shutting down and abandoning module ViewportInteraction (454)
[2018.01.13-11.51.36:366][ 86]LogModuleManager: Shutting down and abandoning module ClothPainter (452)
[2018.01.13-11.51.36:366][ 86]LogModuleManager: Shutting down and abandoning module LogVisualizer (450)
[2018.01.13-11.51.36:366][ 86]LogModuleManager: Shutting down and abandoning module IntroTutorials (448)
[2018.01.13-11.51.36:367][ 86]LogModuleManager: Shutting down and abandoning module GameProjectGeneration (447)
[2018.01.13-11.51.36:367][ 86]LogModuleManager: Shutting down and abandoning module EditorLiveStreaming (444)
[2018.01.13-11.51.36:367][ 86]LogModuleManager: Shutting down and abandoning module IOSPlatformEditor (442)
[2018.01.13-11.51.36:367][ 86]LogModuleManager: Shutting down and abandoning module HTML5PlatformEditor (440)
[2018.01.13-11.51.36:367][ 86]LogModuleManager: Shutting down and abandoning module AndroidPlatformEditor (438)
[2018.01.13-11.51.36:367][ 86]LogModuleManager: Shutting down and abandoning module AndroidDeviceDetection (437)
[2018.01.13-11.51.37:180][ 86]LogModuleManager: Shutting down and abandoning module IOSRuntimeSettings (434)
[2018.01.13-11.51.37:180][ 86]LogModuleManager: Shutting down and abandoning module AndroidRuntimeSettings (432)
[2018.01.13-11.51.37:180][ 86]LogModuleManager: Shutting down and abandoning module InputBindingEditor (430)
[2018.01.13-11.51.37:180][ 86]LogModuleManager: Shutting down and abandoning module MergeActors (428)
[2018.01.13-11.51.37:180][ 86]LogModuleManager: Shutting down and abandoning module SizeMap (426)
[2018.01.13-11.51.37:180][ 86]LogModuleManager: Shutting down and abandoning module TreeMap (424)
[2018.01.13-11.51.37:180][ 86]LogModuleManager: Shutting down and abandoning module ReferenceViewer (422)
[2018.01.13-11.51.37:180][ 86]LogModuleManager: Shutting down and abandoning module LocalizationDashboard (420)
[2018.01.13-11.51.37:180][ 86]LogModuleManager: Shutting down and abandoning module LocalizationService (419)
[2018.01.13-11.51.37:181][ 86]LogModuleManager: Shutting down and abandoning module HardwareTargeting (416)
[2018.01.13-11.51.37:181][ 86]LogModuleManager: Shutting down and abandoning module DeviceProfileEditor (414)
[2018.01.13-11.51.37:181][ 86]LogModuleManager: Shutting down and abandoning module UndoHistory (412)
[2018.01.13-11.51.37:181][ 86]LogModuleManager: Shutting down and abandoning module UserFeedback (410)
[2018.01.13-11.51.37:181][ 86]LogModuleManager: Shutting down and abandoning module XmlParser (408)
[2018.01.13-11.51.37:181][ 86]LogModuleManager: Shutting down and abandoning module Blutility (406)
[2018.01.13-11.51.37:181][ 86]LogModuleManager: Shutting down and abandoning module ProjectSettingsViewer (404)
[2018.01.13-11.51.37:181][ 86]LogModuleManager: Shutting down and abandoning module ProjectTargetPlatformEditor (403)
[2018.01.13-11.51.37:181][ 86]LogModuleManager: Shutting down and abandoning module EditorSettingsViewer (400)
[2018.01.13-11.51.37:181][ 86]LogModuleManager: Shutting down and abandoning module SettingsEditor (398)
[2018.01.13-11.51.37:182][ 86]LogModuleManager: Shutting down and abandoning module ProjectLauncher (396)
[2018.01.13-11.51.37:182][ 86]LogModuleManager: Shutting down and abandoning module SessionFrontend (394)
[2018.01.13-11.51.37:182][ 86]LogModuleManager: Shutting down and abandoning module ProfilerClient (392)
[2018.01.13-11.51.37:182][ 86]LogModuleManager: Shutting down and abandoning module DeviceManager (390)
[2018.01.13-11.51.37:183][ 86]LogModuleManager: Shutting down and abandoning module TargetDeviceServices (389)
[2018.01.13-11.51.37:227][ 86]LogModuleManager: Shutting down and abandoning module AutomationController (386)
[2018.01.13-11.51.37:227][ 86]LogModuleManager: Shutting down and abandoning module AutomationWindow (384)
[2018.01.13-11.51.37:227][ 86]LogModuleManager: Shutting down and abandoning module Layers (382)
[2018.01.13-11.51.37:227][ 86]LogModuleManager: Shutting down and abandoning module ComponentVisualizers (380)
[2018.01.13-11.51.37:227][ 86]LogModuleManager: Shutting down and abandoning module DetailCustomizations (378)
[2018.01.13-11.51.37:227][ 86]LogModuleManager: Shutting down and abandoning module PackagesDialog (376)
[2018.01.13-11.51.37:227][ 86]LogModuleManager: Shutting down and abandoning module Persona (374)
[2018.01.13-11.51.37:227][ 86]LogModuleManager: Shutting down and abandoning module AdvancedPreviewScene (373)
[2018.01.13-11.51.37:228][ 86]LogModuleManager: Shutting down and abandoning module AnimGraph (371)
[2018.01.13-11.51.37:228][ 86]LogModuleManager: Shutting down and abandoning module Kismet (368)
[2018.01.13-11.51.37:229][ 86]LogModuleManager: Shutting down and abandoning module ClassViewer (366)
[2018.01.13-11.51.37:229][ 86]LogModuleManager: Shutting down and abandoning module Toolbox (364)
[2018.01.13-11.51.37:229][ 86]LogModuleManager: Shutting down and abandoning module ModuleUI (362)
[2018.01.13-11.51.37:229][ 86]LogModuleManager: Shutting down and abandoning module MovieSceneTools (360)
[2018.01.13-11.51.37:229][ 86]LogModuleManager: Shutting down and abandoning module OutputLog (358)
[2018.01.13-11.51.37:230][ 86]LogModuleManager: Shutting down and abandoning module GammaUI (356)
[2018.01.13-11.51.37:230][ 86]LogModuleManager: Shutting down and abandoning module Documentation (354)
[2018.01.13-11.51.37:230][ 86]LogModuleManager: Shutting down and abandoning module MovieSceneTracks (352)
[2018.01.13-11.51.37:230][ 86]LogModuleManager: Shutting down and abandoning module MovieScene (350)
[2018.01.13-11.51.37:230][ 86]LogModuleManager: Shutting down and abandoning module Niagara (348)
[2018.01.13-11.51.37:230][ 86]LogModuleManager: Shutting down and abandoning module NiagaraEditor (347)
[2018.01.13-11.51.37:230][ 86]LogModuleManager: Shutting down and abandoning module StreamingPauseRendering (344)
[2018.01.13-11.51.37:230][ 86]LogModuleManager: Shutting down and abandoning module AnalyticsET (342)
[2018.01.13-11.51.37:230][ 86]LogModuleManager: Shutting down and abandoning module PortalServices (340)
[2018.01.13-11.51.37:230][ 86]LogModuleManager: Shutting down and abandoning module PortalRpc (338)
[2018.01.13-11.51.37:230][ 86]LogModuleManager: Shutting down and abandoning module MessagingRpc (336)
[2018.01.13-11.51.37:230][ 86]LogModuleManager: Shutting down and abandoning module AIModule (334)
[2018.01.13-11.51.37:230][ 86]LogModuleManager: Shutting down and abandoning module GameplayDebugger (333)
[2018.01.13-11.51.37:230][ 86]LogModuleManager: Shutting down and abandoning module AITestSuite (331)
[2018.01.13-11.51.37:230][ 86]LogModuleManager: Shutting down and abandoning module ProfilerService (328)
[2018.01.13-11.51.37:313][ 86]LogModuleManager: Shutting down and abandoning module TaskGraph (326)
[2018.01.13-11.51.37:313][ 86]LogModuleManager: Shutting down and abandoning module SteamVRController (324)
[2018.01.13-11.51.37:313][ 86]LogModuleManager: Shutting down and abandoning module SteamVR (322)
[2018.01.13-11.51.37:313][ 86]LogModuleManager: Shutting down and abandoning module ProceduralMeshComponentEditor (320)
[2018.01.13-11.51.37:313][ 86]LogModuleManager: Shutting down and abandoning module ProceduralMeshComponent (318)
[2018.01.13-11.51.37:313][ 86]LogModuleManager: Shutting down and abandoning module OculusLibrary (316)
[2018.01.13-11.51.37:313][ 86]LogModuleManager: Shutting down and abandoning module OculusInput (314)
[2018.01.13-11.51.37:313][ 86]LogModuleManager: Shutting down and abandoning module MobilePatchingUtils (312)
[2018.01.13-11.51.37:313][ 86]LogModuleManager: Shutting down and abandoning module CustomMeshComponent (310)
[2018.01.13-11.51.37:313][ 86]LogModuleManager: Shutting down and abandoning module CableComponent (308)
[2018.01.13-11.51.37:313][ 86]LogModuleManager: Shutting down and abandoning module ArchVisCharacter (306)
[2018.01.13-11.51.37:313][ 86]LogModuleManager: Shutting down and abandoning module AndroidPermission (304)
[2018.01.13-11.51.37:313][ 86]LogModuleManager: Shutting down and abandoning module MediaPlayerEditor (300)
[2018.01.13-11.51.37:314][ 86]LogModuleManager: Shutting down and abandoning module HTML5Networking (298)
[2018.01.13-11.51.37:314][ 86]LogModuleManager: Shutting down and abandoning module AlembicImporter (296)
[2018.01.13-11.51.37:314][ 86]LogModuleManager: Shutting down and abandoning module AlembicLibrary (295)
[2018.01.13-11.51.37:314][ 86]LogModuleManager: Shutting down and abandoning module GeometryCache (294)
[2018.01.13-11.51.37:314][ 86]LogModuleManager: Shutting down and abandoning module GeometryCacheEd (293)
[2018.01.13-11.51.37:314][ 86]LogModuleManager: Shutting down and abandoning module SuperSearchEditor (288)
[2018.01.13-11.51.37:314][ 86]LogModuleManager: Shutting down and abandoning module SuperSearch (287)
[2018.01.13-11.51.37:314][ 86]LogModuleManager: Shutting down and abandoning module SpeedTreeImporter (284)
[2018.01.13-11.51.37:314][ 86]LogModuleManager: Shutting down and abandoning module PluginBrowser (282)
[2018.01.13-11.51.37:314][ 86]LogModuleManager: Shutting down and abandoning module MobileLauncherProfileWizard (280)
[2018.01.13-11.51.37:314][ 86]LogModuleManager: Shutting down and abandoning module VisualStudioSourceCodeAccess (278)
[2018.01.13-11.51.37:314][ 86]LogModuleManager: Shutting down and abandoning module DesktopPlatform (277)
[2018.01.13-11.51.37:314][ 86]LogModuleManager: Shutting down and abandoning module UObjectPlugin (274)
[2018.01.13-11.51.37:314][ 86]LogModuleManager: Shutting down and abandoning module SubversionSourceControl (272)
[2018.01.13-11.51.37:314][ 86]LogModuleManager: Shutting down and abandoning module PerforceSourceControl (270)
[2018.01.13-11.51.37:314][ 86]LogModuleManager: Shutting down and abandoning module GitSourceControl (268)
[2018.01.13-11.51.37:314][ 86]LogModuleManager: Shutting down and abandoning module SourceControl (267)
[2018.01.13-11.51.37:315][ 86]LogModuleManager: Shutting down and abandoning module LightPropagationVolumeEditor (264)
[2018.01.13-11.51.37:315][ 86]LogModuleManager: Shutting down and abandoning module PaperTiledImporter (262)
[2018.01.13-11.51.37:315][ 86]LogModuleManager: Shutting down and abandoning module PaperSpriteSheetImporter (260)
[2018.01.13-11.51.37:315][ 86]LogModuleManager: Shutting down and abandoning module Paper2DEditor (258)
[2018.01.13-11.51.37:315][ 86]LogModuleManager: Shutting down and abandoning module MeshPaint (257)
[2018.01.13-11.51.37:315][ 86]LogModuleManager: Shutting down and abandoning module LevelEditor (255)
[2018.01.13-11.51.37:318][ 86]LogModuleManager: Shutting down and abandoning module PixelInspectorModule (254)
[2018.01.13-11.51.37:318][ 86]LogModuleManager: Shutting down and abandoning module MainFrame (252)
[2018.01.13-11.51.37:318][ 86]LogModuleManager: Shutting down and abandoning module HotReload (251)
[2018.01.13-11.51.37:319][ 86]LogModuleManager: Shutting down and abandoning module PhysXVehiclesEditor (246)
[2018.01.13-11.51.37:319][ 86]LogModuleManager: Shutting down and abandoning module PhysXVehicles (244)
[2018.01.13-11.51.37:319][ 86]LogModuleManager: Shutting down and abandoning module LocationServicesBPLibrary (242)
[2018.01.13-11.51.37:319][ 86]LogModuleManager: Shutting down and abandoning module ImmediatePhysicsEditor (240)
[2018.01.13-11.51.37:319][ 86]LogModuleManager: Shutting down and abandoning module ImmediatePhysics (238)
[2018.01.13-11.51.37:319][ 86]LogModuleManager: Shutting down and abandoning module UdpMessaging (236)
[2018.01.13-11.51.37:421][ 86]LogModuleManager: Shutting down and abandoning module TcpMessaging (234)
[2018.01.13-11.51.37:522][ 86]LogModuleManager: Shutting down and abandoning module GameplayTagsEditor (232)
[2018.01.13-11.51.37:522][ 86]LogModuleManager: Shutting down and abandoning module FacialAnimationEditor (230)
[2018.01.13-11.51.37:522][ 86]LogModuleManager: Shutting down and abandoning module FacialAnimation (228)
[2018.01.13-11.51.37:522][ 86]LogModuleManager: Shutting down and abandoning module AssetManagerEditor (226)
[2018.01.13-11.51.37:522][ 86]LogModuleManager: Shutting down and abandoning module GraphEditor (225)
[2018.01.13-11.51.37:522][ 86]LogModuleManager: Shutting down and abandoning module ContentBrowser (223)
[2018.01.13-11.51.37:525][ 86]LogModuleManager: Shutting down and abandoning module LightPropagationVolumeRuntime (220)
[2018.01.13-11.51.37:525][ 86]LogModuleManager: Shutting down and abandoning module Paper2D (218)
[2018.01.13-11.51.37:525][ 86]LogModuleManager: Shutting down and abandoning module WindowsMoviePlayer (216)
[2018.01.13-11.51.37:525][ 86]LogModuleManager: Shutting down and abandoning module WmfMedia (214)
[2018.01.13-11.51.37:532][ 86]LogModuleManager: Shutting down and abandoning module ClothingSystemEditor (212)
[2018.01.13-11.51.37:532][ 86]LogModuleManager: Shutting down and abandoning module ClothingSystemRuntime (210)
[2018.01.13-11.51.37:532][ 86]LogModuleManager: Shutting down and abandoning module MediaAssets (208)
[2018.01.13-11.51.37:532][ 86]LogModuleManager: Shutting down and abandoning module GameLiveStreaming (206)
[2018.01.13-11.51.37:532][ 86]LogModuleManager: Shutting down and abandoning module VREditor (204)
[2018.01.13-11.51.37:532][ 86]LogModuleManager: Shutting down and abandoning module StringTableEditor (202)
[2018.01.13-11.51.37:532][ 86]LogModuleManager: Shutting down and abandoning module GameplayTasksEditor (200)
[2018.01.13-11.51.37:532][ 86]LogModuleManager: Shutting down and abandoning module BehaviorTreeEditor (198)
[2018.01.13-11.51.37:533][ 86]LogModuleManager: Shutting down and abandoning module FunctionalTesting (196)
[2018.01.13-11.51.37:533][ 86]LogModuleManager: Shutting down and abandoning module CollisionAnalyzer (194)
[2018.01.13-11.51.37:533][ 86]LogModuleManager: Shutting down and abandoning module UMG (192)
[2018.01.13-11.51.37:533][ 86]LogModuleManager: Shutting down and abandoning module UMGEditor (191)
[2018.01.13-11.51.37:533][ 86]LogModuleManager: Shutting down and abandoning module Sequencer (190)
[2018.01.13-11.51.37:533][ 86]LogModuleManager: Shutting down and abandoning module AssetTools (188)
[2018.01.13-11.51.37:533][ 86]LogModuleManager: Shutting down and abandoning module MessageLog (187)
[2018.01.13-11.51.37:533][ 86]LogModuleManager: Shutting down and abandoning module WorkspaceMenuStructure (186)
[2018.01.13-11.51.37:533][ 86]LogModuleManager: Shutting down and abandoning module SlateReflector (180)
[2018.01.13-11.51.37:533][ 86]LogModuleManager: Shutting down and abandoning module Slate (178)
[2018.01.13-11.51.37:533][ 86]LogModuleManager: Shutting down and abandoning module EditorStyle (176)
[2018.01.13-11.51.37:540][ 86]LogModuleManager: Shutting down and abandoning module SourceCodeAccess (174)
[2018.01.13-11.51.37:541][ 86]LogModuleManager: Shutting down and abandoning module HeadMountedDisplay (172)
[2018.01.13-11.51.37:541][ 86]LogModuleManager: Shutting down and abandoning module XAudio2 (170)
[2018.01.13-11.51.37:541][ 86]LogModuleManager: Shutting down and abandoning module Networking (168)
[2018.01.13-11.51.37:541][ 86]LogModuleManager: Shutting down and abandoning module Core (164)
[2018.01.13-11.51.37:541][ 86]LogModuleManager: Shutting down and abandoning module AssetRegistry (162)
[2018.01.13-11.51.37:813][ 86]LogDirectoryWatcher: A directory notification for '../../../Engine/Content/' was aborted.
[2018.01.13-11.51.37:813][ 86]LogDirectoryWatcher: A directory notification for 'I:/Projekt/PGK/Content/' was aborted.
[2018.01.13-11.51.37:814][ 86]LogDirectoryWatcher: A directory notification for '../../../Engine/Plugins/2D/Paper2D/Content/' was aborted.
[2018.01.13-11.51.37:814][ 86]LogDirectoryWatcher: A directory notification for '../../../Engine/Plugins/Runtime/GearVR/Content/' was aborted.
[2018.01.13-11.51.37:821][ 86]LogModuleManager: Shutting down and abandoning module DirectoryWatcher (161)
[2018.01.13-11.51.37:822][ 86]LogModuleManager: Shutting down and abandoning module KismetCompiler (158)
[2018.01.13-11.51.37:822][ 86]LogModuleManager: Shutting down and abandoning module LevelSequence (156)
[2018.01.13-11.51.37:822][ 86]LogModuleManager: Shutting down and abandoning module PhysXFormats (154)
[2018.01.13-11.51.37:822][ 86]LogModuleManager: Shutting down and abandoning module MeshUtilities (152)
[2018.01.13-11.51.37:822][ 86]LogModuleManager: Shutting down and abandoning module SimplygonSwarm (151)
[2018.01.13-11.51.37:822][ 86]LogModuleManager: Shutting down and abandoning module SimplygonMeshReduction (149)
[2018.01.13-11.51.37:822][ 86]LogModuleManager: Shutting down and abandoning module QuadricMeshReduction (147)
[2018.01.13-11.51.37:822][ 86]LogModuleManager: Shutting down and abandoning module DerivedDataCache (144)
[2018.01.13-11.51.37:919][ 86]LogDerivedDataCache: Shutdown
[2018.01.13-11.51.37:919][ 86]LogModuleManager: Shutting down and abandoning module TargetPlatform (142)
[2018.01.13-11.51.37:919][ 86]LogModuleManager: Shutting down and abandoning module VulkanShaderFormat (141)
[2018.01.13-11.51.37:919][ 86]LogModuleManager: Shutting down and abandoning module ShaderFormatVectorVM (139)
[2018.01.13-11.51.37:919][ 86]LogModuleManager: Shutting down and abandoning module ShaderFormatOpenGL (137)
[2018.01.13-11.51.37:919][ 86]LogModuleManager: Shutting down and abandoning module ShaderFormatD3D (135)
[2018.01.13-11.51.37:919][ 86]LogModuleManager: Shutting down and abandoning module MetalShaderFormat (133)
[2018.01.13-11.51.37:919][ 86]LogModuleManager: Shutting down and abandoning module TextureFormatUncompressed (131)
[2018.01.13-11.51.37:919][ 86]LogModuleManager: Shutting down and abandoning module TextureFormatPVR (129)
[2018.01.13-11.51.37:919][ 86]LogModuleManager: Shutting down and abandoning module TextureFormatDXT (127)
[2018.01.13-11.51.37:919][ 86]LogModuleManager: Shutting down and abandoning module TextureFormatIntelISPCTexComp (125)
[2018.01.13-11.51.37:919][ 86]LogModuleManager: Shutting down and abandoning module TextureFormatASTC (123)
[2018.01.13-11.51.37:919][ 86]LogModuleManager: Shutting down and abandoning module ImageWrapper (122)
[2018.01.13-11.51.37:919][ 86]LogModuleManager: Shutting down and abandoning module TextureFormatAndroid (119)
[2018.01.13-11.51.37:919][ 86]LogModuleManager: Shutting down and abandoning module AudioFormatOpus (117)
[2018.01.13-11.51.37:919][ 86]LogModuleManager: Shutting down and abandoning module AudioFormatOgg (115)
[2018.01.13-11.51.37:919][ 86]LogModuleManager: Shutting down and abandoning module AudioFormatADPCM (113)
[2018.01.13-11.51.37:919][ 86]LogModuleManager: Shutting down and abandoning module LinuxTargetPlatform (111)
[2018.01.13-11.51.37:919][ 86]LogModuleManager: Shutting down and abandoning module LinuxServerTargetPlatform (109)
[2018.01.13-11.51.37:919][ 86]LogModuleManager: Shutting down and abandoning module LinuxNoEditorTargetPlatform (107)
[2018.01.13-11.51.37:919][ 86]LogModuleManager: Shutting down and abandoning module LinuxClientTargetPlatform (105)
[2018.01.13-11.51.37:919][ 86]LogModuleManager: Shutting down and abandoning module TVOSTargetPlatform (103)
[2018.01.13-11.51.37:919][ 86]LogModuleManager: Shutting down and abandoning module Messaging (101)
[2018.01.13-11.51.37:919][ 86]LogModuleManager: Shutting down and abandoning module IOSTargetPlatform (99)
[2018.01.13-11.51.37:921][ 86]LogModuleManager: Shutting down and abandoning module HTML5TargetPlatform (97)
[2018.01.13-11.51.37:921][ 86]LogModuleManager: Shutting down and abandoning module Android_PVRTCTargetPlatform (95)
[2018.01.13-11.51.37:921][ 86]LogModuleManager: Shutting down and abandoning module Android_MultiTargetPlatform (93)
[2018.01.13-11.51.37:921][ 86]LogModuleManager: Shutting down and abandoning module Android_ETC2TargetPlatform (91)
[2018.01.13-11.51.37:921][ 86]LogModuleManager: Shutting down and abandoning module Android_ETC1TargetPlatform (89)
[2018.01.13-11.51.37:921][ 86]LogModuleManager: Shutting down and abandoning module Android_DXTTargetPlatform (87)
[2018.01.13-11.51.37:921][ 86]LogModuleManager: Shutting down and abandoning module Android_ATCTargetPlatform (85)
[2018.01.13-11.51.37:921][ 86]LogModuleManager: Shutting down and abandoning module Android_ASTCTargetPlatform (83)
[2018.01.13-11.51.37:921][ 86]LogModuleManager: Shutting down and abandoning module AndroidTargetPlatform (81)
[2018.01.13-11.51.37:921][ 86]LogModuleManager: Shutting down and abandoning module WindowsTargetPlatform (79)
[2018.01.13-11.51.37:921][ 86]LogModuleManager: Shutting down and abandoning module WindowsServerTargetPlatform (77)
[2018.01.13-11.51.37:921][ 86]LogModuleManager: Shutting down and abandoning module WindowsNoEditorTargetPlatform (75)
[2018.01.13-11.51.37:921][ 86]LogModuleManager: Shutting down and abandoning module WindowsClientTargetPlatform (73)
[2018.01.13-11.51.37:921][ 86]LogModuleManager: Shutting down and abandoning module MacTargetPlatform (71)
[2018.01.13-11.51.37:921][ 86]LogModuleManager: Shutting down and abandoning module MacServerTargetPlatform (69)
[2018.01.13-11.51.37:921][ 86]LogModuleManager: Shutting down and abandoning module MacNoEditorTargetPlatform (67)
[2018.01.13-11.51.37:921][ 86]LogModuleManager: Shutting down and abandoning module MacClientTargetPlatform (65)
[2018.01.13-11.51.37:921][ 86]LogModuleManager: Shutting down and abandoning module AllDesktopTargetPlatform (63)
[2018.01.13-11.51.37:921][ 86]LogModuleManager: Shutting down and abandoning module InputCore (60)
[2018.01.13-11.51.37:921][ 86]LogModuleManager: Shutting down and abandoning module Settings (58)
[2018.01.13-11.51.37:921][ 86]LogModuleManager: Shutting down and abandoning module OculusRift (56)
[2018.01.13-11.51.37:921][ 86]LogModuleManager: Shutting down and abandoning module GearVRController (54)
[2018.01.13-11.51.37:921][ 86]LogModuleManager: Shutting down and abandoning module GearVR (52)
[2018.01.13-11.51.37:921][ 86]LogModuleManager: Shutting down and abandoning module ExampleDeviceProfileSelector (50)
[2018.01.13-11.51.37:921][ 86]LogModuleManager: Shutting down and abandoning module OnlineBlueprintSupport (48)
[2018.01.13-11.51.37:921][ 86]LogModuleManager: Shutting down and abandoning module OnlineSubsystem (44)
[2018.01.13-11.51.37:921][ 86]LogOnline:Display: Unloading online subsystem: NULL
[2018.01.13-11.51.37:921][ 86]LogModuleManager: Shutting down and abandoning module XMPP (43)
[2018.01.13-11.51.37:921][ 86]LogModuleManager: Shutting down and abandoning module HTTP (41)
[2018.01.13-11.51.37:921][ 86]LogHttp:Display: Http module shutting down, but needs to wait on 1 outstanding Http requests:
[2018.01.13-11.51.37:921][ 86]LogHttp:Display: 	verb=[POST] url=[https://datarouter.ol.epicgames.com/datarouter/api/v1/public/data?SessionID=%7B37FD8A6F-49E3-C128-7C3F-20ABDA2F1B6A%7D&AppID=UEEditor.Rocket.Release&AppVersion=4.16.3-3561208%2B%2B%2BUE4%2BRelease-4.16&UserID=29637ffe4c58a1c3c8e01ea6909a8eb4%7C4b55de0784454aa7bd2b02757aa35777%7C0a577216-477d-4061-b982-e092ed939e1e&AppEnvironment=datacollector-binary&UploadType=eteventstream] status=Processing
[2018.01.13-11.51.37:931][ 86]LogModuleManager: Shutting down and abandoning module SSL (40)
[2018.01.13-11.51.37:936][ 86]LogModuleManager: Shutting down and abandoning module HTTPChunkInstaller (36)
[2018.01.13-11.51.37:937][ 86]LogModuleManager: Shutting down and abandoning module AnimationModifiers (34)
[2018.01.13-11.51.37:937][ 86]LogModuleManager: Shutting down and abandoning module PropertyEditor (33)
[2018.01.13-11.51.37:937][ 86]LogModuleManager: Shutting down and abandoning module AudioEditor (30)
[2018.01.13-11.51.37:937][ 86]LogModuleManager: Shutting down and abandoning module TextureCompressor (28)
[2018.01.13-11.51.37:937][ 86]LogModuleManager: Shutting down and abandoning module ShaderCore (26)
[2018.01.13-11.51.37:937][ 86]LogModuleManager: Shutting down and abandoning module Landscape (24)
[2018.01.13-11.51.37:937][ 86]LogModuleManager: Shutting down and abandoning module SlateRHIRenderer (22)
[2018.01.13-11.51.37:940][ 86]LogModuleManager: Shutting down and abandoning module OpenGLDrv (20)
[2018.01.13-11.51.37:940][ 86]LogModuleManager: Shutting down and abandoning module D3D11RHI (18)
[2018.01.13-11.51.37:940][ 86]LogModuleManager: Shutting down and abandoning module AnimGraphRuntime (16)
[2018.01.13-11.51.37:940][ 86]LogModuleManager: Shutting down and abandoning module Renderer (14)
[2018.01.13-11.51.37:940][ 86]LogModuleManager: Shutting down and abandoning module Engine (12)
[2018.01.13-11.51.37:940][ 86]LogModuleManager: Shutting down and abandoning module CoreUObject (10)
[2018.01.13-11.51.37:940][ 86]LogModuleManager: Shutting down and abandoning module NetworkFile (8)
[2018.01.13-11.51.37:940][ 86]LogModuleManager: Shutting down and abandoning module StreamingFile (6)
[2018.01.13-11.51.37:940][ 86]LogModuleManager: Shutting down and abandoning module SandboxFile (4)
[2018.01.13-11.51.37:940][ 86]LogModuleManager: Shutting down and abandoning module PakFile (2)
[2018.01.13-11.51.37:946][ 86]LogExit: Exiting.
[2018.01.13-11.51.37:974][ 86]Log file closed, 01/13/18 12:51:37
